scripts/cpa.sh -Dy-MySearchStrategy-PredAbs-ABElf -heap 5600000000 -timelimit 30 -preprocess -stats -noout -setprop cpa.predicate.memoryAllocationsAlwaysSucceed=true -spec ../sv-benchmarks/c/ReachSafety.prp ../sv-benchmarks/c/ldv-linux-3.4-simple/32_1_cilled_true-unreach-call_ok_nondet_linux-3_false-termination.4-32_1-drivers--input--misc--pcap_keys.ko-ldv_main0_sequence_infinite_withcheck_stateful.cil.out.c


--------------------------------------------------------------------------------


Running CPAchecker with Java heap of size 5600000000.
Running CPAchecker with default stack size (1024k). Specify a larger value with -stack if needed.
Running CPAchecker with the following extra VM options:  -Djava.io.tmpdir=/tmp/BenchExec_run_8grllzqk/tmp
Using the following resource limits: CPU-time limit of 30s (ResourceLimitChecker.fromConfiguration, INFO)

CPAchecker (unknown version) (OpenJDK 64-Bit Server VM 1.8.0_151) started (CPAchecker.run, INFO)

Inline assembler ignored, analysis is probably unsound! (CFABuilder.createCFA, WARNING)

MathSAT5 is available for research and evaluation purposes only. It can not be used in a commercial environment, particularly as part of a commercial product, without written permission. MathSAT5 is provided as is, without any warranty. Please write to mathsat@fbk.eu for additional questions regarding licensing MathSAT5 or obtaining more up-to-date versions. (PredicateCPA:JavaSMT:Mathsat5SolverContext.<init>, WARNING)

Using predicate analysis with MathSAT5 version 5.3.14 (0b98b661254c) (Nov 17 2016 10:59:45, gmp 5.1.3, gcc 4.8.5, 64-bit) and JFactory 1.21. (PredicateCPA:PredicateCPA.<init>, INFO)

Using refinement for predicate analysis with PredicateAbstractionRefinementStrategy strategy. (PredicateCPA:PredicateCPARefiner.<init>, INFO)

Starting analysis ... (CPAchecker.runAlgorithm, INFO)

Assuming external function ldv_initialize to be a constant function. (PredicateCPA:ExpressionToFormulaVisitor.visit, INFO)

Assuming external function irq_to_pcap to be a pure function. (PredicateCPA:ExpressionToFormulaVisitor.visit, INFO)

Assuming external function ezx_pcap_read to be a pure function. (PredicateCPA:ExpressionToFormulaVisitor.visit, INFO)

Assuming external function input_event to be a pure function. (PredicateCPA:ExpressionToFormulaVisitor.visit, INFO)

Assuming external function dev_get_drvdata to be a pure function. (PredicateCPA:ExpressionToFormulaVisitor.visit, INFO)

Assuming external function dev_set_drvdata to be a pure function. (PredicateCPA:ExpressionToFormulaVisitor.visit, INFO)

Assuming external function input_register_device to be a pure function. (PredicateCPA:ExpressionToFormulaVisitor.visit, INFO)

Assuming external function input_free_device to be a pure function. (PredicateCPA:ExpressionToFormulaVisitor.visit, INFO)

Assuming external function pcap_to_irq to be a pure function. (PredicateCPA:ExpressionToFormulaVisitor.visit, INFO)

Assuming external function request_threaded_irq to be a pure function. (PredicateCPA:ExpressionToFormulaVisitor.visit, INFO)

Assuming external function input_unregister_device to be a pure function. (PredicateCPA:ExpressionToFormulaVisitor.visit, INFO)

Assuming external function free_irq to be a pure function. (PredicateCPA:ExpressionToFormulaVisitor.visit, INFO)

Assuming external function ldv_check_return_value to be a pure function. (PredicateCPA:ExpressionToFormulaVisitor.visit, INFO)

Stopping analysis ... (CPAchecker.runAlgorithm, INFO)

PredicateCPA statistics
-----------------------
Number of abstractions:            500 (10% of all post computations)
  Times abstraction was reused:    0
  Because of function entry/exit:  444 (89%)
  Because of loop head:            47 (9%)
  Because of join nodes:           0 (0%)
  Because of threshold:            0 (0%)
  Because of target state:         9 (2%)
  Times precision was empty:       195 (39%)
  Times precision was {false}:     19 (4%)
  Times result was cached:         257 (51%)
  Times cartesian abs was used:    0 (0%)
  Times boolean abs was used:      29 (6%)
  Times result was 'false':        17 (3%)
Number of strengthen sat checks:   0
Number of coverage checks:         194
  BDD entailment checks:           124
Number of SMT sat checks:          0
  trivial:                         0
  cached:                          0

Max ABE block size:                       29
Number of predicates discovered:          2
Number of abstraction locations:          27
Max number of predicates per location:    1
Avg number of predicates per location:    1
Total predicates per abstraction:         305
Max number of predicates per abstraction: 1
Avg number of predicates per abstraction: 6.35
Number of irrelevant predicates:          85 (28%)
Number of preds handled by boolean abs:   29 (10%)
  Total number of models for allsat:      29
  Max number of models for allsat:        1
  Avg number of models for allsat:        1.00

Time for post operator:                  0.377s
  Time for path formula creation:        0.360s
Time for strengthen operator:            0.036s
Time for prec operator:                  0.348s
  Time for abstraction:                  0.303s (Max:     0.015s, Count: 500)
    Boolean abstraction:                 0.025s
    Solving time:                        0.025s (Max:     0.013s)
    Model enumeration time:              0.000s
    Time for BDD construction:           0.000s (Max:     0.000s)
Time for merge operator:                 0.008s
Time for coverage check:                 0.010s
  Time for BDD entailment checks:        0.010s
Total time for SMT solver (w/o itp):     0.025s

Number of path formula cache hits:   4176 (77%)

Inside post operator:                  
  Inside path formula creation:        
    Time for path formula computation:     0.333s

Total number of created targets for pointer analysis: 3
   Number of created targets for uf: *unsigned_int is 4


Number of BDD nodes:                               202
Size of BDD node table:                            270749
Size of BDD cache:                                 27073
Size of BDD node cleanup queue:                          57 (count: 593, min: 0, max: 57, avg: 0.10)
Time for BDD node cleanup:                             0.000s
Time for BDD garbage collection:                       0.000s (in 0 runs)

PrecisionBootstrap statistics
-----------------------------
Init. function predicates:                         0
Init. global predicates:                           0
Init. location predicates:                         0

Invariant Generation statistics
-------------------------------

AutomatonAnalysis (SVCOMP) statistics
-------------------------------------
Number of states:                                  1
Total time for successor computation:                  0.066s
Automaton transfers with branching:                0
Automaton transfer successors:                         5010 (count: 5010, min: 1, max: 1, avg: 1.00) [1 x 5010]

CPA algorithm statistics
------------------------
Number of iterations:            1916
Max size of waitlist:            6
Average size of waitlist:        4
Number of computed successors:   2082
Max successors for one state:    2
Number of times merged:          35
Number of times stopped:         128
Number of times breaked:         9

Total time for CPA algorithm:         1.257s (Max:     0.318s)
  Time for choose from waitlist:      0.014s
  Time for precision adjustment:      0.432s
  Time for transfer relation:         0.705s
  Time for merge operator:            0.028s
  Time for stop operator:             0.027s
  Time for adding to reached set:     0.013s

Predicate-Abstraction Refiner statistics
----------------------------------------
Number of predicate refinements:                   9
Avg. length of target path (in blocks):                 121 (count: 9, min: 4, max: 24, avg: 13.44)
Number of infeasible sliced prefixes:                     0 (count: 0, min: 0, max: 0, avg: 0.00)

Time for refinement:                                   0.141s
  Counterexample analysis:                             0.070s (Max:     0.014s, Calls: 9)
    Refinement sat check:                              0.042s
    Interpolant computation:                           0.000s
  Path-formulas extraction:                            0.000s
  Error path post-processing:                          0.000s
  Predicate creation:                                  0.015s
  Precision update:                                    0.002s
  ARG update:                                          0.031s

Length of refined path (in blocks):                     112 (count: 9, min: 3, max: 23, avg: 12.44)
Number of affected states:                              103 (count: 9, min: 2, max: 22, avg: 11.44)
Length (states) of path with itp 'true':                  0 (count: 9, min: 0, max: 0, avg: 0.00)
Length (states) of path with itp non-trivial itp:       103 (count: 9, min: 2, max: 22, avg: 11.44)
Length (states) of path with itp 'false':                 9 (count: 9, min: 1, max: 1, avg: 1.00)
Different non-trivial interpolants along paths:           0 (count: 9, min: 0, max: 0, avg: 0.00)
Equal non-trivial interpolants along paths:              94 (count: 9, min: 1, max: 21, avg: 10.44)
Number of refs with location-based cutoff:                0

CEGAR algorithm statistics
--------------------------
Number of refinements:                9
Number of successful refinements:     9
Number of failed refinements:         0
Max. size of reached set before ref.: 252
Max. size of reached set after ref.:  3
Avg. size of reached set before ref.: 198.78
Avg. size of reached set after ref.:  3.00

Total time for CEGAR algorithm:       1.415s
Time for refinements:                 0.158s
Average time for refinement:          0.017s
Max time for refinement:              0.045s

Code Coverage
-----------------------------
  Function coverage:      0.462
  Visited lines:          613
  Total lines:            710
  Line coverage:          0.863
  Visited conditions:     28
  Total conditions:       48
  Condition coverage:     0.583

CPAchecker general statistics
-----------------------------
Number of program locations:     852
Number of CFA edges:             875
Number of relevant variables:    85
Number of functions:             26
Number of loops:                 1
Size of reached set:             176
  Number of reached locations:   130 (15%)
    Avg states per location:     1
    Max states per location:     5 (at node N154)
  Number of reached functions:   12 (46%)
  Number of partitions:          176
    Avg size of partitions:      1
    Max size of partitions:      1
  Number of target states:       0

Time for analysis setup:          2.641s
  Time for loading CPAs:          0.659s
  Time for loading parser:        0.496s
  Time for CFA construction:      1.357s
    Time for parsing file(s):     0.443s
    Time for AST to CFA:          0.417s
    Time for CFA sanity check:    0.071s
    Time for post-processing:     0.303s
      Time for var class.:        0.148s
Time for Analysis:                1.415s
CPU time for analysis:            1.410s
Time for analyzing result:        0.000s
Total time for CPAchecker:        4.059s
Total CPU time for CPAchecker:    4.040s
Time for statistics:              0.062s

Time for Garbage Collector:       0.114s (in 6 runs)
Garbage Collector(s) used:    Copy, MarkSweepCompact
Used heap memory:                 58MB (    55 MiB) max;     31MB (    29 MiB) avg;     63MB (    60 MiB) peak
Used non-heap memory:             34MB (    33 MiB) max;     26MB (    25 MiB) avg;     35MB (    34 MiB) peak
Allocated heap memory:           127MB (   121 MiB) max;    127MB (   121 MiB) avg
Allocated non-heap memory:        36MB (    35 MiB) max;     27MB (    26 MiB) avg
Total process virtual memory:   8017MB (  7646 MiB) max;   7973MB (  7604 MiB) avg

Verification result: TRUE. No property violation found by chosen configuration.
More details about the verification run can be found in the directory "./output".
