scripts/cpa.sh -Dy-MySearchStrategy-PredAbs-ABElf -heap 5600000000 -timelimit 30 -preprocess -stats -noout -setprop cpa.predicate.memoryAllocationsAlwaysSucceed=true -spec ../sv-benchmarks/c/ReachSafety.prp ../sv-benchmarks/c/product-lines/minepump_spec2_product53_true-unreach-call_false-termination.cil.c


--------------------------------------------------------------------------------


Running CPAchecker with Java heap of size 5600000000.
Running CPAchecker with default stack size (1024k). Specify a larger value with -stack if needed.
Running CPAchecker with the following extra VM options:  -Djava.io.tmpdir=/tmp/BenchExec_run_ia_2hycz/tmp
Using the following resource limits: CPU-time limit of 30s (ResourceLimitChecker.fromConfiguration, INFO)

CPAchecker (unknown version) (OpenJDK 64-Bit Server VM 1.8.0_151) started (CPAchecker.run, INFO)

line 434: Dead code detected: return (retValue_acc); (CFACreationUtils.addEdgeToCFA, INFO)

line 480: Dead code detected: return (retValue_acc); (CFACreationUtils.addEdgeToCFA, INFO)

line 630: Dead code detected: return (retValue_acc); (CFACreationUtils.addEdgeToCFA, INFO)

line 639: Dead code detected: return (retValue_acc); (CFACreationUtils.addEdgeToCFA, INFO)

line 694: Dead code detected: return (retValue_acc); (CFACreationUtils.addEdgeToCFA, INFO)

line 713: Dead code detected: return (retValue_acc); (CFACreationUtils.addEdgeToCFA, INFO)

line 852: Dead code detected: return (retValue_acc); (CFACreationUtils.addEdgeToCFA, INFO)

line 901: Dead code detected: return (retValue_acc); (CFACreationUtils.addEdgeToCFA, INFO)

line 933: Dead code detected: return (retValue_acc); (CFACreationUtils.addEdgeToCFA, INFO)

line 947: Dead code detected: return (retValue_acc); (CFACreationUtils.addEdgeToCFA, INFO)

line 956: Dead code detected: return (retValue_acc); (CFACreationUtils.addEdgeToCFA, INFO)

line 968: Dead code detected: return (retValue_acc); (CFACreationUtils.addEdgeToCFA, INFO)

line 991: Dead code detected: return (retValue_acc); (CFACreationUtils.addEdgeToCFA, INFO)

line 271: Function pointer *__cil_tmp10 with type int (*)(int, int) is called, but no possible target functions were found. (CFunctionPointerResolver.replaceFunctionPointerCall, WARNING)

MathSAT5 is available for research and evaluation purposes only. It can not be used in a commercial environment, particularly as part of a commercial product, without written permission. MathSAT5 is provided as is, without any warranty. Please write to mathsat@fbk.eu for additional questions regarding licensing MathSAT5 or obtaining more up-to-date versions. (PredicateCPA:JavaSMT:Mathsat5SolverContext.<init>, WARNING)

Using predicate analysis with MathSAT5 version 5.3.14 (0b98b661254c) (Nov 17 2016 10:59:45, gmp 5.1.3, gcc 4.8.5, 64-bit) and JFactory 1.21. (PredicateCPA:PredicateCPA.<init>, INFO)

Using refinement for predicate analysis with PredicateAbstractionRefinementStrategy strategy. (PredicateCPA:PredicateCPARefiner.<init>, INFO)

Starting analysis ... (CPAchecker.runAlgorithm, INFO)

Stopping analysis ... (CPAchecker.runAlgorithm, INFO)

PredicateCPA statistics
-----------------------
Number of abstractions:            42312 (25% of all post computations)
  Times abstraction was reused:    0
  Because of function entry/exit:  41596 (98%)
  Because of loop head:            511 (1%)
  Because of join nodes:           0 (0%)
  Because of threshold:            0 (0%)
  Because of target state:         205 (0%)
  Times precision was empty:       2207 (5%)
  Times precision was {false}:     196 (0%)
  Times result was cached:         37183 (88%)
  Times cartesian abs was used:    0 (0%)
  Times boolean abs was used:      2726 (6%)
  Times result was 'false':        7768 (18%)
Number of strengthen sat checks:   0
Number of coverage checks:         23756
  BDD entailment checks:           11806
Number of SMT sat checks:          0
  trivial:                         0
  cached:                          0

Max ABE block size:                       9
Number of predicates discovered:          10
Number of abstraction locations:          58
Max number of predicates per location:    6
Avg number of predicates per location:    4
Total predicates per abstraction:         159189
Max number of predicates per abstraction: 6
Avg number of predicates per abstraction: 54.48
Number of irrelevant predicates:          70937 (45%)
Number of preds handled by boolean abs:   8756 (6%)
  Total number of models for allsat:      2733
  Max number of models for allsat:        2
  Avg number of models for allsat:        1.00

Time for post operator:                  1.456s
  Time for path formula creation:        1.356s
Time for strengthen operator:            0.170s
Time for prec operator:                  8.129s
  Time for abstraction:                  7.615s (Max:     0.020s, Count: 42312)
    Boolean abstraction:                 1.438s
    Solving time:                        1.105s (Max:     0.013s)
    Model enumeration time:              0.108s
    Time for BDD construction:           0.102s (Max:     0.008s)
Time for merge operator:                 0.133s
Time for coverage check:                 0.032s
  Time for BDD entailment checks:        0.024s
Total time for SMT solver (w/o itp):     1.213s

Number of path formula cache hits:   168663 (84%)

Inside post operator:                  
  Inside path formula creation:        
    Time for path formula computation:     1.121s

Total number of created targets for pointer analysis: 0


Number of BDD nodes:                               655
Size of BDD node table:                            270749
Size of BDD cache:                                 27073
Size of BDD node cleanup queue:                        6033 (count: 34209, min: 0, max: 305, avg: 0.18)
Time for BDD node cleanup:                             0.006s
Time for BDD garbage collection:                       0.000s (in 0 runs)

PrecisionBootstrap statistics
-----------------------------
Init. function predicates:                         0
Init. global predicates:                           0
Init. location predicates:                         0

Invariant Generation statistics
-------------------------------

AutomatonAnalysis (SVCOMP) statistics
-------------------------------------
Number of states:                                  1
Total time for successor computation:                  0.380s
Automaton transfers with branching:                0
Automaton transfer successors:                       168683 (count: 168683, min: 1, max: 1, avg: 1.00) [1 x 168683]

CPA algorithm statistics
------------------------
Number of iterations:            129293
Max size of waitlist:            76
Average size of waitlist:        26
Number of computed successors:   149958
Max successors for one state:    2
Number of times merged:          5975
Number of times stopped:         8560
Number of times breaked:         205

Total time for CPA algorithm:        13.812s (Max:     0.393s)
  Time for choose from waitlist:      0.139s
  Time for precision adjustment:      8.940s
  Time for transfer relation:         3.420s
  Time for merge operator:            0.314s
  Time for stop operator:             0.213s
  Time for adding to reached set:     0.178s

Predicate-Abstraction Refiner statistics
----------------------------------------
Number of predicate refinements:                   205
Avg. length of target path (in blocks):               12894 (count: 205, min: 21, max: 115, avg: 62.90)
Number of infeasible sliced prefixes:                     0 (count: 0, min: 0, max: 0, avg: 0.00)

Time for refinement:                                   2.155s
  Counterexample analysis:                             1.559s (Max:     0.020s, Calls: 205)
    Refinement sat check:                              0.759s
    Interpolant computation:                           0.000s
  Path-formulas extraction:                            0.013s
  Error path post-processing:                          0.000s
  Predicate creation:                                  0.048s
  Precision update:                                    0.094s
  ARG update:                                          0.326s

Length of refined path (in blocks):                   10172 (count: 205, min: 15, max: 78, avg: 49.62)
Number of affected states:                             3375 (count: 205, min: 7, max: 54, avg: 16.46)
Length (states) of path with itp 'true':               6592 (count: 205, min: 0, max: 66, avg: 32.16)
Length (states) of path with itp non-trivial itp:      3375 (count: 205, min: 7, max: 54, avg: 16.46)
Length (states) of path with itp 'false':               205 (count: 205, min: 1, max: 1, avg: 1.00)
Different non-trivial interpolants along paths:          39 (count: 205, min: 0, max: 3, avg: 0.19)
Equal non-trivial interpolants along paths:            3131 (count: 205, min: 5, max: 52, avg: 15.27)
Number of refs with location-based cutoff:                0

CEGAR algorithm statistics
--------------------------
Number of refinements:                205
Number of successful refinements:     205
Number of failed refinements:         0
Max. size of reached set before ref.: 3009
Max. size of reached set after ref.:  1531
Avg. size of reached set before ref.: 1227.05
Avg. size of reached set after ref.:  585.88

Total time for CEGAR algorithm:      16.413s
Time for refinements:                 2.513s
Average time for refinement:          0.012s
Max time for refinement:              0.040s

Code Coverage
-----------------------------
  Function coverage:      0.667
  Visited lines:          146
  Total lines:            454
  Line coverage:          0.322
  Visited conditions:     46
  Total conditions:       78
  Condition coverage:     0.590

CPAchecker general statistics
-----------------------------
Number of program locations:     654
Number of CFA edges:             707
Number of relevant variables:    120
Number of functions:             39
Number of loops:                 5
Size of reached set:             2191
  Number of reached locations:   196 (30%)
    Avg states per location:     11
    Max states per location:     49 (at node N353)
  Number of reached functions:   26 (67%)
  Number of partitions:          2126
    Avg size of partitions:      1
    Max size of partitions:      5 (with key [N15 (before lines 63-108), Function test called from node N554, stack depth 3 [5805e450], stack [main, runTest, test]])
  Number of target states:       0

Time for analysis setup:          2.092s
  Time for loading CPAs:          0.559s
  Time for loading parser:        0.434s
  Time for CFA construction:      0.982s
    Time for parsing file(s):     0.352s
    Time for AST to CFA:          0.223s
    Time for CFA sanity check:    0.073s
    Time for post-processing:     0.218s
      Time for var class.:        0.099s
Time for Analysis:               16.414s
CPU time for analysis:           16.410s
Time for analyzing result:        0.001s
Total time for CPAchecker:       18.508s
Total CPU time for CPAchecker:   18.500s
Time for statistics:              0.084s

Time for Garbage Collector:       0.449s (in 74 runs)
Garbage Collector(s) used:    Copy, MarkSweepCompact
Used heap memory:                 66MB (    63 MiB) max;     43MB (    41 MiB) avg;     70MB (    66 MiB) peak
Used non-heap memory:             36MB (    35 MiB) max;     33MB (    32 MiB) avg;     37MB (    36 MiB) peak
Allocated heap memory:           127MB (   121 MiB) max;    127MB (   121 MiB) avg
Allocated non-heap memory:        39MB (    37 MiB) max;     36MB (    34 MiB) avg
Total process virtual memory:   8086MB (  7711 MiB) max;   8073MB (  7699 MiB) avg

Verification result: TRUE. No property violation found by chosen configuration.
More details about the verification run can be found in the directory "./output".
