scripts/cpa.sh -Dy-MySearchStrategy-PredAbs-ABEl -heap 5600000000 -timelimit 30 -preprocess -stats -noout -setprop cpa.predicate.memoryAllocationsAlwaysSucceed=true -spec ../sv-benchmarks/c/ReachSafety.prp ../sv-benchmarks/c/systemc/token_ring.08_true-unreach-call_false-termination.cil.c


--------------------------------------------------------------------------------


Running CPAchecker with Java heap of size 5600000000.
Running CPAchecker with default stack size (1024k). Specify a larger value with -stack if needed.
Running CPAchecker with the following extra VM options:  -Djava.io.tmpdir=/tmp/BenchExec_run_7emp8nbe/tmp
Using the following resource limits: CPU-time limit of 30s (ResourceLimitChecker.fromConfiguration, INFO)

CPAchecker (unknown version) (OpenJDK 64-Bit Server VM 1.8.0_162) started (CPAchecker.run, INFO)

MathSAT5 is available for research and evaluation purposes only. It can not be used in a commercial environment, particularly as part of a commercial product, without written permission. MathSAT5 is provided as is, without any warranty. Please write to mathsat@fbk.eu for additional questions regarding licensing MathSAT5 or obtaining more up-to-date versions. (PredicateCPA:JavaSMT:Mathsat5SolverContext.<init>, WARNING)

Using predicate analysis with MathSAT5 version 5.3.14 (0b98b661254c) (Nov 17 2016 10:59:45, gmp 5.1.3, gcc 4.8.5, 64-bit) and JFactory 1.21. (PredicateCPA:PredicateCPA.<init>, INFO)

Using refinement for predicate analysis with PredicateAbstractionRefinementStrategy strategy. (PredicateCPA:PredicateCPARefiner.<init>, INFO)

Starting analysis ... (CPAchecker.runAlgorithm, INFO)

Shutdown requested (The CPU-time limit of 30s has elapsed.), waiting for termination. (ForceTerminationOnShutdown$1.shutdownRequested, WARNING)

Warning: Analysis interrupted (The CPU-time limit of 30s has elapsed.) (ShutdownNotifier.shutdownIfNecessary, WARNING)

PredicateCPA statistics
-----------------------
Number of abstractions:            48 (0% of all post computations)
  Times abstraction was reused:    0
  Because of function entry/exit:  0 (0%)
  Because of loop head:            33 (69%)
  Because of join nodes:           0 (0%)
  Because of threshold:            0 (0%)
  Because of target state:         15 (31%)
  Times precision was empty:       3 (6%)
  Times precision was {false}:     14 (29%)
  Times result was cached:         0 (0%)
  Times cartesian abs was used:    0 (0%)
  Times boolean abs was used:      31 (65%)
  Times result was 'false':        15 (31%)
Number of strengthen sat checks:   0
Number of coverage checks:         8315
  BDD entailment checks:           17
Number of SMT sat checks:          0
  trivial:                         0
  cached:                          0

Max ABE block size:                       853
Number of predicates discovered:          72
Number of abstraction locations:          3
Max number of predicates per location:    72
Avg number of predicates per location:    43
Total predicates per abstraction:         993
Max number of predicates per abstraction: 72
Avg number of predicates per abstraction: 22.07
Number of irrelevant predicates:          26 (3%)
Number of preds handled by boolean abs:   967 (97%)
  Total number of models for allsat:      8325
  Max number of models for allsat:        1024
  Avg number of models for allsat:        268.55

Time for post operator:                  0.895s
  Time for path formula creation:        0.872s
Time for strengthen operator:            0.040s
Time for prec operator:                 22.574s
  Time for abstraction:                 22.502s (Max:     6.815s, Count: 48)
    Boolean abstraction:                21.119s
    Solving time:                        1.223s (Max:     0.089s)
    Model enumeration time:             18.468s
    Time for BDD construction:           1.483s (Max:     0.252s)
Time for merge operator:                 0.177s
Time for coverage check:                 0.043s
  Time for BDD entailment checks:        0.041s
Total time for SMT solver (w/o itp):    19.695s

Number of path formula cache hits:   23526 (71%)

Inside post operator:                  
  Inside path formula creation:        
    Time for path formula computation:     0.826s

Total number of created targets for pointer analysis: 0


Number of BDD nodes:                               106314
Size of BDD node table:                            270749
Size of BDD cache:                                 27073
Size of BDD node cleanup queue:                      117033 (count: 89468, min: 0, max: 38389, avg: 1.31)
Time for BDD node cleanup:                             0.027s
Time for BDD garbage collection:                       0.145s (in 9 runs)

PrecisionBootstrap statistics
-----------------------------
Init. function predicates:                         0
Init. global predicates:                           0
Init. location predicates:                         0

Invariant Generation statistics
-------------------------------

AutomatonAnalysis (SVCOMP) statistics
-------------------------------------
Number of states:                                  1
Total time for successor computation:                  0.118s
Automaton transfers with branching:                0
Automaton transfer successors:                        30521 (count: 30521, min: 1, max: 1, avg: 1.00) [1 x 30521]

CPA algorithm statistics
------------------------
Number of iterations:            23779
Max size of waitlist:            12
Average size of waitlist:        5
Number of computed successors:   27978
Max successors for one state:    2
Number of times merged:          4149
Number of times stopped:         4151
Number of times breaked:         5

Total time for CPA algorithm:        25.596s (Max:     8.009s)
  Time for choose from waitlist:      0.024s
  Time for precision adjustment:     22.911s
  Time for transfer relation:         1.782s
  Time for merge operator:            0.329s
  Time for stop operator:             0.179s
  Time for adding to reached set:     0.121s

Predicate-Abstraction Refiner statistics
----------------------------------------
Number of predicate refinements:                   5
Avg. length of target path (in blocks):                  25 (count: 5, min: 3, max: 7, avg: 5.00)
Number of infeasible sliced prefixes:                     0 (count: 0, min: 0, max: 0, avg: 0.00)

Time for refinement:                                   1.731s
  Counterexample analysis:                             1.598s (Max:     0.689s, Calls: 5)
    Refinement sat check:                              1.483s
    Interpolant computation:                           0.000s
  Path-formulas extraction:                            0.000s
  Error path post-processing:                          0.000s
  Predicate creation:                                  0.013s
  Precision update:                                    0.010s
  ARG update:                                          0.092s

Length of refined path (in blocks):                      24 (count: 5, min: 3, max: 6, avg: 4.80)
Number of affected states:                               19 (count: 5, min: 2, max: 5, avg: 3.80)
Length (states) of path with itp 'true':                  0 (count: 5, min: 0, max: 0, avg: 0.00)
Length (states) of path with itp non-trivial itp:        19 (count: 5, min: 2, max: 5, avg: 3.80)
Length (states) of path with itp 'false':                 1 (count: 5, min: 0, max: 1, avg: 0.20)
Different non-trivial interpolants along paths:           7 (count: 5, min: 0, max: 2, avg: 1.40)
Equal non-trivial interpolants along paths:               7 (count: 5, min: 1, max: 2, avg: 1.40)
Number of refs with location-based cutoff:                0

CEGAR algorithm statistics
--------------------------
Number of refinements:                5
Number of successful refinements:     5
Number of failed refinements:         0
Max. size of reached set before ref.: 7563
Max. size of reached set after ref.:  371
Avg. size of reached set before ref.: 4238.00
Avg. size of reached set after ref.:  371.00

Total time for CEGAR algorithm:      27.426s
Time for refinements:                 1.827s
Average time for refinement:          0.365s
Max time for refinement:              0.755s

Code Coverage
-----------------------------
  Function coverage:      1.000
  Visited lines:          595
  Total lines:            596
  Line coverage:          0.998
  Visited conditions:     280
  Total conditions:       280
  Condition coverage:     1.000

CPAchecker general statistics
-----------------------------
Number of program locations:     945
Number of CFA edges:             1100
Number of relevant variables:    92
Number of functions:             33
Number of loops:                 2
Size of reached set:             4477
  Number of reached locations:   784 (83%)
    Avg states per location:     5
    Max states per location:     21 (at node N272)
  Number of reached functions:   33 (100%)
  Number of partitions:          4476
    Avg size of partitions:      1
    Max size of partitions:      2 (with key [N516 (before lines 697-833), Function eval called from node N957, stack depth 3 [66c537b0], stack [main, start_simulation, eval]])
  Number of target states:       0
  Size of final wait list        2

Time for analysis setup:          2.366s
  Time for loading CPAs:          0.650s
  Time for loading parser:        0.573s
  Time for CFA construction:      1.043s
    Time for parsing file(s):     0.296s
    Time for AST to CFA:          0.287s
    Time for CFA sanity check:    0.090s
    Time for post-processing:     0.254s
      Time for var class.:        0.115s
Time for Analysis:               27.426s
CPU time for analysis:           27.430s
Total time for CPAchecker:       29.798s
Total CPU time for CPAchecker:   29.790s
Time for statistics:              0.118s

Time for Garbage Collector:       0.418s (in 24 runs)
Garbage Collector(s) used:    Copy, MarkSweepCompact
Used heap memory:                 94MB (    89 MiB) max;     51MB (    48 MiB) avg;     96MB (    92 MiB) peak
Used non-heap memory:             35MB (    34 MiB) max;     33MB (    32 MiB) avg;     37MB (    35 MiB) peak
Allocated heap memory:           127MB (   121 MiB) max;    127MB (   121 MiB) avg
Allocated non-heap memory:        38MB (    36 MiB) max;     36MB (    34 MiB) avg
Total process virtual memory:   8135MB (  7758 MiB) max;   8124MB (  7748 MiB) avg

Verification result: UNKNOWN, incomplete analysis.
More details about the verification run can be found in the directory "./output".
