scripts/cpa.sh -Dy-MySearchStrategy-PredAbs-ABElf -heap 5600000000 -timelimit 30 -preprocess -stats -noout -setprop cpa.predicate.memoryAllocationsAlwaysSucceed=true -spec ../sv-benchmarks/c/ReachSafety.prp ../sv-benchmarks/c/product-lines/minepump_spec1_product27_true-unreach-call_false-termination.cil.c


--------------------------------------------------------------------------------


Running CPAchecker with Java heap of size 5600000000.
Running CPAchecker with default stack size (1024k). Specify a larger value with -stack if needed.
Running CPAchecker with the following extra VM options:  -Djava.io.tmpdir=/tmp/BenchExec_run__azdqtqy/tmp
Using the following resource limits: CPU-time limit of 30s (ResourceLimitChecker.fromConfiguration, INFO)

CPAchecker (unknown version) (OpenJDK 64-Bit Server VM 1.8.0_151) started (CPAchecker.run, INFO)

line 51: Dead code detected: return (retValue_acc); (CFACreationUtils.addEdgeToCFA, INFO)

line 74: Dead code detected: return (retValue_acc); (CFACreationUtils.addEdgeToCFA, INFO)

line 138: Dead code detected: return (retValue_acc); (CFACreationUtils.addEdgeToCFA, INFO)

line 170: Dead code detected: return (retValue_acc); (CFACreationUtils.addEdgeToCFA, INFO)

line 179: Dead code detected: return (retValue_acc); (CFACreationUtils.addEdgeToCFA, INFO)

line 305: Dead code detected: return (retValue_acc); (CFACreationUtils.addEdgeToCFA, INFO)

line 625: Dead code detected: return (retValue_acc); (CFACreationUtils.addEdgeToCFA, INFO)

line 671: Dead code detected: return (retValue_acc); (CFACreationUtils.addEdgeToCFA, INFO)

line 847: Dead code detected: return (retValue_acc); (CFACreationUtils.addEdgeToCFA, INFO)

line 856: Dead code detected: return (retValue_acc); (CFACreationUtils.addEdgeToCFA, INFO)

line 911: Dead code detected: return (retValue_acc); (CFACreationUtils.addEdgeToCFA, INFO)

line 462: Function pointer *__cil_tmp10 with type int (*)(int, int) is called, but no possible target functions were found. (CFunctionPointerResolver.replaceFunctionPointerCall, WARNING)

MathSAT5 is available for research and evaluation purposes only. It can not be used in a commercial environment, particularly as part of a commercial product, without written permission. MathSAT5 is provided as is, without any warranty. Please write to mathsat@fbk.eu for additional questions regarding licensing MathSAT5 or obtaining more up-to-date versions. (PredicateCPA:JavaSMT:Mathsat5SolverContext.<init>, WARNING)

Using predicate analysis with MathSAT5 version 5.3.14 (0b98b661254c) (Nov 17 2016 10:59:45, gmp 5.1.3, gcc 4.8.5, 64-bit) and JFactory 1.21. (PredicateCPA:PredicateCPA.<init>, INFO)

Using refinement for predicate analysis with PredicateAbstractionRefinementStrategy strategy. (PredicateCPA:PredicateCPARefiner.<init>, INFO)

Starting analysis ... (CPAchecker.runAlgorithm, INFO)

Stopping analysis ... (CPAchecker.runAlgorithm, INFO)

PredicateCPA statistics
-----------------------
Number of abstractions:            2347 (26% of all post computations)
  Times abstraction was reused:    0
  Because of function entry/exit:  2290 (98%)
  Because of loop head:            35 (1%)
  Because of join nodes:           0 (0%)
  Because of threshold:            0 (0%)
  Because of target state:         22 (1%)
  Times precision was empty:       621 (26%)
  Times precision was {false}:     71 (3%)
  Times result was cached:         1455 (62%)
  Times cartesian abs was used:    0 (0%)
  Times boolean abs was used:      200 (9%)
  Times result was 'false':        348 (15%)
Number of strengthen sat checks:   0
Number of coverage checks:         559
  BDD entailment checks:           231
Number of SMT sat checks:          0
  trivial:                         0
  cached:                          0

Max ABE block size:                       9
Number of predicates discovered:          6
Number of abstraction locations:          37
Max number of predicates per location:    4
Avg number of predicates per location:    2
Total predicates per abstraction:         3607
Max number of predicates per abstraction: 4
Avg number of predicates per abstraction: 13.31
Number of irrelevant predicates:          1189 (33%)
Number of preds handled by boolean abs:   366 (10%)
  Total number of models for allsat:      221
  Max number of models for allsat:        2
  Avg number of models for allsat:        1.11

Time for post operator:                  0.311s
  Time for path formula creation:        0.299s
Time for strengthen operator:            0.039s
Time for prec operator:                  1.039s
  Time for abstraction:                  0.932s (Max:     0.016s, Count: 2347)
    Boolean abstraction:                 0.215s
    Solving time:                        0.104s (Max:     0.013s)
    Model enumeration time:              0.025s
    Time for BDD construction:           0.038s (Max:     0.010s)
Time for merge operator:                 0.013s
Time for coverage check:                 0.029s
  Time for BDD entailment checks:        0.027s
Total time for SMT solver (w/o itp):     0.129s

Number of path formula cache hits:   7803 (74%)

Inside post operator:                  
  Inside path formula creation:        
    Time for path formula computation:     0.280s

Total number of created targets for pointer analysis: 0


Number of BDD nodes:                               235
Size of BDD node table:                            270749
Size of BDD cache:                                 27073
Size of BDD node cleanup queue:                         471 (count: 2505, min: 0, max: 244, avg: 0.19)
Time for BDD node cleanup:                             0.005s
Time for BDD garbage collection:                       0.000s (in 0 runs)

PrecisionBootstrap statistics
-----------------------------
Init. function predicates:                         0
Init. global predicates:                           0
Init. location predicates:                         0

Invariant Generation statistics
-------------------------------

AutomatonAnalysis (SVCOMP) statistics
-------------------------------------
Number of states:                                  1
Total time for successor computation:                  0.111s
Automaton transfers with branching:                0
Automaton transfer successors:                         9005 (count: 9005, min: 1, max: 1, avg: 1.00) [1 x 9005]

CPA algorithm statistics
------------------------
Number of iterations:            6883
Max size of waitlist:            31
Average size of waitlist:        8
Number of computed successors:   7832
Max successors for one state:    2
Number of times merged:          164
Number of times stopped:         330
Number of times breaked:         22

Total time for CPA algorithm:         2.461s (Max:     0.350s)
  Time for choose from waitlist:      0.016s
  Time for precision adjustment:      1.270s
  Time for transfer relation:         0.852s
  Time for merge operator:            0.045s
  Time for stop operator:             0.080s
  Time for adding to reached set:     0.089s

Predicate-Abstraction Refiner statistics
----------------------------------------
Number of predicate refinements:                   22
Avg. length of target path (in blocks):                 611 (count: 22, min: 20, max: 44, avg: 27.77)
Number of infeasible sliced prefixes:                     0 (count: 0, min: 0, max: 0, avg: 0.00)

Time for refinement:                                   0.272s
  Counterexample analysis:                             0.171s (Max:     0.020s, Calls: 22)
    Refinement sat check:                              0.064s
    Interpolant computation:                           0.000s
  Path-formulas extraction:                            0.001s
  Error path post-processing:                          0.000s
  Predicate creation:                                  0.041s
  Precision update:                                    0.006s
  ARG update:                                          0.047s

Length of refined path (in blocks):                     434 (count: 22, min: 14, max: 36, avg: 19.73)
Number of affected states:                              346 (count: 22, min: 2, max: 35, avg: 15.73)
Length (states) of path with itp 'true':                 66 (count: 22, min: 0, max: 14, avg: 3.00)
Length (states) of path with itp non-trivial itp:       346 (count: 22, min: 2, max: 35, avg: 15.73)
Length (states) of path with itp 'false':                22 (count: 22, min: 1, max: 1, avg: 1.00)
Different non-trivial interpolants along paths:           4 (count: 22, min: 0, max: 1, avg: 0.18)
Equal non-trivial interpolants along paths:             320 (count: 22, min: 1, max: 34, avg: 14.55)
Number of refs with location-based cutoff:                0

CEGAR algorithm statistics
--------------------------
Number of refinements:                22
Number of successful refinements:     22
Number of failed refinements:         0
Max. size of reached set before ref.: 795
Max. size of reached set after ref.:  332
Avg. size of reached set before ref.: 340.05
Avg. size of reached set after ref.:  59.23

Total time for CEGAR algorithm:       2.783s
Time for refinements:                 0.320s
Average time for refinement:          0.014s
Max time for refinement:              0.050s

Code Coverage
-----------------------------
  Function coverage:      0.472
  Visited lines:          100
  Total lines:            425
  Line coverage:          0.235
  Visited conditions:     30
  Total conditions:       68
  Condition coverage:     0.441

CPAchecker general statistics
-----------------------------
Number of program locations:     608
Number of CFA edges:             653
Number of relevant variables:    112
Number of functions:             36
Number of loops:                 5
Size of reached set:             977
  Number of reached locations:   135 (22%)
    Avg states per location:     7
    Max states per location:     40 (at node N88)
  Number of reached functions:   17 (47%)
  Number of partitions:          962
    Avg size of partitions:      1
    Max size of partitions:      2 (with key [N477 (before lines 686-733), Function test called from node N149, stack depth 3 [4cc7d00d], stack [main, runTest, test]])
  Number of target states:       0

Time for analysis setup:          2.090s
  Time for loading CPAs:          0.527s
  Time for loading parser:        0.436s
  Time for CFA construction:      1.016s
    Time for parsing file(s):     0.367s
    Time for AST to CFA:          0.262s
    Time for CFA sanity check:    0.045s
    Time for post-processing:     0.214s
      Time for var class.:        0.085s
Time for Analysis:                2.787s
CPU time for analysis:            2.790s
Time for analyzing result:        0.001s
Total time for CPAchecker:        4.880s
Total CPU time for CPAchecker:    4.870s
Time for statistics:              0.047s

Time for Garbage Collector:       0.088s (in 7 runs)
Garbage Collector(s) used:    Copy, MarkSweepCompact
Used heap memory:                 59MB (    57 MiB) max;     33MB (    32 MiB) avg;     62MB (    60 MiB) peak
Used non-heap memory:             34MB (    33 MiB) max;     27MB (    26 MiB) avg;     36MB (    34 MiB) peak
Allocated heap memory:           127MB (   121 MiB) max;    127MB (   121 MiB) avg
Allocated non-heap memory:        37MB (    35 MiB) max;     29MB (    28 MiB) avg
Total process virtual memory:   8085MB (  7711 MiB) max;   8043MB (  7671 MiB) avg

Verification result: TRUE. No property violation found by chosen configuration.
More details about the verification run can be found in the directory "./output".
