scripts/cpa.sh -Dy-MySearchStrategy-PredAbs-ABElf -heap 5600000000 -timelimit 30 -preprocess -stats -noout -setprop cpa.predicate.memoryAllocationsAlwaysSucceed=true -spec ../sv-benchmarks/c/ReachSafety.prp ../sv-benchmarks/c/eca-rers2012/Problem04_label33_true-unreach-call.c


--------------------------------------------------------------------------------


Running CPAchecker with Java heap of size 5600000000.
Running CPAchecker with default stack size (1024k). Specify a larger value with -stack if needed.
Running CPAchecker with the following extra VM options:  -Djava.io.tmpdir=/tmp/BenchExec_run_gdzjoena/tmp
Using the following resource limits: CPU-time limit of 30s (ResourceLimitChecker.fromConfiguration, INFO)

CPAchecker (unknown version) (OpenJDK 64-Bit Server VM 1.8.0_162) started (CPAchecker.run, INFO)

MathSAT5 is available for research and evaluation purposes only. It can not be used in a commercial environment, particularly as part of a commercial product, without written permission. MathSAT5 is provided as is, without any warranty. Please write to mathsat@fbk.eu for additional questions regarding licensing MathSAT5 or obtaining more up-to-date versions. (PredicateCPA:JavaSMT:Mathsat5SolverContext.<init>, WARNING)

Using predicate analysis with MathSAT5 version 5.3.14 (0b98b661254c) (Nov 17 2016 10:59:45, gmp 5.1.3, gcc 4.8.5, 64-bit) and JFactory 1.21. (PredicateCPA:PredicateCPA.<init>, INFO)

Using refinement for predicate analysis with PredicateAbstractionRefinementStrategy strategy. (PredicateCPA:PredicateCPARefiner.<init>, INFO)

Starting analysis ... (CPAchecker.runAlgorithm, INFO)

Shutdown requested (The CPU-time limit of 30s has elapsed.), waiting for termination. (ForceTerminationOnShutdown$1.shutdownRequested, WARNING)

Warning: Analysis interrupted (The CPU-time limit of 30s has elapsed.) (ShutdownNotifier.shutdownIfNecessary, WARNING)

PredicateCPA statistics
-----------------------
Number of abstractions:            190 (0% of all post computations)
  Times abstraction was reused:    0
  Because of function entry/exit:  159 (84%)
  Because of loop head:            16 (8%)
  Because of join nodes:           0 (0%)
  Because of threshold:            0 (0%)
  Because of target state:         15 (8%)
  Times precision was empty:       44 (23%)
  Times precision was {false}:     18 (9%)
  Times result was cached:         48 (25%)
  Times cartesian abs was used:    0 (0%)
  Times boolean abs was used:      80 (42%)
  Times result was 'false':        12 (6%)
Number of strengthen sat checks:   0
Number of coverage checks:         275382
  BDD entailment checks:           108
Number of SMT sat checks:          0
  trivial:                         0
  cached:                          0

Max ABE block size:                       2518
Number of predicates discovered:          13
Number of abstraction locations:          10
Max number of predicates per location:    12
Avg number of predicates per location:    8
Total predicates per abstraction:         1236
Max number of predicates per abstraction: 12
Avg number of predicates per abstraction: 12.61
Number of irrelevant predicates:          254 (21%)
Number of preds handled by boolean abs:   693 (56%)
  Total number of models for allsat:      8458
  Max number of models for allsat:        1152
  Avg number of models for allsat:        105.73

Time for post operator:                  4.407s
  Time for path formula creation:        4.195s
Time for strengthen operator:            0.355s
Time for prec operator:                  8.176s
  Time for abstraction:                  7.833s (Max:     0.722s, Count: 190)
    Boolean abstraction:                 6.376s
    Solving time:                        1.344s (Max:     0.055s)
    Model enumeration time:              4.705s
    Time for BDD construction:           0.312s (Max:     0.048s)
Time for merge operator:                 0.715s
Time for coverage check:                 0.042s
  Time for BDD entailment checks:        0.001s
Total time for SMT solver (w/o itp):     6.049s

Number of path formula cache hits:   322717 (75%)

Inside post operator:                  
  Inside path formula creation:        
    Time for path formula computation:     3.858s

Total number of created targets for pointer analysis: 0


Number of BDD nodes:                               20109
Size of BDD node table:                            270749
Size of BDD cache:                                 27073
Size of BDD node cleanup queue:                        1307 (count: 1204, min: 0, max: 137, avg: 1.09)
Time for BDD node cleanup:                             0.006s
Time for BDD garbage collection:                       0.000s (in 0 runs)

PrecisionBootstrap statistics
-----------------------------
Init. function predicates:                         0
Init. global predicates:                           0
Init. location predicates:                         0

Invariant Generation statistics
-------------------------------

AutomatonAnalysis (SVCOMP) statistics
-------------------------------------
Number of states:                                  1
Total time for successor computation:                  0.649s
  Time for transition matches:                         0.300s
  Time for transition assertions:                      0.000s
  Time for transition actions:                         0.001s
Automaton transfers with branching:                0
Automaton transfer successors:                       337464 (count: 338344, min: 0, max: 1, avg: 1.00) [0 x 880, 1 x 337464]

CPA algorithm statistics
------------------------
Number of iterations:            163837
Max size of waitlist:            75
Average size of waitlist:        36
Number of computed successors:   301739
Max successors for one state:    2
Number of times merged:          137637
Number of times stopped:         137667
Number of times breaked:         5

Total time for CPA algorithm:        22.807s (Max:     6.011s)
  Time for choose from waitlist:      0.178s
  Time for precision adjustment:      9.836s
  Time for transfer relation:         8.103s
  Time for merge operator:            2.813s
  Time for stop operator:             0.458s
  Time for adding to reached set:     0.324s

Predicate-Abstraction Refiner statistics
----------------------------------------
Number of predicate refinements:                   5
Avg. length of target path (in blocks):                  54 (count: 5, min: 6, max: 15, avg: 10.80)
Number of infeasible sliced prefixes:                     0 (count: 0, min: 0, max: 0, avg: 0.00)

Time for refinement:                                   1.728s
  Counterexample analysis:                             0.992s (Max:     0.258s, Calls: 5)
    Refinement sat check:                              0.760s
    Interpolant computation:                           0.000s
  Path-formulas extraction:                            0.000s
  Error path post-processing:                          0.000s
  Predicate creation:                                  0.013s
  Precision update:                                    0.008s
  ARG update:                                          0.602s

Length of refined path (in blocks):                      54 (count: 5, min: 6, max: 15, avg: 10.80)
Number of affected states:                               49 (count: 5, min: 5, max: 14, avg: 9.80)
Length (states) of path with itp 'true':                  0 (count: 5, min: 0, max: 0, avg: 0.00)
Length (states) of path with itp non-trivial itp:        49 (count: 5, min: 5, max: 14, avg: 9.80)
Length (states) of path with itp 'false':                 0 (count: 5, min: 0, max: 0, avg: 0.00)
Different non-trivial interpolants along paths:           4 (count: 5, min: 0, max: 1, avg: 0.80)
Equal non-trivial interpolants along paths:              40 (count: 5, min: 4, max: 12, avg: 8.00)
Number of refs with location-based cutoff:                0

CEGAR algorithm statistics
--------------------------
Number of refinements:                5
Number of successful refinements:     5
Number of failed refinements:         0
Max. size of reached set before ref.: 42334
Max. size of reached set after ref.:  3
Avg. size of reached set before ref.: 29607.80
Avg. size of reached set after ref.:  3.00

Total time for CEGAR algorithm:      25.354s
Time for refinements:                 2.547s
Average time for refinement:          0.509s
Max time for refinement:              0.856s

Code Coverage
-----------------------------
  Function coverage:      1.000
  Visited lines:          4723
  Total lines:            4723
  Line coverage:          1.000
  Visited conditions:     17908
  Total conditions:       17908
  Condition coverage:     1.000

CPAchecker general statistics
-----------------------------
Number of program locations:     13023
Number of CFA edges:             21976
Number of relevant variables:    14
Number of functions:             5
Number of loops:                 1
Size of reached set:             16036
  Number of reached locations:   10597 (81%)
    Avg states per location:     1
    Max states per location:     4 (at node N0)
  Number of reached functions:   5 (100%)
  Number of partitions:          16031
    Avg size of partitions:      1
    Max size of partitions:      4 (with key [N14487 (after line 4824), Function main called from node N14471, stack depth 1 [436d2bb9], stack [main]])
  Number of target states:       0
  Size of final wait list        68

Time for analysis setup:          4.994s
  Time for loading CPAs:          0.685s
  Time for loading parser:        0.474s
  Time for CFA construction:      3.612s
    Time for parsing file(s):     0.595s
    Time for AST to CFA:          1.148s
    Time for CFA sanity check:    0.895s
    Time for post-processing:     1.007s
      Time for var class.:        0.470s
Time for Analysis:               25.354s
CPU time for analysis:           25.350s
Total time for CPAchecker:       30.350s
Total CPU time for CPAchecker:   30.340s
Time for statistics:              0.449s

Time for Garbage Collector:       2.132s (in 98 runs)
Garbage Collector(s) used:    Copy, MarkSweepCompact
Used heap memory:                206MB (   197 MiB) max;     92MB (    88 MiB) avg;    222MB (   212 MiB) peak
Used non-heap memory:             36MB (    34 MiB) max;     32MB (    31 MiB) avg;     37MB (    35 MiB) peak
Allocated heap memory:           235MB (   224 MiB) max;    149MB (   142 MiB) avg
Allocated non-heap memory:        38MB (    36 MiB) max;     35MB (    33 MiB) avg
Total process virtual memory:   8086MB (  7711 MiB) max;   8018MB (  7646 MiB) avg

Verification result: UNKNOWN, incomplete analysis.
More details about the verification run can be found in the directory "./output".
