scripts/cpa.sh -Dy-MySearchStrategy-PredAbs-ABElf -heap 5600000000 -timelimit 30 -preprocess -stats -noout -setprop cpa.predicate.memoryAllocationsAlwaysSucceed=true -spec ../sv-benchmarks/c/ReachSafety.prp ../sv-benchmarks/c/seq-mthreaded/rekh_aso_true-unreach-call.3.M4.c


--------------------------------------------------------------------------------


Running CPAchecker with Java heap of size 5600000000.
Running CPAchecker with default stack size (1024k). Specify a larger value with -stack if needed.
Running CPAchecker with the following extra VM options:  -Djava.io.tmpdir=/tmp/BenchExec_run_ayb2ixp3/tmp
Using the following resource limits: CPU-time limit of 30s (ResourceLimitChecker.fromConfiguration, INFO)

CPAchecker 1.6.1-svn 84d8f52+ (OpenJDK 64-Bit Server VM 1.8.0_151) started (CPAchecker.run, INFO)

MathSAT5 is available for research and evaluation purposes only. It can not be used in a commercial environment, particularly as part of a commercial product, without written permission. MathSAT5 is provided as is, without any warranty. Please write to mathsat@fbk.eu for additional questions regarding licensing MathSAT5 or obtaining more up-to-date versions. (PredicateCPA:JavaSMT:Mathsat5SolverContext.<init>, WARNING)

Using predicate analysis with MathSAT5 version 5.3.14 (0b98b661254c) (Nov 17 2016 10:59:45, gmp 5.1.3, gcc 4.8.5, 64-bit) and JFactory 1.21. (PredicateCPA:PredicateCPA.<init>, INFO)

Using refinement for predicate analysis with PredicateAbstractionRefinementStrategy strategy. (PredicateCPA:PredicateCPARefiner.<init>, INFO)

Starting analysis ... (CPAchecker.runAlgorithm, INFO)

Assuming external function nxt_motor_set_speed to be a pure function. (PredicateCPA:ExpressionToFormulaVisitor.visit, INFO)

Assuming external function nxt_motor_set_count to be a pure function. (PredicateCPA:ExpressionToFormulaVisitor.visit, INFO)

Shutdown requested (The CPU-time limit of 30s has elapsed.), waiting for termination. (ForceTerminationOnShutdown$1.shutdownRequested, WARNING)

Warning: Analysis interrupted (The CPU-time limit of 30s has elapsed.) (ShutdownNotifier.shutdownIfNecessary, WARNING)

PredicateCPA statistics
-----------------------
Number of abstractions:            402 (3% of all post computations)
  Times abstraction was reused:    0
  Because of function entry/exit:  395 (98%)
  Because of loop head:            0 (0%)
  Because of join nodes:           0 (0%)
  Because of threshold:            0 (0%)
  Because of target state:         7 (2%)
  Times precision was empty:       352 (88%)
  Times precision was {false}:     10 (2%)
  Times result was cached:         34 (8%)
  Times cartesian abs was used:    0 (0%)
  Times boolean abs was used:      6 (1%)
  Times result was 'false':        9 (2%)
Number of strengthen sat checks:   0
Number of coverage checks:         4776
  BDD entailment checks:           40
Number of SMT sat checks:          0
  trivial:                         0
  cached:                          0

Max ABE block size:                       474
Number of predicates discovered:          2
Number of abstraction locations:          9
Max number of predicates per location:    2
Avg number of predicates per location:    1
Total predicates per abstraction:         54
Max number of predicates per abstraction: 2
Avg number of predicates per abstraction: 3.38
Number of irrelevant predicates:          18 (33%)
Number of preds handled by boolean abs:   6 (11%)
  Total number of models for allsat:      4
  Max number of models for allsat:        1
  Avg number of models for allsat:        0.67

Time for post operator:                  3.302s
  Time for path formula creation:        3.285s
Time for strengthen operator:            0.041s
Time for prec operator:                  0.876s
  Time for abstraction:                  0.809s (Max:     0.232s, Count: 402)
    Boolean abstraction:                 0.002s
    Solving time:                        0.694s (Max:     0.213s)
    Model enumeration time:              0.001s
    Time for BDD construction:           0.000s (Max:     0.000s)
Time for merge operator:                 0.095s
Time for coverage check:                 0.017s
  Time for BDD entailment checks:        0.014s
Total time for SMT solver (w/o itp):     0.695s

Number of path formula cache hits:   660 (4%)

Inside post operator:                  
  Inside path formula creation:        
    Time for path formula computation:     3.232s

Total number of created targets for pointer analysis: 93796
   Number of created targets for uf: *unsigned_char is 162
   Number of created targets for uf: *_Bool is 40
   Number of created targets for uf: *char is 200


Number of BDD nodes:                               202
Size of BDD node table:                            270749
Size of BDD cache:                                 27073
Size of BDD node cleanup queue:                          16 (count: 487, min: 0, max: 7, avg: 0.03)
Time for BDD node cleanup:                             0.000s
Time for BDD garbage collection:                       0.000s (in 0 runs)

PrecisionBootstrap statistics
-----------------------------
Init. function predicates:                         0
Init. global predicates:                           0
Init. location predicates:                         0

Invariant Generation statistics
-------------------------------

AutomatonAnalysis (SVCOMP) statistics
-------------------------------------
Number of states:                                  1
Total time for successor computation:                  0.087s
Automaton transfers with branching:                0
Automaton transfer successors:                        15043 (count: 15043, min: 1, max: 1, avg: 1.00) [1 x 15043]

CPA algorithm statistics
------------------------
Number of iterations:            11341
Max size of waitlist:            292
Average size of waitlist:        41
Number of computed successors:   13861
Max successors for one state:    2
Number of times merged:          2368
Number of times stopped:         2408
Number of times breaked:         7

Total time for CPA algorithm:         5.559s (Max:     3.126s)
  Time for choose from waitlist:      0.038s
  Time for precision adjustment:      1.113s
  Time for transfer relation:         3.907s
  Time for merge operator:            0.188s
  Time for stop operator:             0.098s
  Time for adding to reached set:     0.077s

Predicate-Abstraction Refiner statistics
----------------------------------------
Number of predicate refinements:                   7
Avg. length of target path (in blocks):                 151 (count: 7, min: 15, max: 29, avg: 21.57)
Number of infeasible sliced prefixes:                     0 (count: 0, min: 0, max: 0, avg: 0.00)

Time for refinement:                                  22.362s
  Counterexample analysis:                            22.302s (Max:     3.733s, Calls: 7)
    Refinement sat check:                             20.488s
    Interpolant computation:                           0.000s
  Path-formulas extraction:                            0.000s
  Error path post-processing:                          0.000s
  Predicate creation:                                  0.002s
  Precision update:                                    0.002s
  ARG update:                                          0.046s

Length of refined path (in blocks):                      87 (count: 6, min: 12, max: 16, avg: 14.50)
Number of affected states:                               14 (count: 6, min: 0, max: 6, avg: 2.33)
Length (states) of path with itp 'true':                 67 (count: 6, min: 9, max: 14, avg: 11.17)
Length (states) of path with itp non-trivial itp:        14 (count: 6, min: 0, max: 6, avg: 2.33)
Length (states) of path with itp 'false':                 6 (count: 6, min: 1, max: 1, avg: 1.00)
Different non-trivial interpolants along paths:           0 (count: 6, min: 0, max: 0, avg: 0.00)
Equal non-trivial interpolants along paths:              11 (count: 6, min: 0, max: 5, avg: 1.83)
Number of refs with location-based cutoff:                0

CEGAR algorithm statistics
--------------------------
Number of refinements:                7
Number of successful refinements:     6
Number of failed refinements:         0
Max. size of reached set before ref.: 3548
Max. size of reached set after ref.:  3217
Avg. size of reached set before ref.: 3327.71
Avg. size of reached set after ref.:  1974.83

Total time for CEGAR algorithm:      28.011s
Time for refinements:                22.441s
Average time for refinement:          3.205s
Max time for refinement:              3.767s

Code Coverage
-----------------------------
  Function coverage:      0.578
  Visited lines:          1385
  Total lines:            3166
  Line coverage:          0.437
  Visited conditions:     1110
  Total conditions:       3402
  Condition coverage:     0.326

CPAchecker general statistics
-----------------------------
Number of program locations:     4918
Number of CFA edges:             5370
Number of relevant variables:    157
Number of functions:             45
Number of loops:                 1
Size of reached set:             3043
  Number of reached locations:   1301 (26%)
    Avg states per location:     2
    Max states per location:     9 (at node N1536)
  Number of reached functions:   26 (58%)
  Number of partitions:          3043
    Avg size of partitions:      1
    Max size of partitions:      1
  Number of target states:       1
  Size of final wait list        24

Time for analysis setup:          2.793s
  Time for loading CPAs:          0.517s
  Time for loading parser:        0.400s
  Time for CFA construction:      1.808s
    Time for parsing file(s):     0.482s
    Time for AST to CFA:          0.563s
    Time for CFA sanity check:    0.198s
    Time for post-processing:     0.461s
      Time for var class.:        0.281s
Time for Analysis:               28.011s
CPU time for analysis:           28.020s
Total time for CPAchecker:       30.807s
Total CPU time for CPAchecker:   30.810s
Time for statistics:              0.077s

Time for Garbage Collector:       0.144s (in 21 runs)
Garbage Collector(s) used:    Copy, MarkSweepCompact
Used heap memory:                 69MB (    66 MiB) max;     50MB (    47 MiB) avg;     73MB (    70 MiB) peak
Used non-heap memory:             35MB (    34 MiB) max;     33MB (    31 MiB) avg;     36MB (    34 MiB) peak
Allocated heap memory:           127MB (   121 MiB) max;    127MB (   121 MiB) avg
Allocated non-heap memory:        37MB (    35 MiB) max;     35MB (    33 MiB) avg
Total process virtual memory:   8541MB (  8145 MiB) max;   8411MB (  8022 MiB) avg

Verification result: UNKNOWN, incomplete analysis.
More details about the verification run can be found in the directory "./output".
