scripts/cpa.sh -Dy-MySearchStrategy-PredAbs-ABElf -heap 5600000000 -timelimit 30 -preprocess -stats -noout -setprop cpa.predicate.memoryAllocationsAlwaysSucceed=true -spec ../sv-benchmarks/c/ReachSafety.prp ../sv-benchmarks/c/eca-rers2012/Problem04_label46_true-unreach-call_false-termination.c


--------------------------------------------------------------------------------


Running CPAchecker with Java heap of size 5600000000.
Running CPAchecker with default stack size (1024k). Specify a larger value with -stack if needed.
Running CPAchecker with the following extra VM options:  -Djava.io.tmpdir=/tmp/BenchExec_run_xbsncrd5/tmp
Using the following resource limits: CPU-time limit of 30s (ResourceLimitChecker.fromConfiguration, INFO)

CPAchecker (unknown version) (OpenJDK 64-Bit Server VM 1.8.0_162) started (CPAchecker.run, INFO)

MathSAT5 is available for research and evaluation purposes only. It can not be used in a commercial environment, particularly as part of a commercial product, without written permission. MathSAT5 is provided as is, without any warranty. Please write to mathsat@fbk.eu for additional questions regarding licensing MathSAT5 or obtaining more up-to-date versions. (PredicateCPA:JavaSMT:Mathsat5SolverContext.<init>, WARNING)

Using predicate analysis with MathSAT5 version 5.3.14 (0b98b661254c) (Nov 17 2016 10:59:45, gmp 5.1.3, gcc 4.8.5, 64-bit) and JFactory 1.21. (PredicateCPA:PredicateCPA.<init>, INFO)

Using refinement for predicate analysis with PredicateAbstractionRefinementStrategy strategy. (PredicateCPA:PredicateCPARefiner.<init>, INFO)

Starting analysis ... (CPAchecker.runAlgorithm, INFO)

Shutdown requested (The CPU-time limit of 30s has elapsed.), waiting for termination. (ForceTerminationOnShutdown$1.shutdownRequested, WARNING)

Warning: Analysis interrupted (The CPU-time limit of 30s has elapsed.) (ShutdownNotifier.shutdownIfNecessary, WARNING)

PredicateCPA statistics
-----------------------
Number of abstractions:            177 (0% of all post computations)
  Times abstraction was reused:    0
  Because of function entry/exit:  146 (82%)
  Because of loop head:            21 (12%)
  Because of join nodes:           0 (0%)
  Because of threshold:            0 (0%)
  Because of target state:         10 (6%)
  Times precision was empty:       61 (34%)
  Times precision was {false}:     15 (8%)
  Times result was cached:         22 (12%)
  Times cartesian abs was used:    0 (0%)
  Times boolean abs was used:      79 (45%)
  Times result was 'false':        6 (3%)
Number of strengthen sat checks:   0
Number of coverage checks:         250214
  BDD entailment checks:           134
Number of SMT sat checks:          0
  trivial:                         0
  cached:                          0

Max ABE block size:                       2518
Number of predicates discovered:          15
Number of abstraction locations:          8
Max number of predicates per location:    14
Avg number of predicates per location:    11
Total predicates per abstraction:         1253
Max number of predicates per abstraction: 14
Avg number of predicates per abstraction: 13.33
Number of irrelevant predicates:          182 (15%)
Number of preds handled by boolean abs:   895 (71%)
  Total number of models for allsat:      12365
  Max number of models for allsat:        2304
  Avg number of models for allsat:        156.52

Time for post operator:                  4.073s
  Time for path formula creation:        3.902s
Time for strengthen operator:            0.339s
Time for prec operator:                 10.005s
  Time for abstraction:                  9.727s (Max:     1.238s, Count: 177)
    Boolean abstraction:                 8.471s
    Solving time:                        1.631s (Max:     0.088s)
    Model enumeration time:              6.332s
    Time for BDD construction:           0.582s (Max:     0.308s)
Time for merge operator:                 0.790s
Time for coverage check:                 0.053s
  Time for BDD entailment checks:        0.017s
Total time for SMT solver (w/o itp):     7.964s

Number of path formula cache hits:   250692 (66%)

Inside post operator:                  
  Inside path formula creation:        
    Time for path formula computation:     3.698s

Total number of created targets for pointer analysis: 0


Number of BDD nodes:                               40434
Size of BDD node table:                            270749
Size of BDD cache:                                 27073
Size of BDD node cleanup queue:                        2292 (count: 1629, min: 0, max: 565, avg: 1.41)
Time for BDD node cleanup:                             0.003s
Time for BDD garbage collection:                       0.000s (in 0 runs)

PrecisionBootstrap statistics
-----------------------------
Init. function predicates:                         0
Init. global predicates:                           0
Init. location predicates:                         0

Invariant Generation statistics
-------------------------------

AutomatonAnalysis (SVCOMP) statistics
-------------------------------------
Number of states:                                  1
Total time for successor computation:                  0.583s
  Time for transition matches:                         0.247s
  Time for transition assertions:                      0.007s
  Time for transition actions:                         0.001s
Automaton transfers with branching:                0
Automaton transfer successors:                       306684 (count: 307188, min: 0, max: 1, avg: 1.00) [0 x 504, 1 x 306684]

CPA algorithm statistics
------------------------
Number of iterations:            148373
Max size of waitlist:            78
Average size of waitlist:        38
Number of computed successors:   273646
Max successors for one state:    2
Number of times merged:          125040
Number of times stopped:         125075
Number of times breaked:         4

Total time for CPA algorithm:        23.272s (Max:     7.955s)
  Time for choose from waitlist:      0.168s
  Time for precision adjustment:     11.669s
  Time for transfer relation:         7.340s
  Time for merge operator:            2.460s
  Time for stop operator:             0.495s
  Time for adding to reached set:     0.298s

Predicate-Abstraction Refiner statistics
----------------------------------------
Number of predicate refinements:                   4
Avg. length of target path (in blocks):                  38 (count: 4, min: 6, max: 12, avg: 9.50)
Number of infeasible sliced prefixes:                     0 (count: 0, min: 0, max: 0, avg: 0.00)

Time for refinement:                                   1.642s
  Counterexample analysis:                             0.967s (Max:     0.343s, Calls: 4)
    Refinement sat check:                              0.743s
    Interpolant computation:                           0.000s
  Path-formulas extraction:                            0.000s
  Error path post-processing:                          0.000s
  Predicate creation:                                  0.021s
  Precision update:                                    0.010s
  ARG update:                                          0.540s

Length of refined path (in blocks):                      38 (count: 4, min: 6, max: 12, avg: 9.50)
Number of affected states:                               34 (count: 4, min: 5, max: 11, avg: 8.50)
Length (states) of path with itp 'true':                  0 (count: 4, min: 0, max: 0, avg: 0.00)
Length (states) of path with itp non-trivial itp:        34 (count: 4, min: 5, max: 11, avg: 8.50)
Length (states) of path with itp 'false':                 0 (count: 4, min: 0, max: 0, avg: 0.00)
Different non-trivial interpolants along paths:           4 (count: 4, min: 0, max: 2, avg: 1.00)
Equal non-trivial interpolants along paths:              26 (count: 4, min: 4, max: 8, avg: 6.50)
Number of refs with location-based cutoff:                0

CEGAR algorithm statistics
--------------------------
Number of refinements:                4
Number of successful refinements:     4
Number of failed refinements:         0
Max. size of reached set before ref.: 49105
Max. size of reached set after ref.:  3
Avg. size of reached set before ref.: 30621.75
Avg. size of reached set after ref.:  3.00

Total time for CEGAR algorithm:      25.256s
Time for refinements:                 1.984s
Average time for refinement:          0.496s
Max time for refinement:              0.607s

Code Coverage
-----------------------------
  Function coverage:      0.800
  Visited lines:          2693
  Total lines:            4723
  Line coverage:          0.570
  Visited conditions:     9882
  Total conditions:       17908
  Condition coverage:     0.552

CPAchecker general statistics
-----------------------------
Number of program locations:     13023
Number of CFA edges:             21976
Number of relevant variables:    14
Number of functions:             5
Number of loops:                 1
Size of reached set:             26090
  Number of reached locations:   5836 (45%)
    Avg states per location:     4
    Max states per location:     9 (at node N0)
  Number of reached functions:   4 (80%)
  Number of partitions:          26077
    Avg size of partitions:      1
    Max size of partitions:      8 (with key [N14474 (before lines 4816-4826), Function main called from node N14471, stack depth 1 [22ba30b0], stack [main]])
  Number of target states:       0
  Size of final wait list        75

Time for analysis setup:          5.066s
  Time for loading CPAs:          0.825s
  Time for loading parser:        0.518s
  Time for CFA construction:      3.475s
    Time for parsing file(s):     0.600s
    Time for AST to CFA:          1.119s
    Time for CFA sanity check:    0.830s
    Time for post-processing:     0.970s
      Time for var class.:        0.468s
Time for Analysis:               25.256s
CPU time for analysis:           25.250s
Total time for CPAchecker:       30.324s
Total CPU time for CPAchecker:   30.310s
Time for statistics:              0.554s

Time for Garbage Collector:       1.891s (in 100 runs)
Garbage Collector(s) used:    Copy, MarkSweepCompact
Used heap memory:                152MB (   145 MiB) max;     87MB (    83 MiB) avg;    167MB (   159 MiB) peak
Used non-heap memory:             39MB (    38 MiB) max;     34MB (    32 MiB) avg;     39MB (    38 MiB) peak
Allocated heap memory:           196MB (   187 MiB) max;    141MB (   135 MiB) avg
Allocated non-heap memory:        40MB (    39 MiB) max;     37MB (    35 MiB) avg
Total process virtual memory:   8158MB (  7780 MiB) max;   8079MB (  7705 MiB) avg

Verification result: UNKNOWN, incomplete analysis.
More details about the verification run can be found in the directory "./output".
