scripts/cpa.sh -Dy-MySearchStrategy-PredAbs-ABElf -heap 5600000000 -timelimit 30 -preprocess -stats -noout -setprop cpa.predicate.memoryAllocationsAlwaysSucceed=true -spec ../sv-benchmarks/c/ReachSafety.prp ../sv-benchmarks/c/product-lines/minepump_spec1_product13_true-unreach-call_false-termination.cil.c


--------------------------------------------------------------------------------


Running CPAchecker with Java heap of size 5600000000.
Running CPAchecker with default stack size (1024k). Specify a larger value with -stack if needed.
Running CPAchecker with the following extra VM options:  -Djava.io.tmpdir=/tmp/BenchExec_run_uk4dj_b7/tmp
Using the following resource limits: CPU-time limit of 30s (ResourceLimitChecker.fromConfiguration, INFO)

CPAchecker (unknown version) (OpenJDK 64-Bit Server VM 1.8.0_151) started (CPAchecker.run, INFO)

line 356: Dead code detected: return (retValue_acc); (CFACreationUtils.addEdgeToCFA, INFO)

line 402: Dead code detected: return (retValue_acc); (CFACreationUtils.addEdgeToCFA, INFO)

line 456: Dead code detected: return (retValue_acc); (CFACreationUtils.addEdgeToCFA, INFO)

line 488: Dead code detected: return (retValue_acc); (CFACreationUtils.addEdgeToCFA, INFO)

line 512: Dead code detected: return (retValue_acc); (CFACreationUtils.addEdgeToCFA, INFO)

line 535: Dead code detected: return (retValue_acc); (CFACreationUtils.addEdgeToCFA, INFO)

line 634: Dead code detected: return (retValue_acc); (CFACreationUtils.addEdgeToCFA, INFO)

line 833: Dead code detected: return (retValue_acc); (CFACreationUtils.addEdgeToCFA, INFO)

line 842: Dead code detected: return (retValue_acc); (CFACreationUtils.addEdgeToCFA, INFO)

line 193: Function pointer *__cil_tmp10 with type int (*)(int, int) is called, but no possible target functions were found. (CFunctionPointerResolver.replaceFunctionPointerCall, WARNING)

MathSAT5 is available for research and evaluation purposes only. It can not be used in a commercial environment, particularly as part of a commercial product, without written permission. MathSAT5 is provided as is, without any warranty. Please write to mathsat@fbk.eu for additional questions regarding licensing MathSAT5 or obtaining more up-to-date versions. (PredicateCPA:JavaSMT:Mathsat5SolverContext.<init>, WARNING)

Using predicate analysis with MathSAT5 version 5.3.14 (0b98b661254c) (Nov 17 2016 10:59:45, gmp 5.1.3, gcc 4.8.5, 64-bit) and JFactory 1.21. (PredicateCPA:PredicateCPA.<init>, INFO)

Using refinement for predicate analysis with PredicateAbstractionRefinementStrategy strategy. (PredicateCPA:PredicateCPARefiner.<init>, INFO)

Starting analysis ... (CPAchecker.runAlgorithm, INFO)

Stopping analysis ... (CPAchecker.runAlgorithm, INFO)

PredicateCPA statistics
-----------------------
Number of abstractions:            3828 (26% of all post computations)
  Times abstraction was reused:    0
  Because of function entry/exit:  3762 (98%)
  Because of loop head:            51 (1%)
  Because of join nodes:           0 (0%)
  Because of threshold:            0 (0%)
  Because of target state:         15 (0%)
  Times precision was empty:       1376 (36%)
  Times precision was {false}:     54 (1%)
  Times result was cached:         2273 (59%)
  Times cartesian abs was used:    0 (0%)
  Times boolean abs was used:      125 (3%)
  Times result was 'false':        247 (6%)
Number of strengthen sat checks:   0
Number of coverage checks:         1297
  BDD entailment checks:           559
Number of SMT sat checks:          0
  trivial:                         0
  cached:                          0

Max ABE block size:                       9
Number of predicates discovered:          6
Number of abstraction locations:          34
Max number of predicates per location:    3
Avg number of predicates per location:    2
Total predicates per abstraction:         4348
Max number of predicates per abstraction: 3
Avg number of predicates per abstraction: 24.29
Number of irrelevant predicates:          2137 (49%)
Number of preds handled by boolean abs:   181 (4%)
  Total number of models for allsat:      149
  Max number of models for allsat:        2
  Avg number of models for allsat:        1.19

Time for post operator:                  0.567s
  Time for path formula creation:        0.537s
Time for strengthen operator:            0.023s
Time for prec operator:                  1.261s
  Time for abstraction:                  1.095s (Max:     0.019s, Count: 3828)
    Boolean abstraction:                 0.202s
    Solving time:                        0.165s (Max:     0.009s)
    Model enumeration time:              0.013s
    Time for BDD construction:           0.037s (Max:     0.012s)
Time for merge operator:                 0.026s
Time for coverage check:                 0.015s
  Time for BDD entailment checks:        0.015s
Total time for SMT solver (w/o itp):     0.178s

Number of path formula cache hits:   13852 (78%)

Inside post operator:                  
  Inside path formula creation:        
    Time for path formula computation:     0.481s

Total number of created targets for pointer analysis: 0


Number of BDD nodes:                               213
Size of BDD node table:                            270749
Size of BDD cache:                                 27073
Size of BDD node cleanup queue:                         274 (count: 3009, min: 0, max: 104, avg: 0.09)
Time for BDD node cleanup:                             0.004s
Time for BDD garbage collection:                       0.000s (in 0 runs)

PrecisionBootstrap statistics
-----------------------------
Init. function predicates:                         0
Init. global predicates:                           0
Init. location predicates:                         0

Invariant Generation statistics
-------------------------------

AutomatonAnalysis (SVCOMP) statistics
-------------------------------------
Number of states:                                  1
Total time for successor computation:                  0.158s
Automaton transfers with branching:                0
Automaton transfer successors:                        14721 (count: 14721, min: 1, max: 1, avg: 1.00) [1 x 14721]

CPA algorithm statistics
------------------------
Number of iterations:            11326
Max size of waitlist:            48
Average size of waitlist:        18
Number of computed successors:   12779
Max successors for one state:    2
Number of times merged:          369
Number of times stopped:         811
Number of times breaked:         15

Total time for CPA algorithm:         3.279s (Max:     0.487s)
  Time for choose from waitlist:      0.020s
  Time for precision adjustment:      1.492s
  Time for transfer relation:         1.351s
  Time for merge operator:            0.068s
  Time for stop operator:             0.073s
  Time for adding to reached set:     0.080s

Predicate-Abstraction Refiner statistics
----------------------------------------
Number of predicate refinements:                   15
Avg. length of target path (in blocks):                 383 (count: 15, min: 19, max: 36, avg: 25.53)
Number of infeasible sliced prefixes:                     0 (count: 0, min: 0, max: 0, avg: 0.00)

Time for refinement:                                   0.275s
  Counterexample analysis:                             0.155s (Max:     0.023s, Calls: 15)
    Refinement sat check:                              0.064s
    Interpolant computation:                           0.000s
  Path-formulas extraction:                            0.000s
  Error path post-processing:                          0.000s
  Predicate creation:                                  0.022s
  Precision update:                                    0.005s
  ARG update:                                          0.080s

Length of refined path (in blocks):                     281 (count: 15, min: 13, max: 28, avg: 18.73)
Number of affected states:                              266 (count: 15, min: 12, max: 27, avg: 17.73)
Length (states) of path with itp 'true':                  0 (count: 15, min: 0, max: 0, avg: 0.00)
Length (states) of path with itp non-trivial itp:       266 (count: 15, min: 12, max: 27, avg: 17.73)
Length (states) of path with itp 'false':                15 (count: 15, min: 1, max: 1, avg: 1.00)
Different non-trivial interpolants along paths:           3 (count: 15, min: 0, max: 1, avg: 0.20)
Equal non-trivial interpolants along paths:             248 (count: 15, min: 11, max: 26, avg: 16.53)
Number of refs with location-based cutoff:                0

CEGAR algorithm statistics
--------------------------
Number of refinements:                15
Number of successful refinements:     15
Number of failed refinements:         0
Max. size of reached set before ref.: 1006
Max. size of reached set after ref.:  3
Avg. size of reached set before ref.: 735.93
Avg. size of reached set after ref.:  3.00

Total time for CEGAR algorithm:       3.629s
Time for refinements:                 0.339s
Average time for refinement:          0.022s
Max time for refinement:              0.061s

Code Coverage
-----------------------------
  Function coverage:      0.485
  Visited lines:          96
  Total lines:            408
  Line coverage:          0.235
  Visited conditions:     28
  Total conditions:       64
  Condition coverage:     0.438

CPAchecker general statistics
-----------------------------
Number of program locations:     578
Number of CFA edges:             621
Number of relevant variables:    106
Number of functions:             33
Number of loops:                 5
Size of reached set:             728
  Number of reached locations:   127 (22%)
    Avg states per location:     5
    Max states per location:     32 (at node N446)
  Number of reached functions:   16 (48%)
  Number of partitions:          725
    Avg size of partitions:      1
    Max size of partitions:      2 (with key [N470 (before lines 675-720), Function test called from node N427, stack depth 3 [76dc36e5], stack [main, runTest, test]])
  Number of target states:       0

Time for analysis setup:          2.008s
  Time for loading CPAs:          0.564s
  Time for loading parser:        0.408s
  Time for CFA construction:      0.861s
    Time for parsing file(s):     0.318s
    Time for AST to CFA:          0.224s
    Time for CFA sanity check:    0.044s
    Time for post-processing:     0.161s
      Time for var class.:        0.060s
Time for Analysis:                3.629s
CPU time for analysis:            3.630s
Time for analyzing result:        0.001s
Total time for CPAchecker:        5.640s
Total CPU time for CPAchecker:    5.640s
Time for statistics:              0.083s

Time for Garbage Collector:       0.113s (in 8 runs)
Garbage Collector(s) used:    Copy, MarkSweepCompact
Used heap memory:                 59MB (    56 MiB) max;     36MB (    34 MiB) avg;     64MB (    61 MiB) peak
Used non-heap memory:             34MB (    33 MiB) max;     28MB (    27 MiB) avg;     35MB (    34 MiB) peak
Allocated heap memory:           127MB (   121 MiB) max;    127MB (   121 MiB) avg
Allocated non-heap memory:        37MB (    35 MiB) max;     30MB (    29 MiB) avg
Total process virtual memory:   8019MB (  7648 MiB) max;   7991MB (  7621 MiB) avg

Verification result: TRUE. No property violation found by chosen configuration.
More details about the verification run can be found in the directory "./output".
