scripts/cpa.sh -Dy-MySearchStrategy-PredAbs-ABElf -heap 9600000000 -timelimit 30 -preprocess -stats -noout -setprop cpa.predicate.memoryAllocationsAlwaysSucceed=true -spec ../sv-benchmarks/c/ReachSafety.prp ../sv-benchmarks/c/ldv-consumption/32_7a_cilled_true-unreach-call_linux-3.8-rc1-drivers--scsi--scsi_tgt.ko-main.cil.out.c


--------------------------------------------------------------------------------


Running CPAchecker with Java heap of size 9600000000.
Running CPAchecker with default stack size (1024k). Specify a larger value with -stack if needed.
Running CPAchecker with the following extra VM options:  -Djava.io.tmpdir=/tmp/BenchExec_run_knc5odwf/tmp
Using the following resource limits: CPU-time limit of 30s (ResourceLimitChecker.fromConfiguration, INFO)

CPAchecker 1.6.1-svn 6608050+ (OpenJDK 64-Bit Server VM 1.8.0_151) started (CPAchecker.run, INFO)

line 7274: Dead code detected: return (ldv_func_res); (CFACreationUtils.addEdgeToCFA, INFO)

line 7895: Dead code detected: return (ldv_func_res); (CFACreationUtils.addEdgeToCFA, INFO)

Inline assembler ignored, analysis is probably unsound! (CFABuilder.createCFA, WARNING)

line 7315: Function pointer *(p->_qproc) with type void (*)(struct file *, wait_queue_head_t *, struct poll_table_struct *) is called, but no possible target functions were found. (CFunctionPointerResolver.replaceFunctionPointerCall, WARNING)

line 6878: Function pointer *(shost->hostt->eh_abort_handler) with type int (*)(struct scsi_cmnd *) is called, but no possible target functions were found. (CFunctionPointerResolver.replaceFunctionPointerCall, WARNING)

line 6749: Function pointer *(shost->hostt->eh_abort_handler) with type int (*)(struct scsi_cmnd *) is called, but no possible target functions were found. (CFunctionPointerResolver.replaceFunctionPointerCall, WARNING)

line 7095: Function pointer *(shost->transportt->it_nexus_response) with type int (*)(struct Scsi_Host *, u64 , int) is called, but no possible target functions were found. (CFunctionPointerResolver.replaceFunctionPointerCall, WARNING)

line 7042: Function pointer *(shost->transportt->tsk_mgmt_response) with type int (*)(struct Scsi_Host *, u64 , u64 , int) is called, but no possible target functions were found. (CFunctionPointerResolver.replaceFunctionPointerCall, WARNING)

line 6806: Function pointer *(shost->hostt->transfer_response) with type int (*)(struct scsi_cmnd *, void (*)(struct scsi_cmnd *)) is called, but no possible target functions were found. (CFunctionPointerResolver.replaceFunctionPointerCall, WARNING)

MathSAT5 is available for research and evaluation purposes only. It can not be used in a commercial environment, particularly as part of a commercial product, without written permission. MathSAT5 is provided as is, without any warranty. Please write to mathsat@fbk.eu for additional questions regarding licensing MathSAT5 or obtaining more up-to-date versions. (PredicateCPA:JavaSMT:Mathsat5SolverContext.<init>, WARNING)

Using predicate analysis with MathSAT5 version 5.3.14 (0b98b661254c) (Nov 17 2016 10:59:45, gmp 5.1.3, gcc 4.8.5, 64-bit) and JFactory 1.21. (PredicateCPA:PredicateCPA.<init>, INFO)

Using refinement for predicate analysis with PredicateAbstractionRefinementStrategy strategy. (PredicateCPA:PredicateCPARefiner.<init>, INFO)

Starting analysis ... (CPAchecker.runAlgorithm, INFO)

Assuming external function kmem_cache_create to be a pure function. (PredicateCPA:ExpressionToFormulaVisitor.visit, INFO)

Assuming external function __alloc_workqueue_key to be a pure function. (PredicateCPA:ExpressionToFormulaVisitor.visit, INFO)

Assuming external function kmem_cache_destroy to be a pure function. (PredicateCPA:ExpressionToFormulaVisitor.visit, INFO)

Assuming external function __raw_spin_lock_init to be a pure function. (PredicateCPA:ExpressionToFormulaVisitor.visit, INFO)

Assuming external function get_zeroed_page to be a pure function. (PredicateCPA:ExpressionToFormulaVisitor.visit, INFO)

Assuming external function misc_register to be a pure function. (PredicateCPA:ExpressionToFormulaVisitor.visit, INFO)

Assuming external function free_pages to be a pure function. (PredicateCPA:ExpressionToFormulaVisitor.visit, INFO)

Assuming external function destroy_workqueue to be a pure function. (PredicateCPA:ExpressionToFormulaVisitor.visit, INFO)

Assuming external function ldv_tgt_fops_release_1 to be a constant function. (PredicateCPA:ExpressionToFormulaVisitor.visit, INFO)

Assuming external function noop_llseek to be a pure function. (PredicateCPA:ExpressionToFormulaVisitor.visit, INFO)

line 7315: Ignoring function call through function pointer *(p->_qproc): (*(p->_qproc))(filp, wait_address, p); (PredicateCPA:ExpressionToFormulaVisitor.visit, WARNING)

Assuming external function __phys_addr to be a pure function. (PredicateCPA:ExpressionToFormulaVisitor.visit, INFO)

Assuming external function vm_insert_page to be a pure function. (PredicateCPA:ExpressionToFormulaVisitor.visit, INFO)

Assuming external function _raw_spin_unlock_irqrestore to be a pure function. (PredicateCPA:ExpressionToFormulaVisitor.visit, INFO)

Assuming external function scsi_host_lookup to be a pure function. (PredicateCPA:ExpressionToFormulaVisitor.visit, INFO)

Assuming external function scsi_host_put to be a pure function. (PredicateCPA:ExpressionToFormulaVisitor.visit, INFO)

Assuming external function list_del to be a pure function. (PredicateCPA:ExpressionToFormulaVisitor.visit, INFO)

line 6398: Return type of function __builtin_object_size is void, but result is used as type int: tmp = __builtin_object_size((const void *)to, 0); (PredicateCPA:CtoFormulaConverter.getReturnType, WARNING)

Assuming external function __builtin_object_size to be a pure function. (PredicateCPA:ExpressionToFormulaVisitor.visit, INFO)

Cannot get declaration of function __builtin_object_size, ignoring calls to it. (PredicateCPA:ExpressionToFormulaVisitor.visit, WARNING)

Assuming external function might_fault to be a constant function. (PredicateCPA:ExpressionToFormulaVisitor.visit, INFO)

Assuming external function _copy_from_user to be a pure function. (PredicateCPA:ExpressionToFormulaVisitor.visit, INFO)

Assuming external function warn_slowpath_fmt to be a pure function. (PredicateCPA:ExpressionToFormulaVisitor.visit, INFO)

Assuming external function blk_rq_map_user to be a pure function. (PredicateCPA:ExpressionToFormulaVisitor.visit, INFO)

Assuming external function scsi_init_io to be a pure function. (PredicateCPA:ExpressionToFormulaVisitor.visit, INFO)

Assuming external function scsi_release_buffers to be a pure function. (PredicateCPA:ExpressionToFormulaVisitor.visit, INFO)

Assuming external function blk_rq_unmap_user to be a pure function. (PredicateCPA:ExpressionToFormulaVisitor.visit, INFO)

line 6878: Ignoring function call through function pointer *(shost->hostt->eh_abort_handler): err = (*(shost->hostt->eh_abort_handler))(cmd); (PredicateCPA:ExpressionToFormulaVisitor.visit, WARNING)

Assuming external function kmem_cache_free to be a pure function. (PredicateCPA:ExpressionToFormulaVisitor.visit, INFO)

Assuming external function __blk_put_request to be a pure function. (PredicateCPA:ExpressionToFormulaVisitor.visit, INFO)

Assuming external function __scsi_put_command to be a pure function. (PredicateCPA:ExpressionToFormulaVisitor.visit, INFO)

line 6806: Ignoring function call through function pointer *(shost->hostt->transfer_response): err = (*(shost->hostt->transfer_response))(cmd, &scsi_tgt_cmd_done); (PredicateCPA:ExpressionToFormulaVisitor.visit, WARNING)

Assuming external function __list_add to be a pure function. (PredicateCPA:ExpressionToFormulaVisitor.visit, INFO)

Shutdown requested (The CPU-time limit of 30s has elapsed.), waiting for termination. (ForceTerminationOnShutdown$1.shutdownRequested, WARNING)

Warning: Analysis interrupted (The CPU-time limit of 30s has elapsed.) (ShutdownNotifier.shutdownIfNecessary, WARNING)

PredicateCPA statistics
-----------------------
Number of abstractions:            105636 (17% of all post computations)
  Times abstraction was reused:    0
  Because of function entry/exit:  95782 (91%)
  Because of loop head:            9770 (9%)
  Because of join nodes:           0 (0%)
  Because of threshold:            0 (0%)
  Because of target state:         84 (0%)
  Times precision was empty:       48807 (46%)
  Times precision was {false}:     497 (0%)
  Times result was cached:         55346 (52%)
  Times cartesian abs was used:    0 (0%)
  Times boolean abs was used:      986 (1%)
  Times result was 'false':        1810 (2%)
Number of strengthen sat checks:   0
Number of coverage checks:         77183
  BDD entailment checks:           31547
Number of SMT sat checks:          0
  trivial:                         0
  cached:                          0

Max ABE block size:                       20
Number of predicates discovered:          6
Number of abstraction locations:          102
Max number of predicates per location:    5
Avg number of predicates per location:    3
Total predicates per abstraction:         180290
Max number of predicates per abstraction: 5
Avg number of predicates per abstraction: 121.57
Number of irrelevant predicates:          100223 (56%)
Number of preds handled by boolean abs:   2016 (1%)
  Total number of models for allsat:      1003
  Max number of models for allsat:        3
  Avg number of models for allsat:        1.02

Time for post operator:                  5.208s
  Time for path formula creation:        4.974s
Time for strengthen operator:            0.515s
Time for prec operator:                  9.562s
  Time for abstraction:                  8.636s (Max:     0.060s, Count: 105636)
    Boolean abstraction:                 1.120s
    Solving time:                        1.281s (Max:     0.058s)
    Model enumeration time:              0.106s
    Time for BDD construction:           0.090s (Max:     0.012s)
Time for merge operator:                 0.308s
Time for coverage check:                 0.077s
  Time for BDD entailment checks:        0.063s
Total time for SMT solver (w/o itp):     1.387s

Number of path formula cache hits:   661791 (90%)

Inside post operator:                  
  Inside path formula creation:        
    Time for path formula computation:     4.126s

Total number of created targets for pointer analysis: 2402
   Number of created targets for uf: *unsigned_int is 32
   Number of created targets for uf: *unsigned_long_int is 1985


Number of BDD nodes:                               318
Size of BDD node table:                            464047
Size of BDD cache:                                 46411
Size of BDD node cleanup queue:                        2139 (count: 89248, min: 0, max: 182, avg: 0.02)
Time for BDD node cleanup:                             0.012s
Time for BDD garbage collection:                       0.000s (in 0 runs)

PrecisionBootstrap statistics
-----------------------------
Init. function predicates:                         0
Init. global predicates:                           0
Init. location predicates:                         0

Invariant Generation statistics
-------------------------------

AutomatonAnalysis (SVCOMP) statistics
-------------------------------------
Number of states:                                  1
Total time for successor computation:                  0.643s
  Time for transition matches:                         0.347s
  Time for transition assertions:                      0.000s
  Time for transition actions:                         0.000s
Automaton transfers with branching:                0
Automaton transfer successors:                       618479 (count: 618479, min: 1, max: 1, avg: 1.00) [1 x 618479]

CPA algorithm statistics
------------------------
Number of iterations:            400577
Max size of waitlist:            29
Average size of waitlist:        15
Number of computed successors:   447143
Max successors for one state:    2
Number of times merged:          22818
Number of times stopped:         44457
Number of times breaked:         84

Total time for CPA algorithm:        24.855s (Max:     1.176s)
  Time for choose from waitlist:      0.155s
  Time for precision adjustment:     11.790s
  Time for transfer relation:        10.001s
  Time for merge operator:            0.660s
  Time for stop operator:             0.530s
  Time for adding to reached set:     0.470s

Predicate-Abstraction Refiner statistics
----------------------------------------
Number of predicate refinements:                   84
Avg. length of target path (in blocks):                3303 (count: 84, min: 8, max: 67, avg: 39.32)
Number of infeasible sliced prefixes:                     0 (count: 0, min: 0, max: 0, avg: 0.00)

Time for refinement:                                   1.969s
  Counterexample analysis:                             1.189s (Max:     0.025s, Calls: 84)
    Refinement sat check:                              0.845s
    Interpolant computation:                           0.000s
  Path-formulas extraction:                            0.000s
  Error path post-processing:                          0.000s
  Predicate creation:                                  0.089s
  Precision update:                                    0.094s
  ARG update:                                          0.555s

Length of refined path (in blocks):                    3186 (count: 84, min: 4, max: 66, avg: 37.93)
Number of affected states:                             2999 (count: 84, min: 1, max: 64, avg: 35.70)
Length (states) of path with itp 'true':                103 (count: 84, min: 1, max: 16, avg: 1.23)
Length (states) of path with itp non-trivial itp:      2999 (count: 84, min: 1, max: 64, avg: 35.70)
Length (states) of path with itp 'false':                84 (count: 84, min: 1, max: 1, avg: 1.00)
Different non-trivial interpolants along paths:           0 (count: 84, min: 0, max: 0, avg: 0.00)
Equal non-trivial interpolants along paths:            2915 (count: 84, min: 0, max: 63, avg: 34.70)
Number of refs with location-based cutoff:                0

CEGAR algorithm statistics
--------------------------
Number of refinements:                84
Number of successful refinements:     84
Number of failed refinements:         0
Max. size of reached set before ref.: 8152
Max. size of reached set after ref.:  205
Avg. size of reached set before ref.: 4779.31
Avg. size of reached set after ref.:  8.46

Total time for CEGAR algorithm:      27.072s
Time for refinements:                 2.215s
Average time for refinement:          0.026s
Max time for refinement:              0.067s

Code Coverage
-----------------------------
  Function coverage:      0.092
  Visited lines:          1120
  Total lines:            2047
  Line coverage:          0.547
  Visited conditions:     34
  Total conditions:       276
  Condition coverage:     0.123

CPAchecker general statistics
-----------------------------
Number of program locations:     2597
Number of CFA edges:             2769
Number of relevant variables:    252
Number of functions:             98
Number of loops:                 10
Size of reached set:             125
  Number of reached locations:   104 (4%)
    Avg states per location:     1
    Max states per location:     2 (at node N22)
  Number of reached functions:   9 (9%)
  Number of partitions:          125
    Avg size of partitions:      1
    Max size of partitions:      1
  Number of target states:       0
  Size of final wait list        6

Time for analysis setup:          3.287s
  Time for loading CPAs:          0.607s
  Time for loading parser:        0.411s
  Time for CFA construction:      2.178s
    Time for parsing file(s):     0.579s
    Time for AST to CFA:          0.762s
    Time for CFA sanity check:    0.143s
    Time for post-processing:     0.537s
      Time for var class.:        0.210s
Time for Analysis:               27.072s
CPU time for analysis:           27.080s
Total time for CPAchecker:       30.362s
Total CPU time for CPAchecker:   30.360s
Time for statistics:              0.049s

Time for Garbage Collector:       0.881s (in 89 runs)
Garbage Collector(s) used:    Copy, MarkSweepCompact
Used heap memory:                130MB (   124 MiB) max;     80MB (    76 MiB) avg;    139MB (   132 MiB) peak
Used non-heap memory:             39MB (    38 MiB) max;     36MB (    34 MiB) avg;     40MB (    38 MiB) peak
Allocated heap memory:           255MB (   243 MiB) max;    255MB (   243 MiB) avg
Allocated non-heap memory:        41MB (    39 MiB) max;     38MB (    36 MiB) avg
Total process virtual memory:  12146MB ( 11584 MiB) max;  12137MB ( 11575 MiB) avg

Verification result: UNKNOWN, incomplete analysis.
More details about the verification run can be found in the directory "./output".
