scripts/cpa.sh -Dy-MySearchStrategy-PredAbs-ABElf -heap 5600000000 -timelimit 900 -preprocess -stats -noout -setprop cpa.predicate.memoryAllocationsAlwaysSucceed=true -spec ../sv-benchmarks/c/ReachSafety.prp ../sv-benchmarks/c/ldv-linux-3.16-rc1/43_2a_consumption_linux-3.16-rc1.tar.xz-43_2a-drivers--input--gameport--ns558.ko-entry_point_true-unreach-call.cil.out.c


--------------------------------------------------------------------------------


Running CPAchecker with Java heap of size 5600000000.
Running CPAchecker with default stack size (1024k). Specify a larger value with -stack if needed.
Running CPAchecker with the following extra VM options:  -Djava.io.tmpdir=/tmp/BenchExec_run__je5szsd/tmp
Using the following resource limits: CPU-time limit of 900s (ResourceLimitChecker.fromConfiguration, INFO)

CPAchecker (unknown version) (OpenJDK 64-Bit Server VM 1.8.0_162) started (CPAchecker.run, INFO)

Inline assembler ignored, analysis is probably unsound! (CFABuilder.createCFA, WARNING)

MathSAT5 is available for research and evaluation purposes only. It can not be used in a commercial environment, particularly as part of a commercial product, without written permission. MathSAT5 is provided as is, without any warranty. Please write to mathsat@fbk.eu for additional questions regarding licensing MathSAT5 or obtaining more up-to-date versions. (PredicateCPA:JavaSMT:Mathsat5SolverContext.<init>, WARNING)

Using predicate analysis with MathSAT5 version 5.3.14 (0b98b661254c) (Nov 17 2016 10:59:45, gmp 5.1.3, gcc 4.8.5, 64-bit) and JFactory 1.21. (PredicateCPA:PredicateCPA.<init>, INFO)

Using refinement for predicate analysis with PredicateAbstractionRefinementStrategy strategy. (PredicateCPA:PredicateCPARefiner.<init>, INFO)

Starting analysis ... (CPAchecker.runAlgorithm, INFO)

line 2039: Destroying the void* pointer ldv_zalloc::tmp produces garbage or the memory pointed by it is unused: tmp = ldv_zalloc(16UL); (PredicateCPA:DynamicMemoryHandler.handleDeferredAllocationInFunctionExit, WARNING)

Assuming external function ldv_initialize to be a constant function. (PredicateCPA:ExpressionToFormulaVisitor.visit, INFO)

Assuming external function ldv_release_1 to be a constant function. (PredicateCPA:ExpressionToFormulaVisitor.visit, INFO)

Assuming external function pnp_register_driver to be a pure function. (PredicateCPA:ExpressionToFormulaVisitor.visit, INFO)

Assuming external function __request_region to be a pure function. (PredicateCPA:ExpressionToFormulaVisitor.visit, INFO)

Assuming external function msleep to be a pure function. (PredicateCPA:ExpressionToFormulaVisitor.visit, INFO)

Assuming external function __release_region to be a pure function. (PredicateCPA:ExpressionToFormulaVisitor.visit, INFO)

Assuming external function strlcpy to be a pure function. (PredicateCPA:ExpressionToFormulaVisitor.visit, INFO)

Assuming external function gameport_set_phys to be a pure function. (PredicateCPA:ExpressionToFormulaVisitor.visit, INFO)

Assuming external function __gameport_register_port to be a pure function. (PredicateCPA:ExpressionToFormulaVisitor.visit, INFO)

Assuming external function __list_add to be a pure function. (PredicateCPA:ExpressionToFormulaVisitor.visit, INFO)

Assuming external function ldv_check_final_state to be a constant function. (PredicateCPA:ExpressionToFormulaVisitor.visit, INFO)

Assuming external function pnp_unregister_driver to be a pure function. (PredicateCPA:ExpressionToFormulaVisitor.visit, INFO)

Assuming external function gameport_unregister_port to be a pure function. (PredicateCPA:ExpressionToFormulaVisitor.visit, INFO)

Assuming external function pnp_get_resource to be a pure function. (PredicateCPA:ExpressionToFormulaVisitor.visit, INFO)

Stopping analysis ... (CPAchecker.runAlgorithm, INFO)

PredicateCPA statistics
-----------------------
Number of abstractions:            4902 (20% of all post computations)
  Times abstraction was reused:    0
  Because of function entry/exit:  3910 (80%)
  Because of loop head:            969 (20%)
  Because of join nodes:           0 (0%)
  Because of threshold:            0 (0%)
  Because of target state:         23 (0%)
  Times precision was empty:       901 (18%)
  Times precision was {false}:     216 (4%)
  Times result was cached:         3630 (74%)
  Times cartesian abs was used:    0 (0%)
  Times boolean abs was used:      155 (3%)
  Times result was 'false':        183 (4%)
Number of strengthen sat checks:   0
Number of coverage checks:         3206
  BDD entailment checks:           1184
Number of SMT sat checks:          0
  trivial:                         0
  cached:                          0

Max ABE block size:                       18
Number of predicates discovered:          4
Number of abstraction locations:          69
Max number of predicates per location:    2
Avg number of predicates per location:    1
Total predicates per abstraction:         4659
Max number of predicates per abstraction: 2
Avg number of predicates per abstraction: 12.56
Number of irrelevant predicates:          1357 (29%)
Number of preds handled by boolean abs:   163 (3%)
  Total number of models for allsat:      168
  Max number of models for allsat:        2
  Avg number of models for allsat:        1.08

Time for post operator:                  1.606s
  Time for path formula creation:        1.491s
Time for strengthen operator:            0.095s
Time for prec operator:                  2.081s
  Time for abstraction:                  1.822s (Max:     0.028s, Count: 4902)
    Boolean abstraction:                 0.253s
    Solving time:                        0.231s (Max:     0.018s)
    Model enumeration time:              0.026s
    Time for BDD construction:           0.024s (Max:     0.008s)
Time for merge operator:                 0.070s
Time for coverage check:                 0.030s
  Time for BDD entailment checks:        0.028s
Total time for SMT solver (w/o itp):     0.257s

Number of path formula cache hits:   22947 (80%)

Inside post operator:                  
  Inside path formula creation:        
    Time for path formula computation:     1.380s

Total number of created targets for pointer analysis: 0


Number of BDD nodes:                               209
Size of BDD node table:                            270749
Size of BDD cache:                                 27073
Size of BDD node cleanup queue:                         326 (count: 4126, min: 0, max: 88, avg: 0.08)
Time for BDD node cleanup:                             0.008s
Time for BDD garbage collection:                       0.000s (in 0 runs)

PrecisionBootstrap statistics
-----------------------------
Init. function predicates:                         0
Init. global predicates:                           0
Init. location predicates:                         0

Invariant Generation statistics
-------------------------------

AutomatonAnalysis (SVCOMP) statistics
-------------------------------------
Number of states:                                  1
Total time for successor computation:                  0.250s
Automaton transfers with branching:                0
Automaton transfer successors:                        24275 (count: 24275, min: 1, max: 1, avg: 1.00) [1 x 24275]

CPA algorithm statistics
------------------------
Number of iterations:            16051
Max size of waitlist:            17
Average size of waitlist:        7
Number of computed successors:   18420
Max successors for one state:    2
Number of times merged:          1011
Number of times stopped:         1963
Number of times breaked:         23

Total time for CPA algorithm:         6.563s (Max:     0.710s)
  Time for choose from waitlist:      0.067s
  Time for precision adjustment:      2.645s
  Time for transfer relation:         3.024s
  Time for merge operator:            0.155s
  Time for stop operator:             0.102s
  Time for adding to reached set:     0.165s

Predicate-Abstraction Refiner statistics
----------------------------------------
Number of predicate refinements:                   23
Avg. length of target path (in blocks):                 858 (count: 23, min: 23, max: 62, avg: 37.30)
Number of infeasible sliced prefixes:                     0 (count: 0, min: 0, max: 0, avg: 0.00)

Time for refinement:                                   0.664s
  Counterexample analysis:                             0.428s (Max:     0.037s, Calls: 23)
    Refinement sat check:                              0.271s
    Interpolant computation:                           0.000s
  Path-formulas extraction:                            0.001s
  Error path post-processing:                          0.000s
  Predicate creation:                                  0.062s
  Precision update:                                    0.023s
  ARG update:                                          0.124s

Length of refined path (in blocks):                     803 (count: 23, min: 6, max: 61, avg: 34.91)
Number of affected states:                              762 (count: 23, min: 1, max: 60, avg: 33.13)
Length (states) of path with itp 'true':                 18 (count: 23, min: 0, max: 14, avg: 0.78)
Length (states) of path with itp non-trivial itp:       762 (count: 23, min: 1, max: 60, avg: 33.13)
Length (states) of path with itp 'false':                23 (count: 23, min: 1, max: 1, avg: 1.00)
Different non-trivial interpolants along paths:           0 (count: 23, min: 0, max: 0, avg: 0.00)
Equal non-trivial interpolants along paths:             739 (count: 23, min: 0, max: 59, avg: 32.13)
Number of refs with location-based cutoff:                0

CEGAR algorithm statistics
--------------------------
Number of refinements:                23
Number of successful refinements:     23
Number of failed refinements:         0
Max. size of reached set before ref.: 1414
Max. size of reached set after ref.:  124
Avg. size of reached set before ref.: 665.52
Avg. size of reached set after ref.:  9.13

Total time for CEGAR algorithm:       7.299s
Time for refinements:                 0.735s
Average time for refinement:          0.031s
Max time for refinement:              0.068s

Code Coverage
-----------------------------
  Function coverage:      0.658
  Visited lines:          634
  Total lines:            680
  Line coverage:          0.932
  Visited conditions:     102
  Total conditions:       114
  Condition coverage:     0.895

CPAchecker general statistics
-----------------------------
Number of program locations:     900
Number of CFA edges:             959
Number of relevant variables:    113
Number of functions:             38
Number of loops:                 8
Size of reached set:             1178
  Number of reached locations:   311 (35%)
    Avg states per location:     3
    Max states per location:     24 (at node N26)
  Number of reached functions:   25 (66%)
  Number of partitions:          1173
    Avg size of partitions:      1
    Max size of partitions:      3 (with key [N463 (before line 2048), Function main called from node N446, stack depth 1 [ebaa6cb], stack [main]])
  Number of target states:       0

Time for analysis setup:          3.865s
  Time for loading CPAs:          0.842s
  Time for loading parser:        0.721s
  Time for CFA construction:      2.197s
    Time for parsing file(s):     0.787s
    Time for AST to CFA:          0.613s
    Time for CFA sanity check:    0.111s
    Time for post-processing:     0.499s
      Time for var class.:        0.243s
Time for Analysis:                7.299s
CPU time for analysis:            7.300s
Time for analyzing result:        0.002s
Total time for CPAchecker:       11.170s
Total CPU time for CPAchecker:   11.160s
Time for statistics:              0.122s

Time for Garbage Collector:       0.152s (in 12 runs)
Garbage Collector(s) used:    Copy, MarkSweepCompact
Used heap memory:                 62MB (    59 MiB) max;     37MB (    36 MiB) avg;     65MB (    62 MiB) peak
Used non-heap memory:             36MB (    34 MiB) max;     30MB (    28 MiB) avg;     36MB (    35 MiB) peak
Allocated heap memory:           127MB (   121 MiB) max;    127MB (   121 MiB) avg
Allocated non-heap memory:        38MB (    36 MiB) max;     32MB (    30 MiB) avg
Total process virtual memory:   8087MB (  7712 MiB) max;   8056MB (  7683 MiB) avg

Verification result: TRUE. No property violation found by chosen configuration.
More details about the verification run can be found in the directory "./output".
