scripts/cpa.sh -Dy-MySearchStrategy-PredAbs-ABElf -heap 5600000000 -timelimit 900 -preprocess -stats -noout -setprop cpa.predicate.memoryAllocationsAlwaysSucceed=true -spec ../sv-benchmarks/c/ReachSafety.prp ../sv-benchmarks/c/ldv-consumption/linux-3.8-rc1-32_7a-drivers--net--dsa--mv88e6xxx_drv.ko-ldv_main2_true-unreach-call.cil.out.c


--------------------------------------------------------------------------------


Running CPAchecker with Java heap of size 5600000000.
Running CPAchecker with default stack size (1024k). Specify a larger value with -stack if needed.
Running CPAchecker with the following extra VM options:  -Djava.io.tmpdir=/tmp/BenchExec_run_x6sazxeu/tmp
Using the following resource limits: CPU-time limit of 900s (ResourceLimitChecker.fromConfiguration, INFO)

CPAchecker (unknown version) (OpenJDK 64-Bit Server VM 1.8.0_162) started (CPAchecker.run, INFO)

line 5584: Dead code detected: return (ldv_func_res); (CFACreationUtils.addEdgeToCFA, INFO)

line 5648: Dead code detected: return (ldv_func_res); (CFACreationUtils.addEdgeToCFA, INFO)

line 6498: Dead code detected: return (ldv_func_res); (CFACreationUtils.addEdgeToCFA, INFO)

line 7216: Dead code detected: return (ldv_func_res); (CFACreationUtils.addEdgeToCFA, INFO)

MathSAT5 is available for research and evaluation purposes only. It can not be used in a commercial environment, particularly as part of a commercial product, without written permission. MathSAT5 is provided as is, without any warranty. Please write to mathsat@fbk.eu for additional questions regarding licensing MathSAT5 or obtaining more up-to-date versions. (PredicateCPA:JavaSMT:Mathsat5SolverContext.<init>, WARNING)

Using predicate analysis with MathSAT5 version 5.3.14 (0b98b661254c) (Nov 17 2016 10:59:45, gmp 5.1.3, gcc 4.8.5, 64-bit) and JFactory 1.21. (PredicateCPA:PredicateCPA.<init>, INFO)

Using refinement for predicate analysis with PredicateAbstractionRefinementStrategy strategy. (PredicateCPA:PredicateCPARefiner.<init>, INFO)

Starting analysis ... (CPAchecker.runAlgorithm, INFO)

Assuming external function ldv_handler_precall to be a constant function. (PredicateCPA:ExpressionToFormulaVisitor.visit, INFO)

Assuming external function __mutex_init to be a pure function. (PredicateCPA:ExpressionToFormulaVisitor.visit, INFO)

Assuming external function __init_work to be a pure function. (PredicateCPA:ExpressionToFormulaVisitor.visit, INFO)

Assuming external function lockdep_init_map to be a pure function. (PredicateCPA:ExpressionToFormulaVisitor.visit, INFO)

Assuming external function mdiobus_read to be a pure function. (PredicateCPA:ExpressionToFormulaVisitor.visit, INFO)

Assuming external function init_timer_key to be a pure function. (PredicateCPA:ExpressionToFormulaVisitor.visit, INFO)

Assuming external function mdiobus_write to be a pure function. (PredicateCPA:ExpressionToFormulaVisitor.visit, INFO)

Assuming external function ldv_check_return_value to be a pure function. (PredicateCPA:ExpressionToFormulaVisitor.visit, INFO)

Assuming external function ldv_check_return_value_probe to be a pure function. (PredicateCPA:ExpressionToFormulaVisitor.visit, INFO)

Assuming external function mutex_lock to be a pure function. (PredicateCPA:ExpressionToFormulaVisitor.visit, INFO)

Assuming external function del_timer to be a pure function. (PredicateCPA:ExpressionToFormulaVisitor.visit, INFO)

Assuming external function mutex_unlock to be a pure function. (PredicateCPA:ExpressionToFormulaVisitor.visit, INFO)

Assuming external function usleep_range to be a pure function. (PredicateCPA:ExpressionToFormulaVisitor.visit, INFO)

Assuming external function mod_timer to be a pure function. (PredicateCPA:ExpressionToFormulaVisitor.visit, INFO)

Stopping analysis ... (CPAchecker.runAlgorithm, INFO)

PredicateCPA statistics
-----------------------
Number of abstractions:            352260 (21% of all post computations)
  Times abstraction was reused:    0
  Because of function entry/exit:  295719 (84%)
  Because of loop head:            54772 (16%)
  Because of join nodes:           0 (0%)
  Because of threshold:            0 (0%)
  Because of target state:         1769 (1%)
  Times precision was empty:       7427 (2%)
  Times precision was {false}:     1418 (0%)
  Times result was cached:         329242 (93%)
  Times cartesian abs was used:    0 (0%)
  Times boolean abs was used:      14173 (4%)
  Times result was 'false':        25745 (7%)
Number of strengthen sat checks:   0
Number of coverage checks:         265392
  BDD entailment checks:           72734
Number of SMT sat checks:          0
  trivial:                         0
  cached:                          0

Max ABE block size:                       27
Number of predicates discovered:          14
Number of abstraction locations:          176
Max number of predicates per location:    8
Avg number of predicates per location:    5
Total predicates per abstraction:         1539788
Max number of predicates per abstraction: 8
Avg number of predicates per abstraction: 98.76
Number of irrelevant predicates:          395414 (26%)
Number of preds handled by boolean abs:   44074 (3%)
  Total number of models for allsat:      14224
  Max number of models for allsat:        2
  Avg number of models for allsat:        1.00

Time for post operator:                  9.894s
  Time for path formula creation:        9.379s
Time for strengthen operator:            1.031s
Time for prec operator:                 56.774s
  Time for abstraction:                 54.132s (Max:     0.215s, Count: 352260)
    Boolean abstraction:                 6.521s
    Solving time:                        5.372s (Max:     0.033s)
    Model enumeration time:              0.512s
    Time for BDD construction:           0.286s (Max:     0.012s)
Time for merge operator:                 0.583s
Time for coverage check:                 0.122s
  Time for BDD entailment checks:        0.092s
Total time for SMT solver (w/o itp):     5.884s

Number of path formula cache hits:   1950103 (93%)

Inside post operator:                  
  Inside path formula creation:        
    Time for path formula computation:     6.828s

Total number of created targets for pointer analysis: 1014
   Number of created targets for uf: *signed_int is 81
   Number of created targets for uf: *unsigned_int is 2


Number of BDD nodes:                               990
Size of BDD node table:                            270749
Size of BDD cache:                                 27073
Size of BDD node cleanup queue:                       29731 (count: 173370, min: 0, max: 494, avg: 0.17)
Time for BDD node cleanup:                             0.052s
Time for BDD garbage collection:                       0.000s (in 0 runs)

PrecisionBootstrap statistics
-----------------------------
Init. function predicates:                         0
Init. global predicates:                           0
Init. location predicates:                         0

Invariant Generation statistics
-------------------------------

AutomatonAnalysis (SVCOMP) statistics
-------------------------------------
Number of states:                                  1
Total time for successor computation:                  2.061s
  Time for transition matches:                         1.122s
  Time for transition assertions:                      0.003s
  Time for transition actions:                         0.018s
Automaton transfers with branching:                0
Automaton transfer successors:                      1715496 (count: 1715496, min: 1, max: 1, avg: 1.00) [1 x 1715496]

CPA algorithm statistics
------------------------
Number of iterations:            1233858
Max size of waitlist:            32
Average size of waitlist:        13
Number of computed successors:   1428137
Max successors for one state:    2
Number of times merged:          96329
Number of times stopped:         158634
Number of times breaked:         1769

Total time for CPA algorithm:        91.671s (Max:     0.767s)
  Time for choose from waitlist:      0.353s
  Time for precision adjustment:     62.289s
  Time for transfer relation:        22.567s
  Time for merge operator:            1.595s
  Time for stop operator:             1.234s
  Time for adding to reached set:     1.113s

Predicate-Abstraction Refiner statistics
----------------------------------------
Number of predicate refinements:                   1769
Avg. length of target path (in blocks):              140105 (count: 1769, min: 9, max: 340, avg: 79.20)
Number of infeasible sliced prefixes:                     0 (count: 0, min: 0, max: 0, avg: 0.00)

Time for refinement:                                  36.015s
  Counterexample analysis:                            32.603s (Max:     0.134s, Calls: 1769)
    Refinement sat check:                             19.095s
    Interpolant computation:                           0.000s
  Path-formulas extraction:                            0.097s
  Error path post-processing:                          0.000s
  Predicate creation:                                  0.262s
  Precision update:                                    0.821s
  ARG update:                                          1.576s

Length of refined path (in blocks):                  138204 (count: 1769, min: 8, max: 339, avg: 78.13)
Number of affected states:                            37624 (count: 1769, min: 1, max: 201, avg: 21.27)
Length (states) of path with itp 'true':              98811 (count: 1769, min: 1, max: 327, avg: 55.86)
Length (states) of path with itp non-trivial itp:     37624 (count: 1769, min: 1, max: 201, avg: 21.27)
Length (states) of path with itp 'false':              1769 (count: 1769, min: 1, max: 1, avg: 1.00)
Different non-trivial interpolants along paths:           4 (count: 1769, min: 0, max: 1, avg: 0.00)
Equal non-trivial interpolants along paths:           35851 (count: 1769, min: 0, max: 200, avg: 20.27)
Number of refs with location-based cutoff:                0

CEGAR algorithm statistics
--------------------------
Number of refinements:                1769
Number of successful refinements:     1769
Number of failed refinements:         0
Max. size of reached set before ref.: 7153
Max. size of reached set after ref.:  6701
Avg. size of reached set before ref.: 4362.70
Avg. size of reached set after ref.:  3663.05

Total time for CEGAR algorithm:     136.341s
Time for refinements:                41.276s
Average time for refinement:          0.023s
Max time for refinement:              0.272s

Code Coverage
-----------------------------
  Function coverage:      0.400
  Visited lines:          1462
  Total lines:            2327
  Line coverage:          0.628
  Visited conditions:     264
  Total conditions:       600
  Condition coverage:     0.440

CPAchecker general statistics
-----------------------------
Number of program locations:     3078
Number of CFA edges:             3505
Number of relevant variables:    389
Number of functions:             125
Number of loops:                 25
Size of reached set:             6080
  Number of reached locations:   734 (24%)
    Avg states per location:     8
    Max states per location:     138 (at node N94)
  Number of reached functions:   50 (40%)
  Number of partitions:          6078
    Avg size of partitions:      1
    Max size of partitions:      2 (with key [N458 (before line 5213), Function mv88e6xxx_phy_write_ppu called from node N1918, stack depth 3 [28da307f], stack [main, mv88e6131_phy_write, mv88e6xxx_phy_write_ppu]])
  Number of target states:       0

Time for analysis setup:          4.203s
  Time for loading CPAs:          0.824s
  Time for loading parser:        0.498s
  Time for CFA construction:      2.792s
    Time for parsing file(s):     0.736s
    Time for AST to CFA:          1.099s
    Time for CFA sanity check:    0.197s
    Time for post-processing:     0.608s
      Time for var class.:        0.247s
Time for Analysis:              136.341s
CPU time for analysis:          136.300s
Time for analyzing result:        0.005s
Total time for CPAchecker:      140.547s
Total CPU time for CPAchecker:  140.500s
Time for statistics:              0.140s

Time for Garbage Collector:       5.676s (in 690 runs)
Garbage Collector(s) used:    Copy, MarkSweepCompact
Used heap memory:                160MB (   152 MiB) max;     92MB (    88 MiB) avg;    168MB (   160 MiB) peak
Used non-heap memory:             41MB (    39 MiB) max;     39MB (    37 MiB) avg;     42MB (    40 MiB) peak
Allocated heap memory:           175MB (   167 MiB) max;    151MB (   144 MiB) avg
Allocated non-heap memory:        43MB (    41 MiB) max;     42MB (    40 MiB) avg
Total process virtual memory:   8153MB (  7775 MiB) max;   8052MB (  7679 MiB) avg

Verification result: TRUE. No property violation found by chosen configuration.
More details about the verification run can be found in the directory "./output".
