scripts/cpa.sh -Dy-MySearchStrategy-PredAbs-ABElf -heap 5600000000 -timelimit 900 -preprocess -stats -noout -setprop cpa.predicate.memoryAllocationsAlwaysSucceed=true -spec ../sv-benchmarks/c/ReachSafety.prp ../sv-benchmarks/c/product-lines/minepump_spec2_product13_true-unreach-call_false-termination.cil.c


--------------------------------------------------------------------------------


Running CPAchecker with Java heap of size 5600000000.
Running CPAchecker with default stack size (1024k). Specify a larger value with -stack if needed.
Running CPAchecker with the following extra VM options:  -Djava.io.tmpdir=/tmp/BenchExec_run_vin05g_2/tmp
Using the following resource limits: CPU-time limit of 900s (ResourceLimitChecker.fromConfiguration, INFO)

CPAchecker (unknown version) (OpenJDK 64-Bit Server VM 1.8.0_151) started (CPAchecker.run, INFO)

line 227: Dead code detected: return (retValue_acc); (CFACreationUtils.addEdgeToCFA, INFO)

line 236: Dead code detected: return (retValue_acc); (CFACreationUtils.addEdgeToCFA, INFO)

line 592: Dead code detected: return (retValue_acc); (CFACreationUtils.addEdgeToCFA, INFO)

line 638: Dead code detected: return (retValue_acc); (CFACreationUtils.addEdgeToCFA, INFO)

line 653: Dead code detected: return (retValue_acc); (CFACreationUtils.addEdgeToCFA, INFO)

line 676: Dead code detected: return (retValue_acc); (CFACreationUtils.addEdgeToCFA, INFO)

line 725: Dead code detected: return (retValue_acc); (CFACreationUtils.addEdgeToCFA, INFO)

line 757: Dead code detected: return (retValue_acc); (CFACreationUtils.addEdgeToCFA, INFO)

line 893: Dead code detected: return (retValue_acc); (CFACreationUtils.addEdgeToCFA, INFO)

line 429: Function pointer *__cil_tmp10 with type int (*)(int, int) is called, but no possible target functions were found. (CFunctionPointerResolver.replaceFunctionPointerCall, WARNING)

MathSAT5 is available for research and evaluation purposes only. It can not be used in a commercial environment, particularly as part of a commercial product, without written permission. MathSAT5 is provided as is, without any warranty. Please write to mathsat@fbk.eu for additional questions regarding licensing MathSAT5 or obtaining more up-to-date versions. (PredicateCPA:JavaSMT:Mathsat5SolverContext.<init>, WARNING)

Using predicate analysis with MathSAT5 version 5.3.14 (0b98b661254c) (Nov 17 2016 10:59:45, gmp 5.1.3, gcc 4.8.5, 64-bit) and JFactory 1.21. (PredicateCPA:PredicateCPA.<init>, INFO)

Using refinement for predicate analysis with PredicateAbstractionRefinementStrategy strategy. (PredicateCPA:PredicateCPARefiner.<init>, INFO)

Starting analysis ... (CPAchecker.runAlgorithm, INFO)

Stopping analysis ... (CPAchecker.runAlgorithm, INFO)

PredicateCPA statistics
-----------------------
Number of abstractions:            4083 (23% of all post computations)
  Times abstraction was reused:    0
  Because of function entry/exit:  3987 (98%)
  Because of loop head:            62 (2%)
  Because of join nodes:           0 (0%)
  Because of threshold:            0 (0%)
  Because of target state:         34 (1%)
  Times precision was empty:       586 (14%)
  Times precision was {false}:     96 (2%)
  Times result was cached:         2935 (72%)
  Times cartesian abs was used:    0 (0%)
  Times boolean abs was used:      466 (11%)
  Times result was 'false':        437 (11%)
Number of strengthen sat checks:   0
Number of coverage checks:         2047
  BDD entailment checks:           781
Number of SMT sat checks:          0
  trivial:                         0
  cached:                          0

Max ABE block size:                       9
Number of predicates discovered:          8
Number of abstraction locations:          36
Max number of predicates per location:    6
Avg number of predicates per location:    3
Total predicates per abstraction:         10608
Max number of predicates per abstraction: 6
Avg number of predicates per abstraction: 18.88
Number of irrelevant predicates:          3722 (35%)
Number of preds handled by boolean abs:   1297 (12%)
  Total number of models for allsat:      498
  Max number of models for allsat:        2
  Avg number of models for allsat:        1.07

Time for post operator:                  0.550s
  Time for path formula creation:        0.526s
Time for strengthen operator:            0.031s
Time for prec operator:                  1.880s
  Time for abstraction:                  1.784s (Max:     0.018s, Count: 4083)
    Boolean abstraction:                 0.472s
    Solving time:                        0.295s (Max:     0.013s)
    Model enumeration time:              0.034s
    Time for BDD construction:           0.097s (Max:     0.010s)
Time for merge operator:                 0.029s
Time for coverage check:                 0.016s
  Time for BDD entailment checks:        0.015s
Total time for SMT solver (w/o itp):     0.329s

Number of path formula cache hits:   15922 (77%)

Inside post operator:                  
  Inside path formula creation:        
    Time for path formula computation:     0.484s

Total number of created targets for pointer analysis: 0


Number of BDD nodes:                               374
Size of BDD node table:                            270749
Size of BDD cache:                                 27073
Size of BDD node cleanup queue:                        1070 (count: 4801, min: 0, max: 309, avg: 0.22)
Time for BDD node cleanup:                             0.003s
Time for BDD garbage collection:                       0.000s (in 0 runs)

PrecisionBootstrap statistics
-----------------------------
Init. function predicates:                         0
Init. global predicates:                           0
Init. location predicates:                         0

Invariant Generation statistics
-------------------------------

AutomatonAnalysis (SVCOMP) statistics
-------------------------------------
Number of states:                                  1
Total time for successor computation:                  0.223s
Automaton transfers with branching:                0
Automaton transfer successors:                        17505 (count: 17505, min: 1, max: 1, avg: 1.00) [1 x 17505]

CPA algorithm statistics
------------------------
Number of iterations:            13481
Max size of waitlist:            30
Average size of waitlist:        10
Number of computed successors:   15346
Max successors for one state:    2
Number of times merged:          633
Number of times stopped:         914
Number of times breaked:         34

Total time for CPA algorithm:         4.015s (Max:     0.343s)
  Time for choose from waitlist:      0.041s
  Time for precision adjustment:      2.218s
  Time for transfer relation:         1.242s
  Time for merge operator:            0.123s
  Time for stop operator:             0.113s
  Time for adding to reached set:     0.107s

Predicate-Abstraction Refiner statistics
----------------------------------------
Number of predicate refinements:                   34
Avg. length of target path (in blocks):                1139 (count: 34, min: 22, max: 61, avg: 33.50)
Number of infeasible sliced prefixes:                     0 (count: 0, min: 0, max: 0, avg: 0.00)

Time for refinement:                                   0.404s
  Counterexample analysis:                             0.243s (Max:     0.021s, Calls: 34)
    Refinement sat check:                              0.125s
    Interpolant computation:                           0.000s
  Path-formulas extraction:                            0.001s
  Error path post-processing:                          0.000s
  Predicate creation:                                  0.030s
  Precision update:                                    0.032s
  ARG update:                                          0.083s

Length of refined path (in blocks):                     895 (count: 34, min: 16, max: 47, avg: 26.32)
Number of affected states:                              588 (count: 34, min: 9, max: 44, avg: 17.29)
Length (states) of path with itp 'true':                273 (count: 34, min: 0, max: 33, avg: 8.03)
Length (states) of path with itp non-trivial itp:       588 (count: 34, min: 9, max: 44, avg: 17.29)
Length (states) of path with itp 'false':                34 (count: 34, min: 1, max: 1, avg: 1.00)
Different non-trivial interpolants along paths:           4 (count: 34, min: 0, max: 1, avg: 0.12)
Equal non-trivial interpolants along paths:             550 (count: 34, min: 8, max: 42, avg: 16.18)
Number of refs with location-based cutoff:                0

CEGAR algorithm statistics
--------------------------
Number of refinements:                34
Number of successful refinements:     34
Number of failed refinements:         0
Max. size of reached set before ref.: 726
Max. size of reached set after ref.:  386
Avg. size of reached set before ref.: 538.65
Avg. size of reached set after ref.:  136.32

Total time for CEGAR algorithm:       4.481s
Time for refinements:                 0.465s
Average time for refinement:          0.013s
Max time for refinement:              0.040s

Code Coverage
-----------------------------
  Function coverage:      0.471
  Visited lines:          88
  Total lines:            416
  Line coverage:          0.212
  Visited conditions:     28
  Total conditions:       66
  Condition coverage:     0.424

CPAchecker general statistics
-----------------------------
Number of program locations:     591
Number of CFA edges:             635
Number of relevant variables:    107
Number of functions:             34
Number of loops:                 5
Size of reached set:             317
  Number of reached locations:   116 (20%)
    Avg states per location:     2
    Max states per location:     8 (at node N53)
  Number of reached functions:   16 (47%)
  Number of partitions:          313
    Avg size of partitions:      1
    Max size of partitions:      2 (with key [N9 (before lines 54-99), Function test called from node N579, stack depth 3 [1ee22768], stack [main, runTest, test]])
  Number of target states:       0

Time for analysis setup:          2.044s
  Time for loading CPAs:          0.476s
  Time for loading parser:        0.501s
  Time for CFA construction:      0.971s
    Time for parsing file(s):     0.321s
    Time for AST to CFA:          0.264s
    Time for CFA sanity check:    0.074s
    Time for post-processing:     0.203s
      Time for var class.:        0.075s
Time for Analysis:                4.481s
CPU time for analysis:            4.480s
Time for analyzing result:        0.000s
Total time for CPAchecker:        6.528s
Total CPU time for CPAchecker:    6.520s
Time for statistics:              0.054s

Time for Garbage Collector:       0.126s (in 10 runs)
Garbage Collector(s) used:    Copy, MarkSweepCompact
Used heap memory:                 59MB (    57 MiB) max;     37MB (    35 MiB) avg;     64MB (    61 MiB) peak
Used non-heap memory:             36MB (    34 MiB) max;     29MB (    28 MiB) avg;     37MB (    35 MiB) peak
Allocated heap memory:           127MB (   121 MiB) max;    127MB (   121 MiB) avg
Allocated non-heap memory:        38MB (    36 MiB) max;     31MB (    30 MiB) avg
Total process virtual memory:   8086MB (  7711 MiB) max;   8052MB (  7679 MiB) avg

Verification result: TRUE. No property violation found by chosen configuration.
More details about the verification run can be found in the directory "./output".
