scripts/cpa.sh -Dy-MySearchStrategy-PredAbs-ABEl -heap 5600000000 -timelimit 30 -preprocess -stats -noout -setprop cpa.predicate.memoryAllocationsAlwaysSucceed=true -spec ../sv-benchmarks/c/ReachSafety.prp ../sv-benchmarks/c/seq-mthreaded/rekh_nxt_true-unreach-call.3.M4.c


--------------------------------------------------------------------------------


Running CPAchecker with Java heap of size 5600000000.
Running CPAchecker with default stack size (1024k). Specify a larger value with -stack if needed.
Running CPAchecker with the following extra VM options:  -Djava.io.tmpdir=/tmp/BenchExec_run_tba7m1m_/tmp
Using the following resource limits: CPU-time limit of 30s (ResourceLimitChecker.fromConfiguration, INFO)

CPAchecker (unknown version) (OpenJDK 64-Bit Server VM 1.8.0_162) started (CPAchecker.run, INFO)

MathSAT5 is available for research and evaluation purposes only. It can not be used in a commercial environment, particularly as part of a commercial product, without written permission. MathSAT5 is provided as is, without any warranty. Please write to mathsat@fbk.eu for additional questions regarding licensing MathSAT5 or obtaining more up-to-date versions. (PredicateCPA:JavaSMT:Mathsat5SolverContext.<init>, WARNING)

Using predicate analysis with MathSAT5 version 5.3.14 (0b98b661254c) (Nov 17 2016 10:59:45, gmp 5.1.3, gcc 4.8.5, 64-bit) and JFactory 1.21. (PredicateCPA:PredicateCPA.<init>, INFO)

Using refinement for predicate analysis with PredicateAbstractionRefinementStrategy strategy. (PredicateCPA:PredicateCPARefiner.<init>, INFO)

Starting analysis ... (CPAchecker.runAlgorithm, INFO)

Assuming external function nxt_motor_set_speed to be a pure function. (PredicateCPA:ExpressionToFormulaVisitor.visit, INFO)

Assuming external function ecrobot_bt_data_logger to be a pure function. (PredicateCPA:ExpressionToFormulaVisitor.visit, INFO)

Assuming external function ecrobot_sound_tone to be a pure function. (PredicateCPA:ExpressionToFormulaVisitor.visit, INFO)

Assuming external function ecrobot_status_monitor to be a pure function. (PredicateCPA:ExpressionToFormulaVisitor.visit, INFO)

Assuming external function write_mode_on_lcd to be a pure function. (PredicateCPA:ExpressionToFormulaVisitor.visit, INFO)

Shutdown requested (The CPU-time limit of 30s has elapsed.), waiting for termination. (ForceTerminationOnShutdown$1.shutdownRequested, WARNING)

Warning: Analysis interrupted (The CPU-time limit of 30s has elapsed.) (ShutdownNotifier.shutdownIfNecessary, WARNING)

PredicateCPA statistics
-----------------------
Number of abstractions:            5 (0% of all post computations)
  Times abstraction was reused:    0
  Because of function entry/exit:  0 (0%)
  Because of loop head:            2 (40%)
  Because of join nodes:           0 (0%)
  Because of threshold:            0 (0%)
  Because of target state:         3 (60%)
  Times precision was empty:       4 (80%)
  Times precision was {false}:     1 (20%)
  Times result was cached:         0 (0%)
  Times cartesian abs was used:    0 (0%)
  Times boolean abs was used:      0 (0%)
  Times result was 'false':        1 (20%)
Number of strengthen sat checks:   0
Number of coverage checks:         2144
  BDD entailment checks:           0
Number of SMT sat checks:          0
  trivial:                         0
  cached:                          0

Max ABE block size:                       1800
Number of predicates discovered:          1
Number of abstraction locations:          1
Max number of predicates per location:    1
Avg number of predicates per location:    1
Total predicates per abstraction:         1
Max number of predicates per abstraction: 1
Avg number of predicates per abstraction: 1.00
Number of irrelevant predicates:          1 (100%)

Time for post operator:                  2.135s
  Time for path formula creation:        2.115s
Time for strengthen operator:            0.027s
Time for prec operator:                  4.987s
  Time for abstraction:                  4.929s (Max:     4.920s, Count: 5)
    Solving time:                        4.491s (Max:     4.491s)
    Model enumeration time:              0.000s
    Time for BDD construction:           0.000s (Max:     0.000s)
Time for merge operator:                 0.136s
Time for coverage check:                 0.001s
Total time for SMT solver (w/o itp):     4.491s

Number of path formula cache hits:   1 (0%)

Inside post operator:                  
  Inside path formula creation:        
    Time for path formula computation:     2.078s

Total number of created targets for pointer analysis: 29391
   Number of created targets for uf: *unsigned_char is 122
   Number of created targets for uf: *_Bool is 81
   Number of created targets for uf: *unsigned_int is 21
   Number of created targets for uf: *char is 9


Number of BDD nodes:                               202
Size of BDD node table:                            270749
Size of BDD cache:                                 27073
Size of BDD node cleanup queue:                           0 (count: 12, min: 0, max: 0, avg: 0.00)
Time for BDD node cleanup:                             0.000s
Time for BDD garbage collection:                       0.000s (in 0 runs)

PrecisionBootstrap statistics
-----------------------------
Init. function predicates:                         0
Init. global predicates:                           0
Init. location predicates:                         0

Invariant Generation statistics
-------------------------------

AutomatonAnalysis (SVCOMP) statistics
-------------------------------------
Number of states:                                  1
Total time for successor computation:                  0.115s
Automaton transfers with branching:                0
Automaton transfer successors:                         7092 (count: 7092, min: 1, max: 1, avg: 1.00) [1 x 7092]

CPA algorithm statistics
------------------------
Number of iterations:            5120
Max size of waitlist:            223
Average size of waitlist:        71
Number of computed successors:   6338
Max successors for one state:    2
Number of times merged:          1072
Number of times stopped:         1072
Number of times breaked:         2

Total time for CPA algorithm:         8.275s (Max:     6.026s)
  Time for choose from waitlist:      0.035s
  Time for precision adjustment:      5.126s
  Time for transfer relation:         2.602s
  Time for merge operator:            0.225s
  Time for stop operator:             0.063s
  Time for adding to reached set:     0.077s

Predicate-Abstraction Refiner statistics
----------------------------------------
Number of predicate refinements:                   2
Avg. length of target path (in blocks):                   2 (count: 2, min: 1, max: 1, avg: 1.00)
Number of infeasible sliced prefixes:                     0 (count: 0, min: 0, max: 0, avg: 0.00)

Time for refinement:                                  18.769s
  Counterexample analysis:                            18.750s (Max:    14.447s, Calls: 2)
    Refinement sat check:                             18.413s
    Interpolant computation:                           0.000s
  Path-formulas extraction:                            0.000s
  Error path post-processing:                          0.000s
  Predicate creation:                                  0.000s
  Precision update:                                    0.002s
  ARG update:                                          0.000s

Length of refined path (in blocks):                       1 (count: 1, min: 1, max: 1, avg: 1.00)
Number of affected states:                                0 (count: 1, min: 0, max: 0, avg: 0.00)
Length (states) of path with itp 'true':                  0 (count: 1, min: 0, max: 0, avg: 0.00)
Length (states) of path with itp non-trivial itp:         0 (count: 1, min: 0, max: 0, avg: 0.00)
Length (states) of path with itp 'false':                 0 (count: 1, min: 0, max: 0, avg: 0.00)
Different non-trivial interpolants along paths:           0 (count: 1, min: 0, max: 0, avg: 0.00)
Equal non-trivial interpolants along paths:               0 (count: 1, min: 0, max: 0, avg: 0.00)
Number of refs with location-based cutoff:                0

CEGAR algorithm statistics
--------------------------
Number of refinements:                2
Number of successful refinements:     1
Number of failed refinements:         0
Max. size of reached set before ref.: 5265
Max. size of reached set after ref.:  1919
Avg. size of reached set before ref.: 3592.50
Avg. size of reached set after ref.:  1919.00

Total time for CEGAR algorithm:      27.105s
Time for refinements:                18.823s
Average time for refinement:          9.411s
Max time for refinement:             14.505s

Code Coverage
-----------------------------
  Function coverage:      0.857
  Visited lines:          1236
  Total lines:            1872
  Line coverage:          0.660
  Visited conditions:     1136
  Total conditions:       1808
  Condition coverage:     0.628

CPAchecker general statistics
-----------------------------
Number of program locations:     2810
Number of CFA edges:             3115
Number of relevant variables:    108
Number of functions:             35
Number of loops:                 1
Size of reached set:             5265
  Number of reached locations:   1355 (48%)
    Avg states per location:     3
    Max states per location:     16 (at node N786)
  Number of reached functions:   30 (86%)
  Number of partitions:          5265
    Avg size of partitions:      1
    Max size of partitions:      1
  Number of target states:       1
  Size of final wait list        146

Time for analysis setup:          2.996s
  Time for loading CPAs:          0.611s
  Time for loading parser:        0.528s
  Time for CFA construction:      1.769s
    Time for parsing file(s):     0.471s
    Time for AST to CFA:          0.602s
    Time for CFA sanity check:    0.172s
    Time for post-processing:     0.370s
      Time for var class.:        0.228s
Time for Analysis:               27.105s
CPU time for analysis:           27.100s
Total time for CPAchecker:       30.105s
Total CPU time for CPAchecker:   30.100s
Time for statistics:              0.141s

Time for Garbage Collector:       0.184s (in 13 runs)
Garbage Collector(s) used:    Copy, MarkSweepCompact
Used heap memory:                 66MB (    63 MiB) max;     46MB (    44 MiB) avg;     70MB (    67 MiB) peak
Used non-heap memory:             34MB (    33 MiB) max;     32MB (    31 MiB) avg;     35MB (    33 MiB) peak
Allocated heap memory:           127MB (   121 MiB) max;    127MB (   121 MiB) avg
Allocated non-heap memory:        36MB (    35 MiB) max;     34MB (    33 MiB) avg
Total process virtual memory:   8403MB (  8014 MiB) max;   8282MB (  7898 MiB) avg

Verification result: UNKNOWN, incomplete analysis.
More details about the verification run can be found in the directory "./output".
