scripts/cpa.sh -Dy-MySearchStrategy-PredAbs-ABElf -heap 5600000000 -timelimit 30 -preprocess -stats -noout -setprop cpa.predicate.memoryAllocationsAlwaysSucceed=true -spec ../sv-benchmarks/c/ReachSafety.prp ../sv-benchmarks/c/product-lines/minepump_spec3_product38_true-unreach-call_false-termination.cil.c


--------------------------------------------------------------------------------


Running CPAchecker with Java heap of size 5600000000.
Running CPAchecker with default stack size (1024k). Specify a larger value with -stack if needed.
Running CPAchecker with the following extra VM options:  -Djava.io.tmpdir=/tmp/BenchExec_run_5j0etxyp/tmp
Using the following resource limits: CPU-time limit of 30s (ResourceLimitChecker.fromConfiguration, INFO)

CPAchecker (unknown version) (OpenJDK 64-Bit Server VM 1.8.0_151) started (CPAchecker.run, INFO)

line 51: Dead code detected: return (retValue_acc); (CFACreationUtils.addEdgeToCFA, INFO)

line 74: Dead code detected: return (retValue_acc); (CFACreationUtils.addEdgeToCFA, INFO)

line 269: Dead code detected: return (retValue_acc); (CFACreationUtils.addEdgeToCFA, INFO)

line 278: Dead code detected: return (retValue_acc); (CFACreationUtils.addEdgeToCFA, INFO)

line 333: Dead code detected: return (retValue_acc); (CFACreationUtils.addEdgeToCFA, INFO)

line 661: Dead code detected: return (retValue_acc); (CFACreationUtils.addEdgeToCFA, INFO)

line 707: Dead code detected: return (retValue_acc); (CFACreationUtils.addEdgeToCFA, INFO)

line 812: Dead code detected: return (retValue_acc); (CFACreationUtils.addEdgeToCFA, INFO)

line 861: Dead code detected: return (retValue_acc); (CFACreationUtils.addEdgeToCFA, INFO)

line 893: Dead code detected: return (retValue_acc); (CFACreationUtils.addEdgeToCFA, INFO)

line 907: Dead code detected: return (retValue_acc); (CFACreationUtils.addEdgeToCFA, INFO)

line 498: Function pointer *__cil_tmp10 with type int (*)(int, int) is called, but no possible target functions were found. (CFunctionPointerResolver.replaceFunctionPointerCall, WARNING)

MathSAT5 is available for research and evaluation purposes only. It can not be used in a commercial environment, particularly as part of a commercial product, without written permission. MathSAT5 is provided as is, without any warranty. Please write to mathsat@fbk.eu for additional questions regarding licensing MathSAT5 or obtaining more up-to-date versions. (PredicateCPA:JavaSMT:Mathsat5SolverContext.<init>, WARNING)

Using predicate analysis with MathSAT5 version 5.3.14 (0b98b661254c) (Nov 17 2016 10:59:45, gmp 5.1.3, gcc 4.8.5, 64-bit) and JFactory 1.21. (PredicateCPA:PredicateCPA.<init>, INFO)

Using refinement for predicate analysis with PredicateAbstractionRefinementStrategy strategy. (PredicateCPA:PredicateCPARefiner.<init>, INFO)

Starting analysis ... (CPAchecker.runAlgorithm, INFO)

Stopping analysis ... (CPAchecker.runAlgorithm, INFO)

PredicateCPA statistics
-----------------------
Number of abstractions:            40884 (26% of all post computations)
  Times abstraction was reused:    0
  Because of function entry/exit:  40207 (98%)
  Because of loop head:            508 (1%)
  Because of join nodes:           0 (0%)
  Because of threshold:            0 (0%)
  Because of target state:         169 (0%)
  Times precision was empty:       5412 (13%)
  Times precision was {false}:     273 (1%)
  Times result was cached:         30422 (74%)
  Times cartesian abs was used:    0 (0%)
  Times boolean abs was used:      4777 (12%)
  Times result was 'false':        5109 (12%)
Number of strengthen sat checks:   0
Number of coverage checks:         21760
  BDD entailment checks:           14528
Number of SMT sat checks:          0
  trivial:                         0
  cached:                          0

Max ABE block size:                       9
Number of predicates discovered:          16
Number of abstraction locations:          53
Max number of predicates per location:    6
Avg number of predicates per location:    4
Total predicates per abstraction:         135751
Max number of predicates per abstraction: 7
Avg number of predicates per abstraction: 26.88
Number of irrelevant predicates:          55863 (41%)
Number of preds handled by boolean abs:   14686 (11%)
  Total number of models for allsat:      5323
  Max number of models for allsat:        3
  Avg number of models for allsat:        1.11

Time for post operator:                  1.821s
  Time for path formula creation:        1.743s
Time for strengthen operator:            0.151s
Time for prec operator:                 11.644s
  Time for abstraction:                 11.083s (Max:     0.022s, Count: 40884)
    Boolean abstraction:                 2.952s
    Solving time:                        2.192s (Max:     0.013s)
    Model enumeration time:              0.270s
    Time for BDD construction:           0.199s (Max:     0.012s)
Time for merge operator:                 0.120s
Time for coverage check:                 0.061s
  Time for BDD entailment checks:        0.054s
Total time for SMT solver (w/o itp):     2.462s

Number of path formula cache hits:   144661 (78%)

Inside post operator:                  
  Inside path formula creation:        
    Time for path formula computation:     1.446s

Total number of created targets for pointer analysis: 0


Number of BDD nodes:                               1379
Size of BDD node table:                            270749
Size of BDD cache:                                 27073
Size of BDD node cleanup queue:                       10638 (count: 52220, min: 0, max: 459, avg: 0.20)
Time for BDD node cleanup:                             0.015s
Time for BDD garbage collection:                       0.000s (in 0 runs)

PrecisionBootstrap statistics
-----------------------------
Init. function predicates:                         0
Init. global predicates:                           0
Init. location predicates:                         0

Invariant Generation statistics
-------------------------------

AutomatonAnalysis (SVCOMP) statistics
-------------------------------------
Number of states:                                  1
Total time for successor computation:                  0.433s
Automaton transfers with branching:                0
Automaton transfer successors:                       155444 (count: 155444, min: 1, max: 1, avg: 1.00) [1 x 155444]

CPA algorithm statistics
------------------------
Number of iterations:            119361
Max size of waitlist:            96
Average size of waitlist:        36
Number of computed successors:   133824
Max successors for one state:    2
Number of times merged:          3616
Number of times stopped:         7121
Number of times breaked:         169

Total time for CPA algorithm:        18.140s (Max:     1.273s)
  Time for choose from waitlist:      0.141s
  Time for precision adjustment:     12.549s
  Time for transfer relation:         3.994s
  Time for merge operator:            0.281s
  Time for stop operator:             0.293s
  Time for adding to reached set:     0.198s

Predicate-Abstraction Refiner statistics
----------------------------------------
Number of predicate refinements:                   169
Avg. length of target path (in blocks):                6942 (count: 169, min: 21, max: 87, avg: 41.08)
Number of infeasible sliced prefixes:                     0 (count: 0, min: 0, max: 0, avg: 0.00)

Time for refinement:                                   2.173s
  Counterexample analysis:                             1.526s (Max:     0.021s, Calls: 169)
    Refinement sat check:                              0.639s
    Interpolant computation:                           0.000s
  Path-formulas extraction:                            0.007s
  Error path post-processing:                          0.000s
  Predicate creation:                                  0.104s
  Precision update:                                    0.103s
  ARG update:                                          0.316s

Length of refined path (in blocks):                    5631 (count: 169, min: 13, max: 69, avg: 33.32)
Number of affected states:                             2896 (count: 169, min: 2, max: 66, avg: 17.14)
Length (states) of path with itp 'true':               2566 (count: 169, min: 0, max: 42, avg: 15.18)
Length (states) of path with itp non-trivial itp:      2896 (count: 169, min: 2, max: 66, avg: 17.14)
Length (states) of path with itp 'false':               169 (count: 169, min: 1, max: 1, avg: 1.00)
Different non-trivial interpolants along paths:         157 (count: 169, min: 0, max: 4, avg: 0.93)
Equal non-trivial interpolants along paths:            2570 (count: 169, min: 1, max: 64, avg: 15.21)
Number of refs with location-based cutoff:                0

CEGAR algorithm statistics
--------------------------
Number of refinements:                169
Number of successful refinements:     169
Number of failed refinements:         0
Max. size of reached set before ref.: 5922
Max. size of reached set after ref.:  4136
Avg. size of reached set before ref.: 1881.16
Avg. size of reached set after ref.:  1215.26

Total time for CEGAR algorithm:      20.895s
Time for refinements:                 2.536s
Average time for refinement:          0.015s
Max time for refinement:              0.055s

Code Coverage
-----------------------------
  Function coverage:      0.694
  Visited lines:          143
  Total lines:            432
  Line coverage:          0.331
  Visited conditions:     42
  Total conditions:       72
  Condition coverage:     0.583

CPAchecker general statistics
-----------------------------
Number of program locations:     616
Number of CFA edges:             665
Number of relevant variables:    115
Number of functions:             36
Number of loops:                 5
Size of reached set:             9058
  Number of reached locations:   191 (31%)
    Avg states per location:     47
    Max states per location:     318 (at node N609)
  Number of reached functions:   25 (69%)
  Number of partitions:          8751
    Avg size of partitions:      1
    Max size of partitions:      10 (with key [N55 (after line 125), Function test called from node N527, stack depth 3 [3b636bf5], stack [main, runTest, test]])
  Number of target states:       0

Time for analysis setup:          2.188s
  Time for loading CPAs:          0.544s
  Time for loading parser:        0.516s
  Time for CFA construction:      1.022s
    Time for parsing file(s):     0.383s
    Time for AST to CFA:          0.246s
    Time for CFA sanity check:    0.049s
    Time for post-processing:     0.227s
      Time for var class.:        0.101s
Time for Analysis:               20.896s
CPU time for analysis:           20.900s
Time for analyzing result:        0.006s
Total time for CPAchecker:       23.087s
Total CPU time for CPAchecker:   23.080s
Time for statistics:              0.181s

Time for Garbage Collector:       0.571s (in 69 runs)
Garbage Collector(s) used:    Copy, MarkSweepCompact
Used heap memory:                 78MB (    74 MiB) max;     47MB (    45 MiB) avg;     86MB (    82 MiB) peak
Used non-heap memory:             36MB (    35 MiB) max;     34MB (    32 MiB) avg;     37MB (    35 MiB) peak
Allocated heap memory:           127MB (   121 MiB) max;    127MB (   121 MiB) avg
Allocated non-heap memory:        39MB (    37 MiB) max;     36MB (    35 MiB) avg
Total process virtual memory:   8019MB (  7647 MiB) max;   8010MB (  7639 MiB) avg

Verification result: TRUE. No property violation found by chosen configuration.
More details about the verification run can be found in the directory "./output".
