scripts/cpa.sh -Dy-MySearchStrategy-PredAbs-ABEl -heap 5600000000 -timelimit 900 -preprocess -stats -noout -setprop cpa.predicate.memoryAllocationsAlwaysSucceed=true -spec ../sv-benchmarks/c/ReachSafety.prp ../sv-benchmarks/c/ldv-consumption/32_7a_cilled_true-unreach-call_linux-3.8-rc1-drivers--hwmon--w83792d.ko-main.cil.out.c


--------------------------------------------------------------------------------


Running CPAchecker with Java heap of size 5600000000.
Running CPAchecker with default stack size (1024k). Specify a larger value with -stack if needed.
Running CPAchecker with the following extra VM options:  -Djava.io.tmpdir=/tmp/BenchExec_run_0itm5zzs/tmp
Using the following resource limits: CPU-time limit of 900s (ResourceLimitChecker.fromConfiguration, INFO)

CPAchecker (unknown version) (OpenJDK 64-Bit Server VM 1.8.0_162) started (CPAchecker.run, INFO)

line 8853: Dead code detected: return (ldv_func_res); (CFACreationUtils.addEdgeToCFA, INFO)

line 2326: Function pointer *(adap->algo->functionality) with type u32 (*)(struct i2c_adapter *) is called, but no possible target functions were found. (CFunctionPointerResolver.replaceFunctionPointerCall, WARNING)

MathSAT5 is available for research and evaluation purposes only. It can not be used in a commercial environment, particularly as part of a commercial product, without written permission. MathSAT5 is provided as is, without any warranty. Please write to mathsat@fbk.eu for additional questions regarding licensing MathSAT5 or obtaining more up-to-date versions. (PredicateCPA:JavaSMT:Mathsat5SolverContext.<init>, WARNING)

Using predicate analysis with MathSAT5 version 5.3.14 (0b98b661254c) (Nov 17 2016 10:59:45, gmp 5.1.3, gcc 4.8.5, 64-bit) and JFactory 1.21. (PredicateCPA:PredicateCPA.<init>, INFO)

Using refinement for predicate analysis with PredicateAbstractionRefinementStrategy strategy. (PredicateCPA:PredicateCPARefiner.<init>, INFO)

Starting analysis ... (CPAchecker.runAlgorithm, INFO)

Assuming external function dev_get_drvdata to be a pure function. (PredicateCPA:ExpressionToFormulaVisitor.visit, INFO)

Assuming external function mutex_lock to be a pure function. (PredicateCPA:ExpressionToFormulaVisitor.visit, INFO)

Assuming external function __dynamic_dev_dbg to be a pure function. (PredicateCPA:ExpressionToFormulaVisitor.visit, INFO)

Assuming external function mutex_unlock to be a pure function. (PredicateCPA:ExpressionToFormulaVisitor.visit, INFO)

Assuming external function kstrtoull to be a pure function. (PredicateCPA:ExpressionToFormulaVisitor.visit, INFO)

Assuming external function i2c_smbus_read_byte_data to be a pure function. (PredicateCPA:ExpressionToFormulaVisitor.visit, INFO)

Assuming external function i2c_register_driver to be a pure function. (PredicateCPA:ExpressionToFormulaVisitor.visit, INFO)

Assuming external function i2c_del_driver to be a pure function. (PredicateCPA:ExpressionToFormulaVisitor.visit, INFO)

Assuming external function kstrtoll to be a pure function. (PredicateCPA:ExpressionToFormulaVisitor.visit, INFO)

Assuming external function hwmon_device_unregister to be a pure function. (PredicateCPA:ExpressionToFormulaVisitor.visit, INFO)

Assuming external function sysfs_remove_group to be a pure function. (PredicateCPA:ExpressionToFormulaVisitor.visit, INFO)

Assuming external function devm_kzalloc to be a pure function. (PredicateCPA:ExpressionToFormulaVisitor.visit, INFO)

Assuming external function dev_set_drvdata to be a pure function. (PredicateCPA:ExpressionToFormulaVisitor.visit, INFO)

Assuming external function __mutex_init to be a pure function. (PredicateCPA:ExpressionToFormulaVisitor.visit, INFO)

Assuming external function i2c_new_dummy to be a pure function. (PredicateCPA:ExpressionToFormulaVisitor.visit, INFO)

Assuming external function dev_err to be a pure function. (PredicateCPA:ExpressionToFormulaVisitor.visit, INFO)

Assuming external function i2c_unregister_device to be a pure function. (PredicateCPA:ExpressionToFormulaVisitor.visit, INFO)

line 2326: Ignoring function call through function pointer *(adap->algo->functionality): tmp = (*(adap->algo->functionality))(adap); (PredicateCPA:ExpressionToFormulaVisitor.visit, WARNING)

Assuming external function strlcpy to be a pure function. (PredicateCPA:ExpressionToFormulaVisitor.visit, INFO)

Assuming external function sysfs_create_group to be a pure function. (PredicateCPA:ExpressionToFormulaVisitor.visit, INFO)

Assuming external function hwmon_device_register to be a pure function. (PredicateCPA:ExpressionToFormulaVisitor.visit, INFO)

Shutdown requested (The CPU-time limit of 900s has elapsed.), waiting for termination. (ForceTerminationOnShutdown$1.shutdownRequested, WARNING)

Warning: Analysis interrupted (The CPU-time limit of 900s has elapsed.) (ShutdownNotifier.shutdownIfNecessary, WARNING)

PredicateCPA statistics
-----------------------
Number of abstractions:            31157 (2% of all post computations)
  Times abstraction was reused:    0
  Because of function entry/exit:  0 (0%)
  Because of loop head:            13619 (44%)
  Because of join nodes:           0 (0%)
  Because of threshold:            0 (0%)
  Because of target state:         17538 (56%)
  Times precision was empty:       2569 (8%)
  Times precision was {false}:     3488 (11%)
  Times result was cached:         22227 (71%)
  Times cartesian abs was used:    0 (0%)
  Times boolean abs was used:      2873 (9%)
  Times result was 'false':        17675 (57%)
Number of strengthen sat checks:   0
Number of coverage checks:         141118
  BDD entailment checks:           1596
Number of SMT sat checks:          0
  trivial:                         0
  cached:                          0

Max ABE block size:                       782
Number of predicates discovered:          74
Number of abstraction locations:          20
Max number of predicates per location:    72
Avg number of predicates per location:    7
Total predicates per abstraction:         62090
Max number of predicates per abstraction: 72
Avg number of predicates per abstraction: 9.76
Number of irrelevant predicates:          24113 (39%)
Number of preds handled by boolean abs:   9028 (15%)
  Total number of models for allsat:      2739
  Max number of models for allsat:        2
  Avg number of models for allsat:        0.95

Time for post operator:                 24.280s
  Time for path formula creation:       23.860s
Time for strengthen operator:            1.099s
Time for prec operator:                824.087s
  Time for abstraction:                822.884s (Max:   432.657s, Count: 31157)
    Boolean abstraction:               735.519s
    Solving time:                      302.377s (Max:     0.815s)
    Model enumeration time:            464.738s
    Time for BDD construction:           0.628s (Max:     0.012s)
Time for merge operator:                13.535s
Time for coverage check:                 0.015s
  Time for BDD entailment checks:        0.003s
Total time for SMT solver (w/o itp):   767.116s

Number of path formula cache hits:   1495184 (91%)

Inside post operator:                  
  Inside path formula creation:        
    Time for path formula computation:    14.341s

Total number of created targets for pointer analysis: 415384
   Number of created targets for uf: *unsigned_char is 3704
   Number of created targets for uf: *signed_long_int is 369
   Number of created targets for uf: *unsigned_long_int is 31621


Number of BDD nodes:                               222616
Size of BDD node table:                            270749
Size of BDD cache:                                 27073
Size of BDD node cleanup queue:                        6460 (count: 42510, min: 0, max: 390, avg: 0.15)
Time for BDD node cleanup:                             0.018s
Time for BDD garbage collection:                       0.000s (in 0 runs)

PrecisionBootstrap statistics
-----------------------------
Init. function predicates:                         0
Init. global predicates:                           0
Init. location predicates:                         0

Invariant Generation statistics
-------------------------------

AutomatonAnalysis (SVCOMP) statistics
-------------------------------------
Number of states:                                  1
Total time for successor computation:                  2.215s
  Time for transition matches:                         1.110s
  Time for transition assertions:                      0.003s
  Time for transition actions:                         0.051s
Automaton transfers with branching:                0
Automaton transfer successors:                      1571868 (count: 1571868, min: 1, max: 1, avg: 1.00) [1 x 1571868]

CPA algorithm statistics
------------------------
Number of iterations:            805693
Max size of waitlist:            625
Average size of waitlist:        326
Number of computed successors:   907845
Max successors for one state:    2
Number of times merged:          69761
Number of times stopped:         71139
Number of times breaked:         30

Total time for CPA algorithm:       883.214s (Max:   514.016s)
  Time for choose from waitlist:      0.374s
  Time for precision adjustment:    828.203s
  Time for transfer relation:        36.523s
  Time for merge operator:           14.411s
  Time for stop operator:             0.749s
  Time for adding to reached set:     1.229s

Predicate-Abstraction Refiner statistics
----------------------------------------
Number of predicate refinements:                   30
Avg. length of target path (in blocks):                 322 (count: 30, min: 2, max: 19, avg: 10.73)
Number of infeasible sliced prefixes:                     0 (count: 0, min: 0, max: 0, avg: 0.00)

Time for refinement:                                  10.710s
  Counterexample analysis:                             8.739s (Max:     0.449s, Calls: 30)
    Refinement sat check:                              7.849s
    Interpolant computation:                           0.000s
  Path-formulas extraction:                            0.001s
  Error path post-processing:                          0.000s
  Predicate creation:                                  0.024s
  Precision update:                                    0.010s
  ARG update:                                          1.826s

Length of refined path (in blocks):                     316 (count: 30, min: 2, max: 19, avg: 10.53)
Number of affected states:                              274 (count: 30, min: 1, max: 18, avg: 9.13)
Length (states) of path with itp 'true':                 12 (count: 30, min: 0, max: 2, avg: 0.40)
Length (states) of path with itp non-trivial itp:       274 (count: 30, min: 1, max: 18, avg: 9.13)
Length (states) of path with itp 'false':                 1 (count: 30, min: 0, max: 1, avg: 0.03)
Different non-trivial interpolants along paths:           1 (count: 30, min: 0, max: 1, avg: 0.03)
Equal non-trivial interpolants along paths:             243 (count: 30, min: 0, max: 17, avg: 8.10)
Number of refs with location-based cutoff:                0

CEGAR algorithm statistics
--------------------------
Number of refinements:                30
Number of successful refinements:     30
Number of failed refinements:         0
Max. size of reached set before ref.: 47808
Max. size of reached set after ref.:  37717
Avg. size of reached set before ref.: 32490.63
Avg. size of reached set after ref.:  6866.53

Total time for CEGAR algorithm:     894.750s
Time for refinements:                11.380s
Average time for refinement:          0.379s
Max time for refinement:              0.586s

Code Coverage
-----------------------------
  Function coverage:      0.701
  Visited lines:          4444
  Total lines:            5131
  Line coverage:          0.866
  Visited conditions:     1436
  Total conditions:       1634
  Condition coverage:     0.879

CPAchecker general statistics
-----------------------------
Number of program locations:     6541
Number of CFA edges:             7688
Number of relevant variables:    1065
Number of functions:             127
Number of loops:                 22
Size of reached set:             50308
  Number of reached locations:   3053 (47%)
    Avg states per location:     16
    Max states per location:     1125 (at node N5784)
  Number of reached functions:   89 (70%)
  Number of partitions:          50306
    Avg size of partitions:      1
    Max size of partitions:      3 (with key [N2231 (before line 5575), Function main called from node N1994, stack depth 1 [741741d0], stack [main]])
  Number of target states:       0
  Size of final wait list        578

Time for analysis setup:          6.118s
  Time for loading CPAs:          0.718s
  Time for loading parser:        0.579s
  Time for CFA construction:      4.710s
    Time for parsing file(s):     0.800s
    Time for AST to CFA:          1.110s
    Time for CFA sanity check:    0.349s
    Time for post-processing:     2.288s
      Time for var class.:        0.581s
Time for Analysis:              894.750s
CPU time for analysis:          894.730s
Total time for CPAchecker:      900.872s
Total CPU time for CPAchecker:  900.850s
Time for statistics:              0.680s

Time for Garbage Collector:      10.372s (in 545 runs)
Garbage Collector(s) used:    Copy, MarkSweepCompact
Used heap memory:                256MB (   244 MiB) max;    162MB (   154 MiB) avg;    260MB (   248 MiB) peak
Used non-heap memory:             47MB (    45 MiB) max;     39MB (    37 MiB) avg;     47MB (    45 MiB) peak
Allocated heap memory:           261MB (   249 MiB) max;    245MB (   233 MiB) avg
Allocated non-heap memory:        48MB (    46 MiB) max;     48MB (    46 MiB) avg
Total process virtual memory:   8884MB (  8472 MiB) max;   8467MB (  8075 MiB) avg

Verification result: UNKNOWN, incomplete analysis.
More details about the verification run can be found in the directory "./output".
