scripts/cpa.sh -Dy-MySearchStrategy-PredAbs-ABElf -heap 5600000000 -timelimit 900 -preprocess -stats -noout -setprop cpa.predicate.memoryAllocationsAlwaysSucceed=true -spec ../sv-benchmarks/c/ReachSafety.prp ../sv-benchmarks/c/ldv-linux-3.16-rc1/43_2a_consumption_linux-3.16-rc1.tar.xz-43_2a-drivers--net--ethernet--sis--sis900.ko-entry_point_true-unreach-call.cil.out.c


--------------------------------------------------------------------------------


Running CPAchecker with Java heap of size 5600000000.
Running CPAchecker with default stack size (1024k). Specify a larger value with -stack if needed.
Running CPAchecker with the following extra VM options:  -Djava.io.tmpdir=/tmp/BenchExec_run_01x2btax/tmp
Using the following resource limits: CPU-time limit of 900s (ResourceLimitChecker.fromConfiguration, INFO)

CPAchecker (unknown version) (OpenJDK 64-Bit Server VM 1.8.0_162) started (CPAchecker.run, INFO)

Inline assembler ignored, analysis is probably unsound! (CFABuilder.createCFA, WARNING)

line 6002: Function pointer *(ops->alloc) with type void *(*)(struct device *, size_t , dma_addr_t *, gfp_t , struct dma_attrs *) is called, but no possible target functions were found. (CFunctionPointerResolver.replaceFunctionPointerCall, WARNING)

line 6034: Function pointer *(ops->free) with type void (*)(struct device *, size_t , void *, dma_addr_t , struct dma_attrs *) is called, but no possible target functions were found. (CFunctionPointerResolver.replaceFunctionPointerCall, WARNING)

lines 5871-5872: Function pointer *(ops->map_page) with type dma_addr_t (*)(struct device *, struct page *, unsigned long, size_t , enum dma_data_direction , struct dma_attrs *) is called, but no possible target functions were found. (CFunctionPointerResolver.replaceFunctionPointerCall, WARNING)

line 5925: Function pointer *(ops->mapping_error) with type int (*)(struct device *, dma_addr_t ) is called, but no possible target functions were found. (CFunctionPointerResolver.replaceFunctionPointerCall, WARNING)

line 5905: Function pointer *(ops->unmap_page) with type void (*)(struct device *, dma_addr_t , size_t , enum dma_data_direction , struct dma_attrs *) is called, but no possible target functions were found. (CFunctionPointerResolver.replaceFunctionPointerCall, WARNING)

MathSAT5 is available for research and evaluation purposes only. It can not be used in a commercial environment, particularly as part of a commercial product, without written permission. MathSAT5 is provided as is, without any warranty. Please write to mathsat@fbk.eu for additional questions regarding licensing MathSAT5 or obtaining more up-to-date versions. (PredicateCPA:JavaSMT:Mathsat5SolverContext.<init>, WARNING)

Using predicate analysis with MathSAT5 version 5.3.14 (0b98b661254c) (Nov 17 2016 10:59:45, gmp 5.1.3, gcc 4.8.5, 64-bit) and JFactory 1.21. (PredicateCPA:PredicateCPA.<init>, INFO)

Using refinement for predicate analysis with PredicateAbstractionRefinementStrategy strategy. (PredicateCPA:PredicateCPARefiner.<init>, INFO)

Starting analysis ... (CPAchecker.runAlgorithm, INFO)

line 9328: Destroying the void* pointer ldv_zalloc::tmp produces garbage or the memory pointed by it is unused: tmp = ldv_zalloc(196UL); (PredicateCPA:DynamicMemoryHandler.handleDeferredAllocationInFunctionExit, WARNING)

line 9332: Destroying the void* pointer ldv_zalloc::tmp produces garbage or the memory pointed by it is unused: tmp___1 = ldv_zalloc(32UL); (PredicateCPA:DynamicMemoryHandler.handleDeferredAllocationInFunctionExit, WARNING)

line 9338: Destroying the void* pointer ldv_zalloc::tmp produces garbage or the memory pointed by it is unused: tmp___4 = ldv_zalloc(1UL); (PredicateCPA:DynamicMemoryHandler.handleDeferredAllocationInFunctionExit, WARNING)

Assuming external function ldv_initialize to be a constant function. (PredicateCPA:ExpressionToFormulaVisitor.visit, INFO)

Assuming external function memset to be a pure function. (PredicateCPA:ExpressionToFormulaVisitor.visit, INFO)

Assuming external function ldv_ndo_uninit_5 to be a constant function. (PredicateCPA:ExpressionToFormulaVisitor.visit, INFO)

Assuming external function ldv_ndo_init_5 to be a constant function. (PredicateCPA:ExpressionToFormulaVisitor.visit, INFO)

Assuming external function eth_mac_addr to be a pure function. (PredicateCPA:ExpressionToFormulaVisitor.visit, INFO)

Assuming external function eth_change_mtu to be a pure function. (PredicateCPA:ExpressionToFormulaVisitor.visit, INFO)

Assuming external function eth_validate_addr to be a pure function. (PredicateCPA:ExpressionToFormulaVisitor.visit, INFO)

Assuming external function pci_unregister_driver to be a pure function. (PredicateCPA:ExpressionToFormulaVisitor.visit, INFO)

Assuming external function __pci_register_driver to be a pure function. (PredicateCPA:ExpressionToFormulaVisitor.visit, INFO)

line 9082: Ignoring function call through function pointer *(timer->function): (*(timer->function))(timer->data); (PredicateCPA:ExpressionToFormulaVisitor.visit, WARNING)

Assuming external function _raw_spin_lock_irq to be a pure function. (PredicateCPA:ExpressionToFormulaVisitor.visit, INFO)

Assuming external function mii_ethtool_gset to be a pure function. (PredicateCPA:ExpressionToFormulaVisitor.visit, INFO)

Assuming external function _raw_spin_unlock_irq to be a pure function. (PredicateCPA:ExpressionToFormulaVisitor.visit, INFO)

Assuming external function disable_irq to be a pure function. (PredicateCPA:ExpressionToFormulaVisitor.visit, INFO)

Assuming external function strlcpy to be a pure function. (PredicateCPA:ExpressionToFormulaVisitor.visit, INFO)

Assuming external function ioread32 to be a pure function. (PredicateCPA:ExpressionToFormulaVisitor.visit, INFO)

Assuming external function unregister_netdev to be a pure function. (PredicateCPA:ExpressionToFormulaVisitor.visit, INFO)

Assuming external function warn_slowpath_null to be a pure function. (PredicateCPA:ExpressionToFormulaVisitor.visit, INFO)

Assuming external function debug_dma_free_coherent to be a pure function. (PredicateCPA:ExpressionToFormulaVisitor.visit, INFO)

line 6034: Ignoring function call through function pointer *(ops->free): (*(ops->free))(dev, size, vaddr, bus, attrs); (PredicateCPA:ExpressionToFormulaVisitor.visit, WARNING)

Assuming external function pci_iounmap to be a pure function. (PredicateCPA:ExpressionToFormulaVisitor.visit, INFO)

Assuming external function free_netdev to be a pure function. (PredicateCPA:ExpressionToFormulaVisitor.visit, INFO)

Assuming external function pci_release_regions to be a pure function. (PredicateCPA:ExpressionToFormulaVisitor.visit, INFO)

Assuming external function netif_device_detach to be a pure function. (PredicateCPA:ExpressionToFormulaVisitor.visit, INFO)

Assuming external function iowrite32 to be a pure function. (PredicateCPA:ExpressionToFormulaVisitor.visit, INFO)

Assuming external function pci_set_power_state to be a pure function. (PredicateCPA:ExpressionToFormulaVisitor.visit, INFO)

Assuming external function pci_save_state to be a pure function. (PredicateCPA:ExpressionToFormulaVisitor.visit, INFO)

Assuming external function pci_restore_state to be a pure function. (PredicateCPA:ExpressionToFormulaVisitor.visit, INFO)

Assuming external function __netif_schedule to be a pure function. (PredicateCPA:ExpressionToFormulaVisitor.visit, INFO)

line 5905: Ignoring function call through function pointer *(ops->unmap_page): (*(ops->unmap_page))(dev, addr, size, dir, attrs); (PredicateCPA:ExpressionToFormulaVisitor.visit, WARNING)

Assuming external function debug_dma_unmap_page to be a pure function. (PredicateCPA:ExpressionToFormulaVisitor.visit, INFO)

Assuming external function __dev_kfree_skb_irq to be a pure function. (PredicateCPA:ExpressionToFormulaVisitor.visit, INFO)

Assuming external function _raw_spin_unlock_irqrestore to be a pure function. (PredicateCPA:ExpressionToFormulaVisitor.visit, INFO)

Assuming external function netif_carrier_off to be a pure function. (PredicateCPA:ExpressionToFormulaVisitor.visit, INFO)

Assuming external function free_irq to be a pure function. (PredicateCPA:ExpressionToFormulaVisitor.visit, INFO)

Assuming external function consume_skb to be a pure function. (PredicateCPA:ExpressionToFormulaVisitor.visit, INFO)

Assuming external function _raw_spin_lock to be a pure function. (PredicateCPA:ExpressionToFormulaVisitor.visit, INFO)

Assuming external function _raw_spin_unlock to be a pure function. (PredicateCPA:ExpressionToFormulaVisitor.visit, INFO)

Assuming external function enable_irq to be a pure function. (PredicateCPA:ExpressionToFormulaVisitor.visit, INFO)

Assuming external function __netdev_alloc_skb to be a pure function. (PredicateCPA:ExpressionToFormulaVisitor.visit, INFO)

Assuming external function iowrite8 to be a pure function. (PredicateCPA:ExpressionToFormulaVisitor.visit, INFO)

Assuming external function __phys_addr to be a pure function. (PredicateCPA:ExpressionToFormulaVisitor.visit, INFO)

lines 5871-5872: Ignoring function call through function pointer *(ops->map_page): addr = (*(ops->map_page))(dev, ((struct page *)0L) + (tmp___2 >> 12), ((unsigned long)ptr) & 4095UL, size, dir, attrs); (PredicateCPA:ExpressionToFormulaVisitor.visit, WARNING)

Assuming external function debug_dma_map_page to be a pure function. (PredicateCPA:ExpressionToFormulaVisitor.visit, INFO)

Assuming external function debug_dma_mapping_error to be a pure function. (PredicateCPA:ExpressionToFormulaVisitor.visit, INFO)

line 5925: Ignoring function call through function pointer *(ops->mapping_error): tmp___0 = (*(ops->mapping_error))(dev, dma_addr); (PredicateCPA:ExpressionToFormulaVisitor.visit, WARNING)

Assuming external function __dev_kfree_skb_any to be a pure function. (PredicateCPA:ExpressionToFormulaVisitor.visit, INFO)

Assuming external function add_timer to be a pure function. (PredicateCPA:ExpressionToFormulaVisitor.visit, INFO)

Assuming external function ldv_check_final_state to be a constant function. (PredicateCPA:ExpressionToFormulaVisitor.visit, INFO)

line 9267: Destroying the void* pointer ldv_zalloc::tmp produces garbage or the memory pointed by it is unused: tmp___0 = ldv_zalloc(44UL); (PredicateCPA:DynamicMemoryHandler.handleDeferredAllocationInFunctionExit, WARNING)

Assuming external function request_threaded_irq to be a pure function. (PredicateCPA:ExpressionToFormulaVisitor.visit, INFO)

Assuming external function netif_carrier_on to be a pure function. (PredicateCPA:ExpressionToFormulaVisitor.visit, INFO)

Assuming external function pci_enable_device to be a pure function. (PredicateCPA:ExpressionToFormulaVisitor.visit, INFO)

Assuming external function dma_set_mask to be a pure function. (PredicateCPA:ExpressionToFormulaVisitor.visit, INFO)

Assuming external function pci_set_master to be a pure function. (PredicateCPA:ExpressionToFormulaVisitor.visit, INFO)

Assuming external function alloc_etherdev_mqs to be a pure function. (PredicateCPA:ExpressionToFormulaVisitor.visit, INFO)

Assuming external function pci_request_regions to be a pure function. (PredicateCPA:ExpressionToFormulaVisitor.visit, INFO)

Assuming external function pci_iomap to be a pure function. (PredicateCPA:ExpressionToFormulaVisitor.visit, INFO)

Assuming external function __raw_spin_lock_init to be a pure function. (PredicateCPA:ExpressionToFormulaVisitor.visit, INFO)

line 6002: Ignoring function call through function pointer *(ops->alloc): memory = (*(ops->alloc))(dev, size, dma_handle, tmp___1, attrs); (PredicateCPA:ExpressionToFormulaVisitor.visit, WARNING)

Assuming external function debug_dma_alloc_coherent to be a pure function. (PredicateCPA:ExpressionToFormulaVisitor.visit, INFO)

Assuming external function ioread16 to be a pure function. (PredicateCPA:ExpressionToFormulaVisitor.visit, INFO)

Assuming external function pci_get_device to be a pure function. (PredicateCPA:ExpressionToFormulaVisitor.visit, INFO)

Assuming external function pci_dev_put to be a pure function. (PredicateCPA:ExpressionToFormulaVisitor.visit, INFO)

Assuming external function __const_udelay to be a pure function. (PredicateCPA:ExpressionToFormulaVisitor.visit, INFO)

Assuming external function get_random_bytes to be a pure function. (PredicateCPA:ExpressionToFormulaVisitor.visit, INFO)

Assuming external function register_netdev to be a pure function. (PredicateCPA:ExpressionToFormulaVisitor.visit, INFO)

Assuming external function netif_device_attach to be a pure function. (PredicateCPA:ExpressionToFormulaVisitor.visit, INFO)

Assuming external function yield to be a constant function. (PredicateCPA:ExpressionToFormulaVisitor.visit, INFO)

Shutdown requested (The CPU-time limit of 900s has elapsed.), waiting for termination. (ForceTerminationOnShutdown$1.shutdownRequested, WARNING)

Warning: Analysis interrupted (The CPU-time limit of 900s has elapsed.) (ShutdownNotifier.shutdownIfNecessary, WARNING)

PredicateCPA statistics
-----------------------
Number of abstractions:            2565528 (16% of all post computations)
  Times abstraction was reused:    0
  Because of function entry/exit:  1647299 (64%)
  Because of loop head:            917814 (36%)
  Because of join nodes:           0 (0%)
  Because of threshold:            0 (0%)
  Because of target state:         415 (0%)
  Times precision was empty:       719369 (28%)
  Times precision was {false}:     4485 (0%)
  Times result was cached:         1807736 (70%)
  Times cartesian abs was used:    0 (0%)
  Times boolean abs was used:      33938 (1%)
  Times result was 'false':        19910 (1%)
Number of strengthen sat checks:   0
Number of coverage checks:         1802824
  BDD entailment checks:           786266
Number of SMT sat checks:          0
  trivial:                         0
  cached:                          0

Max ABE block size:                       61
Number of predicates discovered:          29
Number of abstraction locations:          315
Max number of predicates per location:    14
Avg number of predicates per location:    3
Total predicates per abstraction:         13674433
Max number of predicates per abstraction: 14
Avg number of predicates per abstraction: 355.89
Number of irrelevant predicates:          7431866 (54%)
Number of preds handled by boolean abs:   154552 (1%)
  Total number of models for allsat:      60713
  Max number of models for allsat:        16
  Avg number of models for allsat:        1.79

Time for post operator:                 74.979s
  Time for path formula creation:       68.394s
Time for strengthen operator:           13.240s
Time for prec operator:                508.476s
  Time for abstraction:                482.520s (Max:     1.173s, Count: 2565528)
    Boolean abstraction:                29.936s
    Solving time:                       23.477s (Max:     0.022s)
    Model enumeration time:              4.112s
    Time for BDD construction:           0.978s (Max:     0.025s)
Time for merge operator:                 3.350s
Time for coverage check:                 0.922s
  Time for BDD entailment checks:        0.660s
Total time for SMT solver (w/o itp):    27.589s

Number of path formula cache hits:   18090426 (96%)

Inside post operator:                  
  Inside path formula creation:        
    Time for path formula computation:    28.255s

Total number of created targets for pointer analysis: 8598
   Number of created targets for uf: *(void)* is 10
   Number of created targets for uf: *signed_int is 10
   Number of created targets for uf: *unsigned_char is 110
   Number of created targets for uf: *unsigned_int is 18


Number of BDD nodes:                               11364
Size of BDD node table:                            270749
Size of BDD cache:                                 27073
Size of BDD node cleanup queue:                       74391 (count: 1735680, min: 0, max: 1077, avg: 0.04)
Time for BDD node cleanup:                             0.361s
Time for BDD garbage collection:                       0.000s (in 0 runs)

PrecisionBootstrap statistics
-----------------------------
Init. function predicates:                         0
Init. global predicates:                           0
Init. location predicates:                         0

Invariant Generation statistics
-------------------------------

AutomatonAnalysis (SVCOMP) statistics
-------------------------------------
Number of states:                                  1
Total time for successor computation:                 21.590s
  Time for transition matches:                        12.059s
  Time for transition assertions:                      0.002s
  Time for transition actions:                         0.011s
Automaton transfers with branching:                0
Automaton transfer successors:                     15828771 (count: 15828771, min: 1, max: 1, avg: 1.00) [1 x 15828771]

CPA algorithm statistics
------------------------
Number of iterations:            8656652
Max size of waitlist:            68
Average size of waitlist:        16
Number of computed successors:   9779974
Max successors for one state:    2
Number of times merged:          508279
Number of times stopped:         1094525
Number of times breaked:         415

Total time for CPA algorithm:       851.316s (Max:     6.220s)
  Time for choose from waitlist:      3.057s
  Time for precision adjustment:    581.099s
  Time for transfer relation:       210.693s
  Time for merge operator:            9.979s
  Time for stop operator:            10.870s
  Time for adding to reached set:    12.943s

Predicate-Abstraction Refiner statistics
----------------------------------------
Number of predicate refinements:                   415
Avg. length of target path (in blocks):               45173 (count: 415, min: 35, max: 251, avg: 108.85)
Number of infeasible sliced prefixes:                     0 (count: 0, min: 0, max: 0, avg: 0.00)

Time for refinement:                                  32.202s
  Counterexample analysis:                            15.123s (Max:     0.123s, Calls: 415)
    Refinement sat check:                              7.431s
    Interpolant computation:                           0.000s
  Path-formulas extraction:                            0.044s
  Error path post-processing:                          0.000s
  Predicate creation:                                  0.262s
  Precision update:                                    0.366s
  ARG update:                                         16.100s

Length of refined path (in blocks):                   36292 (count: 415, min: 14, max: 250, avg: 87.45)
Number of affected states:                            29302 (count: 415, min: 1, max: 249, avg: 70.61)
Length (states) of path with itp 'true':               6575 (count: 415, min: 0, max: 84, avg: 15.84)
Length (states) of path with itp non-trivial itp:     29302 (count: 415, min: 1, max: 249, avg: 70.61)
Length (states) of path with itp 'false':               415 (count: 415, min: 1, max: 1, avg: 1.00)
Different non-trivial interpolants along paths:         287 (count: 415, min: 0, max: 6, avg: 0.69)
Equal non-trivial interpolants along paths:           28600 (count: 415, min: 0, max: 248, avg: 68.92)
Number of refs with location-based cutoff:                0

CEGAR algorithm statistics
--------------------------
Number of refinements:                415
Number of successful refinements:     415
Number of failed refinements:         0
Max. size of reached set before ref.: 44894
Max. size of reached set after ref.:  34346
Avg. size of reached set before ref.: 28258.28
Avg. size of reached set after ref.:  7442.61

Total time for CEGAR algorithm:     893.473s
Time for refinements:                39.717s
Average time for refinement:          0.095s
Max time for refinement:              0.302s

Code Coverage
-----------------------------
  Function coverage:      0.729
  Visited lines:          2846
  Total lines:            3475
  Line coverage:          0.819
  Visited conditions:     624
  Total conditions:       806
  Condition coverage:     0.774

CPAchecker general statistics
-----------------------------
Number of program locations:     4802
Number of CFA edges:             5381
Number of relevant variables:    742
Number of functions:             166
Number of loops:                 47
Size of reached set:             27037
  Number of reached locations:   1866 (39%)
    Avg states per location:     14
    Max states per location:     456 (at node N1367)
  Number of reached functions:   121 (73%)
  Number of partitions:          26725
    Avg size of partitions:      1
    Max size of partitions:      8 (with key [N3356 (before line 9356), Function main called from node N3303, stack depth 1 [5c77ba8f], stack [main]])
  Number of target states:       0
  Size of final wait list        44

Time for analysis setup:          6.794s
  Time for loading CPAs:          1.107s
  Time for loading parser:        0.730s
  Time for CFA construction:      4.831s
    Time for parsing file(s):     1.193s
    Time for AST to CFA:          1.722s
    Time for CFA sanity check:    0.403s
    Time for post-processing:     1.320s
      Time for var class.:        0.508s
Time for Analysis:              893.473s
CPU time for analysis:          893.390s
Total time for CPAchecker:      900.271s
Total CPU time for CPAchecker:  900.170s
Time for statistics:              0.536s

Time for Garbage Collector:      83.631s (in 2384 runs)
Garbage Collector(s) used:    Copy, MarkSweepCompact
Used heap memory:                565MB (   539 MiB) max;    251MB (   239 MiB) avg;    571MB (   545 MiB) peak
Used non-heap memory:             41MB (    39 MiB) max;     40MB (    38 MiB) avg;     41MB (    39 MiB) peak
Allocated heap memory:           575MB (   548 MiB) max;    365MB (   348 MiB) avg
Allocated non-heap memory:        43MB (    41 MiB) max;     42MB (    40 MiB) avg
Total process virtual memory:   8557MB (  8161 MiB) max;   8295MB (  7911 MiB) avg

Verification result: UNKNOWN, incomplete analysis.
More details about the verification run can be found in the directory "./output".
