scripts/cpa.sh -Dy-MySearchStrategy-PredAbs-ABElf -heap 5600000000 -timelimit 30 -preprocess -stats -noout -setprop cpa.predicate.memoryAllocationsAlwaysSucceed=true -spec ../sv-benchmarks/c/ReachSafety.prp ../sv-benchmarks/c/seq-mthreaded/rekh_aso_true-unreach-call.2.M4.c


--------------------------------------------------------------------------------


Running CPAchecker with Java heap of size 5600000000.
Running CPAchecker with default stack size (1024k). Specify a larger value with -stack if needed.
Running CPAchecker with the following extra VM options:  -Djava.io.tmpdir=/tmp/BenchExec_run_ove2u4we/tmp
Using the following resource limits: CPU-time limit of 30s (ResourceLimitChecker.fromConfiguration, INFO)

CPAchecker (unknown version) (OpenJDK 64-Bit Server VM 1.8.0_162) started (CPAchecker.run, INFO)

MathSAT5 is available for research and evaluation purposes only. It can not be used in a commercial environment, particularly as part of a commercial product, without written permission. MathSAT5 is provided as is, without any warranty. Please write to mathsat@fbk.eu for additional questions regarding licensing MathSAT5 or obtaining more up-to-date versions. (PredicateCPA:JavaSMT:Mathsat5SolverContext.<init>, WARNING)

Using predicate analysis with MathSAT5 version 5.3.14 (0b98b661254c) (Nov 17 2016 10:59:45, gmp 5.1.3, gcc 4.8.5, 64-bit) and JFactory 1.21. (PredicateCPA:PredicateCPA.<init>, INFO)

Using refinement for predicate analysis with PredicateAbstractionRefinementStrategy strategy. (PredicateCPA:PredicateCPARefiner.<init>, INFO)

Starting analysis ... (CPAchecker.runAlgorithm, INFO)

Assuming external function nxt_motor_set_speed to be a pure function. (PredicateCPA:ExpressionToFormulaVisitor.visit, INFO)

Assuming external function nxt_motor_set_count to be a pure function. (PredicateCPA:ExpressionToFormulaVisitor.visit, INFO)

Assuming external function ecrobot_sound_tone to be a pure function. (PredicateCPA:ExpressionToFormulaVisitor.visit, INFO)

Shutdown requested (The CPU-time limit of 30s has elapsed.), waiting for termination. (ForceTerminationOnShutdown$1.shutdownRequested, WARNING)

Warning: Analysis interrupted (The CPU-time limit of 30s has elapsed.) (ShutdownNotifier.shutdownIfNecessary, WARNING)

PredicateCPA statistics
-----------------------
Number of abstractions:            351 (3% of all post computations)
  Times abstraction was reused:    0
  Because of function entry/exit:  348 (99%)
  Because of loop head:            0 (0%)
  Because of join nodes:           0 (0%)
  Because of threshold:            0 (0%)
  Because of target state:         3 (1%)
  Times precision was empty:       341 (97%)
  Times precision was {false}:     5 (1%)
  Times result was cached:         3 (1%)
  Times cartesian abs was used:    0 (0%)
  Times boolean abs was used:      2 (1%)
  Times result was 'false':        3 (1%)
Number of strengthen sat checks:   0
Number of coverage checks:         3148
  BDD entailment checks:           86
Number of SMT sat checks:          0
  trivial:                         0
  cached:                          0

Max ABE block size:                       474
Number of predicates discovered:          2
Number of abstraction locations:          4
Max number of predicates per location:    1
Avg number of predicates per location:    1
Total predicates per abstraction:         10
Max number of predicates per abstraction: 1
Avg number of predicates per abstraction: 1.43
Number of irrelevant predicates:          8 (80%)
Number of preds handled by boolean abs:   2 (20%)
  Total number of models for allsat:      2
  Max number of models for allsat:        1
  Avg number of models for allsat:        1.00

Time for post operator:                  6.028s
  Time for path formula creation:        5.975s
Time for strengthen operator:            0.073s
Time for prec operator:                  0.170s
  Time for abstraction:                  0.073s (Max:     0.010s, Count: 351)
    Boolean abstraction:                 0.005s
    Solving time:                        0.004s (Max:     0.002s)
    Model enumeration time:              0.001s
    Time for BDD construction:           0.001s (Max:     0.001s)
Time for merge operator:                 0.178s
Time for coverage check:                 0.016s
  Time for BDD entailment checks:        0.014s
Total time for SMT solver (w/o itp):     0.005s

Number of path formula cache hits:   424 (4%)

Inside post operator:                  
  Inside path formula creation:        
    Time for path formula computation:     5.832s

Total number of created targets for pointer analysis: 88490
   Number of created targets for uf: *unsigned_char is 122
   Number of created targets for uf: *_Bool is 80
   Number of created targets for uf: *char is 201
   Number of created targets for uf: *unsigned_int is 23


Number of BDD nodes:                               202
Size of BDD node table:                            270749
Size of BDD cache:                                 27073
Size of BDD node cleanup queue:                           7 (count: 470, min: 0, max: 7, avg: 0.01)
Time for BDD node cleanup:                             0.000s
Time for BDD garbage collection:                       0.000s (in 0 runs)

PrecisionBootstrap statistics
-----------------------------
Init. function predicates:                         0
Init. global predicates:                           0
Init. location predicates:                         0

Invariant Generation statistics
-------------------------------

AutomatonAnalysis (SVCOMP) statistics
-------------------------------------
Number of states:                                  1
Total time for successor computation:                  0.224s
Automaton transfers with branching:                0
Automaton transfer successors:                        10479 (count: 10479, min: 1, max: 1, avg: 1.00) [1 x 10479]

CPA algorithm statistics
------------------------
Number of iterations:            7723
Max size of waitlist:            292
Average size of waitlist:        33
Number of computed successors:   9345
Max successors for one state:    2
Number of times merged:          1531
Number of times stopped:         1617
Number of times breaked:         3

Total time for CPA algorithm:         8.642s (Max:     6.774s)
  Time for choose from waitlist:      0.048s
  Time for precision adjustment:      0.549s
  Time for transfer relation:         7.076s
  Time for merge operator:            0.421s
  Time for stop operator:             0.113s
  Time for adding to reached set:     0.163s

Predicate-Abstraction Refiner statistics
----------------------------------------
Number of predicate refinements:                   3
Avg. length of target path (in blocks):                  71 (count: 3, min: 15, max: 29, avg: 23.67)
Number of infeasible sliced prefixes:                     0 (count: 0, min: 0, max: 0, avg: 0.00)

Time for refinement:                                  18.354s
  Counterexample analysis:                            18.282s (Max:     6.168s, Calls: 3)
    Refinement sat check:                             16.729s
    Interpolant computation:                           0.000s
  Path-formulas extraction:                            0.000s
  Error path post-processing:                          0.000s
  Predicate creation:                                  0.013s
  Precision update:                                    0.002s
  ARG update:                                          0.038s

Length of refined path (in blocks):                      25 (count: 2, min: 12, max: 13, avg: 12.50)
Number of affected states:                                2 (count: 2, min: 0, max: 2, avg: 1.00)
Length (states) of path with itp 'true':                 21 (count: 2, min: 9, max: 12, avg: 10.50)
Length (states) of path with itp non-trivial itp:         2 (count: 2, min: 0, max: 2, avg: 1.00)
Length (states) of path with itp 'false':                 2 (count: 2, min: 1, max: 1, avg: 1.00)
Different non-trivial interpolants along paths:           0 (count: 2, min: 0, max: 0, avg: 0.00)
Equal non-trivial interpolants along paths:               1 (count: 2, min: 0, max: 1, avg: 0.50)
Number of refs with location-based cutoff:                0

CEGAR algorithm statistics
--------------------------
Number of refinements:                3
Number of successful refinements:     2
Number of failed refinements:         0
Max. size of reached set before ref.: 4217
Max. size of reached set after ref.:  4152
Avg. size of reached set before ref.: 4217.00
Avg. size of reached set after ref.:  2462.50

Total time for CEGAR algorithm:      27.139s
Time for refinements:                18.483s
Average time for refinement:          6.161s
Max time for refinement:              6.280s

Code Coverage
-----------------------------
  Function coverage:      0.644
  Visited lines:          1501
  Total lines:            3156
  Line coverage:          0.476
  Visited conditions:     1116
  Total conditions:       3400
  Condition coverage:     0.328

CPAchecker general statistics
-----------------------------
Number of program locations:     4906
Number of CFA edges:             5355
Number of relevant variables:    153
Number of functions:             45
Number of loops:                 1
Size of reached set:             4217
  Number of reached locations:   1352 (28%)
    Avg states per location:     3
    Max states per location:     12 (at node N1321)
  Number of reached functions:   29 (64%)
  Number of partitions:          4217
    Avg size of partitions:      1
    Max size of partitions:      1
  Number of target states:       1
  Size of final wait list        2

Time for analysis setup:          5.567s
  Time for loading CPAs:          1.063s
  Time for loading parser:        0.720s
  Time for CFA construction:      3.608s
    Time for parsing file(s):     0.956s
    Time for AST to CFA:          1.214s
    Time for CFA sanity check:    0.371s
    Time for post-processing:     0.893s
      Time for var class.:        0.541s
Time for Analysis:               27.139s
CPU time for analysis:           27.140s
Total time for CPAchecker:       32.713s
Total CPU time for CPAchecker:   32.700s
Time for statistics:              0.183s

Time for Garbage Collector:       0.326s (in 19 runs)
Garbage Collector(s) used:    Copy, MarkSweepCompact
Used heap memory:                 69MB (    65 MiB) max;     42MB (    40 MiB) avg;     71MB (    68 MiB) peak
Used non-heap memory:             36MB (    34 MiB) max;     32MB (    31 MiB) avg;     36MB (    34 MiB) peak
Allocated heap memory:           127MB (   121 MiB) max;    127MB (   121 MiB) avg
Allocated non-heap memory:        37MB (    36 MiB) max;     34MB (    33 MiB) avg
Total process virtual memory:   8537MB (  8141 MiB) max;   8295MB (  7911 MiB) avg

Verification result: UNKNOWN, incomplete analysis.
More details about the verification run can be found in the directory "./output".
