scripts/cpa.sh -Dy-MySearchStrategy-PredAbs-ABElf -heap 5600000000 -timelimit 30 -preprocess -stats -noout -setprop cpa.predicate.memoryAllocationsAlwaysSucceed=true -spec ../sv-benchmarks/c/ReachSafety.prp ../sv-benchmarks/c/product-lines/elevator_spec13_product32_true-unreach-call_false-termination.cil.c


--------------------------------------------------------------------------------


Running CPAchecker with Java heap of size 5600000000.
Running CPAchecker with default stack size (1024k). Specify a larger value with -stack if needed.
Running CPAchecker with the following extra VM options:  -Djava.io.tmpdir=/tmp/BenchExec_run_681dvikd/tmp
Using the following resource limits: CPU-time limit of 30s (ResourceLimitChecker.fromConfiguration, INFO)

CPAchecker (unknown version) (OpenJDK 64-Bit Server VM 1.8.0_162) started (CPAchecker.run, INFO)

line 591: Dead code detected: return (retValue_acc); (CFACreationUtils.addEdgeToCFA, INFO)

line 711: Dead code detected: return (retValue_acc); (CFACreationUtils.addEdgeToCFA, INFO)

line 947: Dead code detected: return (retValue_acc); (CFACreationUtils.addEdgeToCFA, INFO)

line 1258: Dead code detected: return (retValue_acc); (CFACreationUtils.addEdgeToCFA, INFO)

line 1300: Dead code detected: return (retValue_acc); (CFACreationUtils.addEdgeToCFA, INFO)

line 1339: Dead code detected: return (retValue_acc); (CFACreationUtils.addEdgeToCFA, INFO)

line 1378: Dead code detected: return (retValue_acc); (CFACreationUtils.addEdgeToCFA, INFO)

line 1390: Dead code detected: return (retValue_acc); (CFACreationUtils.addEdgeToCFA, INFO)

line 1413: Dead code detected: return (retValue_acc); (CFACreationUtils.addEdgeToCFA, INFO)

line 1733: Dead code detected: return (retValue_acc); (CFACreationUtils.addEdgeToCFA, INFO)

line 1779: Dead code detected: return (retValue_acc); (CFACreationUtils.addEdgeToCFA, INFO)

line 1858: Dead code detected: return (retValue_acc); (CFACreationUtils.addEdgeToCFA, INFO)

line 2031: Dead code detected: return (retValue_acc); (CFACreationUtils.addEdgeToCFA, INFO)

line 2040: Dead code detected: return (retValue_acc); (CFACreationUtils.addEdgeToCFA, INFO)

line 2074: Dead code detected: return (retValue_acc); (CFACreationUtils.addEdgeToCFA, INFO)

line 2083: Dead code detected: return (retValue_acc); (CFACreationUtils.addEdgeToCFA, INFO)

line 2123: Dead code detected: return (retValue_acc); (CFACreationUtils.addEdgeToCFA, INFO)

line 2203: Dead code detected: return (retValue_acc); (CFACreationUtils.addEdgeToCFA, INFO)

line 2216: Dead code detected: return (retValue_acc); (CFACreationUtils.addEdgeToCFA, INFO)

line 2568: Dead code detected: return (retValue_acc); (CFACreationUtils.addEdgeToCFA, INFO)

line 2608: Dead code detected: return (retValue_acc); (CFACreationUtils.addEdgeToCFA, INFO)

line 2637: Dead code detected: return (retValue_acc); (CFACreationUtils.addEdgeToCFA, INFO)

line 2671: Dead code detected: return (retValue_acc); (CFACreationUtils.addEdgeToCFA, INFO)

line 2727: Dead code detected: return (retValue_acc); (CFACreationUtils.addEdgeToCFA, INFO)

line 2755: Dead code detected: return (retValue_acc); (CFACreationUtils.addEdgeToCFA, INFO)

line 2786: Dead code detected: return (retValue_acc); (CFACreationUtils.addEdgeToCFA, INFO)

line 2800: Dead code detected: return (retValue_acc); (CFACreationUtils.addEdgeToCFA, INFO)

line 3420: Dead code detected: return (retValue_acc); (CFACreationUtils.addEdgeToCFA, INFO)

line 3431: Dead code detected: return (retValue_acc); (CFACreationUtils.addEdgeToCFA, INFO)

line 3440: Dead code detected: return (retValue_acc); (CFACreationUtils.addEdgeToCFA, INFO)

line 1570: Function pointer *__cil_tmp10 with type int (*)(int, int) is called, but no possible target functions were found. (CFunctionPointerResolver.replaceFunctionPointerCall, WARNING)

MathSAT5 is available for research and evaluation purposes only. It can not be used in a commercial environment, particularly as part of a commercial product, without written permission. MathSAT5 is provided as is, without any warranty. Please write to mathsat@fbk.eu for additional questions regarding licensing MathSAT5 or obtaining more up-to-date versions. (PredicateCPA:JavaSMT:Mathsat5SolverContext.<init>, WARNING)

Using predicate analysis with MathSAT5 version 5.3.14 (0b98b661254c) (Nov 17 2016 10:59:45, gmp 5.1.3, gcc 4.8.5, 64-bit) and JFactory 1.21. (PredicateCPA:PredicateCPA.<init>, INFO)

Using refinement for predicate analysis with PredicateAbstractionRefinementStrategy strategy. (PredicateCPA:PredicateCPARefiner.<init>, INFO)

Starting analysis ... (CPAchecker.runAlgorithm, INFO)

Shutdown requested (The CPU-time limit of 30s has elapsed.), waiting for termination. (ForceTerminationOnShutdown$1.shutdownRequested, WARNING)

Warning: Analysis interrupted (The CPU-time limit of 30s has elapsed.) (ShutdownNotifier.shutdownIfNecessary, WARNING)

PredicateCPA statistics
-----------------------
Number of abstractions:            25364 (9% of all post computations)
  Times abstraction was reused:    0
  Because of function entry/exit:  25162 (99%)
  Because of loop head:            182 (1%)
  Because of join nodes:           0 (0%)
  Because of threshold:            0 (0%)
  Because of target state:         20 (0%)
  Times precision was empty:       18251 (72%)
  Times precision was {false}:     96 (0%)
  Times result was cached:         6742 (27%)
  Times cartesian abs was used:    0 (0%)
  Times boolean abs was used:      275 (1%)
  Times result was 'false':        141 (1%)
Number of strengthen sat checks:   0
Number of coverage checks:         84637
  BDD entailment checks:           4393
Number of SMT sat checks:          0
  trivial:                         0
  cached:                          0

Max ABE block size:                       57
Number of predicates discovered:          18
Number of abstraction locations:          72
Max number of predicates per location:    9
Avg number of predicates per location:    7
Total predicates per abstraction:         45053
Max number of predicates per abstraction: 9
Avg number of predicates per abstraction: 121.44
Number of irrelevant predicates:          29272 (65%)
Number of preds handled by boolean abs:   1559 (3%)
  Total number of models for allsat:      505
  Max number of models for allsat:        32
  Avg number of models for allsat:        1.84

Time for post operator:                  4.472s
  Time for path formula creation:        4.035s
Time for strengthen operator:            0.546s
Time for prec operator:                  5.066s
  Time for abstraction:                  4.266s (Max:     0.043s, Count: 25364)
    Boolean abstraction:                 0.564s
    Solving time:                        0.385s (Max:     0.016s)
    Model enumeration time:              0.050s
    Time for BDD construction:           0.092s (Max:     0.018s)
Time for merge operator:                 0.535s
Time for coverage check:                 0.103s
  Time for BDD entailment checks:        0.073s
Total time for SMT solver (w/o itp):     0.435s

Number of path formula cache hits:   316135 (94%)

Inside post operator:                  
  Inside path formula creation:        
    Time for path formula computation:     2.303s

Total number of created targets for pointer analysis: 0


Number of BDD nodes:                               993
Size of BDD node table:                            270749
Size of BDD cache:                                 27073
Size of BDD node cleanup queue:                        1113 (count: 25031, min: 0, max: 207, avg: 0.04)
Time for BDD node cleanup:                             0.030s
Time for BDD garbage collection:                       0.000s (in 0 runs)

PrecisionBootstrap statistics
-----------------------------
Init. function predicates:                         0
Init. global predicates:                           0
Init. location predicates:                         0

Invariant Generation statistics
-------------------------------

AutomatonAnalysis (SVCOMP) statistics
-------------------------------------
Number of states:                                  1
Total time for successor computation:                  0.740s
  Time for transition matches:                         0.364s
  Time for transition assertions:                      0.000s
  Time for transition actions:                         0.001s
Automaton transfers with branching:                0
Automaton transfer successors:                       275943 (count: 275943, min: 1, max: 1, avg: 1.00) [1 x 275943]

CPA algorithm statistics
------------------------
Number of iterations:            193486
Max size of waitlist:            180
Average size of waitlist:        84
Number of computed successors:   240109
Max successors for one state:    2
Number of times merged:          40122
Number of times stopped:         44285
Number of times breaked:         20

Total time for CPA algorithm:        22.868s (Max:     4.409s)
  Time for choose from waitlist:      0.316s
  Time for precision adjustment:      7.953s
  Time for transfer relation:         9.861s
  Time for merge operator:            1.720s
  Time for stop operator:             0.595s
  Time for adding to reached set:     0.768s

Predicate-Abstraction Refiner statistics
----------------------------------------
Number of predicate refinements:                   20
Avg. length of target path (in blocks):                1597 (count: 20, min: 75, max: 84, avg: 79.85)
Number of infeasible sliced prefixes:                     0 (count: 0, min: 0, max: 0, avg: 0.00)

Time for refinement:                                   2.052s
  Counterexample analysis:                             1.008s (Max:     0.071s, Calls: 20)
    Refinement sat check:                              0.595s
    Interpolant computation:                           0.000s
  Path-formulas extraction:                            0.000s
  Error path post-processing:                          0.000s
  Predicate creation:                                  0.103s
  Precision update:                                    0.033s
  ARG update:                                          0.828s

Length of refined path (in blocks):                    1417 (count: 20, min: 43, max: 80, avg: 70.85)
Number of affected states:                              987 (count: 20, min: 1, max: 79, avg: 49.35)
Length (states) of path with itp 'true':                410 (count: 20, min: 0, max: 70, avg: 20.50)
Length (states) of path with itp non-trivial itp:       987 (count: 20, min: 1, max: 79, avg: 49.35)
Length (states) of path with itp 'false':                20 (count: 20, min: 1, max: 1, avg: 1.00)
Different non-trivial interpolants along paths:          16 (count: 20, min: 0, max: 3, avg: 0.80)
Equal non-trivial interpolants along paths:             951 (count: 20, min: 0, max: 77, avg: 47.55)
Number of refs with location-based cutoff:                0

CEGAR algorithm statistics
--------------------------
Number of refinements:                20
Number of successful refinements:     20
Number of failed refinements:         0
Max. size of reached set before ref.: 14368
Max. size of reached set after ref.:  12343
Avg. size of reached set before ref.: 12871.00
Avg. size of reached set after ref.:  3680.35

Total time for CEGAR algorithm:      25.580s
Time for refinements:                 2.585s
Average time for refinement:          0.129s
Max time for refinement:              0.220s

Code Coverage
-----------------------------
  Function coverage:      0.551
  Visited lines:          537
  Total lines:            1731
  Line coverage:          0.310
  Visited conditions:     242
  Total conditions:       736
  Condition coverage:     0.329

CPAchecker general statistics
-----------------------------
Number of program locations:     2272
Number of CFA edges:             2765
Number of relevant variables:    328
Number of functions:             78
Number of loops:                 9
Size of reached set:             11871
  Number of reached locations:   560 (25%)
    Avg states per location:     21
    Max states per location:     216 (at node N1026)
  Number of reached functions:   43 (55%)
  Number of partitions:          11854
    Avg size of partitions:      1
    Max size of partitions:      2 (with key [N2312 (before line 2919), Function timeShift__wrappee__executivefloor called from node N2400, stack depth 6 [5004c639], stack [main, runTest, test, threeTS, timeShift, timeShift__wrappee__executivefloor]])
  Number of target states:       0
  Size of final wait list        150

Time for analysis setup:          4.164s
  Time for loading CPAs:          0.837s
  Time for loading parser:        0.745s
  Time for CFA construction:      2.377s
    Time for parsing file(s):     0.643s
    Time for AST to CFA:          0.774s
    Time for CFA sanity check:    0.249s
    Time for post-processing:     0.551s
      Time for var class.:        0.306s
Time for Analysis:               25.580s
CPU time for analysis:           25.580s
Total time for CPAchecker:       29.749s
Total CPU time for CPAchecker:   29.740s
Time for statistics:              0.392s

Time for Garbage Collector:       1.421s (in 73 runs)
Garbage Collector(s) used:    Copy, MarkSweepCompact
Used heap memory:                119MB (   114 MiB) max;     63MB (    60 MiB) avg;    129MB (   123 MiB) peak
Used non-heap memory:             36MB (    34 MiB) max;     33MB (    32 MiB) avg;     37MB (    35 MiB) peak
Allocated heap memory:           127MB (   121 MiB) max;    127MB (   121 MiB) avg
Allocated non-heap memory:        38MB (    36 MiB) max;     35MB (    34 MiB) avg
Total process virtual memory:   8087MB (  7712 MiB) max;   8073MB (  7699 MiB) avg

Verification result: UNKNOWN, incomplete analysis.
More details about the verification run can be found in the directory "./output".
