scripts/cpa.sh -Dy-MySearchStrategy-PredAbs-ABElf -heap 5600000000 -timelimit 900 -preprocess -stats -noout -setprop cpa.predicate.memoryAllocationsAlwaysSucceed=true -spec ../sv-benchmarks/c/ReachSafety.prp ../sv-benchmarks/c/ldv-linux-3.16-rc1/43_2a_consumption_linux-3.16-rc1.tar.xz-43_2a-drivers--net--ethernet--emulex--benet--be2net.ko-entry_point_true-unreach-call.cil.out.c


--------------------------------------------------------------------------------


Running CPAchecker with Java heap of size 5600000000.
Running CPAchecker with default stack size (1024k). Specify a larger value with -stack if needed.
Running CPAchecker with the following extra VM options:  -Djava.io.tmpdir=/tmp/BenchExec_run_ms519bry/tmp
Using the following resource limits: CPU-time limit of 900s (ResourceLimitChecker.fromConfiguration, INFO)

CPAchecker (unknown version) (OpenJDK 64-Bit Server VM 1.8.0_162) started (CPAchecker.run, INFO)

lines 9653-9668: Dead code detected: switch (4UL) (CFACreationUtils.addEdgeToCFA, INFO)

line 9655: Dead code detected: __asm__ ("movb %%gs:%P1,%0": "=q" (pfo_ret__): "m" (cpu_number)); (CFACreationUtils.addEdgeToCFA, INFO)

line 9658: Dead code detected: __asm__ ("movw %%gs:%P1,%0": "=r" (pfo_ret__): "m" (cpu_number)); (CFACreationUtils.addEdgeToCFA, INFO)

line 9660: Dead code detected:  (CFACreationUtils.addEdgeToCFA, INFO)

line 9664: Dead code detected: __asm__ ("movq %%gs:%P1,%0": "=r" (pfo_ret__): "m" (cpu_number)); (CFACreationUtils.addEdgeToCFA, INFO)

none: Dead code detected: switch (4UL) {
  case 1UL:
  __asm__ ("movb %%gs:%P1,%0": "=q" (pfo_ret__): "m" (cpu_number));
  goto ldv_43045;
  case 2UL:
  __asm__ ("movw %%gs:%P1,%0": "=r" (pfo_ret__): "m" (cpu_number));
  goto ldv_43045;
  case 4UL:
  __asm__ ("movl %%gs:%P1,%0": "=r" (pfo_ret__): "m" (cpu_number));
  goto ldv_43045;
  case 8UL:
  __asm__ ("movq %%gs:%P1,%0": "=r" (pfo_ret__): "m" (cpu_number));
  goto ldv_43045;
  default:
  __bad_percpu_size();
  } (CFACreationUtils.addEdgeToCFA, INFO)

lines 9673-9688: Dead code detected: switch (4UL) (CFACreationUtils.addEdgeToCFA, INFO)

line 9675: Dead code detected: __asm__ ("movb %%gs:%P1,%0": "=q" (pfo_ret_____0): "m" (cpu_number)); (CFACreationUtils.addEdgeToCFA, INFO)

line 9678: Dead code detected: __asm__ ("movw %%gs:%P1,%0": "=r" (pfo_ret_____0): "m" (cpu_number)); (CFACreationUtils.addEdgeToCFA, INFO)

line 9680: Dead code detected:  (CFACreationUtils.addEdgeToCFA, INFO)

line 9684: Dead code detected: __asm__ ("movq %%gs:%P1,%0": "=r" (pfo_ret_____0): "m" (cpu_number)); (CFACreationUtils.addEdgeToCFA, INFO)

none: Dead code detected: switch (4UL) {
  case 1UL:
  __asm__ ("movb %%gs:%P1,%0": "=q" (pfo_ret_____0): "m" (cpu_number));
  goto ldv_43055;
  case 2UL:
  __asm__ ("movw %%gs:%P1,%0": "=r" (pfo_ret_____0): "m" (cpu_number));
  goto ldv_43055;
  case 4UL:
  __asm__ ("movl %%gs:%P1,%0": "=r" (pfo_ret_____0): "m" (cpu_number));
  goto ldv_43055;
  case 8UL:
  __asm__ ("movq %%gs:%P1,%0": "=r" (pfo_ret_____0): "m" (cpu_number));
  goto ldv_43055;
  default:
  __bad_percpu_size();
  } (CFACreationUtils.addEdgeToCFA, INFO)

line 9695: Dead code detected: __asm__ ("movb %%gs:%P1,%0": "=q" (pfo_ret_____1): "m" (cpu_number)); (CFACreationUtils.addEdgeToCFA, INFO)

line 9698: Dead code detected: __asm__ ("movw %%gs:%P1,%0": "=r" (pfo_ret_____1): "m" (cpu_number)); (CFACreationUtils.addEdgeToCFA, INFO)

line 9704: Dead code detected: __asm__ ("movq %%gs:%P1,%0": "=r" (pfo_ret_____1): "m" (cpu_number)); (CFACreationUtils.addEdgeToCFA, INFO)

none: Dead code detected: switch (4UL) {
  case 1UL:
  __asm__ ("movb %%gs:%P1,%0": "=q" (pfo_ret_____1): "m" (cpu_number));
  goto ldv_43064;
  case 2UL:
  __asm__ ("movw %%gs:%P1,%0": "=r" (pfo_ret_____1): "m" (cpu_number));
  goto ldv_43064;
  case 4UL:
  __asm__ ("movl %%gs:%P1,%0": "=r" (pfo_ret_____1): "m" (cpu_number));
  goto ldv_43064;
  case 8UL:
  __asm__ ("movq %%gs:%P1,%0": "=r" (pfo_ret_____1): "m" (cpu_number));
  goto ldv_43064;
  default:
  __bad_percpu_size();
  } (CFACreationUtils.addEdgeToCFA, INFO)

lines 9713-9728: Dead code detected: switch (4UL) (CFACreationUtils.addEdgeToCFA, INFO)

line 9715: Dead code detected: __asm__ ("movb %%gs:%P1,%0": "=q" (pfo_ret_____2): "m" (cpu_number)); (CFACreationUtils.addEdgeToCFA, INFO)

line 9718: Dead code detected: __asm__ ("movw %%gs:%P1,%0": "=r" (pfo_ret_____2): "m" (cpu_number)); (CFACreationUtils.addEdgeToCFA, INFO)

line 9720: Dead code detected:  (CFACreationUtils.addEdgeToCFA, INFO)

line 9724: Dead code detected: __asm__ ("movq %%gs:%P1,%0": "=r" (pfo_ret_____2): "m" (cpu_number)); (CFACreationUtils.addEdgeToCFA, INFO)

none: Dead code detected: switch (4UL) {
  case 1UL:
  __asm__ ("movb %%gs:%P1,%0": "=q" (pfo_ret_____2): "m" (cpu_number));
  goto ldv_43073;
  case 2UL:
  __asm__ ("movw %%gs:%P1,%0": "=r" (pfo_ret_____2): "m" (cpu_number));
  goto ldv_43073;
  case 4UL:
  __asm__ ("movl %%gs:%P1,%0": "=r" (pfo_ret_____2): "m" (cpu_number));
  goto ldv_43073;
  case 8UL:
  __asm__ ("movq %%gs:%P1,%0": "=r" (pfo_ret_____2): "m" (cpu_number));
  goto ldv_43073;
  default:
  __bad_percpu_size();
  } (CFACreationUtils.addEdgeToCFA, INFO)

none: Dead code detected: switch (4UL) {
  case 1UL: ;
  switch (4UL) {
  case 1UL:
  __asm__ ("movb %%gs:%P1,%0": "=q" (pfo_ret__): "m" (cpu_number));
  goto ldv_43045;
  case 2UL:
  __asm__ ("movw %%gs:%P1,%0": "=r" (pfo_ret__): "m" (cpu_number));
  goto ldv_43045;
  case 4UL:
  __asm__ ("movl %%gs:%P1,%0": "=r" (pfo_ret__): "m" (cpu_number));
  goto ldv_43045;
  case 8UL:
  __asm__ ("movq %%gs:%P1,%0": "=r" (pfo_ret__): "m" (cpu_number));
  goto ldv_43045;
  default:
  __bad_percpu_size();
  }
  ldv_43045:
  pscr_ret__ = pfo_ret__;
  goto ldv_43051;
  case 2UL: ;
  switch (4UL) {
  case 1UL:
  __asm__ ("movb %%gs:%P1,%0": "=q" (pfo_ret_____0): "m" (cpu_number));
  goto ldv_43055;
  case 2UL:
  __asm__ ("movw %%gs:%P1,%0": "=r" (pfo_ret_____0): "m" (cpu_number));
  goto ldv_43055;
  case 4UL:
  __asm__ ("movl %%gs:%P1,%0": "=r" (pfo_ret_____0): "m" (cpu_number));
  goto ldv_43055;
  case 8UL:
  __asm__ ("movq %%gs:%P1,%0": "=r" (pfo_ret_____0): "m" (cpu_number));
  goto ldv_43055;
  default:
  __bad_percpu_size();
  }
  ldv_43055:
  pscr_ret__ = pfo_ret_____0;
  goto ldv_43051;
  case 4UL: ;
  switch (4UL) {
  case 1UL:
  __asm__ ("movb %%gs:%P1,%0": "=q" (pfo_ret_____1): "m" (cpu_number));
  goto ldv_43064;
  case 2UL:
  __asm__ ("movw %%gs:%P1,%0": "=r" (pfo_ret_____1): "m" (cpu_number));
  goto ldv_43064;
  case 4UL:
  __asm__ ("movl %%gs:%P1,%0": "=r" (pfo_ret_____1): "m" (cpu_number));
  goto ldv_43064;
  case 8UL:
  __asm__ ("movq %%gs:%P1,%0": "=r" (pfo_ret_____1): "m" (cpu_number));
  goto ldv_43064;
  default:
  __bad_percpu_size();
  }
  ldv_43064:
  pscr_ret__ = pfo_ret_____1;
  goto ldv_43051;
  case 8UL: ;
  switch (4UL) {
  case 1UL:
  __asm__ ("movb %%gs:%P1,%0": "=q" (pfo_ret_____2): "m" (cpu_number));
  goto ldv_43073;
  case 2UL:
  __asm__ ("movw %%gs:%P1,%0": "=r" (pfo_ret_____2): "m" (cpu_number));
  goto ldv_43073;
  case 4UL:
  __asm__ ("movl %%gs:%P1,%0": "=r" (pfo_ret_____2): "m" (cpu_number));
  goto ldv_43073;
  case 8UL:
  __asm__ ("movq %%gs:%P1,%0": "=r" (pfo_ret_____2): "m" (cpu_number));
  goto ldv_43073;
  default:
  __bad_percpu_size();
  }
  ldv_43073:
  pscr_ret__ = pfo_ret_____2;
  goto ldv_43051;
  default:
  __bad_size_call_parameter();
  goto ldv_43051;
  } (CFACreationUtils.addEdgeToCFA, INFO)

line 10501: Dead code detected: __ms = 1UL; (CFACreationUtils.addEdgeToCFA, INFO)

line 13605: Dead code detected: __ms = 1UL; (CFACreationUtils.addEdgeToCFA, INFO)

line 13753: Dead code detected: __ms = 1UL; (CFACreationUtils.addEdgeToCFA, INFO)

Inline assembler ignored, analysis is probably unsound! (CFABuilder.createCFA, WARNING)

line 27521: Function pointer *(ocrdma_drv->add) with type struct ocrdma_dev *(*)(struct be_dev_info *) is called, but no possible target functions were found. (CFunctionPointerResolver.replaceFunctionPointerCall, WARNING)

line 27608: Function pointer *(ocrdma_drv->state_change_handler) with type void (*)(struct ocrdma_dev *, u32 ) is called, but no possible target functions were found. (CFunctionPointerResolver.replaceFunctionPointerCall, WARNING)

line 27579: Function pointer *(ocrdma_drv->state_change_handler) with type void (*)(struct ocrdma_dev *, u32 ) is called, but no possible target functions were found. (CFunctionPointerResolver.replaceFunctionPointerCall, WARNING)

line 27548: Function pointer *(ocrdma_drv->remove) with type void (*)(struct ocrdma_dev *) is called, but no possible target functions were found. (CFunctionPointerResolver.replaceFunctionPointerCall, WARNING)

line 8772: Function pointer *(ops->alloc) with type void *(*)(struct device *, size_t , dma_addr_t *, gfp_t , struct dma_attrs *) is called, but no possible target functions were found. (CFunctionPointerResolver.replaceFunctionPointerCall, WARNING)

line 8804: Function pointer *(ops->free) with type void (*)(struct device *, size_t , void *, dma_addr_t , struct dma_attrs *) is called, but no possible target functions were found. (CFunctionPointerResolver.replaceFunctionPointerCall, WARNING)

line 8611: Function pointer *(ops->map_page) with type dma_addr_t (*)(struct device *, struct page *, unsigned long, size_t , enum dma_data_direction , struct dma_attrs *) is called, but no possible target functions were found. (CFunctionPointerResolver.replaceFunctionPointerCall, WARNING)

lines 8544-8545: Function pointer *(ops->map_page) with type dma_addr_t (*)(struct device *, struct page *, unsigned long, size_t , enum dma_data_direction , struct dma_attrs *) is called, but no possible target functions were found. (CFunctionPointerResolver.replaceFunctionPointerCall, WARNING)

line 8694: Function pointer *(ops->mapping_error) with type int (*)(struct device *, dma_addr_t ) is called, but no possible target functions were found. (CFunctionPointerResolver.replaceFunctionPointerCall, WARNING)

line 8674: Function pointer *(ops->sync_single_for_cpu) with type void (*)(struct device *, dma_addr_t , size_t , enum dma_data_direction ) is called, but no possible target functions were found. (CFunctionPointerResolver.replaceFunctionPointerCall, WARNING)

line 8641: Function pointer *(ops->unmap_page) with type void (*)(struct device *, dma_addr_t , size_t , enum dma_data_direction , struct dma_attrs *) is called, but no possible target functions were found. (CFunctionPointerResolver.replaceFunctionPointerCall, WARNING)

line 8578: Function pointer *(ops->unmap_page) with type void (*)(struct device *, dma_addr_t , size_t , enum dma_data_direction , struct dma_attrs *) is called, but no possible target functions were found. (CFunctionPointerResolver.replaceFunctionPointerCall, WARNING)

MathSAT5 is available for research and evaluation purposes only. It can not be used in a commercial environment, particularly as part of a commercial product, without written permission. MathSAT5 is provided as is, without any warranty. Please write to mathsat@fbk.eu for additional questions regarding licensing MathSAT5 or obtaining more up-to-date versions. (PredicateCPA:JavaSMT:Mathsat5SolverContext.<init>, WARNING)

Using predicate analysis with MathSAT5 version 5.3.14 (0b98b661254c) (Nov 17 2016 10:59:45, gmp 5.1.3, gcc 4.8.5, 64-bit) and JFactory 1.21. (PredicateCPA:PredicateCPA.<init>, INFO)

Using refinement for predicate analysis with PredicateAbstractionRefinementStrategy strategy. (PredicateCPA:PredicateCPARefiner.<init>, INFO)

Starting analysis ... (CPAchecker.runAlgorithm, INFO)

line 18514: Destroying the void* pointer ldv_zalloc::tmp produces garbage or the memory pointed by it is unused: tmp___0 = ldv_zalloc(60UL); (PredicateCPA:DynamicMemoryHandler.handleDeferredAllocationInFunctionExit, WARNING)

line 18536: Destroying the void* pointer ldv_zalloc::tmp produces garbage or the memory pointed by it is unused: tmp___11 = ldv_zalloc(184UL); (PredicateCPA:DynamicMemoryHandler.handleDeferredAllocationInFunctionExit, WARNING)

line 18550: Destroying the void* pointer ldv_zalloc::tmp produces garbage or the memory pointed by it is unused: tmp___18 = ldv_zalloc(232UL); (PredicateCPA:DynamicMemoryHandler.handleDeferredAllocationInFunctionExit, WARNING)

line 18560: Destroying the void* pointer ldv_zalloc::tmp produces garbage or the memory pointed by it is unused: tmp___23 = ldv_zalloc(32UL); (PredicateCPA:DynamicMemoryHandler.handleDeferredAllocationInFunctionExit, WARNING)

Assuming external function ldv_initialize to be a constant function. (PredicateCPA:ExpressionToFormulaVisitor.visit, INFO)

Assuming external function memset to be a pure function. (PredicateCPA:ExpressionToFormulaVisitor.visit, INFO)

Assuming external function ldv_probe_5 to be a constant function. (PredicateCPA:ExpressionToFormulaVisitor.visit, INFO)

Assuming external function ldv_release_5 to be a constant function. (PredicateCPA:ExpressionToFormulaVisitor.visit, INFO)

Assuming external function ldv_suspend_5 to be a constant function. (PredicateCPA:ExpressionToFormulaVisitor.visit, INFO)

Assuming external function ldv_ndo_uninit_6 to be a constant function. (PredicateCPA:ExpressionToFormulaVisitor.visit, INFO)

Assuming external function ldv_ndo_init_6 to be a constant function. (PredicateCPA:ExpressionToFormulaVisitor.visit, INFO)

Assuming external function eth_validate_addr to be a pure function. (PredicateCPA:ExpressionToFormulaVisitor.visit, INFO)

Assuming external function __pci_register_driver to be a pure function. (PredicateCPA:ExpressionToFormulaVisitor.visit, INFO)

Assuming external function pci_unregister_driver to be a pure function. (PredicateCPA:ExpressionToFormulaVisitor.visit, INFO)

Assuming external function pci_enable_device to be a pure function. (PredicateCPA:ExpressionToFormulaVisitor.visit, INFO)

Assuming external function pci_request_regions to be a pure function. (PredicateCPA:ExpressionToFormulaVisitor.visit, INFO)

Assuming external function pci_set_master to be a pure function. (PredicateCPA:ExpressionToFormulaVisitor.visit, INFO)

Assuming external function alloc_etherdev_mqs to be a pure function. (PredicateCPA:ExpressionToFormulaVisitor.visit, INFO)

Assuming external function pci_release_regions to be a pure function. (PredicateCPA:ExpressionToFormulaVisitor.visit, INFO)

Assuming external function pci_disable_device to be a pure function. (PredicateCPA:ExpressionToFormulaVisitor.visit, INFO)

line 26972: Destroying the void* pointer ldv_zalloc::tmp produces garbage or the memory pointed by it is unused: tmp = ldv_zalloc(1UL); (PredicateCPA:DynamicMemoryHandler.handleDeferredAllocationInFunctionExit, WARNING)

Assuming external function ldv_check_final_state to be a constant function. (PredicateCPA:ExpressionToFormulaVisitor.visit, INFO)

Assuming external function dev_err to be a pure function. (PredicateCPA:ExpressionToFormulaVisitor.visit, INFO)

Assuming external function _dev_info to be a pure function. (PredicateCPA:ExpressionToFormulaVisitor.visit, INFO)

line 26974: Destroying the void* pointer ldv_zalloc::tmp produces garbage or the memory pointed by it is unused: tmp___0 = ldv_zalloc(1UL); (PredicateCPA:DynamicMemoryHandler.handleDeferredAllocationInFunctionExit, WARNING)

Assuming external function iowrite32 to be a pure function. (PredicateCPA:ExpressionToFormulaVisitor.visit, INFO)

Assuming external function __napi_schedule to be a pure function. (PredicateCPA:ExpressionToFormulaVisitor.visit, INFO)

Assuming external function _raw_spin_lock_bh to be a pure function. (PredicateCPA:ExpressionToFormulaVisitor.visit, INFO)

Assuming external function _raw_spin_unlock_bh to be a pure function. (PredicateCPA:ExpressionToFormulaVisitor.visit, INFO)

Assuming external function __local_bh_disable_ip to be a pure function. (PredicateCPA:ExpressionToFormulaVisitor.visit, INFO)

Assuming external function _raw_spin_lock to be a pure function. (PredicateCPA:ExpressionToFormulaVisitor.visit, INFO)

Assuming external function netif_carrier_off to be a pure function. (PredicateCPA:ExpressionToFormulaVisitor.visit, INFO)

Assuming external function netif_carrier_on to be a pure function. (PredicateCPA:ExpressionToFormulaVisitor.visit, INFO)

Assuming external function complete to be a pure function. (PredicateCPA:ExpressionToFormulaVisitor.visit, INFO)

Assuming external function dev_warn to be a pure function. (PredicateCPA:ExpressionToFormulaVisitor.visit, INFO)

Assuming external function _raw_spin_unlock to be a pure function. (PredicateCPA:ExpressionToFormulaVisitor.visit, INFO)

Assuming external function __local_bh_enable_ip to be a pure function. (PredicateCPA:ExpressionToFormulaVisitor.visit, INFO)

Assuming external function __const_udelay to be a pure function. (PredicateCPA:ExpressionToFormulaVisitor.visit, INFO)

Assuming external function mutex_lock_nested to be a pure function. (PredicateCPA:ExpressionToFormulaVisitor.visit, INFO)

Assuming external function cancel_delayed_work_sync to be a pure function. (PredicateCPA:ExpressionToFormulaVisitor.visit, INFO)

Assuming external function rtnl_lock to be a constant function. (PredicateCPA:ExpressionToFormulaVisitor.visit, INFO)

Assuming external function netif_device_detach to be a pure function. (PredicateCPA:ExpressionToFormulaVisitor.visit, INFO)

Assuming external function pci_set_power_state to be a pure function. (PredicateCPA:ExpressionToFormulaVisitor.visit, INFO)

Assuming external function pci_restore_state to be a pure function. (PredicateCPA:ExpressionToFormulaVisitor.visit, INFO)

Assuming external function pci_save_state to be a pure function. (PredicateCPA:ExpressionToFormulaVisitor.visit, INFO)

line 27608: Ignoring function call through function pointer *(ocrdma_drv->state_change_handler): (*(ocrdma_drv->state_change_handler))(adapter->ocrdma_dev, 1U); (PredicateCPA:ExpressionToFormulaVisitor.visit, WARNING)

Assuming external function msleep to be a pure function. (PredicateCPA:ExpressionToFormulaVisitor.visit, INFO)

Assuming external function mutex_lock_interruptible_nested to be a pure function. (PredicateCPA:ExpressionToFormulaVisitor.visit, INFO)

line 26976: Destroying the void* pointer ldv_zalloc::tmp produces garbage or the memory pointed by it is unused: tmp___1 = ldv_zalloc(4UL); (PredicateCPA:DynamicMemoryHandler.handleDeferredAllocationInFunctionExit, WARNING)

Assuming external function mutex_unlock to be a pure function. (PredicateCPA:ExpressionToFormulaVisitor.visit, INFO)

Assuming external function __might_sleep to be a pure function. (PredicateCPA:ExpressionToFormulaVisitor.visit, INFO)

Assuming external function warn_slowpath_null to be a pure function. (PredicateCPA:ExpressionToFormulaVisitor.visit, INFO)

Assuming external function find_first_bit to be a pure function. (PredicateCPA:ExpressionToFormulaVisitor.visit, INFO)

line 27548: Ignoring function call through function pointer *(ocrdma_drv->remove): (*(ocrdma_drv->remove))(adapter->ocrdma_dev); (PredicateCPA:ExpressionToFormulaVisitor.visit, WARNING)

Assuming external function find_next_bit to be a pure function. (PredicateCPA:ExpressionToFormulaVisitor.visit, INFO)

Assuming external function ioread32 to be a pure function. (PredicateCPA:ExpressionToFormulaVisitor.visit, INFO)

Assuming external function pci_cleanup_aer_uncorrect_error_status to be a pure function. (PredicateCPA:ExpressionToFormulaVisitor.visit, INFO)

Assuming external function list_del to be a pure function. (PredicateCPA:ExpressionToFormulaVisitor.visit, INFO)

Assuming external function pci_bus_write_config_dword to be a pure function. (PredicateCPA:ExpressionToFormulaVisitor.visit, INFO)

Assuming external function pci_enable_msix_range to be a pure function. (PredicateCPA:ExpressionToFormulaVisitor.visit, INFO)

Assuming external function __bitmap_weight to be a pure function. (PredicateCPA:ExpressionToFormulaVisitor.visit, INFO)

Assuming external function dma_set_mask to be a pure function. (PredicateCPA:ExpressionToFormulaVisitor.visit, INFO)

Assuming external function rtnl_unlock to be a constant function. (PredicateCPA:ExpressionToFormulaVisitor.visit, INFO)

Assuming external function msleep_interruptible to be a pure function. (PredicateCPA:ExpressionToFormulaVisitor.visit, INFO)

Assuming external function dma_supported to be a pure function. (PredicateCPA:ExpressionToFormulaVisitor.visit, INFO)

Assuming external function pci_enable_pcie_error_reporting to be a pure function. (PredicateCPA:ExpressionToFormulaVisitor.visit, INFO)

Assuming external function unregister_netdev to be a pure function. (PredicateCPA:ExpressionToFormulaVisitor.visit, INFO)

Assuming external function skb_pad to be a pure function. (PredicateCPA:ExpressionToFormulaVisitor.visit, INFO)

line 8641: Ignoring function call through function pointer *(ops->unmap_page): (*(ops->unmap_page))(dev, addr, size, dir, (struct dma_attrs *)0); (PredicateCPA:ExpressionToFormulaVisitor.visit, WARNING)

Assuming external function debug_dma_unmap_page to be a pure function. (PredicateCPA:ExpressionToFormulaVisitor.visit, INFO)

line 8674: Ignoring function call through function pointer *(ops->sync_single_for_cpu): (*(ops->sync_single_for_cpu))(dev, addr, size, dir); (PredicateCPA:ExpressionToFormulaVisitor.visit, WARNING)

Assuming external function debug_dma_sync_single_for_cpu to be a pure function. (PredicateCPA:ExpressionToFormulaVisitor.visit, INFO)

Assuming external function put_page to be a pure function. (PredicateCPA:ExpressionToFormulaVisitor.visit, INFO)

Assuming external function __get_page_tail to be a pure function. (PredicateCPA:ExpressionToFormulaVisitor.visit, INFO)

line 26994: Destroying the void* pointer ldv_zalloc::tmp produces garbage or the memory pointed by it is unused: tmp___10 = ldv_zalloc(196UL); (PredicateCPA:DynamicMemoryHandler.handleDeferredAllocationInFunctionExit, WARNING)

line 27002: Destroying the void* pointer ldv_zalloc::tmp produces garbage or the memory pointed by it is unused: tmp___14 = ldv_zalloc(36UL); (PredicateCPA:DynamicMemoryHandler.handleDeferredAllocationInFunctionExit, WARNING)

Assuming external function pci_vfs_assigned to be a pure function. (PredicateCPA:ExpressionToFormulaVisitor.visit, INFO)

Assuming external function pci_disable_sriov to be a pure function. (PredicateCPA:ExpressionToFormulaVisitor.visit, INFO)

line 8772: Ignoring function call through function pointer *(ops->alloc): memory = (*(ops->alloc))(dev, size, dma_handle, tmp___1, attrs); (PredicateCPA:ExpressionToFormulaVisitor.visit, WARNING)

Assuming external function debug_dma_alloc_coherent to be a pure function. (PredicateCPA:ExpressionToFormulaVisitor.visit, INFO)

Assuming external function debug_dma_free_coherent to be a pure function. (PredicateCPA:ExpressionToFormulaVisitor.visit, INFO)

line 8804: Ignoring function call through function pointer *(ops->free): (*(ops->free))(dev, size, vaddr, bus, attrs); (PredicateCPA:ExpressionToFormulaVisitor.visit, WARNING)

Assuming external function pci_sriov_get_totalvfs to be a pure function. (PredicateCPA:ExpressionToFormulaVisitor.visit, INFO)

Assuming external function pci_num_vf to be a pure function. (PredicateCPA:ExpressionToFormulaVisitor.visit, INFO)

Assuming external function netif_napi_add to be a pure function. (PredicateCPA:ExpressionToFormulaVisitor.visit, INFO)

Assuming external function napi_hash_add to be a pure function. (PredicateCPA:ExpressionToFormulaVisitor.visit, INFO)

Assuming external function napi_hash_del to be a pure function. (PredicateCPA:ExpressionToFormulaVisitor.visit, INFO)

Assuming external function netif_napi_del to be a pure function. (PredicateCPA:ExpressionToFormulaVisitor.visit, INFO)

line 27010: Destroying the void* pointer ldv_zalloc::tmp produces garbage or the memory pointed by it is unused: tmp___18 = ldv_zalloc(1UL); (PredicateCPA:DynamicMemoryHandler.handleDeferredAllocationInFunctionExit, WARNING)

line 27012: Destroying the void* pointer ldv_zalloc::tmp produces garbage or the memory pointed by it is unused: tmp___19 = ldv_zalloc(8UL); (PredicateCPA:DynamicMemoryHandler.handleDeferredAllocationInFunctionExit, WARNING)

Assuming external function ethtool_op_get_link to be a pure function. (PredicateCPA:ExpressionToFormulaVisitor.visit, INFO)

Assuming external function strlcpy to be a pure function. (PredicateCPA:ExpressionToFormulaVisitor.visit, INFO)

Assuming external function memcmp to be a pure function. (PredicateCPA:ExpressionToFormulaVisitor.visit, INFO)

Assuming external function snprintf to be a pure function. (PredicateCPA:ExpressionToFormulaVisitor.visit, INFO)

Assuming external function free_netdev to be a pure function. (PredicateCPA:ExpressionToFormulaVisitor.visit, INFO)

Assuming external function pci_iomap to be a pure function. (PredicateCPA:ExpressionToFormulaVisitor.visit, INFO)

Assuming external function pci_disable_msix to be a pure function. (PredicateCPA:ExpressionToFormulaVisitor.visit, INFO)

Assuming external function netif_device_attach to be a pure function. (PredicateCPA:ExpressionToFormulaVisitor.visit, INFO)

Assuming external function request_threaded_irq to be a pure function. (PredicateCPA:ExpressionToFormulaVisitor.visit, INFO)

Assuming external function free_irq to be a pure function. (PredicateCPA:ExpressionToFormulaVisitor.visit, INFO)

Assuming external function __raw_spin_lock_init to be a pure function. (PredicateCPA:ExpressionToFormulaVisitor.visit, INFO)

line 8578: Ignoring function call through function pointer *(ops->unmap_page): (*(ops->unmap_page))(dev, addr, size, dir, attrs); (PredicateCPA:ExpressionToFormulaVisitor.visit, WARNING)

Assuming external function __dev_kfree_skb_any to be a pure function. (PredicateCPA:ExpressionToFormulaVisitor.visit, INFO)

Assuming external function synchronize_irq to be a pure function. (PredicateCPA:ExpressionToFormulaVisitor.visit, INFO)

line 27579: Ignoring function call through function pointer *(ocrdma_drv->state_change_handler): (*(ocrdma_drv->state_change_handler))(adapter->ocrdma_dev, 0U); (PredicateCPA:ExpressionToFormulaVisitor.visit, WARNING)

Assuming external function vxlan_get_rx_port to be a pure function. (PredicateCPA:ExpressionToFormulaVisitor.visit, INFO)

Shutdown requested (The CPU-time limit of 900s has elapsed.), waiting for termination. (ForceTerminationOnShutdown$1.shutdownRequested, WARNING)

Warning: Analysis interrupted (The CPU-time limit of 900s has elapsed.) (ShutdownNotifier.shutdownIfNecessary, WARNING)

PredicateCPA statistics
-----------------------
Number of abstractions:            2040420 (16% of all post computations)
  Times abstraction was reused:    0
  Because of function entry/exit:  1863328 (91%)
  Because of loop head:            176694 (9%)
  Because of join nodes:           0 (0%)
  Because of threshold:            0 (0%)
  Because of target state:         398 (0%)
  Times precision was empty:       1211795 (59%)
  Times precision was {false}:     7128 (0%)
  Times result was cached:         818350 (40%)
  Times cartesian abs was used:    0 (0%)
  Times boolean abs was used:      3147 (0%)
  Times result was 'false':        65773 (3%)
Number of strengthen sat checks:   0
Number of coverage checks:         2089020
  BDD entailment checks:           393064
Number of SMT sat checks:          0
  trivial:                         0
  cached:                          0

Max ABE block size:                       252
Number of predicates discovered:          13
Number of abstraction locations:          403
Max number of predicates per location:    7
Avg number of predicates per location:    1
Total predicates per abstraction:         1408352
Max number of predicates per abstraction: 7
Avg number of predicates per abstraction: 137.07
Number of irrelevant predicates:          956613 (68%)
Number of preds handled by boolean abs:   6302 (0%)
  Total number of models for allsat:      4385
  Max number of models for allsat:        36
  Avg number of models for allsat:        1.39

Time for post operator:                233.980s
  Time for path formula creation:      226.721s
Time for strengthen operator:           11.642s
Time for prec operator:                193.181s
  Time for abstraction:                160.056s (Max:     5.373s, Count: 2040420)
    Boolean abstraction:                12.733s
    Solving time:                       36.809s (Max:     5.248s)
    Model enumeration time:              0.839s
    Time for BDD construction:           0.149s (Max:     0.008s)
Time for merge operator:                21.125s
Time for coverage check:                 0.639s
  Time for BDD entailment checks:        0.385s
Total time for SMT solver (w/o itp):    37.648s

Number of path formula cache hits:   14239690 (93%)

Inside post operator:                  
  Inside path formula creation:        
    Time for path formula computation:   130.148s

Total number of created targets for pointer analysis: 566260
   Number of created targets for uf: *unsigned_short_int is 1518
   Number of created targets for uf: *(void)* is 40
   Number of created targets for uf: *signed_int is 1537
   Number of created targets for uf: *unsigned_char is 209
   Number of created targets for uf: *(struct_list_head)* is 2
   Number of created targets for uf: *(unsigned_char)* is 4
   Number of created targets for uf: *_Bool is 5
   Number of created targets for uf: *unsigned_long_long_int is 15
   Number of created targets for uf: *unsigned_int is 3617


Number of BDD nodes:                               1196
Size of BDD node table:                            270749
Size of BDD cache:                                 27073
Size of BDD node cleanup queue:                        6669 (count: 1663954, min: 0, max: 508, avg: 0.00)
Time for BDD node cleanup:                             0.243s
Time for BDD garbage collection:                       0.000s (in 0 runs)

PrecisionBootstrap statistics
-----------------------------
Init. function predicates:                         0
Init. global predicates:                           0
Init. location predicates:                         0

Invariant Generation statistics
-------------------------------

AutomatonAnalysis (SVCOMP) statistics
-------------------------------------
Number of states:                                  1
Total time for successor computation:                 17.900s
  Time for transition matches:                        10.226s
  Time for transition assertions:                      0.007s
  Time for transition actions:                         0.005s
Automaton transfers with branching:                0
Automaton transfer successors:                     12716631 (count: 12716631, min: 1, max: 1, avg: 1.00) [1 x 12716631]

CPA algorithm statistics
------------------------
Number of iterations:            7829661
Max size of waitlist:            1152
Average size of waitlist:        518
Number of computed successors:   9123865
Max successors for one state:    2
Number of times merged:          847978
Number of times stopped:         1120424
Number of times breaked:         398

Total time for CPA algorithm:       734.522s (Max:    14.005s)
  Time for choose from waitlist:      3.354s
  Time for precision adjustment:    272.013s
  Time for transfer relation:       373.960s
  Time for merge operator:           32.235s
  Time for stop operator:            12.146s
  Time for adding to reached set:    15.325s

Predicate-Abstraction Refiner statistics
----------------------------------------
Number of predicate refinements:                   398
Avg. length of target path (in blocks):               37317 (count: 398, min: 29, max: 189, avg: 93.76)
Number of infeasible sliced prefixes:                     0 (count: 0, min: 0, max: 0, avg: 0.00)

Time for refinement:                                 123.762s
  Counterexample analysis:                           103.689s (Max:     1.921s, Calls: 398)
    Refinement sat check:                             89.349s
    Interpolant computation:                           0.000s
  Path-formulas extraction:                            0.043s
  Error path post-processing:                          0.000s
  Predicate creation:                                  0.145s
  Precision update:                                    0.349s
  ARG update:                                         19.262s

Length of refined path (in blocks):                   30376 (count: 398, min: 20, max: 188, avg: 76.32)
Number of affected states:                            10426 (count: 398, min: 1, max: 187, avg: 26.20)
Length (states) of path with itp 'true':              19552 (count: 398, min: 0, max: 115, avg: 49.13)
Length (states) of path with itp non-trivial itp:     10426 (count: 398, min: 1, max: 187, avg: 26.20)
Length (states) of path with itp 'false':               398 (count: 398, min: 1, max: 1, avg: 1.00)
Different non-trivial interpolants along paths:           2 (count: 398, min: 0, max: 1, avg: 0.01)
Equal non-trivial interpolants along paths:           10026 (count: 398, min: 0, max: 186, avg: 25.19)
Number of refs with location-based cutoff:                0

CEGAR algorithm statistics
--------------------------
Number of refinements:                398
Number of successful refinements:     398
Number of failed refinements:         0
Max. size of reached set before ref.: 87522
Max. size of reached set after ref.:  82785
Avg. size of reached set before ref.: 49706.01
Avg. size of reached set after ref.:  29869.89

Total time for CEGAR algorithm:     888.341s
Time for refinements:               142.518s
Average time for refinement:          0.358s
Max time for refinement:              2.241s

Code Coverage
-----------------------------
  Function coverage:      0.347
  Visited lines:          4257
  Total lines:            12593
  Line coverage:          0.338
  Visited conditions:     1040
  Total conditions:       3770
  Condition coverage:     0.276

CPAchecker general statistics
-----------------------------
Number of program locations:     18146
Number of CFA edges:             21270
Number of relevant variables:    3881
Number of functions:             623
Number of loops:                 142
Size of reached set:             42895
  Number of reached locations:   2845 (16%)
    Avg states per location:     15
    Max states per location:     217 (at node N1030)
  Number of reached functions:   216 (35%)
  Number of partitions:          42828
    Avg size of partitions:      1
    Max size of partitions:      16 (with key [N9536 (before line 18580), Function main called from node N9404, stack depth 1 [77737e3e], stack [main]])
  Number of target states:       0
  Size of final wait list        823

Time for analysis setup:         11.920s
  Time for loading CPAs:          1.001s
  Time for loading parser:        0.693s
  Time for CFA construction:     10.039s
    Time for parsing file(s):     1.665s
    Time for AST to CFA:          3.637s
    Time for CFA sanity check:    1.219s
    Time for post-processing:     3.423s
      Time for var class.:        1.424s
Time for Analysis:              888.341s
CPU time for analysis:          888.280s
Total time for CPAchecker:      900.266s
Total CPU time for CPAchecker:  900.180s
Time for statistics:              0.931s

Time for Garbage Collector:      78.852s (in 811 runs)
Garbage Collector(s) used:    Copy, MarkSweepCompact
Used heap memory:               1162MB (  1109 MiB) max;    527MB (   503 MiB) avg;   1250MB (  1193 MiB) peak
Used non-heap memory:             48MB (    46 MiB) max;     41MB (    39 MiB) avg;     48MB (    46 MiB) peak
Allocated heap memory:          1371MB (  1307 MiB) max;    769MB (   734 MiB) avg
Allocated non-heap memory:        50MB (    48 MiB) max;     49MB (    47 MiB) avg
Total process virtual memory:   8357MB (  7970 MiB) max;   8229MB (  7848 MiB) avg

Verification result: UNKNOWN, incomplete analysis.
More details about the verification run can be found in the directory "./output".
