scripts/cpa.sh -Dy-MySearchStrategy-PredAbs-ABElf -heap 5600000000 -timelimit 900 -preprocess -stats -noout -setprop cpa.predicate.memoryAllocationsAlwaysSucceed=true -spec ../sv-benchmarks/c/ReachSafety.prp ../sv-benchmarks/c/ldv-linux-3.14/linux-3.14__complex_emg__linux-kernel-locking-spinlock__drivers-net-ethernet-atheros-atl1c-atl1c_true-unreach-call.cil.c


--------------------------------------------------------------------------------


Running CPAchecker with Java heap of size 5600000000.
Running CPAchecker with default stack size (1024k). Specify a larger value with -stack if needed.
Running CPAchecker with the following extra VM options:  -Djava.io.tmpdir=/tmp/BenchExec_run_8694vagp/tmp
Using the following resource limits: CPU-time limit of 900s (ResourceLimitChecker.fromConfiguration, INFO)

CPAchecker (unknown version) (OpenJDK 64-Bit Server VM 1.8.0_162) started (CPAchecker.run, INFO)

line 6267: Dead code detected: return (1); (CFACreationUtils.addEdgeToCFA, INFO)

line 6405: Dead code detected: return (1); (CFACreationUtils.addEdgeToCFA, INFO)

line 6444: Dead code detected: Goto: case_1 (CFACreationUtils.addEdgeToCFA, INFO)

line 6449: Dead code detected: Goto: case_2 (CFACreationUtils.addEdgeToCFA, INFO)

line 6459: Dead code detected: Goto: case_8 (CFACreationUtils.addEdgeToCFA, INFO)

line 6463: Dead code detected: Goto: switch_default (CFACreationUtils.addEdgeToCFA, INFO)

Dead code detected: Label case_8 is not reachable. (CFAFunctionBuilder.leave, INFO)

Dead code detected: Label switch_break is not reachable. (CFAFunctionBuilder.leave, INFO)

Dead code detected: Label switch_default is not reachable. (CFAFunctionBuilder.leave, INFO)

Dead code detected: Label case_1 is not reachable. (CFAFunctionBuilder.leave, INFO)

Dead code detected: Label case_2 is not reachable. (CFAFunctionBuilder.leave, INFO)

Dead code detected: Label switch_break is not reachable. (CFAFunctionBuilder.leave, INFO)

Dead code detected: Label switch_break is not reachable. (CFAFunctionBuilder.leave, INFO)

Dead code detected: Label switch_break is not reachable. (CFAFunctionBuilder.leave, INFO)

Dead code detected: Label switch_break is not reachable. (CFAFunctionBuilder.leave, INFO)

line 12794: Dead code detected: return (arg0); (CFACreationUtils.addEdgeToCFA, INFO)

line 12814: Dead code detected: return (arg0); (CFACreationUtils.addEdgeToCFA, INFO)

line 12817: Dead code detected: return (arg0); (CFACreationUtils.addEdgeToCFA, INFO)

line 12819: Dead code detected: return (arg0); (CFACreationUtils.addEdgeToCFA, INFO)

line 12894: Dead code detected: return (arg0); (CFACreationUtils.addEdgeToCFA, INFO)

line 13466: Dead code detected: return; (CFACreationUtils.addEdgeToCFA, INFO)

line 13479: Dead code detected: return; (CFACreationUtils.addEdgeToCFA, INFO)

line 14316: Dead code detected: return; (CFACreationUtils.addEdgeToCFA, INFO)

line 15241: Dead code detected: return (arg0); (CFACreationUtils.addEdgeToCFA, INFO)

line 15242: Dead code detected: return (arg0); (CFACreationUtils.addEdgeToCFA, INFO)

line 15287: Dead code detected: return (arg0); (CFACreationUtils.addEdgeToCFA, INFO)

line 15901: Dead code detected: return; (CFACreationUtils.addEdgeToCFA, INFO)

line 16033: Dead code detected: return (ldv_func_res); (CFACreationUtils.addEdgeToCFA, INFO)

line 16061: Dead code detected: return (ldv_func_res); (CFACreationUtils.addEdgeToCFA, INFO)

line 16104: Dead code detected: return (ldv_func_res); (CFACreationUtils.addEdgeToCFA, INFO)

line 16121: Dead code detected: return (ldv_func_res); (CFACreationUtils.addEdgeToCFA, INFO)

line 16137: Dead code detected: return (ldv_func_res); (CFACreationUtils.addEdgeToCFA, INFO)

line 16191: Dead code detected: return (ldv_func_res); (CFACreationUtils.addEdgeToCFA, INFO)

Dead code detected: Label switch_break is not reachable. (CFAFunctionBuilder.leave, INFO)

Dead code detected: Label switch_break is not reachable. (CFAFunctionBuilder.leave, INFO)

line 18527: Dead code detected: return (0); (CFACreationUtils.addEdgeToCFA, INFO)

Inline assembler ignored, analysis is probably unsound! (CFABuilder.createCFA, WARNING)

line 7053: Function pointer *(ops->alloc) with type void *(*)(struct device *, size_t , dma_addr_t *, gfp_t , struct dma_attrs *) is called, but no possible target functions were found. (CFunctionPointerResolver.replaceFunctionPointerCall, WARNING)

line 7094: Function pointer *(ops->free) with type void (*)(struct device *, size_t , void *, dma_addr_t , struct dma_attrs *) is called, but no possible target functions were found. (CFunctionPointerResolver.replaceFunctionPointerCall, WARNING)

line 6906: Function pointer *(ops->map_page) with type dma_addr_t (*)(struct device *, struct page *, unsigned long, size_t , enum dma_data_direction , struct dma_attrs *) is called, but no possible target functions were found. (CFunctionPointerResolver.replaceFunctionPointerCall, WARNING)

lines 6827-6828: Function pointer *(ops->map_page) with type dma_addr_t (*)(struct device *, struct page *, unsigned long, size_t , enum dma_data_direction , struct dma_attrs *) is called, but no possible target functions were found. (CFunctionPointerResolver.replaceFunctionPointerCall, WARNING)

line 6967: Function pointer *(ops->mapping_error) with type int (*)(struct device *, dma_addr_t ) is called, but no possible target functions were found. (CFunctionPointerResolver.replaceFunctionPointerCall, WARNING)

line 6941: Function pointer *(ops->unmap_page) with type void (*)(struct device *, dma_addr_t , size_t , enum dma_data_direction , struct dma_attrs *) is called, but no possible target functions were found. (CFunctionPointerResolver.replaceFunctionPointerCall, WARNING)

line 6866: Function pointer *(ops->unmap_page) with type void (*)(struct device *, dma_addr_t , size_t , enum dma_data_direction , struct dma_attrs *) is called, but no possible target functions were found. (CFunctionPointerResolver.replaceFunctionPointerCall, WARNING)

line 14019: Function pointer *arg0 with type int (*)(struct pci_dev *, struct pm_message ) is called, but no possible target functions were found. (CFunctionPointerResolver.replaceFunctionPointerCall, WARNING)

line 14031: Function pointer *arg0 with type int (*)(struct pci_dev *, struct pm_message ) is called, but no possible target functions were found. (CFunctionPointerResolver.replaceFunctionPointerCall, WARNING)

line 14325: Function pointer *arg0 with type int (*)(struct platform_device *) is called, but no possible target functions were found. (CFunctionPointerResolver.replaceFunctionPointerCall, WARNING)

line 14336: Function pointer *arg0 with type int (*)(struct platform_device *) is called, but no possible target functions were found. (CFunctionPointerResolver.replaceFunctionPointerCall, WARNING)

line 14347: Function pointer *arg0 with type void (*)(struct device *) is called, but no possible target functions were found. (CFunctionPointerResolver.replaceFunctionPointerCall, WARNING)

MathSAT5 is available for research and evaluation purposes only. It can not be used in a commercial environment, particularly as part of a commercial product, without written permission. MathSAT5 is provided as is, without any warranty. Please write to mathsat@fbk.eu for additional questions regarding licensing MathSAT5 or obtaining more up-to-date versions. (PredicateCPA:JavaSMT:Mathsat5SolverContext.<init>, WARNING)

Using predicate analysis with MathSAT5 version 5.3.14 (0b98b661254c) (Nov 17 2016 10:59:45, gmp 5.1.3, gcc 4.8.5, 64-bit) and JFactory 1.21. (PredicateCPA:PredicateCPA.<init>, INFO)

Using refinement for predicate analysis with PredicateAbstractionRefinementStrategy strategy. (PredicateCPA:PredicateCPARefiner.<init>, INFO)

Starting analysis ... (CPAchecker.runAlgorithm, INFO)

Assuming external function ldv_initialize to be a constant function. (PredicateCPA:ExpressionToFormulaVisitor.visit, INFO)

Assuming external function external_allocated_data to be a constant function. (PredicateCPA:ExpressionToFormulaVisitor.visit, INFO)

Assuming external function pci_unregister_driver to be a pure function. (PredicateCPA:ExpressionToFormulaVisitor.visit, INFO)

Assuming external function __pci_register_driver to be a pure function. (PredicateCPA:ExpressionToFormulaVisitor.visit, INFO)

Assuming external function ldv_switch_to_interrupt_context to be a constant function. (PredicateCPA:ExpressionToFormulaVisitor.visit, INFO)

Assuming external function ldv_switch_to_process_context to be a constant function. (PredicateCPA:ExpressionToFormulaVisitor.visit, INFO)

Assuming external function strlcpy to be a pure function. (PredicateCPA:ExpressionToFormulaVisitor.visit, INFO)

line 13757: Destroying the void* pointer ldv_xmalloc::tmp produces garbage or the memory pointed by it is unused: tmp = ldv_xmalloc(1UL); (PredicateCPA:DynamicMemoryHandler.handleDeferredAllocationInFunctionExit, WARNING)

Assuming external function ethtool_op_get_link to be a pure function. (PredicateCPA:ExpressionToFormulaVisitor.visit, INFO)

Assuming external function memset to be a pure function. (PredicateCPA:ExpressionToFormulaVisitor.visit, INFO)

Assuming external function disable_irq to be a pure function. (PredicateCPA:ExpressionToFormulaVisitor.visit, INFO)

Assuming external function enable_irq to be a pure function. (PredicateCPA:ExpressionToFormulaVisitor.visit, INFO)

Assuming external function __dev_kfree_skb_any to be a pure function. (PredicateCPA:ExpressionToFormulaVisitor.visit, INFO)

Assuming external function eth_validate_addr to be a pure function. (PredicateCPA:ExpressionToFormulaVisitor.visit, INFO)

Assuming external function msleep to be a pure function. (PredicateCPA:ExpressionToFormulaVisitor.visit, INFO)

Assuming external function device_set_wakeup_enable to be a pure function. (PredicateCPA:ExpressionToFormulaVisitor.visit, INFO)

Assuming external function unregister_netdev to be a pure function. (PredicateCPA:ExpressionToFormulaVisitor.visit, INFO)

Assuming external function warn_slowpath_null to be a pure function. (PredicateCPA:ExpressionToFormulaVisitor.visit, INFO)

Assuming external function cancel_work_sync to be a pure function. (PredicateCPA:ExpressionToFormulaVisitor.visit, INFO)

Assuming external function netif_carrier_off to be a pure function. (PredicateCPA:ExpressionToFormulaVisitor.visit, INFO)

Assuming external function __might_sleep to be a pure function. (PredicateCPA:ExpressionToFormulaVisitor.visit, INFO)

Assuming external function synchronize_irq to be a pure function. (PredicateCPA:ExpressionToFormulaVisitor.visit, INFO)

Assuming external function free_irq to be a pure function. (PredicateCPA:ExpressionToFormulaVisitor.visit, INFO)

Assuming external function pci_disable_msi to be a pure function. (PredicateCPA:ExpressionToFormulaVisitor.visit, INFO)

Assuming external function dev_err to be a pure function. (PredicateCPA:ExpressionToFormulaVisitor.visit, INFO)

Assuming external function consume_skb to be a pure function. (PredicateCPA:ExpressionToFormulaVisitor.visit, INFO)

Assuming external function __dev_kfree_skb_irq to be a pure function. (PredicateCPA:ExpressionToFormulaVisitor.visit, INFO)

line 6856: Return type of function __builtin_unreachable is void, but result is used as type int: __builtin_unreachable(); (PredicateCPA:CtoFormulaConverter.getReturnType, WARNING)

Assuming external function __builtin_unreachable to be a constant function. (PredicateCPA:ExpressionToFormulaVisitor.visit, INFO)

line 6866: Ignoring function call through function pointer *(ops->unmap_page): (*(ops->unmap_page))(dev, addr, size, dir, attrs); (PredicateCPA:ExpressionToFormulaVisitor.visit, WARNING)

Assuming external function debug_dma_unmap_page to be a pure function. (PredicateCPA:ExpressionToFormulaVisitor.visit, INFO)

line 6931: Return type of function __builtin_unreachable is void, but result is used as type int: __builtin_unreachable(); (PredicateCPA:CtoFormulaConverter.getReturnType, WARNING)

line 6941: Ignoring function call through function pointer *(ops->unmap_page): (*(ops->unmap_page))(dev, addr, size, dir, (struct dma_attrs *)0); (PredicateCPA:ExpressionToFormulaVisitor.visit, WARNING)

line 6351: Return type of function __builtin_unreachable is void, but result is used as type int: __builtin_unreachable(); (PredicateCPA:CtoFormulaConverter.getReturnType, WARNING)

Assuming external function debug_dma_free_coherent to be a pure function. (PredicateCPA:ExpressionToFormulaVisitor.visit, INFO)

line 7094: Ignoring function call through function pointer *(ops->free): (*(ops->free))(dev, size, vaddr, bus, attrs); (PredicateCPA:ExpressionToFormulaVisitor.visit, WARNING)

Assuming external function put_page to be a pure function. (PredicateCPA:ExpressionToFormulaVisitor.visit, INFO)

Assuming external function iounmap to be a pure function. (PredicateCPA:ExpressionToFormulaVisitor.visit, INFO)

Assuming external function pci_release_regions to be a pure function. (PredicateCPA:ExpressionToFormulaVisitor.visit, INFO)

Assuming external function pci_disable_device to be a pure function. (PredicateCPA:ExpressionToFormulaVisitor.visit, INFO)

Assuming external function free_netdev to be a pure function. (PredicateCPA:ExpressionToFormulaVisitor.visit, INFO)

Assuming external function __dynamic_dev_dbg to be a pure function. (PredicateCPA:ExpressionToFormulaVisitor.visit, INFO)

Assuming external function netif_device_detach to be a pure function. (PredicateCPA:ExpressionToFormulaVisitor.visit, INFO)

Assuming external function pci_wake_from_d3 to be a pure function. (PredicateCPA:ExpressionToFormulaVisitor.visit, INFO)

Assuming external function pci_set_power_state to be a pure function. (PredicateCPA:ExpressionToFormulaVisitor.visit, INFO)

Shutdown requested (The CPU-time limit of 900s has elapsed.), waiting for termination. (ForceTerminationOnShutdown$1.shutdownRequested, WARNING)

Warning: Analysis interrupted (The CPU-time limit of 900s has elapsed.) (ShutdownNotifier.shutdownIfNecessary, WARNING)

PredicateCPA statistics
-----------------------
Number of abstractions:            880095 (21% of all post computations)
  Times abstraction was reused:    0
  Because of function entry/exit:  796977 (91%)
  Because of loop head:            52487 (6%)
  Because of join nodes:           0 (0%)
  Because of threshold:            0 (0%)
  Because of target state:         30631 (3%)
  Times precision was empty:       85252 (10%)
  Times precision was {false}:     1392 (0%)
  Times result was cached:         775605 (88%)
  Times cartesian abs was used:    0 (0%)
  Times boolean abs was used:      17846 (2%)
  Times result was 'false':        91906 (10%)
Number of strengthen sat checks:   0
Number of coverage checks:         444075
  BDD entailment checks:           145867
Number of SMT sat checks:          0
  trivial:                         0
  cached:                          0

Max ABE block size:                       72
Number of predicates discovered:          53
Number of abstraction locations:          333
Max number of predicates per location:    34
Avg number of predicates per location:    17
Total predicates per abstraction:         14740593
Max number of predicates per abstraction: 34
Avg number of predicates per abstraction: 766.22
Number of irrelevant predicates:          7034825 (48%)
Number of preds handled by boolean abs:   214796 (1%)
  Total number of models for allsat:      34616
  Max number of models for allsat:        48
  Avg number of models for allsat:        1.94

Time for post operator:                 26.680s
  Time for path formula creation:       25.117s
Time for strengthen operator:            3.341s
Time for prec operator:                440.697s
  Time for abstraction:                429.843s (Max:     0.282s, Count: 880095)
    Boolean abstraction:                22.506s
    Solving time:                       14.866s (Max:     0.014s)
    Model enumeration time:              3.448s
    Time for BDD construction:           1.096s (Max:     0.012s)
Time for merge operator:                 1.363s
Time for coverage check:                 0.258s
  Time for BDD entailment checks:        0.193s
Total time for SMT solver (w/o itp):    18.314s

Number of path formula cache hits:   4932757 (98%)

Inside post operator:                  
  Inside path formula creation:        
    Time for path formula computation:     6.522s

Total number of created targets for pointer analysis: 5
   Number of created targets for uf: *unsigned_short_int is 6


Number of BDD nodes:                               72712
Size of BDD node table:                            270749
Size of BDD cache:                                 27073
Size of BDD node cleanup queue:                       99714 (count: 377137, min: 0, max: 1432, avg: 0.26)
Time for BDD node cleanup:                             0.089s
Time for BDD garbage collection:                       0.000s (in 0 runs)

PrecisionBootstrap statistics
-----------------------------
Init. function predicates:                         0
Init. global predicates:                           0
Init. location predicates:                         0

Invariant Generation statistics
-------------------------------

AutomatonAnalysis (SVCOMP) statistics
-------------------------------------
Number of states:                                  1
Total time for successor computation:                  5.802s
  Time for transition matches:                         2.857s
  Time for transition assertions:                      0.021s
  Time for transition actions:                         0.025s
Automaton transfers with branching:                0
Automaton transfer successors:                      4104236 (count: 4104236, min: 1, max: 1, avg: 1.00) [1 x 4104236]

CPA algorithm statistics
------------------------
Number of iterations:            3093863
Max size of waitlist:            139
Average size of waitlist:        77
Number of computed successors:   3482937
Max successors for one state:    2
Number of times merged:          149104
Number of times stopped:         193989
Number of times breaked:         2812

Total time for CPA algorithm:       583.754s (Max:     1.275s)
  Time for choose from waitlist:      1.485s
  Time for precision adjustment:    460.979s
  Time for transfer relation:       100.305s
  Time for merge operator:            3.737s
  Time for stop operator:             4.598s
  Time for adding to reached set:     5.322s

Predicate-Abstraction Refiner statistics
----------------------------------------
Number of predicate refinements:                   2812
Avg. length of target path (in blocks):              846779 (count: 2812, min: 27, max: 356, avg: 301.13)
Number of infeasible sliced prefixes:                     0 (count: 0, min: 0, max: 0, avg: 0.00)

Time for refinement:                                 289.849s
  Counterexample analysis:                           273.083s (Max:     0.322s, Calls: 2812)
    Refinement sat check:                             76.269s
    Interpolant computation:                           0.000s
  Path-formulas extraction:                            0.361s
  Error path post-processing:                          0.000s
  Predicate creation:                                  1.083s
  Precision update:                                    7.342s
  ARG update:                                          5.044s

Length of refined path (in blocks):                  655337 (count: 2812, min: 9, max: 356, avg: 233.05)
Number of affected states:                           151437 (count: 2812, min: 1, max: 355, avg: 53.85)
Length (states) of path with itp 'true':             501088 (count: 2812, min: 0, max: 244, avg: 178.20)
Length (states) of path with itp non-trivial itp:    151437 (count: 2812, min: 1, max: 355, avg: 53.85)
Length (states) of path with itp 'false':              2473 (count: 2812, min: 0, max: 1, avg: 0.88)
Different non-trivial interpolants along paths:         430 (count: 2812, min: 0, max: 6, avg: 0.15)
Equal non-trivial interpolants along paths:          148195 (count: 2812, min: 0, max: 353, avg: 52.70)
Number of refs with location-based cutoff:                0

CEGAR algorithm statistics
--------------------------
Number of refinements:                2812
Number of successful refinements:     2812
Number of failed refinements:         0
Max. size of reached set before ref.: 4913
Max. size of reached set after ref.:  3751
Avg. size of reached set before ref.: 3191.39
Avg. size of reached set after ref.:  2055.61

Total time for CEGAR algorithm:     891.165s
Time for refinements:               303.968s
Average time for refinement:          0.108s
Max time for refinement:              0.373s

Code Coverage
-----------------------------
  Function coverage:      0.226
  Visited lines:          2127
  Total lines:            7480
  Line coverage:          0.284
  Visited conditions:     314
  Total conditions:       1802
  Condition coverage:     0.174

CPAchecker general statistics
-----------------------------
Number of program locations:     11319
Number of CFA edges:             13209
Number of relevant variables:    1910
Number of functions:             557
Number of loops:                 35
Size of reached set:             3253
  Number of reached locations:   1208 (11%)
    Avg states per location:     2
    Max states per location:     48 (at node N10717)
  Number of reached functions:   126 (23%)
  Number of partitions:          3228
    Avg size of partitions:      1
    Max size of partitions:      5 (with key [N4979 (before line 13361), Function main called from node N4964, stack depth 1 [27dfd12b], stack [main]])
  Number of target states:       0
  Size of final wait list        120

Time for analysis setup:          9.119s
  Time for loading CPAs:          1.222s
  Time for loading parser:        0.638s
  Time for CFA construction:      7.110s
    Time for parsing file(s):     1.352s
    Time for AST to CFA:          2.616s
    Time for CFA sanity check:    0.715s
    Time for post-processing:     2.225s
      Time for var class.:        0.980s
Time for Analysis:              891.165s
CPU time for analysis:          891.100s
Total time for CPAchecker:      900.293s
Total CPU time for CPAchecker:  900.200s
Time for statistics:              0.181s

Time for Garbage Collector:      25.238s (in 3734 runs)
Garbage Collector(s) used:    Copy, MarkSweepCompact
Used heap memory:                172MB (   164 MiB) max;     98MB (    94 MiB) avg;    173MB (   165 MiB) peak
Used non-heap memory:             41MB (    39 MiB) max;     40MB (    38 MiB) avg;     41MB (    39 MiB) peak
Allocated heap memory:           175MB (   167 MiB) max;    147MB (   140 MiB) avg
Allocated non-heap memory:        42MB (    40 MiB) max;     42MB (    40 MiB) avg
Total process virtual memory:   8287MB (  7903 MiB) max;   8204MB (  7824 MiB) avg

Verification result: UNKNOWN, incomplete analysis.
More details about the verification run can be found in the directory "./output".
