scripts/cpa.sh -Dy-MySearchStrategy-PredAbs-ABElf -heap 5600000000 -timelimit 900 -preprocess -stats -noout -setprop cpa.predicate.memoryAllocationsAlwaysSucceed=true -spec ../sv-benchmarks/c/ReachSafety.prp ../sv-benchmarks/c/forester-heap/dll-simple-white-blue_true-unreach-call_false-valid-memtrack.i


--------------------------------------------------------------------------------


Running CPAchecker with Java heap of size 5600000000.
Running CPAchecker with default stack size (1024k). Specify a larger value with -stack if needed.
Running CPAchecker with the following extra VM options:  -Djava.io.tmpdir=/tmp/BenchExec_run_e5xd5g13/tmp
Using the following resource limits: CPU-time limit of 900s (ResourceLimitChecker.fromConfiguration, INFO)

CPAchecker (unknown version) (OpenJDK 64-Bit Server VM 1.8.0_151) started (CPAchecker.run, INFO)

MathSAT5 is available for research and evaluation purposes only. It can not be used in a commercial environment, particularly as part of a commercial product, without written permission. MathSAT5 is provided as is, without any warranty. Please write to mathsat@fbk.eu for additional questions regarding licensing MathSAT5 or obtaining more up-to-date versions. (PredicateCPA:JavaSMT:Mathsat5SolverContext.<init>, WARNING)

Using predicate analysis with MathSAT5 version 5.3.14 (0b98b661254c) (Nov 17 2016 10:59:45, gmp 5.1.3, gcc 4.8.5, 64-bit) and JFactory 1.21. (PredicateCPA:PredicateCPA.<init>, INFO)

Using refinement for predicate analysis with PredicateAbstractionRefinementStrategy strategy. (PredicateCPA:PredicateCPARefiner.<init>, INFO)

Starting analysis ... (CPAchecker.runAlgorithm, INFO)

Shutdown requested (The CPU-time limit of 900s has elapsed.), waiting for termination. (ForceTerminationOnShutdown$1.shutdownRequested, WARNING)

Warning: Analysis interrupted (The CPU-time limit of 900s has elapsed.) (ShutdownNotifier.shutdownIfNecessary, WARNING)

PredicateCPA statistics
-----------------------
Number of abstractions:            1901 (18% of all post computations)
  Times abstraction was reused:    0
  Because of function entry/exit:  0 (0%)
  Because of loop head:            1668 (88%)
  Because of join nodes:           0 (0%)
  Because of threshold:            0 (0%)
  Because of target state:         233 (12%)
  Times precision was empty:       232 (12%)
  Times precision was {false}:     124 (7%)
  Times result was cached:         789 (42%)
  Times cartesian abs was used:    0 (0%)
  Times boolean abs was used:      756 (40%)
  Times result was 'false':        519 (27%)
Number of strengthen sat checks:   0
Number of coverage checks:         4186
  BDD entailment checks:           3494
Number of SMT sat checks:          0
  trivial:                         0
  cached:                          0

Max ABE block size:                       11
Number of predicates discovered:          74
Number of abstraction locations:          5
Max number of predicates per location:    49
Avg number of predicates per location:    26
Total predicates per abstraction:         23906
Max number of predicates per abstraction: 49
Avg number of predicates per abstraction: 27.17
Number of irrelevant predicates:          1368 (6%)
Number of preds handled by boolean abs:   12299 (51%)
  Total number of models for allsat:      848650
  Max number of models for allsat:        651428
  Avg number of models for allsat:        1122.55

Time for post operator:                  0.697s
  Time for path formula creation:        0.648s
Time for strengthen operator:            0.059s
Time for prec operator:                893.880s
  Time for abstraction:                893.720s (Max:   561.150s, Count: 1901)
    Boolean abstraction:               887.145s
    Solving time:                        4.811s (Max:     0.297s)
    Model enumeration time:            747.902s
    Time for BDD construction:         133.933s (Max:    76.263s)
Time for merge operator:                 0.019s
Time for coverage check:                 0.058s
  Time for BDD entailment checks:        0.053s
Total time for SMT solver (w/o itp):   752.713s

Number of path formula cache hits:   11148 (90%)

Inside post operator:                  
  Inside path formula creation:        
    Time for path formula computation:     0.584s

Total number of created targets for pointer analysis: 240
   Number of created targets for uf: *signed_int is 2
   Number of created targets for uf: *(struct_TSLL)* is 2


Number of BDD nodes:                               245402
Size of BDD node table:                            270749
Size of BDD cache:                                 27073
Size of BDD node cleanup queue:                      163260 (count: 121610, min: 0, max: 19542, avg: 1.34)
Time for BDD node cleanup:                             0.079s
Time for BDD garbage collection:                       4.656s (in 947 runs)

PrecisionBootstrap statistics
-----------------------------
Init. function predicates:                         0
Init. global predicates:                           0
Init. location predicates:                         0

Invariant Generation statistics
-------------------------------

AutomatonAnalysis (SVCOMP) statistics
-------------------------------------
Number of states:                                  1
Total time for successor computation:                  0.242s
Automaton transfers with branching:                0
Automaton transfer successors:                        10783 (count: 10783, min: 1, max: 1, avg: 1.00) [1 x 10783]

CPA algorithm statistics
------------------------
Number of iterations:            6573
Max size of waitlist:            6
Average size of waitlist:        3
Number of computed successors:   8045
Max successors for one state:    2
Number of times merged:          346
Number of times stopped:         781
Number of times breaked:         49

Total time for CPA algorithm:       896.083s (Max:   611.776s)
  Time for choose from waitlist:      0.026s
  Time for precision adjustment:    894.123s
  Time for transfer relation:         1.485s
  Time for merge operator:            0.101s
  Time for stop operator:             0.104s
  Time for adding to reached set:     0.077s

Predicate-Abstraction Refiner statistics
----------------------------------------
Number of predicate refinements:                   49
Avg. length of target path (in blocks):                 380 (count: 49, min: 4, max: 13, avg: 7.76)
Number of infeasible sliced prefixes:                     0 (count: 0, min: 0, max: 0, avg: 0.00)

Time for refinement:                                   1.309s
  Counterexample analysis:                             1.128s (Max:     0.084s, Calls: 49)
    Refinement sat check:                              0.466s
    Interpolant computation:                           0.000s
  Path-formulas extraction:                            0.000s
  Error path post-processing:                          0.000s
  Predicate creation:                                  0.062s
  Precision update:                                    0.022s
  ARG update:                                          0.085s

Length of refined path (in blocks):                     331 (count: 49, min: 3, max: 13, avg: 6.76)
Number of affected states:                              261 (count: 49, min: 1, max: 12, avg: 5.33)
Length (states) of path with itp 'true':                 21 (count: 49, min: 0, max: 2, avg: 0.43)
Length (states) of path with itp non-trivial itp:       261 (count: 49, min: 1, max: 12, avg: 5.33)
Length (states) of path with itp 'false':                19 (count: 49, min: 0, max: 1, avg: 0.39)
Different non-trivial interpolants along paths:         212 (count: 49, min: 0, max: 11, avg: 4.33)
Equal non-trivial interpolants along paths:               0 (count: 49, min: 0, max: 0, avg: 0.00)
Number of refs with location-based cutoff:                0

CEGAR algorithm statistics
--------------------------
Number of refinements:                49
Number of successful refinements:     49
Number of failed refinements:         0
Max. size of reached set before ref.: 354
Max. size of reached set after ref.:  82
Avg. size of reached set before ref.: 152.65
Avg. size of reached set after ref.:  15.31

Total time for CEGAR algorithm:     897.435s
Time for refinements:                 1.348s
Average time for refinement:          0.027s
Max time for refinement:              0.088s

Code Coverage
-----------------------------
  Function coverage:      1.000
  Visited lines:          151
  Total lines:            174
  Line coverage:          0.868
  Visited conditions:     4
  Total conditions:       18
  Condition coverage:     0.222

CPAchecker general statistics
-----------------------------
Number of program locations:     326
Number of CFA edges:             334
Number of relevant variables:    8
Number of functions:             1
Number of loops:                 5
Size of reached set:             15
  Number of reached locations:   14 (4%)
    Avg states per location:     1
    Max states per location:     2 (at node N9)
  Number of reached functions:   1 (100%)
  Number of partitions:          14
    Avg size of partitions:      1
    Max size of partitions:      2 (with key [N9 (before lines 997-1005), Function main called from node N1, stack depth 1 [47caedad], stack [main]])
  Number of target states:       0
  Size of final wait list        3

Time for analysis setup:          2.875s
  Time for loading CPAs:          0.891s
  Time for loading parser:        0.688s
  Time for CFA construction:      1.173s
    Time for parsing file(s):     0.456s
    Time for AST to CFA:          0.302s
    Time for CFA sanity check:    0.067s
    Time for post-processing:     0.208s
      Time for var class.:        0.045s
Time for Analysis:              897.435s
CPU time for analysis:          897.310s
Total time for CPAchecker:      900.315s
Total CPU time for CPAchecker:  900.200s
Time for statistics:              0.064s

Time for Garbage Collector:       1.824s (in 718 runs)
Garbage Collector(s) used:    Copy, MarkSweepCompact
Used heap memory:                 90MB (    86 MiB) max;     52MB (    50 MiB) avg;     93MB (    89 MiB) peak
Used non-heap memory:             35MB (    33 MiB) max;     33MB (    32 MiB) avg;     35MB (    34 MiB) peak
Allocated heap memory:           127MB (   121 MiB) max;    127MB (   121 MiB) avg
Allocated non-heap memory:        37MB (    35 MiB) max;     37MB (    35 MiB) avg
Total process virtual memory:   8299MB (  7915 MiB) max;   8208MB (  7827 MiB) avg

Verification result: UNKNOWN, incomplete analysis.
More details about the verification run can be found in the directory "./output".
