scripts/cpa.sh -Dy-MySearchStrategy-PredAbs-ABElf -heap 5600000000 -timelimit 900 -preprocess -stats -noout -setprop cpa.predicate.memoryAllocationsAlwaysSucceed=true -spec ../sv-benchmarks/c/ReachSafety.prp ../sv-benchmarks/c/ldv-consumption/32_7a_cilled_true-unreach-call_linux-3.8-rc1-drivers--block--paride--pt.ko-main.cil.out.c


--------------------------------------------------------------------------------


Running CPAchecker with Java heap of size 5600000000.
Running CPAchecker with default stack size (1024k). Specify a larger value with -stack if needed.
Running CPAchecker with the following extra VM options:  -Djava.io.tmpdir=/tmp/BenchExec_run_5bbnqaek/tmp
Using the following resource limits: CPU-time limit of 900s (ResourceLimitChecker.fromConfiguration, INFO)

CPAchecker (unknown version) (OpenJDK 64-Bit Server VM 1.8.0_151) started (CPAchecker.run, INFO)

line 3196: Dead code detected: __ms = 1UL; (CFACreationUtils.addEdgeToCFA, INFO)

line 3240: Dead code detected: __ms = 1UL; (CFACreationUtils.addEdgeToCFA, INFO)

line 4017: Dead code detected: __ms = 1UL; (CFACreationUtils.addEdgeToCFA, INFO)

line 4207: Dead code detected: __ms = 1UL; (CFACreationUtils.addEdgeToCFA, INFO)

line 4617: Dead code detected: return (ldv_func_res); (CFACreationUtils.addEdgeToCFA, INFO)

Inline assembler ignored, analysis is probably unsound! (CFABuilder.createCFA, WARNING)

MathSAT5 is available for research and evaluation purposes only. It can not be used in a commercial environment, particularly as part of a commercial product, without written permission. MathSAT5 is provided as is, without any warranty. Please write to mathsat@fbk.eu for additional questions regarding licensing MathSAT5 or obtaining more up-to-date versions. (PredicateCPA:JavaSMT:Mathsat5SolverContext.<init>, WARNING)

Using predicate analysis with MathSAT5 version 5.3.14 (0b98b661254c) (Nov 17 2016 10:59:45, gmp 5.1.3, gcc 4.8.5, 64-bit) and JFactory 1.21. (PredicateCPA:PredicateCPA.<init>, INFO)

Using refinement for predicate analysis with PredicateAbstractionRefinementStrategy strategy. (PredicateCPA:PredicateCPARefiner.<init>, INFO)

Starting analysis ... (CPAchecker.runAlgorithm, INFO)

Assuming external function pi_init to be a pure function. (PredicateCPA:ExpressionToFormulaVisitor.visit, INFO)

Assuming external function pi_connect to be a pure function. (PredicateCPA:ExpressionToFormulaVisitor.visit, INFO)

Assuming external function pi_write_regr to be a pure function. (PredicateCPA:ExpressionToFormulaVisitor.visit, INFO)

Assuming external function schedule_timeout_interruptible to be a pure function. (PredicateCPA:ExpressionToFormulaVisitor.visit, INFO)

Assuming external function pi_read_regr to be a pure function. (PredicateCPA:ExpressionToFormulaVisitor.visit, INFO)

Assuming external function pi_disconnect to be a pure function. (PredicateCPA:ExpressionToFormulaVisitor.visit, INFO)

Assuming external function __const_udelay to be a pure function. (PredicateCPA:ExpressionToFormulaVisitor.visit, INFO)

Assuming external function pi_write_block to be a pure function. (PredicateCPA:ExpressionToFormulaVisitor.visit, INFO)

Assuming external function pi_read_block to be a pure function. (PredicateCPA:ExpressionToFormulaVisitor.visit, INFO)

Assuming external function snprintf to be a pure function. (PredicateCPA:ExpressionToFormulaVisitor.visit, INFO)

Assuming external function pi_release to be a pure function. (PredicateCPA:ExpressionToFormulaVisitor.visit, INFO)

line 2944: Return type of function __builtin_object_size is void, but result is used as type int: tmp = __builtin_object_size((const void *)to, 0); (PredicateCPA:CtoFormulaConverter.getReturnType, WARNING)

Assuming external function __builtin_object_size to be a pure function. (PredicateCPA:ExpressionToFormulaVisitor.visit, INFO)

Cannot get declaration of function __builtin_object_size, ignoring calls to it. (PredicateCPA:ExpressionToFormulaVisitor.visit, WARNING)

Assuming external function might_fault to be a constant function. (PredicateCPA:ExpressionToFormulaVisitor.visit, INFO)

Assuming external function _copy_from_user to be a pure function. (PredicateCPA:ExpressionToFormulaVisitor.visit, INFO)

Assuming external function warn_slowpath_fmt to be a pure function. (PredicateCPA:ExpressionToFormulaVisitor.visit, INFO)

Assuming external function __register_chrdev to be a pure function. (PredicateCPA:ExpressionToFormulaVisitor.visit, INFO)

Assuming external function class_destroy to be a pure function. (PredicateCPA:ExpressionToFormulaVisitor.visit, INFO)

Assuming external function device_destroy to be a pure function. (PredicateCPA:ExpressionToFormulaVisitor.visit, INFO)

Assuming external function __unregister_chrdev to be a pure function. (PredicateCPA:ExpressionToFormulaVisitor.visit, INFO)

Assuming external function _copy_to_user to be a pure function. (PredicateCPA:ExpressionToFormulaVisitor.visit, INFO)

Assuming external function __class_create to be a pure function. (PredicateCPA:ExpressionToFormulaVisitor.visit, INFO)

Assuming external function device_create to be a pure function. (PredicateCPA:ExpressionToFormulaVisitor.visit, INFO)

Shutdown requested (The CPU-time limit of 900s has elapsed.), waiting for termination. (ForceTerminationOnShutdown$1.shutdownRequested, WARNING)

Warning: Analysis interrupted (The CPU-time limit of 900s has elapsed.) (ShutdownNotifier.shutdownIfNecessary, WARNING)

PredicateCPA statistics
-----------------------
Number of abstractions:            3163362 (18% of all post computations)
  Times abstraction was reused:    0
  Because of function entry/exit:  2803711 (89%)
  Because of loop head:            359508 (11%)
  Because of join nodes:           0 (0%)
  Because of threshold:            0 (0%)
  Because of target state:         143 (0%)
  Times precision was empty:       269602 (9%)
  Times precision was {false}:     6701 (0%)
  Times result was cached:         2869833 (91%)
  Times cartesian abs was used:    0 (0%)
  Times boolean abs was used:      17226 (1%)
  Times result was 'false':        9623 (0%)
Number of strengthen sat checks:   0
Number of coverage checks:         2951359
  BDD entailment checks:           509579
Number of SMT sat checks:          0
  trivial:                         0
  cached:                          0

Max ABE block size:                       36
Number of predicates discovered:          8
Number of abstraction locations:          107
Max number of predicates per location:    7
Avg number of predicates per location:    4
Total predicates per abstraction:         9323515
Max number of predicates per abstraction: 7
Avg number of predicates per abstraction: 389.67
Number of irrelevant predicates:          5682378 (61%)
Number of preds handled by boolean abs:   45393 (0%)
  Total number of models for allsat:      17480
  Max number of models for allsat:        2
  Avg number of models for allsat:        1.01

Time for post operator:                180.073s
  Time for path formula creation:      175.870s
Time for strengthen operator:           14.094s
Time for prec operator:                421.915s
  Time for abstraction:                394.131s (Max:     1.776s, Count: 3163362)
    Boolean abstraction:                75.537s
    Solving time:                      100.189s (Max:     0.186s)
    Model enumeration time:              5.341s
    Time for BDD construction:           0.275s (Max:     0.005s)
Time for merge operator:                16.831s
Time for coverage check:                 0.792s
  Time for BDD entailment checks:        0.502s
Total time for SMT solver (w/o itp):   105.530s

Number of path formula cache hits:   17666382 (83%)

Inside post operator:                  
  Inside path formula creation:        
    Time for path formula computation:   120.894s

Total number of created targets for pointer analysis: 2691730
   Number of created targets for uf: *(struct_pi_adapter)* is 237
   Number of created targets for uf: *signed_int is 3188
   Number of created targets for uf: *(char)* is 13
   Number of created targets for uf: *char is 815397


Number of BDD nodes:                               323
Size of BDD node table:                            270749
Size of BDD cache:                                 27073
Size of BDD node cleanup queue:                       34351 (count: 916150, min: 0, max: 1092, avg: 0.04)
Time for BDD node cleanup:                             0.169s
Time for BDD garbage collection:                       0.000s (in 0 runs)

PrecisionBootstrap statistics
-----------------------------
Init. function predicates:                         0
Init. global predicates:                           0
Init. location predicates:                         0

Invariant Generation statistics
-------------------------------

AutomatonAnalysis (SVCOMP) statistics
-------------------------------------
Number of states:                                  1
Total time for successor computation:                 17.132s
  Time for transition matches:                         9.674s
  Time for transition assertions:                      0.002s
  Time for transition actions:                         0.004s
Automaton transfers with branching:                0
Automaton transfer successors:                     17828037 (count: 17828037, min: 1, max: 1, avg: 1.00) [1 x 17828037]

CPA algorithm statistics
------------------------
Number of iterations:            11175445
Max size of waitlist:            27
Average size of waitlist:        15
Number of computed successors:   12907204
Max successors for one state:    2
Number of times merged:          1220890
Number of times stopped:         1720954
Number of times breaked:         143

Total time for CPA algorithm:       853.980s (Max:    20.742s)
  Time for choose from waitlist:      3.160s
  Time for precision adjustment:    480.645s
  Time for transfer relation:       301.047s
  Time for merge operator:           26.715s
  Time for stop operator:             9.689s
  Time for adding to reached set:    11.787s

Predicate-Abstraction Refiner statistics
----------------------------------------
Number of predicate refinements:                   143
Avg. length of target path (in blocks):                8346 (count: 143, min: 8, max: 167, avg: 58.36)
Number of infeasible sliced prefixes:                     0 (count: 0, min: 0, max: 0, avg: 0.00)

Time for refinement:                                  34.438s
  Counterexample analysis:                             9.064s (Max:     0.266s, Calls: 143)
    Refinement sat check:                              7.122s
    Interpolant computation:                           0.000s
  Path-formulas extraction:                            0.008s
  Error path post-processing:                          0.000s
  Predicate creation:                                  0.072s
  Precision update:                                    0.051s
  ARG update:                                         25.146s

Length of refined path (in blocks):                    7845 (count: 143, min: 4, max: 158, avg: 54.86)
Number of affected states:                             7168 (count: 143, min: 0, max: 157, avg: 50.13)
Length (states) of path with itp 'true':                534 (count: 143, min: 0, max: 96, avg: 3.73)
Length (states) of path with itp non-trivial itp:      7168 (count: 143, min: 0, max: 157, avg: 50.13)
Length (states) of path with itp 'false':               143 (count: 143, min: 1, max: 1, avg: 1.00)
Different non-trivial interpolants along paths:           0 (count: 143, min: 0, max: 0, avg: 0.00)
Equal non-trivial interpolants along paths:            7033 (count: 143, min: 0, max: 156, avg: 49.18)
Number of refs with location-based cutoff:                0

CEGAR algorithm statistics
--------------------------
Number of refinements:                143
Number of successful refinements:     143
Number of failed refinements:         0
Max. size of reached set before ref.: 146850
Max. size of reached set after ref.:  60793
Avg. size of reached set before ref.: 80398.58
Avg. size of reached set after ref.:  2496.20

Total time for CEGAR algorithm:     896.940s
Time for refinements:                42.668s
Average time for refinement:          0.298s
Max time for refinement:              2.657s

Code Coverage
-----------------------------
  Function coverage:      0.253
  Visited lines:          1037
  Total lines:            1833
  Line coverage:          0.566
  Visited conditions:     150
  Total conditions:       410
  Condition coverage:     0.366

CPAchecker general statistics
-----------------------------
Number of program locations:     2397
Number of CFA edges:             2680
Number of relevant variables:    297
Number of functions:             91
Number of loops:                 17
Size of reached set:             36586
  Number of reached locations:   408 (17%)
    Avg states per location:     89
    Max states per location:     2119 (at node N95)
  Number of reached functions:   23 (25%)
  Number of partitions:          36552
    Avg size of partitions:      1
    Max size of partitions:      2 (with key [N807 (before line 3778), Function pt_detect called from node N1331, stack depth 3 [5c158eb], stack [main, pt_init, pt_detect]])
  Number of target states:       0
  Size of final wait list        15

Time for analysis setup:          3.386s
  Time for loading CPAs:          0.688s
  Time for loading parser:        0.478s
  Time for CFA construction:      2.149s
    Time for parsing file(s):     0.624s
    Time for AST to CFA:          0.752s
    Time for CFA sanity check:    0.146s
    Time for post-processing:     0.497s
      Time for var class.:        0.221s
Time for Analysis:              896.940s
CPU time for analysis:          896.900s
Total time for CPAchecker:      900.329s
Total CPU time for CPAchecker:  900.280s
Time for statistics:              0.359s

Time for Garbage Collector:     108.583s (in 849 runs)
Garbage Collector(s) used:    Copy, MarkSweepCompact
Used heap memory:               2430MB (  2318 MiB) max;   1106MB (  1055 MiB) avg;   2520MB (  2403 MiB) peak
Used non-heap memory:             39MB (    37 MiB) max;     38MB (    36 MiB) avg;     40MB (    38 MiB) peak
Allocated heap memory:          3045MB (  2904 MiB) max;   1637MB (  1561 MiB) avg
Allocated non-heap memory:        41MB (    39 MiB) max;     41MB (    39 MiB) avg
Total process virtual memory:   8704MB (  8301 MiB) max;   8309MB (  7924 MiB) avg

Verification result: UNKNOWN, incomplete analysis.
More details about the verification run can be found in the directory "./output".
