scripts/cpa.sh -Dy-MySearchStrategy-PredAbs-ABEl -heap 5600000000 -timelimit 900 -preprocess -stats -noout -setprop cpa.predicate.memoryAllocationsAlwaysSucceed=true -spec ../sv-benchmarks/c/ReachSafety.prp ../sv-benchmarks/c/ldv-linux-3.4-simple/32_1_cilled_true-unreach-call_ok_nondet_linux-3.4-32_1-drivers--usb--serial--iuu_phoenix.ko-ldv_main0_sequence_infinite_withcheck_stateful.cil.out.c


--------------------------------------------------------------------------------


Running CPAchecker with Java heap of size 5600000000.
Running CPAchecker with default stack size (1024k). Specify a larger value with -stack if needed.
Running CPAchecker with the following extra VM options:  -Djava.io.tmpdir=/tmp/BenchExec_run_ipb9cidn/tmp
Using the following resource limits: CPU-time limit of 900s (ResourceLimitChecker.fromConfiguration, INFO)

CPAchecker (unknown version) (OpenJDK 64-Bit Server VM 1.8.0_162) started (CPAchecker.run, INFO)

line 3543: Dead code detected: tmp___0 = (int )_kstrtoul(s, base, res); (CFACreationUtils.addEdgeToCFA, INFO)

line 3549: Dead code detected: tmp___0 = (int )_kstrtoul(s, base, res); (CFACreationUtils.addEdgeToCFA, INFO)

line 6078: Dead code detected: __cil_tmp106 = (unsigned int )frq; (CFACreationUtils.addEdgeToCFA, INFO)

line 6082: Dead code detected: [!(__x < 0L)] (CFACreationUtils.addEdgeToCFA, INFO)

line 6083: Dead code detected: ret = - __x; (CFACreationUtils.addEdgeToCFA, INFO)

line 6085: Dead code detected: ret = __x; (CFACreationUtils.addEdgeToCFA, INFO)

line 6099: Dead code detected: __cil_tmp112 = (unsigned int )frq; (CFACreationUtils.addEdgeToCFA, INFO)

line 6103: Dead code detected: [!(__x___1 < 0L)] (CFACreationUtils.addEdgeToCFA, INFO)

line 6104: Dead code detected: ret___0 = - __x___1; (CFACreationUtils.addEdgeToCFA, INFO)

line 6106: Dead code detected: ret___0 = __x___1; (CFACreationUtils.addEdgeToCFA, INFO)

line 8263: Dead code detected: Goto: switch_break (CFACreationUtils.addEdgeToCFA, INFO)

line 8310: Dead code detected: Goto: switch_break___0 (CFACreationUtils.addEdgeToCFA, INFO)

MathSAT5 is available for research and evaluation purposes only. It can not be used in a commercial environment, particularly as part of a commercial product, without written permission. MathSAT5 is provided as is, without any warranty. Please write to mathsat@fbk.eu for additional questions regarding licensing MathSAT5 or obtaining more up-to-date versions. (PredicateCPA:JavaSMT:Mathsat5SolverContext.<init>, WARNING)

Using predicate analysis with MathSAT5 version 5.3.14 (0b98b661254c) (Nov 17 2016 10:59:45, gmp 5.1.3, gcc 4.8.5, 64-bit) and JFactory 1.21. (PredicateCPA:PredicateCPA.<init>, INFO)

Using refinement for predicate analysis with PredicateAbstractionRefinementStrategy strategy. (PredicateCPA:PredicateCPARefiner.<init>, INFO)

Starting analysis ... (CPAchecker.runAlgorithm, INFO)

Assuming external function ldv_initialize to be a constant function. (PredicateCPA:ExpressionToFormulaVisitor.visit, INFO)

Assuming external function __raw_spin_lock_init to be a pure function. (PredicateCPA:ExpressionToFormulaVisitor.visit, INFO)

Assuming external function __init_waitqueue_head to be a pure function. (PredicateCPA:ExpressionToFormulaVisitor.visit, INFO)

Assuming external function dev_set_drvdata to be a pure function. (PredicateCPA:ExpressionToFormulaVisitor.visit, INFO)

Assuming external function dev_get_drvdata to be a pure function. (PredicateCPA:ExpressionToFormulaVisitor.visit, INFO)

Assuming external function usb_bulk_msg to be a pure function. (PredicateCPA:ExpressionToFormulaVisitor.visit, INFO)

Assuming external function tty_termios_copy_hw to be a pure function. (PredicateCPA:ExpressionToFormulaVisitor.visit, INFO)

Assuming external function tty_encode_baud_rate to be a pure function. (PredicateCPA:ExpressionToFormulaVisitor.visit, INFO)

Assuming external function _raw_spin_unlock_irqrestore to be a pure function. (PredicateCPA:ExpressionToFormulaVisitor.visit, INFO)

Assuming external function memset to be a pure function. (PredicateCPA:ExpressionToFormulaVisitor.visit, INFO)

Assuming external function usb_submit_urb to be a pure function. (PredicateCPA:ExpressionToFormulaVisitor.visit, INFO)

Assuming external function usb_serial_port_softint to be a pure function. (PredicateCPA:ExpressionToFormulaVisitor.visit, INFO)

Assuming external function device_remove_file to be a pure function. (PredicateCPA:ExpressionToFormulaVisitor.visit, INFO)

Assuming external function usb_kill_urb to be a pure function. (PredicateCPA:ExpressionToFormulaVisitor.visit, INFO)

Assuming external function usb_clear_halt to be a pure function. (PredicateCPA:ExpressionToFormulaVisitor.visit, INFO)

Assuming external function usb_control_msg to be a pure function. (PredicateCPA:ExpressionToFormulaVisitor.visit, INFO)

Assuming external function dev_err to be a pure function. (PredicateCPA:ExpressionToFormulaVisitor.visit, INFO)

Assuming external function ldv_check_return_value to be a pure function. (PredicateCPA:ExpressionToFormulaVisitor.visit, INFO)

Stopping analysis ... (CPAchecker.runAlgorithm, INFO)

PredicateCPA statistics
-----------------------
Number of abstractions:            380 (0% of all post computations)
  Times abstraction was reused:    0
  Because of function entry/exit:  0 (0%)
  Because of loop head:            314 (83%)
  Because of join nodes:           0 (0%)
  Because of threshold:            0 (0%)
  Because of target state:         66 (17%)
  Times precision was empty:       83 (22%)
  Times precision was {false}:     29 (8%)
  Times result was cached:         229 (60%)
  Times cartesian abs was used:    0 (0%)
  Times boolean abs was used:      39 (10%)
  Times result was 'false':        87 (23%)
Number of strengthen sat checks:   0
Number of coverage checks:         13861
  BDD entailment checks:           151
Number of SMT sat checks:          0
  trivial:                         0
  cached:                          0

Max ABE block size:                       2218
Number of predicates discovered:          2
Number of abstraction locations:          7
Max number of predicates per location:    1
Avg number of predicates per location:    1
Total predicates per abstraction:         297
Max number of predicates per abstraction: 1
Avg number of predicates per abstraction: 4.37
Number of irrelevant predicates:          98 (33%)
Number of preds handled by boolean abs:   39 (13%)
  Total number of models for allsat:      34
  Max number of models for allsat:        1
  Avg number of models for allsat:        0.87

Time for post operator:                  5.233s
  Time for path formula creation:        5.147s
Time for strengthen operator:            0.146s
Time for prec operator:                 28.064s
  Time for abstraction:                 27.926s (Max:     6.367s, Count: 380)
    Boolean abstraction:                20.536s
    Solving time:                       23.242s (Max:     6.143s)
    Model enumeration time:              2.091s
    Time for BDD construction:           0.013s (Max:     0.010s)
Time for merge operator:                 0.812s
Time for coverage check:                 0.003s
  Time for BDD entailment checks:        0.000s
Total time for SMT solver (w/o itp):    25.333s

Number of path formula cache hits:   136202 (73%)

Inside post operator:                  
  Inside path formula creation:        
    Time for path formula computation:     4.486s

Total number of created targets for pointer analysis: 15580
   Number of created targets for uf: *signed_int is 471
   Number of created targets for uf: *unsigned_char is 173
   Number of created targets for uf: *unsigned_int is 22


Number of BDD nodes:                               202
Size of BDD node table:                            270749
Size of BDD cache:                                 27073
Size of BDD node cleanup queue:                          76 (count: 649, min: 0, max: 6, avg: 0.12)
Time for BDD node cleanup:                             0.001s
Time for BDD garbage collection:                       0.000s (in 0 runs)

PrecisionBootstrap statistics
-----------------------------
Init. function predicates:                         0
Init. global predicates:                           0
Init. location predicates:                         0

Invariant Generation statistics
-------------------------------

AutomatonAnalysis (SVCOMP) statistics
-------------------------------------
Number of states:                                  1
Total time for successor computation:                  0.407s
Automaton transfers with branching:                0
Automaton transfer successors:                       181515 (count: 181515, min: 1, max: 1, avg: 1.00) [1 x 181515]

CPA algorithm statistics
------------------------
Number of iterations:            57001
Max size of waitlist:            27
Average size of waitlist:        11
Number of computed successors:   64131
Max successors for one state:    2
Number of times merged:          6855
Number of times stopped:         6985
Number of times breaked:         6

Total time for CPA algorithm:        37.573s (Max:    15.259s)
  Time for choose from waitlist:      0.077s
  Time for precision adjustment:     28.560s
  Time for transfer relation:         7.316s
  Time for merge operator:            0.975s
  Time for stop operator:             0.108s
  Time for adding to reached set:     0.114s

Predicate-Abstraction Refiner statistics
----------------------------------------
Number of predicate refinements:                   6
Avg. length of target path (in blocks):                  27 (count: 6, min: 2, max: 8, avg: 4.50)
Number of infeasible sliced prefixes:                     0 (count: 0, min: 0, max: 0, avg: 0.00)

Time for refinement:                                   1.265s
  Counterexample analysis:                             1.061s (Max:     0.201s, Calls: 6)
    Refinement sat check:                              0.969s
    Interpolant computation:                           0.000s
  Path-formulas extraction:                            0.000s
  Error path post-processing:                          0.000s
  Predicate creation:                                  0.008s
  Precision update:                                    0.001s
  ARG update:                                          0.175s

Length of refined path (in blocks):                      27 (count: 6, min: 2, max: 8, avg: 4.50)
Number of affected states:                               21 (count: 6, min: 1, max: 7, avg: 3.50)
Length (states) of path with itp 'true':                  0 (count: 6, min: 0, max: 0, avg: 0.00)
Length (states) of path with itp non-trivial itp:        21 (count: 6, min: 1, max: 7, avg: 3.50)
Length (states) of path with itp 'false':                 0 (count: 6, min: 0, max: 0, avg: 0.00)
Different non-trivial interpolants along paths:           0 (count: 6, min: 0, max: 0, avg: 0.00)
Equal non-trivial interpolants along paths:              15 (count: 6, min: 0, max: 6, avg: 2.50)
Number of refs with location-based cutoff:                0

CEGAR algorithm statistics
--------------------------
Number of refinements:                6
Number of successful refinements:     6
Number of failed refinements:         0
Max. size of reached set before ref.: 12698
Max. size of reached set after ref.:  3
Avg. size of reached set before ref.: 7580.33
Avg. size of reached set after ref.:  3.00

Total time for CEGAR algorithm:      38.939s
Time for refinements:                 1.364s
Average time for refinement:          0.227s
Max time for refinement:              0.251s

Code Coverage
-----------------------------
  Function coverage:      0.656
  Visited lines:          4338
  Total lines:            5064
  Line coverage:          0.857
  Visited conditions:     348
  Total conditions:       426
  Condition coverage:     0.817

CPAchecker general statistics
-----------------------------
Number of program locations:     5691
Number of CFA edges:             5970
Number of relevant variables:    1473
Number of functions:             61
Number of loops:                 6
Size of reached set:             11596
  Number of reached locations:   1298 (23%)
    Avg states per location:     8
    Max states per location:     136 (at node N97)
  Number of reached functions:   40 (66%)
  Number of partitions:          11596
    Avg size of partitions:      1
    Max size of partitions:      1
  Number of target states:       0

Time for analysis setup:          4.053s
  Time for loading CPAs:          0.690s
  Time for loading parser:        0.452s
  Time for CFA construction:      2.794s
    Time for parsing file(s):     0.697s
    Time for AST to CFA:          0.860s
    Time for CFA sanity check:    0.288s
    Time for post-processing:     0.843s
      Time for var class.:        0.427s
Time for Analysis:               38.939s
CPU time for analysis:           38.930s
Time for analyzing result:        0.010s
Total time for CPAchecker:       43.000s
Total CPU time for CPAchecker:   42.980s
Time for statistics:              0.269s

Time for Garbage Collector:       0.869s (in 62 runs)
Garbage Collector(s) used:    Copy, MarkSweepCompact
Used heap memory:                111MB (   106 MiB) max;     66MB (    63 MiB) avg;    123MB (   117 MiB) peak
Used non-heap memory:             38MB (    36 MiB) max;     35MB (    34 MiB) avg;     38MB (    36 MiB) peak
Allocated heap memory:           127MB (   121 MiB) max;    127MB (   121 MiB) avg
Allocated non-heap memory:        40MB (    38 MiB) max;     37MB (    35 MiB) avg
Total process virtual memory:   8200MB (  7820 MiB) max;   8179MB (  7800 MiB) avg

Verification result: TRUE. No property violation found by chosen configuration.
More details about the verification run can be found in the directory "./output".
