scripts/cpa.sh -Dy-MySearchStrategy-PredAbs-ABElf -heap 5600000000 -timelimit 30 -preprocess -stats -noout -setprop cpa.predicate.memoryAllocationsAlwaysSucceed=true -spec ../sv-benchmarks/c/ReachSafety.prp ../sv-benchmarks/c/ldv-linux-3.4-simple/43_1a_cilled_true-unreach-call_ok_nondet_linux-43_1a-drivers--firmware--google--memconsole_true-termination.ko-ldv_main0_sequence_infinite_withcheck_stateful.cil.out.c


--------------------------------------------------------------------------------


Running CPAchecker with Java heap of size 5600000000.
Running CPAchecker with default stack size (1024k). Specify a larger value with -stack if needed.
Running CPAchecker with the following extra VM options:  -Djava.io.tmpdir=/tmp/BenchExec_run_3aerjyqi/tmp
Using the following resource limits: CPU-time limit of 30s (ResourceLimitChecker.fromConfiguration, INFO)

CPAchecker (unknown version) (OpenJDK 64-Bit Server VM 1.8.0_151) started (CPAchecker.run, INFO)

Dead code detected: Label switch_break is not reachable. (CFAFunctionBuilder.leave, INFO)

MathSAT5 is available for research and evaluation purposes only. It can not be used in a commercial environment, particularly as part of a commercial product, without written permission. MathSAT5 is provided as is, without any warranty. Please write to mathsat@fbk.eu for additional questions regarding licensing MathSAT5 or obtaining more up-to-date versions. (PredicateCPA:JavaSMT:Mathsat5SolverContext.<init>, WARNING)

Using predicate analysis with MathSAT5 version 5.3.14 (0b98b661254c) (Nov 17 2016 10:59:45, gmp 5.1.3, gcc 4.8.5, 64-bit) and JFactory 1.21. (PredicateCPA:PredicateCPA.<init>, INFO)

Using refinement for predicate analysis with PredicateAbstractionRefinementStrategy strategy. (PredicateCPA:PredicateCPARefiner.<init>, INFO)

Starting analysis ... (CPAchecker.runAlgorithm, INFO)

Assuming external function ldv_initialize to be a constant function. (PredicateCPA:ExpressionToFormulaVisitor.visit, INFO)

Assuming external function dmi_check_system to be a pure function. (PredicateCPA:ExpressionToFormulaVisitor.visit, INFO)

Assuming external function sysfs_create_bin_file to be a pure function. (PredicateCPA:ExpressionToFormulaVisitor.visit, INFO)

Assuming external function ldv_check_final_state to be a constant function. (PredicateCPA:ExpressionToFormulaVisitor.visit, INFO)

Assuming external function sysfs_remove_bin_file to be a pure function. (PredicateCPA:ExpressionToFormulaVisitor.visit, INFO)

Stopping analysis ... (CPAchecker.runAlgorithm, INFO)

PredicateCPA statistics
-----------------------
Number of abstractions:            33 (7% of all post computations)
  Times abstraction was reused:    0
  Because of function entry/exit:  28 (85%)
  Because of loop head:            5 (15%)
  Because of join nodes:           0 (0%)
  Because of threshold:            0 (0%)
  Because of target state:         0 (0%)
  Times precision was empty:       33 (100%)
  Times precision was {false}:     0 (0%)
  Times result was cached:         0 (0%)
  Times cartesian abs was used:    0 (0%)
  Times boolean abs was used:      0 (0%)
  Times result was 'false':        0 (0%)
Number of strengthen sat checks:   0
Number of coverage checks:         11
  BDD entailment checks:           7
Number of SMT sat checks:          0
  trivial:                         0
  cached:                          0

Max ABE block size:                       52
Number of predicates discovered:          0

Time for post operator:                  0.176s
  Time for path formula creation:        0.169s
Time for strengthen operator:            0.015s
Time for prec operator:                  0.005s
  Time for abstraction:                  0.001s (Max:     0.001s, Count: 33)
    Solving time:                        0.000s (Max:     0.000s)
    Model enumeration time:              0.000s
    Time for BDD construction:           0.000s (Max:     0.000s)
Time for merge operator:                 0.011s
Time for coverage check:                 0.008s
  Time for BDD entailment checks:        0.008s
Total time for SMT solver (w/o itp):     0.000s

Number of path formula cache hits:   0 (0%)

Inside post operator:                  
  Inside path formula creation:        
    Time for path formula computation:     0.168s

Total number of created targets for pointer analysis: 0


Number of BDD nodes:                               202
Size of BDD node table:                            270749
Size of BDD cache:                                 27073
Size of BDD node cleanup queue:                           0 (count: 41, min: 0, max: 0, avg: 0.00)
Time for BDD node cleanup:                             0.000s
Time for BDD garbage collection:                       0.000s (in 0 runs)

PrecisionBootstrap statistics
-----------------------------
Init. function predicates:                         0
Init. global predicates:                           0
Init. location predicates:                         0

Invariant Generation statistics
-------------------------------

AutomatonAnalysis (SVCOMP) statistics
-------------------------------------
Number of states:                                  1
Total time for successor computation:                  0.016s
Automaton transfers with branching:                0
Automaton transfer successors:                          480 (count: 480, min: 1, max: 1, avg: 1.00) [1 x 480]

CPA algorithm statistics
------------------------
Number of iterations:            113
Max size of waitlist:            5
Average size of waitlist:        2
Number of computed successors:   121
Max successors for one state:    2
Number of times merged:          2
Number of times stopped:         9
Number of times breaked:         0

Total time for CPA algorithm:         0.305s (Max:     0.305s)
  Time for choose from waitlist:      0.001s
  Time for precision adjustment:      0.033s
  Time for transfer relation:         0.246s
  Time for merge operator:            0.011s
  Time for stop operator:             0.009s
  Time for adding to reached set:     0.001s

Predicate-Abstraction Refiner statistics
----------------------------------------
Number of predicate refinements:                   0

CEGAR algorithm statistics
--------------------------
Number of refinements:                0

Code Coverage
-----------------------------
  Function coverage:      0.529
  Visited lines:          381
  Total lines:            408
  Line coverage:          0.934
  Visited conditions:     20
  Total conditions:       32
  Condition coverage:     0.625

CPAchecker general statistics
-----------------------------
Number of program locations:     491
Number of CFA edges:             506
Number of relevant variables:    84
Number of functions:             17
Number of loops:                 2
Size of reached set:             113
  Number of reached locations:   93 (19%)
    Avg states per location:     1
    Max states per location:     5 (at node N0)
  Number of reached functions:   9 (53%)
  Number of partitions:          113
    Avg size of partitions:      1
    Max size of partitions:      1
  Number of target states:       0

Time for analysis setup:          2.606s
  Time for loading CPAs:          0.606s
  Time for loading parser:        0.639s
  Time for CFA construction:      1.210s
    Time for parsing file(s):     0.419s
    Time for AST to CFA:          0.333s
    Time for CFA sanity check:    0.074s
    Time for post-processing:     0.243s
      Time for var class.:        0.153s
Time for Analysis:                0.306s
CPU time for analysis:            0.300s
Time for analyzing result:        0.000s
Total time for CPAchecker:        2.915s
Total CPU time for CPAchecker:    2.900s
Time for statistics:              0.040s

Time for Garbage Collector:       0.083s (in 5 runs)
Garbage Collector(s) used:    Copy, MarkSweepCompact
Used heap memory:                 45MB (    43 MiB) max;     26MB (    24 MiB) avg;     62MB (    59 MiB) peak
Used non-heap memory:             30MB (    29 MiB) max;     22MB (    21 MiB) avg;     32MB (    31 MiB) peak
Allocated heap memory:           127MB (   121 MiB) max;    127MB (   121 MiB) avg
Allocated non-heap memory:        33MB (    31 MiB) max;     23MB (    22 MiB) avg
Total process virtual memory:   8084MB (  7710 MiB) max;   7989MB (  7619 MiB) avg

Verification result: TRUE. No property violation found by chosen configuration.
More details about the verification run can be found in the directory "./output".
