scripts/cpa.sh -Dy-MySearchStrategy-PredAbs-ABElf -heap 5600000000 -timelimit 30 -preprocess -stats -noout -setprop cpa.predicate.memoryAllocationsAlwaysSucceed=true -spec ../sv-benchmarks/c/ReachSafety.prp ../sv-benchmarks/c/product-lines/minepump_spec5_product53_true-unreach-call_false-termination.cil.c


--------------------------------------------------------------------------------


Running CPAchecker with Java heap of size 5600000000.
Running CPAchecker with default stack size (1024k). Specify a larger value with -stack if needed.
Running CPAchecker with the following extra VM options:  -Djava.io.tmpdir=/tmp/BenchExec_run_dr6pcea4/tmp
Using the following resource limits: CPU-time limit of 30s (ResourceLimitChecker.fromConfiguration, INFO)

CPAchecker (unknown version) (OpenJDK 64-Bit Server VM 1.8.0_151) started (CPAchecker.run, INFO)

line 356: Dead code detected: return (retValue_acc); (CFACreationUtils.addEdgeToCFA, INFO)

line 402: Dead code detected: return (retValue_acc); (CFACreationUtils.addEdgeToCFA, INFO)

line 557: Dead code detected: return (retValue_acc); (CFACreationUtils.addEdgeToCFA, INFO)

line 566: Dead code detected: return (retValue_acc); (CFACreationUtils.addEdgeToCFA, INFO)

line 621: Dead code detected: return (retValue_acc); (CFACreationUtils.addEdgeToCFA, INFO)

line 640: Dead code detected: return (retValue_acc); (CFACreationUtils.addEdgeToCFA, INFO)

line 655: Dead code detected: return (retValue_acc); (CFACreationUtils.addEdgeToCFA, INFO)

line 678: Dead code detected: return (retValue_acc); (CFACreationUtils.addEdgeToCFA, INFO)

line 894: Dead code detected: return (retValue_acc); (CFACreationUtils.addEdgeToCFA, INFO)

line 951: Dead code detected: return (retValue_acc); (CFACreationUtils.addEdgeToCFA, INFO)

line 983: Dead code detected: return (retValue_acc); (CFACreationUtils.addEdgeToCFA, INFO)

line 997: Dead code detected: return (retValue_acc); (CFACreationUtils.addEdgeToCFA, INFO)

line 1006: Dead code detected: return (retValue_acc); (CFACreationUtils.addEdgeToCFA, INFO)

line 193: Function pointer *__cil_tmp10 with type int (*)(int, int) is called, but no possible target functions were found. (CFunctionPointerResolver.replaceFunctionPointerCall, WARNING)

MathSAT5 is available for research and evaluation purposes only. It can not be used in a commercial environment, particularly as part of a commercial product, without written permission. MathSAT5 is provided as is, without any warranty. Please write to mathsat@fbk.eu for additional questions regarding licensing MathSAT5 or obtaining more up-to-date versions. (PredicateCPA:JavaSMT:Mathsat5SolverContext.<init>, WARNING)

Using predicate analysis with MathSAT5 version 5.3.14 (0b98b661254c) (Nov 17 2016 10:59:45, gmp 5.1.3, gcc 4.8.5, 64-bit) and JFactory 1.21. (PredicateCPA:PredicateCPA.<init>, INFO)

Using refinement for predicate analysis with PredicateAbstractionRefinementStrategy strategy. (PredicateCPA:PredicateCPARefiner.<init>, INFO)

Starting analysis ... (CPAchecker.runAlgorithm, INFO)

Stopping analysis ... (CPAchecker.runAlgorithm, INFO)

PredicateCPA statistics
-----------------------
Number of abstractions:            20520 (26% of all post computations)
  Times abstraction was reused:    0
  Because of function entry/exit:  20207 (98%)
  Because of loop head:            225 (1%)
  Because of join nodes:           0 (0%)
  Because of threshold:            0 (0%)
  Because of target state:         88 (0%)
  Times precision was empty:       883 (4%)
  Times precision was {false}:     439 (2%)
  Times result was cached:         13267 (65%)
  Times cartesian abs was used:    0 (0%)
  Times boolean abs was used:      5931 (29%)
  Times result was 'false':        3123 (15%)
Number of strengthen sat checks:   0
Number of coverage checks:         20327
  BDD entailment checks:           14843
Number of SMT sat checks:          0
  trivial:                         0
  cached:                          0

Max ABE block size:                       9
Number of predicates discovered:          25
Number of abstraction locations:          60
Max number of predicates per location:    12
Avg number of predicates per location:    7
Total predicates per abstraction:         132790
Max number of predicates per abstraction: 12
Avg number of predicates per abstraction: 20.85
Number of irrelevant predicates:          37064 (28%)
Number of preds handled by boolean abs:   34701 (26%)
  Total number of models for allsat:      7781
  Max number of models for allsat:        4
  Avg number of models for allsat:        1.31

Time for post operator:                  1.290s
  Time for path formula creation:        1.228s
Time for strengthen operator:            0.094s
Time for prec operator:                 14.290s
  Time for abstraction:                 13.979s (Max:     0.019s, Count: 20520)
    Boolean abstraction:                 4.662s
    Solving time:                        3.443s (Max:     0.017s)
    Model enumeration time:              0.423s
    Time for BDD construction:           0.282s (Max:     0.012s)
Time for merge operator:                 0.098s
Time for coverage check:                 0.064s
  Time for BDD entailment checks:        0.053s
Total time for SMT solver (w/o itp):     3.866s

Number of path formula cache hits:   52025 (57%)

Inside post operator:                  
  Inside path formula creation:        
    Time for path formula computation:     1.114s

Total number of created targets for pointer analysis: 0


Number of BDD nodes:                               4202
Size of BDD node table:                            270749
Size of BDD cache:                                 27073
Size of BDD node cleanup queue:                       17673 (count: 56879, min: 0, max: 1000, avg: 0.31)
Time for BDD node cleanup:                             0.020s
Time for BDD garbage collection:                       0.000s (in 0 runs)

PrecisionBootstrap statistics
-----------------------------
Init. function predicates:                         0
Init. global predicates:                           0
Init. location predicates:                         0

Invariant Generation statistics
-------------------------------

AutomatonAnalysis (SVCOMP) statistics
-------------------------------------
Number of states:                                  1
Total time for successor computation:                  0.323s
Automaton transfers with branching:                0
Automaton transfer successors:                        79156 (count: 79156, min: 1, max: 1, avg: 1.00) [1 x 79156]

CPA algorithm statistics
------------------------
Number of iterations:            61744
Max size of waitlist:            35
Average size of waitlist:        6
Number of computed successors:   69266
Max successors for one state:    2
Number of times merged:          2742
Number of times stopped:         4356
Number of times breaked:         88

Total time for CPA algorithm:        18.902s (Max:     1.226s)
  Time for choose from waitlist:      0.062s
  Time for precision adjustment:     14.970s
  Time for transfer relation:         2.694s
  Time for merge operator:            0.264s
  Time for stop operator:             0.207s
  Time for adding to reached set:     0.147s

Predicate-Abstraction Refiner statistics
----------------------------------------
Number of predicate refinements:                   88
Avg. length of target path (in blocks):                7005 (count: 88, min: 25, max: 201, avg: 79.60)
Number of infeasible sliced prefixes:                     0 (count: 0, min: 0, max: 0, avg: 0.00)

Time for refinement:                                   1.793s
  Counterexample analysis:                             1.383s (Max:     0.056s, Calls: 88)
    Refinement sat check:                              0.492s
    Interpolant computation:                           0.000s
  Path-formulas extraction:                            0.009s
  Error path post-processing:                          0.000s
  Predicate creation:                                  0.072s
  Precision update:                                    0.078s
  ARG update:                                          0.177s

Length of refined path (in blocks):                    5652 (count: 88, min: 14, max: 142, avg: 64.23)
Number of affected states:                             2251 (count: 88, min: 1, max: 79, avg: 25.58)
Length (states) of path with itp 'true':               3313 (count: 88, min: 0, max: 117, avg: 37.65)
Length (states) of path with itp non-trivial itp:      2251 (count: 88, min: 1, max: 79, avg: 25.58)
Length (states) of path with itp 'false':                88 (count: 88, min: 1, max: 1, avg: 1.00)
Different non-trivial interpolants along paths:          81 (count: 88, min: 0, max: 5, avg: 0.92)
Equal non-trivial interpolants along paths:            2082 (count: 88, min: 0, max: 76, avg: 23.66)
Number of refs with location-based cutoff:                0

CEGAR algorithm statistics
--------------------------
Number of refinements:                88
Number of successful refinements:     88
Number of failed refinements:         0
Max. size of reached set before ref.: 5025
Max. size of reached set after ref.:  3399
Avg. size of reached set before ref.: 1817.30
Avg. size of reached set after ref.:  1147.01

Total time for CEGAR algorithm:      21.023s
Time for refinements:                 2.043s
Average time for refinement:          0.023s
Max time for refinement:              0.066s

Code Coverage
-----------------------------
  Function coverage:      0.700
  Visited lines:          147
  Total lines:            454
  Line coverage:          0.324
  Visited conditions:     46
  Total conditions:       78
  Condition coverage:     0.590

CPAchecker general statistics
-----------------------------
Number of program locations:     657
Number of CFA edges:             711
Number of relevant variables:    122
Number of functions:             40
Number of loops:                 5
Size of reached set:             2803
  Number of reached locations:   199 (30%)
    Avg states per location:     14
    Max states per location:     60 (at node N308)
  Number of reached functions:   28 (70%)
  Number of partitions:          2747
    Avg size of partitions:      1
    Max size of partitions:      9 (with key [N486 (after line 717), Function test called from node N575, stack depth 3 [55002de6], stack [main, runTest, test]])
  Number of target states:       0

Time for analysis setup:          2.363s
  Time for loading CPAs:          0.572s
  Time for loading parser:        0.544s
  Time for CFA construction:      1.084s
    Time for parsing file(s):     0.411s
    Time for AST to CFA:          0.268s
    Time for CFA sanity check:    0.072s
    Time for post-processing:     0.213s
      Time for var class.:        0.092s
Time for Analysis:               21.024s
CPU time for analysis:           21.020s
Time for analyzing result:        0.001s
Total time for CPAchecker:       23.390s
Total CPU time for CPAchecker:   23.390s
Time for statistics:              0.093s

Time for Garbage Collector:       0.492s (in 59 runs)
Garbage Collector(s) used:    Copy, MarkSweepCompact
Used heap memory:                 70MB (    67 MiB) max;     45MB (    43 MiB) avg;     76MB (    73 MiB) peak
Used non-heap memory:             37MB (    35 MiB) max;     34MB (    32 MiB) avg;     38MB (    36 MiB) peak
Allocated heap memory:           127MB (   121 MiB) max;    127MB (   121 MiB) avg
Allocated non-heap memory:        39MB (    37 MiB) max;     37MB (    35 MiB) avg
Total process virtual memory:   8086MB (  7712 MiB) max;   8075MB (  7701 MiB) avg

Verification result: TRUE. No property violation found by chosen configuration.
More details about the verification run can be found in the directory "./output".
