scripts/cpa.sh -Dy-MySearchStrategy-PredAbs-ABElf -heap 5600000000 -timelimit 30 -preprocess -stats -noout -setprop cpa.predicate.memoryAllocationsAlwaysSucceed=true -spec ../sv-benchmarks/c/ReachSafety.prp ../sv-benchmarks/c/array-tiling/poly2_true-unreach-call.i


--------------------------------------------------------------------------------


Running CPAchecker with Java heap of size 5600000000.
Running CPAchecker with default stack size (1024k). Specify a larger value with -stack if needed.
Running CPAchecker with the following extra VM options:  -Djava.io.tmpdir=/tmp/BenchExec_run_jxqcvxdj/tmp
Using the following resource limits: CPU-time limit of 30s (ResourceLimitChecker.fromConfiguration, INFO)

CPAchecker (unknown version) (OpenJDK 64-Bit Server VM 1.8.0_151) started (CPAchecker.run, INFO)

MathSAT5 is available for research and evaluation purposes only. It can not be used in a commercial environment, particularly as part of a commercial product, without written permission. MathSAT5 is provided as is, without any warranty. Please write to mathsat@fbk.eu for additional questions regarding licensing MathSAT5 or obtaining more up-to-date versions. (PredicateCPA:JavaSMT:Mathsat5SolverContext.<init>, WARNING)

Using predicate analysis with MathSAT5 version 5.3.14 (0b98b661254c) (Nov 17 2016 10:59:45, gmp 5.1.3, gcc 4.8.5, 64-bit) and JFactory 1.21. (PredicateCPA:PredicateCPA.<init>, INFO)

Using refinement for predicate analysis with PredicateAbstractionRefinementStrategy strategy. (PredicateCPA:PredicateCPARefiner.<init>, INFO)

Starting analysis ... (CPAchecker.runAlgorithm, INFO)

Shutdown requested (The CPU-time limit of 30s has elapsed.), waiting for termination. (ForceTerminationOnShutdown$1.shutdownRequested, WARNING)

Warning: Analysis interrupted (The CPU-time limit of 30s has elapsed.) (ShutdownNotifier.shutdownIfNecessary, WARNING)

PredicateCPA statistics
-----------------------
Number of abstractions:            826 (28% of all post computations)
  Times abstraction was reused:    0
  Because of function entry/exit:  215 (26%)
  Because of loop head:            506 (61%)
  Because of join nodes:           0 (0%)
  Because of threshold:            0 (0%)
  Because of target state:         105 (13%)
  Times precision was empty:       17 (2%)
  Times precision was {false}:     110 (13%)
  Times result was cached:         6 (1%)
  Times cartesian abs was used:    0 (0%)
  Times boolean abs was used:      693 (84%)
  Times result was 'false':        220 (27%)
Number of strengthen sat checks:   0
Number of coverage checks:         2948
  BDD entailment checks:           2948
Number of SMT sat checks:          0
  trivial:                         0
  cached:                          0

Max ABE block size:                       6
Number of predicates discovered:          70
Number of abstraction locations:          6
Max number of predicates per location:    45
Avg number of predicates per location:    28
Total predicates per abstraction:         18413
Max number of predicates per abstraction: 45
Avg number of predicates per abstraction: 22.93
Number of irrelevant predicates:          640 (3%)
Number of preds handled by boolean abs:   17749 (96%)
  Total number of models for allsat:      49943
  Max number of models for allsat:        4374
  Avg number of models for allsat:        72.07

Time for post operator:                  0.408s
  Time for path formula creation:        0.391s
Time for strengthen operator:            0.033s
Time for prec operator:                 24.517s
  Time for abstraction:                 24.411s (Max:     1.175s, Count: 826)
    Boolean abstraction:                20.688s
    Solving time:                        3.971s (Max:     0.060s)
    Model enumeration time:             11.113s
    Time for BDD construction:           4.554s (Max:     0.442s)
Time for merge operator:                 0.000s
Time for coverage check:                 0.028s
  Time for BDD entailment checks:        0.028s
Total time for SMT solver (w/o itp):    15.088s

Number of path formula cache hits:   2911 (85%)

Inside post operator:                  
  Inside path formula creation:        
    Time for path formula computation:     0.348s

Total number of created targets for pointer analysis: 400
   Number of created targets for uf: *signed_long_long_int is 261


Number of BDD nodes:                               104794
Size of BDD node table:                            270749
Size of BDD cache:                                 27073
Size of BDD node cleanup queue:                       46379 (count: 26461, min: 0, max: 3548, avg: 1.75)
Time for BDD node cleanup:                             0.036s
Time for BDD garbage collection:                       0.178s (in 15 runs)

PrecisionBootstrap statistics
-----------------------------
Init. function predicates:                         0
Init. global predicates:                           0
Init. location predicates:                         0

Invariant Generation statistics
-------------------------------

AutomatonAnalysis (SVCOMP) statistics
-------------------------------------
Number of states:                                  1
Total time for successor computation:                  0.110s
Automaton transfers with branching:                0
Automaton transfer successors:                         2939 (count: 2939, min: 1, max: 1, avg: 1.00) [1 x 2939]

CPA algorithm statistics
------------------------
Number of iterations:            2425
Max size of waitlist:            6
Average size of waitlist:        3
Number of computed successors:   2730
Max successors for one state:    2
Number of times merged:          0
Number of times stopped:         70
Number of times breaked:         14

Total time for CPA algorithm:        25.824s (Max:     9.517s)
  Time for choose from waitlist:      0.040s
  Time for precision adjustment:     24.690s
  Time for transfer relation:         0.848s
  Time for merge operator:            0.077s
  Time for stop operator:             0.057s
  Time for adding to reached set:     0.044s

Predicate-Abstraction Refiner statistics
----------------------------------------
Number of predicate refinements:                   14
Avg. length of target path (in blocks):                 235 (count: 14, min: 5, max: 32, avg: 16.79)
Number of infeasible sliced prefixes:                     0 (count: 0, min: 0, max: 0, avg: 0.00)

Time for refinement:                                   1.289s
  Counterexample analysis:                             1.190s (Max:     0.322s, Calls: 14)
    Refinement sat check:                              0.826s
    Interpolant computation:                           0.000s
  Path-formulas extraction:                            0.000s
  Error path post-processing:                          0.000s
  Predicate creation:                                  0.043s
  Precision update:                                    0.007s
  ARG update:                                          0.033s

Length of refined path (in blocks):                     220 (count: 14, min: 2, max: 32, avg: 15.71)
Number of affected states:                              206 (count: 14, min: 1, max: 31, avg: 14.71)
Length (states) of path with itp 'true':                  0 (count: 14, min: 0, max: 0, avg: 0.00)
Length (states) of path with itp non-trivial itp:       206 (count: 14, min: 1, max: 31, avg: 14.71)
Length (states) of path with itp 'false':                 8 (count: 14, min: 0, max: 1, avg: 0.57)
Different non-trivial interpolants along paths:         117 (count: 14, min: 0, max: 20, avg: 8.36)
Equal non-trivial interpolants along paths:              75 (count: 14, min: 0, max: 15, avg: 5.36)
Number of refs with location-based cutoff:                0

CEGAR algorithm statistics
--------------------------
Number of refinements:                14
Number of successful refinements:     14
Number of failed refinements:         0
Max. size of reached set before ref.: 445
Max. size of reached set after ref.:  7
Avg. size of reached set before ref.: 153.36
Avg. size of reached set after ref.:  7.00

Total time for CEGAR algorithm:      27.148s
Time for refinements:                 1.324s
Average time for refinement:          0.094s
Max time for refinement:              0.332s

Code Coverage
-----------------------------
  Function coverage:      1.000
  Visited lines:          13
  Total lines:            13
  Line coverage:          1.000
  Visited conditions:     10
  Total conditions:       10
  Condition coverage:     1.000

CPAchecker general statistics
-----------------------------
Number of program locations:     40
Number of CFA edges:             44
Number of relevant variables:    5
Number of functions:             2
Number of loops:                 3
Size of reached set:             391
  Number of reached locations:   28 (70%)
    Avg states per location:     13
    Max states per location:     25 (at node N22)
  Number of reached functions:   2 (100%)
  Number of partitions:          327
    Avg size of partitions:      1
    Max size of partitions:      25 (with key [N22 (before line 23), Function main called from node N8, stack depth 1 [72e5a8e], stack [main]])
  Number of target states:       0
  Size of final wait list        2

Time for analysis setup:          2.576s
  Time for loading CPAs:          0.816s
  Time for loading parser:        0.732s
  Time for CFA construction:      0.857s
    Time for parsing file(s):     0.312s
    Time for AST to CFA:          0.143s
    Time for CFA sanity check:    0.032s
    Time for post-processing:     0.194s
      Time for var class.:        0.061s
Time for Analysis:               27.148s
CPU time for analysis:           27.150s
Total time for CPAchecker:       29.728s
Total CPU time for CPAchecker:   29.720s
Time for statistics:              0.084s

Time for Garbage Collector:       0.238s (in 36 runs)
Garbage Collector(s) used:    Copy, MarkSweepCompact
Used heap memory:                 60MB (    57 MiB) max;     41MB (    39 MiB) avg;     64MB (    61 MiB) peak
Used non-heap memory:             33MB (    32 MiB) max;     31MB (    30 MiB) avg;     35MB (    33 MiB) peak
Allocated heap memory:           127MB (   121 MiB) max;    127MB (   121 MiB) avg
Allocated non-heap memory:        36MB (    34 MiB) max;     34MB (    32 MiB) avg
Total process virtual memory:   8085MB (  7711 MiB) max;   8075MB (  7701 MiB) avg

Verification result: UNKNOWN, incomplete analysis.
More details about the verification run can be found in the directory "./output".
