scripts/cpa.sh -Dy-MySearchStrategy-PredAbs-ABEl -heap 5600000000 -timelimit 900 -preprocess -stats -noout -setprop cpa.predicate.memoryAllocationsAlwaysSucceed=true -spec ../sv-benchmarks/c/ReachSafety.prp ../sv-benchmarks/c/systemc/token_ring.11_true-unreach-call_false-termination.cil.c


--------------------------------------------------------------------------------


Running CPAchecker with Java heap of size 5600000000.
Running CPAchecker with default stack size (1024k). Specify a larger value with -stack if needed.
Running CPAchecker with the following extra VM options:  -Djava.io.tmpdir=/tmp/BenchExec_run__nhqgviv/tmp
Using the following resource limits: CPU-time limit of 900s (ResourceLimitChecker.fromConfiguration, INFO)

CPAchecker (unknown version) (OpenJDK 64-Bit Server VM 1.8.0_162) started (CPAchecker.run, INFO)

MathSAT5 is available for research and evaluation purposes only. It can not be used in a commercial environment, particularly as part of a commercial product, without written permission. MathSAT5 is provided as is, without any warranty. Please write to mathsat@fbk.eu for additional questions regarding licensing MathSAT5 or obtaining more up-to-date versions. (PredicateCPA:JavaSMT:Mathsat5SolverContext.<init>, WARNING)

Using predicate analysis with MathSAT5 version 5.3.14 (0b98b661254c) (Nov 17 2016 10:59:45, gmp 5.1.3, gcc 4.8.5, 64-bit) and JFactory 1.21. (PredicateCPA:PredicateCPA.<init>, INFO)

Using refinement for predicate analysis with PredicateAbstractionRefinementStrategy strategy. (PredicateCPA:PredicateCPARefiner.<init>, INFO)

Starting analysis ... (CPAchecker.runAlgorithm, INFO)

Shutdown requested (The CPU-time limit of 900s has elapsed.), waiting for termination. (ForceTerminationOnShutdown$1.shutdownRequested, WARNING)

Warning: Analysis interrupted (The CPU-time limit of 900s has elapsed.) (ShutdownNotifier.shutdownIfNecessary, WARNING)

PredicateCPA statistics
-----------------------
Number of abstractions:            23 (0% of all post computations)
  Times abstraction was reused:    0
  Because of function entry/exit:  0 (0%)
  Because of loop head:            16 (70%)
  Because of join nodes:           0 (0%)
  Because of threshold:            0 (0%)
  Because of target state:         7 (30%)
  Times precision was empty:       3 (13%)
  Times precision was {false}:     6 (26%)
  Times result was cached:         0 (0%)
  Times cartesian abs was used:    0 (0%)
  Times boolean abs was used:      14 (61%)
  Times result was 'false':        5 (22%)
Number of strengthen sat checks:   0
Number of coverage checks:         5226
  BDD entailment checks:           6
Number of SMT sat checks:          0
  trivial:                         0
  cached:                          0

Max ABE block size:                       1459
Number of predicates discovered:          63
Number of abstraction locations:          3
Max number of predicates per location:    62
Avg number of predicates per location:    35
Total predicates per abstraction:         349
Max number of predicates per abstraction: 62
Avg number of predicates per abstraction: 17.45
Number of irrelevant predicates:          22 (6%)
Number of preds handled by boolean abs:   327 (94%)
  Total number of models for allsat:      22534
  Max number of models for allsat:        8191
  Avg number of models for allsat:        1609.57

Time for post operator:                  1.670s
  Time for path formula creation:        1.565s
Time for strengthen operator:            0.091s
Time for prec operator:                889.431s
  Time for abstraction:                889.336s (Max:   801.980s, Count: 23)
    Boolean abstraction:               887.782s
    Solving time:                        1.322s (Max:     0.340s)
    Model enumeration time:            783.242s
    Time for BDD construction:         103.369s (Max:     0.880s)
Time for merge operator:                 0.310s
Time for coverage check:                 0.031s
  Time for BDD entailment checks:        0.029s
Total time for SMT solver (w/o itp):   784.568s

Number of path formula cache hits:   9928 (49%)

Inside post operator:                  
  Inside path formula creation:        
    Time for path formula computation:     1.499s

Total number of created targets for pointer analysis: 0


Number of BDD nodes:                               126977
Size of BDD node table:                            270749
Size of BDD cache:                                 27073
Size of BDD node cleanup queue:                       40145 (count: 20921, min: 0, max: 34848, avg: 1.92)
Time for BDD node cleanup:                             0.036s
Time for BDD garbage collection:                       2.297s (in 453 runs)

PrecisionBootstrap statistics
-----------------------------
Init. function predicates:                         0
Init. global predicates:                           0
Init. location predicates:                         0

Invariant Generation statistics
-------------------------------

AutomatonAnalysis (SVCOMP) statistics
-------------------------------------
Number of states:                                  1
Total time for successor computation:                  0.259s
Automaton transfers with branching:                0
Automaton transfer successors:                        19178 (count: 19178, min: 1, max: 1, avg: 1.00) [1 x 19178]

CPA algorithm statistics
------------------------
Number of iterations:            14860
Max size of waitlist:            14
Average size of waitlist:        5
Number of computed successors:   17496
Max successors for one state:    2
Number of times merged:          2610
Number of times stopped:         2611
Number of times breaked:         3

Total time for CPA algorithm:       894.208s (Max:   802.383s)
  Time for choose from waitlist:      0.109s
  Time for precision adjustment:    889.921s
  Time for transfer relation:         2.958s
  Time for merge operator:            0.562s
  Time for stop operator:             0.138s
  Time for adding to reached set:     0.167s

Predicate-Abstraction Refiner statistics
----------------------------------------
Number of predicate refinements:                   3
Avg. length of target path (in blocks):                  12 (count: 3, min: 3, max: 5, avg: 4.00)
Number of infeasible sliced prefixes:                     0 (count: 0, min: 0, max: 0, avg: 0.00)

Time for refinement:                                   2.203s
  Counterexample analysis:                             2.025s (Max:     1.619s, Calls: 3)
    Refinement sat check:                              1.921s
    Interpolant computation:                           0.000s
  Path-formulas extraction:                            0.000s
  Error path post-processing:                          0.000s
  Predicate creation:                                  0.043s
  Precision update:                                    0.002s
  ARG update:                                          0.078s

Length of refined path (in blocks):                      12 (count: 3, min: 3, max: 5, avg: 4.00)
Number of affected states:                                9 (count: 3, min: 2, max: 4, avg: 3.00)
Length (states) of path with itp 'true':                  0 (count: 3, min: 0, max: 0, avg: 0.00)
Length (states) of path with itp non-trivial itp:         9 (count: 3, min: 2, max: 4, avg: 3.00)
Length (states) of path with itp 'false':                 0 (count: 3, min: 0, max: 0, avg: 0.00)
Different non-trivial interpolants along paths:           3 (count: 3, min: 0, max: 2, avg: 1.00)
Equal non-trivial interpolants along paths:               3 (count: 3, min: 1, max: 1, avg: 1.00)
Number of refs with location-based cutoff:                0

CEGAR algorithm statistics
--------------------------
Number of refinements:                3
Number of successful refinements:     3
Number of failed refinements:         0
Max. size of reached set before ref.: 8062
Max. size of reached set after ref.:  485
Avg. size of reached set before ref.: 4311.33
Avg. size of reached set after ref.:  485.00

Total time for CEGAR algorithm:     896.511s
Time for refinements:                 2.301s
Average time for refinement:          0.767s
Max time for refinement:              1.730s

Code Coverage
-----------------------------
  Function coverage:      0.923
  Visited lines:          687
  Total lines:            770
  Line coverage:          0.892
  Visited conditions:     316
  Total conditions:       370
  Condition coverage:     0.854

CPAchecker general statistics
-----------------------------
Number of program locations:     1215
Number of CFA edges:             1418
Number of relevant variables:    119
Number of functions:             39
Number of loops:                 2
Size of reached set:             3401
  Number of reached locations:   873 (72%)
    Avg states per location:     3
    Max states per location:     13 (at node N359)
  Number of reached functions:   36 (92%)
  Number of partitions:          3401
    Avg size of partitions:      1
    Max size of partitions:      1
  Number of target states:       0
  Size of final wait list        2

Time for analysis setup:          3.803s
  Time for loading CPAs:          1.012s
  Time for loading parser:        0.796s
  Time for CFA construction:      1.837s
    Time for parsing file(s):     0.522s
    Time for AST to CFA:          0.499s
    Time for CFA sanity check:    0.214s
    Time for post-processing:     0.410s
      Time for var class.:        0.190s
Time for Analysis:              896.511s
CPU time for analysis:          896.470s
Total time for CPAchecker:      900.321s
Total CPU time for CPAchecker:  900.270s
Time for statistics:              0.157s

Time for Garbage Collector:       1.204s (in 495 runs)
Garbage Collector(s) used:    Copy, MarkSweepCompact
Used heap memory:                 74MB (    70 MiB) max;     56MB (    53 MiB) avg;     78MB (    74 MiB) peak
Used non-heap memory:             35MB (    34 MiB) max;     34MB (    33 MiB) avg;     36MB (    35 MiB) peak
Allocated heap memory:           127MB (   121 MiB) max;    127MB (   121 MiB) avg
Allocated non-heap memory:        38MB (    36 MiB) max;     37MB (    36 MiB) avg
Total process virtual memory:   8425MB (  8035 MiB) max;   8295MB (  7911 MiB) avg

Verification result: UNKNOWN, incomplete analysis.
More details about the verification run can be found in the directory "./output".
