scripts/cpa.sh -Dy-MySearchStrategy-PredAbs-ABEl -heap 5600000000 -timelimit 30 -preprocess -stats -noout -setprop cpa.predicate.memoryAllocationsAlwaysSucceed=true -spec ../sv-benchmarks/c/ReachSafety.prp ../sv-benchmarks/c/loop-acceleration/array_true-unreach-call1_true-termination.i


--------------------------------------------------------------------------------


Running CPAchecker with Java heap of size 5600000000.
Running CPAchecker with default stack size (1024k). Specify a larger value with -stack if needed.
Running CPAchecker with the following extra VM options:  -Djava.io.tmpdir=/tmp/BenchExec_run_4lddq2oj/tmp
Using the following resource limits: CPU-time limit of 30s (ResourceLimitChecker.fromConfiguration, INFO)

CPAchecker (unknown version) (OpenJDK 64-Bit Server VM 1.8.0_162) started (CPAchecker.run, INFO)

MathSAT5 is available for research and evaluation purposes only. It can not be used in a commercial environment, particularly as part of a commercial product, without written permission. MathSAT5 is provided as is, without any warranty. Please write to mathsat@fbk.eu for additional questions regarding licensing MathSAT5 or obtaining more up-to-date versions. (PredicateCPA:JavaSMT:Mathsat5SolverContext.<init>, WARNING)

Using predicate analysis with MathSAT5 version 5.3.14 (0b98b661254c) (Nov 17 2016 10:59:45, gmp 5.1.3, gcc 4.8.5, 64-bit) and JFactory 1.21. (PredicateCPA:PredicateCPA.<init>, INFO)

Using refinement for predicate analysis with PredicateAbstractionRefinementStrategy strategy. (PredicateCPA:PredicateCPARefiner.<init>, INFO)

Starting analysis ... (CPAchecker.runAlgorithm, INFO)

Shutdown requested (The CPU-time limit of 30s has elapsed.), waiting for termination. (ForceTerminationOnShutdown$1.shutdownRequested, WARNING)

Warning: Analysis interrupted (The CPU-time limit of 30s has elapsed.) (ShutdownNotifier.shutdownIfNecessary, WARNING)

PredicateCPA statistics
-----------------------
Number of abstractions:            2847 (14% of all post computations)
  Times abstraction was reused:    0
  Because of function entry/exit:  0 (0%)
  Because of loop head:            1424 (50%)
  Because of join nodes:           0 (0%)
  Because of threshold:            0 (0%)
  Because of target state:         1423 (50%)
  Times precision was empty:       2 (0%)
  Times precision was {false}:     1422 (50%)
  Times result was cached:         0 (0%)
  Times cartesian abs was used:    0 (0%)
  Times boolean abs was used:      1423 (50%)
  Times result was 'false':        1371 (48%)
Number of strengthen sat checks:   0
Number of coverage checks:         24416
  BDD entailment checks:           24416
Number of SMT sat checks:          0
  trivial:                         0
  cached:                          0

Max ABE block size:                       3
Number of predicates discovered:          54
Number of abstraction locations:          2
Max number of predicates per location:    53
Avg number of predicates per location:    27
Total predicates per abstraction:         52087
Max number of predicates per abstraction: 53
Avg number of predicates per abstraction: 18.31
Number of irrelevant predicates:          1422 (3%)
Number of preds handled by boolean abs:   50665 (97%)
  Total number of models for allsat:      1423
  Max number of models for allsat:        2
  Avg number of models for allsat:        1.00

Time for post operator:                  0.709s
  Time for path formula creation:        0.653s
Time for strengthen operator:            0.061s
Time for prec operator:                 21.090s
  Time for abstraction:                 20.887s (Max:     0.032s, Count: 2847)
    Boolean abstraction:                10.618s
    Solving time:                       10.992s (Max:     0.021s)
    Model enumeration time:              0.530s
    Time for BDD construction:           0.301s (Max:     0.012s)
Time for merge operator:                 0.000s
Time for coverage check:                 0.135s
  Time for BDD entailment checks:        0.132s
Total time for SMT solver (w/o itp):    11.530s

Number of path formula cache hits:   20311 (97%)

Inside post operator:                  
  Inside path formula creation:        
    Time for path formula computation:     0.512s

Total number of created targets for pointer analysis: 1020
   Number of created targets for uf: *signed_int is 1021


Number of BDD nodes:                               54324
Size of BDD node table:                            270749
Size of BDD cache:                                 27073
Size of BDD node cleanup queue:                      134407 (count: 94493, min: 0, max: 6205, avg: 1.42)
Time for BDD node cleanup:                             0.022s
Time for BDD garbage collection:                       0.000s (in 0 runs)

PrecisionBootstrap statistics
-----------------------------
Init. function predicates:                         0
Init. global predicates:                           0
Init. location predicates:                         0

Invariant Generation statistics
-------------------------------

AutomatonAnalysis (SVCOMP) statistics
-------------------------------------
Number of states:                                  1
Total time for successor computation:                  0.324s
Automaton transfers with branching:                0
Automaton transfer successors:                        19671 (count: 19671, min: 1, max: 1, avg: 1.00) [1 x 19671]

CPA algorithm statistics
------------------------
Number of iterations:            16819
Max size of waitlist:            3
Average size of waitlist:        1
Number of computed successors:   18294
Max successors for one state:    2
Number of times merged:          0
Number of times stopped:         0
Number of times breaked:         52

Total time for CPA algorithm:        23.998s (Max:     0.875s)
  Time for choose from waitlist:      0.054s
  Time for precision adjustment:     21.427s
  Time for transfer relation:         1.823s
  Time for merge operator:            0.081s
  Time for stop operator:             0.238s
  Time for adding to reached set:     0.120s

Predicate-Abstraction Refiner statistics
----------------------------------------
Number of predicate refinements:                   52
Avg. length of target path (in blocks):                1430 (count: 52, min: 2, max: 53, avg: 27.50)
Number of infeasible sliced prefixes:                     0 (count: 0, min: 0, max: 0, avg: 0.00)

Time for refinement:                                   3.610s
  Counterexample analysis:                             3.380s (Max:     0.154s, Calls: 52)
    Refinement sat check:                              2.288s
    Interpolant computation:                           0.000s
  Path-formulas extraction:                            0.003s
  Error path post-processing:                          0.000s
  Predicate creation:                                  0.067s
  Precision update:                                    0.034s
  ARG update:                                          0.092s

Length of refined path (in blocks):                    1430 (count: 52, min: 2, max: 53, avg: 27.50)
Number of affected states:                             1378 (count: 52, min: 1, max: 52, avg: 26.50)
Length (states) of path with itp 'true':                  0 (count: 52, min: 0, max: 0, avg: 0.00)
Length (states) of path with itp non-trivial itp:      1378 (count: 52, min: 1, max: 52, avg: 26.50)
Length (states) of path with itp 'false':                 0 (count: 52, min: 0, max: 0, avg: 0.00)
Different non-trivial interpolants along paths:        1326 (count: 52, min: 0, max: 51, avg: 25.50)
Equal non-trivial interpolants along paths:               0 (count: 52, min: 0, max: 0, avg: 0.00)
Number of refs with location-based cutoff:                0

CEGAR algorithm statistics
--------------------------
Number of refinements:                52
Number of successful refinements:     52
Number of failed refinements:         0
Max. size of reached set before ref.: 624
Max. size of reached set after ref.:  3
Avg. size of reached set before ref.: 318.00
Avg. size of reached set after ref.:  3.00

Total time for CEGAR algorithm:      27.730s
Time for refinements:                 3.728s
Average time for refinement:          0.071s
Max time for refinement:              0.169s

Code Coverage
-----------------------------
  Function coverage:      1.000
  Visited lines:          8
  Total lines:            8
  Line coverage:          1.000
  Visited conditions:     4
  Total conditions:       4
  Condition coverage:     1.000

CPAchecker general statistics
-----------------------------
Number of program locations:     23
Number of CFA edges:             24
Number of relevant variables:    3
Number of functions:             2
Number of loops:                 1
Size of reached set:             543
  Number of reached locations:   15 (65%)
    Avg states per location:     36
    Max states per location:     45 (at node N0)
  Number of reached functions:   2 (100%)
  Number of partitions:          499
    Avg size of partitions:      1
    Max size of partitions:      45 (with key [N14 (before line 11), Function main called from node N9, stack depth 1 [1b11171f], stack [main]])
  Number of target states:       0
  Size of final wait list        1

Time for analysis setup:          2.489s
  Time for loading CPAs:          0.770s
  Time for loading parser:        0.787s
  Time for CFA construction:      0.798s
    Time for parsing file(s):     0.375s
    Time for AST to CFA:          0.120s
    Time for CFA sanity check:    0.013s
    Time for post-processing:     0.109s
      Time for var class.:        0.037s
Time for Analysis:               27.730s
CPU time for analysis:           27.730s
Total time for CPAchecker:       30.227s
Total CPU time for CPAchecker:   30.220s
Time for statistics:              0.097s

Time for Garbage Collector:       0.344s (in 34 runs)
Garbage Collector(s) used:    Copy, MarkSweepCompact
Used heap memory:                 64MB (    61 MiB) max;     42MB (    40 MiB) avg;     67MB (    64 MiB) peak
Used non-heap memory:             35MB (    33 MiB) max;     32MB (    30 MiB) avg;     36MB (    34 MiB) peak
Allocated heap memory:           127MB (   121 MiB) max;    127MB (   121 MiB) avg
Allocated non-heap memory:        37MB (    35 MiB) max;     34MB (    33 MiB) avg
Total process virtual memory:   8199MB (  7820 MiB) max;   8123MB (  7747 MiB) avg

Verification result: UNKNOWN, incomplete analysis.
More details about the verification run can be found in the directory "./output".
