scripts/cpa.sh -Dy-MySearchStrategy-PredAbs-ABEl -heap 5600000000 -timelimit 900 -preprocess -stats -noout -setprop cpa.predicate.memoryAllocationsAlwaysSucceed=true -spec ../sv-benchmarks/c/ReachSafety.prp ../sv-benchmarks/c/eca-rers2012/Problem04_label48_true-unreach-call.c


--------------------------------------------------------------------------------


Running CPAchecker with Java heap of size 5600000000.
Running CPAchecker with default stack size (1024k). Specify a larger value with -stack if needed.
Running CPAchecker with the following extra VM options:  -Djava.io.tmpdir=/tmp/BenchExec_run_h_9h21cq/tmp
Using the following resource limits: CPU-time limit of 900s (ResourceLimitChecker.fromConfiguration, INFO)

CPAchecker (unknown version) (OpenJDK 64-Bit Server VM 1.8.0_162) started (CPAchecker.run, INFO)

MathSAT5 is available for research and evaluation purposes only. It can not be used in a commercial environment, particularly as part of a commercial product, without written permission. MathSAT5 is provided as is, without any warranty. Please write to mathsat@fbk.eu for additional questions regarding licensing MathSAT5 or obtaining more up-to-date versions. (PredicateCPA:JavaSMT:Mathsat5SolverContext.<init>, WARNING)

Using predicate analysis with MathSAT5 version 5.3.14 (0b98b661254c) (Nov 17 2016 10:59:45, gmp 5.1.3, gcc 4.8.5, 64-bit) and JFactory 1.21. (PredicateCPA:PredicateCPA.<init>, INFO)

Using refinement for predicate analysis with PredicateAbstractionRefinementStrategy strategy. (PredicateCPA:PredicateCPARefiner.<init>, INFO)

Starting analysis ... (CPAchecker.runAlgorithm, INFO)

Stopping analysis ... (CPAchecker.runAlgorithm, INFO)

PredicateCPA statistics
-----------------------
Number of abstractions:            53 (0% of all post computations)
  Times abstraction was reused:    0
  Because of function entry/exit:  0 (0%)
  Because of loop head:            27 (51%)
  Because of join nodes:           0 (0%)
  Because of threshold:            0 (0%)
  Because of target state:         26 (49%)
  Times precision was empty:       2 (4%)
  Times precision was {false}:     25 (47%)
  Times result was cached:         0 (0%)
  Times cartesian abs was used:    0 (0%)
  Times boolean abs was used:      26 (49%)
  Times result was 'false':        24 (45%)
Number of strengthen sat checks:   0
Number of coverage checks:         461437
  BDD entailment checks:           237
Number of SMT sat checks:          0
  trivial:                         0
  cached:                          0

Max ABE block size:                       8964
Number of predicates discovered:          20
Number of abstraction locations:          2
Max number of predicates per location:    19
Avg number of predicates per location:    10
Total predicates per abstraction:         475
Max number of predicates per abstraction: 19
Avg number of predicates per abstraction: 9.31
Number of irrelevant predicates:          25 (5%)
Number of preds handled by boolean abs:   450 (95%)
  Total number of models for allsat:      2050
  Max number of models for allsat:        149
  Avg number of models for allsat:        78.85

Time for post operator:                 12.634s
  Time for path formula creation:       12.344s
Time for strengthen operator:            0.572s
Time for prec operator:                 37.089s
  Time for abstraction:                 36.619s (Max:     3.525s, Count: 53)
    Boolean abstraction:                32.662s
    Solving time:                        3.384s (Max:     0.227s)
    Model enumeration time:             29.455s
    Time for BDD construction:           0.299s (Max:     0.048s)
Time for merge operator:                 1.665s
Time for coverage check:                 0.069s
  Time for BDD entailment checks:        0.018s
Total time for SMT solver (w/o itp):    32.839s

Number of path formula cache hits:   150670 (25%)

Inside post operator:                  
  Inside path formula creation:        
    Time for path formula computation:    11.806s

Total number of created targets for pointer analysis: 0


Number of BDD nodes:                               20542
Size of BDD node table:                            270749
Size of BDD cache:                                 27073
Size of BDD node cleanup queue:                        5395 (count: 2723, min: 0, max: 598, avg: 1.98)
Time for BDD node cleanup:                             0.016s
Time for BDD garbage collection:                       0.000s (in 0 runs)

PrecisionBootstrap statistics
-----------------------------
Init. function predicates:                         0
Init. global predicates:                           0
Init. location predicates:                         0

Invariant Generation statistics
-------------------------------

AutomatonAnalysis (SVCOMP) statistics
-------------------------------------
Number of states:                                  1
Total time for successor computation:                  1.167s
  Time for transition matches:                         0.552s
  Time for transition assertions:                      0.000s
  Time for transition actions:                         0.002s
Automaton transfers with branching:                0
Automaton transfer successors:                       564752 (count: 566292, min: 0, max: 1, avg: 1.00) [0 x 1540, 1 x 564752]

CPA algorithm statistics
------------------------
Number of iterations:            274343
Max size of waitlist:            230
Average size of waitlist:        126
Number of computed successors:   505423
Max successors for one state:    2
Number of times merged:          230600
Number of times stopped:         230601
Number of times breaked:         2

Total time for CPA algorithm:        67.153s (Max:    51.859s)
  Time for choose from waitlist:      0.264s
  Time for precision adjustment:     40.620s
  Time for transfer relation:        18.853s
  Time for merge operator:            4.713s
  Time for stop operator:             0.670s
  Time for adding to reached set:     0.634s

Predicate-Abstraction Refiner statistics
----------------------------------------
Number of predicate refinements:                   2
Avg. length of target path (in blocks):                   7 (count: 2, min: 2, max: 5, avg: 3.50)
Number of infeasible sliced prefixes:                     0 (count: 0, min: 0, max: 0, avg: 0.00)

Time for refinement:                                   1.548s
  Counterexample analysis:                             1.036s (Max:     0.815s, Calls: 2)
    Refinement sat check:                              0.863s
    Interpolant computation:                           0.000s
  Path-formulas extraction:                            0.000s
  Error path post-processing:                          0.000s
  Predicate creation:                                  0.018s
  Precision update:                                    0.017s
  ARG update:                                          0.410s

Length of refined path (in blocks):                       7 (count: 2, min: 2, max: 5, avg: 3.50)
Number of affected states:                                5 (count: 2, min: 1, max: 4, avg: 2.50)
Length (states) of path with itp 'true':                  0 (count: 2, min: 0, max: 0, avg: 0.00)
Length (states) of path with itp non-trivial itp:         5 (count: 2, min: 1, max: 4, avg: 2.50)
Length (states) of path with itp 'false':                 0 (count: 2, min: 0, max: 0, avg: 0.00)
Different non-trivial interpolants along paths:           1 (count: 2, min: 0, max: 1, avg: 0.50)
Equal non-trivial interpolants along paths:               2 (count: 2, min: 0, max: 2, avg: 1.00)
Number of refs with location-based cutoff:                0

CEGAR algorithm statistics
--------------------------
Number of refinements:                2
Number of successful refinements:     2
Number of failed refinements:         0
Max. size of reached set before ref.: 42055
Max. size of reached set after ref.:  3
Avg. size of reached set before ref.: 26164.00
Avg. size of reached set after ref.:  3.00

Total time for CEGAR algorithm:      68.968s
Time for refinements:                 1.812s
Average time for refinement:          0.906s
Max time for refinement:              1.261s

Code Coverage
-----------------------------
  Function coverage:      1.000
  Visited lines:          4723
  Total lines:            4723
  Line coverage:          1.000
  Visited conditions:     17908
  Total conditions:       17908
  Condition coverage:     1.000

CPAchecker general statistics
-----------------------------
Number of program locations:     13023
Number of CFA edges:             21976
Number of relevant variables:    14
Number of functions:             5
Number of loops:                 1
Size of reached set:             222477
  Number of reached locations:   10597 (81%)
    Avg states per location:     20
    Max states per location:     21 (at node N0)
  Number of reached functions:   5 (100%)
  Number of partitions:          222457
    Avg size of partitions:      1
    Max size of partitions:      21 (with key [N14474 (before lines 4816-4826), Function main called from node N14471, stack depth 1 [436d2bb9], stack [main]])
  Number of target states:       0

Time for analysis setup:          6.120s
  Time for loading CPAs:          0.877s
  Time for loading parser:        0.591s
  Time for CFA construction:      4.246s
    Time for parsing file(s):     0.658s
    Time for AST to CFA:          1.405s
    Time for CFA sanity check:    1.087s
    Time for post-processing:     1.108s
      Time for var class.:        0.527s
Time for Analysis:               68.970s
CPU time for analysis:           68.950s
Time for analyzing result:        0.201s
Total time for CPAchecker:       75.093s
Total CPU time for CPAchecker:   75.060s
Time for statistics:              2.330s

Time for Garbage Collector:       6.474s (in 136 runs)
Garbage Collector(s) used:    Copy, MarkSweepCompact
Used heap memory:                368MB (   351 MiB) max;    176MB (   168 MiB) avg;    400MB (   382 MiB) peak
Used non-heap memory:             40MB (    38 MiB) max;     33MB (    32 MiB) avg;     40MB (    38 MiB) peak
Allocated heap memory:           420MB (   400 MiB) max;    267MB (   255 MiB) avg
Allocated non-heap memory:        41MB (    39 MiB) max;     39MB (    37 MiB) avg
Total process virtual memory:   8238MB (  7856 MiB) max;   8174MB (  7795 MiB) avg

Verification result: TRUE. No property violation found by chosen configuration.
More details about the verification run can be found in the directory "./output".
