scripts/cpa.sh -Dy-MySearchStrategy-PredAbs-ABElf -heap 5600000000 -timelimit 30 -preprocess -stats -noout -setprop cpa.predicate.memoryAllocationsAlwaysSucceed=true -spec ../sv-benchmarks/c/ReachSafety.prp ../sv-benchmarks/c/ldv-commit-tester/m0_true-unreach-call_drivers-media-video-cx88-cx88-blackbird-ko--32_7a--d47b389-1.c


--------------------------------------------------------------------------------


Running CPAchecker with Java heap of size 5600000000.
Running CPAchecker with default stack size (1024k). Specify a larger value with -stack if needed.
Running CPAchecker with the following extra VM options:  -Djava.io.tmpdir=/tmp/BenchExec_run_xluougzs/tmp
Using the following resource limits: CPU-time limit of 30s (ResourceLimitChecker.fromConfiguration, INFO)

CPAchecker (unknown version) (OpenJDK 64-Bit Server VM 1.8.0_151) started (CPAchecker.run, INFO)

line 7266: Dead code detected: return (ldv_func_res); (CFACreationUtils.addEdgeToCFA, INFO)

Inline assembler ignored, analysis is probably unsound! (CFABuilder.createCFA, WARNING)

line 6399: Function pointer *(core->gate_ctrl) with type void (*)(struct cx88_core *, int) is called, but no possible target functions were found. (CFunctionPointerResolver.replaceFunctionPointerCall, WARNING)

line 6383: Function pointer *(__sd->ops->tuner->g_frequency) with type int (*)(struct v4l2_subdev *, struct v4l2_frequency *) is called, but no possible target functions were found. (CFunctionPointerResolver.replaceFunctionPointerCall, WARNING)

line 6373: Function pointer *(core->gate_ctrl) with type void (*)(struct cx88_core *, int) is called, but no possible target functions were found. (CFunctionPointerResolver.replaceFunctionPointerCall, WARNING)

line 6279: Function pointer *(core->gate_ctrl) with type void (*)(struct cx88_core *, int) is called, but no possible target functions were found. (CFunctionPointerResolver.replaceFunctionPointerCall, WARNING)

line 6263: Function pointer *(__sd->ops->core->log_status) with type int (*)(struct v4l2_subdev *) is called, but no possible target functions were found. (CFunctionPointerResolver.replaceFunctionPointerCall, WARNING)

line 6254: Function pointer *(core->gate_ctrl) with type void (*)(struct cx88_core *, int) is called, but no possible target functions were found. (CFunctionPointerResolver.replaceFunctionPointerCall, WARNING)

MathSAT5 is available for research and evaluation purposes only. It can not be used in a commercial environment, particularly as part of a commercial product, without written permission. MathSAT5 is provided as is, without any warranty. Please write to mathsat@fbk.eu for additional questions regarding licensing MathSAT5 or obtaining more up-to-date versions. (PredicateCPA:JavaSMT:Mathsat5SolverContext.<init>, WARNING)

Using predicate analysis with MathSAT5 version 5.3.14 (0b98b661254c) (Nov 17 2016 10:59:45, gmp 5.1.3, gcc 4.8.5, 64-bit) and JFactory 1.21. (PredicateCPA:PredicateCPA.<init>, INFO)

Using refinement for predicate analysis with PredicateAbstractionRefinementStrategy strategy. (PredicateCPA:PredicateCPARefiner.<init>, INFO)

Starting analysis ... (CPAchecker.runAlgorithm, INFO)

Assuming external function ldv_handler_precall to be a constant function. (PredicateCPA:ExpressionToFormulaVisitor.visit, INFO)

Assuming external function cx8802_register_driver to be a pure function. (PredicateCPA:ExpressionToFormulaVisitor.visit, INFO)

Assuming external function cx88_free_buffer to be a pure function. (PredicateCPA:ExpressionToFormulaVisitor.visit, INFO)

Assuming external function cx8802_unregister_driver to be a pure function. (PredicateCPA:ExpressionToFormulaVisitor.visit, INFO)

Assuming external function cx8802_buf_queue to be a pure function. (PredicateCPA:ExpressionToFormulaVisitor.visit, INFO)

Assuming external function strlcpy to be a pure function. (PredicateCPA:ExpressionToFormulaVisitor.visit, INFO)

Assuming external function mutex_lock to be a pure function. (PredicateCPA:ExpressionToFormulaVisitor.visit, INFO)

Assuming external function cx88_set_tvnorm to be a pure function. (PredicateCPA:ExpressionToFormulaVisitor.visit, INFO)

Assuming external function mutex_unlock to be a pure function. (PredicateCPA:ExpressionToFormulaVisitor.visit, INFO)

Assuming external function cx88_newstation to be a pure function. (PredicateCPA:ExpressionToFormulaVisitor.visit, INFO)

Assuming external function cx88_video_mux to be a pure function. (PredicateCPA:ExpressionToFormulaVisitor.visit, INFO)

Assuming external function cx88_set_stereo to be a pure function. (PredicateCPA:ExpressionToFormulaVisitor.visit, INFO)

Assuming external function video_device_release to be a pure function. (PredicateCPA:ExpressionToFormulaVisitor.visit, INFO)

Assuming external function video_unregister_device to be a pure function. (PredicateCPA:ExpressionToFormulaVisitor.visit, INFO)

Assuming external function v4l2_ctrl_next to be a pure function. (PredicateCPA:ExpressionToFormulaVisitor.visit, INFO)

Assuming external function cx8800_ctrl_query to be a pure function. (PredicateCPA:ExpressionToFormulaVisitor.visit, INFO)

Assuming external function cx2341x_ctrl_query to be a pure function. (PredicateCPA:ExpressionToFormulaVisitor.visit, INFO)

Assuming external function strcpy to be a pure function. (PredicateCPA:ExpressionToFormulaVisitor.visit, INFO)

Assuming external function cx88_set_scale to be a pure function. (PredicateCPA:ExpressionToFormulaVisitor.visit, INFO)

line 6079: Ignoring parameters passed as varargs to function blackbird_api_cmd: blackbird_api_cmd(dev, 145U, 2U, 0U, f->fmt.pix.height, f->fmt.pix.width) (PredicateCPA:CtoFormulaConverter.makeFunctionCall, WARNING)

Assuming external function cx88_set_freq to be a pure function. (PredicateCPA:ExpressionToFormulaVisitor.visit, INFO)

line 5890: Ignoring parameters passed as varargs to function blackbird_api_cmd: blackbird_api_cmd(dev, 130U, 3U, 0U, 1, 0, 0) (PredicateCPA:CtoFormulaConverter.makeFunctionCall, WARNING)

Assuming external function cx2341x_ext_ctrls to be a pure function. (PredicateCPA:ExpressionToFormulaVisitor.visit, INFO)

Assuming external function cx2341x_update to be a pure function. (PredicateCPA:ExpressionToFormulaVisitor.visit, INFO)

Assuming external function cx88_get_stereo to be a pure function. (PredicateCPA:ExpressionToFormulaVisitor.visit, INFO)

Assuming external function cx8802_cancel_buffers to be a pure function. (PredicateCPA:ExpressionToFormulaVisitor.visit, INFO)

Assuming external function videobuf_stop to be a pure function. (PredicateCPA:ExpressionToFormulaVisitor.visit, INFO)

Assuming external function videobuf_mmap_free to be a pure function. (PredicateCPA:ExpressionToFormulaVisitor.visit, INFO)

Assuming external function __builtin_va_start to be a pure function. (PredicateCPA:ExpressionToFormulaVisitor.visit, INFO)

Cannot get declaration of function __builtin_va_start, ignoring calls to it. (PredicateCPA:ExpressionToFormulaVisitor.visit, WARNING)

Assuming external function ldv__builtin_va_arg to be a pure function. (PredicateCPA:ExpressionToFormulaVisitor.visit, INFO)

Assuming external function __const_udelay to be a pure function. (PredicateCPA:ExpressionToFormulaVisitor.visit, INFO)

Assuming external function cx2341x_fill_defaults to be a pure function. (PredicateCPA:ExpressionToFormulaVisitor.visit, INFO)

Assuming external function msleep to be a pure function. (PredicateCPA:ExpressionToFormulaVisitor.visit, INFO)

line 5878: Ignoring parameters passed as varargs to function blackbird_api_cmd: blackbird_api_cmd(dev, 211U, 0U, 0U) (PredicateCPA:CtoFormulaConverter.makeFunctionCall, WARNING)

Assuming external function snprintf to be a pure function. (PredicateCPA:ExpressionToFormulaVisitor.visit, INFO)

line 6254: Ignoring function call through function pointer *(core->gate_ctrl): (*(core->gate_ctrl))(core, 1); (PredicateCPA:ExpressionToFormulaVisitor.visit, WARNING)

Assuming external function cx2341x_log_status to be a pure function. (PredicateCPA:ExpressionToFormulaVisitor.visit, INFO)

line 6270: Return type of function __builtin_prefetch is void, but result is used as type int: __builtin_prefetch((const void *)(__sd->list.next)); (PredicateCPA:CtoFormulaConverter.getReturnType, WARNING)

Assuming external function __builtin_prefetch to be a pure function. (PredicateCPA:ExpressionToFormulaVisitor.visit, INFO)

line 6279: Ignoring function call through function pointer *(core->gate_ctrl): (*(core->gate_ctrl))(core, 0); (PredicateCPA:ExpressionToFormulaVisitor.visit, WARNING)

line 6263: Ignoring function call through function pointer *(__sd->ops->core->log_status): (*(__sd->ops->core->log_status))(__sd); (PredicateCPA:ExpressionToFormulaVisitor.visit, WARNING)

line 6373: Ignoring function call through function pointer *(core->gate_ctrl): (*(core->gate_ctrl))(core, 1); (PredicateCPA:ExpressionToFormulaVisitor.visit, WARNING)

line 6390: Return type of function __builtin_prefetch is void, but result is used as type int: __builtin_prefetch((const void *)(__sd->list.next)); (PredicateCPA:CtoFormulaConverter.getReturnType, WARNING)

line 6399: Ignoring function call through function pointer *(core->gate_ctrl): (*(core->gate_ctrl))(core, 0); (PredicateCPA:ExpressionToFormulaVisitor.visit, WARNING)

line 6383: Ignoring function call through function pointer *(__sd->ops->tuner->g_frequency): (*(__sd->ops->tuner->g_frequency))(__sd, f); (PredicateCPA:ExpressionToFormulaVisitor.visit, WARNING)

line 5788: Ignoring parameters passed as varargs to function blackbird_api_cmd: blackbird_api_cmd(dev, 128U, 0U, 0U) (PredicateCPA:CtoFormulaConverter.makeFunctionCall, WARNING)

Assuming external function video_devdata to be a pure function. (PredicateCPA:ExpressionToFormulaVisitor.visit, INFO)

Assuming external function dev_get_drvdata to be a pure function. (PredicateCPA:ExpressionToFormulaVisitor.visit, INFO)

Assuming external function cx8802_get_driver to be a pure function. (PredicateCPA:ExpressionToFormulaVisitor.visit, INFO)

Assuming external function ldv_check_return_value to be a pure function. (PredicateCPA:ExpressionToFormulaVisitor.visit, INFO)

Assuming external function videobuf_queue_sg_init to be a pure function. (PredicateCPA:ExpressionToFormulaVisitor.visit, INFO)

Assuming external function msecs_to_jiffies to be a pure function. (PredicateCPA:ExpressionToFormulaVisitor.visit, INFO)

line 5579: Return type of function __builtin_va_end is void, but result is used as type int: __builtin_va_end((__va_list_tag *)(&vargs)); (PredicateCPA:CtoFormulaConverter.getReturnType, WARNING)

Assuming external function __builtin_va_end to be a pure function. (PredicateCPA:ExpressionToFormulaVisitor.visit, INFO)

line 5765: Ignoring parameters passed as varargs to function blackbird_api_cmd: blackbird_api_cmd(dev, 145U, 2U, 0U, dev->height, dev->width) (PredicateCPA:CtoFormulaConverter.makeFunctionCall, WARNING)

line 5832: Ignoring parameters passed as varargs to function blackbird_api_cmd: blackbird_api_cmd(dev, 214U, 2U, 0U, 240, 240) (PredicateCPA:CtoFormulaConverter.makeFunctionCall, WARNING)

line 5833: Ignoring parameters passed as varargs to function blackbird_api_cmd: blackbird_api_cmd(dev, 215U, 12U, 0U, 0, 0, 0, 0, 0, 0, 0, 0, 0, 0, 0, 0) (PredicateCPA:CtoFormulaConverter.makeFunctionCall, WARNING)

Shutdown requested (The CPU-time limit of 30s has elapsed.), waiting for termination. (ForceTerminationOnShutdown$1.shutdownRequested, WARNING)

Warning: Analysis interrupted (The CPU-time limit of 30s has elapsed.) (ShutdownNotifier.shutdownIfNecessary, WARNING)

PredicateCPA statistics
-----------------------
Number of abstractions:            19500 (23% of all post computations)
  Times abstraction was reused:    0
  Because of function entry/exit:  17456 (90%)
  Because of loop head:            1907 (10%)
  Because of join nodes:           0 (0%)
  Because of threshold:            0 (0%)
  Because of target state:         137 (1%)
  Times precision was empty:       6179 (32%)
  Times precision was {false}:     687 (4%)
  Times result was cached:         12023 (62%)
  Times cartesian abs was used:    0 (0%)
  Times boolean abs was used:      611 (3%)
  Times result was 'false':        479 (2%)
Number of strengthen sat checks:   0
Number of coverage checks:         5543
  BDD entailment checks:           2031
Number of SMT sat checks:          0
  trivial:                         0
  cached:                          0

Max ABE block size:                       49
Number of predicates discovered:          7
Number of abstraction locations:          121
Max number of predicates per location:    6
Avg number of predicates per location:    2
Total predicates per abstraction:         18839
Max number of predicates per abstraction: 6
Avg number of predicates per abstraction: 14.51
Number of irrelevant predicates:          9939 (53%)
Number of preds handled by boolean abs:   948 (5%)
  Total number of models for allsat:      616
  Max number of models for allsat:        2
  Avg number of models for allsat:        1.01

Time for post operator:                  4.816s
  Time for path formula creation:        4.690s
Time for strengthen operator:            0.230s
Time for prec operator:                  9.467s
  Time for abstraction:                  8.823s (Max:     0.051s, Count: 19500)
    Boolean abstraction:                 1.780s
    Solving time:                        3.982s (Max:     0.042s)
    Model enumeration time:              0.121s
    Time for BDD construction:           0.098s (Max:     0.012s)
Time for merge operator:                 0.131s
Time for coverage check:                 0.036s
  Time for BDD entailment checks:        0.025s
Total time for SMT solver (w/o itp):     4.103s

Number of path formula cache hits:   76424 (76%)

Inside post operator:                  
  Inside path formula creation:        
    Time for path formula computation:     4.102s

Total number of created targets for pointer analysis: 18903
   Number of created targets for uf: *(struct_cx8802_dev)* is 7
   Number of created targets for uf: *signed_int is 32
   Number of created targets for uf: *unsigned_int is 1609


Number of BDD nodes:                               261
Size of BDD node table:                            270749
Size of BDD cache:                                 27073
Size of BDD node cleanup queue:                        1285 (count: 15410, min: 0, max: 182, avg: 0.08)
Time for BDD node cleanup:                             0.034s
Time for BDD garbage collection:                       0.000s (in 0 runs)

PrecisionBootstrap statistics
-----------------------------
Init. function predicates:                         0
Init. global predicates:                           0
Init. location predicates:                         0

Invariant Generation statistics
-------------------------------

AutomatonAnalysis (SVCOMP) statistics
-------------------------------------
Number of states:                                  1
Total time for successor computation:                  0.478s
Automaton transfers with branching:                0
Automaton transfer successors:                        84589 (count: 84589, min: 1, max: 1, avg: 1.00) [1 x 84589]

CPA algorithm statistics
------------------------
Number of iterations:            57174
Max size of waitlist:            45
Average size of waitlist:        32
Number of computed successors:   61758
Max successors for one state:    2
Number of times merged:          1756
Number of times stopped:         3232
Number of times breaked:         137

Total time for CPA algorithm:        20.052s (Max:     2.451s)
  Time for choose from waitlist:      0.127s
  Time for precision adjustment:     10.630s
  Time for transfer relation:         7.687s
  Time for merge operator:            0.301s
  Time for stop operator:             0.175s
  Time for adding to reached set:     0.349s

Predicate-Abstraction Refiner statistics
----------------------------------------
Number of predicate refinements:                   137
Avg. length of target path (in blocks):                5175 (count: 137, min: 7, max: 438, avg: 37.77)
Number of infeasible sliced prefixes:                     0 (count: 0, min: 0, max: 0, avg: 0.00)

Time for refinement:                                   4.070s
  Counterexample analysis:                             3.380s (Max:     0.476s, Calls: 137)
    Refinement sat check:                              1.926s
    Interpolant computation:                           0.000s
  Path-formulas extraction:                            0.013s
  Error path post-processing:                          0.000s
  Predicate creation:                                  0.103s
  Precision update:                                    0.166s
  ARG update:                                          0.263s

Length of refined path (in blocks):                    4796 (count: 136, min: 6, max: 437, avg: 35.26)
Number of affected states:                             3262 (count: 136, min: 4, max: 424, avg: 23.99)
Length (states) of path with itp 'true':               1398 (count: 136, min: 0, max: 24, avg: 10.28)
Length (states) of path with itp non-trivial itp:      3262 (count: 136, min: 4, max: 424, avg: 23.99)
Length (states) of path with itp 'false':               136 (count: 136, min: 1, max: 1, avg: 1.00)
Different non-trivial interpolants along paths:           0 (count: 136, min: 0, max: 0, avg: 0.00)
Equal non-trivial interpolants along paths:            3126 (count: 136, min: 3, max: 423, avg: 22.99)
Number of refs with location-based cutoff:                0

CEGAR algorithm statistics
--------------------------
Number of refinements:                137
Number of successful refinements:     136
Number of failed refinements:         0
Max. size of reached set before ref.: 6000
Max. size of reached set after ref.:  1120
Avg. size of reached set before ref.: 990.23
Avg. size of reached set after ref.:  570.68

Total time for CEGAR algorithm:      24.505s
Time for refinements:                 4.380s
Average time for refinement:          0.031s
Max time for refinement:              0.507s

Code Coverage
-----------------------------
  Function coverage:      0.690
  Visited lines:          1856
  Total lines:            2295
  Line coverage:          0.809
  Visited conditions:     260
  Total conditions:       390
  Condition coverage:     0.667

CPAchecker general statistics
-----------------------------
Number of program locations:     3074
Number of CFA edges:             3389
Number of relevant variables:    306
Number of functions:             129
Number of loops:                 14
Size of reached set:             5456
  Number of reached locations:   981 (32%)
    Avg states per location:     5
    Max states per location:     343 (at node N84)
  Number of reached functions:   89 (69%)
  Number of partitions:          5436
    Avg size of partitions:      1
    Max size of partitions:      3 (with key [N1237 (before line 6565), Function mpeg_open called from node N1598, stack depth 2 [5d121316], stack [main, mpeg_open]])
  Number of target states:       1
  Size of final wait list        31

Time for analysis setup:          5.292s
  Time for loading CPAs:          0.937s
  Time for loading parser:        0.633s
  Time for CFA construction:      3.580s
    Time for parsing file(s):     0.991s
    Time for AST to CFA:          1.287s
    Time for CFA sanity check:    0.224s
    Time for post-processing:     0.852s
      Time for var class.:        0.404s
Time for Analysis:               24.505s
CPU time for analysis:           24.500s
Total time for CPAchecker:       29.802s
Total CPU time for CPAchecker:   29.790s
Time for statistics:              0.169s

Time for Garbage Collector:       0.517s (in 37 runs)
Garbage Collector(s) used:    Copy, MarkSweepCompact
Used heap memory:                 77MB (    73 MiB) max;     49MB (    47 MiB) avg;     80MB (    76 MiB) peak
Used non-heap memory:             40MB (    38 MiB) max;     35MB (    33 MiB) avg;     41MB (    39 MiB) peak
Allocated heap memory:           127MB (   121 MiB) max;    127MB (   121 MiB) avg
Allocated non-heap memory:        42MB (    40 MiB) max;     37MB (    35 MiB) avg
Total process virtual memory:   8086MB (  7712 MiB) max;   8073MB (  7699 MiB) avg

Verification result: UNKNOWN, incomplete analysis.
More details about the verification run can be found in the directory "./output".
