scripts/cpa.sh -Dy-MySearchStrategy-PredAbs-ABEl -heap 5600000000 -timelimit 900 -preprocess -stats -noout -setprop cpa.predicate.memoryAllocationsAlwaysSucceed=true -spec ../sv-benchmarks/c/ReachSafety.prp ../sv-benchmarks/c/array-industry-pattern/array_ptr_single_elem_init_true-unreach-call.i


--------------------------------------------------------------------------------


Running CPAchecker with Java heap of size 5600000000.
Running CPAchecker with default stack size (1024k). Specify a larger value with -stack if needed.
Running CPAchecker with the following extra VM options:  -Djava.io.tmpdir=/tmp/BenchExec_run_41amiqs6/tmp
Using the following resource limits: CPU-time limit of 900s (ResourceLimitChecker.fromConfiguration, INFO)

CPAchecker (unknown version) (OpenJDK 64-Bit Server VM 1.8.0_162) started (CPAchecker.run, INFO)

MathSAT5 is available for research and evaluation purposes only. It can not be used in a commercial environment, particularly as part of a commercial product, without written permission. MathSAT5 is provided as is, without any warranty. Please write to mathsat@fbk.eu for additional questions regarding licensing MathSAT5 or obtaining more up-to-date versions. (PredicateCPA:JavaSMT:Mathsat5SolverContext.<init>, WARNING)

Using predicate analysis with MathSAT5 version 5.3.14 (0b98b661254c) (Nov 17 2016 10:59:45, gmp 5.1.3, gcc 4.8.5, 64-bit) and JFactory 1.21. (PredicateCPA:PredicateCPA.<init>, INFO)

Using refinement for predicate analysis with PredicateAbstractionRefinementStrategy strategy. (PredicateCPA:PredicateCPARefiner.<init>, INFO)

Starting analysis ... (CPAchecker.runAlgorithm, INFO)

Shutdown requested (The CPU-time limit of 900s has elapsed.), waiting for termination. (ForceTerminationOnShutdown$1.shutdownRequested, WARNING)

Warning: Analysis interrupted (The CPU-time limit of 900s has elapsed.) (ShutdownNotifier.shutdownIfNecessary, WARNING)

PredicateCPA statistics
-----------------------
Number of abstractions:            22050 (8% of all post computations)
  Times abstraction was reused:    0
  Because of function entry/exit:  0 (0%)
  Because of loop head:            21903 (99%)
  Because of join nodes:           0 (0%)
  Because of threshold:            0 (0%)
  Because of target state:         147 (1%)
  Times precision was empty:       150 (1%)
  Times precision was {false}:     10877 (49%)
  Times result was cached:         0 (0%)
  Times cartesian abs was used:    0 (0%)
  Times boolean abs was used:      11023 (50%)
  Times result was 'false':        10731 (49%)
Number of strengthen sat checks:   0
Number of coverage checks:         606130
  BDD entailment checks:           540274
Number of SMT sat checks:          0
  trivial:                         0
  cached:                          0

Max ABE block size:                       12
Number of predicates discovered:          148
Number of abstraction locations:          2
Max number of predicates per location:    147
Avg number of predicates per location:    74
Total predicates per abstraction:         1091420
Max number of predicates per abstraction: 147
Avg number of predicates per abstraction: 49.84
Number of irrelevant predicates:          10877 (1%)
Number of preds handled by boolean abs:   1080543 (99%)
  Total number of models for allsat:      11025
  Max number of models for allsat:        2
  Avg number of models for allsat:        1.00

Time for post operator:                  4.238s
  Time for path formula creation:        4.127s
Time for strengthen operator:            0.252s
Time for prec operator:                678.267s
  Time for abstraction:                677.483s (Max:     0.642s, Count: 22050)
    Boolean abstraction:               525.776s
    Solving time:                      537.290s (Max:     0.336s)
    Model enumeration time:             20.664s
    Time for BDD construction:           9.407s (Max:     0.493s)
Time for merge operator:                 1.082s
Time for coverage check:                 4.064s
  Time for BDD entailment checks:        3.975s
Total time for SMT solver (w/o itp):   557.954s

Number of path formula cache hits:   300760 (98%)

Inside post operator:                  
  Inside path formula creation:        
    Time for path formula computation:     2.155s

Total number of created targets for pointer analysis: 59829
   Number of created targets for uf: *(signed_int)* is 10879
   Number of created targets for uf: *signed_int is 32341
   Number of created targets for uf: *(struct_S)* is 2794


Number of BDD nodes:                               581288
Size of BDD node table:                            620671
Size of BDD cache:                                 62071
Size of BDD node cleanup queue:                     2744136 (count: 1762953, min: 0, max: 12730, avg: 1.56)
Time for BDD node cleanup:                             0.757s
Time for BDD garbage collection:                       0.200s (in 9 runs)

PrecisionBootstrap statistics
-----------------------------
Init. function predicates:                         0
Init. global predicates:                           0
Init. location predicates:                         0

Invariant Generation statistics
-------------------------------

AutomatonAnalysis (SVCOMP) statistics
-------------------------------------
Number of states:                                  1
Total time for successor computation:                  0.428s
Automaton transfers with branching:                0
Automaton transfer successors:                       263583 (count: 263583, min: 1, max: 1, avg: 1.00) [1 x 263583]

CPA algorithm statistics
------------------------
Number of iterations:            165083
Max size of waitlist:            4
Average size of waitlist:        1
Number of computed successors:   209183
Max successors for one state:    2
Number of times merged:          32928
Number of times stopped:         33075
Number of times breaked:         147

Total time for CPA algorithm:       693.993s (Max:    16.876s)
  Time for choose from waitlist:      0.119s
  Time for precision adjustment:    679.540s
  Time for transfer relation:         6.953s
  Time for merge operator:            1.869s
  Time for stop operator:             4.527s
  Time for adding to reached set:     0.261s

Predicate-Abstraction Refiner statistics
----------------------------------------
Number of predicate refinements:                   147
Avg. length of target path (in blocks):               11172 (count: 147, min: 3, max: 149, avg: 76.00)
Number of infeasible sliced prefixes:                     0 (count: 0, min: 0, max: 0, avg: 0.00)

Time for refinement:                                 204.260s
  Counterexample analysis:                           203.513s (Max:     5.012s, Calls: 147)
    Refinement sat check:                            159.741s
    Interpolant computation:                           0.000s
  Path-formulas extraction:                            0.017s
  Error path post-processing:                          0.000s
  Predicate creation:                                  0.186s
  Precision update:                                    0.052s
  ARG update:                                          0.323s

Length of refined path (in blocks):                   10877 (count: 146, min: 2, max: 147, avg: 74.50)
Number of affected states:                            10731 (count: 146, min: 1, max: 146, avg: 73.50)
Length (states) of path with itp 'true':                  0 (count: 146, min: 0, max: 0, avg: 0.00)
Length (states) of path with itp non-trivial itp:     10731 (count: 146, min: 1, max: 146, avg: 73.50)
Length (states) of path with itp 'false':               146 (count: 146, min: 1, max: 1, avg: 1.00)
Different non-trivial interpolants along paths:       10585 (count: 146, min: 0, max: 145, avg: 72.50)
Equal non-trivial interpolants along paths:               0 (count: 146, min: 0, max: 0, avg: 0.00)
Number of refs with location-based cutoff:                0

CEGAR algorithm statistics
--------------------------
Number of refinements:                147
Number of successful refinements:     146
Number of failed refinements:         0
Max. size of reached set before ref.: 2223
Max. size of reached set after ref.:  3
Avg. size of reached set before ref.: 1128.00
Avg. size of reached set after ref.:  3.00

Total time for CEGAR algorithm:     898.984s
Time for refinements:               204.985s
Average time for refinement:          1.394s
Max time for refinement:              5.034s

Code Coverage
-----------------------------
  Function coverage:      1.000
  Visited lines:          22
  Total lines:            22
  Line coverage:          1.000
  Visited conditions:     18
  Total conditions:       18
  Condition coverage:     1.000

CPAchecker general statistics
-----------------------------
Number of program locations:     51
Number of CFA edges:             59
Number of relevant variables:    8
Number of functions:             2
Number of loops:                 2
Size of reached set:             2223
  Number of reached locations:   33 (65%)
    Avg states per location:     67
    Max states per location:     147 (at node N12)
  Number of reached functions:   2 (100%)
  Number of partitions:          2077
    Avg size of partitions:      1
    Max size of partitions:      147 (with key [N12 (before line 15), Function main called from node N8, stack depth 1 [71ba6d4e], stack [main]])
  Number of target states:       1
  Size of final wait list        3

Time for analysis setup:          1.674s
  Time for loading CPAs:          0.527s
  Time for loading parser:        0.444s
  Time for CFA construction:      0.612s
    Time for parsing file(s):     0.254s
    Time for AST to CFA:          0.164s
    Time for CFA sanity check:    0.011s
    Time for post-processing:     0.081s
      Time for var class.:        0.029s
Time for Analysis:              898.984s
CPU time for analysis:          898.950s
Total time for CPAchecker:      900.662s
Total CPU time for CPAchecker:  900.620s
Time for statistics:              0.138s

Time for Garbage Collector:       7.746s (in 640 runs)
Garbage Collector(s) used:    Copy, MarkSweepCompact
Used heap memory:                229MB (   218 MiB) max;    118MB (   113 MiB) avg;    260MB (   248 MiB) peak
Used non-heap memory:             36MB (    34 MiB) max;     35MB (    34 MiB) avg;     37MB (    35 MiB) peak
Allocated heap memory:           302MB (   288 MiB) max;    185MB (   177 MiB) avg
Allocated non-heap memory:        38MB (    37 MiB) max;     38MB (    36 MiB) avg
Total process virtual memory:  12927MB ( 12328 MiB) max;  10311MB (  9833 MiB) avg

Verification result: UNKNOWN, incomplete analysis.
More details about the verification run can be found in the directory "./output".
