scripts/cpa.sh -Dy-MySearchStrategy-PredAbs-ABElf -heap 5600000000 -timelimit 900 -preprocess -stats -noout -setprop cpa.predicate.memoryAllocationsAlwaysSucceed=true -spec ../sv-benchmarks/c/ReachSafety.prp ../sv-benchmarks/c/loops/sum_array_true-unreach-call.i


--------------------------------------------------------------------------------


Running CPAchecker with Java heap of size 5600000000.
Running CPAchecker with default stack size (1024k). Specify a larger value with -stack if needed.
Running CPAchecker with the following extra VM options:  -Djava.io.tmpdir=/tmp/BenchExec_run_i7uv5zah/tmp
Using the following resource limits: CPU-time limit of 900s (ResourceLimitChecker.fromConfiguration, INFO)

CPAchecker (unknown version) (OpenJDK 64-Bit Server VM 1.8.0_151) started (CPAchecker.run, INFO)

MathSAT5 is available for research and evaluation purposes only. It can not be used in a commercial environment, particularly as part of a commercial product, without written permission. MathSAT5 is provided as is, without any warranty. Please write to mathsat@fbk.eu for additional questions regarding licensing MathSAT5 or obtaining more up-to-date versions. (PredicateCPA:JavaSMT:Mathsat5SolverContext.<init>, WARNING)

Using predicate analysis with MathSAT5 version 5.3.14 (0b98b661254c) (Nov 17 2016 10:59:45, gmp 5.1.3, gcc 4.8.5, 64-bit) and JFactory 1.21. (PredicateCPA:PredicateCPA.<init>, INFO)

Using refinement for predicate analysis with PredicateAbstractionRefinementStrategy strategy. (PredicateCPA:PredicateCPARefiner.<init>, INFO)

Starting analysis ... (CPAchecker.runAlgorithm, INFO)

Shutdown requested (The CPU-time limit of 900s has elapsed.), waiting for termination. (ForceTerminationOnShutdown$1.shutdownRequested, WARNING)

Warning: Analysis interrupted (The CPU-time limit of 900s has elapsed.) (ShutdownNotifier.shutdownIfNecessary, WARNING)

PredicateCPA statistics
-----------------------
Number of abstractions:            2653 (26% of all post computations)
  Times abstraction was reused:    0
  Because of function entry/exit:  552 (21%)
  Because of loop head:            1849 (70%)
  Because of join nodes:           0 (0%)
  Because of threshold:            0 (0%)
  Because of target state:         252 (9%)
  Times precision was empty:       13 (0%)
  Times precision was {false}:     189 (7%)
  Times result was cached:         452 (17%)
  Times cartesian abs was used:    0 (0%)
  Times boolean abs was used:      1999 (75%)
  Times result was 'false':        918 (35%)
Number of strengthen sat checks:   0
Number of coverage checks:         21368
  BDD entailment checks:           21368
Number of SMT sat checks:          0
  trivial:                         0
  cached:                          0

Max ABE block size:                       7
Number of predicates discovered:          78
Number of abstraction locations:          7
Max number of predicates per location:    44
Avg number of predicates per location:    30
Total predicates per abstraction:         62973
Max number of predicates per abstraction: 44
Avg number of predicates per abstraction: 28.78
Number of irrelevant predicates:          5705 (9%)
Number of preds handled by boolean abs:   46142 (73%)
  Total number of models for allsat:      178782
  Max number of models for allsat:        13122
  Avg number of models for allsat:        89.44

Time for post operator:                  0.623s
  Time for path formula creation:        0.603s
Time for strengthen operator:            0.023s
Time for prec operator:                892.461s
  Time for abstraction:                892.371s (Max:    75.611s, Count: 2653)
    Boolean abstraction:               886.459s
    Solving time:                       13.436s (Max:     0.059s)
    Model enumeration time:            860.592s
    Time for BDD construction:          11.343s (Max:     0.842s)
Time for merge operator:                 0.000s
Time for coverage check:                 0.080s
  Time for BDD entailment checks:        0.077s
Total time for SMT solver (w/o itp):   874.028s

Number of path formula cache hits:   10066 (86%)

Inside post operator:                  
  Inside path formula creation:        
    Time for path formula computation:     0.572s

Total number of created targets for pointer analysis: 6300
   Number of created targets for uf: *signed_int is 1081


Number of BDD nodes:                               91589
Size of BDD node table:                            270749
Size of BDD cache:                                 27073
Size of BDD node cleanup queue:                       79400 (count: 64750, min: 0, max: 2971, avg: 1.23)
Time for BDD node cleanup:                             0.019s
Time for BDD garbage collection:                       0.119s (in 42 runs)

PrecisionBootstrap statistics
-----------------------------
Init. function predicates:                         0
Init. global predicates:                           0
Init. location predicates:                         0

Invariant Generation statistics
-------------------------------

AutomatonAnalysis (SVCOMP) statistics
-------------------------------------
Number of states:                                  1
Total time for successor computation:                  0.078s
Automaton transfers with branching:                0
Automaton transfer successors:                        10365 (count: 10365, min: 1, max: 1, avg: 1.00) [1 x 10365]

CPA algorithm statistics
------------------------
Number of iterations:            8928
Max size of waitlist:            11
Average size of waitlist:        4
Number of computed successors:   9978
Max successors for one state:    2
Number of times merged:          0
Number of times stopped:         101
Number of times breaked:         23

Total time for CPA algorithm:       893.867s (Max:   540.065s)
  Time for choose from waitlist:      0.011s
  Time for precision adjustment:    892.588s
  Time for transfer relation:         0.985s
  Time for merge operator:            0.034s
  Time for stop operator:             0.137s
  Time for adding to reached set:     0.049s

Predicate-Abstraction Refiner statistics
----------------------------------------
Number of predicate refinements:                   23
Avg. length of target path (in blocks):                 671 (count: 23, min: 6, max: 54, avg: 29.17)
Number of infeasible sliced prefixes:                     0 (count: 0, min: 0, max: 0, avg: 0.00)

Time for refinement:                                   4.799s
  Counterexample analysis:                             4.709s (Max:     1.187s, Calls: 23)
    Refinement sat check:                              4.256s
    Interpolant computation:                           0.000s
  Path-formulas extraction:                            0.000s
  Error path post-processing:                          0.000s
  Predicate creation:                                  0.030s
  Precision update:                                    0.008s
  ARG update:                                          0.043s

Length of refined path (in blocks):                     565 (count: 23, min: 4, max: 53, avg: 24.57)
Number of affected states:                              457 (count: 23, min: 3, max: 52, avg: 19.87)
Length (states) of path with itp 'true':                 85 (count: 23, min: 0, max: 18, avg: 3.70)
Length (states) of path with itp non-trivial itp:       457 (count: 23, min: 3, max: 52, avg: 19.87)
Length (states) of path with itp 'false':                15 (count: 23, min: 0, max: 1, avg: 0.65)
Different non-trivial interpolants along paths:         223 (count: 23, min: 2, max: 18, avg: 9.70)
Equal non-trivial interpolants along paths:             211 (count: 23, min: 0, max: 33, avg: 9.17)
Number of refs with location-based cutoff:                0

CEGAR algorithm statistics
--------------------------
Number of refinements:                23
Number of successful refinements:     23
Number of failed refinements:         0
Max. size of reached set before ref.: 1188
Max. size of reached set after ref.:  1037
Avg. size of reached set before ref.: 510.43
Avg. size of reached set after ref.:  158.22

Total time for CEGAR algorithm:     898.719s
Time for refinements:                 4.850s
Average time for refinement:          0.210s
Max time for refinement:              1.203s

Code Coverage
-----------------------------
  Function coverage:      1.000
  Visited lines:          13
  Total lines:            16
  Line coverage:          0.813
  Visited conditions:     12
  Total conditions:       14
  Condition coverage:     0.857

CPAchecker general statistics
-----------------------------
Number of program locations:     51
Number of CFA edges:             57
Number of relevant variables:    8
Number of functions:             2
Number of loops:                 4
Size of reached set:             858
  Number of reached locations:   29 (57%)
    Avg states per location:     29
    Max states per location:     73 (at node N8)
  Number of reached functions:   2 (100%)
  Number of partitions:          742
    Avg size of partitions:      1
    Max size of partitions:      54 (with key [N27 (before line 20), Function main called from node N9, stack depth 1 [5a45133e], stack [main]])
  Number of target states:       0
  Size of final wait list        9

Time for analysis setup:          1.627s
  Time for loading CPAs:          0.534s
  Time for loading parser:        0.491s
  Time for CFA construction:      0.515s
    Time for parsing file(s):     0.238s
    Time for AST to CFA:          0.070s
    Time for CFA sanity check:    0.014s
    Time for post-processing:     0.073s
      Time for var class.:        0.027s
Time for Analysis:              898.719s
CPU time for analysis:          898.670s
Total time for CPAchecker:      900.349s
Total CPU time for CPAchecker:  900.300s
Time for statistics:              0.098s

Time for Garbage Collector:       0.486s (in 129 runs)
Garbage Collector(s) used:    Copy, MarkSweepCompact
Used heap memory:                 63MB (    60 MiB) max;     45MB (    43 MiB) avg;     67MB (    64 MiB) peak
Used non-heap memory:             34MB (    33 MiB) max;     33MB (    32 MiB) avg;     35MB (    34 MiB) peak
Allocated heap memory:           127MB (   121 MiB) max;    127MB (   121 MiB) avg
Allocated non-heap memory:        37MB (    35 MiB) max;     37MB (    35 MiB) avg
Total process virtual memory:   8154MB (  7776 MiB) max;   8130MB (  7754 MiB) avg

Verification result: UNKNOWN, incomplete analysis.
More details about the verification run can be found in the directory "./output".
