scripts/cpa.sh -Dy-MySearchStrategy-PredAbs-ABEl -heap 5600000000 -timelimit 30 -preprocess -stats -noout -setprop cpa.predicate.memoryAllocationsAlwaysSucceed=true -spec ../sv-benchmarks/c/ReachSafety.prp ../sv-benchmarks/c/eca-rers2012/Problem04_label24_true-unreach-call_false-termination.c


--------------------------------------------------------------------------------


Running CPAchecker with Java heap of size 5600000000.
Running CPAchecker with default stack size (1024k). Specify a larger value with -stack if needed.
Running CPAchecker with the following extra VM options:  -Djava.io.tmpdir=/tmp/BenchExec_run_nxi_8pck/tmp
Using the following resource limits: CPU-time limit of 30s (ResourceLimitChecker.fromConfiguration, INFO)

CPAchecker (unknown version) (OpenJDK 64-Bit Server VM 1.8.0_162) started (CPAchecker.run, INFO)

MathSAT5 is available for research and evaluation purposes only. It can not be used in a commercial environment, particularly as part of a commercial product, without written permission. MathSAT5 is provided as is, without any warranty. Please write to mathsat@fbk.eu for additional questions regarding licensing MathSAT5 or obtaining more up-to-date versions. (PredicateCPA:JavaSMT:Mathsat5SolverContext.<init>, WARNING)

Using predicate analysis with MathSAT5 version 5.3.14 (0b98b661254c) (Nov 17 2016 10:59:45, gmp 5.1.3, gcc 4.8.5, 64-bit) and JFactory 1.21. (PredicateCPA:PredicateCPA.<init>, INFO)

Using refinement for predicate analysis with PredicateAbstractionRefinementStrategy strategy. (PredicateCPA:PredicateCPARefiner.<init>, INFO)

Starting analysis ... (CPAchecker.runAlgorithm, INFO)

Shutdown requested (The CPU-time limit of 30s has elapsed.), waiting for termination. (ForceTerminationOnShutdown$1.shutdownRequested, WARNING)

Warning: Analysis interrupted (The CPU-time limit of 30s has elapsed.) (ShutdownNotifier.shutdownIfNecessary, WARNING)

PredicateCPA statistics
-----------------------
Number of abstractions:            10 (0% of all post computations)
  Times abstraction was reused:    0
  Because of function entry/exit:  0 (0%)
  Because of loop head:            5 (50%)
  Because of join nodes:           0 (0%)
  Because of threshold:            0 (0%)
  Because of target state:         5 (50%)
  Times precision was empty:       2 (20%)
  Times precision was {false}:     4 (40%)
  Times result was cached:         0 (0%)
  Times cartesian abs was used:    0 (0%)
  Times boolean abs was used:      4 (40%)
  Times result was 'false':        3 (30%)
Number of strengthen sat checks:   0
Number of coverage checks:         87658
  BDD entailment checks:           6
Number of SMT sat checks:          0
  trivial:                         0
  cached:                          0

Max ABE block size:                       8964
Number of predicates discovered:          9
Number of abstraction locations:          2
Max number of predicates per location:    8
Avg number of predicates per location:    4
Total predicates per abstraction:         36
Max number of predicates per abstraction: 8
Avg number of predicates per abstraction: 4.50
Number of irrelevant predicates:          4 (11%)
Number of preds handled by boolean abs:   32 (89%)
  Total number of models for allsat:      56
  Max number of models for allsat:        37
  Avg number of models for allsat:        14.00

Time for post operator:                  6.854s
  Time for path formula creation:        6.627s
Time for strengthen operator:            0.392s
Time for prec operator:                  2.167s
  Time for abstraction:                  1.852s (Max:     0.502s, Count: 10)
    Boolean abstraction:                 0.805s
    Solving time:                        0.553s (Max:     0.234s)
    Model enumeration time:              0.354s
    Time for BDD construction:           0.025s (Max:     0.012s)
Time for merge operator:                 0.980s
Time for coverage check:                 0.017s
  Time for BDD entailment checks:        0.000s
Total time for SMT solver (w/o itp):     0.907s

Number of path formula cache hits:   29102 (25%)

Inside post operator:                  
  Inside path formula creation:        
    Time for path formula computation:     6.343s

Total number of created targets for pointer analysis: 0


Number of BDD nodes:                               654
Size of BDD node table:                            270749
Size of BDD cache:                                 27073
Size of BDD node cleanup queue:                         197 (count: 141, min: 0, max: 71, avg: 1.40)
Time for BDD node cleanup:                             0.001s
Time for BDD garbage collection:                       0.000s (in 0 runs)

PrecisionBootstrap statistics
-----------------------------
Init. function predicates:                         0
Init. global predicates:                           0
Init. location predicates:                         0

Invariant Generation statistics
-------------------------------

AutomatonAnalysis (SVCOMP) statistics
-------------------------------------
Number of states:                                  1
Total time for successor computation:                  0.605s
  Time for transition matches:                         0.249s
  Time for transition assertions:                      0.000s
  Time for transition actions:                         0.001s
Automaton transfers with branching:                0
Automaton transfer successors:                       106450 (count: 106724, min: 0, max: 1, avg: 1.00) [0 x 274, 1 x 106450]

CPA algorithm statistics
------------------------
Number of iterations:            51808
Max size of waitlist:            230
Average size of waitlist:        125
Number of computed successors:   96093
Max successors for one state:    2
Number of times merged:          43826
Number of times stopped:         43826
Number of times breaked:         2

Total time for CPA algorithm:        19.954s (Max:    13.119s)
  Time for choose from waitlist:      0.215s
  Time for precision adjustment:      3.812s
  Time for transfer relation:        10.567s
  Time for merge operator:            3.192s
  Time for stop operator:             0.420s
  Time for adding to reached set:     0.487s

Predicate-Abstraction Refiner statistics
----------------------------------------
Number of predicate refinements:                   2
Avg. length of target path (in blocks):                   7 (count: 2, min: 2, max: 5, avg: 3.50)
Number of infeasible sliced prefixes:                     0 (count: 0, min: 0, max: 0, avg: 0.00)

Time for refinement:                                   0.934s
  Counterexample analysis:                             0.743s (Max:     0.541s, Calls: 2)
    Refinement sat check:                              0.600s
    Interpolant computation:                           0.000s
  Path-formulas extraction:                            0.000s
  Error path post-processing:                          0.000s
  Predicate creation:                                  0.011s
  Precision update:                                    0.003s
  ARG update:                                          0.102s

Length of refined path (in blocks):                       2 (count: 1, min: 2, max: 2, avg: 2.00)
Number of affected states:                                1 (count: 1, min: 1, max: 1, avg: 1.00)
Length (states) of path with itp 'true':                  0 (count: 1, min: 0, max: 0, avg: 0.00)
Length (states) of path with itp non-trivial itp:         1 (count: 1, min: 1, max: 1, avg: 1.00)
Length (states) of path with itp 'false':                 0 (count: 1, min: 0, max: 0, avg: 0.00)
Different non-trivial interpolants along paths:           0 (count: 1, min: 0, max: 0, avg: 0.00)
Equal non-trivial interpolants along paths:               0 (count: 1, min: 0, max: 0, avg: 0.00)
Number of refs with location-based cutoff:                0

CEGAR algorithm statistics
--------------------------
Number of refinements:                2
Number of successful refinements:     1
Number of failed refinements:         0
Max. size of reached set before ref.: 42025
Max. size of reached set after ref.:  3
Avg. size of reached set before ref.: 26134.00
Avg. size of reached set after ref.:  3.00

Total time for CEGAR algorithm:      21.183s
Time for refinements:                 1.229s
Average time for refinement:          0.614s
Max time for refinement:              0.725s

Code Coverage
-----------------------------
  Function coverage:      1.000
  Visited lines:          4723
  Total lines:            4723
  Line coverage:          1.000
  Visited conditions:     17908
  Total conditions:       17908
  Condition coverage:     1.000

CPAchecker general statistics
-----------------------------
Number of program locations:     13023
Number of CFA edges:             21976
Number of relevant variables:    14
Number of functions:             5
Number of loops:                 1
Size of reached set:             42025
  Number of reached locations:   10598 (81%)
    Avg states per location:     3
    Max states per location:     4 (at node N0)
  Number of reached functions:   5 (100%)
  Number of partitions:          42022
    Avg size of partitions:      1
    Max size of partitions:      4 (with key [N14474 (before lines 4816-4826), Function main called from node N14471, stack depth 1 [733e3c19], stack [main]])
  Number of target states:       1
  Size of final wait list        229

Time for analysis setup:          9.122s
  Time for loading CPAs:          1.256s
  Time for loading parser:        0.788s
  Time for CFA construction:      6.619s
    Time for parsing file(s):     1.192s
    Time for AST to CFA:          2.394s
    Time for CFA sanity check:    1.427s
    Time for post-processing:     1.673s
      Time for var class.:        0.839s
Time for Analysis:               21.183s
CPU time for analysis:           21.180s
Total time for CPAchecker:       30.311s
Total CPU time for CPAchecker:   30.290s
Time for statistics:              1.008s

Time for Garbage Collector:       1.839s (in 59 runs)
Garbage Collector(s) used:    Copy, MarkSweepCompact
Used heap memory:                128MB (   122 MiB) max;     69MB (    66 MiB) avg;    141MB (   134 MiB) peak
Used non-heap memory:             41MB (    39 MiB) max;     34MB (    32 MiB) avg;     41MB (    39 MiB) peak
Allocated heap memory:           175MB (   167 MiB) max;    131MB (   124 MiB) avg
Allocated non-heap memory:        42MB (    40 MiB) max;     35MB (    33 MiB) avg
Total process virtual memory:   8216MB (  7835 MiB) max;   8117MB (  7741 MiB) avg

Verification result: UNKNOWN, incomplete analysis.
More details about the verification run can be found in the directory "./output".
