scripts/cpa.sh -Dy-MySearchStrategy-PredAbs-ABElf -heap 5600000000 -timelimit 30 -preprocess -stats -noout -setprop cpa.predicate.memoryAllocationsAlwaysSucceed=true -spec ../sv-benchmarks/c/ReachSafety.prp ../sv-benchmarks/c/ldv-linux-3.4-simple/43_1a_cilled_true-unreach-call_ok_nondet_linux-43_1a-drivers--input--keyboard--newtonkbd.ko-ldv_main0_sequence_infinite_withcheck_stateful.cil.out.c


--------------------------------------------------------------------------------


Running CPAchecker with Java heap of size 5600000000.
Running CPAchecker with default stack size (1024k). Specify a larger value with -stack if needed.
Running CPAchecker with the following extra VM options:  -Djava.io.tmpdir=/tmp/BenchExec_run_b4ch609l/tmp
Using the following resource limits: CPU-time limit of 30s (ResourceLimitChecker.fromConfiguration, INFO)

CPAchecker (unknown version) (OpenJDK 64-Bit Server VM 1.8.0_162) started (CPAchecker.run, INFO)

Dead code detected: Label switch_break is not reachable. (CFAFunctionBuilder.leave, INFO)

Inline assembler ignored, analysis is probably unsound! (CFABuilder.createCFA, WARNING)

MathSAT5 is available for research and evaluation purposes only. It can not be used in a commercial environment, particularly as part of a commercial product, without written permission. MathSAT5 is provided as is, without any warranty. Please write to mathsat@fbk.eu for additional questions regarding licensing MathSAT5 or obtaining more up-to-date versions. (PredicateCPA:JavaSMT:Mathsat5SolverContext.<init>, WARNING)

Using predicate analysis with MathSAT5 version 5.3.14 (0b98b661254c) (Nov 17 2016 10:59:45, gmp 5.1.3, gcc 4.8.5, 64-bit) and JFactory 1.21. (PredicateCPA:PredicateCPA.<init>, INFO)

Using refinement for predicate analysis with PredicateAbstractionRefinementStrategy strategy. (PredicateCPA:PredicateCPARefiner.<init>, INFO)

Starting analysis ... (CPAchecker.runAlgorithm, INFO)

Assuming external function ldv_initialize to be a constant function. (PredicateCPA:ExpressionToFormulaVisitor.visit, INFO)

Assuming external function __serio_register_driver to be a pure function. (PredicateCPA:ExpressionToFormulaVisitor.visit, INFO)

Assuming external function ldv_check_final_state to be a constant function. (PredicateCPA:ExpressionToFormulaVisitor.visit, INFO)

Assuming external function serio_unregister_driver to be a pure function. (PredicateCPA:ExpressionToFormulaVisitor.visit, INFO)

Assuming external function dev_get_drvdata to be a pure function. (PredicateCPA:ExpressionToFormulaVisitor.visit, INFO)

Assuming external function serio_close to be a pure function. (PredicateCPA:ExpressionToFormulaVisitor.visit, INFO)

Assuming external function dev_set_drvdata to be a pure function. (PredicateCPA:ExpressionToFormulaVisitor.visit, INFO)

Assuming external function input_unregister_device to be a pure function. (PredicateCPA:ExpressionToFormulaVisitor.visit, INFO)

Assuming external function input_event to be a pure function. (PredicateCPA:ExpressionToFormulaVisitor.visit, INFO)

Assuming external function snprintf to be a pure function. (PredicateCPA:ExpressionToFormulaVisitor.visit, INFO)

Assuming external function input_free_device to be a pure function. (PredicateCPA:ExpressionToFormulaVisitor.visit, INFO)

Assuming external function ldv_check_return_value to be a pure function. (PredicateCPA:ExpressionToFormulaVisitor.visit, INFO)

Assuming external function serio_open to be a pure function. (PredicateCPA:ExpressionToFormulaVisitor.visit, INFO)

Assuming external function input_register_device to be a pure function. (PredicateCPA:ExpressionToFormulaVisitor.visit, INFO)

Stopping analysis ... (CPAchecker.runAlgorithm, INFO)

PredicateCPA statistics
-----------------------
Number of abstractions:            823 (9% of all post computations)
  Times abstraction was reused:    0
  Because of function entry/exit:  717 (87%)
  Because of loop head:            98 (12%)
  Because of join nodes:           0 (0%)
  Because of threshold:            0 (0%)
  Because of target state:         8 (1%)
  Times precision was empty:       343 (42%)
  Times precision was {false}:     64 (8%)
  Times result was cached:         379 (46%)
  Times cartesian abs was used:    0 (0%)
  Times boolean abs was used:      37 (4%)
  Times result was 'false':        12 (1%)
Number of strengthen sat checks:   0
Number of coverage checks:         505
  BDD entailment checks:           213
Number of SMT sat checks:          0
  trivial:                         0
  cached:                          0

Max ABE block size:                       60
Number of predicates discovered:          2
Number of abstraction locations:          33
Max number of predicates per location:    1
Avg number of predicates per location:    1
Total predicates per abstraction:         480
Max number of predicates per abstraction: 1
Avg number of predicates per abstraction: 4.75
Number of irrelevant predicates:          248 (52%)
Number of preds handled by boolean abs:   37 (8%)
  Total number of models for allsat:      39
  Max number of models for allsat:        2
  Avg number of models for allsat:        1.05

Time for post operator:                  0.576s
  Time for path formula creation:        0.533s
Time for strengthen operator:            0.026s
Time for prec operator:                  0.375s
  Time for abstraction:                  0.321s (Max:     0.017s, Count: 823)
    Boolean abstraction:                 0.025s
    Solving time:                        0.049s (Max:     0.009s)
    Model enumeration time:              0.002s
    Time for BDD construction:           0.005s (Max:     0.004s)
Time for merge operator:                 0.010s
Time for coverage check:                 0.024s
  Time for BDD entailment checks:        0.024s
Total time for SMT solver (w/o itp):     0.051s

Number of path formula cache hits:   4863 (51%)

Inside post operator:                  
  Inside path formula creation:        
    Time for path formula computation:     0.496s

Total number of created targets for pointer analysis: 0


Number of BDD nodes:                               202
Size of BDD node table:                            270749
Size of BDD cache:                                 27073
Size of BDD node cleanup queue:                          73 (count: 1104, min: 0, max: 38, avg: 0.07)
Time for BDD node cleanup:                             0.001s
Time for BDD garbage collection:                       0.000s (in 0 runs)

PrecisionBootstrap statistics
-----------------------------
Init. function predicates:                         0
Init. global predicates:                           0
Init. location predicates:                         0

Invariant Generation statistics
-------------------------------

AutomatonAnalysis (SVCOMP) statistics
-------------------------------------
Number of states:                                  1
Total time for successor computation:                  0.089s
Automaton transfers with branching:                0
Automaton transfer successors:                         8938 (count: 8938, min: 1, max: 1, avg: 1.00) [1 x 8938]

CPA algorithm statistics
------------------------
Number of iterations:            3155
Max size of waitlist:            9
Average size of waitlist:        4
Number of computed successors:   3468
Max successors for one state:    2
Number of times merged:          146
Number of times stopped:         290
Number of times breaked:         8

Total time for CPA algorithm:         1.745s (Max:     0.475s)
  Time for choose from waitlist:      0.018s
  Time for precision adjustment:      0.511s
  Time for transfer relation:         0.989s
  Time for merge operator:            0.037s
  Time for stop operator:             0.047s
  Time for adding to reached set:     0.056s

Predicate-Abstraction Refiner statistics
----------------------------------------
Number of predicate refinements:                   8
Avg. length of target path (in blocks):                 157 (count: 8, min: 8, max: 29, avg: 19.63)
Number of infeasible sliced prefixes:                     0 (count: 0, min: 0, max: 0, avg: 0.00)

Time for refinement:                                   0.099s
  Counterexample analysis:                             0.054s (Max:     0.016s, Calls: 8)
    Refinement sat check:                              0.042s
    Interpolant computation:                           0.000s
  Path-formulas extraction:                            0.000s
  Error path post-processing:                          0.000s
  Predicate creation:                                  0.010s
  Precision update:                                    0.009s
  ARG update:                                          0.014s

Length of refined path (in blocks):                     149 (count: 8, min: 7, max: 28, avg: 18.63)
Number of affected states:                              141 (count: 8, min: 6, max: 27, avg: 17.63)
Length (states) of path with itp 'true':                  0 (count: 8, min: 0, max: 0, avg: 0.00)
Length (states) of path with itp non-trivial itp:       141 (count: 8, min: 6, max: 27, avg: 17.63)
Length (states) of path with itp 'false':                 8 (count: 8, min: 1, max: 1, avg: 1.00)
Different non-trivial interpolants along paths:           0 (count: 8, min: 0, max: 0, avg: 0.00)
Equal non-trivial interpolants along paths:             133 (count: 8, min: 5, max: 26, avg: 16.63)
Number of refs with location-based cutoff:                0

CEGAR algorithm statistics
--------------------------
Number of refinements:                8
Number of successful refinements:     8
Number of failed refinements:         0
Max. size of reached set before ref.: 432
Max. size of reached set after ref.:  3
Avg. size of reached set before ref.: 373.50
Avg. size of reached set after ref.:  3.00

Total time for CEGAR algorithm:       1.870s
Time for refinements:                 0.125s
Average time for refinement:          0.015s
Max time for refinement:              0.035s

Code Coverage
-----------------------------
  Function coverage:      0.682
  Visited lines:          741
  Total lines:            765
  Line coverage:          0.969
  Visited conditions:     38
  Total conditions:       46
  Condition coverage:     0.826

CPAchecker general statistics
-----------------------------
Number of program locations:     882
Number of CFA edges:             905
Number of relevant variables:    104
Number of functions:             22
Number of loops:                 2
Size of reached set:             203
  Number of reached locations:   162 (18%)
    Avg states per location:     1
    Max states per location:     4 (at node N475)
  Number of reached functions:   15 (68%)
  Number of partitions:          203
    Avg size of partitions:      1
    Max size of partitions:      1
  Number of target states:       0

Time for analysis setup:          2.683s
  Time for loading CPAs:          0.639s
  Time for loading parser:        0.525s
  Time for CFA construction:      1.456s
    Time for parsing file(s):     0.501s
    Time for AST to CFA:          0.395s
    Time for CFA sanity check:    0.072s
    Time for post-processing:     0.339s
      Time for var class.:        0.118s
Time for Analysis:                1.870s
CPU time for analysis:            1.860s
Time for analyzing result:        0.000s
Total time for CPAchecker:        4.556s
Total CPU time for CPAchecker:    4.540s
Time for statistics:              0.044s

Time for Garbage Collector:       0.104s (in 7 runs)
Garbage Collector(s) used:    Copy, MarkSweepCompact
Used heap memory:                 58MB (    56 MiB) max;     32MB (    30 MiB) avg;     66MB (    63 MiB) peak
Used non-heap memory:             35MB (    34 MiB) max;     26MB (    25 MiB) avg;     36MB (    35 MiB) peak
Allocated heap memory:           127MB (   121 MiB) max;    127MB (   121 MiB) avg
Allocated non-heap memory:        38MB (    36 MiB) max;     28MB (    27 MiB) avg
Total process virtual memory:   8085MB (  7711 MiB) max;   8034MB (  7661 MiB) avg

Verification result: TRUE. No property violation found by chosen configuration.
More details about the verification run can be found in the directory "./output".
