scripts/cpa.sh -Dy-MySearchStrategy-PredAbs-ABElf -heap 5600000000 -timelimit 30 -preprocess -stats -noout -setprop cpa.predicate.memoryAllocationsAlwaysSucceed=true -spec ../sv-benchmarks/c/ReachSafety.prp ../sv-benchmarks/c/product-lines/minepump_spec4_product59_true-unreach-call_false-termination.cil.c


--------------------------------------------------------------------------------


Running CPAchecker with Java heap of size 5600000000.
Running CPAchecker with default stack size (1024k). Specify a larger value with -stack if needed.
Running CPAchecker with the following extra VM options:  -Djava.io.tmpdir=/tmp/BenchExec_run_hjo7kav1/tmp
Using the following resource limits: CPU-time limit of 30s (ResourceLimitChecker.fromConfiguration, INFO)

CPAchecker (unknown version) (OpenJDK 64-Bit Server VM 1.8.0_151) started (CPAchecker.run, INFO)

line 51: Dead code detected: return (retValue_acc); (CFACreationUtils.addEdgeToCFA, INFO)

line 74: Dead code detected: return (retValue_acc); (CFACreationUtils.addEdgeToCFA, INFO)

line 315: Dead code detected: return (retValue_acc); (CFACreationUtils.addEdgeToCFA, INFO)

line 324: Dead code detected: return (retValue_acc); (CFACreationUtils.addEdgeToCFA, INFO)

line 379: Dead code detected: return (retValue_acc); (CFACreationUtils.addEdgeToCFA, INFO)

line 398: Dead code detected: return (retValue_acc); (CFACreationUtils.addEdgeToCFA, INFO)

line 509: Dead code detected: return (retValue_acc); (CFACreationUtils.addEdgeToCFA, INFO)

line 557: Dead code detected: return (retValue_acc); (CFACreationUtils.addEdgeToCFA, INFO)

line 589: Dead code detected: return (retValue_acc); (CFACreationUtils.addEdgeToCFA, INFO)

line 603: Dead code detected: return (retValue_acc); (CFACreationUtils.addEdgeToCFA, INFO)

line 612: Dead code detected: return (retValue_acc); (CFACreationUtils.addEdgeToCFA, INFO)

line 941: Dead code detected: return (retValue_acc); (CFACreationUtils.addEdgeToCFA, INFO)

line 987: Dead code detected: return (retValue_acc); (CFACreationUtils.addEdgeToCFA, INFO)

line 778: Function pointer *__cil_tmp10 with type int (*)(int, int) is called, but no possible target functions were found. (CFunctionPointerResolver.replaceFunctionPointerCall, WARNING)

MathSAT5 is available for research and evaluation purposes only. It can not be used in a commercial environment, particularly as part of a commercial product, without written permission. MathSAT5 is provided as is, without any warranty. Please write to mathsat@fbk.eu for additional questions regarding licensing MathSAT5 or obtaining more up-to-date versions. (PredicateCPA:JavaSMT:Mathsat5SolverContext.<init>, WARNING)

Using predicate analysis with MathSAT5 version 5.3.14 (0b98b661254c) (Nov 17 2016 10:59:45, gmp 5.1.3, gcc 4.8.5, 64-bit) and JFactory 1.21. (PredicateCPA:PredicateCPA.<init>, INFO)

Using refinement for predicate analysis with PredicateAbstractionRefinementStrategy strategy. (PredicateCPA:PredicateCPARefiner.<init>, INFO)

Starting analysis ... (CPAchecker.runAlgorithm, INFO)

Shutdown requested (The CPU-time limit of 30s has elapsed.), waiting for termination. (ForceTerminationOnShutdown$1.shutdownRequested, WARNING)

Warning: Analysis interrupted (The CPU-time limit of 30s has elapsed.) (ShutdownNotifier.shutdownIfNecessary, WARNING)

PredicateCPA statistics
-----------------------
Number of abstractions:            69537 (26% of all post computations)
  Times abstraction was reused:    0
  Because of function entry/exit:  68445 (98%)
  Because of loop head:            706 (1%)
  Because of join nodes:           0 (0%)
  Because of threshold:            0 (0%)
  Because of target state:         386 (1%)
  Times precision was empty:       3111 (4%)
  Times precision was {false}:     423 (1%)
  Times result was cached:         61644 (89%)
  Times cartesian abs was used:    0 (0%)
  Times boolean abs was used:      4359 (6%)
  Times result was 'false':        7548 (11%)
Number of strengthen sat checks:   0
Number of coverage checks:         55798
  BDD entailment checks:           43966
Number of SMT sat checks:          0
  trivial:                         0
  cached:                          0

Max ABE block size:                       9
Number of predicates discovered:          19
Number of abstraction locations:          59
Max number of predicates per location:    9
Avg number of predicates per location:    5
Total predicates per abstraction:         313292
Max number of predicates per abstraction: 9
Avg number of predicates per abstraction: 65.51
Number of irrelevant predicates:          135606 (43%)
Number of preds handled by boolean abs:   15975 (5%)
  Total number of models for allsat:      6644
  Max number of models for allsat:        6
  Avg number of models for allsat:        1.52

Time for post operator:                  1.904s
  Time for path formula creation:        1.795s
Time for strengthen operator:            0.245s
Time for prec operator:                 14.930s
  Time for abstraction:                 14.225s (Max:     0.018s, Count: 69537)
    Boolean abstraction:                 2.808s
    Solving time:                        2.078s (Max:     0.016s)
    Model enumeration time:              0.268s
    Time for BDD construction:           0.195s (Max:     0.012s)
Time for merge operator:                 0.122s
Time for coverage check:                 0.059s
  Time for BDD entailment checks:        0.051s
Total time for SMT solver (w/o itp):     2.346s

Number of path formula cache hits:   273992 (85%)

Inside post operator:                  
  Inside path formula creation:        
    Time for path formula computation:     1.270s

Total number of created targets for pointer analysis: 0


Number of BDD nodes:                               2104
Size of BDD node table:                            270749
Size of BDD cache:                                 27073
Size of BDD node cleanup queue:                       11598 (count: 78461, min: 0, max: 670, avg: 0.15)
Time for BDD node cleanup:                             0.024s
Time for BDD garbage collection:                       0.000s (in 0 runs)

PrecisionBootstrap statistics
-----------------------------
Init. function predicates:                         0
Init. global predicates:                           0
Init. location predicates:                         0

Invariant Generation statistics
-------------------------------

AutomatonAnalysis (SVCOMP) statistics
-------------------------------------
Number of states:                                  1
Total time for successor computation:                  0.429s
Automaton transfers with branching:                0
Automaton transfer successors:                       266082 (count: 266082, min: 1, max: 1, avg: 1.00) [1 x 266082]

CPA algorithm statistics
------------------------
Number of iterations:            207476
Max size of waitlist:            92
Average size of waitlist:        43
Number of computed successors:   236320
Max successors for one state:    2
Number of times merged:          5916
Number of times stopped:         14886
Number of times breaked:         386

Total time for CPA algorithm:        22.302s (Max:     0.561s)
  Time for choose from waitlist:      0.118s
  Time for precision adjustment:     16.082s
  Time for transfer relation:         4.490s
  Time for merge operator:            0.307s
  Time for stop operator:             0.339s
  Time for adding to reached set:     0.240s

Predicate-Abstraction Refiner statistics
----------------------------------------
Number of predicate refinements:                   386
Avg. length of target path (in blocks):               26455 (count: 386, min: 19, max: 100, avg: 68.54)
Number of infeasible sliced prefixes:                     0 (count: 0, min: 0, max: 0, avg: 0.00)

Time for refinement:                                   4.181s
  Counterexample analysis:                             3.375s (Max:     0.031s, Calls: 386)
    Refinement sat check:                              1.462s
    Interpolant computation:                           0.000s
  Path-formulas extraction:                            0.009s
  Error path post-processing:                          0.000s
  Predicate creation:                                  0.050s
  Precision update:                                    0.148s
  ARG update:                                          0.373s

Length of refined path (in blocks):                   23393 (count: 386, min: 13, max: 97, avg: 60.60)
Number of affected states:                             3041 (count: 386, min: 2, max: 63, avg: 7.88)
Length (states) of path with itp 'true':              19966 (count: 386, min: 0, max: 89, avg: 51.73)
Length (states) of path with itp non-trivial itp:      3041 (count: 386, min: 2, max: 63, avg: 7.88)
Length (states) of path with itp 'false':               386 (count: 386, min: 1, max: 1, avg: 1.00)
Different non-trivial interpolants along paths:         224 (count: 386, min: 0, max: 6, avg: 0.58)
Equal non-trivial interpolants along paths:            2431 (count: 386, min: 1, max: 59, avg: 6.30)
Number of refs with location-based cutoff:                0

CEGAR algorithm statistics
--------------------------
Number of refinements:                386
Number of successful refinements:     386
Number of failed refinements:         0
Max. size of reached set before ref.: 5112
Max. size of reached set after ref.:  4659
Avg. size of reached set before ref.: 2836.96
Avg. size of reached set after ref.:  2292.21

Total time for CEGAR algorithm:      27.817s
Time for refinements:                 5.000s
Average time for refinement:          0.012s
Max time for refinement:              0.047s

Code Coverage
-----------------------------
  Function coverage:      0.718
  Visited lines:          157
  Total lines:            448
  Line coverage:          0.350
  Visited conditions:     46
  Total conditions:       76
  Condition coverage:     0.605

CPAchecker general statistics
-----------------------------
Number of program locations:     646
Number of CFA edges:             697
Number of relevant variables:    121
Number of functions:             39
Number of loops:                 5
Size of reached set:             3613
  Number of reached locations:   212 (33%)
    Avg states per location:     17
    Max states per location:     101 (at node N24)
  Number of reached functions:   28 (72%)
  Number of partitions:          3525
    Avg size of partitions:      1
    Max size of partitions:      12 (with key [N48 (before lines 122-169), Function test called from node N265, stack depth 3 [1faef015], stack [main, runTest, test]])
  Number of target states:       0
  Size of final wait list        39

Time for analysis setup:          2.037s
  Time for loading CPAs:          0.562s
  Time for loading parser:        0.469s
  Time for CFA construction:      0.871s
    Time for parsing file(s):     0.307s
    Time for AST to CFA:          0.198s
    Time for CFA sanity check:    0.051s
    Time for post-processing:     0.192s
      Time for var class.:        0.086s
Time for Analysis:               27.817s
CPU time for analysis:           27.820s
Total time for CPAchecker:       29.857s
Total CPU time for CPAchecker:   29.840s
Time for statistics:              0.127s

Time for Garbage Collector:       0.874s (in 141 runs)
Garbage Collector(s) used:    Copy, MarkSweepCompact
Used heap memory:                 77MB (    74 MiB) max;     48MB (    46 MiB) avg;     82MB (    78 MiB) peak
Used non-heap memory:             36MB (    34 MiB) max;     34MB (    32 MiB) avg;     37MB (    35 MiB) peak
Allocated heap memory:           127MB (   121 MiB) max;    127MB (   121 MiB) avg
Allocated non-heap memory:        38MB (    36 MiB) max;     37MB (    35 MiB) avg
Total process virtual memory:   8019MB (  7648 MiB) max;   8012MB (  7640 MiB) avg

Verification result: UNKNOWN, incomplete analysis.
More details about the verification run can be found in the directory "./output".
