scripts/cpa.sh -Dy-MySearchStrategy-PredAbs-ABEl -heap 5600000000 -timelimit 30 -preprocess -stats -noout -setprop cpa.predicate.memoryAllocationsAlwaysSucceed=true -spec ../sv-benchmarks/c/ReachSafety.prp ../sv-benchmarks/c/systemc/mem_slave_tlm.3_true-unreach-call_false-termination.cil.c


--------------------------------------------------------------------------------


Running CPAchecker with Java heap of size 5600000000.
Running CPAchecker with default stack size (1024k). Specify a larger value with -stack if needed.
Running CPAchecker with the following extra VM options:  -Djava.io.tmpdir=/tmp/BenchExec_run_bo3p107z/tmp
Using the following resource limits: CPU-time limit of 30s (ResourceLimitChecker.fromConfiguration, INFO)

CPAchecker (unknown version) (OpenJDK 64-Bit Server VM 1.8.0_162) started (CPAchecker.run, INFO)

MathSAT5 is available for research and evaluation purposes only. It can not be used in a commercial environment, particularly as part of a commercial product, without written permission. MathSAT5 is provided as is, without any warranty. Please write to mathsat@fbk.eu for additional questions regarding licensing MathSAT5 or obtaining more up-to-date versions. (PredicateCPA:JavaSMT:Mathsat5SolverContext.<init>, WARNING)

Using predicate analysis with MathSAT5 version 5.3.14 (0b98b661254c) (Nov 17 2016 10:59:45, gmp 5.1.3, gcc 4.8.5, 64-bit) and JFactory 1.21. (PredicateCPA:PredicateCPA.<init>, INFO)

Using refinement for predicate analysis with PredicateAbstractionRefinementStrategy strategy. (PredicateCPA:PredicateCPARefiner.<init>, INFO)

Starting analysis ... (CPAchecker.runAlgorithm, INFO)

Shutdown requested (The CPU-time limit of 30s has elapsed.), waiting for termination. (ForceTerminationOnShutdown$1.shutdownRequested, WARNING)

Warning: Analysis interrupted (The CPU-time limit of 30s has elapsed.) (ShutdownNotifier.shutdownIfNecessary, WARNING)

PredicateCPA statistics
-----------------------
Number of abstractions:            6424 (4% of all post computations)
  Times abstraction was reused:    0
  Because of function entry/exit:  0 (0%)
  Because of loop head:            5898 (92%)
  Because of join nodes:           0 (0%)
  Because of threshold:            0 (0%)
  Because of target state:         526 (8%)
  Times precision was empty:       861 (13%)
  Times precision was {false}:     636 (10%)
  Times result was cached:         2498 (39%)
  Times cartesian abs was used:    0 (0%)
  Times boolean abs was used:      2429 (38%)
  Times result was 'false':        3055 (48%)
Number of strengthen sat checks:   0
Number of coverage checks:         36195
  BDD entailment checks:           3113
Number of SMT sat checks:          0
  trivial:                         0
  cached:                          0

Max ABE block size:                       69
Number of predicates discovered:          43
Number of abstraction locations:          13
Max number of predicates per location:    29
Avg number of predicates per location:    16
Total predicates per abstraction:         55171
Max number of predicates per abstraction: 29
Avg number of predicates per abstraction: 18.00
Number of irrelevant predicates:          10671 (19%)
Number of preds handled by boolean abs:   26601 (48%)
  Total number of models for allsat:      3136
  Max number of models for allsat:        80
  Avg number of models for allsat:        1.29

Time for post operator:                  3.392s
  Time for path formula creation:        3.171s
Time for strengthen operator:            0.310s
Time for prec operator:                 12.839s
  Time for abstraction:                 12.471s (Max:     0.038s, Count: 6424)
    Boolean abstraction:                 4.523s
    Solving time:                        3.416s (Max:     0.052s)
    Model enumeration time:              0.490s
    Time for BDD construction:           0.379s (Max:     0.016s)
Time for merge operator:                 0.326s
Time for coverage check:                 0.044s
  Time for BDD entailment checks:        0.034s
Total time for SMT solver (w/o itp):     3.907s

Number of path formula cache hits:   118663 (69%)

Inside post operator:                  
  Inside path formula creation:        
    Time for path formula computation:     2.956s

Total number of created targets for pointer analysis: 0


Number of BDD nodes:                               37306
Size of BDD node table:                            270749
Size of BDD cache:                                 27073
Size of BDD node cleanup queue:                       21132 (count: 29417, min: 0, max: 1595, avg: 0.72)
Time for BDD node cleanup:                             0.007s
Time for BDD garbage collection:                       0.000s (in 0 runs)

PrecisionBootstrap statistics
-----------------------------
Init. function predicates:                         0
Init. global predicates:                           0
Init. location predicates:                         0

Invariant Generation statistics
-------------------------------

AutomatonAnalysis (SVCOMP) statistics
-------------------------------------
Number of states:                                  1
Total time for successor computation:                  0.667s
  Time for transition matches:                         0.173s
  Time for transition assertions:                      0.000s
  Time for transition actions:                         0.011s
Automaton transfers with branching:                0
Automaton transfer successors:                       159057 (count: 159057, min: 1, max: 1, avg: 1.00) [1 x 159057]

CPA algorithm statistics
------------------------
Number of iterations:            93129
Max size of waitlist:            115
Average size of waitlist:        31
Number of computed successors:   115325
Max successors for one state:    2
Number of times merged:          16541
Number of times stopped:         17540
Number of times breaked:         82

Total time for CPA algorithm:        23.451s (Max:     1.264s)
  Time for choose from waitlist:      0.143s
  Time for precision adjustment:     13.977s
  Time for transfer relation:         6.762s
  Time for merge operator:            0.734s
  Time for stop operator:             0.391s
  Time for adding to reached set:     0.467s

Predicate-Abstraction Refiner statistics
----------------------------------------
Number of predicate refinements:                   82
Avg. length of target path (in blocks):                1550 (count: 82, min: 4, max: 44, avg: 18.90)
Number of infeasible sliced prefixes:                     0 (count: 0, min: 0, max: 0, avg: 0.00)

Time for refinement:                                   2.130s
  Counterexample analysis:                             1.471s (Max:     0.081s, Calls: 82)
    Refinement sat check:                              1.013s
    Interpolant computation:                           0.000s
  Path-formulas extraction:                            0.014s
  Error path post-processing:                          0.000s
  Predicate creation:                                  0.056s
  Precision update:                                    0.089s
  ARG update:                                          0.381s

Length of refined path (in blocks):                    1335 (count: 82, min: 3, max: 43, avg: 16.28)
Number of affected states:                              468 (count: 82, min: 1, max: 26, avg: 5.71)
Length (states) of path with itp 'true':                785 (count: 82, min: 0, max: 32, avg: 9.57)
Length (states) of path with itp non-trivial itp:       468 (count: 82, min: 1, max: 26, avg: 5.71)
Length (states) of path with itp 'false':                66 (count: 82, min: 0, max: 1, avg: 0.80)
Different non-trivial interpolants along paths:          66 (count: 82, min: 0, max: 15, avg: 0.80)
Equal non-trivial interpolants along paths:             320 (count: 82, min: 0, max: 14, avg: 3.90)
Number of refs with location-based cutoff:                0

CEGAR algorithm statistics
--------------------------
Number of refinements:                82
Number of successful refinements:     82
Number of failed refinements:         0
Max. size of reached set before ref.: 5391
Max. size of reached set after ref.:  3938
Avg. size of reached set before ref.: 2199.76
Avg. size of reached set after ref.:  1125.63

Total time for CEGAR algorithm:      26.238s
Time for refinements:                 2.692s
Average time for refinement:          0.032s
Max time for refinement:              0.098s

Code Coverage
-----------------------------
  Function coverage:      1.000
  Visited lines:          635
  Total lines:            795
  Line coverage:          0.799
  Visited conditions:     298
  Total conditions:       402
  Condition coverage:     0.741

CPAchecker general statistics
-----------------------------
Number of program locations:     1094
Number of CFA edges:             1298
Number of relevant variables:    53
Number of functions:             8
Number of loops:                 5
Size of reached set:             6652
  Number of reached locations:   579 (53%)
    Avg states per location:     11
    Max states per location:     59 (at node N1026)
  Number of reached functions:   8 (100%)
  Number of partitions:          6613
    Avg size of partitions:      1
    Max size of partitions:      17 (with key [N1006 (before lines 1119-1160), Function eval called from node N1125, stack depth 3 [5e10d1c0], stack [main, start_simulation, eval]])
  Number of target states:       0
  Size of final wait list        32

Time for analysis setup:          3.504s
  Time for loading CPAs:          0.770s
  Time for loading parser:        0.788s
  Time for CFA construction:      1.733s
    Time for parsing file(s):     0.491s
    Time for AST to CFA:          0.408s
    Time for CFA sanity check:    0.142s
    Time for post-processing:     0.511s
      Time for var class.:        0.208s
Time for Analysis:               26.238s
CPU time for analysis:           26.250s
Total time for CPAchecker:       29.749s
Total CPU time for CPAchecker:   29.750s
Time for statistics:              0.192s

Time for Garbage Collector:       0.703s (in 56 runs)
Garbage Collector(s) used:    Copy, MarkSweepCompact
Used heap memory:                 76MB (    72 MiB) max;     46MB (    44 MiB) avg;     79MB (    75 MiB) peak
Used non-heap memory:             37MB (    35 MiB) max;     34MB (    32 MiB) avg;     37MB (    36 MiB) peak
Allocated heap memory:           127MB (   121 MiB) max;    127MB (   121 MiB) avg
Allocated non-heap memory:        39MB (    37 MiB) max;     36MB (    34 MiB) avg
Total process virtual memory:   8134MB (  7757 MiB) max;   8120MB (  7744 MiB) avg

Verification result: UNKNOWN, incomplete analysis.
More details about the verification run can be found in the directory "./output".
