scripts/cpa.sh -Dy-MySearchStrategy-PredAbs-ABElf -heap 5600000000 -timelimit 30 -preprocess -stats -noout -setprop cpa.predicate.memoryAllocationsAlwaysSucceed=true -spec ../sv-benchmarks/c/ReachSafety.prp ../sv-benchmarks/c/loop-acceleration/diamond_true-unreach-call1_true-termination.i


--------------------------------------------------------------------------------


Running CPAchecker with Java heap of size 5600000000.
Running CPAchecker with default stack size (1024k). Specify a larger value with -stack if needed.
Running CPAchecker with the following extra VM options:  -Djava.io.tmpdir=/tmp/BenchExec_run_z3l2zlxg/tmp
Using the following resource limits: CPU-time limit of 30s (ResourceLimitChecker.fromConfiguration, INFO)

CPAchecker (unknown version) (OpenJDK 64-Bit Server VM 1.8.0_151) started (CPAchecker.run, INFO)

MathSAT5 is available for research and evaluation purposes only. It can not be used in a commercial environment, particularly as part of a commercial product, without written permission. MathSAT5 is provided as is, without any warranty. Please write to mathsat@fbk.eu for additional questions regarding licensing MathSAT5 or obtaining more up-to-date versions. (PredicateCPA:JavaSMT:Mathsat5SolverContext.<init>, WARNING)

Using predicate analysis with MathSAT5 version 5.3.14 (0b98b661254c) (Nov 17 2016 10:59:45, gmp 5.1.3, gcc 4.8.5, 64-bit) and JFactory 1.21. (PredicateCPA:PredicateCPA.<init>, INFO)

Using refinement for predicate analysis with PredicateAbstractionRefinementStrategy strategy. (PredicateCPA:PredicateCPARefiner.<init>, INFO)

Starting analysis ... (CPAchecker.runAlgorithm, INFO)

Shutdown requested (The CPU-time limit of 30s has elapsed.), waiting for termination. (ForceTerminationOnShutdown$1.shutdownRequested, WARNING)

Warning: Analysis interrupted (The CPU-time limit of 30s has elapsed.) (ShutdownNotifier.shutdownIfNecessary, WARNING)

PredicateCPA statistics
-----------------------
Number of abstractions:            1375 (17% of all post computations)
  Times abstraction was reused:    0
  Because of function entry/exit:  652 (47%)
  Because of loop head:            688 (50%)
  Because of join nodes:           0 (0%)
  Because of threshold:            0 (0%)
  Because of target state:         35 (3%)
  Times precision was empty:       38 (3%)
  Times precision was {false}:     651 (47%)
  Times result was cached:         0 (0%)
  Times cartesian abs was used:    0 (0%)
  Times boolean abs was used:      686 (50%)
  Times result was 'false':        617 (45%)
Number of strengthen sat checks:   0
Number of coverage checks:         9305
  BDD entailment checks:           8001
Number of SMT sat checks:          0
  trivial:                         0
  cached:                          0

Max ABE block size:                       3
Number of predicates discovered:          61
Number of abstraction locations:          2
Max number of predicates per location:    60
Avg number of predicates per location:    30
Total predicates per abstraction:         29395
Max number of predicates per abstraction: 60
Avg number of predicates per abstraction: 21.99
Number of irrelevant predicates:          651 (2%)
Number of preds handled by boolean abs:   28744 (98%)
  Total number of models for allsat:      78226
  Max number of models for allsat:        300
  Avg number of models for allsat:        114.03

Time for post operator:                  0.209s
  Time for path formula creation:        0.190s
Time for strengthen operator:            0.029s
Time for prec operator:                 25.922s
  Time for abstraction:                 25.873s (Max:     0.139s, Count: 1375)
    Boolean abstraction:                19.988s
    Solving time:                        5.084s (Max:     0.018s)
    Model enumeration time:             11.146s
    Time for BDD construction:           5.030s (Max:     0.062s)
Time for merge operator:                 0.013s
Time for coverage check:                 0.214s
  Time for BDD entailment checks:        0.211s
Total time for SMT solver (w/o itp):    16.230s

Number of path formula cache hits:   8707 (94%)

Inside post operator:                  
  Inside path formula creation:        
    Time for path formula computation:     0.172s

Total number of created targets for pointer analysis: 0


Number of BDD nodes:                               172471
Size of BDD node table:                            270749
Size of BDD cache:                                 27073
Size of BDD node cleanup queue:                      146918 (count: 74718, min: 0, max: 3478, avg: 1.97)
Time for BDD node cleanup:                             0.040s
Time for BDD garbage collection:                       0.105s (in 3 runs)

PrecisionBootstrap statistics
-----------------------------
Init. function predicates:                         0
Init. global predicates:                           0
Init. location predicates:                         0

Invariant Generation statistics
-------------------------------

AutomatonAnalysis (SVCOMP) statistics
-------------------------------------
Number of states:                                  1
Total time for successor computation:                  0.085s
Automaton transfers with branching:                0
Automaton transfer successors:                         8044 (count: 8044, min: 1, max: 1, avg: 1.00) [1 x 8044]

CPA algorithm statistics
------------------------
Number of iterations:            5394
Max size of waitlist:            3
Average size of waitlist:        1
Number of computed successors:   6733
Max successors for one state:    2
Number of times merged:          652
Number of times stopped:         655
Number of times breaked:         35

Total time for CPA algorithm:        27.171s (Max:     2.415s)
  Time for choose from waitlist:      0.020s
  Time for precision adjustment:     26.084s
  Time for transfer relation:         0.587s
  Time for merge operator:            0.071s
  Time for stop operator:             0.286s
  Time for adding to reached set:     0.034s

Predicate-Abstraction Refiner statistics
----------------------------------------
Number of predicate refinements:                   35
Avg. length of target path (in blocks):                 700 (count: 35, min: 3, max: 37, avg: 20.00)
Number of infeasible sliced prefixes:                     0 (count: 0, min: 0, max: 0, avg: 0.00)

Time for refinement:                                   0.911s
  Counterexample analysis:                             0.744s (Max:     0.051s, Calls: 35)
    Refinement sat check:                              0.307s
    Interpolant computation:                           0.000s
  Path-formulas extraction:                            0.001s
  Error path post-processing:                          0.000s
  Predicate creation:                                  0.105s
  Precision update:                                    0.024s
  ARG update:                                          0.022s

Length of refined path (in blocks):                     665 (count: 35, min: 2, max: 36, avg: 19.00)
Number of affected states:                              630 (count: 35, min: 1, max: 35, avg: 18.00)
Length (states) of path with itp 'true':                  0 (count: 35, min: 0, max: 0, avg: 0.00)
Length (states) of path with itp non-trivial itp:       630 (count: 35, min: 1, max: 35, avg: 18.00)
Length (states) of path with itp 'false':                35 (count: 35, min: 1, max: 1, avg: 1.00)
Different non-trivial interpolants along paths:         595 (count: 35, min: 0, max: 34, avg: 17.00)
Equal non-trivial interpolants along paths:               0 (count: 35, min: 0, max: 0, avg: 0.00)
Number of refs with location-based cutoff:                0

CEGAR algorithm statistics
--------------------------
Number of refinements:                35
Number of successful refinements:     35
Number of failed refinements:         0
Max. size of reached set before ref.: 290
Max. size of reached set after ref.:  3
Avg. size of reached set before ref.: 153.91
Avg. size of reached set after ref.:  3.00

Total time for CEGAR algorithm:      28.122s
Time for refinements:                 0.948s
Average time for refinement:          0.027s
Max time for refinement:              0.094s

Code Coverage
-----------------------------
  Function coverage:      0.500
  Visited lines:          6
  Total lines:            10
  Line coverage:          0.600
  Visited conditions:     4
  Total conditions:       6
  Condition coverage:     0.667

CPAchecker general statistics
-----------------------------
Number of program locations:     29
Number of CFA edges:             31
Number of relevant variables:    4
Number of functions:             2
Number of loops:                 1
Size of reached set:             179
  Number of reached locations:   11 (38%)
    Avg states per location:     16
    Max states per location:     22 (at node N14)
  Number of reached functions:   1 (50%)
  Number of partitions:          158
    Avg size of partitions:      1
    Max size of partitions:      22 (with key [N14 (before line 12), Function main called from node N9, stack depth 1 [4b0d79fc], stack [main]])
  Number of target states:       0
  Size of final wait list        1

Time for analysis setup:          1.692s
  Time for loading CPAs:          0.538s
  Time for loading parser:        0.479s
  Time for CFA construction:      0.563s
    Time for parsing file(s):     0.274s
    Time for AST to CFA:          0.104s
    Time for CFA sanity check:    0.006s
    Time for post-processing:     0.073s
      Time for var class.:        0.025s
Time for Analysis:               28.122s
CPU time for analysis:           28.120s
Total time for CPAchecker:       29.817s
Total CPU time for CPAchecker:   29.810s
Time for statistics:              0.046s

Time for Garbage Collector:       0.371s (in 69 runs)
Garbage Collector(s) used:    Copy, MarkSweepCompact
Used heap memory:                 64MB (    61 MiB) max;     43MB (    41 MiB) avg;     68MB (    65 MiB) peak
Used non-heap memory:             33MB (    32 MiB) max;     31MB (    29 MiB) avg;     35MB (    33 MiB) peak
Allocated heap memory:           127MB (   121 MiB) max;    127MB (   121 MiB) avg
Allocated non-heap memory:        36MB (    34 MiB) max;     34MB (    33 MiB) avg
Total process virtual memory:   8091MB (  7717 MiB) max;   8080MB (  7706 MiB) avg

Verification result: UNKNOWN, incomplete analysis.
More details about the verification run can be found in the directory "./output".
