scripts/cpa.sh -Dy-MySearchStrategy-PredAbs-ABElf -heap 5600000000 -timelimit 30 -preprocess -stats -noout -setprop cpa.predicate.memoryAllocationsAlwaysSucceed=true -spec ../sv-benchmarks/c/ReachSafety.prp ../sv-benchmarks/c/systemc/kundu_true-unreach-call_false-termination.cil.c


--------------------------------------------------------------------------------


Running CPAchecker with Java heap of size 5600000000.
Running CPAchecker with default stack size (1024k). Specify a larger value with -stack if needed.
Running CPAchecker with the following extra VM options:  -Djava.io.tmpdir=/tmp/BenchExec_run_szhp20pa/tmp
Using the following resource limits: CPU-time limit of 30s (ResourceLimitChecker.fromConfiguration, INFO)

CPAchecker (unknown version) (OpenJDK 64-Bit Server VM 1.8.0_151) started (CPAchecker.run, INFO)

MathSAT5 is available for research and evaluation purposes only. It can not be used in a commercial environment, particularly as part of a commercial product, without written permission. MathSAT5 is provided as is, without any warranty. Please write to mathsat@fbk.eu for additional questions regarding licensing MathSAT5 or obtaining more up-to-date versions. (PredicateCPA:JavaSMT:Mathsat5SolverContext.<init>, WARNING)

Using predicate analysis with MathSAT5 version 5.3.14 (0b98b661254c) (Nov 17 2016 10:59:45, gmp 5.1.3, gcc 4.8.5, 64-bit) and JFactory 1.21. (PredicateCPA:PredicateCPA.<init>, INFO)

Using refinement for predicate analysis with PredicateAbstractionRefinementStrategy strategy. (PredicateCPA:PredicateCPARefiner.<init>, INFO)

Starting analysis ... (CPAchecker.runAlgorithm, INFO)

Shutdown requested (The CPU-time limit of 30s has elapsed.), waiting for termination. (ForceTerminationOnShutdown$1.shutdownRequested, WARNING)

Warning: Analysis interrupted (The CPU-time limit of 30s has elapsed.) (ShutdownNotifier.shutdownIfNecessary, WARNING)

PredicateCPA statistics
-----------------------
Number of abstractions:            16164 (13% of all post computations)
  Times abstraction was reused:    0
  Because of function entry/exit:  14577 (90%)
  Because of loop head:            1474 (9%)
  Because of join nodes:           0 (0%)
  Because of threshold:            0 (0%)
  Because of target state:         113 (1%)
  Times precision was empty:       1070 (7%)
  Times precision was {false}:     274 (2%)
  Times result was cached:         12190 (75%)
  Times cartesian abs was used:    0 (0%)
  Times boolean abs was used:      2630 (16%)
  Times result was 'false':        3063 (19%)
Number of strengthen sat checks:   0
Number of coverage checks:         45829
  BDD entailment checks:           25077
Number of SMT sat checks:          0
  trivial:                         0
  cached:                          0

Max ABE block size:                       26
Number of predicates discovered:          26
Number of abstraction locations:          53
Max number of predicates per location:    15
Avg number of predicates per location:    7
Total predicates per abstraction:         126165
Max number of predicates per abstraction: 15
Avg number of predicates per abstraction: 43.45
Number of irrelevant predicates:          37267 (30%)
Number of preds handled by boolean abs:   18348 (15%)
  Total number of models for allsat:      4045
  Max number of models for allsat:        16
  Avg number of models for allsat:        1.54

Time for post operator:                  1.607s
  Time for path formula creation:        1.476s
Time for strengthen operator:            0.207s
Time for prec operator:                 15.694s
  Time for abstraction:                 15.185s (Max:     0.032s, Count: 16164)
    Boolean abstraction:                 4.317s
    Solving time:                        3.064s (Max:     0.014s)
    Model enumeration time:              0.483s
    Time for BDD construction:           0.316s (Max:     0.012s)
Time for merge operator:                 0.194s
Time for coverage check:                 0.079s
  Time for BDD entailment checks:        0.061s
Total time for SMT solver (w/o itp):     3.548s

Number of path formula cache hits:   127880 (90%)

Inside post operator:                  
  Inside path formula creation:        
    Time for path formula computation:     1.235s

Total number of created targets for pointer analysis: 0


Number of BDD nodes:                               9786
Size of BDD node table:                            270749
Size of BDD cache:                                 27073
Size of BDD node cleanup queue:                       13705 (count: 47036, min: 0, max: 1285, avg: 0.29)
Time for BDD node cleanup:                             0.021s
Time for BDD garbage collection:                       0.000s (in 0 runs)

PrecisionBootstrap statistics
-----------------------------
Init. function predicates:                         0
Init. global predicates:                           0
Init. location predicates:                         0

Invariant Generation statistics
-------------------------------

AutomatonAnalysis (SVCOMP) statistics
-------------------------------------
Number of states:                                  1
Total time for successor computation:                  0.470s
Automaton transfers with branching:                0
Automaton transfer successors:                       120887 (count: 120887, min: 1, max: 1, avg: 1.00) [1 x 120887]

CPA algorithm statistics
------------------------
Number of iterations:            94784
Max size of waitlist:            22
Average size of waitlist:        9
Number of computed successors:   110977
Max successors for one state:    2
Number of times merged:          10376
Number of times stopped:         13063
Number of times breaked:         113

Total time for CPA algorithm:        23.605s (Max:     1.022s)
  Time for choose from waitlist:      0.144s
  Time for precision adjustment:     16.928s
  Time for transfer relation:         4.307s
  Time for merge operator:            0.577s
  Time for stop operator:             0.315s
  Time for adding to reached set:     0.406s

Predicate-Abstraction Refiner statistics
----------------------------------------
Number of predicate refinements:                   113
Avg. length of target path (in blocks):                5415 (count: 113, min: 27, max: 80, avg: 47.92)
Number of infeasible sliced prefixes:                     0 (count: 0, min: 0, max: 0, avg: 0.00)

Time for refinement:                                   2.638s
  Counterexample analysis:                             1.902s (Max:     0.047s, Calls: 113)
    Refinement sat check:                              1.028s
    Interpolant computation:                           0.000s
  Path-formulas extraction:                            0.027s
  Error path post-processing:                          0.000s
  Predicate creation:                                  0.107s
  Precision update:                                    0.098s
  ARG update:                                          0.376s

Length of refined path (in blocks):                    4748 (count: 113, min: 26, max: 77, avg: 42.02)
Number of affected states:                             1993 (count: 113, min: 2, max: 76, avg: 17.64)
Length (states) of path with itp 'true':               2642 (count: 113, min: 0, max: 53, avg: 23.38)
Length (states) of path with itp non-trivial itp:      1993 (count: 113, min: 2, max: 76, avg: 17.64)
Length (states) of path with itp 'false':               113 (count: 113, min: 1, max: 1, avg: 1.00)
Different non-trivial interpolants along paths:          46 (count: 113, min: 0, max: 4, avg: 0.41)
Equal non-trivial interpolants along paths:            1834 (count: 113, min: 1, max: 72, avg: 16.23)
Number of refs with location-based cutoff:                0

CEGAR algorithm statistics
--------------------------
Number of refinements:                113
Number of successful refinements:     113
Number of failed refinements:         0
Max. size of reached set before ref.: 4618
Max. size of reached set after ref.:  4106
Avg. size of reached set before ref.: 2171.04
Avg. size of reached set after ref.:  1365.62

Total time for CEGAR algorithm:      26.861s
Time for refinements:                 3.123s
Average time for refinement:          0.027s
Max time for refinement:              0.112s

Code Coverage
-----------------------------
  Function coverage:      0.957
  Visited lines:          258
  Total lines:            265
  Line coverage:          0.974
  Visited conditions:     86
  Total conditions:       86
  Condition coverage:     1.000

CPAchecker general statistics
-----------------------------
Number of program locations:     403
Number of CFA edges:             456
Number of relevant variables:    41
Number of functions:             23
Number of loops:                 2
Size of reached set:             3839
  Number of reached locations:   296 (73%)
    Avg states per location:     12
    Max states per location:     39 (at node N278)
  Number of reached functions:   22 (96%)
  Number of partitions:          3738
    Avg size of partitions:      1
    Max size of partitions:      15 (with key [N251 (before lines 347-402), Function eval called from node N383, stack depth 3 [5f332047], stack [main, start_simulation, eval]])
  Number of target states:       0
  Size of final wait list        5

Time for analysis setup:          2.867s
  Time for loading CPAs:          0.841s
  Time for loading parser:        0.761s
  Time for CFA construction:      1.116s
    Time for parsing file(s):     0.362s
    Time for AST to CFA:          0.245s
    Time for CFA sanity check:    0.088s
    Time for post-processing:     0.258s
      Time for var class.:        0.094s
Time for Analysis:               26.861s
CPU time for analysis:           26.860s
Total time for CPAchecker:       29.732s
Total CPU time for CPAchecker:   29.720s
Time for statistics:              0.153s

Time for Garbage Collector:       0.579s (in 61 runs)
Garbage Collector(s) used:    Copy, MarkSweepCompact
Used heap memory:                 68MB (    65 MiB) max;     43MB (    41 MiB) avg;     71MB (    68 MiB) peak
Used non-heap memory:             36MB (    34 MiB) max;     33MB (    32 MiB) avg;     37MB (    35 MiB) peak
Allocated heap memory:           127MB (   121 MiB) max;    127MB (   121 MiB) avg
Allocated non-heap memory:        39MB (    37 MiB) max;     36MB (    34 MiB) avg
Total process virtual memory:   8087MB (  7712 MiB) max;   8074MB (  7700 MiB) avg

Verification result: UNKNOWN, incomplete analysis.
More details about the verification run can be found in the directory "./output".
