scripts/cpa.sh -Dy-MySearchStrategy-PredAbs-ABEl -heap 5600000000 -timelimit 30 -preprocess -stats -noout -setprop cpa.predicate.memoryAllocationsAlwaysSucceed=true -spec ../sv-benchmarks/c/ReachSafety.prp ../sv-benchmarks/c/list-properties/simple_true-unreach-call_false-valid-memtrack.i


--------------------------------------------------------------------------------


Running CPAchecker with Java heap of size 5600000000.
Running CPAchecker with default stack size (1024k). Specify a larger value with -stack if needed.
Running CPAchecker with the following extra VM options:  -Djava.io.tmpdir=/tmp/BenchExec_run_pgu3tk9z/tmp
Using the following resource limits: CPU-time limit of 30s (ResourceLimitChecker.fromConfiguration, INFO)

CPAchecker (unknown version) (OpenJDK 64-Bit Server VM 1.8.0_162) started (CPAchecker.run, INFO)

MathSAT5 is available for research and evaluation purposes only. It can not be used in a commercial environment, particularly as part of a commercial product, without written permission. MathSAT5 is provided as is, without any warranty. Please write to mathsat@fbk.eu for additional questions regarding licensing MathSAT5 or obtaining more up-to-date versions. (PredicateCPA:JavaSMT:Mathsat5SolverContext.<init>, WARNING)

Using predicate analysis with MathSAT5 version 5.3.14 (0b98b661254c) (Nov 17 2016 10:59:45, gmp 5.1.3, gcc 4.8.5, 64-bit) and JFactory 1.21. (PredicateCPA:PredicateCPA.<init>, INFO)

Using refinement for predicate analysis with PredicateAbstractionRefinementStrategy strategy. (PredicateCPA:PredicateCPARefiner.<init>, INFO)

Starting analysis ... (CPAchecker.runAlgorithm, INFO)

Shutdown requested (The CPU-time limit of 30s has elapsed.), waiting for termination. (ForceTerminationOnShutdown$1.shutdownRequested, WARNING)

Warning: Analysis interrupted (The CPU-time limit of 30s has elapsed.) (ShutdownNotifier.shutdownIfNecessary, WARNING)

PredicateCPA statistics
-----------------------
Number of abstractions:            150 (13% of all post computations)
  Times abstraction was reused:    0
  Because of function entry/exit:  0 (0%)
  Because of loop head:            109 (73%)
  Because of join nodes:           0 (0%)
  Because of threshold:            0 (0%)
  Because of target state:         41 (27%)
  Times precision was empty:       4 (3%)
  Times precision was {false}:     33 (22%)
  Times result was cached:         22 (15%)
  Times cartesian abs was used:    0 (0%)
  Times boolean abs was used:      91 (61%)
  Times result was 'false':        38 (25%)
Number of strengthen sat checks:   0
Number of coverage checks:         260
  BDD entailment checks:           260
Number of SMT sat checks:          0
  trivial:                         0
  cached:                          0

Max ABE block size:                       8
Number of predicates discovered:          45
Number of abstraction locations:          3
Max number of predicates per location:    38
Avg number of predicates per location:    15
Total predicates per abstraction:         811
Max number of predicates per abstraction: 38
Avg number of predicates per abstraction: 6.54
Number of irrelevant predicates:          69 (9%)
Number of preds handled by boolean abs:   638 (79%)
  Total number of models for allsat:      13249
  Max number of models for allsat:        12096
  Avg number of models for allsat:        145.59

Time for post operator:                  0.405s
  Time for path formula creation:        0.393s
Time for strengthen operator:            0.017s
Time for prec operator:                 25.744s
  Time for abstraction:                 25.703s (Max:    20.647s, Count: 150)
    Boolean abstraction:                24.930s
    Solving time:                        0.349s (Max:     0.019s)
    Model enumeration time:             17.966s
    Time for BDD construction:           6.511s (Max:     1.061s)
Time for merge operator:                 0.000s
Time for coverage check:                 0.009s
  Time for BDD entailment checks:        0.009s
Total time for SMT solver (w/o itp):    18.316s

Number of path formula cache hits:   702 (57%)

Inside post operator:                  
  Inside path formula creation:        
    Time for path formula computation:     0.376s

Total number of created targets for pointer analysis: 189
   Number of created targets for uf: *signed_int is 46
   Number of created targets for uf: *(struct_node)* is 55


Number of BDD nodes:                               170718
Size of BDD node table:                            270749
Size of BDD cache:                                 27073
Size of BDD node cleanup queue:                        1627 (count: 1696, min: 0, max: 1543, avg: 0.96)
Time for BDD node cleanup:                             0.008s
Time for BDD garbage collection:                       0.183s (in 20 runs)

PrecisionBootstrap statistics
-----------------------------
Init. function predicates:                         0
Init. global predicates:                           0
Init. location predicates:                         0

Invariant Generation statistics
-------------------------------

AutomatonAnalysis (SVCOMP) statistics
-------------------------------------
Number of states:                                  1
Total time for successor computation:                  0.069s
Automaton transfers with branching:                0
Automaton transfer successors:                         1129 (count: 1164, min: 0, max: 1, avg: 0.97) [0 x 35, 1 x 1129]

CPA algorithm statistics
------------------------
Number of iterations:            629
Max size of waitlist:            8
Average size of waitlist:        3
Number of computed successors:   704
Max successors for one state:    2
Number of times merged:          0
Number of times stopped:         27
Number of times breaked:         9

Total time for CPA algorithm:        26.559s (Max:    23.910s)
  Time for choose from waitlist:      0.006s
  Time for precision adjustment:     25.827s
  Time for transfer relation:         0.628s
  Time for merge operator:            0.022s
  Time for stop operator:             0.017s
  Time for adding to reached set:     0.039s

Predicate-Abstraction Refiner statistics
----------------------------------------
Number of predicate refinements:                   9
Avg. length of target path (in blocks):                  55 (count: 9, min: 3, max: 12, avg: 6.11)
Number of infeasible sliced prefixes:                     0 (count: 0, min: 0, max: 0, avg: 0.00)

Time for refinement:                                   0.319s
  Counterexample analysis:                             0.257s (Max:     0.148s, Calls: 9)
    Refinement sat check:                              0.105s
    Interpolant computation:                           0.000s
  Path-formulas extraction:                            0.001s
  Error path post-processing:                          0.000s
  Predicate creation:                                  0.032s
  Precision update:                                    0.006s
  ARG update:                                          0.015s

Length of refined path (in blocks):                      55 (count: 9, min: 3, max: 12, avg: 6.11)
Number of affected states:                               46 (count: 9, min: 2, max: 11, avg: 5.11)
Length (states) of path with itp 'true':                  0 (count: 9, min: 0, max: 0, avg: 0.00)
Length (states) of path with itp non-trivial itp:        46 (count: 9, min: 2, max: 11, avg: 5.11)
Length (states) of path with itp 'false':                 0 (count: 9, min: 0, max: 0, avg: 0.00)
Different non-trivial interpolants along paths:          37 (count: 9, min: 1, max: 10, avg: 4.11)
Equal non-trivial interpolants along paths:               0 (count: 9, min: 0, max: 0, avg: 0.00)
Number of refs with location-based cutoff:                0

CEGAR algorithm statistics
--------------------------
Number of refinements:                9
Number of successful refinements:     9
Number of failed refinements:         0
Max. size of reached set before ref.: 159
Max. size of reached set after ref.:  6
Avg. size of reached set before ref.: 75.44
Avg. size of reached set after ref.:  6.00

Total time for CEGAR algorithm:      26.914s
Time for refinements:                 0.354s
Average time for refinement:          0.039s
Max time for refinement:              0.169s

Code Coverage
-----------------------------
  Function coverage:      0.500
  Visited lines:          140
  Total lines:            149
  Line coverage:          0.940
  Visited conditions:     6
  Total conditions:       10
  Condition coverage:     0.600

CPAchecker general statistics
-----------------------------
Number of program locations:     291
Number of CFA edges:             293
Number of relevant variables:    7
Number of functions:             2
Number of loops:                 3
Size of reached set:             14
  Number of reached locations:   14 (5%)
    Avg states per location:     1
    Max states per location:     1 (at node N6)
  Number of reached functions:   1 (50%)
  Number of partitions:          14
    Avg size of partitions:      1
    Max size of partitions:      1
  Number of target states:       0
  Size of final wait list        2

Time for analysis setup:          3.253s
  Time for loading CPAs:          0.879s
  Time for loading parser:        0.777s
  Time for CFA construction:      1.394s
    Time for parsing file(s):     0.540s
    Time for AST to CFA:          0.343s
    Time for CFA sanity check:    0.047s
    Time for post-processing:     0.243s
      Time for var class.:        0.071s
Time for Analysis:               26.914s
CPU time for analysis:           26.920s
Total time for CPAchecker:       30.174s
Total CPU time for CPAchecker:   30.170s
Time for statistics:              0.076s

Time for Garbage Collector:       0.233s (in 33 runs)
Garbage Collector(s) used:    Copy, MarkSweepCompact
Used heap memory:                 60MB (    57 MiB) max;     41MB (    39 MiB) avg;     64MB (    61 MiB) peak
Used non-heap memory:             33MB (    31 MiB) max;     31MB (    29 MiB) avg;     34MB (    32 MiB) peak
Allocated heap memory:           127MB (   121 MiB) max;    127MB (   121 MiB) avg
Allocated non-heap memory:        35MB (    33 MiB) max;     33MB (    32 MiB) avg
Total process virtual memory:   8136MB (  7760 MiB) max;   8121MB (  7744 MiB) avg

Verification result: UNKNOWN, incomplete analysis.
More details about the verification run can be found in the directory "./output".
