scripts/cpa.sh -Dy-MySearchStrategy-PredAbs-ABElf -heap 5600000000 -timelimit 900 -preprocess -stats -noout -setprop cpa.predicate.memoryAllocationsAlwaysSucceed=true -spec ../sv-benchmarks/c/ReachSafety.prp ../sv-benchmarks/c/ldv-linux-4.2-rc1/linux-4.2-rc1.tar.xz-08_1a-drivers--net--ethernet--mellanox--mlx5--core--mlx5_core.ko-entry_point_true-unreach-call.cil.out.c


--------------------------------------------------------------------------------


Running CPAchecker with Java heap of size 5600000000.
Running CPAchecker with default stack size (1024k). Specify a larger value with -stack if needed.
Running CPAchecker with the following extra VM options:  -Djava.io.tmpdir=/tmp/BenchExec_run_yiq29rza/tmp
Using the following resource limits: CPU-time limit of 900s (ResourceLimitChecker.fromConfiguration, INFO)

CPAchecker (unknown version) (OpenJDK 64-Bit Server VM 1.8.0_162) started (CPAchecker.run, INFO)

line 7923: Dead code detected: __asm__ ("movb %%gs:%P1,%0": "=q" (pfo_ret__): "p" (& current_task)); (CFACreationUtils.addEdgeToCFA, INFO)

line 7926: Dead code detected: __asm__ ("movw %%gs:%P1,%0": "=r" (pfo_ret__): "p" (& current_task)); (CFACreationUtils.addEdgeToCFA, INFO)

line 7929: Dead code detected: __asm__ ("movl %%gs:%P1,%0": "=r" (pfo_ret__): "p" (& current_task)); (CFACreationUtils.addEdgeToCFA, INFO)

none: Dead code detected: switch (8UL) {
  case 1UL:
  __asm__ ("movb %%gs:%P1,%0": "=q" (pfo_ret__): "p" (& current_task));
  goto ldv_3129;
  case 2UL:
  __asm__ ("movw %%gs:%P1,%0": "=r" (pfo_ret__): "p" (& current_task));
  goto ldv_3129;
  case 4UL:
  __asm__ ("movl %%gs:%P1,%0": "=r" (pfo_ret__): "p" (& current_task));
  goto ldv_3129;
  case 8UL:
  __asm__ ("movq %%gs:%P1,%0": "=r" (pfo_ret__): "p" (& current_task));
  goto ldv_3129;
  default:
  __bad_percpu_size();
  } (CFACreationUtils.addEdgeToCFA, INFO)

lines 16477-16492: Dead code detected: switch (4UL) (CFACreationUtils.addEdgeToCFA, INFO)

line 16479: Dead code detected: __asm__ ("movb %%gs:%1,%0": "=q" (pfo_ret__): "m" (numa_node)); (CFACreationUtils.addEdgeToCFA, INFO)

line 16482: Dead code detected: __asm__ ("movw %%gs:%1,%0": "=r" (pfo_ret__): "m" (numa_node)); (CFACreationUtils.addEdgeToCFA, INFO)

line 16484: Dead code detected:  (CFACreationUtils.addEdgeToCFA, INFO)

line 16488: Dead code detected: __asm__ ("movq %%gs:%1,%0": "=r" (pfo_ret__): "m" (numa_node)); (CFACreationUtils.addEdgeToCFA, INFO)

none: Dead code detected: switch (4UL) {
  case 1UL:
  __asm__ ("movb %%gs:%1,%0": "=q" (pfo_ret__): "m" (numa_node));
  goto ldv_13511;
  case 2UL:
  __asm__ ("movw %%gs:%1,%0": "=r" (pfo_ret__): "m" (numa_node));
  goto ldv_13511;
  case 4UL:
  __asm__ ("movl %%gs:%1,%0": "=r" (pfo_ret__): "m" (numa_node));
  goto ldv_13511;
  case 8UL:
  __asm__ ("movq %%gs:%1,%0": "=r" (pfo_ret__): "m" (numa_node));
  goto ldv_13511;
  default:
  __bad_percpu_size();
  } (CFACreationUtils.addEdgeToCFA, INFO)

lines 16497-16512: Dead code detected: switch (4UL) (CFACreationUtils.addEdgeToCFA, INFO)

line 16499: Dead code detected: __asm__ ("movb %%gs:%1,%0": "=q" (pfo_ret_____0): "m" (numa_node)); (CFACreationUtils.addEdgeToCFA, INFO)

line 16502: Dead code detected: __asm__ ("movw %%gs:%1,%0": "=r" (pfo_ret_____0): "m" (numa_node)); (CFACreationUtils.addEdgeToCFA, INFO)

line 16504: Dead code detected:  (CFACreationUtils.addEdgeToCFA, INFO)

line 16508: Dead code detected: __asm__ ("movq %%gs:%1,%0": "=r" (pfo_ret_____0): "m" (numa_node)); (CFACreationUtils.addEdgeToCFA, INFO)

none: Dead code detected: switch (4UL) {
  case 1UL:
  __asm__ ("movb %%gs:%1,%0": "=q" (pfo_ret_____0): "m" (numa_node));
  goto ldv_13521;
  case 2UL:
  __asm__ ("movw %%gs:%1,%0": "=r" (pfo_ret_____0): "m" (numa_node));
  goto ldv_13521;
  case 4UL:
  __asm__ ("movl %%gs:%1,%0": "=r" (pfo_ret_____0): "m" (numa_node));
  goto ldv_13521;
  case 8UL:
  __asm__ ("movq %%gs:%1,%0": "=r" (pfo_ret_____0): "m" (numa_node));
  goto ldv_13521;
  default:
  __bad_percpu_size();
  } (CFACreationUtils.addEdgeToCFA, INFO)

line 16519: Dead code detected: __asm__ ("movb %%gs:%1,%0": "=q" (pfo_ret_____1): "m" (numa_node)); (CFACreationUtils.addEdgeToCFA, INFO)

line 16522: Dead code detected: __asm__ ("movw %%gs:%1,%0": "=r" (pfo_ret_____1): "m" (numa_node)); (CFACreationUtils.addEdgeToCFA, INFO)

line 16528: Dead code detected: __asm__ ("movq %%gs:%1,%0": "=r" (pfo_ret_____1): "m" (numa_node)); (CFACreationUtils.addEdgeToCFA, INFO)

none: Dead code detected: switch (4UL) {
  case 1UL:
  __asm__ ("movb %%gs:%1,%0": "=q" (pfo_ret_____1): "m" (numa_node));
  goto ldv_13530;
  case 2UL:
  __asm__ ("movw %%gs:%1,%0": "=r" (pfo_ret_____1): "m" (numa_node));
  goto ldv_13530;
  case 4UL:
  __asm__ ("movl %%gs:%1,%0": "=r" (pfo_ret_____1): "m" (numa_node));
  goto ldv_13530;
  case 8UL:
  __asm__ ("movq %%gs:%1,%0": "=r" (pfo_ret_____1): "m" (numa_node));
  goto ldv_13530;
  default:
  __bad_percpu_size();
  } (CFACreationUtils.addEdgeToCFA, INFO)

lines 16537-16552: Dead code detected: switch (4UL) (CFACreationUtils.addEdgeToCFA, INFO)

line 16539: Dead code detected: __asm__ ("movb %%gs:%1,%0": "=q" (pfo_ret_____2): "m" (numa_node)); (CFACreationUtils.addEdgeToCFA, INFO)

line 16542: Dead code detected: __asm__ ("movw %%gs:%1,%0": "=r" (pfo_ret_____2): "m" (numa_node)); (CFACreationUtils.addEdgeToCFA, INFO)

line 16544: Dead code detected:  (CFACreationUtils.addEdgeToCFA, INFO)

line 16548: Dead code detected: __asm__ ("movq %%gs:%1,%0": "=r" (pfo_ret_____2): "m" (numa_node)); (CFACreationUtils.addEdgeToCFA, INFO)

none: Dead code detected: switch (4UL) {
  case 1UL:
  __asm__ ("movb %%gs:%1,%0": "=q" (pfo_ret_____2): "m" (numa_node));
  goto ldv_13539;
  case 2UL:
  __asm__ ("movw %%gs:%1,%0": "=r" (pfo_ret_____2): "m" (numa_node));
  goto ldv_13539;
  case 4UL:
  __asm__ ("movl %%gs:%1,%0": "=r" (pfo_ret_____2): "m" (numa_node));
  goto ldv_13539;
  case 8UL:
  __asm__ ("movq %%gs:%1,%0": "=r" (pfo_ret_____2): "m" (numa_node));
  goto ldv_13539;
  default:
  __bad_percpu_size();
  } (CFACreationUtils.addEdgeToCFA, INFO)

none: Dead code detected: switch (4UL) {
  case 1UL: ;
  switch (4UL) {
  case 1UL:
  __asm__ ("movb %%gs:%1,%0": "=q" (pfo_ret__): "m" (numa_node));
  goto ldv_13511;
  case 2UL:
  __asm__ ("movw %%gs:%1,%0": "=r" (pfo_ret__): "m" (numa_node));
  goto ldv_13511;
  case 4UL:
  __asm__ ("movl %%gs:%1,%0": "=r" (pfo_ret__): "m" (numa_node));
  goto ldv_13511;
  case 8UL:
  __asm__ ("movq %%gs:%1,%0": "=r" (pfo_ret__): "m" (numa_node));
  goto ldv_13511;
  default:
  __bad_percpu_size();
  }
  ldv_13511:
  pscr_ret__ = pfo_ret__;
  goto ldv_13517;
  case 2UL: ;
  switch (4UL) {
  case 1UL:
  __asm__ ("movb %%gs:%1,%0": "=q" (pfo_ret_____0): "m" (numa_node));
  goto ldv_13521;
  case 2UL:
  __asm__ ("movw %%gs:%1,%0": "=r" (pfo_ret_____0): "m" (numa_node));
  goto ldv_13521;
  case 4UL:
  __asm__ ("movl %%gs:%1,%0": "=r" (pfo_ret_____0): "m" (numa_node));
  goto ldv_13521;
  case 8UL:
  __asm__ ("movq %%gs:%1,%0": "=r" (pfo_ret_____0): "m" (numa_node));
  goto ldv_13521;
  default:
  __bad_percpu_size();
  }
  ldv_13521:
  pscr_ret__ = pfo_ret_____0;
  goto ldv_13517;
  case 4UL: ;
  switch (4UL) {
  case 1UL:
  __asm__ ("movb %%gs:%1,%0": "=q" (pfo_ret_____1): "m" (numa_node));
  goto ldv_13530;
  case 2UL:
  __asm__ ("movw %%gs:%1,%0": "=r" (pfo_ret_____1): "m" (numa_node));
  goto ldv_13530;
  case 4UL:
  __asm__ ("movl %%gs:%1,%0": "=r" (pfo_ret_____1): "m" (numa_node));
  goto ldv_13530;
  case 8UL:
  __asm__ ("movq %%gs:%1,%0": "=r" (pfo_ret_____1): "m" (numa_node));
  goto ldv_13530;
  default:
  __bad_percpu_size();
  }
  ldv_13530:
  pscr_ret__ = pfo_ret_____1;
  goto ldv_13517;
  case 8UL: ;
  switch (4UL) {
  case 1UL:
  __asm__ ("movb %%gs:%1,%0": "=q" (pfo_ret_____2): "m" (numa_node));
  goto ldv_13539;
  case 2UL:
  __asm__ ("movw %%gs:%1,%0": "=r" (pfo_ret_____2): "m" (numa_node));
  goto ldv_13539;
  case 4UL:
  __asm__ ("movl %%gs:%1,%0": "=r" (pfo_ret_____2): "m" (numa_node));
  goto ldv_13539;
  case 8UL:
  __asm__ ("movq %%gs:%1,%0": "=r" (pfo_ret_____2): "m" (numa_node));
  goto ldv_13539;
  default:
  __bad_percpu_size();
  }
  ldv_13539:
  pscr_ret__ = pfo_ret_____2;
  goto ldv_13517;
  default:
  __bad_size_call_parameter();
  goto ldv_13517;
  } (CFACreationUtils.addEdgeToCFA, INFO)

lines 25598-25613: Dead code detected: switch (4UL) (CFACreationUtils.addEdgeToCFA, INFO)

line 25600: Dead code detected: __asm__ ("movb %%gs:%1,%0": "=q" (pfo_ret__): "m" (cpu_number)); (CFACreationUtils.addEdgeToCFA, INFO)

line 25603: Dead code detected: __asm__ ("movw %%gs:%1,%0": "=r" (pfo_ret__): "m" (cpu_number)); (CFACreationUtils.addEdgeToCFA, INFO)

line 25605: Dead code detected:  (CFACreationUtils.addEdgeToCFA, INFO)

line 25609: Dead code detected: __asm__ ("movq %%gs:%1,%0": "=r" (pfo_ret__): "m" (cpu_number)); (CFACreationUtils.addEdgeToCFA, INFO)

none: Dead code detected: switch (4UL) {
  case 1UL:
  __asm__ ("movb %%gs:%1,%0": "=q" (pfo_ret__): "m" (cpu_number));
  goto ldv_52604;
  case 2UL:
  __asm__ ("movw %%gs:%1,%0": "=r" (pfo_ret__): "m" (cpu_number));
  goto ldv_52604;
  case 4UL:
  __asm__ ("movl %%gs:%1,%0": "=r" (pfo_ret__): "m" (cpu_number));
  goto ldv_52604;
  case 8UL:
  __asm__ ("movq %%gs:%1,%0": "=r" (pfo_ret__): "m" (cpu_number));
  goto ldv_52604;
  default:
  __bad_percpu_size();
  } (CFACreationUtils.addEdgeToCFA, INFO)

lines 25618-25633: Dead code detected: switch (4UL) (CFACreationUtils.addEdgeToCFA, INFO)

line 25620: Dead code detected: __asm__ ("movb %%gs:%1,%0": "=q" (pfo_ret_____0): "m" (cpu_number)); (CFACreationUtils.addEdgeToCFA, INFO)

line 25623: Dead code detected: __asm__ ("movw %%gs:%1,%0": "=r" (pfo_ret_____0): "m" (cpu_number)); (CFACreationUtils.addEdgeToCFA, INFO)

line 25625: Dead code detected:  (CFACreationUtils.addEdgeToCFA, INFO)

line 25629: Dead code detected: __asm__ ("movq %%gs:%1,%0": "=r" (pfo_ret_____0): "m" (cpu_number)); (CFACreationUtils.addEdgeToCFA, INFO)

none: Dead code detected: switch (4UL) {
  case 1UL:
  __asm__ ("movb %%gs:%1,%0": "=q" (pfo_ret_____0): "m" (cpu_number));
  goto ldv_52614;
  case 2UL:
  __asm__ ("movw %%gs:%1,%0": "=r" (pfo_ret_____0): "m" (cpu_number));
  goto ldv_52614;
  case 4UL:
  __asm__ ("movl %%gs:%1,%0": "=r" (pfo_ret_____0): "m" (cpu_number));
  goto ldv_52614;
  case 8UL:
  __asm__ ("movq %%gs:%1,%0": "=r" (pfo_ret_____0): "m" (cpu_number));
  goto ldv_52614;
  default:
  __bad_percpu_size();
  } (CFACreationUtils.addEdgeToCFA, INFO)

line 25640: Dead code detected: __asm__ ("movb %%gs:%1,%0": "=q" (pfo_ret_____1): "m" (cpu_number)); (CFACreationUtils.addEdgeToCFA, INFO)

line 25643: Dead code detected: __asm__ ("movw %%gs:%1,%0": "=r" (pfo_ret_____1): "m" (cpu_number)); (CFACreationUtils.addEdgeToCFA, INFO)

line 25649: Dead code detected: __asm__ ("movq %%gs:%1,%0": "=r" (pfo_ret_____1): "m" (cpu_number)); (CFACreationUtils.addEdgeToCFA, INFO)

none: Dead code detected: switch (4UL) {
  case 1UL:
  __asm__ ("movb %%gs:%1,%0": "=q" (pfo_ret_____1): "m" (cpu_number));
  goto ldv_52623;
  case 2UL:
  __asm__ ("movw %%gs:%1,%0": "=r" (pfo_ret_____1): "m" (cpu_number));
  goto ldv_52623;
  case 4UL:
  __asm__ ("movl %%gs:%1,%0": "=r" (pfo_ret_____1): "m" (cpu_number));
  goto ldv_52623;
  case 8UL:
  __asm__ ("movq %%gs:%1,%0": "=r" (pfo_ret_____1): "m" (cpu_number));
  goto ldv_52623;
  default:
  __bad_percpu_size();
  } (CFACreationUtils.addEdgeToCFA, INFO)

lines 25658-25673: Dead code detected: switch (4UL) (CFACreationUtils.addEdgeToCFA, INFO)

line 25660: Dead code detected: __asm__ ("movb %%gs:%1,%0": "=q" (pfo_ret_____2): "m" (cpu_number)); (CFACreationUtils.addEdgeToCFA, INFO)

line 25663: Dead code detected: __asm__ ("movw %%gs:%1,%0": "=r" (pfo_ret_____2): "m" (cpu_number)); (CFACreationUtils.addEdgeToCFA, INFO)

line 25665: Dead code detected:  (CFACreationUtils.addEdgeToCFA, INFO)

line 25669: Dead code detected: __asm__ ("movq %%gs:%1,%0": "=r" (pfo_ret_____2): "m" (cpu_number)); (CFACreationUtils.addEdgeToCFA, INFO)

none: Dead code detected: switch (4UL) {
  case 1UL:
  __asm__ ("movb %%gs:%1,%0": "=q" (pfo_ret_____2): "m" (cpu_number));
  goto ldv_52632;
  case 2UL:
  __asm__ ("movw %%gs:%1,%0": "=r" (pfo_ret_____2): "m" (cpu_number));
  goto ldv_52632;
  case 4UL:
  __asm__ ("movl %%gs:%1,%0": "=r" (pfo_ret_____2): "m" (cpu_number));
  goto ldv_52632;
  case 8UL:
  __asm__ ("movq %%gs:%1,%0": "=r" (pfo_ret_____2): "m" (cpu_number));
  goto ldv_52632;
  default:
  __bad_percpu_size();
  } (CFACreationUtils.addEdgeToCFA, INFO)

none: Dead code detected: switch (4UL) {
  case 1UL: ;
  switch (4UL) {
  case 1UL:
  __asm__ ("movb %%gs:%1,%0": "=q" (pfo_ret__): "m" (cpu_number));
  goto ldv_52604;
  case 2UL:
  __asm__ ("movw %%gs:%1,%0": "=r" (pfo_ret__): "m" (cpu_number));
  goto ldv_52604;
  case 4UL:
  __asm__ ("movl %%gs:%1,%0": "=r" (pfo_ret__): "m" (cpu_number));
  goto ldv_52604;
  case 8UL:
  __asm__ ("movq %%gs:%1,%0": "=r" (pfo_ret__): "m" (cpu_number));
  goto ldv_52604;
  default:
  __bad_percpu_size();
  }
  ldv_52604:
  pscr_ret__ = pfo_ret__;
  goto ldv_52610;
  case 2UL: ;
  switch (4UL) {
  case 1UL:
  __asm__ ("movb %%gs:%1,%0": "=q" (pfo_ret_____0): "m" (cpu_number));
  goto ldv_52614;
  case 2UL:
  __asm__ ("movw %%gs:%1,%0": "=r" (pfo_ret_____0): "m" (cpu_number));
  goto ldv_52614;
  case 4UL:
  __asm__ ("movl %%gs:%1,%0": "=r" (pfo_ret_____0): "m" (cpu_number));
  goto ldv_52614;
  case 8UL:
  __asm__ ("movq %%gs:%1,%0": "=r" (pfo_ret_____0): "m" (cpu_number));
  goto ldv_52614;
  default:
  __bad_percpu_size();
  }
  ldv_52614:
  pscr_ret__ = pfo_ret_____0;
  goto ldv_52610;
  case 4UL: ;
  switch (4UL) {
  case 1UL:
  __asm__ ("movb %%gs:%1,%0": "=q" (pfo_ret_____1): "m" (cpu_number));
  goto ldv_52623;
  case 2UL:
  __asm__ ("movw %%gs:%1,%0": "=r" (pfo_ret_____1): "m" (cpu_number));
  goto ldv_52623;
  case 4UL:
  __asm__ ("movl %%gs:%1,%0": "=r" (pfo_ret_____1): "m" (cpu_number));
  goto ldv_52623;
  case 8UL:
  __asm__ ("movq %%gs:%1,%0": "=r" (pfo_ret_____1): "m" (cpu_number));
  goto ldv_52623;
  default:
  __bad_percpu_size();
  }
  ldv_52623:
  pscr_ret__ = pfo_ret_____1;
  goto ldv_52610;
  case 8UL: ;
  switch (4UL) {
  case 1UL:
  __asm__ ("movb %%gs:%1,%0": "=q" (pfo_ret_____2): "m" (cpu_number));
  goto ldv_52632;
  case 2UL:
  __asm__ ("movw %%gs:%1,%0": "=r" (pfo_ret_____2): "m" (cpu_number));
  goto ldv_52632;
  case 4UL:
  __asm__ ("movl %%gs:%1,%0": "=r" (pfo_ret_____2): "m" (cpu_number));
  goto ldv_52632;
  case 8UL:
  __asm__ ("movq %%gs:%1,%0": "=r" (pfo_ret_____2): "m" (cpu_number));
  goto ldv_52632;
  default:
  __bad_percpu_size();
  }
  ldv_52632:
  pscr_ret__ = pfo_ret_____2;
  goto ldv_52610;
  default:
  __bad_size_call_parameter();
  goto ldv_52610;
  } (CFACreationUtils.addEdgeToCFA, INFO)

Inline assembler ignored, analysis is probably unsound! (CFABuilder.createCFA, WARNING)

line 16689: Function pointer *(ops->map_page) with type dma_addr_t (*)(struct device *, struct page *, unsigned long, size_t , enum dma_data_direction , struct dma_attrs *) is called, but no possible target functions were found. (CFunctionPointerResolver.replaceFunctionPointerCall, WARNING)

line 32387: Function pointer *(ops->map_page) with type dma_addr_t (*)(struct device *, struct page *, unsigned long, size_t , enum dma_data_direction , struct dma_attrs *) is called, but no possible target functions were found. (CFunctionPointerResolver.replaceFunctionPointerCall, WARNING)

lines 32320-32321: Function pointer *(ops->map_page) with type dma_addr_t (*)(struct device *, struct page *, unsigned long, size_t , enum dma_data_direction , struct dma_attrs *) is called, but no possible target functions were found. (CFunctionPointerResolver.replaceFunctionPointerCall, WARNING)

line 16739: Function pointer *(ops->mapping_error) with type int (*)(struct device *, dma_addr_t ) is called, but no possible target functions were found. (CFunctionPointerResolver.replaceFunctionPointerCall, WARNING)

line 16719: Function pointer *(ops->unmap_page) with type void (*)(struct device *, dma_addr_t , size_t , enum dma_data_direction , struct dma_attrs *) is called, but no possible target functions were found. (CFunctionPointerResolver.replaceFunctionPointerCall, WARNING)

line 32354: Function pointer *(ops->unmap_page) with type void (*)(struct device *, dma_addr_t , size_t , enum dma_data_direction , struct dma_attrs *) is called, but no possible target functions were found. (CFunctionPointerResolver.replaceFunctionPointerCall, WARNING)

line 20601: Function pointer *(qp->pfault_handler) with type void (*)(struct mlx5_core_qp *, struct mlx5_pagefault *) is called, but no possible target functions were found. (CFunctionPointerResolver.replaceFunctionPointerCall, WARNING)

line 19064: Function pointer *(srq->event) with type void (*)(struct mlx5_core_srq *, enum mlx5_event ) is called, but no possible target functions were found. (CFunctionPointerResolver.replaceFunctionPointerCall, WARNING)

line 32812: Function pointer *fallback with type u16 (*)(struct net_device *, struct sk_buff *) is called, but no possible target functions were found. (CFunctionPointerResolver.replaceFunctionPointerCall, WARNING)

MathSAT5 is available for research and evaluation purposes only. It can not be used in a commercial environment, particularly as part of a commercial product, without written permission. MathSAT5 is provided as is, without any warranty. Please write to mathsat@fbk.eu for additional questions regarding licensing MathSAT5 or obtaining more up-to-date versions. (PredicateCPA:JavaSMT:Mathsat5SolverContext.<init>, WARNING)

Using predicate analysis with MathSAT5 version 5.3.14 (0b98b661254c) (Nov 17 2016 10:59:45, gmp 5.1.3, gcc 4.8.5, 64-bit) and JFactory 1.21. (PredicateCPA:PredicateCPA.<init>, INFO)

Using refinement for predicate analysis with PredicateAbstractionRefinementStrategy strategy. (PredicateCPA:PredicateCPARefiner.<init>, INFO)

Starting analysis ... (CPAchecker.runAlgorithm, INFO)

line 10135: Destroying the void* pointer ldv_init_zalloc::tmp produces garbage or the memory pointed by it is unused: tmp = ldv_init_zalloc(32UL); (PredicateCPA:DynamicMemoryHandler.handleDeferredAllocationInFunctionExit, WARNING)

Assuming external function ldv_initialize to be a constant function. (PredicateCPA:ExpressionToFormulaVisitor.visit, INFO)

Assuming external function ldv_shutdown_17 to be a constant function. (PredicateCPA:ExpressionToFormulaVisitor.visit, INFO)

Assuming external function debugfs_create_dir to be a pure function. (PredicateCPA:ExpressionToFormulaVisitor.visit, INFO)

line 32088: Destroying the void* pointer ldv_init_zalloc::tmp produces garbage or the memory pointed by it is unused: tmp = ldv_init_zalloc(1UL); (PredicateCPA:DynamicMemoryHandler.handleDeferredAllocationInFunctionExit, WARNING)

line 32090: Destroying the void* pointer ldv_init_zalloc::tmp produces garbage or the memory pointed by it is unused: tmp___0 = ldv_init_zalloc(8UL); (PredicateCPA:DynamicMemoryHandler.handleDeferredAllocationInFunctionExit, WARNING)

line 13293: Destroying the void* pointer ldv_init_zalloc::tmp produces garbage or the memory pointed by it is unused: tmp___0 = ldv_init_zalloc(8UL); (PredicateCPA:DynamicMemoryHandler.handleDeferredAllocationInFunctionExit, WARNING)

line 29142: Destroying the void* pointer ldv_init_zalloc::tmp produces garbage or the memory pointed by it is unused: tmp___1 = ldv_init_zalloc(184UL); (PredicateCPA:DynamicMemoryHandler.handleDeferredAllocationInFunctionExit, WARNING)

line 32092: Destroying the void* pointer ldv_init_zalloc::tmp produces garbage or the memory pointed by it is unused: tmp___1 = ldv_init_zalloc(196UL); (PredicateCPA:DynamicMemoryHandler.handleDeferredAllocationInFunctionExit, WARNING)

line 14524: Destroying the void* pointer ldv_init_zalloc::tmp produces garbage or the memory pointed by it is unused: tmp___2 = ldv_init_zalloc(1UL); (PredicateCPA:DynamicMemoryHandler.handleDeferredAllocationInFunctionExit, WARNING)

Assuming external function ldv_release_16 to be a constant function. (PredicateCPA:ExpressionToFormulaVisitor.visit, INFO)

Assuming external function simple_open to be a pure function. (PredicateCPA:ExpressionToFormulaVisitor.visit, INFO)

Assuming external function ldv_release_12 to be a constant function. (PredicateCPA:ExpressionToFormulaVisitor.visit, INFO)

line 10325: Destroying the void* pointer ldv_main_exported_10::tmp produces garbage or the memory pointed by it is unused: ldv_main_exported_10(); (PredicateCPA:DynamicMemoryHandler.handleDeferredAllocationInFunctionExit, WARNING)

line 10325: Destroying the void* pointer ldv_main_exported_10::tmp___0 produces garbage or the memory pointed by it is unused: ldv_main_exported_10(); (PredicateCPA:DynamicMemoryHandler.handleDeferredAllocationInFunctionExit, WARNING)

line 10325: Destroying the void* pointer ldv_main_exported_10::tmp___1 produces garbage or the memory pointed by it is unused: ldv_main_exported_10(); (PredicateCPA:DynamicMemoryHandler.handleDeferredAllocationInFunctionExit, WARNING)

Assuming external function ethtool_op_get_link to be a pure function. (PredicateCPA:ExpressionToFormulaVisitor.visit, INFO)

Assuming external function ldv_release_15 to be a constant function. (PredicateCPA:ExpressionToFormulaVisitor.visit, INFO)

Assuming external function ldv_release_14 to be a constant function. (PredicateCPA:ExpressionToFormulaVisitor.visit, INFO)

Assuming external function snprintf to be a pure function. (PredicateCPA:ExpressionToFormulaVisitor.visit, INFO)

Assuming external function ldv_release_13 to be a constant function. (PredicateCPA:ExpressionToFormulaVisitor.visit, INFO)

Assuming external function ldv_ndo_uninit_11 to be a constant function. (PredicateCPA:ExpressionToFormulaVisitor.visit, INFO)

Assuming external function ldv_ndo_init_11 to be a constant function. (PredicateCPA:ExpressionToFormulaVisitor.visit, INFO)

line 10168: Destroying the void* pointer ldv_main_exported_11::tmp___0 produces garbage or the memory pointed by it is unused: ldv_main_exported_11(); (PredicateCPA:DynamicMemoryHandler.handleDeferredAllocationInFunctionExit, WARNING)

line 10637: Return type of function __builtin_object_size is void, but result is used as type int: tmp = __builtin_object_size((const void *)to, 0); (PredicateCPA:CtoFormulaConverter.getReturnType, WARNING)

Assuming external function __builtin_object_size to be a pure function. (PredicateCPA:ExpressionToFormulaVisitor.visit, INFO)

Cannot get declaration of function __builtin_object_size, ignoring calls to it. (PredicateCPA:ExpressionToFormulaVisitor.visit, WARNING)

Assuming external function __might_fault to be a pure function. (PredicateCPA:ExpressionToFormulaVisitor.visit, INFO)

line 10656: Return type of function __builtin_object_size is void, but result is used as type int: tmp = __builtin_object_size(from, 0); (PredicateCPA:CtoFormulaConverter.getReturnType, WARNING)

Assuming external function mutex_lock_nested to be a pure function. (PredicateCPA:ExpressionToFormulaVisitor.visit, INFO)

Assuming external function list_del to be a pure function. (PredicateCPA:ExpressionToFormulaVisitor.visit, INFO)

Assuming external function mutex_unlock to be a pure function. (PredicateCPA:ExpressionToFormulaVisitor.visit, INFO)

Assuming external function pci_unregister_driver to be a pure function. (PredicateCPA:ExpressionToFormulaVisitor.visit, INFO)

Assuming external function destroy_workqueue to be a pure function. (PredicateCPA:ExpressionToFormulaVisitor.visit, INFO)

Assuming external function debugfs_remove to be a pure function. (PredicateCPA:ExpressionToFormulaVisitor.visit, INFO)

Assuming external function dev_err to be a pure function. (PredicateCPA:ExpressionToFormulaVisitor.visit, INFO)

Assuming external function __alloc_workqueue_key to be a pure function. (PredicateCPA:ExpressionToFormulaVisitor.visit, INFO)

Assuming external function __init_work to be a pure function. (PredicateCPA:ExpressionToFormulaVisitor.visit, INFO)

Assuming external function lockdep_init_map to be a pure function. (PredicateCPA:ExpressionToFormulaVisitor.visit, INFO)

Assuming external function __pci_register_driver to be a pure function. (PredicateCPA:ExpressionToFormulaVisitor.visit, INFO)

Assuming external function unregister_netdev to be a pure function. (PredicateCPA:ExpressionToFormulaVisitor.visit, INFO)

Assuming external function memset to be a pure function. (PredicateCPA:ExpressionToFormulaVisitor.visit, INFO)

Assuming external function _raw_spin_lock to be a pure function. (PredicateCPA:ExpressionToFormulaVisitor.visit, INFO)

Assuming external function _raw_spin_lock_irq to be a pure function. (PredicateCPA:ExpressionToFormulaVisitor.visit, INFO)

Assuming external function _raw_spin_unlock_irq to be a pure function. (PredicateCPA:ExpressionToFormulaVisitor.visit, INFO)

Shutdown requested (The CPU-time limit of 900s has elapsed.), waiting for termination. (ForceTerminationOnShutdown$1.shutdownRequested, WARNING)

Warning: Analysis interrupted (The CPU-time limit of 900s has elapsed.) (ShutdownNotifier.shutdownIfNecessary, WARNING)

PredicateCPA statistics
-----------------------
Number of abstractions:            204635 (16% of all post computations)
  Times abstraction was reused:    0
  Because of function entry/exit:  184584 (90%)
  Because of loop head:            19912 (10%)
  Because of join nodes:           0 (0%)
  Because of threshold:            0 (0%)
  Because of target state:         139 (0%)
  Times precision was empty:       93337 (46%)
  Times precision was {false}:     2292 (1%)
  Times result was cached:         103060 (50%)
  Times cartesian abs was used:    0 (0%)
  Times boolean abs was used:      5946 (3%)
  Times result was 'false':        5645 (3%)
Number of strengthen sat checks:   0
Number of coverage checks:         179776
  BDD entailment checks:           46502
Number of SMT sat checks:          0
  trivial:                         0
  cached:                          0

Max ABE block size:                       209
Number of predicates discovered:          17
Number of abstraction locations:          163
Max number of predicates per location:    15
Avg number of predicates per location:    5
Total predicates per abstraction:         493420
Max number of predicates per abstraction: 15
Avg number of predicates per abstraction: 59.90
Number of irrelevant predicates:          229715 (47%)
Number of preds handled by boolean abs:   20691 (4%)
  Total number of models for allsat:      322769
  Max number of models for allsat:        3888
  Avg number of models for allsat:        54.28

Time for post operator:                 88.693s
  Time for path formula creation:       87.840s
Time for strengthen operator:            1.275s
Time for prec operator:                744.097s
  Time for abstraction:                737.192s (Max:     1.501s, Count: 204635)
    Boolean abstraction:               414.440s
    Solving time:                      501.120s (Max:     1.013s)
    Model enumeration time:            146.611s
    Time for BDD construction:           8.763s (Max:     0.194s)
Time for merge operator:                 3.843s
Time for coverage check:                 0.109s
  Time for BDD entailment checks:        0.079s
Total time for SMT solver (w/o itp):   647.732s

Number of path formula cache hits:   1239542 (83%)

Inside post operator:                  
  Inside path formula creation:        
    Time for path formula computation:    65.193s

Total number of created targets for pointer analysis: 1024509
   Number of created targets for uf: *unsigned_short_int is 985
   Number of created targets for uf: *(void)* is 1810
   Number of created targets for uf: *unsigned_char is 938
   Number of created targets for uf: *(struct_list_head)* is 7
   Number of created targets for uf: *signed_long_long_int is 41
   Number of created targets for uf: *unsigned_long_long_int is 730
   Number of created targets for uf: *char is 205081
   Number of created targets for uf: *unsigned_int is 26981


Number of BDD nodes:                               105959
Size of BDD node table:                            270749
Size of BDD cache:                                 27073
Size of BDD node cleanup queue:                       14861 (count: 191131, min: 0, max: 348, avg: 0.08)
Time for BDD node cleanup:                             0.054s
Time for BDD garbage collection:                       0.000s (in 0 runs)

PrecisionBootstrap statistics
-----------------------------
Init. function predicates:                         0
Init. global predicates:                           0
Init. location predicates:                         0

Invariant Generation statistics
-------------------------------

AutomatonAnalysis (SVCOMP) statistics
-------------------------------------
Number of states:                                  1
Total time for successor computation:                  2.183s
  Time for transition matches:                         1.296s
  Time for transition assertions:                      0.002s
  Time for transition actions:                         0.008s
Automaton transfers with branching:                0
Automaton transfer successors:                      1271119 (count: 1271119, min: 1, max: 1, avg: 1.00) [1 x 1271119]

CPA algorithm statistics
------------------------
Number of iterations:            733138
Max size of waitlist:            498
Average size of waitlist:        167
Number of computed successors:   862117
Max successors for one state:    2
Number of times merged:          66637
Number of times stopped:         87375
Number of times breaked:         139

Total time for CPA algorithm:       865.869s (Max:    16.957s)
  Time for choose from waitlist:      0.511s
  Time for precision adjustment:    750.835s
  Time for transfer relation:       103.747s
  Time for merge operator:            4.992s
  Time for stop operator:             1.327s
  Time for adding to reached set:     1.628s

Predicate-Abstraction Refiner statistics
----------------------------------------
Number of predicate refinements:                   139
Avg. length of target path (in blocks):               15461 (count: 139, min: 28, max: 145, avg: 111.23)
Number of infeasible sliced prefixes:                     0 (count: 0, min: 0, max: 0, avg: 0.00)

Time for refinement:                                  20.365s
  Counterexample analysis:                            18.639s (Max:     0.395s, Calls: 139)
    Refinement sat check:                             14.765s
    Interpolant computation:                           0.000s
  Path-formulas extraction:                            0.008s
  Error path post-processing:                          0.000s
  Predicate creation:                                  0.129s
  Precision update:                                    0.107s
  ARG update:                                          1.308s

Length of refined path (in blocks):                   12370 (count: 139, min: 16, max: 127, avg: 88.99)
Number of affected states:                             9463 (count: 139, min: 3, max: 126, avg: 68.08)
Length (states) of path with itp 'true':               2768 (count: 139, min: 0, max: 65, avg: 19.91)
Length (states) of path with itp non-trivial itp:      9463 (count: 139, min: 3, max: 126, avg: 68.08)
Length (states) of path with itp 'false':               139 (count: 139, min: 1, max: 1, avg: 1.00)
Different non-trivial interpolants along paths:           0 (count: 139, min: 0, max: 0, avg: 0.00)
Equal non-trivial interpolants along paths:            9324 (count: 139, min: 2, max: 125, avg: 67.08)
Number of refs with location-based cutoff:                0

CEGAR algorithm statistics
--------------------------
Number of refinements:                139
Number of successful refinements:     139
Number of failed refinements:         0
Max. size of reached set before ref.: 8935
Max. size of reached set after ref.:  759
Avg. size of reached set before ref.: 5775.25
Avg. size of reached set after ref.:  288.59

Total time for CEGAR algorithm:     886.947s
Time for refinements:                21.026s
Average time for refinement:          0.151s
Max time for refinement:              0.421s

Code Coverage
-----------------------------
  Function coverage:      0.111
  Visited lines:          2687
  Total lines:            16052
  Line coverage:          0.167
  Visited conditions:     336
  Total conditions:       3626
  Condition coverage:     0.093

CPAchecker general statistics
-----------------------------
Number of program locations:     21553
Number of CFA edges:             25187
Number of relevant variables:    4595
Number of functions:             892
Number of loops:                 151
Size of reached set:             6451
  Number of reached locations:   944 (4%)
    Avg states per location:     6
    Max states per location:     159 (at node N200)
  Number of reached functions:   99 (11%)
  Number of partitions:          6421
    Avg size of partitions:      1
    Max size of partitions:      8 (with key [N1657 (before line 10164), Function main called from node N1622, stack depth 1 [6f77917c], stack [main]])
  Number of target states:       0
  Size of final wait list        249

Time for analysis setup:         13.275s
  Time for loading CPAs:          1.535s
  Time for loading parser:        0.740s
  Time for CFA construction:     10.840s
    Time for parsing file(s):     1.901s
    Time for AST to CFA:          3.905s
    Time for CFA sanity check:    1.348s
    Time for post-processing:     3.533s
      Time for var class.:        1.699s
Time for Analysis:              886.947s
CPU time for analysis:          886.820s
Total time for CPAchecker:      900.227s
Total CPU time for CPAchecker:  900.060s
Time for statistics:              0.271s

Time for Garbage Collector:       9.451s (in 624 runs)
Garbage Collector(s) used:    Copy, MarkSweepCompact
Used heap memory:                258MB (   246 MiB) max;    164MB (   157 MiB) avg;    262MB (   249 MiB) peak
Used non-heap memory:             51MB (    49 MiB) max;     41MB (    39 MiB) avg;     51MB (    49 MiB) peak
Allocated heap memory:           275MB (   262 MiB) max;    235MB (   224 MiB) avg
Allocated non-heap memory:        52MB (    50 MiB) max;     52MB (    49 MiB) avg
Total process virtual memory:   8829MB (  8420 MiB) max;   8440MB (  8049 MiB) avg

Verification result: UNKNOWN, incomplete analysis.
More details about the verification run can be found in the directory "./output".
