scripts/cpa.sh -Dy-MySearchStrategy-PredAbs-ABElf -heap 5600000000 -timelimit 30 -preprocess -stats -noout -setprop cpa.predicate.memoryAllocationsAlwaysSucceed=true -spec ../sv-benchmarks/c/ReachSafety.prp ../sv-benchmarks/c/ldv-linux-3.16-rc1/43_2a_consumption_linux-3.16-rc1.tar.xz-43_2a-net--sched--sch_atm.ko-entry_point_true-unreach-call.cil.out.c


--------------------------------------------------------------------------------


Running CPAchecker with Java heap of size 5600000000.
Running CPAchecker with default stack size (1024k). Specify a larger value with -stack if needed.
Running CPAchecker with the following extra VM options:  -Djava.io.tmpdir=/tmp/BenchExec_run_mzntnw27/tmp
Using the following resource limits: CPU-time limit of 30s (ResourceLimitChecker.fromConfiguration, INFO)

CPAchecker (unknown version) (OpenJDK 64-Bit Server VM 1.8.0_162) started (CPAchecker.run, INFO)

Inline assembler ignored, analysis is probably unsound! (CFABuilder.createCFA, WARNING)

line 7210: Function pointer *(walker->fn) with type int (*)(struct Qdisc *, unsigned long, struct qdisc_walker *) is called, but no possible target functions were found. (CFunctionPointerResolver.replaceFunctionPointerCall, WARNING)

line 7509: Function pointer *(flow->vcc->send) with type int (*)(struct atm_vcc *, struct sk_buff *) is called, but no possible target functions were found. (CFunctionPointerResolver.replaceFunctionPointerCall, WARNING)

MathSAT5 is available for research and evaluation purposes only. It can not be used in a commercial environment, particularly as part of a commercial product, without written permission. MathSAT5 is provided as is, without any warranty. Please write to mathsat@fbk.eu for additional questions regarding licensing MathSAT5 or obtaining more up-to-date versions. (PredicateCPA:JavaSMT:Mathsat5SolverContext.<init>, WARNING)

Using predicate analysis with MathSAT5 version 5.3.14 (0b98b661254c) (Nov 17 2016 10:59:45, gmp 5.1.3, gcc 4.8.5, 64-bit) and JFactory 1.21. (PredicateCPA:PredicateCPA.<init>, INFO)

Using refinement for predicate analysis with PredicateAbstractionRefinementStrategy strategy. (PredicateCPA:PredicateCPARefiner.<init>, INFO)

Starting analysis ... (CPAchecker.runAlgorithm, INFO)

line 8079: Destroying the void* pointer ldv_zalloc::tmp produces garbage or the memory pointed by it is unused: tmp = ldv_zalloc(4UL); (PredicateCPA:DynamicMemoryHandler.handleDeferredAllocationInFunctionExit, WARNING)

line 8103: Destroying the void* pointer ldv_zalloc::tmp produces garbage or the memory pointed by it is unused: tmp___11 = ldv_zalloc(20UL); (PredicateCPA:DynamicMemoryHandler.handleDeferredAllocationInFunctionExit, WARNING)

Assuming external function ldv_initialize to be a constant function. (PredicateCPA:ExpressionToFormulaVisitor.visit, INFO)

Assuming external function ldv_probe_2 to be a constant function. (PredicateCPA:ExpressionToFormulaVisitor.visit, INFO)

Assuming external function ldv_setup_1 to be a constant function. (PredicateCPA:ExpressionToFormulaVisitor.visit, INFO)

Assuming external function __dynamic_pr_debug to be a pure function. (PredicateCPA:ExpressionToFormulaVisitor.visit, INFO)

Assuming external function tcf_destroy_chain to be a pure function. (PredicateCPA:ExpressionToFormulaVisitor.visit, INFO)

Assuming external function tasklet_kill to be a pure function. (PredicateCPA:ExpressionToFormulaVisitor.visit, INFO)

Assuming external function __list_del_entry to be a pure function. (PredicateCPA:ExpressionToFormulaVisitor.visit, INFO)

Assuming external function qdisc_destroy to be a pure function. (PredicateCPA:ExpressionToFormulaVisitor.visit, INFO)

Recursion detected, aborting. To ignore recursion, add -skipRecursion to the command line. (CallstackCPA:CallstackTransferRelation.getAbstractSuccessorsForEdge, INFO)

Error: line 6772: Unsupported feature (recursion): atm_tc_put(sch, __CPAchecker_TMP_2); (line was originally atm_tc_put(sch, (unsigned long )flow->excess);) (CallstackTransferRelation.getAbstractSuccessorsForEdge, SEVERE)

PredicateCPA statistics
-----------------------
Number of abstractions:            93 (5% of all post computations)
  Times abstraction was reused:    0
  Because of function entry/exit:  88 (95%)
  Because of loop head:            5 (5%)
  Because of join nodes:           0 (0%)
  Because of threshold:            0 (0%)
  Because of target state:         0 (0%)
  Times precision was empty:       93 (100%)
  Times precision was {false}:     0 (0%)
  Times result was cached:         0 (0%)
  Times cartesian abs was used:    0 (0%)
  Times boolean abs was used:      0 (0%)
  Times result was 'false':        0 (0%)
Number of strengthen sat checks:   0
Number of coverage checks:         88
  BDD entailment checks:           2
Number of SMT sat checks:          0
  trivial:                         0
  cached:                          0

Max ABE block size:                       60
Number of predicates discovered:          0

Time for post operator:                  0.890s
  Time for path formula creation:        0.841s
Time for strengthen operator:            0.016s
Time for prec operator:                  0.030s
  Time for abstraction:                  0.013s (Max:     0.008s, Count: 93)
    Solving time:                        0.000s (Max:     0.000s)
    Model enumeration time:              0.000s
    Time for BDD construction:           0.000s (Max:     0.000s)
Time for merge operator:                 0.019s
Time for coverage check:                 0.015s
  Time for BDD entailment checks:        0.015s
Total time for SMT solver (w/o itp):     0.000s

Number of path formula cache hits:   0 (0%)

Inside post operator:                  
  Inside path formula creation:        
    Time for path formula computation:     0.823s

Total number of created targets for pointer analysis: 3
   Number of created targets for uf: *signed_int is 4


Number of BDD nodes:                               202
Size of BDD node table:                            270749
Size of BDD cache:                                 27073
Size of BDD node cleanup queue:                           0 (count: 96, min: 0, max: 0, avg: 0.00)
Time for BDD node cleanup:                             0.001s
Time for BDD garbage collection:                       0.000s (in 0 runs)

PrecisionBootstrap statistics
-----------------------------
Init. function predicates:                         0
Init. global predicates:                           0
Init. location predicates:                         0

Invariant Generation statistics
-------------------------------

AutomatonAnalysis (SVCOMP) statistics
-------------------------------------
Number of states:                                  1
Total time for successor computation:                  0.043s
Automaton transfers with branching:                0
Automaton transfer successors:                         1827 (count: 1827, min: 1, max: 1, avg: 1.00) [1 x 1827]

CPA algorithm statistics
------------------------
Number of iterations:            403
Max size of waitlist:            54
Average size of waitlist:        29
Number of computed successors:   500
Max successors for one state:    2
Number of times merged:          43
Number of times stopped:         45
Number of times breaked:         0

Total time for CPA algorithm:         1.478s (Max:     1.478s)
  Time for choose from waitlist:      0.017s
  Time for precision adjustment:      0.144s
  Time for transfer relation:         1.166s
  Time for merge operator:            0.053s
  Time for stop operator:             0.025s
  Time for adding to reached set:     0.022s

Predicate-Abstraction Refiner statistics
----------------------------------------
Number of predicate refinements:                   0

CEGAR algorithm statistics
--------------------------
Number of refinements:                0

Code Coverage
-----------------------------
  Function coverage:      0.304
  Visited lines:          1374
  Total lines:            2507
  Line coverage:          0.548
  Visited conditions:     182
  Total conditions:       472
  Condition coverage:     0.386

CPAchecker general statistics
-----------------------------
Number of program locations:     3245
Number of CFA edges:             3592
Number of relevant variables:    443
Number of functions:             92
Number of loops:                 12
Size of reached set:             456
  Number of reached locations:   350 (11%)
    Avg states per location:     1
    Max states per location:     9 (at node N68)
  Number of reached functions:   28 (30%)
  Number of partitions:          456
    Avg size of partitions:      1
    Max size of partitions:      1
  Number of target states:       0
  Size of final wait list        54

Time for analysis setup:          6.135s
  Time for loading CPAs:          1.026s
  Time for loading parser:        0.733s
  Time for CFA construction:      4.261s
    Time for parsing file(s):     1.217s
    Time for AST to CFA:          1.544s
    Time for CFA sanity check:    0.258s
    Time for post-processing:     0.992s
      Time for var class.:        0.452s
Time for Analysis:                1.478s
CPU time for analysis:            1.480s
Total time for CPAchecker:        7.617s
Total CPU time for CPAchecker:    7.600s
Time for statistics:              0.156s

Time for Garbage Collector:       0.221s (in 10 runs)
Garbage Collector(s) used:    Copy, MarkSweepCompact
Used heap memory:                 66MB (    63 MiB) max;     36MB (    34 MiB) avg;     71MB (    68 MiB) peak
Used non-heap memory:             33MB (    32 MiB) max;     25MB (    24 MiB) avg;     34MB (    32 MiB) peak
Allocated heap memory:           127MB (   121 MiB) max;    127MB (   121 MiB) avg
Allocated non-heap memory:        35MB (    33 MiB) max;     27MB (    26 MiB) avg
Total process virtual memory:   8084MB (  7710 MiB) max;   8034MB (  7662 MiB) avg

Verification result: UNKNOWN, incomplete analysis.
More details about the verification run can be found in the directory "./output".
