scripts/cpa.sh -Dy-MySearchStrategy-PredAbs-ABElf -heap 5600000000 -timelimit 900 -preprocess -stats -noout -setprop cpa.predicate.memoryAllocationsAlwaysSucceed=true -spec ../sv-benchmarks/c/ReachSafety.prp ../sv-benchmarks/c/seq-mthreaded/rekh_aso_true-unreach-call.1.M1.c


--------------------------------------------------------------------------------


Running CPAchecker with Java heap of size 5600000000.
Running CPAchecker with default stack size (1024k). Specify a larger value with -stack if needed.
Running CPAchecker with the following extra VM options:  -Djava.io.tmpdir=/tmp/BenchExec_run_w0am_u12/tmp
Using the following resource limits: CPU-time limit of 900s (ResourceLimitChecker.fromConfiguration, INFO)

CPAchecker 1.6.1-svn 84d8f52+ (OpenJDK 64-Bit Server VM 1.8.0_151) started (CPAchecker.run, INFO)

MathSAT5 is available for research and evaluation purposes only. It can not be used in a commercial environment, particularly as part of a commercial product, without written permission. MathSAT5 is provided as is, without any warranty. Please write to mathsat@fbk.eu for additional questions regarding licensing MathSAT5 or obtaining more up-to-date versions. (PredicateCPA:JavaSMT:Mathsat5SolverContext.<init>, WARNING)

Using predicate analysis with MathSAT5 version 5.3.14 (0b98b661254c) (Nov 17 2016 10:59:45, gmp 5.1.3, gcc 4.8.5, 64-bit) and JFactory 1.21. (PredicateCPA:PredicateCPA.<init>, INFO)

Using refinement for predicate analysis with PredicateAbstractionRefinementStrategy strategy. (PredicateCPA:PredicateCPARefiner.<init>, INFO)

Starting analysis ... (CPAchecker.runAlgorithm, INFO)

Assuming external function nxt_motor_set_speed to be a pure function. (PredicateCPA:ExpressionToFormulaVisitor.visit, INFO)

Assuming external function nxt_motor_set_count to be a pure function. (PredicateCPA:ExpressionToFormulaVisitor.visit, INFO)

Assuming external function ecrobot_sound_tone to be a pure function. (PredicateCPA:ExpressionToFormulaVisitor.visit, INFO)

Assuming external function ecrobot_bt_data_logger to be a pure function. (PredicateCPA:ExpressionToFormulaVisitor.visit, INFO)

Shutdown requested (The CPU-time limit of 900s has elapsed.), waiting for termination. (ForceTerminationOnShutdown$1.shutdownRequested, WARNING)

Warning: Analysis interrupted (The CPU-time limit of 900s has elapsed.) (ShutdownNotifier.shutdownIfNecessary, WARNING)

PredicateCPA statistics
-----------------------
Number of abstractions:            6315 (5% of all post computations)
  Times abstraction was reused:    0
  Because of function entry/exit:  6219 (98%)
  Because of loop head:            30 (0%)
  Because of join nodes:           0 (0%)
  Because of threshold:            0 (0%)
  Because of target state:         66 (1%)
  Times precision was empty:       2339 (37%)
  Times precision was {false}:     148 (2%)
  Times result was cached:         2912 (46%)
  Times cartesian abs was used:    0 (0%)
  Times boolean abs was used:      916 (15%)
  Times result was 'false':        822 (13%)
Number of strengthen sat checks:   0
Number of coverage checks:         35566
  BDD entailment checks:           1446
Number of SMT sat checks:          0
  trivial:                         0
  cached:                          0

Max ABE block size:                       394
Number of predicates discovered:          67
Number of abstraction locations:          81
Max number of predicates per location:    46
Avg number of predicates per location:    14
Total predicates per abstraction:         28625
Max number of predicates per abstraction: 46
Avg number of predicates per abstraction: 26.90
Number of irrelevant predicates:          12878 (45%)
Number of preds handled by boolean abs:   8378 (29%)
  Total number of models for allsat:      444704
  Max number of models for allsat:        343392
  Avg number of models for allsat:        485.48

Time for post operator:                  4.276s
  Time for path formula creation:        4.140s
Time for strengthen operator:            0.173s
Time for prec operator:                766.937s
  Time for abstraction:                766.663s (Max:   466.336s, Count: 6315)
    Boolean abstraction:               763.511s
    Solving time:                       22.716s (Max:     4.973s)
    Model enumeration time:            720.390s
    Time for BDD construction:          20.458s (Max:    16.587s)
Time for merge operator:                 0.197s
Time for coverage check:                 0.032s
  Time for BDD entailment checks:        0.029s
Total time for SMT solver (w/o itp):   743.107s

Number of path formula cache hits:   93451 (69%)

Inside post operator:                  
  Inside path formula creation:        
    Time for path formula computation:     3.929s

Total number of created targets for pointer analysis: 51624
   Number of created targets for uf: *unsigned_char is 122
   Number of created targets for uf: *_Bool is 40
   Number of created targets for uf: *char is 81
   Number of created targets for uf: *unsigned_int is 298


Number of BDD nodes:                               258677
Size of BDD node table:                            270749
Size of BDD cache:                                 27073
Size of BDD node cleanup queue:                       26363 (count: 20824, min: 0, max: 9715, avg: 1.27)
Time for BDD node cleanup:                             0.013s
Time for BDD garbage collection:                       0.244s (in 135 runs)

PrecisionBootstrap statistics
-----------------------------
Init. function predicates:                         0
Init. global predicates:                           0
Init. location predicates:                         0

Invariant Generation statistics
-------------------------------

AutomatonAnalysis (SVCOMP) statistics
-------------------------------------
Number of states:                                  1
Total time for successor computation:                  0.203s
Automaton transfers with branching:                0
Automaton transfer successors:                       120287 (count: 120287, min: 1, max: 1, avg: 1.00) [1 x 120287]

CPA algorithm statistics
------------------------
Number of iterations:            91898
Max size of waitlist:            251
Average size of waitlist:        25
Number of computed successors:   110963
Max successors for one state:    2
Number of times merged:          17060
Number of times stopped:         18068
Number of times breaked:         32

Total time for CPA algorithm:       774.804s (Max:   662.464s)
  Time for choose from waitlist:      0.094s
  Time for precision adjustment:    767.625s
  Time for transfer relation:         5.687s
  Time for merge operator:            0.477s
  Time for stop operator:             0.211s
  Time for adding to reached set:     0.239s

Predicate-Abstraction Refiner statistics
----------------------------------------
Number of predicate refinements:                   32
Avg. length of target path (in blocks):                1281 (count: 32, min: 17, max: 81, avg: 40.03)
Number of infeasible sliced prefixes:                     0 (count: 0, min: 0, max: 0, avg: 0.00)

Time for refinement:                                 122.755s
  Counterexample analysis:                           122.481s (Max:    45.719s, Calls: 32)
    Refinement sat check:                            117.000s
    Interpolant computation:                           0.000s
  Path-formulas extraction:                            0.000s
  Error path post-processing:                          0.000s
  Predicate creation:                                  0.036s
  Precision update:                                    0.015s
  ARG update:                                          0.189s

Length of refined path (in blocks):                    1087 (count: 32, min: 13, max: 80, avg: 33.97)
Number of affected states:                              574 (count: 32, min: 1, max: 73, avg: 17.94)
Length (states) of path with itp 'true':                481 (count: 32, min: 0, max: 51, avg: 15.03)
Length (states) of path with itp non-trivial itp:       574 (count: 32, min: 1, max: 73, avg: 17.94)
Length (states) of path with itp 'false':                22 (count: 32, min: 0, max: 1, avg: 0.69)
Different non-trivial interpolants along paths:          36 (count: 32, min: 0, max: 10, avg: 1.13)
Equal non-trivial interpolants along paths:             506 (count: 32, min: 0, max: 62, avg: 15.81)
Number of refs with location-based cutoff:                0

CEGAR algorithm statistics
--------------------------
Number of refinements:                32
Number of successful refinements:     32
Number of failed refinements:         0
Max. size of reached set before ref.: 8569
Max. size of reached set after ref.:  8094
Avg. size of reached set before ref.: 3841.13
Avg. size of reached set after ref.:  1240.69

Total time for CEGAR algorithm:     897.728s
Time for refinements:               122.900s
Average time for refinement:          3.840s
Max time for refinement:             45.728s

Code Coverage
-----------------------------
  Function coverage:      0.865
  Visited lines:          1415
  Total lines:            2148
  Line coverage:          0.659
  Visited conditions:     1324
  Total conditions:       2194
  Condition coverage:     0.603

CPAchecker general statistics
-----------------------------
Number of program locations:     3282
Number of CFA edges:             3634
Number of relevant variables:    119
Number of functions:             37
Number of loops:                 1
Size of reached set:             8859
  Number of reached locations:   1567 (48%)
    Avg states per location:     5
    Max states per location:     28 (at node N1056)
  Number of reached functions:   32 (86%)
  Number of partitions:          8840
    Avg size of partitions:      1
    Max size of partitions:      3 (with key [N274 (before line 441), Function __startrek_entry_pt_OSEK_Task_ts2 called from node N1228, stack depth 3 [5c388059], stack [main, __startrek_hyperperiod, __startrek_entry_pt_OSEK_Task_ts2]])
  Number of target states:       0
  Size of final wait list        112

Time for analysis setup:          2.681s
  Time for loading CPAs:          0.484s
  Time for loading parser:        0.425s
  Time for CFA construction:      1.643s
    Time for parsing file(s):     0.451s
    Time for AST to CFA:          0.493s
    Time for CFA sanity check:    0.164s
    Time for post-processing:     0.433s
      Time for var class.:        0.260s
Time for Analysis:              897.728s
CPU time for analysis:          897.620s
Total time for CPAchecker:      900.410s
Total CPU time for CPAchecker:  900.300s
Time for statistics:              0.142s

Time for Garbage Collector:       0.690s (in 261 runs)
Garbage Collector(s) used:    Copy, MarkSweepCompact
Used heap memory:                 86MB (    82 MiB) max;     64MB (    61 MiB) avg;     89MB (    84 MiB) peak
Used non-heap memory:             38MB (    36 MiB) max;     37MB (    36 MiB) avg;     38MB (    37 MiB) peak
Allocated heap memory:           127MB (   121 MiB) max;    127MB (   121 MiB) avg
Allocated non-heap memory:        40MB (    38 MiB) max;     39MB (    38 MiB) avg
Total process virtual memory:   8400MB (  8011 MiB) max;   8323MB (  7938 MiB) avg

Verification result: UNKNOWN, incomplete analysis.
More details about the verification run can be found in the directory "./output".
