scripts/cpa.sh -Dy-MySearchStrategy-PredAbs-ABElf -heap 5600000000 -timelimit 900 -preprocess -stats -noout -setprop cpa.predicate.memoryAllocationsAlwaysSucceed=true -spec ../sv-benchmarks/c/ReachSafety.prp ../sv-benchmarks/c/ldv-linux-3.14/linux-3.14__complex_emg__linux-usb-dev__drivers-net-ethernet-dec-tulip-tulip_true-unreach-call.cil.c


--------------------------------------------------------------------------------


Running CPAchecker with Java heap of size 5600000000.
Running CPAchecker with default stack size (1024k). Specify a larger value with -stack if needed.
Running CPAchecker with the following extra VM options:  -Djava.io.tmpdir=/tmp/BenchExec_run_m0399win/tmp
Using the following resource limits: CPU-time limit of 900s (ResourceLimitChecker.fromConfiguration, INFO)

CPAchecker (unknown version) (OpenJDK 64-Bit Server VM 1.8.0_162) started (CPAchecker.run, INFO)

line 5858: Dead code detected: return (1); (CFACreationUtils.addEdgeToCFA, INFO)

line 7315: Dead code detected: return (ldv_func_res); (CFACreationUtils.addEdgeToCFA, INFO)

line 7331: Dead code detected: return (ldv_func_res); (CFACreationUtils.addEdgeToCFA, INFO)

line 8456: Dead code detected: __ms = 1UL; (CFACreationUtils.addEdgeToCFA, INFO)

Dead code detected: Label switch_break is not reachable. (CFAFunctionBuilder.leave, INFO)

line 9296: Dead code detected: return (ldv_func_res); (CFACreationUtils.addEdgeToCFA, INFO)

line 9312: Dead code detected: return (ldv_func_res); (CFACreationUtils.addEdgeToCFA, INFO)

line 9328: Dead code detected: return (ldv_func_res); (CFACreationUtils.addEdgeToCFA, INFO)

Dead code detected: Label switch_break is not reachable. (CFAFunctionBuilder.leave, INFO)

Dead code detected: Label switch_break is not reachable. (CFAFunctionBuilder.leave, INFO)

Dead code detected: Label switch_break is not reachable. (CFAFunctionBuilder.leave, INFO)

line 13132: Dead code detected: return (arg0); (CFACreationUtils.addEdgeToCFA, INFO)

line 13152: Dead code detected: return (arg0); (CFACreationUtils.addEdgeToCFA, INFO)

line 13155: Dead code detected: return (arg0); (CFACreationUtils.addEdgeToCFA, INFO)

line 13157: Dead code detected: return (arg0); (CFACreationUtils.addEdgeToCFA, INFO)

line 13848: Dead code detected: return; (CFACreationUtils.addEdgeToCFA, INFO)

line 13861: Dead code detected: return; (CFACreationUtils.addEdgeToCFA, INFO)

line 14488: Dead code detected: return; (CFACreationUtils.addEdgeToCFA, INFO)

line 14530: Dead code detected: return (arg0); (CFACreationUtils.addEdgeToCFA, INFO)

line 14531: Dead code detected: return (arg0); (CFACreationUtils.addEdgeToCFA, INFO)

line 14576: Dead code detected: return (arg0); (CFACreationUtils.addEdgeToCFA, INFO)

line 15358: Dead code detected: return; (CFACreationUtils.addEdgeToCFA, INFO)

line 15410: Dead code detected: return (ldv_func_res); (CFACreationUtils.addEdgeToCFA, INFO)

line 15426: Dead code detected: return (ldv_func_res); (CFACreationUtils.addEdgeToCFA, INFO)

line 15442: Dead code detected: return (ldv_func_res); (CFACreationUtils.addEdgeToCFA, INFO)

line 15471: Dead code detected: return (ldv_func_res); (CFACreationUtils.addEdgeToCFA, INFO)

line 15487: Dead code detected: return (ldv_func_res); (CFACreationUtils.addEdgeToCFA, INFO)

line 15530: Dead code detected: return (ldv_func_res); (CFACreationUtils.addEdgeToCFA, INFO)

line 15572: Dead code detected: return (ldv_func_res); (CFACreationUtils.addEdgeToCFA, INFO)

line 16149: Dead code detected: return (arg0); (CFACreationUtils.addEdgeToCFA, INFO)

line 16199: Dead code detected: return (arg0); (CFACreationUtils.addEdgeToCFA, INFO)

line 16215: Dead code detected: return (ldv_func_res); (CFACreationUtils.addEdgeToCFA, INFO)

line 16231: Dead code detected: return (ldv_func_res); (CFACreationUtils.addEdgeToCFA, INFO)

line 16247: Dead code detected: return (ldv_func_res); (CFACreationUtils.addEdgeToCFA, INFO)

line 16761: Dead code detected: return (ldv_func_res); (CFACreationUtils.addEdgeToCFA, INFO)

line 17185: Dead code detected: return (ldv_func_res); (CFACreationUtils.addEdgeToCFA, INFO)

line 17201: Dead code detected: return (ldv_func_res); (CFACreationUtils.addEdgeToCFA, INFO)

line 17217: Dead code detected: return (ldv_func_res); (CFACreationUtils.addEdgeToCFA, INFO)

line 17233: Dead code detected: return (ldv_func_res); (CFACreationUtils.addEdgeToCFA, INFO)

Inline assembler ignored, analysis is probably unsound! (CFABuilder.createCFA, WARNING)

line 9602: Function pointer *(ops___0->alloc) with type void *(*)(struct device *, size_t , dma_addr_t *, gfp_t , struct dma_attrs *) is called, but no possible target functions were found. (CFunctionPointerResolver.replaceFunctionPointerCall, WARNING)

line 9643: Function pointer *(ops___0->free) with type void (*)(struct device *, size_t , void *, dma_addr_t , struct dma_attrs *) is called, but no possible target functions were found. (CFunctionPointerResolver.replaceFunctionPointerCall, WARNING)

lines 5975-5976: Function pointer *(ops___0->map_page) with type dma_addr_t (*)(struct device *, struct page *, unsigned long, size_t , enum dma_data_direction , struct dma_attrs *) is called, but no possible target functions were found. (CFunctionPointerResolver.replaceFunctionPointerCall, WARNING)

line 6121: Function pointer *(ops___0->mapping_error) with type int (*)(struct device *, dma_addr_t ) is called, but no possible target functions were found. (CFunctionPointerResolver.replaceFunctionPointerCall, WARNING)

line 6055: Function pointer *(ops___0->sync_single_for_cpu) with type void (*)(struct device *, dma_addr_t , size_t , enum dma_data_direction ) is called, but no possible target functions were found. (CFunctionPointerResolver.replaceFunctionPointerCall, WARNING)

line 6095: Function pointer *(ops___0->sync_single_for_device) with type void (*)(struct device *, dma_addr_t , size_t , enum dma_data_direction ) is called, but no possible target functions were found. (CFunctionPointerResolver.replaceFunctionPointerCall, WARNING)

line 6015: Function pointer *(ops___0->unmap_page) with type void (*)(struct device *, dma_addr_t , size_t , enum dma_data_direction , struct dma_attrs *) is called, but no possible target functions were found. (CFunctionPointerResolver.replaceFunctionPointerCall, WARNING)

MathSAT5 is available for research and evaluation purposes only. It can not be used in a commercial environment, particularly as part of a commercial product, without written permission. MathSAT5 is provided as is, without any warranty. Please write to mathsat@fbk.eu for additional questions regarding licensing MathSAT5 or obtaining more up-to-date versions. (PredicateCPA:JavaSMT:Mathsat5SolverContext.<init>, WARNING)

Using predicate analysis with MathSAT5 version 5.3.14 (0b98b661254c) (Nov 17 2016 10:59:45, gmp 5.1.3, gcc 4.8.5, 64-bit) and JFactory 1.21. (PredicateCPA:PredicateCPA.<init>, INFO)

Using refinement for predicate analysis with PredicateAbstractionRefinementStrategy strategy. (PredicateCPA:PredicateCPARefiner.<init>, INFO)

Starting analysis ... (CPAchecker.runAlgorithm, INFO)

Assuming external function external_allocated_data to be a constant function. (PredicateCPA:ExpressionToFormulaVisitor.visit, INFO)

Assuming external function ldv_switch_to_interrupt_context to be a constant function. (PredicateCPA:ExpressionToFormulaVisitor.visit, INFO)

Assuming external function ldv_switch_to_process_context to be a constant function. (PredicateCPA:ExpressionToFormulaVisitor.visit, INFO)

line 15297: Ignoring call via function pointer ldv_timer_instance_callback_8_2::arg0 for which no suitable target was found in line: (*arg0)(arg1); (FunctionPointerCPA:FunctionPointerTransferRelation.getAbstractSuccessorsForEdge, WARNING)

line 15297: Ignoring function call through function pointer *arg0: (*arg0)(arg1); (PredicateCPA:ExpressionToFormulaVisitor.visit, WARNING)

line 14236: Ignoring call via function pointer ldv_pci_instance_suspend_late_2_7::arg0 for which no suitable target was found in line: tmp = (*arg0)(arg1, arg2); (FunctionPointerCPA:FunctionPointerTransferRelation.getAbstractSuccessorsForEdge, WARNING)

line 14236: Ignoring function call through function pointer *arg0: tmp = (*arg0)(arg1, arg2); (PredicateCPA:ExpressionToFormulaVisitor.visit, WARNING)

line 13894: Ignoring call via function pointer ldv_interrupt_instance_thread_0_3::arg0 for which no suitable target was found in line: (*arg0)(arg1, arg2); (FunctionPointerCPA:FunctionPointerTransferRelation.getAbstractSuccessorsForEdge, WARNING)

line 13894: Ignoring function call through function pointer *arg0: (*arg0)(arg1, arg2); (PredicateCPA:ExpressionToFormulaVisitor.visit, WARNING)

line 14212: Ignoring call via function pointer ldv_pci_instance_shutdown_2_3::arg0 for which no suitable target was found in line: (*arg0)(arg1); (FunctionPointerCPA:FunctionPointerTransferRelation.getAbstractSuccessorsForEdge, WARNING)

line 14212: Ignoring function call through function pointer *arg0: (*arg0)(arg1); (PredicateCPA:ExpressionToFormulaVisitor.visit, WARNING)

line 14201: Ignoring call via function pointer ldv_pci_instance_resume_early_2_6::arg0 for which no suitable target was found in line: (*arg0)(arg1); (FunctionPointerCPA:FunctionPointerTransferRelation.getAbstractSuccessorsForEdge, WARNING)

line 14201: Ignoring function call through function pointer *arg0: (*arg0)(arg1); (PredicateCPA:ExpressionToFormulaVisitor.visit, WARNING)

Assuming external function ldv_pre_probe to be a constant function. (PredicateCPA:ExpressionToFormulaVisitor.visit, INFO)

Assuming external function pci_dev_present to be a pure function. (PredicateCPA:ExpressionToFormulaVisitor.visit, INFO)

Assuming external function pci_enable_device to be a pure function. (PredicateCPA:ExpressionToFormulaVisitor.visit, INFO)

Assuming external function __pci_register_driver to be a pure function. (PredicateCPA:ExpressionToFormulaVisitor.visit, INFO)

Shutdown requested (The CPU-time limit of 900s has elapsed.), waiting for termination. (ForceTerminationOnShutdown$1.shutdownRequested, WARNING)

Warning: Analysis interrupted (The CPU-time limit of 900s has elapsed.) (ShutdownNotifier.shutdownIfNecessary, WARNING)

PredicateCPA statistics
-----------------------
Number of abstractions:            596977 (16% of all post computations)
  Times abstraction was reused:    0
  Because of function entry/exit:  523012 (88%)
  Because of loop head:            73728 (12%)
  Because of join nodes:           0 (0%)
  Because of threshold:            0 (0%)
  Because of target state:         237 (0%)
  Times precision was empty:       355953 (60%)
  Times precision was {false}:     6540 (1%)
  Times result was cached:         211835 (35%)
  Times cartesian abs was used:    0 (0%)
  Times boolean abs was used:      22649 (4%)
  Times result was 'false':        29690 (5%)
Number of strengthen sat checks:   0
Number of coverage checks:         1141190
  BDD entailment checks:           776634
Number of SMT sat checks:          0
  trivial:                         0
  cached:                          0

Max ABE block size:                       65
Number of predicates discovered:          43
Number of abstraction locations:          40
Max number of predicates per location:    43
Avg number of predicates per location:    23
Total predicates per abstraction:         3538883
Max number of predicates per abstraction: 43
Avg number of predicates per abstraction: 121.24
Number of irrelevant predicates:          1701119 (48%)
Number of preds handled by boolean abs:   303620 (9%)
  Total number of models for allsat:      2886644
  Max number of models for allsat:        17920
  Avg number of models for allsat:        127.45

Time for post operator:                 38.027s
  Time for path formula creation:       36.324s
Time for strengthen operator:            3.458s
Time for prec operator:                741.738s
  Time for abstraction:                733.192s (Max:     4.345s, Count: 596977)
    Boolean abstraction:               595.301s
    Solving time:                       40.440s (Max:     0.036s)
    Model enumeration time:            347.420s
    Time for BDD construction:         206.535s (Max:     1.880s)
Time for merge operator:                 2.036s
Time for coverage check:                 1.406s
  Time for BDD entailment checks:        1.258s
Total time for SMT solver (w/o itp):   387.860s

Number of path formula cache hits:   3836421 (88%)

Inside post operator:                  
  Inside path formula creation:        
    Time for path formula computation:    22.703s

Total number of created targets for pointer analysis: 108506
   Number of created targets for uf: *(char)* is 9
   Number of created targets for uf: *unsigned_char is 15730


Number of BDD nodes:                               40002
Size of BDD node table:                            270749
Size of BDD cache:                                 27073
Size of BDD node cleanup queue:                      162464 (count: 1358268, min: 0, max: 1838, avg: 0.12)
Time for BDD node cleanup:                             0.203s
Time for BDD garbage collection:                       1.502s (in 484 runs)

PrecisionBootstrap statistics
-----------------------------
Init. function predicates:                         0
Init. global predicates:                           0
Init. location predicates:                         0

Invariant Generation statistics
-------------------------------

AutomatonAnalysis (SVCOMP) statistics
-------------------------------------
Number of states:                                  1
Total time for successor computation:                  5.534s
  Time for transition matches:                         2.786s
  Time for transition assertions:                      0.001s
  Time for transition actions:                         0.005s
Automaton transfers with branching:                0
Automaton transfer successors:                      3718724 (count: 3718724, min: 1, max: 1, avg: 1.00) [1 x 3718724]

CPA algorithm statistics
------------------------
Number of iterations:            2773082
Max size of waitlist:            1773
Average size of waitlist:        585
Number of computed successors:   3207680
Max successors for one state:    2
Number of times merged:          182278
Number of times stopped:         235940
Number of times breaked:         237

Total time for CPA algorithm:       878.199s (Max:    84.647s)
  Time for choose from waitlist:      1.710s
  Time for precision adjustment:    764.216s
  Time for transfer relation:        82.881s
  Time for merge operator:            5.826s
  Time for stop operator:             8.069s
  Time for adding to reached set:     6.738s

Predicate-Abstraction Refiner statistics
----------------------------------------
Number of predicate refinements:                   237
Avg. length of target path (in blocks):               12721 (count: 237, min: 15, max: 92, avg: 53.68)
Number of infeasible sliced prefixes:                     0 (count: 0, min: 0, max: 0, avg: 0.00)

Time for refinement:                                  12.192s
  Counterexample analysis:                             6.846s (Max:     0.068s, Calls: 237)
    Refinement sat check:                              4.771s
    Interpolant computation:                           0.000s
  Path-formulas extraction:                            0.007s
  Error path post-processing:                          0.000s
  Predicate creation:                                  0.128s
  Precision update:                                    0.103s
  ARG update:                                          4.880s

Length of refined path (in blocks):                    9243 (count: 237, min: 11, max: 79, avg: 39.00)
Number of affected states:                             7163 (count: 237, min: 4, max: 72, avg: 30.22)
Length (states) of path with itp 'true':               1843 (count: 237, min: 6, max: 37, avg: 7.78)
Length (states) of path with itp non-trivial itp:      7163 (count: 237, min: 4, max: 72, avg: 30.22)
Length (states) of path with itp 'false':               237 (count: 237, min: 1, max: 1, avg: 1.00)
Different non-trivial interpolants along paths:          16 (count: 237, min: 0, max: 1, avg: 0.07)
Equal non-trivial interpolants along paths:            6910 (count: 237, min: 3, max: 70, avg: 29.16)
Number of refs with location-based cutoff:                0

CEGAR algorithm statistics
--------------------------
Number of refinements:                237
Number of successful refinements:     237
Number of failed refinements:         0
Max. size of reached set before ref.: 30346
Max. size of reached set after ref.:  12172
Avg. size of reached set before ref.: 13002.85
Avg. size of reached set after ref.:  643.15

Total time for CEGAR algorithm:     892.307s
Time for refinements:                13.979s
Average time for refinement:          0.058s
Max time for refinement:              0.134s

Code Coverage
-----------------------------
  Function coverage:      0.267
  Visited lines:          1915
  Total lines:            6788
  Line coverage:          0.282
  Visited conditions:     296
  Total conditions:       1948
  Condition coverage:     0.152

CPAchecker general statistics
-----------------------------
Number of program locations:     9702
Number of CFA edges:             11054
Number of relevant variables:    1430
Number of functions:             318
Number of loops:                 64
Size of reached set:             12801
  Number of reached locations:   926 (10%)
    Avg states per location:     13
    Max states per location:     291 (at node N8957)
  Number of reached functions:   85 (27%)
  Number of partitions:          12664
    Avg size of partitions:      1
    Max size of partitions:      41 (with key [N6090 (before line 13723), Function main called from node N6074, stack depth 1 [50b4364], stack [main]])
  Number of target states:       0
  Size of final wait list        812

Time for analysis setup:          7.930s
  Time for loading CPAs:          1.106s
  Time for loading parser:        0.703s
  Time for CFA construction:      5.966s
    Time for parsing file(s):     1.344s
    Time for AST to CFA:          2.271s
    Time for CFA sanity check:    0.516s
    Time for post-processing:     1.571s
      Time for var class.:        0.826s
Time for Analysis:              892.308s
CPU time for analysis:          892.120s
Total time for CPAchecker:      900.254s
Total CPU time for CPAchecker:  900.040s
Time for statistics:              0.426s

Time for Garbage Collector:      22.406s (in 1122 runs)
Garbage Collector(s) used:    Copy, MarkSweepCompact
Used heap memory:                413MB (   394 MiB) max;    288MB (   274 MiB) avg;    453MB (   432 MiB) peak
Used non-heap memory:             41MB (    39 MiB) max;     40MB (    39 MiB) avg;     41MB (    39 MiB) peak
Allocated heap memory:           531MB (   507 MiB) max;    426MB (   406 MiB) avg
Allocated non-heap memory:        43MB (    41 MiB) max;     42MB (    40 MiB) avg
Total process virtual memory:   8557MB (  8161 MiB) max;   8373MB (  7985 MiB) avg

Verification result: UNKNOWN, incomplete analysis.
More details about the verification run can be found in the directory "./output".
