scripts/cpa.sh -Dy-MySearchStrategy-PredAbs-ABElf -heap 5600000000 -timelimit 30 -preprocess -stats -noout -setprop cpa.predicate.memoryAllocationsAlwaysSucceed=true -spec ../sv-benchmarks/c/ReachSafety.prp ../sv-benchmarks/c/ldv-linux-3.16-rc1/43_2a_consumption_linux-3.16-rc1.tar.xz-43_2a-drivers--memstick--host--jmb38x_ms.ko-entry_point_true-unreach-call.cil.out.c


--------------------------------------------------------------------------------


Running CPAchecker with Java heap of size 5600000000.
Running CPAchecker with default stack size (1024k). Specify a larger value with -stack if needed.
Running CPAchecker with the following extra VM options:  -Djava.io.tmpdir=/tmp/BenchExec_run_cm1hjuts/tmp
Using the following resource limits: CPU-time limit of 30s (ResourceLimitChecker.fromConfiguration, INFO)

CPAchecker (unknown version) (OpenJDK 64-Bit Server VM 1.8.0_162) started (CPAchecker.run, INFO)

line 2625: Dead code detected: [pao_ID__ == 1] (CFACreationUtils.addEdgeToCFA, INFO)

line 2625: Dead code detected: [!(pao_ID__ == 1)] (CFACreationUtils.addEdgeToCFA, INFO)

line 2626: Dead code detected: __asm__ ("incb %%gs:%P0": "+m" (__preempt_count)); (CFACreationUtils.addEdgeToCFA, INFO)

line 2628: Dead code detected: [pao_ID__ == -1] (CFACreationUtils.addEdgeToCFA, INFO)

line 2628: Dead code detected: [!(pao_ID__ == -1)] (CFACreationUtils.addEdgeToCFA, INFO)

line 2629: Dead code detected: __asm__ ("decb %%gs:%P0": "+m" (__preempt_count)); (CFACreationUtils.addEdgeToCFA, INFO)

line 2631: Dead code detected: __asm__ ("addb %1, %%gs:%P0": "+m" (__preempt_count): "qi" (val)); (CFACreationUtils.addEdgeToCFA, INFO)

line 2635: Dead code detected: [pao_ID__ == 1] (CFACreationUtils.addEdgeToCFA, INFO)

line 2635: Dead code detected: [!(pao_ID__ == 1)] (CFACreationUtils.addEdgeToCFA, INFO)

line 2636: Dead code detected: __asm__ ("incw %%gs:%P0": "+m" (__preempt_count)); (CFACreationUtils.addEdgeToCFA, INFO)

line 2638: Dead code detected: [pao_ID__ == -1] (CFACreationUtils.addEdgeToCFA, INFO)

line 2638: Dead code detected: [!(pao_ID__ == -1)] (CFACreationUtils.addEdgeToCFA, INFO)

line 2639: Dead code detected: __asm__ ("decw %%gs:%P0": "+m" (__preempt_count)); (CFACreationUtils.addEdgeToCFA, INFO)

line 2641: Dead code detected: __asm__ ("addw %1, %%gs:%P0": "+m" (__preempt_count): "ri" (val)); (CFACreationUtils.addEdgeToCFA, INFO)

line 2655: Dead code detected: [pao_ID__ == 1] (CFACreationUtils.addEdgeToCFA, INFO)

line 2655: Dead code detected: [!(pao_ID__ == 1)] (CFACreationUtils.addEdgeToCFA, INFO)

line 2656: Dead code detected: __asm__ ("incq %%gs:%P0": "+m" (__preempt_count)); (CFACreationUtils.addEdgeToCFA, INFO)

line 2658: Dead code detected: [pao_ID__ == -1] (CFACreationUtils.addEdgeToCFA, INFO)

line 2658: Dead code detected: [!(pao_ID__ == -1)] (CFACreationUtils.addEdgeToCFA, INFO)

line 2659: Dead code detected: __asm__ ("decq %%gs:%P0": "+m" (__preempt_count)); (CFACreationUtils.addEdgeToCFA, INFO)

line 2661: Dead code detected: __asm__ ("addq %1, %%gs:%P0": "+m" (__preempt_count): "re" (val)); (CFACreationUtils.addEdgeToCFA, INFO)

none: Dead code detected: switch (4UL) {
  case 1UL: ;
  if (pao_ID__ == 1) {
    __asm__ ("incb %%gs:%P0": "+m" (__preempt_count));
  } else
  if (pao_ID__ == -1) {
    __asm__ ("decb %%gs:%P0": "+m" (__preempt_count));
  } else {
    __asm__ ("addb %1, %%gs:%P0": "+m" (__preempt_count): "qi" (val));
  }
  goto ldv_6061;
  case 2UL: ;
  if (pao_ID__ == 1) {
    __asm__ ("incw %%gs:%P0": "+m" (__preempt_count));
  } else
  if (pao_ID__ == -1) {
    __asm__ ("decw %%gs:%P0": "+m" (__preempt_count));
  } else {
    __asm__ ("addw %1, %%gs:%P0": "+m" (__preempt_count): "ri" (val));
  }
  goto ldv_6061;
  case 4UL: ;
  if (pao_ID__ == 1) {
    __asm__ ("incl %%gs:%P0": "+m" (__preempt_count));
  } else
  if (pao_ID__ == -1) {
    __asm__ ("decl %%gs:%P0": "+m" (__preempt_count));
  } else {
    __asm__ ("addl %1, %%gs:%P0": "+m" (__preempt_count): "ri" (val));
  }
  goto ldv_6061;
  case 8UL: ;
  if (pao_ID__ == 1) {
    __asm__ ("incq %%gs:%P0": "+m" (__preempt_count));
  } else
  if (pao_ID__ == -1) {
    __asm__ ("decq %%gs:%P0": "+m" (__preempt_count));
  } else {
    __asm__ ("addq %1, %%gs:%P0": "+m" (__preempt_count): "re" (val));
  }
  goto ldv_6061;
  default:
  __bad_percpu_size();
  } (CFACreationUtils.addEdgeToCFA, INFO)

line 2679: Dead code detected: [pao_ID__ == 1] (CFACreationUtils.addEdgeToCFA, INFO)

line 2679: Dead code detected: [!(pao_ID__ == 1)] (CFACreationUtils.addEdgeToCFA, INFO)

line 2680: Dead code detected: __asm__ ("incb %%gs:%P0": "+m" (__preempt_count)); (CFACreationUtils.addEdgeToCFA, INFO)

line 2682: Dead code detected: [pao_ID__ == -1] (CFACreationUtils.addEdgeToCFA, INFO)

line 2682: Dead code detected: [!(pao_ID__ == -1)] (CFACreationUtils.addEdgeToCFA, INFO)

line 2683: Dead code detected: __asm__ ("decb %%gs:%P0": "+m" (__preempt_count)); (CFACreationUtils.addEdgeToCFA, INFO)

line 2685: Dead code detected: __asm__ ("addb %1, %%gs:%P0": "+m" (__preempt_count): "qi" (- val)); (CFACreationUtils.addEdgeToCFA, INFO)

line 2689: Dead code detected: [pao_ID__ == 1] (CFACreationUtils.addEdgeToCFA, INFO)

line 2689: Dead code detected: [!(pao_ID__ == 1)] (CFACreationUtils.addEdgeToCFA, INFO)

line 2690: Dead code detected: __asm__ ("incw %%gs:%P0": "+m" (__preempt_count)); (CFACreationUtils.addEdgeToCFA, INFO)

line 2692: Dead code detected: [pao_ID__ == -1] (CFACreationUtils.addEdgeToCFA, INFO)

line 2692: Dead code detected: [!(pao_ID__ == -1)] (CFACreationUtils.addEdgeToCFA, INFO)

line 2693: Dead code detected: __asm__ ("decw %%gs:%P0": "+m" (__preempt_count)); (CFACreationUtils.addEdgeToCFA, INFO)

line 2695: Dead code detected: __asm__ ("addw %1, %%gs:%P0": "+m" (__preempt_count): "ri" (- val)); (CFACreationUtils.addEdgeToCFA, INFO)

line 2709: Dead code detected: [pao_ID__ == 1] (CFACreationUtils.addEdgeToCFA, INFO)

line 2709: Dead code detected: [!(pao_ID__ == 1)] (CFACreationUtils.addEdgeToCFA, INFO)

line 2710: Dead code detected: __asm__ ("incq %%gs:%P0": "+m" (__preempt_count)); (CFACreationUtils.addEdgeToCFA, INFO)

line 2712: Dead code detected: [pao_ID__ == -1] (CFACreationUtils.addEdgeToCFA, INFO)

line 2712: Dead code detected: [!(pao_ID__ == -1)] (CFACreationUtils.addEdgeToCFA, INFO)

line 2713: Dead code detected: __asm__ ("decq %%gs:%P0": "+m" (__preempt_count)); (CFACreationUtils.addEdgeToCFA, INFO)

line 2715: Dead code detected: __asm__ ("addq %1, %%gs:%P0": "+m" (__preempt_count): "re" (- val)); (CFACreationUtils.addEdgeToCFA, INFO)

none: Dead code detected: switch (4UL) {
  case 1UL: ;
  if (pao_ID__ == 1) {
    __asm__ ("incb %%gs:%P0": "+m" (__preempt_count));
  } else
  if (pao_ID__ == -1) {
    __asm__ ("decb %%gs:%P0": "+m" (__preempt_count));
  } else {
    __asm__ ("addb %1, %%gs:%P0": "+m" (__preempt_count): "qi" (- val));
  }
  goto ldv_6073;
  case 2UL: ;
  if (pao_ID__ == 1) {
    __asm__ ("incw %%gs:%P0": "+m" (__preempt_count));
  } else
  if (pao_ID__ == -1) {
    __asm__ ("decw %%gs:%P0": "+m" (__preempt_count));
  } else {
    __asm__ ("addw %1, %%gs:%P0": "+m" (__preempt_count): "ri" (- val));
  }
  goto ldv_6073;
  case 4UL: ;
  if (pao_ID__ == 1) {
    __asm__ ("incl %%gs:%P0": "+m" (__preempt_count));
  } else
  if (pao_ID__ == -1) {
    __asm__ ("decl %%gs:%P0": "+m" (__preempt_count));
  } else {
    __asm__ ("addl %1, %%gs:%P0": "+m" (__preempt_count): "ri" (- val));
  }
  goto ldv_6073;
  case 8UL: ;
  if (pao_ID__ == 1) {
    __asm__ ("incq %%gs:%P0": "+m" (__preempt_count));
  } else
  if (pao_ID__ == -1) {
    __asm__ ("decq %%gs:%P0": "+m" (__preempt_count));
  } else {
    __asm__ ("addq %1, %%gs:%P0": "+m" (__preempt_count): "re" (- val));
  }
  goto ldv_6073;
  default:
  __bad_percpu_size();
  } (CFACreationUtils.addEdgeToCFA, INFO)

Inline assembler ignored, analysis is probably unsound! (CFABuilder.createCFA, WARNING)

line 3186: Function pointer *(ops->map_sg) with type int (*)(struct device *, struct scatterlist *, int, enum dma_data_direction , struct dma_attrs *) is called, but no possible target functions were found. (CFunctionPointerResolver.replaceFunctionPointerCall, WARNING)

line 3218: Function pointer *(ops->unmap_sg) with type void (*)(struct device *, struct scatterlist *, int, enum dma_data_direction , struct dma_attrs *) is called, but no possible target functions were found. (CFunctionPointerResolver.replaceFunctionPointerCall, WARNING)

MathSAT5 is available for research and evaluation purposes only. It can not be used in a commercial environment, particularly as part of a commercial product, without written permission. MathSAT5 is provided as is, without any warranty. Please write to mathsat@fbk.eu for additional questions regarding licensing MathSAT5 or obtaining more up-to-date versions. (PredicateCPA:JavaSMT:Mathsat5SolverContext.<init>, WARNING)

Using predicate analysis with MathSAT5 version 5.3.14 (0b98b661254c) (Nov 17 2016 10:59:45, gmp 5.1.3, gcc 4.8.5, 64-bit) and JFactory 1.21. (PredicateCPA:PredicateCPA.<init>, INFO)

Using refinement for predicate analysis with PredicateAbstractionRefinementStrategy strategy. (PredicateCPA:PredicateCPARefiner.<init>, INFO)

Starting analysis ... (CPAchecker.runAlgorithm, INFO)

line 5287: Destroying the void* pointer ldv_zalloc::tmp produces garbage or the memory pointed by it is unused: tmp = ldv_zalloc(32UL); (PredicateCPA:DynamicMemoryHandler.handleDeferredAllocationInFunctionExit, WARNING)

Assuming external function ldv_initialize to be a constant function. (PredicateCPA:ExpressionToFormulaVisitor.visit, INFO)

Assuming external function memset to be a pure function. (PredicateCPA:ExpressionToFormulaVisitor.visit, INFO)

Assuming external function _raw_spin_lock to be a pure function. (PredicateCPA:ExpressionToFormulaVisitor.visit, INFO)

Assuming external function __dynamic_dev_dbg to be a pure function. (PredicateCPA:ExpressionToFormulaVisitor.visit, INFO)

Assuming external function _raw_spin_unlock to be a pure function. (PredicateCPA:ExpressionToFormulaVisitor.visit, INFO)

Assuming external function debug_dma_unmap_sg to be a pure function. (PredicateCPA:ExpressionToFormulaVisitor.visit, INFO)

line 3218: Ignoring function call through function pointer *(ops->unmap_sg): (*(ops->unmap_sg))(dev, sg, nents, dir, attrs); (PredicateCPA:ExpressionToFormulaVisitor.visit, WARNING)

Assuming external function memstick_next_req to be a pure function. (PredicateCPA:ExpressionToFormulaVisitor.visit, INFO)

Assuming external function sg_next to be a pure function. (PredicateCPA:ExpressionToFormulaVisitor.visit, INFO)

line 3186: Ignoring function call through function pointer *(ops->map_sg): ents = (*(ops->map_sg))(dev, sg, nents, dir, attrs); (PredicateCPA:ExpressionToFormulaVisitor.visit, WARNING)

Assuming external function debug_dma_map_sg to be a pure function. (PredicateCPA:ExpressionToFormulaVisitor.visit, INFO)

Assuming external function trace_hardirqs_on to be a constant function. (PredicateCPA:ExpressionToFormulaVisitor.visit, INFO)

Assuming external function trace_hardirqs_off to be a constant function. (PredicateCPA:ExpressionToFormulaVisitor.visit, INFO)

Assuming external function memstick_detect_change to be a pure function. (PredicateCPA:ExpressionToFormulaVisitor.visit, INFO)

Assuming external function pci_unregister_driver to be a pure function. (PredicateCPA:ExpressionToFormulaVisitor.visit, INFO)

Assuming external function ldv_check_final_state to be a constant function. (PredicateCPA:ExpressionToFormulaVisitor.visit, INFO)

Assuming external function __pci_register_driver to be a pure function. (PredicateCPA:ExpressionToFormulaVisitor.visit, INFO)

Assuming external function dma_set_mask to be a pure function. (PredicateCPA:ExpressionToFormulaVisitor.visit, INFO)

Assuming external function pci_enable_device to be a pure function. (PredicateCPA:ExpressionToFormulaVisitor.visit, INFO)

Assuming external function pci_set_master to be a pure function. (PredicateCPA:ExpressionToFormulaVisitor.visit, INFO)

Assuming external function pci_request_regions to be a pure function. (PredicateCPA:ExpressionToFormulaVisitor.visit, INFO)

Assuming external function pci_disable_device to be a pure function. (PredicateCPA:ExpressionToFormulaVisitor.visit, INFO)

Assuming external function pci_release_regions to be a pure function. (PredicateCPA:ExpressionToFormulaVisitor.visit, INFO)

Assuming external function memstick_alloc_host to be a pure function. (PredicateCPA:ExpressionToFormulaVisitor.visit, INFO)

Assuming external function memstick_add_host to be a pure function. (PredicateCPA:ExpressionToFormulaVisitor.visit, INFO)

Assuming external function free_irq to be a pure function. (PredicateCPA:ExpressionToFormulaVisitor.visit, INFO)

Assuming external function iounmap to be a pure function. (PredicateCPA:ExpressionToFormulaVisitor.visit, INFO)

Assuming external function memstick_free_host to be a pure function. (PredicateCPA:ExpressionToFormulaVisitor.visit, INFO)

Assuming external function ioremap_nocache to be a pure function. (PredicateCPA:ExpressionToFormulaVisitor.visit, INFO)

Assuming external function __raw_spin_lock_init to be a pure function. (PredicateCPA:ExpressionToFormulaVisitor.visit, INFO)

Assuming external function snprintf to be a pure function. (PredicateCPA:ExpressionToFormulaVisitor.visit, INFO)

Assuming external function msecs_to_jiffies to be a pure function. (PredicateCPA:ExpressionToFormulaVisitor.visit, INFO)

Assuming external function tasklet_init to be a pure function. (PredicateCPA:ExpressionToFormulaVisitor.visit, INFO)

Assuming external function request_threaded_irq to be a pure function. (PredicateCPA:ExpressionToFormulaVisitor.visit, INFO)

Shutdown requested (The CPU-time limit of 30s has elapsed.), waiting for termination. (ForceTerminationOnShutdown$1.shutdownRequested, WARNING)

Warning: Analysis interrupted (The CPU-time limit of 30s has elapsed.) (ShutdownNotifier.shutdownIfNecessary, WARNING)

PredicateCPA statistics
-----------------------
Number of abstractions:            37776 (17% of all post computations)
  Times abstraction was reused:    0
  Because of function entry/exit:  29204 (77%)
  Because of loop head:            8569 (23%)
  Because of join nodes:           0 (0%)
  Because of threshold:            0 (0%)
  Because of target state:         3 (0%)
  Times precision was empty:       36636 (97%)
  Times precision was {false}:     109 (0%)
  Times result was cached:         1003 (3%)
  Times cartesian abs was used:    0 (0%)
  Times boolean abs was used:      28 (0%)
  Times result was 'false':        68 (0%)
Number of strengthen sat checks:   0
Number of coverage checks:         33818
  BDD entailment checks:           11946
Number of SMT sat checks:          0
  trivial:                         0
  cached:                          0

Max ABE block size:                       42
Number of predicates discovered:          2
Number of abstraction locations:          28
Max number of predicates per location:    1
Avg number of predicates per location:    1
Total predicates per abstraction:         1140
Max number of predicates per abstraction: 1
Avg number of predicates per abstraction: 8.32
Number of irrelevant predicates:          1083 (95%)
Number of preds handled by boolean abs:   28 (2%)
  Total number of models for allsat:      30
  Max number of models for allsat:        2
  Avg number of models for allsat:        1.07

Time for post operator:                  8.076s
  Time for path formula creation:        7.796s
Time for strengthen operator:            0.383s
Time for prec operator:                  2.021s
  Time for abstraction:                  1.004s (Max:     0.025s, Count: 37776)
    Boolean abstraction:                 0.062s
    Solving time:                        0.085s (Max:     0.012s)
    Model enumeration time:              0.010s
    Time for BDD construction:           0.012s (Max:     0.007s)
Time for merge operator:                 0.439s
Time for coverage check:                 0.096s
  Time for BDD entailment checks:        0.083s
Total time for SMT solver (w/o itp):     0.095s

Number of path formula cache hits:   213083 (81%)

Inside post operator:                  
  Inside path formula creation:        
    Time for path formula computation:     7.082s

Total number of created targets for pointer analysis: 0


Number of BDD nodes:                               202
Size of BDD node table:                            270749
Size of BDD cache:                                 27073
Size of BDD node cleanup queue:                          59 (count: 49305, min: 0, max: 30, avg: 0.00)
Time for BDD node cleanup:                             0.029s
Time for BDD garbage collection:                       0.000s (in 0 runs)

PrecisionBootstrap statistics
-----------------------------
Init. function predicates:                         0
Init. global predicates:                           0
Init. location predicates:                         0

Invariant Generation statistics
-------------------------------

AutomatonAnalysis (SVCOMP) statistics
-------------------------------------
Number of states:                                  1
Total time for successor computation:                  0.877s
  Time for transition matches:                         0.374s
  Time for transition assertions:                      0.000s
  Time for transition actions:                         0.000s
Automaton transfers with branching:                0
Automaton transfer successors:                       226201 (count: 226201, min: 1, max: 1, avg: 1.00) [1 x 226201]

CPA algorithm statistics
------------------------
Number of iterations:            145446
Max size of waitlist:            63
Average size of waitlist:        41
Number of computed successors:   168469
Max successors for one state:    2
Number of times merged:          10936
Number of times stopped:         22859
Number of times breaked:         3

Total time for CPA algorithm:        23.382s (Max:     8.799s)
  Time for choose from waitlist:      0.373s
  Time for precision adjustment:      5.077s
  Time for transfer relation:        13.969s
  Time for merge operator:            0.911s
  Time for stop operator:             0.775s
  Time for adding to reached set:     0.660s

Predicate-Abstraction Refiner statistics
----------------------------------------
Number of predicate refinements:                   3
Avg. length of target path (in blocks):                 123 (count: 3, min: 31, max: 56, avg: 41.00)
Number of infeasible sliced prefixes:                     0 (count: 0, min: 0, max: 0, avg: 0.00)

Time for refinement:                                   0.780s
  Counterexample analysis:                             0.068s (Max:     0.030s, Calls: 3)
    Refinement sat check:                              0.030s
    Interpolant computation:                           0.000s
  Path-formulas extraction:                            0.000s
  Error path post-processing:                          0.000s
  Predicate creation:                                  0.016s
  Precision update:                                    0.003s
  ARG update:                                          0.682s

Length of refined path (in blocks):                      48 (count: 3, min: 6, max: 31, avg: 16.00)
Number of affected states:                               39 (count: 3, min: 3, max: 28, avg: 13.00)
Length (states) of path with itp 'true':                  6 (count: 3, min: 2, max: 2, avg: 2.00)
Length (states) of path with itp non-trivial itp:        39 (count: 3, min: 3, max: 28, avg: 13.00)
Length (states) of path with itp 'false':                 3 (count: 3, min: 1, max: 1, avg: 1.00)
Different non-trivial interpolants along paths:           0 (count: 3, min: 0, max: 0, avg: 0.00)
Equal non-trivial interpolants along paths:              36 (count: 3, min: 2, max: 27, avg: 12.00)
Number of refs with location-based cutoff:                0

CEGAR algorithm statistics
--------------------------
Number of refinements:                3
Number of successful refinements:     3
Number of failed refinements:         0
Max. size of reached set before ref.: 36682
Max. size of reached set after ref.:  13
Avg. size of reached set before ref.: 36573.67
Avg. size of reached set after ref.:  13.00

Total time for CEGAR algorithm:      24.391s
Time for refinements:                 1.009s
Average time for refinement:          0.336s
Max time for refinement:              0.510s

Code Coverage
-----------------------------
  Function coverage:      0.567
  Visited lines:          1413
  Total lines:            2105
  Line coverage:          0.671
  Visited conditions:     340
  Total conditions:       536
  Condition coverage:     0.634

CPAchecker general statistics
-----------------------------
Number of program locations:     2999
Number of CFA edges:             3382
Number of relevant variables:    452
Number of functions:             104
Number of loops:                 30
Size of reached set:             35861
  Number of reached locations:   946 (32%)
    Avg states per location:     37
    Max states per location:     696 (at node N239)
  Number of reached functions:   59 (57%)
  Number of partitions:          35857
    Avg size of partitions:      1
    Max size of partitions:      2 (with key [N2433 (before line 5298), Function main called from node N2415, stack depth 1 [73877e19], stack [main]])
  Number of target states:       0
  Size of final wait list        36

Time for analysis setup:          5.872s
  Time for loading CPAs:          1.233s
  Time for loading parser:        0.758s
  Time for CFA construction:      3.726s
    Time for parsing file(s):     1.056s
    Time for AST to CFA:          1.354s
    Time for CFA sanity check:    0.229s
    Time for post-processing:     0.860s
      Time for var class.:        0.474s
Time for Analysis:               24.391s
CPU time for analysis:           24.390s
Total time for CPAchecker:       30.267s
Total CPU time for CPAchecker:   30.260s
Time for statistics:              1.084s

Time for Garbage Collector:       1.919s (in 59 runs)
Garbage Collector(s) used:    Copy, MarkSweepCompact
Used heap memory:                121MB (   115 MiB) max;     65MB (    62 MiB) avg;    129MB (   123 MiB) peak
Used non-heap memory:             39MB (    37 MiB) max;     34MB (    33 MiB) avg;     40MB (    38 MiB) peak
Allocated heap memory:           127MB (   121 MiB) max;    127MB (   121 MiB) avg
Allocated non-heap memory:        41MB (    39 MiB) max;     36MB (    34 MiB) avg
Total process virtual memory:   8085MB (  7710 MiB) max;   8071MB (  7697 MiB) avg

Verification result: UNKNOWN, incomplete analysis.
More details about the verification run can be found in the directory "./output".
