scripts/cpa.sh -Dy-MySearchStrategy-PredAbs-ABEl -heap 5600000000 -timelimit 900 -preprocess -stats -noout -setprop cpa.predicate.memoryAllocationsAlwaysSucceed=true -spec ../sv-benchmarks/c/ReachSafety.prp ../sv-benchmarks/c/product-lines/elevator_spec13_product29_true-unreach-call_false-termination.cil.c


--------------------------------------------------------------------------------


Running CPAchecker with Java heap of size 5600000000.
Running CPAchecker with default stack size (1024k). Specify a larger value with -stack if needed.
Running CPAchecker with the following extra VM options:  -Djava.io.tmpdir=/tmp/BenchExec_run_pgun2c3j/tmp
Using the following resource limits: CPU-time limit of 900s (ResourceLimitChecker.fromConfiguration, INFO)

CPAchecker (unknown version) (OpenJDK 64-Bit Server VM 1.8.0_162) started (CPAchecker.run, INFO)

line 156: Dead code detected: return (retValue_acc); (CFACreationUtils.addEdgeToCFA, INFO)

line 392: Dead code detected: return (retValue_acc); (CFACreationUtils.addEdgeToCFA, INFO)

line 703: Dead code detected: return (retValue_acc); (CFACreationUtils.addEdgeToCFA, INFO)

line 766: Dead code detected: return (retValue_acc); (CFACreationUtils.addEdgeToCFA, INFO)

line 805: Dead code detected: return (retValue_acc); (CFACreationUtils.addEdgeToCFA, INFO)

line 844: Dead code detected: return (retValue_acc); (CFACreationUtils.addEdgeToCFA, INFO)

line 929: Dead code detected: return (retValue_acc); (CFACreationUtils.addEdgeToCFA, INFO)

line 1102: Dead code detected: return (retValue_acc); (CFACreationUtils.addEdgeToCFA, INFO)

line 1111: Dead code detected: return (retValue_acc); (CFACreationUtils.addEdgeToCFA, INFO)

line 1145: Dead code detected: return (retValue_acc); (CFACreationUtils.addEdgeToCFA, INFO)

line 1154: Dead code detected: return (retValue_acc); (CFACreationUtils.addEdgeToCFA, INFO)

line 1194: Dead code detected: return (retValue_acc); (CFACreationUtils.addEdgeToCFA, INFO)

line 1274: Dead code detected: return (retValue_acc); (CFACreationUtils.addEdgeToCFA, INFO)

line 1287: Dead code detected: return (retValue_acc); (CFACreationUtils.addEdgeToCFA, INFO)

line 1639: Dead code detected: return (retValue_acc); (CFACreationUtils.addEdgeToCFA, INFO)

line 1678: Dead code detected: return (retValue_acc); (CFACreationUtils.addEdgeToCFA, INFO)

line 1712: Dead code detected: return (retValue_acc); (CFACreationUtils.addEdgeToCFA, INFO)

line 1768: Dead code detected: return (retValue_acc); (CFACreationUtils.addEdgeToCFA, INFO)

line 1796: Dead code detected: return (retValue_acc); (CFACreationUtils.addEdgeToCFA, INFO)

line 1810: Dead code detected: return (retValue_acc); (CFACreationUtils.addEdgeToCFA, INFO)

line 2385: Dead code detected: return (retValue_acc); (CFACreationUtils.addEdgeToCFA, INFO)

line 2927: Dead code detected: return (retValue_acc); (CFACreationUtils.addEdgeToCFA, INFO)

line 2939: Dead code detected: return (retValue_acc); (CFACreationUtils.addEdgeToCFA, INFO)

line 2962: Dead code detected: return (retValue_acc); (CFACreationUtils.addEdgeToCFA, INFO)

line 3282: Dead code detected: return (retValue_acc); (CFACreationUtils.addEdgeToCFA, INFO)

line 3328: Dead code detected: return (retValue_acc); (CFACreationUtils.addEdgeToCFA, INFO)

line 3119: Function pointer *__cil_tmp10 with type int (*)(int, int) is called, but no possible target functions were found. (CFunctionPointerResolver.replaceFunctionPointerCall, WARNING)

MathSAT5 is available for research and evaluation purposes only. It can not be used in a commercial environment, particularly as part of a commercial product, without written permission. MathSAT5 is provided as is, without any warranty. Please write to mathsat@fbk.eu for additional questions regarding licensing MathSAT5 or obtaining more up-to-date versions. (PredicateCPA:JavaSMT:Mathsat5SolverContext.<init>, WARNING)

Using predicate analysis with MathSAT5 version 5.3.14 (0b98b661254c) (Nov 17 2016 10:59:45, gmp 5.1.3, gcc 4.8.5, 64-bit) and JFactory 1.21. (PredicateCPA:PredicateCPA.<init>, INFO)

Using refinement for predicate analysis with PredicateAbstractionRefinementStrategy strategy. (PredicateCPA:PredicateCPARefiner.<init>, INFO)

Starting analysis ... (CPAchecker.runAlgorithm, INFO)

Shutdown requested (The CPU-time limit of 900s has elapsed.), waiting for termination. (ForceTerminationOnShutdown$1.shutdownRequested, WARNING)

Warning: Analysis interrupted (The CPU-time limit of 900s has elapsed.) (ShutdownNotifier.shutdownIfNecessary, WARNING)

PredicateCPA statistics
-----------------------
Number of abstractions:            2547 (0% of all post computations)
  Times abstraction was reused:    0
  Because of function entry/exit:  0 (0%)
  Because of loop head:            1775 (70%)
  Because of join nodes:           0 (0%)
  Because of threshold:            0 (0%)
  Because of target state:         772 (30%)
  Times precision was empty:       1727 (68%)
  Times precision was {false}:     336 (13%)
  Times result was cached:         202 (8%)
  Times cartesian abs was used:    0 (0%)
  Times boolean abs was used:      282 (11%)
  Times result was 'false':        699 (27%)
Number of strengthen sat checks:   0
Number of coverage checks:         341674
  BDD entailment checks:           696
Number of SMT sat checks:          0
  trivial:                         0
  cached:                          0

Max ABE block size:                       3761
Number of predicates discovered:          52
Number of abstraction locations:          5
Max number of predicates per location:    27
Avg number of predicates per location:    15
Total predicates per abstraction:         3706
Max number of predicates per abstraction: 27
Avg number of predicates per abstraction: 6.00
Number of irrelevant predicates:          548 (15%)
Number of preds handled by boolean abs:   3076 (83%)
  Total number of models for allsat:      11658
  Max number of models for allsat:        1204
  Avg number of models for allsat:        41.34

Time for post operator:                 21.816s
  Time for path formula creation:       21.226s
Time for strengthen operator:            1.163s
Time for prec operator:                522.084s
  Time for abstraction:                521.163s (Max:    59.918s, Count: 2547)
    Boolean abstraction:               494.736s
    Solving time:                       38.583s (Max:     2.800s)
    Model enumeration time:            461.038s
    Time for BDD construction:           1.266s (Max:     0.150s)
Time for merge operator:                 5.592s
Time for coverage check:                 0.075s
  Time for BDD entailment checks:        0.028s
Total time for SMT solver (w/o itp):   499.622s

Number of path formula cache hits:   275308 (31%)

Inside post operator:                  
  Inside path formula creation:        
    Time for path formula computation:    20.159s

Total number of created targets for pointer analysis: 0


Number of BDD nodes:                               152768
Size of BDD node table:                            270749
Size of BDD cache:                                 27073
Size of BDD node cleanup queue:                       13402 (count: 11448, min: 0, max: 2257, avg: 1.17)
Time for BDD node cleanup:                             0.011s
Time for BDD garbage collection:                       0.000s (in 0 runs)

PrecisionBootstrap statistics
-----------------------------
Init. function predicates:                         0
Init. global predicates:                           0
Init. location predicates:                         0

Invariant Generation statistics
-------------------------------

AutomatonAnalysis (SVCOMP) statistics
-------------------------------------
Number of states:                                  1
Total time for successor computation:                  1.707s
  Time for transition matches:                         0.823s
  Time for transition assertions:                      0.001s
  Time for transition actions:                         0.009s
Automaton transfers with branching:                0
Automaton transfer successors:                       837724 (count: 837724, min: 1, max: 1, avg: 1.00) [1 x 837724]

CPA algorithm statistics
------------------------
Number of iterations:            619161
Max size of waitlist:            271
Average size of waitlist:        136
Number of computed successors:   791593
Max successors for one state:    2
Number of times merged:          170489
Number of times stopped:         170880
Number of times breaked:         444

Total time for CPA algorithm:       577.311s (Max:   502.598s)
  Time for choose from waitlist:      0.462s
  Time for precision adjustment:    528.053s
  Time for transfer relation:        34.422s
  Time for merge operator:            8.323s
  Time for stop operator:             1.282s
  Time for adding to reached set:     1.780s

Predicate-Abstraction Refiner statistics
----------------------------------------
Number of predicate refinements:                   444
Avg. length of target path (in blocks):                1608 (count: 444, min: 1, max: 7, avg: 3.62)
Number of infeasible sliced prefixes:                     0 (count: 0, min: 0, max: 0, avg: 0.00)

Time for refinement:                                 173.703s
  Counterexample analysis:                           166.968s (Max:     3.371s, Calls: 444)
    Refinement sat check:                            147.497s
    Interpolant computation:                           0.000s
  Path-formulas extraction:                            0.003s
  Error path post-processing:                          0.000s
  Predicate creation:                                  0.035s
  Precision update:                                    0.068s
  ARG update:                                          1.350s

Length of refined path (in blocks):                    1379 (count: 444, min: 1, max: 6, avg: 3.11)
Number of affected states:                               34 (count: 444, min: 0, max: 3, avg: 0.08)
Length (states) of path with itp 'true':                901 (count: 444, min: 0, max: 5, avg: 2.03)
Length (states) of path with itp non-trivial itp:        34 (count: 444, min: 0, max: 3, avg: 0.08)
Length (states) of path with itp 'false':               188 (count: 444, min: 0, max: 1, avg: 0.42)
Different non-trivial interpolants along paths:          19 (count: 444, min: 0, max: 2, avg: 0.04)
Equal non-trivial interpolants along paths:               1 (count: 444, min: 0, max: 1, avg: 0.00)
Number of refs with location-based cutoff:                0

CEGAR algorithm statistics
--------------------------
Number of refinements:                444
Number of successful refinements:     444
Number of failed refinements:         0
Max. size of reached set before ref.: 228640
Max. size of reached set after ref.:  228583
Avg. size of reached set before ref.: 152345.45
Avg. size of reached set after ref.:  151274.33

Total time for CEGAR algorithm:     895.974s
Time for refinements:               261.221s
Average time for refinement:          0.588s
Max time for refinement:              3.464s

Code Coverage
-----------------------------
  Function coverage:      0.681
  Visited lines:          1081
  Total lines:            1678
  Line coverage:          0.644
  Visited conditions:     616
  Total conditions:       724
  Condition coverage:     0.851

CPAchecker general statistics
-----------------------------
Number of program locations:     2195
Number of CFA edges:             2675
Number of relevant variables:    307
Number of functions:             72
Number of loops:                 9
Size of reached set:             144439
  Number of reached locations:   1218 (55%)
    Avg states per location:     118
    Max states per location:     1696 (at node N39)
  Number of reached functions:   49 (68%)
  Number of partitions:          144412
    Avg size of partitions:      1
    Max size of partitions:      22 (with key [N2157 (before lines 2723-2751), Function cleanup called from node N584, stack depth 4 [36c1b6ff], stack [main, runTest, test, cleanup]])
  Number of target states:       0
  Size of final wait list        50

Time for analysis setup:          4.284s
  Time for loading CPAs:          0.820s
  Time for loading parser:        0.741s
  Time for CFA construction:      2.547s
    Time for parsing file(s):     0.778s
    Time for AST to CFA:          0.707s
    Time for CFA sanity check:    0.267s
    Time for post-processing:     0.607s
      Time for var class.:        0.333s
Time for Analysis:              895.974s
CPU time for analysis:          895.950s
Total time for CPAchecker:      900.263s
Total CPU time for CPAchecker:  900.230s
Time for statistics:              1.488s

Time for Garbage Collector:      16.701s (in 321 runs)
Garbage Collector(s) used:    Copy, MarkSweepCompact
Used heap memory:                682MB (   650 MiB) max;    469MB (   447 MiB) avg;    703MB (   670 MiB) peak
Used non-heap memory:             37MB (    35 MiB) max;     36MB (    34 MiB) avg;     38MB (    36 MiB) peak
Allocated heap memory:           766MB (   730 MiB) max;    631MB (   602 MiB) avg
Allocated non-heap memory:        38MB (    37 MiB) max;     38MB (    36 MiB) avg
Total process virtual memory:   8593MB (  8195 MiB) max;   8432MB (  8042 MiB) avg

Verification result: UNKNOWN, incomplete analysis.
More details about the verification run can be found in the directory "./output".
