scripts/cpa.sh -Dy-MySearchStrategy-PredAbs-ABEl -heap 5600000000 -timelimit 900 -preprocess -stats -noout -setprop cpa.predicate.memoryAllocationsAlwaysSucceed=true -spec ../sv-benchmarks/c/ReachSafety.prp ../sv-benchmarks/c/systemc/pc_sfifo_1_true-unreach-call_false-termination.cil.c


--------------------------------------------------------------------------------


Running CPAchecker with Java heap of size 5600000000.
Running CPAchecker with default stack size (1024k). Specify a larger value with -stack if needed.
Running CPAchecker with the following extra VM options:  -Djava.io.tmpdir=/tmp/BenchExec_run_apusf4f4/tmp
Using the following resource limits: CPU-time limit of 900s (ResourceLimitChecker.fromConfiguration, INFO)

CPAchecker (unknown version) (OpenJDK 64-Bit Server VM 1.8.0_162) started (CPAchecker.run, INFO)

MathSAT5 is available for research and evaluation purposes only. It can not be used in a commercial environment, particularly as part of a commercial product, without written permission. MathSAT5 is provided as is, without any warranty. Please write to mathsat@fbk.eu for additional questions regarding licensing MathSAT5 or obtaining more up-to-date versions. (PredicateCPA:JavaSMT:Mathsat5SolverContext.<init>, WARNING)

Using predicate analysis with MathSAT5 version 5.3.14 (0b98b661254c) (Nov 17 2016 10:59:45, gmp 5.1.3, gcc 4.8.5, 64-bit) and JFactory 1.21. (PredicateCPA:PredicateCPA.<init>, INFO)

Using refinement for predicate analysis with PredicateAbstractionRefinementStrategy strategy. (PredicateCPA:PredicateCPARefiner.<init>, INFO)

Starting analysis ... (CPAchecker.runAlgorithm, INFO)

Stopping analysis ... (CPAchecker.runAlgorithm, INFO)

PredicateCPA statistics
-----------------------
Number of abstractions:            515 (4% of all post computations)
  Times abstraction was reused:    0
  Because of function entry/exit:  0 (0%)
  Because of loop head:            343 (67%)
  Because of join nodes:           0 (0%)
  Because of threshold:            0 (0%)
  Because of target state:         172 (33%)
  Times precision was empty:       16 (3%)
  Times precision was {false}:     122 (24%)
  Times result was cached:         128 (25%)
  Times cartesian abs was used:    0 (0%)
  Times boolean abs was used:      249 (48%)
  Times result was 'false':        324 (63%)
Number of strengthen sat checks:   0
Number of coverage checks:         2500
  BDD entailment checks:           174
Number of SMT sat checks:          0
  trivial:                         0
  cached:                          0

Max ABE block size:                       44
Number of predicates discovered:          15
Number of abstraction locations:          5
Max number of predicates per location:    13
Avg number of predicates per location:    8
Total predicates per abstraction:         2723
Max number of predicates per abstraction: 13
Avg number of predicates per abstraction: 7.34
Number of irrelevant predicates:          374 (14%)
Number of preds handled by boolean abs:   1852 (68%)
  Total number of models for allsat:      177
  Max number of models for allsat:        6
  Avg number of models for allsat:        0.71

Time for post operator:                  0.839s
  Time for path formula creation:        0.757s
Time for strengthen operator:            0.053s
Time for prec operator:                  2.203s
  Time for abstraction:                  2.119s (Max:     0.029s, Count: 515)
    Boolean abstraction:                 0.679s
    Solving time:                        0.607s (Max:     0.014s)
    Model enumeration time:              0.025s
    Time for BDD construction:           0.068s (Max:     0.010s)
Time for merge operator:                 0.045s
Time for coverage check:                 0.020s
  Time for BDD entailment checks:        0.019s
Total time for SMT solver (w/o itp):     0.632s

Number of path formula cache hits:   11585 (78%)

Inside post operator:                  
  Inside path formula creation:        
    Time for path formula computation:     0.654s

Total number of created targets for pointer analysis: 0


Number of BDD nodes:                               1601
Size of BDD node table:                            270749
Size of BDD cache:                                 27073
Size of BDD node cleanup queue:                        2207 (count: 3253, min: 0, max: 950, avg: 0.68)
Time for BDD node cleanup:                             0.005s
Time for BDD garbage collection:                       0.000s (in 0 runs)

PrecisionBootstrap statistics
-----------------------------
Init. function predicates:                         0
Init. global predicates:                           0
Init. location predicates:                         0

Invariant Generation statistics
-------------------------------

AutomatonAnalysis (SVCOMP) statistics
-------------------------------------
Number of states:                                  1
Total time for successor computation:                  0.314s
Automaton transfers with branching:                0
Automaton transfer successors:                        13721 (count: 13721, min: 1, max: 1, avg: 1.00) [1 x 13721]

CPA algorithm statistics
------------------------
Number of iterations:            10498
Max size of waitlist:            11
Average size of waitlist:        5
Number of computed successors:   12098
Max successors for one state:    2
Number of times merged:          1163
Number of times stopped:         1206
Number of times breaked:         13

Total time for CPA algorithm:         5.100s (Max:     0.849s)
  Time for choose from waitlist:      0.025s
  Time for precision adjustment:      2.564s
  Time for transfer relation:         1.907s
  Time for merge operator:            0.157s
  Time for stop operator:             0.137s
  Time for adding to reached set:     0.114s

Predicate-Abstraction Refiner statistics
----------------------------------------
Number of predicate refinements:                   13
Avg. length of target path (in blocks):                  76 (count: 13, min: 3, max: 9, avg: 5.85)
Number of infeasible sliced prefixes:                     0 (count: 0, min: 0, max: 0, avg: 0.00)

Time for refinement:                                   0.353s
  Counterexample analysis:                             0.201s (Max:     0.030s, Calls: 13)
    Refinement sat check:                              0.122s
    Interpolant computation:                           0.000s
  Path-formulas extraction:                            0.000s
  Error path post-processing:                          0.000s
  Predicate creation:                                  0.020s
  Precision update:                                    0.021s
  ARG update:                                          0.085s

Length of refined path (in blocks):                      71 (count: 13, min: 3, max: 8, avg: 5.46)
Number of affected states:                               55 (count: 13, min: 1, max: 7, avg: 4.23)
Length (states) of path with itp 'true':                  3 (count: 13, min: 0, max: 3, avg: 0.23)
Length (states) of path with itp non-trivial itp:        55 (count: 13, min: 1, max: 7, avg: 4.23)
Length (states) of path with itp 'false':                 4 (count: 13, min: 0, max: 1, avg: 0.31)
Different non-trivial interpolants along paths:          19 (count: 13, min: 0, max: 4, avg: 1.46)
Equal non-trivial interpolants along paths:              23 (count: 13, min: 0, max: 4, avg: 1.77)
Number of refs with location-based cutoff:                0

CEGAR algorithm statistics
--------------------------
Number of refinements:                13
Number of successful refinements:     13
Number of failed refinements:         0
Max. size of reached set before ref.: 1447
Max. size of reached set after ref.:  651
Avg. size of reached set before ref.: 725.38
Avg. size of reached set after ref.:  71.31

Total time for CEGAR algorithm:       5.527s
Time for refinements:                 0.423s
Average time for refinement:          0.032s
Max time for refinement:              0.065s

Code Coverage
-----------------------------
  Function coverage:      1.000
  Visited lines:          162
  Total lines:            163
  Line coverage:          0.994
  Visited conditions:     50
  Total conditions:       50
  Condition coverage:     1.000

CPAchecker general statistics
-----------------------------
Number of program locations:     250
Number of CFA edges:             277
Number of relevant variables:    32
Number of functions:             13
Number of loops:                 4
Size of reached set:             2066
  Number of reached locations:   178 (71%)
    Avg states per location:     11
    Max states per location:     36 (at node N1)
  Number of reached functions:   13 (100%)
  Number of partitions:          2058
    Avg size of partitions:      1
    Max size of partitions:      5 (with key [N170 (before lines 237-277), Function eval called from node N225, stack depth 3 [310d57b1], stack [main, start_simulation, eval]])
  Number of target states:       0

Time for analysis setup:          2.764s
  Time for loading CPAs:          0.865s
  Time for loading parser:        0.802s
  Time for CFA construction:      0.933s
    Time for parsing file(s):     0.400s
    Time for AST to CFA:          0.165s
    Time for CFA sanity check:    0.056s
    Time for post-processing:     0.192s
      Time for var class.:        0.066s
Time for Analysis:                5.527s
CPU time for analysis:            5.530s
Time for analyzing result:        0.002s
Total time for CPAchecker:        8.296s
Total CPU time for CPAchecker:    8.300s
Time for statistics:              0.130s

Time for Garbage Collector:       0.132s (in 8 runs)
Garbage Collector(s) used:    Copy, MarkSweepCompact
Used heap memory:                 58MB (    56 MiB) max;     35MB (    34 MiB) avg;     63MB (    60 MiB) peak
Used non-heap memory:             34MB (    33 MiB) max;     28MB (    27 MiB) avg;     36MB (    34 MiB) peak
Allocated heap memory:           127MB (   121 MiB) max;    127MB (   121 MiB) avg
Allocated non-heap memory:        37MB (    35 MiB) max;     30MB (    28 MiB) avg
Total process virtual memory:   8132MB (  7756 MiB) max;   8092MB (  7717 MiB) avg

Verification result: TRUE. No property violation found by chosen configuration.
More details about the verification run can be found in the directory "./output".
