scripts/cpa.sh -Dy-MySearchStrategy-PredAbs-ABElf -heap 5600000000 -timelimit 30 -preprocess -stats -noout -setprop cpa.predicate.memoryAllocationsAlwaysSucceed=true -spec ../sv-benchmarks/c/ReachSafety.prp ../sv-benchmarks/c/ldv-consumption/32_7a_cilled_true-unreach-call_linux-3.8-rc1-32_7a-drivers--staging--silicom--bpctl_mod.ko-ldv_main0_sequence_infinite_withcheck_stateful.cil.out.c


--------------------------------------------------------------------------------


Running CPAchecker with Java heap of size 5600000000.
Running CPAchecker with default stack size (1024k). Specify a larger value with -stack if needed.
Running CPAchecker with the following extra VM options:  -Djava.io.tmpdir=/tmp/BenchExec_run_kdaoy21a/tmp
Using the following resource limits: CPU-time limit of 30s (ResourceLimitChecker.fromConfiguration, INFO)

CPAchecker (unknown version) (OpenJDK 64-Bit Server VM 1.8.0_162) started (CPAchecker.run, INFO)

line 7220: Dead code detected: __ms = 5UL; (CFACreationUtils.addEdgeToCFA, INFO)

line 8017: Dead code detected: tmp = is_bypass_fn(pbpctl_dev); (CFACreationUtils.addEdgeToCFA, INFO)

line 8018: Dead code detected: [!(tmp == 1)] (CFACreationUtils.addEdgeToCFA, INFO)

line 8019: Dead code detected: pbpctl_dev_m = pbpctl_dev; (CFACreationUtils.addEdgeToCFA, INFO)

line 8021: Dead code detected: pbpctl_dev_m = get_master_port_fn(pbpctl_dev); (CFACreationUtils.addEdgeToCFA, INFO)

line 8023: Dead code detected: [((unsigned long)pbpctl_dev_m) == ((unsigned long)((bpctl_dev_t *)0))] (CFACreationUtils.addEdgeToCFA, INFO)

line 8023: Dead code detected: [!(((unsigned long)pbpctl_dev_m) == ((unsigned long)((bpctl_dev_t *)0)))] (CFACreationUtils.addEdgeToCFA, INFO)

line 8024: Dead code detected: return (-1); (CFACreationUtils.addEdgeToCFA, INFO)

line 8028: Dead code detected: [((pbpctl_dev_m->bp_caps_ex) & 2U) != 0U] (CFACreationUtils.addEdgeToCFA, INFO)

line 8028: Dead code detected: [!(((pbpctl_dev_m->bp_caps_ex) & 2U) != 0U)] (CFACreationUtils.addEdgeToCFA, INFO)

line 8029: Dead code detected: tmp___0 = is_bypass_fn(pbpctl_dev); (CFACreationUtils.addEdgeToCFA, INFO)

line 8030: Dead code detected: [!(tmp___0 == 1)] (CFACreationUtils.addEdgeToCFA, INFO)

line 8031: Dead code detected: write_data(pbpctl_dev_m, 162); (CFACreationUtils.addEdgeToCFA, INFO)

line 8033: Dead code detected: write_data(pbpctl_dev_m, 163); (CFACreationUtils.addEdgeToCFA, INFO)

line 8035: Dead code detected: i = 0; (CFACreationUtils.addEdgeToCFA, INFO)

line 8064: Dead code detected: tmp = is_bypass_fn(pbpctl_dev); (CFACreationUtils.addEdgeToCFA, INFO)

line 8065: Dead code detected: [!(tmp == 1)] (CFACreationUtils.addEdgeToCFA, INFO)

line 8066: Dead code detected: pbpctl_dev_m = pbpctl_dev; (CFACreationUtils.addEdgeToCFA, INFO)

line 8068: Dead code detected: pbpctl_dev_m = get_master_port_fn(pbpctl_dev); (CFACreationUtils.addEdgeToCFA, INFO)

line 8070: Dead code detected: [((unsigned long)pbpctl_dev_m) == ((unsigned long)((bpctl_dev_t *)0))] (CFACreationUtils.addEdgeToCFA, INFO)

line 8070: Dead code detected: [!(((unsigned long)pbpctl_dev_m) == ((unsigned long)((bpctl_dev_t *)0)))] (CFACreationUtils.addEdgeToCFA, INFO)

line 8071: Dead code detected: return (-1); (CFACreationUtils.addEdgeToCFA, INFO)

line 8075: Dead code detected: [((pbpctl_dev_m->bp_caps_ex) & 2U) != 0U] (CFACreationUtils.addEdgeToCFA, INFO)

line 8075: Dead code detected: [!(((pbpctl_dev_m->bp_caps_ex) & 2U) != 0U)] (CFACreationUtils.addEdgeToCFA, INFO)

line 8076: Dead code detected: tmp___0 = is_bypass_fn(pbpctl_dev); (CFACreationUtils.addEdgeToCFA, INFO)

line 8077: Dead code detected: [!(tmp___0 == 1)] (CFACreationUtils.addEdgeToCFA, INFO)

line 8078: Dead code detected: write_data(pbpctl_dev_m, 164); (CFACreationUtils.addEdgeToCFA, INFO)

line 8080: Dead code detected: write_data(pbpctl_dev_m, 165); (CFACreationUtils.addEdgeToCFA, INFO)

line 8082: Dead code detected: i = 0; (CFACreationUtils.addEdgeToCFA, INFO)

line 15194: Dead code detected: return (ldv_func_res); (CFACreationUtils.addEdgeToCFA, INFO)

line 15275: Dead code detected: return (ldv_func_res); (CFACreationUtils.addEdgeToCFA, INFO)

Inline assembler ignored, analysis is probably unsound! (CFABuilder.createCFA, WARNING)

line 5274: Function pointer *(dev->ethtool_ops->get_drvinfo) with type void (*)(struct net_device *, struct ethtool_drvinfo *) is called, but no possible target functions were found. (CFunctionPointerResolver.replaceFunctionPointerCall, WARNING)

line 11783: Function pointer *(dev->ethtool_ops->get_drvinfo) with type void (*)(struct net_device *, struct ethtool_drvinfo *) is called, but no possible target functions were found. (CFunctionPointerResolver.replaceFunctionPointerCall, WARNING)

MathSAT5 is available for research and evaluation purposes only. It can not be used in a commercial environment, particularly as part of a commercial product, without written permission. MathSAT5 is provided as is, without any warranty. Please write to mathsat@fbk.eu for additional questions regarding licensing MathSAT5 or obtaining more up-to-date versions. (PredicateCPA:JavaSMT:Mathsat5SolverContext.<init>, WARNING)

Using predicate analysis with MathSAT5 version 5.3.14 (0b98b661254c) (Nov 17 2016 10:59:45, gmp 5.1.3, gcc 4.8.5, 64-bit) and JFactory 1.21. (PredicateCPA:PredicateCPA.<init>, INFO)

Using refinement for predicate analysis with PredicateAbstractionRefinementStrategy strategy. (PredicateCPA:PredicateCPARefiner.<init>, INFO)

Starting analysis ... (CPAchecker.runAlgorithm, INFO)

Assuming external function ldv_handler_precall to be a constant function. (PredicateCPA:ExpressionToFormulaVisitor.visit, INFO)

Assuming external function __register_chrdev to be a pure function. (PredicateCPA:ExpressionToFormulaVisitor.visit, INFO)

Assuming external function pci_get_subsys to be a pure function. (PredicateCPA:ExpressionToFormulaVisitor.visit, INFO)

Assuming external function __unregister_chrdev to be a pure function. (PredicateCPA:ExpressionToFormulaVisitor.visit, INFO)

Assuming external function memset to be a pure function. (PredicateCPA:ExpressionToFormulaVisitor.visit, INFO)

Assuming external function __raw_spin_lock_init to be a pure function. (PredicateCPA:ExpressionToFormulaVisitor.visit, INFO)

Assuming external function __const_udelay to be a pure function. (PredicateCPA:ExpressionToFormulaVisitor.visit, INFO)

Assuming external function _raw_spin_unlock_irqrestore to be a pure function. (PredicateCPA:ExpressionToFormulaVisitor.visit, INFO)

Assuming external function init_timer_key to be a pure function. (PredicateCPA:ExpressionToFormulaVisitor.visit, INFO)

Assuming external function iounmap to be a pure function. (PredicateCPA:ExpressionToFormulaVisitor.visit, INFO)

line 11783: Ignoring function call through function pointer *(dev->ethtool_ops->get_drvinfo): (*(dev->ethtool_ops->get_drvinfo))(dev, &drvinfo); (PredicateCPA:ExpressionToFormulaVisitor.visit, WARNING)

Assuming external function lockdep_init_map to be a pure function. (PredicateCPA:ExpressionToFormulaVisitor.visit, INFO)

Assuming external function register_netdevice_notifier to be a pure function. (PredicateCPA:ExpressionToFormulaVisitor.visit, INFO)

Shutdown requested (The CPU-time limit of 30s has elapsed.), waiting for termination. (ForceTerminationOnShutdown$1.shutdownRequested, WARNING)

Warning: Analysis interrupted (The CPU-time limit of 30s has elapsed.) (ShutdownNotifier.shutdownIfNecessary, WARNING)

PredicateCPA statistics
-----------------------
Number of abstractions:            60951 (22% of all post computations)
  Times abstraction was reused:    0
  Because of function entry/exit:  56669 (93%)
  Because of loop head:            4282 (7%)
  Because of join nodes:           0 (0%)
  Because of threshold:            0 (0%)
  Because of target state:         0 (0%)
  Times precision was empty:       60951 (100%)
  Times precision was {false}:     0 (0%)
  Times result was cached:         0 (0%)
  Times cartesian abs was used:    0 (0%)
  Times boolean abs was used:      0 (0%)
  Times result was 'false':        0 (0%)
Number of strengthen sat checks:   0
Number of coverage checks:         50819
  BDD entailment checks:           21789
Number of SMT sat checks:          0
  trivial:                         0
  cached:                          0

Max ABE block size:                       124
Number of predicates discovered:          0

Time for post operator:                  4.473s
  Time for path formula creation:        4.370s
Time for strengthen operator:            0.279s
Time for prec operator:                  0.886s
  Time for abstraction:                  0.195s (Max:     0.012s, Count: 60951)
    Solving time:                        0.000s (Max:     0.000s)
    Model enumeration time:              0.000s
    Time for BDD construction:           0.000s (Max:     0.000s)
Time for merge operator:                 0.472s
Time for coverage check:                 0.053s
  Time for BDD entailment checks:        0.045s
Total time for SMT solver (w/o itp):     0.000s

Number of path formula cache hits:   292151 (84%)

Inside post operator:                  
  Inside path formula creation:        
    Time for path formula computation:     3.524s

Total number of created targets for pointer analysis: 4953
   Number of created targets for uf: *(struct_net_device)* is 2
   Number of created targets for uf: *signed_int is 33
   Number of created targets for uf: *unsigned_char is 4
   Number of created targets for uf: *(struct_list_head)* is 3
   Number of created targets for uf: *(struct_pci_dev)* is 2
   Number of created targets for uf: *enum_ldv_28506 is 2
   Number of created targets for uf: *unsigned_int is 91
   Number of created targets for uf: *char is 21
   Number of created targets for uf: *unsigned_long_int is 2


Number of BDD nodes:                               202
Size of BDD node table:                            270749
Size of BDD cache:                                 27073
Size of BDD node cleanup queue:                           0 (count: 82741, min: 0, max: 0, avg: 0.00)
Time for BDD node cleanup:                             0.014s
Time for BDD garbage collection:                       0.000s (in 0 runs)

PrecisionBootstrap statistics
-----------------------------
Init. function predicates:                         0
Init. global predicates:                           0
Init. location predicates:                         0

Invariant Generation statistics
-------------------------------

AutomatonAnalysis (SVCOMP) statistics
-------------------------------------
Number of states:                                  1
Total time for successor computation:                  0.646s
  Time for transition matches:                         0.194s
  Time for transition assertions:                      0.000s
  Time for transition actions:                         0.000s
Automaton transfers with branching:                0
Automaton transfer successors:                       281909 (count: 281909, min: 1, max: 1, avg: 1.00) [1 x 281909]

CPA algorithm statistics
------------------------
Number of iterations:            201083
Max size of waitlist:            55
Average size of waitlist:        27
Number of computed successors:   237405
Max successors for one state:    2
Number of times merged:          14515
Number of times stopped:         36304
Number of times breaked:         0

Total time for CPA algorithm:        24.414s (Max:    24.414s)
  Time for choose from waitlist:      0.131s
  Time for precision adjustment:      2.676s
  Time for transfer relation:        19.065s
  Time for merge operator:            0.805s
  Time for stop operator:             0.443s
  Time for adding to reached set:     0.426s

Predicate-Abstraction Refiner statistics
----------------------------------------
Number of predicate refinements:                   0

CEGAR algorithm statistics
--------------------------
Number of refinements:                0

Code Coverage
-----------------------------
  Function coverage:      0.110
  Visited lines:          1837
  Total lines:            6363
  Line coverage:          0.289
  Visited conditions:     962
  Total conditions:       3026
  Condition coverage:     0.318

CPAchecker general statistics
-----------------------------
Number of program locations:     9458
Number of CFA edges:             11716
Number of relevant variables:    1403
Number of functions:             337
Number of loops:                 99
Size of reached set:             201101
  Number of reached locations:   1455 (15%)
    Avg states per location:     138
    Max states per location:     19500 (at node N116)
  Number of reached functions:   37 (11%)
  Number of partitions:          201101
    Avg size of partitions:      1
    Max size of partitions:      1
  Number of target states:       0
  Size of final wait list        19

Time for analysis setup:          5.914s
  Time for loading CPAs:          0.874s
  Time for loading parser:        0.586s
  Time for CFA construction:      4.313s
    Time for parsing file(s):     0.999s
    Time for AST to CFA:          1.631s
    Time for CFA sanity check:    0.425s
    Time for post-processing:     1.082s
      Time for var class.:        0.500s
Time for Analysis:               24.414s
CPU time for analysis:           24.420s
Total time for CPAchecker:       30.332s
Total CPU time for CPAchecker:   30.310s
Time for statistics:              2.399s

Time for Garbage Collector:       2.926s (in 89 runs)
Garbage Collector(s) used:    Copy, MarkSweepCompact
Used heap memory:                282MB (   269 MiB) max;    105MB (   100 MiB) avg;    307MB (   293 MiB) peak
Used non-heap memory:             38MB (    36 MiB) max;     34MB (    32 MiB) avg;     39MB (    37 MiB) peak
Allocated heap memory:           350MB (   334 MiB) max;    182MB (   174 MiB) avg
Allocated non-heap memory:        40MB (    38 MiB) max;     36MB (    34 MiB) avg
Total process virtual memory:   8083MB (  7709 MiB) max;   8072MB (  7698 MiB) avg

Verification result: UNKNOWN, incomplete analysis.
More details about the verification run can be found in the directory "./output".
