scripts/cpa.sh -Dy-MySearchStrategy-PredAbs-ABElf -heap 5600000000 -timelimit 30 -preprocess -stats -noout -setprop cpa.predicate.memoryAllocationsAlwaysSucceed=true -spec ../sv-benchmarks/c/ReachSafety.prp ../sv-benchmarks/c/ldv-consumption/32_7a_cilled_true-unreach-call_linux-3.8-rc1-32_7a-drivers--staging--silicom--bpctl_mod.ko-ldv_main0_sequence_infinite_withcheck_stateful.cil.out.c


--------------------------------------------------------------------------------


Running CPAchecker with Java heap of size 5600000000.
Running CPAchecker with default stack size (1024k). Specify a larger value with -stack if needed.
Running CPAchecker with the following extra VM options:  -Djava.io.tmpdir=/tmp/BenchExec_run__563pp_o/tmp
Using the following resource limits: CPU-time limit of 30s (ResourceLimitChecker.fromConfiguration, INFO)

CPAchecker (unknown version) (OpenJDK 64-Bit Server VM 1.8.0_162) started (CPAchecker.run, INFO)

line 7220: Dead code detected: __ms = 5UL; (CFACreationUtils.addEdgeToCFA, INFO)

line 8017: Dead code detected: tmp = is_bypass_fn(pbpctl_dev); (CFACreationUtils.addEdgeToCFA, INFO)

line 8018: Dead code detected: [!(tmp == 1)] (CFACreationUtils.addEdgeToCFA, INFO)

line 8019: Dead code detected: pbpctl_dev_m = pbpctl_dev; (CFACreationUtils.addEdgeToCFA, INFO)

line 8021: Dead code detected: pbpctl_dev_m = get_master_port_fn(pbpctl_dev); (CFACreationUtils.addEdgeToCFA, INFO)

line 8023: Dead code detected: [((unsigned long)pbpctl_dev_m) == ((unsigned long)((bpctl_dev_t *)0))] (CFACreationUtils.addEdgeToCFA, INFO)

line 8023: Dead code detected: [!(((unsigned long)pbpctl_dev_m) == ((unsigned long)((bpctl_dev_t *)0)))] (CFACreationUtils.addEdgeToCFA, INFO)

line 8024: Dead code detected: return (-1); (CFACreationUtils.addEdgeToCFA, INFO)

line 8028: Dead code detected: [((pbpctl_dev_m->bp_caps_ex) & 2U) != 0U] (CFACreationUtils.addEdgeToCFA, INFO)

line 8028: Dead code detected: [!(((pbpctl_dev_m->bp_caps_ex) & 2U) != 0U)] (CFACreationUtils.addEdgeToCFA, INFO)

line 8029: Dead code detected: tmp___0 = is_bypass_fn(pbpctl_dev); (CFACreationUtils.addEdgeToCFA, INFO)

line 8030: Dead code detected: [!(tmp___0 == 1)] (CFACreationUtils.addEdgeToCFA, INFO)

line 8031: Dead code detected: write_data(pbpctl_dev_m, 162); (CFACreationUtils.addEdgeToCFA, INFO)

line 8033: Dead code detected: write_data(pbpctl_dev_m, 163); (CFACreationUtils.addEdgeToCFA, INFO)

line 8035: Dead code detected: i = 0; (CFACreationUtils.addEdgeToCFA, INFO)

line 8064: Dead code detected: tmp = is_bypass_fn(pbpctl_dev); (CFACreationUtils.addEdgeToCFA, INFO)

line 8065: Dead code detected: [!(tmp == 1)] (CFACreationUtils.addEdgeToCFA, INFO)

line 8066: Dead code detected: pbpctl_dev_m = pbpctl_dev; (CFACreationUtils.addEdgeToCFA, INFO)

line 8068: Dead code detected: pbpctl_dev_m = get_master_port_fn(pbpctl_dev); (CFACreationUtils.addEdgeToCFA, INFO)

line 8070: Dead code detected: [((unsigned long)pbpctl_dev_m) == ((unsigned long)((bpctl_dev_t *)0))] (CFACreationUtils.addEdgeToCFA, INFO)

line 8070: Dead code detected: [!(((unsigned long)pbpctl_dev_m) == ((unsigned long)((bpctl_dev_t *)0)))] (CFACreationUtils.addEdgeToCFA, INFO)

line 8071: Dead code detected: return (-1); (CFACreationUtils.addEdgeToCFA, INFO)

line 8075: Dead code detected: [((pbpctl_dev_m->bp_caps_ex) & 2U) != 0U] (CFACreationUtils.addEdgeToCFA, INFO)

line 8075: Dead code detected: [!(((pbpctl_dev_m->bp_caps_ex) & 2U) != 0U)] (CFACreationUtils.addEdgeToCFA, INFO)

line 8076: Dead code detected: tmp___0 = is_bypass_fn(pbpctl_dev); (CFACreationUtils.addEdgeToCFA, INFO)

line 8077: Dead code detected: [!(tmp___0 == 1)] (CFACreationUtils.addEdgeToCFA, INFO)

line 8078: Dead code detected: write_data(pbpctl_dev_m, 164); (CFACreationUtils.addEdgeToCFA, INFO)

line 8080: Dead code detected: write_data(pbpctl_dev_m, 165); (CFACreationUtils.addEdgeToCFA, INFO)

line 8082: Dead code detected: i = 0; (CFACreationUtils.addEdgeToCFA, INFO)

line 15194: Dead code detected: return (ldv_func_res); (CFACreationUtils.addEdgeToCFA, INFO)

line 15275: Dead code detected: return (ldv_func_res); (CFACreationUtils.addEdgeToCFA, INFO)

Inline assembler ignored, analysis is probably unsound! (CFABuilder.createCFA, WARNING)

line 5274: Function pointer *(dev->ethtool_ops->get_drvinfo) with type void (*)(struct net_device *, struct ethtool_drvinfo *) is called, but no possible target functions were found. (CFunctionPointerResolver.replaceFunctionPointerCall, WARNING)

line 11783: Function pointer *(dev->ethtool_ops->get_drvinfo) with type void (*)(struct net_device *, struct ethtool_drvinfo *) is called, but no possible target functions were found. (CFunctionPointerResolver.replaceFunctionPointerCall, WARNING)

MathSAT5 is available for research and evaluation purposes only. It can not be used in a commercial environment, particularly as part of a commercial product, without written permission. MathSAT5 is provided as is, without any warranty. Please write to mathsat@fbk.eu for additional questions regarding licensing MathSAT5 or obtaining more up-to-date versions. (PredicateCPA:JavaSMT:Mathsat5SolverContext.<init>, WARNING)

Using predicate analysis with MathSAT5 version 5.3.14 (0b98b661254c) (Nov 17 2016 10:59:45, gmp 5.1.3, gcc 4.8.5, 64-bit) and JFactory 1.21. (PredicateCPA:PredicateCPA.<init>, INFO)

Using refinement for predicate analysis with PredicateAbstractionRefinementStrategy strategy. (PredicateCPA:PredicateCPARefiner.<init>, INFO)

Starting analysis ... (CPAchecker.runAlgorithm, INFO)

Assuming external function ldv_handler_precall to be a constant function. (PredicateCPA:ExpressionToFormulaVisitor.visit, INFO)

Assuming external function __register_chrdev to be a pure function. (PredicateCPA:ExpressionToFormulaVisitor.visit, INFO)

Assuming external function down_interruptible to be a pure function. (PredicateCPA:ExpressionToFormulaVisitor.visit, INFO)

Assuming external function memset to be a pure function. (PredicateCPA:ExpressionToFormulaVisitor.visit, INFO)

line 5274: Ignoring function call through function pointer *(dev->ethtool_ops->get_drvinfo): (*(dev->ethtool_ops->get_drvinfo))(dev, &drvinfo); (PredicateCPA:ExpressionToFormulaVisitor.visit, WARNING)

line 11783: Ignoring function call through function pointer *(dev->ethtool_ops->get_drvinfo): (*(dev->ethtool_ops->get_drvinfo))(dev, &drvinfo); (PredicateCPA:ExpressionToFormulaVisitor.visit, WARNING)

Assuming external function unregister_netdevice_notifier to be a pure function. (PredicateCPA:ExpressionToFormulaVisitor.visit, INFO)

line 5095: Return type of function __builtin_object_size is void, but result is used as type int: tmp = __builtin_object_size((const void *)to, 0); (PredicateCPA:CtoFormulaConverter.getReturnType, WARNING)

Assuming external function __builtin_object_size to be a pure function. (PredicateCPA:ExpressionToFormulaVisitor.visit, INFO)

Cannot get declaration of function __builtin_object_size, ignoring calls to it. (PredicateCPA:ExpressionToFormulaVisitor.visit, WARNING)

Assuming external function might_fault to be a constant function. (PredicateCPA:ExpressionToFormulaVisitor.visit, INFO)

Assuming external function proc_mkdir to be a pure function. (PredicateCPA:ExpressionToFormulaVisitor.visit, INFO)

Assuming external function iounmap to be a pure function. (PredicateCPA:ExpressionToFormulaVisitor.visit, INFO)

Assuming external function remove_proc_entry to be a pure function. (PredicateCPA:ExpressionToFormulaVisitor.visit, INFO)

Assuming external function strcpy to be a pure function. (PredicateCPA:ExpressionToFormulaVisitor.visit, INFO)

Assuming external function pci_get_subsys to be a pure function. (PredicateCPA:ExpressionToFormulaVisitor.visit, INFO)

Assuming external function create_proc_entry to be a pure function. (PredicateCPA:ExpressionToFormulaVisitor.visit, INFO)

Assuming external function del_timer_sync to be a pure function. (PredicateCPA:ExpressionToFormulaVisitor.visit, INFO)

Assuming external function up to be a pure function. (PredicateCPA:ExpressionToFormulaVisitor.visit, INFO)

Assuming external function lockdep_init_map to be a pure function. (PredicateCPA:ExpressionToFormulaVisitor.visit, INFO)

Assuming external function __unregister_chrdev to be a pure function. (PredicateCPA:ExpressionToFormulaVisitor.visit, INFO)

Assuming external function ldv_check_return_value to be a pure function. (PredicateCPA:ExpressionToFormulaVisitor.visit, INFO)

Assuming external function __const_udelay to be a pure function. (PredicateCPA:ExpressionToFormulaVisitor.visit, INFO)

Shutdown requested (The CPU-time limit of 30s has elapsed.), waiting for termination. (ForceTerminationOnShutdown$1.shutdownRequested, WARNING)

Warning: Analysis interrupted (The CPU-time limit of 30s has elapsed.) (ShutdownNotifier.shutdownIfNecessary, WARNING)

PredicateCPA statistics
-----------------------
Number of abstractions:            46228 (13% of all post computations)
  Times abstraction was reused:    0
  Because of function entry/exit:  36581 (79%)
  Because of loop head:            9606 (21%)
  Because of join nodes:           0 (0%)
  Because of threshold:            0 (0%)
  Because of target state:         41 (0%)
  Times precision was empty:       40307 (87%)
  Times precision was {false}:     268 (1%)
  Times result was cached:         5070 (11%)
  Times cartesian abs was used:    0 (0%)
  Times boolean abs was used:      583 (1%)
  Times result was 'false':        297 (1%)
Number of strengthen sat checks:   0
Number of coverage checks:         57720
  BDD entailment checks:           12672
Number of SMT sat checks:          0
  trivial:                         0
  cached:                          0

Max ABE block size:                       53
Number of predicates discovered:          5
Number of abstraction locations:          45
Max number of predicates per location:    4
Avg number of predicates per location:    3
Total predicates per abstraction:         16262
Max number of predicates per abstraction: 4
Avg number of predicates per abstraction: 19.11
Number of irrelevant predicates:          9225 (57%)
Number of preds handled by boolean abs:   1102 (7%)
  Total number of models for allsat:      583
  Max number of models for allsat:        1
  Avg number of models for allsat:        1.00

Time for post operator:                  6.186s
  Time for path formula creation:        5.967s
Time for strengthen operator:            0.417s
Time for prec operator:                  4.868s
  Time for abstraction:                  4.190s (Max:     0.087s, Count: 46228)
    Boolean abstraction:                 1.256s
    Solving time:                        1.683s (Max:     0.068s)
    Model enumeration time:              0.098s
    Time for BDD construction:           0.033s (Max:     0.008s)
Time for merge operator:                 0.509s
Time for coverage check:                 0.091s
  Time for BDD entailment checks:        0.081s
Total time for SMT solver (w/o itp):     1.781s

Number of path formula cache hits:   368151 (90%)

Inside post operator:                  
  Inside path formula creation:        
    Time for path formula computation:     4.926s

Total number of created targets for pointer analysis: 16284
   Number of created targets for uf: *(struct_net_device)* is 2
   Number of created targets for uf: *signed_int is 2
   Number of created targets for uf: *unsigned_char is 2
   Number of created targets for uf: *(struct_list_head)* is 3
   Number of created targets for uf: *(struct_pci_dev)* is 2
   Number of created targets for uf: *char is 821
   Number of created targets for uf: *unsigned_int is 179


Number of BDD nodes:                               217
Size of BDD node table:                            270749
Size of BDD cache:                                 27073
Size of BDD node cleanup queue:                        1206 (count: 57845, min: 0, max: 96, avg: 0.02)
Time for BDD node cleanup:                             0.023s
Time for BDD garbage collection:                       0.000s (in 0 runs)

PrecisionBootstrap statistics
-----------------------------
Init. function predicates:                         0
Init. global predicates:                           0
Init. location predicates:                         0

Invariant Generation statistics
-------------------------------

AutomatonAnalysis (SVCOMP) statistics
-------------------------------------
Number of states:                                  1
Total time for successor computation:                  0.709s
  Time for transition matches:                         0.382s
  Time for transition assertions:                      0.000s
  Time for transition actions:                         0.000s
Automaton transfers with branching:                0
Automaton transfer successors:                       350167 (count: 350167, min: 1, max: 1, avg: 1.00) [1 x 350167]

CPA algorithm statistics
------------------------
Number of iterations:            203966
Max size of waitlist:            683
Average size of waitlist:        68
Number of computed successors:   242405
Max successors for one state:    2
Number of times merged:          22524
Number of times stopped:         33445
Number of times breaked:         41

Total time for CPA algorithm:        21.266s (Max:     2.133s)
  Time for choose from waitlist:      0.180s
  Time for precision adjustment:      6.639s
  Time for transfer relation:        11.410s
  Time for merge operator:            1.208s
  Time for stop operator:             0.514s
  Time for adding to reached set:     0.424s

Predicate-Abstraction Refiner statistics
----------------------------------------
Number of predicate refinements:                   41
Avg. length of target path (in blocks):                 887 (count: 41, min: 9, max: 41, avg: 21.63)
Number of infeasible sliced prefixes:                     0 (count: 0, min: 0, max: 0, avg: 0.00)

Time for refinement:                                   2.916s
  Counterexample analysis:                             2.220s (Max:     0.072s, Calls: 41)
    Refinement sat check:                              1.910s
    Interpolant computation:                           0.000s
  Path-formulas extraction:                            0.000s
  Error path post-processing:                          0.000s
  Predicate creation:                                  0.045s
  Precision update:                                    0.048s
  ARG update:                                          0.567s

Length of refined path (in blocks):                     807 (count: 41, min: 8, max: 40, avg: 19.68)
Number of affected states:                              728 (count: 41, min: 6, max: 38, avg: 17.76)
Length (states) of path with itp 'true':                 38 (count: 41, min: 0, max: 1, avg: 0.93)
Length (states) of path with itp non-trivial itp:       728 (count: 41, min: 6, max: 38, avg: 17.76)
Length (states) of path with itp 'false':                41 (count: 41, min: 1, max: 1, avg: 1.00)
Different non-trivial interpolants along paths:           0 (count: 41, min: 0, max: 0, avg: 0.00)
Equal non-trivial interpolants along paths:             687 (count: 41, min: 5, max: 37, avg: 16.76)
Number of refs with location-based cutoff:                0

CEGAR algorithm statistics
--------------------------
Number of refinements:                41
Number of successful refinements:     41
Number of failed refinements:         0
Max. size of reached set before ref.: 12533
Max. size of reached set after ref.:  6
Avg. size of reached set before ref.: 4903.78
Avg. size of reached set after ref.:  5.78

Total time for CEGAR algorithm:      24.405s
Time for refinements:                 3.133s
Average time for refinement:          0.076s
Max time for refinement:              0.131s

Code Coverage
-----------------------------
  Function coverage:      0.125
  Visited lines:          1751
  Total lines:            6363
  Line coverage:          0.275
  Visited conditions:     400
  Total conditions:       3026
  Condition coverage:     0.132

CPAchecker general statistics
-----------------------------
Number of program locations:     9458
Number of CFA edges:             11716
Number of relevant variables:    1403
Number of functions:             337
Number of loops:                 99
Size of reached set:             7846
  Number of reached locations:   910 (10%)
    Avg states per location:     8
    Max states per location:     210 (at node N7650)
  Number of reached functions:   42 (12%)
  Number of partitions:          7825
    Avg size of partitions:      1
    Max size of partitions:      4 (with key [N9113 (before line 15138), Function main called from node N9046, stack depth 1 [702b656a], stack [main]])
  Number of target states:       0
  Size of final wait list        266

Time for analysis setup:          5.908s
  Time for loading CPAs:          0.873s
  Time for loading parser:        0.505s
  Time for CFA construction:      4.411s
    Time for parsing file(s):     0.896s
    Time for AST to CFA:          1.610s
    Time for CFA sanity check:    0.536s
    Time for post-processing:     1.231s
      Time for var class.:        0.611s
Time for Analysis:               24.405s
CPU time for analysis:           24.410s
Total time for CPAchecker:       30.317s
Total CPU time for CPAchecker:   30.300s
Time for statistics:              0.236s

Time for Garbage Collector:       1.327s (in 101 runs)
Garbage Collector(s) used:    Copy, MarkSweepCompact
Used heap memory:                122MB (   116 MiB) max;     64MB (    61 MiB) avg;    127MB (   121 MiB) peak
Used non-heap memory:             40MB (    39 MiB) max;     36MB (    34 MiB) avg;     41MB (    39 MiB) peak
Allocated heap memory:           127MB (   121 MiB) max;    127MB (   121 MiB) avg
Allocated non-heap memory:        43MB (    41 MiB) max;     38MB (    36 MiB) avg
Total process virtual memory:   8087MB (  7712 MiB) max;   8074MB (  7700 MiB) avg

Verification result: UNKNOWN, incomplete analysis.
More details about the verification run can be found in the directory "./output".
