scripts/cpa.sh -Dy-MySearchStrategy-PredAbs-ABElf -heap 5600000000 -timelimit 30 -preprocess -stats -noout -setprop cpa.predicate.memoryAllocationsAlwaysSucceed=true -spec ../sv-benchmarks/c/ReachSafety.prp ../sv-benchmarks/c/ldv-linux-3.4-simple/32_1_cilled_true-unreach-call_ok_nondet_linux-3.4-32_1-drivers--usb--otg--ab8500-usb.ko-ldv_main0_sequence_infinite_withcheck_stateful.cil.out.c


--------------------------------------------------------------------------------


Running CPAchecker with Java heap of size 5600000000.
Running CPAchecker with default stack size (1024k). Specify a larger value with -stack if needed.
Running CPAchecker with the following extra VM options:  -Djava.io.tmpdir=/tmp/BenchExec_run_mkogj5uw/tmp
Using the following resource limits: CPU-time limit of 30s (ResourceLimitChecker.fromConfiguration, INFO)

CPAchecker (unknown version) (OpenJDK 64-Bit Server VM 1.8.0_151) started (CPAchecker.run, INFO)

MathSAT5 is available for research and evaluation purposes only. It can not be used in a commercial environment, particularly as part of a commercial product, without written permission. MathSAT5 is provided as is, without any warranty. Please write to mathsat@fbk.eu for additional questions regarding licensing MathSAT5 or obtaining more up-to-date versions. (PredicateCPA:JavaSMT:Mathsat5SolverContext.<init>, WARNING)

Using predicate analysis with MathSAT5 version 5.3.14 (0b98b661254c) (Nov 17 2016 10:59:45, gmp 5.1.3, gcc 4.8.5, 64-bit) and JFactory 1.21. (PredicateCPA:PredicateCPA.<init>, INFO)

Using refinement for predicate analysis with PredicateAbstractionRefinementStrategy strategy. (PredicateCPA:PredicateCPARefiner.<init>, INFO)

Starting analysis ... (CPAchecker.runAlgorithm, INFO)

Assuming external function ldv_initialize to be a constant function. (PredicateCPA:ExpressionToFormulaVisitor.visit, INFO)

Assuming external function platform_driver_register to be a pure function. (PredicateCPA:ExpressionToFormulaVisitor.visit, INFO)

Assuming external function schedule_delayed_work to be a pure function. (PredicateCPA:ExpressionToFormulaVisitor.visit, INFO)

Assuming external function abx500_get_chip_id to be a pure function. (PredicateCPA:ExpressionToFormulaVisitor.visit, INFO)

Assuming external function dev_err to be a pure function. (PredicateCPA:ExpressionToFormulaVisitor.visit, INFO)

Assuming external function ldv_check_return_value to be a pure function. (PredicateCPA:ExpressionToFormulaVisitor.visit, INFO)

Assuming external function platform_driver_unregister to be a pure function. (PredicateCPA:ExpressionToFormulaVisitor.visit, INFO)

Assuming external function abx500_get_register_interruptible to be a pure function. (PredicateCPA:ExpressionToFormulaVisitor.visit, INFO)

Assuming external function atomic_notifier_call_chain to be a pure function. (PredicateCPA:ExpressionToFormulaVisitor.visit, INFO)

Assuming external function abx500_set_register_interruptible to be a pure function. (PredicateCPA:ExpressionToFormulaVisitor.visit, INFO)

Assuming external function __const_udelay to be a pure function. (PredicateCPA:ExpressionToFormulaVisitor.visit, INFO)

Assuming external function msleep to be a pure function. (PredicateCPA:ExpressionToFormulaVisitor.visit, INFO)

Assuming external function dev_set_drvdata to be a pure function. (PredicateCPA:ExpressionToFormulaVisitor.visit, INFO)

Assuming external function __raw_spin_lock_init to be a pure function. (PredicateCPA:ExpressionToFormulaVisitor.visit, INFO)

Assuming external function __init_work to be a pure function. (PredicateCPA:ExpressionToFormulaVisitor.visit, INFO)

Assuming external function init_timer_key to be a pure function. (PredicateCPA:ExpressionToFormulaVisitor.visit, INFO)

Assuming external function platform_get_irq_byname to be a pure function. (PredicateCPA:ExpressionToFormulaVisitor.visit, INFO)

Assuming external function request_threaded_irq to be a pure function. (PredicateCPA:ExpressionToFormulaVisitor.visit, INFO)

Assuming external function usb_set_transceiver to be a pure function. (PredicateCPA:ExpressionToFormulaVisitor.visit, INFO)

Assuming external function _dev_info to be a pure function. (PredicateCPA:ExpressionToFormulaVisitor.visit, INFO)

Assuming external function free_irq to be a pure function. (PredicateCPA:ExpressionToFormulaVisitor.visit, INFO)

Stopping analysis ... (CPAchecker.runAlgorithm, INFO)

PredicateCPA statistics
-----------------------
Number of abstractions:            1211 (5% of all post computations)
  Times abstraction was reused:    0
  Because of function entry/exit:  1047 (86%)
  Because of loop head:            149 (12%)
  Because of join nodes:           0 (0%)
  Because of threshold:            0 (0%)
  Because of target state:         15 (1%)
  Times precision was empty:       295 (24%)
  Times precision was {false}:     91 (8%)
  Times result was cached:         764 (63%)
  Times cartesian abs was used:    0 (0%)
  Times boolean abs was used:      61 (5%)
  Times result was 'false':        29 (2%)
Number of strengthen sat checks:   0
Number of coverage checks:         1913
  BDD entailment checks:           399
Number of SMT sat checks:          0
  trivial:                         0
  cached:                          0

Max ABE block size:                       135
Number of predicates discovered:          2
Number of abstraction locations:          43
Max number of predicates per location:    1
Avg number of predicates per location:    1
Total predicates per abstraction:         916
Max number of predicates per abstraction: 1
Avg number of predicates per abstraction: 6.03
Number of irrelevant predicates:          359 (39%)
Number of preds handled by boolean abs:   61 (7%)
  Total number of models for allsat:      61
  Max number of models for allsat:        1
  Avg number of models for allsat:        1.00

Time for post operator:                  1.044s
  Time for path formula creation:        1.000s
Time for strengthen operator:            0.039s
Time for prec operator:                  0.775s
  Time for abstraction:                  0.702s (Max:     0.019s, Count: 1211)
    Boolean abstraction:                 0.118s
    Solving time:                        0.180s (Max:     0.016s)
    Model enumeration time:              0.018s
    Time for BDD construction:           0.001s (Max:     0.001s)
Time for merge operator:                 0.098s
Time for coverage check:                 0.021s
  Time for BDD entailment checks:        0.020s
Total time for SMT solver (w/o itp):     0.198s

Number of path formula cache hits:   15940 (61%)

Inside post operator:                  
  Inside path formula creation:        
    Time for path formula computation:     0.907s

Total number of created targets for pointer analysis: 134
   Number of created targets for uf: *unsigned_char is 27


Number of BDD nodes:                               202
Size of BDD node table:                            270749
Size of BDD cache:                                 27073
Size of BDD node cleanup queue:                         117 (count: 1520, min: 0, max: 32, avg: 0.08)
Time for BDD node cleanup:                             0.001s
Time for BDD garbage collection:                       0.000s (in 0 runs)

PrecisionBootstrap statistics
-----------------------------
Init. function predicates:                         0
Init. global predicates:                           0
Init. location predicates:                         0

Invariant Generation statistics
-------------------------------

AutomatonAnalysis (SVCOMP) statistics
-------------------------------------
Number of states:                                  1
Total time for successor computation:                  0.099s
Automaton transfers with branching:                0
Automaton transfer successors:                        24898 (count: 24898, min: 1, max: 1, avg: 1.00) [1 x 24898]

CPA algorithm statistics
------------------------
Number of iterations:            7319
Max size of waitlist:            25
Average size of waitlist:        9
Number of computed successors:   8491
Max successors for one state:    2
Number of times merged:          757
Number of times stopped:         1007
Number of times breaked:         15

Total time for CPA algorithm:         2.871s (Max:     0.307s)
  Time for choose from waitlist:      0.022s
  Time for precision adjustment:      0.936s
  Time for transfer relation:         1.592s
  Time for merge operator:            0.121s
  Time for stop operator:             0.069s
  Time for adding to reached set:     0.056s

Predicate-Abstraction Refiner statistics
----------------------------------------
Number of predicate refinements:                   15
Avg. length of target path (in blocks):                 240 (count: 15, min: 5, max: 30, avg: 16.00)
Number of infeasible sliced prefixes:                     0 (count: 0, min: 0, max: 0, avg: 0.00)

Time for refinement:                                   0.197s
  Counterexample analysis:                             0.123s (Max:     0.017s, Calls: 15)
    Refinement sat check:                              0.073s
    Interpolant computation:                           0.000s
  Path-formulas extraction:                            0.001s
  Error path post-processing:                          0.000s
  Predicate creation:                                  0.011s
  Precision update:                                    0.004s
  ARG update:                                          0.043s

Length of refined path (in blocks):                     225 (count: 15, min: 4, max: 29, avg: 15.00)
Number of affected states:                              210 (count: 15, min: 3, max: 28, avg: 14.00)
Length (states) of path with itp 'true':                  0 (count: 15, min: 0, max: 0, avg: 0.00)
Length (states) of path with itp non-trivial itp:       210 (count: 15, min: 3, max: 28, avg: 14.00)
Length (states) of path with itp 'false':                15 (count: 15, min: 1, max: 1, avg: 1.00)
Different non-trivial interpolants along paths:           0 (count: 15, min: 0, max: 0, avg: 0.00)
Equal non-trivial interpolants along paths:             195 (count: 15, min: 2, max: 27, avg: 13.00)
Number of refs with location-based cutoff:                0

CEGAR algorithm statistics
--------------------------
Number of refinements:                15
Number of successful refinements:     15
Number of failed refinements:         0
Max. size of reached set before ref.: 702
Max. size of reached set after ref.:  3
Avg. size of reached set before ref.: 463.33
Avg. size of reached set after ref.:  3.00

Total time for CEGAR algorithm:       3.098s
Time for refinements:                 0.227s
Average time for refinement:          0.015s
Max time for refinement:              0.043s

Code Coverage
-----------------------------
  Function coverage:      0.500
  Visited lines:          1575
  Total lines:            1914
  Line coverage:          0.823
  Visited conditions:     102
  Total conditions:       138
  Condition coverage:     0.739

CPAchecker general statistics
-----------------------------
Number of program locations:     2150
Number of CFA edges:             2225
Number of relevant variables:    371
Number of functions:             38
Number of loops:                 1
Size of reached set:             551
  Number of reached locations:   355 (17%)
    Avg states per location:     1
    Max states per location:     10 (at node N126)
  Number of reached functions:   19 (50%)
  Number of partitions:          551
    Avg size of partitions:      1
    Max size of partitions:      1
  Number of target states:       0

Time for analysis setup:          2.740s
  Time for loading CPAs:          0.545s
  Time for loading parser:        0.457s
  Time for CFA construction:      1.675s
    Time for parsing file(s):     0.507s
    Time for AST to CFA:          0.538s
    Time for CFA sanity check:    0.114s
    Time for post-processing:     0.364s
      Time for var class.:        0.195s
Time for Analysis:                3.098s
CPU time for analysis:            3.090s
Time for analyzing result:        0.000s
Total time for CPAchecker:        5.841s
Total CPU time for CPAchecker:    5.830s
Time for statistics:              0.058s

Time for Garbage Collector:       0.117s (in 11 runs)
Garbage Collector(s) used:    Copy, MarkSweepCompact
Used heap memory:                 64MB (    61 MiB) max;     38MB (    36 MiB) avg;     68MB (    65 MiB) peak
Used non-heap memory:             35MB (    34 MiB) max;     28MB (    27 MiB) avg;     36MB (    34 MiB) peak
Allocated heap memory:           127MB (   121 MiB) max;    127MB (   121 MiB) avg
Allocated non-heap memory:        37MB (    35 MiB) max;     30MB (    28 MiB) avg
Total process virtual memory:   8084MB (  7710 MiB) max;   8047MB (  7674 MiB) avg

Verification result: TRUE. No property violation found by chosen configuration.
More details about the verification run can be found in the directory "./output".
