scripts/cpa.sh -Dy-MySearchStrategy-PredAbs-ABEl -heap 5600000000 -timelimit 30 -preprocess -stats -noout -setprop cpa.predicate.memoryAllocationsAlwaysSucceed=true -spec ../sv-benchmarks/c/ReachSafety.prp ../sv-benchmarks/c/systemc/mem_slave_tlm.2_true-unreach-call_false-termination.cil.c


--------------------------------------------------------------------------------


Running CPAchecker with Java heap of size 5600000000.
Running CPAchecker with default stack size (1024k). Specify a larger value with -stack if needed.
Running CPAchecker with the following extra VM options:  -Djava.io.tmpdir=/tmp/BenchExec_run_nc0c5bef/tmp
Using the following resource limits: CPU-time limit of 30s (ResourceLimitChecker.fromConfiguration, INFO)

CPAchecker (unknown version) (OpenJDK 64-Bit Server VM 1.8.0_162) started (CPAchecker.run, INFO)

MathSAT5 is available for research and evaluation purposes only. It can not be used in a commercial environment, particularly as part of a commercial product, without written permission. MathSAT5 is provided as is, without any warranty. Please write to mathsat@fbk.eu for additional questions regarding licensing MathSAT5 or obtaining more up-to-date versions. (PredicateCPA:JavaSMT:Mathsat5SolverContext.<init>, WARNING)

Using predicate analysis with MathSAT5 version 5.3.14 (0b98b661254c) (Nov 17 2016 10:59:45, gmp 5.1.3, gcc 4.8.5, 64-bit) and JFactory 1.21. (PredicateCPA:PredicateCPA.<init>, INFO)

Using refinement for predicate analysis with PredicateAbstractionRefinementStrategy strategy. (PredicateCPA:PredicateCPARefiner.<init>, INFO)

Starting analysis ... (CPAchecker.runAlgorithm, INFO)

Shutdown requested (The CPU-time limit of 30s has elapsed.), waiting for termination. (ForceTerminationOnShutdown$1.shutdownRequested, WARNING)

Warning: Analysis interrupted (The CPU-time limit of 30s has elapsed.) (ShutdownNotifier.shutdownIfNecessary, WARNING)

PredicateCPA statistics
-----------------------
Number of abstractions:            5200 (4% of all post computations)
  Times abstraction was reused:    0
  Because of function entry/exit:  0 (0%)
  Because of loop head:            4579 (88%)
  Because of join nodes:           0 (0%)
  Because of threshold:            0 (0%)
  Because of target state:         621 (12%)
  Times precision was empty:       329 (6%)
  Times precision was {false}:     390 (8%)
  Times result was cached:         2318 (45%)
  Times cartesian abs was used:    0 (0%)
  Times boolean abs was used:      2163 (42%)
  Times result was 'false':        3077 (59%)
Number of strengthen sat checks:   0
Number of coverage checks:         38328
  BDD entailment checks:           6544
Number of SMT sat checks:          0
  trivial:                         0
  cached:                          0

Max ABE block size:                       68
Number of predicates discovered:          72
Number of abstraction locations:          13
Max number of predicates per location:    39
Avg number of predicates per location:    26
Total predicates per abstraction:         98658
Max number of predicates per abstraction: 39
Avg number of predicates per abstraction: 38.64
Number of irrelevant predicates:          23151 (23%)
Number of preds handled by boolean abs:   38593 (39%)
  Total number of models for allsat:      8973
  Max number of models for allsat:        1440
  Avg number of models for allsat:        4.15

Time for post operator:                  2.071s
  Time for path formula creation:        1.886s
Time for strengthen operator:            0.206s
Time for prec operator:                 14.886s
  Time for abstraction:                 14.545s (Max:     0.530s, Count: 5200)
    Boolean abstraction:                 6.368s
    Solving time:                        3.297s (Max:     0.017s)
    Model enumeration time:              1.441s
    Time for BDD construction:           1.011s (Max:     0.263s)
Time for merge operator:                 0.252s
Time for coverage check:                 0.090s
  Time for BDD entailment checks:        0.059s
Total time for SMT solver (w/o itp):     4.739s

Number of path formula cache hits:   128134 (83%)

Inside post operator:                  
  Inside path formula creation:        
    Time for path formula computation:     1.636s

Total number of created targets for pointer analysis: 0


Number of BDD nodes:                               68998
Size of BDD node table:                            270749
Size of BDD cache:                                 27073
Size of BDD node cleanup queue:                       37932 (count: 36333, min: 0, max: 2271, avg: 1.04)
Time for BDD node cleanup:                             0.045s
Time for BDD garbage collection:                       0.078s (in 1 runs)

PrecisionBootstrap statistics
-----------------------------
Init. function predicates:                         0
Init. global predicates:                           0
Init. location predicates:                         0

Invariant Generation statistics
-------------------------------

AutomatonAnalysis (SVCOMP) statistics
-------------------------------------
Number of states:                                  1
Total time for successor computation:                  0.529s
  Time for transition matches:                         0.161s
  Time for transition assertions:                      0.000s
  Time for transition actions:                         0.010s
Automaton transfers with branching:                0
Automaton transfer successors:                       139183 (count: 139183, min: 1, max: 1, avg: 1.00) [1 x 139183]

CPA algorithm statistics
------------------------
Number of iterations:            84297
Max size of waitlist:            35
Average size of waitlist:        15
Number of computed successors:   104550
Max successors for one state:    2
Number of times merged:          15892
Number of times stopped:         16394
Number of times breaked:         58

Total time for CPA algorithm:        23.690s (Max:     3.520s)
  Time for choose from waitlist:      0.165s
  Time for precision adjustment:     16.072s
  Time for transfer relation:         5.058s
  Time for merge operator:            0.789s
  Time for stop operator:             0.320s
  Time for adding to reached set:     0.424s

Predicate-Abstraction Refiner statistics
----------------------------------------
Number of predicate refinements:                   58
Avg. length of target path (in blocks):                 831 (count: 58, min: 4, max: 41, avg: 14.33)
Number of infeasible sliced prefixes:                     0 (count: 0, min: 0, max: 0, avg: 0.00)

Time for refinement:                                   2.479s
  Counterexample analysis:                             1.881s (Max:     0.171s, Calls: 58)
    Refinement sat check:                              1.035s
    Interpolant computation:                           0.000s
  Path-formulas extraction:                            0.005s
  Error path post-processing:                          0.000s
  Predicate creation:                                  0.098s
  Precision update:                                    0.056s
  ARG update:                                          0.296s

Length of refined path (in blocks):                     763 (count: 58, min: 3, max: 41, avg: 13.16)
Number of affected states:                              457 (count: 58, min: 1, max: 40, avg: 7.88)
Length (states) of path with itp 'true':                248 (count: 58, min: 0, max: 28, avg: 4.28)
Length (states) of path with itp non-trivial itp:       457 (count: 58, min: 1, max: 40, avg: 7.88)
Length (states) of path with itp 'false':                25 (count: 58, min: 0, max: 1, avg: 0.43)
Different non-trivial interpolants along paths:         233 (count: 58, min: 0, max: 31, avg: 4.02)
Equal non-trivial interpolants along paths:             166 (count: 58, min: 0, max: 8, avg: 2.86)
Number of refs with location-based cutoff:                0

CEGAR algorithm statistics
--------------------------
Number of refinements:                58
Number of successful refinements:     58
Number of failed refinements:         0
Max. size of reached set before ref.: 8662
Max. size of reached set after ref.:  6772
Avg. size of reached set before ref.: 1885.28
Avg. size of reached set after ref.:  563.90

Total time for CEGAR algorithm:      26.519s
Time for refinements:                 2.808s
Average time for refinement:          0.048s
Max time for refinement:              0.204s

Code Coverage
-----------------------------
  Function coverage:      1.000
  Visited lines:          789
  Total lines:            790
  Line coverage:          0.999
  Visited conditions:     398
  Total conditions:       398
  Condition coverage:     1.000

CPAchecker general statistics
-----------------------------
Number of program locations:     1087
Number of CFA edges:             1289
Number of relevant variables:    52
Number of functions:             8
Number of loops:                 5
Size of reached set:             8439
  Number of reached locations:   748 (69%)
    Avg states per location:     11
    Max states per location:     79 (at node N1018)
  Number of reached functions:   8 (100%)
  Number of partitions:          8399
    Avg size of partitions:      1
    Max size of partitions:      20 (with key [N998 (before lines 1114-1155), Function eval called from node N1117, stack depth 3 [6f83a59d], stack [main, start_simulation, eval]])
  Number of target states:       0
  Size of final wait list        17

Time for analysis setup:          3.696s
  Time for loading CPAs:          0.880s
  Time for loading parser:        0.797s
  Time for CFA construction:      1.785s
    Time for parsing file(s):     0.492s
    Time for AST to CFA:          0.405s
    Time for CFA sanity check:    0.152s
    Time for post-processing:     0.541s
      Time for var class.:        0.206s
Time for Analysis:               26.519s
CPU time for analysis:           26.520s
Total time for CPAchecker:       30.221s
Total CPU time for CPAchecker:   30.220s
Time for statistics:              0.206s

Time for Garbage Collector:       0.717s (in 61 runs)
Garbage Collector(s) used:    Copy, MarkSweepCompact
Used heap memory:                 80MB (    76 MiB) max;     46MB (    44 MiB) avg;     83MB (    80 MiB) peak
Used non-heap memory:             36MB (    35 MiB) max;     34MB (    32 MiB) avg;     37MB (    35 MiB) peak
Allocated heap memory:           127MB (   121 MiB) max;    127MB (   121 MiB) avg
Allocated non-heap memory:        39MB (    37 MiB) max;     36MB (    34 MiB) avg
Total process virtual memory:   8134MB (  7757 MiB) max;   8121MB (  7744 MiB) avg

Verification result: UNKNOWN, incomplete analysis.
More details about the verification run can be found in the directory "./output".
