scripts/cpa.sh -Dy-MySearchStrategy-PredAbs-ABElf -heap 5600000000 -timelimit 30 -preprocess -stats -noout -setprop cpa.predicate.memoryAllocationsAlwaysSucceed=true -spec ../sv-benchmarks/c/ReachSafety.prp ../sv-benchmarks/c/loops/sum03_true-unreach-call_false-termination.i


--------------------------------------------------------------------------------


Running CPAchecker with Java heap of size 5600000000.
Running CPAchecker with default stack size (1024k). Specify a larger value with -stack if needed.
Running CPAchecker with the following extra VM options:  -Djava.io.tmpdir=/tmp/BenchExec_run_qbj0eykb/tmp
Using the following resource limits: CPU-time limit of 30s (ResourceLimitChecker.fromConfiguration, INFO)

CPAchecker (unknown version) (OpenJDK 64-Bit Server VM 1.8.0_151) started (CPAchecker.run, INFO)

MathSAT5 is available for research and evaluation purposes only. It can not be used in a commercial environment, particularly as part of a commercial product, without written permission. MathSAT5 is provided as is, without any warranty. Please write to mathsat@fbk.eu for additional questions regarding licensing MathSAT5 or obtaining more up-to-date versions. (PredicateCPA:JavaSMT:Mathsat5SolverContext.<init>, WARNING)

Using predicate analysis with MathSAT5 version 5.3.14 (0b98b661254c) (Nov 17 2016 10:59:45, gmp 5.1.3, gcc 4.8.5, 64-bit) and JFactory 1.21. (PredicateCPA:PredicateCPA.<init>, INFO)

Using refinement for predicate analysis with PredicateAbstractionRefinementStrategy strategy. (PredicateCPA:PredicateCPARefiner.<init>, INFO)

Starting analysis ... (CPAchecker.runAlgorithm, INFO)

Stopping analysis ... (CPAchecker.runAlgorithm, INFO)

PredicateCPA statistics
-----------------------
Number of abstractions:            15 (16% of all post computations)
  Times abstraction was reused:    0
  Because of function entry/exit:  6 (40%)
  Because of loop head:            5 (33%)
  Because of join nodes:           0 (0%)
  Because of threshold:            0 (0%)
  Because of target state:         4 (27%)
  Times precision was empty:       4 (27%)
  Times precision was {false}:     4 (27%)
  Times result was cached:         1 (7%)
  Times cartesian abs was used:    0 (0%)
  Times boolean abs was used:      6 (40%)
  Times result was 'false':        2 (13%)
Number of strengthen sat checks:   0
Number of coverage checks:         18
  BDD entailment checks:           2
Number of SMT sat checks:          0
  trivial:                         0
  cached:                          0

Max ABE block size:                       7
Number of predicates discovered:          4
Number of abstraction locations:          4
Max number of predicates per location:    3
Avg number of predicates per location:    2
Total predicates per abstraction:         18
Max number of predicates per abstraction: 3
Avg number of predicates per abstraction: 1.80
Number of irrelevant predicates:          5 (28%)
Number of preds handled by boolean abs:   11 (61%)
  Total number of models for allsat:      7
  Max number of models for allsat:        2
  Avg number of models for allsat:        1.17

Time for post operator:                  0.025s
  Time for path formula creation:        0.025s
Time for strengthen operator:            0.001s
Time for prec operator:                  0.040s
  Time for abstraction:                  0.040s (Max:     0.014s, Count: 15)
    Boolean abstraction:                 0.018s
    Solving time:                        0.006s (Max:     0.002s)
    Model enumeration time:              0.000s
    Time for BDD construction:           0.006s (Max:     0.003s)
Time for merge operator:                 0.002s
Time for coverage check:                 0.000s
  Time for BDD entailment checks:        0.000s
Total time for SMT solver (w/o itp):     0.006s

Number of path formula cache hits:   51 (50%)

Inside post operator:                  
  Inside path formula creation:        
    Time for path formula computation:     0.022s

Total number of created targets for pointer analysis: 0


Number of BDD nodes:                               206
Size of BDD node table:                            270749
Size of BDD cache:                                 27073
Size of BDD node cleanup queue:                           0 (count: 76, min: 0, max: 0, avg: 0.00)
Time for BDD node cleanup:                             0.000s
Time for BDD garbage collection:                       0.000s (in 0 runs)

PrecisionBootstrap statistics
-----------------------------
Init. function predicates:                         0
Init. global predicates:                           0
Init. location predicates:                         0

Invariant Generation statistics
-------------------------------

AutomatonAnalysis (SVCOMP) statistics
-------------------------------------
Number of states:                                  1
Total time for successor computation:                  0.006s
Automaton transfers with branching:                0
Automaton transfer successors:                           93 (count: 93, min: 1, max: 1, avg: 1.00) [1 x 93]

CPA algorithm statistics
------------------------
Number of iterations:            51
Max size of waitlist:            2
Average size of waitlist:        1
Number of computed successors:   63
Max successors for one state:    2
Number of times merged:          8
Number of times stopped:         9
Number of times breaked:         2

Total time for CPA algorithm:         0.119s (Max:     0.047s)
  Time for choose from waitlist:      0.000s
  Time for precision adjustment:      0.058s
  Time for transfer relation:         0.048s
  Time for merge operator:            0.003s
  Time for stop operator:             0.006s
  Time for adding to reached set:     0.000s

Predicate-Abstraction Refiner statistics
----------------------------------------
Number of predicate refinements:                   2
Avg. length of target path (in blocks):                   9 (count: 2, min: 3, max: 6, avg: 4.50)
Number of infeasible sliced prefixes:                     0 (count: 0, min: 0, max: 0, avg: 0.00)

Time for refinement:                                   0.074s
  Counterexample analysis:                             0.013s (Max:     0.008s, Calls: 2)
    Refinement sat check:                              0.003s
    Interpolant computation:                           0.000s
  Path-formulas extraction:                            0.000s
  Error path post-processing:                          0.000s
  Predicate creation:                                  0.014s
  Precision update:                                    0.004s
  ARG update:                                          0.041s

Length of refined path (in blocks):                       9 (count: 2, min: 3, max: 6, avg: 4.50)
Number of affected states:                                7 (count: 2, min: 2, max: 5, avg: 3.50)
Length (states) of path with itp 'true':                  0 (count: 2, min: 0, max: 0, avg: 0.00)
Length (states) of path with itp non-trivial itp:         7 (count: 2, min: 2, max: 5, avg: 3.50)
Length (states) of path with itp 'false':                 0 (count: 2, min: 0, max: 0, avg: 0.00)
Different non-trivial interpolants along paths:           4 (count: 2, min: 1, max: 3, avg: 2.00)
Equal non-trivial interpolants along paths:               1 (count: 2, min: 0, max: 1, avg: 0.50)
Number of refs with location-based cutoff:                0

CEGAR algorithm statistics
--------------------------
Number of refinements:                2
Number of successful refinements:     2
Number of failed refinements:         0
Max. size of reached set before ref.: 28
Max. size of reached set after ref.:  3
Avg. size of reached set before ref.: 21.50
Avg. size of reached set after ref.:  3.00

Total time for CEGAR algorithm:       0.203s
Time for refinements:                 0.084s
Average time for refinement:          0.042s
Max time for refinement:              0.074s

Code Coverage
-----------------------------
  Function coverage:      1.000
  Visited lines:          10
  Total lines:            10
  Line coverage:          1.000
  Visited conditions:     6
  Total conditions:       6
  Condition coverage:     1.000

CPAchecker general statistics
-----------------------------
Number of program locations:     32
Number of CFA edges:             35
Number of relevant variables:    4
Number of functions:             2
Number of loops:                 1
Size of reached set:             16
  Number of reached locations:   16 (50%)
    Avg states per location:     1
    Max states per location:     1 (at node N0)
  Number of reached functions:   2 (100%)
  Number of partitions:          16
    Avg size of partitions:      1
    Max size of partitions:      1
  Number of target states:       0

Time for analysis setup:          1.452s
  Time for loading CPAs:          0.430s
  Time for loading parser:        0.463s
  Time for CFA construction:      0.488s
    Time for parsing file(s):     0.199s
    Time for AST to CFA:          0.089s
    Time for CFA sanity check:    0.010s
    Time for post-processing:     0.097s
      Time for var class.:        0.051s
Time for Analysis:                0.204s
CPU time for analysis:            0.210s
Time for analyzing result:        0.000s
Total time for CPAchecker:        1.663s
Total CPU time for CPAchecker:    1.660s
Time for statistics:              0.044s

Time for Garbage Collector:       0.064s (in 4 runs)
Garbage Collector(s) used:    Copy, MarkSweepCompact
Used heap memory:                 43MB (    41 MiB) max;     27MB (    25 MiB) avg;     62MB (    59 MiB) peak
Used non-heap memory:             28MB (    27 MiB) max;     20MB (    19 MiB) avg;     29MB (    28 MiB) peak
Allocated heap memory:           127MB (   121 MiB) max;    127MB (   121 MiB) avg
Allocated non-heap memory:        30MB (    28 MiB) max;     21MB (    20 MiB) avg
Total process virtual memory:   8017MB (  7646 MiB) max;   7925MB (  7558 MiB) avg

Verification result: TRUE. No property violation found by chosen configuration.
More details about the verification run can be found in the directory "./output".
