scripts/cpa.sh -Dy-MySearchStrategy-PredAbs-ABEl -heap 5600000000 -timelimit 30 -preprocess -stats -noout -setprop cpa.predicate.memoryAllocationsAlwaysSucceed=true -spec ../sv-benchmarks/c/ReachSafety.prp ../sv-benchmarks/c/reducercommutativity/sum_true-unreach-call_true-termination.i


--------------------------------------------------------------------------------


Running CPAchecker with Java heap of size 5600000000.
Running CPAchecker with default stack size (1024k). Specify a larger value with -stack if needed.
Running CPAchecker with the following extra VM options:  -Djava.io.tmpdir=/tmp/BenchExec_run_iivti1wk/tmp
Using the following resource limits: CPU-time limit of 30s (ResourceLimitChecker.fromConfiguration, INFO)

CPAchecker (unknown version) (OpenJDK 64-Bit Server VM 1.8.0_162) started (CPAchecker.run, INFO)

MathSAT5 is available for research and evaluation purposes only. It can not be used in a commercial environment, particularly as part of a commercial product, without written permission. MathSAT5 is provided as is, without any warranty. Please write to mathsat@fbk.eu for additional questions regarding licensing MathSAT5 or obtaining more up-to-date versions. (PredicateCPA:JavaSMT:Mathsat5SolverContext.<init>, WARNING)

Using predicate analysis with MathSAT5 version 5.3.14 (0b98b661254c) (Nov 17 2016 10:59:45, gmp 5.1.3, gcc 4.8.5, 64-bit) and JFactory 1.21. (PredicateCPA:PredicateCPA.<init>, INFO)

Using refinement for predicate analysis with PredicateAbstractionRefinementStrategy strategy. (PredicateCPA:PredicateCPARefiner.<init>, INFO)

Starting analysis ... (CPAchecker.runAlgorithm, INFO)

Shutdown requested (The CPU-time limit of 30s has elapsed.), waiting for termination. (ForceTerminationOnShutdown$1.shutdownRequested, WARNING)

Warning: Analysis interrupted (The CPU-time limit of 30s has elapsed.) (ShutdownNotifier.shutdownIfNecessary, WARNING)

PredicateCPA statistics
-----------------------
Number of abstractions:            141 (15% of all post computations)
  Times abstraction was reused:    0
  Because of function entry/exit:  0 (0%)
  Because of loop head:            127 (90%)
  Because of join nodes:           0 (0%)
  Because of threshold:            0 (0%)
  Because of target state:         14 (10%)
  Times precision was empty:       15 (11%)
  Times precision was {false}:     12 (9%)
  Times result was cached:         22 (16%)
  Times cartesian abs was used:    0 (0%)
  Times boolean abs was used:      92 (65%)
  Times result was 'false':        36 (26%)
Number of strengthen sat checks:   0
Number of coverage checks:         134
  BDD entailment checks:           106
Number of SMT sat checks:          0
  trivial:                         0
  cached:                          0

Max ABE block size:                       13
Number of predicates discovered:          48
Number of abstraction locations:          3
Max number of predicates per location:    38
Avg number of predicates per location:    17
Total predicates per abstraction:         1580
Max number of predicates per abstraction: 38
Avg number of predicates per abstraction: 15.19
Number of irrelevant predicates:          130 (8%)
Number of preds handled by boolean abs:   1399 (89%)
  Total number of models for allsat:      70143
  Max number of models for allsat:        22437
  Avg number of models for allsat:        762.42

Time for post operator:                  0.439s
  Time for path formula creation:        0.434s
Time for strengthen operator:            0.008s
Time for prec operator:                 26.063s
  Time for abstraction:                 26.039s (Max:     6.374s, Count: 141)
    Boolean abstraction:                25.123s
    Solving time:                        0.442s (Max:     0.019s)
    Model enumeration time:             16.577s
    Time for BDD construction:           7.935s (Max:     1.989s)
Time for merge operator:                 0.054s
Time for coverage check:                 0.010s
  Time for BDD entailment checks:        0.010s
Total time for SMT solver (w/o itp):    17.020s

Number of path formula cache hits:   614 (62%)

Inside post operator:                  
  Inside path formula creation:        
    Time for path formula computation:     0.417s

Total number of created targets for pointer analysis: 434
   Number of created targets for uf: *signed_int is 58


Number of BDD nodes:                               136219
Size of BDD node table:                            270749
Size of BDD cache:                                 27073
Size of BDD node cleanup queue:                       12269 (count: 7314, min: 0, max: 2030, avg: 1.68)
Time for BDD node cleanup:                             0.010s
Time for BDD garbage collection:                       0.162s (in 24 runs)

PrecisionBootstrap statistics
-----------------------------
Init. function predicates:                         0
Init. global predicates:                           0
Init. location predicates:                         0

Invariant Generation statistics
-------------------------------

AutomatonAnalysis (SVCOMP) statistics
-------------------------------------
Number of states:                                  1
Total time for successor computation:                  0.037s
Automaton transfers with branching:                0
Automaton transfer successors:                          924 (count: 924, min: 1, max: 1, avg: 1.00) [1 x 924]

CPA algorithm statistics
------------------------
Number of iterations:            563
Max size of waitlist:            7
Average size of waitlist:        2
Number of computed successors:   651
Max successors for one state:    2
Number of times merged:          14
Number of times stopped:         36
Number of times breaked:         7

Total time for CPA algorithm:        26.937s (Max:    13.517s)
  Time for choose from waitlist:      0.016s
  Time for precision adjustment:     26.151s
  Time for transfer relation:         0.596s
  Time for merge operator:            0.061s
  Time for stop operator:             0.022s
  Time for adding to reached set:     0.038s

Predicate-Abstraction Refiner statistics
----------------------------------------
Number of predicate refinements:                   7
Avg. length of target path (in blocks):                  62 (count: 7, min: 5, max: 14, avg: 8.86)
Number of infeasible sliced prefixes:                     0 (count: 0, min: 0, max: 0, avg: 0.00)

Time for refinement:                                   0.226s
  Counterexample analysis:                             0.176s (Max:     0.087s, Calls: 7)
    Refinement sat check:                              0.086s
    Interpolant computation:                           0.000s
  Path-formulas extraction:                            0.000s
  Error path post-processing:                          0.000s
  Predicate creation:                                  0.030s
  Precision update:                                    0.005s
  ARG update:                                          0.009s

Length of refined path (in blocks):                      47 (count: 7, min: 2, max: 12, avg: 6.71)
Number of affected states:                               40 (count: 7, min: 1, max: 11, avg: 5.71)
Length (states) of path with itp 'true':                  0 (count: 7, min: 0, max: 0, avg: 0.00)
Length (states) of path with itp non-trivial itp:        40 (count: 7, min: 1, max: 11, avg: 5.71)
Length (states) of path with itp 'false':                 5 (count: 7, min: 0, max: 1, avg: 0.71)
Different non-trivial interpolants along paths:          20 (count: 7, min: 0, max: 10, avg: 2.86)
Equal non-trivial interpolants along paths:              13 (count: 7, min: 0, max: 7, avg: 1.86)
Number of refs with location-based cutoff:                0

CEGAR algorithm statistics
--------------------------
Number of refinements:                7
Number of successful refinements:     7
Number of failed refinements:         0
Max. size of reached set before ref.: 123
Max. size of reached set after ref.:  9
Avg. size of reached set before ref.: 76.00
Avg. size of reached set after ref.:  9.00

Total time for CEGAR algorithm:      27.184s
Time for refinements:                 0.247s
Average time for refinement:          0.035s
Max time for refinement:              0.105s

Code Coverage
-----------------------------
  Function coverage:      1.000
  Visited lines:          24
  Total lines:            25
  Line coverage:          0.960
  Visited conditions:     10
  Total conditions:       10
  Condition coverage:     1.000

CPAchecker general statistics
-----------------------------
Number of program locations:     47
Number of CFA edges:             53
Number of relevant variables:    12
Number of functions:             2
Number of loops:                 2
Size of reached set:             110
  Number of reached locations:   27 (57%)
    Avg states per location:     4
    Max states per location:     10 (at node N0)
  Number of reached functions:   2 (100%)
  Number of partitions:          102
    Avg size of partitions:      1
    Max size of partitions:      4 (with key [N7 (before line 11), Function sum called from node N23, stack depth 2 [5d0bf09b], stack [main, sum]])
  Number of target states:       0
  Size of final wait list        2

Time for analysis setup:          2.582s
  Time for loading CPAs:          0.846s
  Time for loading parser:        0.707s
  Time for CFA construction:      0.893s
    Time for parsing file(s):     0.384s
    Time for AST to CFA:          0.176s
    Time for CFA sanity check:    0.018s
    Time for post-processing:     0.133s
      Time for var class.:        0.055s
Time for Analysis:               27.184s
CPU time for analysis:           27.190s
Total time for CPAchecker:       29.772s
Total CPU time for CPAchecker:   29.760s
Time for statistics:              0.073s

Time for Garbage Collector:       0.199s (in 38 runs)
Garbage Collector(s) used:    Copy, MarkSweepCompact
Used heap memory:                 59MB (    56 MiB) max;     39MB (    37 MiB) avg;     63MB (    60 MiB) peak
Used non-heap memory:             32MB (    30 MiB) max;     30MB (    29 MiB) avg;     33MB (    32 MiB) peak
Allocated heap memory:           127MB (   121 MiB) max;    127MB (   121 MiB) avg
Allocated non-heap memory:        34MB (    33 MiB) max;     33MB (    31 MiB) avg
Total process virtual memory:   8132MB (  7756 MiB) max;   8122MB (  7746 MiB) avg

Verification result: UNKNOWN, incomplete analysis.
More details about the verification run can be found in the directory "./output".
