scripts/cpa.sh -Dy-MySearchStrategy-PredAbs-ABElf -heap 5600000000 -timelimit 900 -preprocess -stats -noout -setprop cpa.predicate.memoryAllocationsAlwaysSucceed=true -spec ../sv-benchmarks/c/ReachSafety.prp ../sv-benchmarks/c/seq-mthreaded/rekh_ctm_true-unreach-call.1_true-termination.c


--------------------------------------------------------------------------------


Running CPAchecker with Java heap of size 5600000000.
Running CPAchecker with default stack size (1024k). Specify a larger value with -stack if needed.
Running CPAchecker with the following extra VM options:  -Djava.io.tmpdir=/tmp/BenchExec_run_jdy5epjm/tmp
Using the following resource limits: CPU-time limit of 900s (ResourceLimitChecker.fromConfiguration, INFO)

CPAchecker (unknown version) (OpenJDK 64-Bit Server VM 1.8.0_151) started (CPAchecker.run, INFO)

MathSAT5 is available for research and evaluation purposes only. It can not be used in a commercial environment, particularly as part of a commercial product, without written permission. MathSAT5 is provided as is, without any warranty. Please write to mathsat@fbk.eu for additional questions regarding licensing MathSAT5 or obtaining more up-to-date versions. (PredicateCPA:JavaSMT:Mathsat5SolverContext.<init>, WARNING)

Using predicate analysis with MathSAT5 version 5.3.14 (0b98b661254c) (Nov 17 2016 10:59:45, gmp 5.1.3, gcc 4.8.5, 64-bit) and JFactory 1.21. (PredicateCPA:PredicateCPA.<init>, INFO)

Using refinement for predicate analysis with PredicateAbstractionRefinementStrategy strategy. (PredicateCPA:PredicateCPARefiner.<init>, INFO)

Starting analysis ... (CPAchecker.runAlgorithm, INFO)

Shutdown requested (The CPU-time limit of 900s has elapsed.), waiting for termination. (ForceTerminationOnShutdown$1.shutdownRequested, WARNING)

Warning: Analysis interrupted (The CPU-time limit of 900s has elapsed.) (ShutdownNotifier.shutdownIfNecessary, WARNING)

PredicateCPA statistics
-----------------------
Number of abstractions:            173607 (8% of all post computations)
  Times abstraction was reused:    0
  Because of function entry/exit:  173232 (100%)
  Because of loop head:            0 (0%)
  Because of join nodes:           0 (0%)
  Because of threshold:            0 (0%)
  Because of target state:         375 (0%)
  Times precision was empty:       85832 (49%)
  Times precision was {false}:     615 (0%)
  Times result was cached:         85827 (49%)
  Times cartesian abs was used:    0 (0%)
  Times boolean abs was used:      1333 (1%)
  Times result was 'false':        10471 (6%)
Number of strengthen sat checks:   0
Number of coverage checks:         641385
  BDD entailment checks:           59049
Number of SMT sat checks:          0
  trivial:                         0
  cached:                          0

Max ABE block size:                       264
Number of predicates discovered:          73
Number of abstraction locations:          160
Max number of predicates per location:    38
Avg number of predicates per location:    10
Total predicates per abstraction:         209163
Max number of predicates per abstraction: 38
Avg number of predicates per abstraction: 107.37
Number of irrelevant predicates:          118653 (57%)
Number of preds handled by boolean abs:   3297 (2%)
  Total number of models for allsat:      1848
  Max number of models for allsat:        192
  Avg number of models for allsat:        1.39

Time for post operator:                 34.580s
  Time for path formula creation:       33.484s
Time for strengthen operator:            1.917s
Time for prec operator:                 56.456s
  Time for abstraction:                 53.210s (Max:     5.083s, Count: 173607)
    Boolean abstraction:                21.441s
    Solving time:                       31.768s (Max:     4.634s)
    Model enumeration time:              1.515s
    Time for BDD construction:           0.166s (Max:     0.028s)
Time for merge operator:                 3.248s
Time for coverage check:                 0.168s
  Time for BDD entailment checks:        0.086s
Total time for SMT solver (w/o itp):    33.283s

Number of path formula cache hits:   2328448 (88%)

Inside post operator:                  
  Inside path formula creation:        
    Time for path formula computation:    24.615s

Total number of created targets for pointer analysis: 378288
   Number of created targets for uf: *unsigned_short_int is 14
   Number of created targets for uf: *signed_int is 42
   Number of created targets for uf: *unsigned_char is 98
   Number of created targets for uf: *_Bool is 70
   Number of created targets for uf: *char is 112


Number of BDD nodes:                               46085
Size of BDD node table:                            270749
Size of BDD cache:                                 27073
Size of BDD node cleanup queue:                        3270 (count: 157941, min: 0, max: 551, avg: 0.02)
Time for BDD node cleanup:                             0.030s
Time for BDD garbage collection:                       0.000s (in 0 runs)

PrecisionBootstrap statistics
-----------------------------
Init. function predicates:                         0
Init. global predicates:                           0
Init. location predicates:                         0

Invariant Generation statistics
-------------------------------

AutomatonAnalysis (SVCOMP) statistics
-------------------------------------
Number of states:                                  1
Total time for successor computation:                  2.709s
  Time for transition matches:                         1.295s
  Time for transition assertions:                      0.003s
  Time for transition actions:                         0.003s
Automaton transfers with branching:                0
Automaton transfer successors:                      2262642 (count: 2262642, min: 1, max: 1, avg: 1.00) [1 x 2262642]

CPA algorithm statistics
------------------------
Number of iterations:            1754336
Max size of waitlist:            257
Average size of waitlist:        78
Number of computed successors:   2103054
Max successors for one state:    2
Number of times merged:          291168
Number of times stopped:         336472
Number of times breaked:         308

Total time for CPA algorithm:       143.764s (Max:     7.990s)
  Time for choose from waitlist:      0.660s
  Time for precision adjustment:     68.940s
  Time for transfer relation:        57.671s
  Time for merge operator:            6.461s
  Time for stop operator:             2.443s
  Time for adding to reached set:     2.907s

Predicate-Abstraction Refiner statistics
----------------------------------------
Number of predicate refinements:                   308
Avg. length of target path (in blocks):               22490 (count: 308, min: 15, max: 131, avg: 73.02)
Number of infeasible sliced prefixes:                     0 (count: 0, min: 0, max: 0, avg: 0.00)

Time for refinement:                                 745.555s
  Counterexample analysis:                           741.836s (Max:    69.417s, Calls: 308)
    Refinement sat check:                            689.070s
    Interpolant computation:                           0.000s
  Path-formulas extraction:                            0.028s
  Error path post-processing:                          0.000s
  Predicate creation:                                  0.107s
  Precision update:                                    0.130s
  ARG update:                                          3.187s

Length of refined path (in blocks):                   19794 (count: 308, min: 12, max: 130, avg: 64.27)
Number of affected states:                             3318 (count: 308, min: 0, max: 129, avg: 10.77)
Length (states) of path with itp 'true':              16168 (count: 308, min: 0, max: 82, avg: 52.49)
Length (states) of path with itp non-trivial itp:      3318 (count: 308, min: 0, max: 129, avg: 10.77)
Length (states) of path with itp 'false':               296 (count: 308, min: 0, max: 1, avg: 0.96)
Different non-trivial interpolants along paths:          49 (count: 308, min: 0, max: 26, avg: 0.16)
Equal non-trivial interpolants along paths:            3109 (count: 308, min: 0, max: 102, avg: 10.09)
Number of refs with location-based cutoff:                0

CEGAR algorithm statistics
--------------------------
Number of refinements:                308
Number of successful refinements:     308
Number of failed refinements:         0
Max. size of reached set before ref.: 21748
Max. size of reached set after ref.:  20707
Avg. size of reached set before ref.: 12763.81
Avg. size of reached set after ref.:  7066.03

Total time for CEGAR algorithm:     895.144s
Time for refinements:               749.802s
Average time for refinement:          2.434s
Max time for refinement:             69.505s

Code Coverage
-----------------------------
  Function coverage:      0.366
  Visited lines:          976
  Total lines:            2783
  Line coverage:          0.351
  Visited conditions:     512
  Total conditions:       2028
  Condition coverage:     0.252

CPAchecker general statistics
-----------------------------
Number of program locations:     3932
Number of CFA edges:             4519
Number of relevant variables:    267
Number of functions:             82
Number of loops:                 0
Size of reached set:             1195
  Number of reached locations:   765 (19%)
    Avg states per location:     1
    Max states per location:     17 (at node N1196)
  Number of reached functions:   30 (37%)
  Number of partitions:          1194
    Avg size of partitions:      1
    Max size of partitions:      2 (with key [N243 (before line 454), Function move_motor called from node N499, stack depth 5 [6650de8b], stack [main, __startrek_hyperperiod, __startrek_entry_pt_Writer, Writer, move_motor]])
  Number of target states:       0
  Size of final wait list        8

Time for analysis setup:          5.101s
  Time for loading CPAs:          0.998s
  Time for loading parser:        0.759s
  Time for CFA construction:      3.226s
    Time for parsing file(s):     0.900s
    Time for AST to CFA:          0.977s
    Time for CFA sanity check:    0.368s
    Time for post-processing:     0.804s
      Time for var class.:        0.535s
Time for Analysis:              895.144s
CPU time for analysis:          894.990s
Total time for CPAchecker:      900.248s
Total CPU time for CPAchecker:  900.080s
Time for statistics:              0.141s

Time for Garbage Collector:      13.200s (in 453 runs)
Garbage Collector(s) used:    Copy, MarkSweepCompact
Used heap memory:                249MB (   237 MiB) max;    145MB (   138 MiB) avg;    257MB (   245 MiB) peak
Used non-heap memory:             38MB (    36 MiB) max;     37MB (    35 MiB) avg;     38MB (    36 MiB) peak
Allocated heap memory:           264MB (   252 MiB) max;    214MB (   204 MiB) avg
Allocated non-heap memory:        40MB (    39 MiB) max;     40MB (    38 MiB) avg
Total process virtual memory:   8689MB (  8287 MiB) max;   8420MB (  8030 MiB) avg

Verification result: UNKNOWN, incomplete analysis.
More details about the verification run can be found in the directory "./output".
