scripts/cpa.sh -Dy-MySearchStrategy-PredAbs-ABEl -heap 5600000000 -timelimit 900 -preprocess -stats -noout -setprop cpa.predicate.memoryAllocationsAlwaysSucceed=true -spec ../sv-benchmarks/c/ReachSafety.prp ../sv-benchmarks/c/ldv-consumption/32_7a_cilled_true-unreach-call_linux-3.8-rc1-32_7a-drivers--block--paride--pf.ko-ldv_main0_sequence_infinite_withcheck_stateful.cil.out.c


--------------------------------------------------------------------------------


Running CPAchecker with Java heap of size 5600000000.
Running CPAchecker with default stack size (1024k). Specify a larger value with -stack if needed.
Running CPAchecker with the following extra VM options:  -Djava.io.tmpdir=/tmp/BenchExec_run_n44z343d/tmp
Using the following resource limits: CPU-time limit of 900s (ResourceLimitChecker.fromConfiguration, INFO)

CPAchecker (unknown version) (OpenJDK 64-Bit Server VM 1.8.0_162) started (CPAchecker.run, INFO)

line 4002: Dead code detected: __ms = 1UL; (CFACreationUtils.addEdgeToCFA, INFO)

line 4041: Dead code detected: __ms = 1UL; (CFACreationUtils.addEdgeToCFA, INFO)

line 4620: Dead code detected: __ms = 1UL; (CFACreationUtils.addEdgeToCFA, INFO)

line 5212: Dead code detected: return (ldv_func_res); (CFACreationUtils.addEdgeToCFA, INFO)

MathSAT5 is available for research and evaluation purposes only. It can not be used in a commercial environment, particularly as part of a commercial product, without written permission. MathSAT5 is provided as is, without any warranty. Please write to mathsat@fbk.eu for additional questions regarding licensing MathSAT5 or obtaining more up-to-date versions. (PredicateCPA:JavaSMT:Mathsat5SolverContext.<init>, WARNING)

Using predicate analysis with MathSAT5 version 5.3.14 (0b98b661254c) (Nov 17 2016 10:59:45, gmp 5.1.3, gcc 4.8.5, 64-bit) and JFactory 1.21. (PredicateCPA:PredicateCPA.<init>, INFO)

Using refinement for predicate analysis with PredicateAbstractionRefinementStrategy strategy. (PredicateCPA:PredicateCPARefiner.<init>, INFO)

Starting analysis ... (CPAchecker.runAlgorithm, INFO)

Assuming external function ldv_handler_precall to be a constant function. (PredicateCPA:ExpressionToFormulaVisitor.visit, INFO)

Assuming external function snprintf to be a pure function. (PredicateCPA:ExpressionToFormulaVisitor.visit, INFO)

Assuming external function strcpy to be a pure function. (PredicateCPA:ExpressionToFormulaVisitor.visit, INFO)

Assuming external function pi_init to be a pure function. (PredicateCPA:ExpressionToFormulaVisitor.visit, INFO)

Assuming external function pi_connect to be a pure function. (PredicateCPA:ExpressionToFormulaVisitor.visit, INFO)

Assuming external function pi_write_regr to be a pure function. (PredicateCPA:ExpressionToFormulaVisitor.visit, INFO)

Assuming external function schedule_timeout_interruptible to be a pure function. (PredicateCPA:ExpressionToFormulaVisitor.visit, INFO)

Assuming external function register_blkdev to be a pure function. (PredicateCPA:ExpressionToFormulaVisitor.visit, INFO)

Assuming external function blk_init_queue to be a pure function. (PredicateCPA:ExpressionToFormulaVisitor.visit, INFO)

Assuming external function blk_queue_max_segments to be a pure function. (PredicateCPA:ExpressionToFormulaVisitor.visit, INFO)

Assuming external function unregister_blkdev to be a pure function. (PredicateCPA:ExpressionToFormulaVisitor.visit, INFO)

Assuming external function pi_release to be a pure function. (PredicateCPA:ExpressionToFormulaVisitor.visit, INFO)

Assuming external function pi_read_regr to be a pure function. (PredicateCPA:ExpressionToFormulaVisitor.visit, INFO)

Assuming external function add_disk to be a pure function. (PredicateCPA:ExpressionToFormulaVisitor.visit, INFO)

Assuming external function pi_disconnect to be a pure function. (PredicateCPA:ExpressionToFormulaVisitor.visit, INFO)

Assuming external function mutex_lock to be a pure function. (PredicateCPA:ExpressionToFormulaVisitor.visit, INFO)

Assuming external function mutex_unlock to be a pure function. (PredicateCPA:ExpressionToFormulaVisitor.visit, INFO)

Assuming external function __const_udelay to be a pure function. (PredicateCPA:ExpressionToFormulaVisitor.visit, INFO)

Assuming external function pi_write_block to be a pure function. (PredicateCPA:ExpressionToFormulaVisitor.visit, INFO)

Assuming external function pi_read_block to be a pure function. (PredicateCPA:ExpressionToFormulaVisitor.visit, INFO)

Assuming external function ldv_check_return_value to be a pure function. (PredicateCPA:ExpressionToFormulaVisitor.visit, INFO)

Assuming external function put_disk to be a pure function. (PredicateCPA:ExpressionToFormulaVisitor.visit, INFO)

Shutdown requested (The CPU-time limit of 900s has elapsed.), waiting for termination. (ForceTerminationOnShutdown$1.shutdownRequested, WARNING)

Warning: Analysis interrupted (The CPU-time limit of 900s has elapsed.) (ShutdownNotifier.shutdownIfNecessary, WARNING)

PredicateCPA statistics
-----------------------
Number of abstractions:            354422 (4% of all post computations)
  Times abstraction was reused:    0
  Because of function entry/exit:  0 (0%)
  Because of loop head:            256242 (72%)
  Because of join nodes:           0 (0%)
  Because of threshold:            0 (0%)
  Because of target state:         98180 (28%)
  Times precision was empty:       74076 (21%)
  Times precision was {false}:     7236 (2%)
  Times result was cached:         262130 (74%)
  Times cartesian abs was used:    0 (0%)
  Times boolean abs was used:      10980 (3%)
  Times result was 'false':        147235 (42%)
Number of strengthen sat checks:   0
Number of coverage checks:         1251923
  BDD entailment checks:           151175
Number of SMT sat checks:          0
  trivial:                         0
  cached:                          0

Max ABE block size:                       82
Number of predicates discovered:          8
Number of abstraction locations:          13
Max number of predicates per location:    6
Avg number of predicates per location:    3
Total predicates per abstraction:         809884
Max number of predicates per abstraction: 6
Avg number of predicates per abstraction: 44.46
Number of irrelevant predicates:          534738 (66%)
Number of preds handled by boolean abs:   18222 (2%)
  Total number of models for allsat:      7168
  Max number of models for allsat:        4
  Avg number of models for allsat:        0.65

Time for post operator:                 71.188s
  Time for path formula creation:       67.219s
Time for strengthen operator:            7.504s
Time for prec operator:                595.358s
  Time for abstraction:                585.273s (Max:     3.110s, Count: 354422)
    Boolean abstraction:               259.693s
    Solving time:                      254.317s (Max:     2.274s)
    Model enumeration time:             15.327s
    Time for BDD construction:           0.313s (Max:     0.012s)
Time for merge operator:                 6.840s
Time for coverage check:                 0.387s
  Time for BDD entailment checks:        0.241s
Total time for SMT solver (w/o itp):   269.644s

Number of path formula cache hits:   8734010 (96%)

Inside post operator:                  
  Inside path formula creation:        
    Time for path formula computation:    31.647s

Total number of created targets for pointer analysis: 237346
   Number of created targets for uf: *(struct_pi_adapter)* is 5
   Number of created targets for uf: *signed_int is 45710
   Number of created targets for uf: *(struct_gendisk)* is 5
   Number of created targets for uf: *char is 2015


Number of BDD nodes:                               268
Size of BDD node table:                            270749
Size of BDD cache:                                 27073
Size of BDD node cleanup queue:                       17685 (count: 335497, min: 0, max: 437, avg: 0.05)
Time for BDD node cleanup:                             0.051s
Time for BDD garbage collection:                       0.000s (in 0 runs)

PrecisionBootstrap statistics
-----------------------------
Init. function predicates:                         0
Init. global predicates:                           0
Init. location predicates:                         0

Invariant Generation statistics
-------------------------------

AutomatonAnalysis (SVCOMP) statistics
-------------------------------------
Number of states:                                  1
Total time for successor computation:                 14.616s
  Time for transition matches:                         7.717s
  Time for transition assertions:                      0.016s
  Time for transition actions:                         0.099s
Automaton transfers with branching:                0
Automaton transfer successors:                      8389429 (count: 8389429, min: 1, max: 1, avg: 1.00) [1 x 8389429]

CPA algorithm statistics
------------------------
Number of iterations:            5567066
Max size of waitlist:            12242
Average size of waitlist:        4468
Number of computed successors:   6426052
Max successors for one state:    2
Number of times merged:          550374
Number of times stopped:         682945
Number of times breaked:         116

Total time for CPA algorithm:       871.442s (Max:   399.288s)
  Time for choose from waitlist:      3.178s
  Time for precision adjustment:    644.011s
  Time for transfer relation:       166.550s
  Time for merge operator:           14.362s
  Time for stop operator:             7.725s
  Time for adding to reached set:    19.431s

Predicate-Abstraction Refiner statistics
----------------------------------------
Number of predicate refinements:                   116
Avg. length of target path (in blocks):                 945 (count: 116, min: 1, max: 25, avg: 8.15)
Number of infeasible sliced prefixes:                     0 (count: 0, min: 0, max: 0, avg: 0.00)

Time for refinement:                                  18.100s
  Counterexample analysis:                             5.308s (Max:     0.211s, Calls: 116)
    Refinement sat check:                              4.581s
    Interpolant computation:                           0.000s
  Path-formulas extraction:                            0.002s
  Error path post-processing:                          0.000s
  Predicate creation:                                  0.044s
  Precision update:                                    0.052s
  ARG update:                                         12.631s

Length of refined path (in blocks):                     919 (count: 116, min: 1, max: 25, avg: 7.92)
Number of affected states:                              431 (count: 116, min: 0, max: 24, avg: 3.72)
Length (states) of path with itp 'true':                372 (count: 116, min: 0, max: 5, avg: 3.21)
Length (states) of path with itp non-trivial itp:       431 (count: 116, min: 0, max: 24, avg: 3.72)
Length (states) of path with itp 'false':                12 (count: 116, min: 0, max: 1, avg: 0.10)
Different non-trivial interpolants along paths:           0 (count: 116, min: 0, max: 0, avg: 0.00)
Equal non-trivial interpolants along paths:             329 (count: 116, min: 0, max: 23, avg: 2.84)
Number of refs with location-based cutoff:                0

CEGAR algorithm statistics
--------------------------
Number of refinements:                116
Number of successful refinements:     116
Number of failed refinements:         0
Max. size of reached set before ref.: 2428894
Max. size of reached set after ref.:  50508
Avg. size of reached set before ref.: 45825.23
Avg. size of reached set after ref.:  14716.34

Total time for CEGAR algorithm:     894.877s
Time for refinements:                22.086s
Average time for refinement:          0.190s
Max time for refinement:             11.047s

Code Coverage
-----------------------------
  Function coverage:      0.418
  Visited lines:          1298
  Total lines:            1831
  Line coverage:          0.709
  Visited conditions:     184
  Total conditions:       404
  Condition coverage:     0.455

CPAchecker general statistics
-----------------------------
Number of program locations:     2465
Number of CFA edges:             2753
Number of relevant variables:    263
Number of functions:             98
Number of loops:                 20
Size of reached set:             1987240
  Size of final wait list        10017

Time for analysis setup:          5.356s
  Time for loading CPAs:          1.061s
  Time for loading parser:        0.792s
  Time for CFA construction:      3.399s
    Time for parsing file(s):     1.008s
    Time for AST to CFA:          1.127s
    Time for CFA sanity check:    0.208s
    Time for post-processing:     0.846s
      Time for var class.:        0.409s
Time for Analysis:              894.877s
CPU time for analysis:          894.810s
Total time for CPAchecker:      900.239s
Total CPU time for CPAchecker:  900.160s
Time for statistics:             10.336s

Time for Garbage Collector:      86.462s (in 757 runs)
Garbage Collector(s) used:    Copy, MarkSweepCompact
Used heap memory:               2706MB (  2581 MiB) max;   1045MB (   996 MiB) avg;   2772MB (  2644 MiB) peak
Used non-heap memory:             41MB (    39 MiB) max;     39MB (    37 MiB) avg;     41MB (    39 MiB) peak
Allocated heap memory:          2771MB (  2643 MiB) max;   1670MB (  1593 MiB) avg
Allocated non-heap memory:        43MB (    41 MiB) max;     42MB (    40 MiB) avg
Total process virtual memory:   8339MB (  7952 MiB) max;   8255MB (  7873 MiB) avg

Verification result: UNKNOWN, incomplete analysis.
More details about the verification run can be found in the directory "./output".
