scripts/cpa.sh -Dy-MySearchStrategy-PredAbs-ABElf -heap 5600000000 -timelimit 900 -preprocess -stats -noout -setprop cpa.predicate.memoryAllocationsAlwaysSucceed=true -spec ../sv-benchmarks/c/ReachSafety.prp ../sv-benchmarks/c/ldv-linux-3.14/linux-3.14__complex_emg__linux-usb-dev__drivers-media-usb-gspca-gspca_xirlink_cit_true-unreach-call.cil.c


--------------------------------------------------------------------------------


Running CPAchecker with Java heap of size 5600000000.
Running CPAchecker with default stack size (1024k). Specify a larger value with -stack if needed.
Running CPAchecker with the following extra VM options:  -Djava.io.tmpdir=/tmp/BenchExec_run_6ox6ja6f/tmp
Using the following resource limits: CPU-time limit of 900s (ResourceLimitChecker.fromConfiguration, INFO)

CPAchecker (unknown version) (OpenJDK 64-Bit Server VM 1.8.0_162) started (CPAchecker.run, INFO)

line 6907: Dead code detected: i = 0; (CFACreationUtils.addEdgeToCFA, INFO)

line 7058: Dead code detected: i = 0; (CFACreationUtils.addEdgeToCFA, INFO)

line 7251: Dead code detected: cit_write_reg(gspca_dev, 44, 259); (CFACreationUtils.addEdgeToCFA, INFO)

line 7356: Dead code detected: cit_model2_Packet1(gspca_dev, 20, 9); (CFACreationUtils.addEdgeToCFA, INFO)

line 7404: Dead code detected: cit_model2_Packet1(gspca_dev, 38, 70); (CFACreationUtils.addEdgeToCFA, INFO)

Dead code detected: Label switch_break is not reachable. (CFAFunctionBuilder.leave, INFO)

Dead code detected: Label switch_break is not reachable. (CFAFunctionBuilder.leave, INFO)

Dead code detected: Label switch_break is not reachable. (CFAFunctionBuilder.leave, INFO)

line 10307: Dead code detected: return; (CFACreationUtils.addEdgeToCFA, INFO)

line 10459: Dead code detected: return (arg0); (CFACreationUtils.addEdgeToCFA, INFO)

line 10657: Dead code detected: return (ldv_func_res); (CFACreationUtils.addEdgeToCFA, INFO)

line 10372: Function pointer *arg0 with type int (*)(struct usb_interface *) is called, but no possible target functions were found. (CFunctionPointerResolver.replaceFunctionPointerCall, WARNING)

line 10383: Function pointer *arg0 with type int (*)(struct usb_interface *) is called, but no possible target functions were found. (CFunctionPointerResolver.replaceFunctionPointerCall, WARNING)

MathSAT5 is available for research and evaluation purposes only. It can not be used in a commercial environment, particularly as part of a commercial product, without written permission. MathSAT5 is provided as is, without any warranty. Please write to mathsat@fbk.eu for additional questions regarding licensing MathSAT5 or obtaining more up-to-date versions. (PredicateCPA:JavaSMT:Mathsat5SolverContext.<init>, WARNING)

Using predicate analysis with MathSAT5 version 5.3.14 (0b98b661254c) (Nov 17 2016 10:59:45, gmp 5.1.3, gcc 4.8.5, 64-bit) and JFactory 1.21. (PredicateCPA:PredicateCPA.<init>, INFO)

Using refinement for predicate analysis with PredicateAbstractionRefinementStrategy strategy. (PredicateCPA:PredicateCPARefiner.<init>, INFO)

Starting analysis ... (CPAchecker.runAlgorithm, INFO)

Assuming external function external_allocated_data to be a constant function. (PredicateCPA:ExpressionToFormulaVisitor.visit, INFO)

Assuming external function usb_deregister to be a pure function. (PredicateCPA:ExpressionToFormulaVisitor.visit, INFO)

Assuming external function usb_register_driver to be a pure function. (PredicateCPA:ExpressionToFormulaVisitor.visit, INFO)

Assuming external function ldv_pre_usb_register_driver to be a constant function. (PredicateCPA:ExpressionToFormulaVisitor.visit, INFO)

Assuming external function v4l2_ctrl_handler_init_class to be a pure function. (PredicateCPA:ExpressionToFormulaVisitor.visit, INFO)

Assuming external function v4l2_ctrl_new_std to be a pure function. (PredicateCPA:ExpressionToFormulaVisitor.visit, INFO)

Assuming external function usb_set_interface to be a pure function. (PredicateCPA:ExpressionToFormulaVisitor.visit, INFO)

Assuming external function gspca_frame_add to be a pure function. (PredicateCPA:ExpressionToFormulaVisitor.visit, INFO)

Assuming external function usb_ifnum_to_if to be a pure function. (PredicateCPA:ExpressionToFormulaVisitor.visit, INFO)

Assuming external function usb_altnum_to_altsetting to be a pure function. (PredicateCPA:ExpressionToFormulaVisitor.visit, INFO)

Assuming external function v4l2_ctrl_grab to be a pure function. (PredicateCPA:ExpressionToFormulaVisitor.visit, INFO)

Assuming external function usb_control_msg to be a pure function. (PredicateCPA:ExpressionToFormulaVisitor.visit, INFO)

Assuming external function gspca_disconnect to be a pure function. (PredicateCPA:ExpressionToFormulaVisitor.visit, INFO)

Assuming external function gspca_resume to be a pure function. (PredicateCPA:ExpressionToFormulaVisitor.visit, INFO)

line 10372: Ignoring call via function pointer ldv_usb_instance_post_2_9::arg0 for which no suitable target was found in line: (*arg0)(arg1); (FunctionPointerCPA:FunctionPointerTransferRelation.getAbstractSuccessorsForEdge, WARNING)

line 10372: Ignoring function call through function pointer *arg0: (*arg0)(arg1); (PredicateCPA:ExpressionToFormulaVisitor.visit, WARNING)

line 10383: Ignoring call via function pointer ldv_usb_instance_pre_2_10::arg0 for which no suitable target was found in line: (*arg0)(arg1); (FunctionPointerCPA:FunctionPointerTransferRelation.getAbstractSuccessorsForEdge, WARNING)

line 10383: Ignoring function call through function pointer *arg0: (*arg0)(arg1); (PredicateCPA:ExpressionToFormulaVisitor.visit, WARNING)

line 10604: Destroying the void* pointer ldv_xmalloc::tmp produces garbage or the memory pointed by it is unused: tmp___0 = ldv_xmalloc(1992UL); (PredicateCPA:DynamicMemoryHandler.handleDeferredAllocationInFunctionExit, WARNING)

Assuming external function ldv_pre_probe to be a constant function. (PredicateCPA:ExpressionToFormulaVisitor.visit, INFO)

Assuming external function gspca_dev_probe2 to be a pure function. (PredicateCPA:ExpressionToFormulaVisitor.visit, INFO)

line 10628: Destroying the void* pointer ldv_xmalloc::tmp produces garbage or the memory pointed by it is unused: tmp___3 = ldv_xmalloc(4UL); (PredicateCPA:DynamicMemoryHandler.handleDeferredAllocationInFunctionExit, WARNING)

Assuming external function gspca_suspend to be a pure function. (PredicateCPA:ExpressionToFormulaVisitor.visit, INFO)

Assuming external function input_event to be a pure function. (PredicateCPA:ExpressionToFormulaVisitor.visit, INFO)

Shutdown requested (The CPU-time limit of 900s has elapsed.), waiting for termination. (ForceTerminationOnShutdown$1.shutdownRequested, WARNING)

Warning: Analysis interrupted (The CPU-time limit of 900s has elapsed.) (ShutdownNotifier.shutdownIfNecessary, WARNING)

PredicateCPA statistics
-----------------------
Number of abstractions:            333600 (21% of all post computations)
  Times abstraction was reused:    0
  Because of function entry/exit:  298224 (89%)
  Because of loop head:            33208 (10%)
  Because of join nodes:           0 (0%)
  Because of threshold:            0 (0%)
  Because of target state:         2168 (1%)
  Times precision was empty:       39365 (12%)
  Times precision was {false}:     5616 (2%)
  Times result was cached:         233566 (70%)
  Times cartesian abs was used:    0 (0%)
  Times boolean abs was used:      55053 (17%)
  Times result was 'false':        67339 (20%)
Number of strengthen sat checks:   0
Number of coverage checks:         261718
  BDD entailment checks:           172578
Number of SMT sat checks:          0
  trivial:                         0
  cached:                          0

Max ABE block size:                       44
Number of predicates discovered:          48
Number of abstraction locations:          417
Max number of predicates per location:    37
Avg number of predicates per location:    9
Total predicates per abstraction:         3535212
Max number of predicates per abstraction: 37
Avg number of predicates per abstraction: 58.27
Number of irrelevant predicates:          749201 (21%)
Number of preds handled by boolean abs:   413885 (12%)
  Total number of models for allsat:      104323
  Max number of models for allsat:        448
  Avg number of models for allsat:        1.89

Time for post operator:                 13.737s
  Time for path formula creation:       12.854s
Time for strengthen operator:            1.528s
Time for prec operator:                239.135s
  Time for abstraction:                235.510s (Max:     0.533s, Count: 333600)
    Boolean abstraction:                66.259s
    Solving time:                       49.829s (Max:     0.102s)
    Model enumeration time:              7.924s
    Time for BDD construction:           3.057s (Max:     0.034s)
Time for merge operator:                 0.510s
Time for coverage check:                 0.246s
  Time for BDD entailment checks:        0.214s
Total time for SMT solver (w/o itp):    57.754s

Number of path formula cache hits:   1626616 (88%)

Inside post operator:                  
  Inside path formula creation:        
    Time for path formula computation:     9.317s

Total number of created targets for pointer analysis: 120
   Number of created targets for uf: *unsigned_short_int is 61


Number of BDD nodes:                               242732
Size of BDD node table:                            270749
Size of BDD cache:                                 27073
Size of BDD node cleanup queue:                      167070 (count: 606054, min: 0, max: 2130, avg: 0.28)
Time for BDD node cleanup:                             0.157s
Time for BDD garbage collection:                       0.000s (in 0 runs)

PrecisionBootstrap statistics
-----------------------------
Init. function predicates:                         0
Init. global predicates:                           0
Init. location predicates:                         0

Invariant Generation statistics
-------------------------------

AutomatonAnalysis (SVCOMP) statistics
-------------------------------------
Number of states:                                  1
Total time for successor computation:                  2.794s
  Time for transition matches:                         1.252s
  Time for transition assertions:                      0.001s
  Time for transition actions:                         0.013s
Automaton transfers with branching:                0
Automaton transfer successors:                      1567375 (count: 1567375, min: 1, max: 1, avg: 1.00) [1 x 1567375]

CPA algorithm statistics
------------------------
Number of iterations:            1254255
Max size of waitlist:            158
Average size of waitlist:        55
Number of computed successors:   1412076
Max successors for one state:    2
Number of times merged:          44570
Number of times stopped:         67795
Number of times breaked:         391

Total time for CPA algorithm:       383.730s (Max:    16.481s)
  Time for choose from waitlist:      0.681s
  Time for precision adjustment:    248.346s
  Time for transfer relation:       125.230s
  Time for merge operator:            1.451s
  Time for stop operator:             2.112s
  Time for adding to reached set:     2.391s

Predicate-Abstraction Refiner statistics
----------------------------------------
Number of predicate refinements:                   391
Avg. length of target path (in blocks):              141050 (count: 391, min: 29, max: 3952, avg: 360.74)
Number of infeasible sliced prefixes:                     0 (count: 0, min: 0, max: 0, avg: 0.00)

Time for refinement:                                 489.083s
  Counterexample analysis:                           484.549s (Max:    21.813s, Calls: 391)
    Refinement sat check:                            106.360s
    Interpolant computation:                           0.000s
  Path-formulas extraction:                            0.102s
  Error path post-processing:                          0.000s
  Predicate creation:                                  0.854s
  Precision update:                                    0.488s
  ARG update:                                          2.279s

Length of refined path (in blocks):                  113487 (count: 391, min: 11, max: 3812, avg: 290.25)
Number of affected states:                            96896 (count: 391, min: 4, max: 3810, avg: 247.82)
Length (states) of path with itp 'true':              16200 (count: 391, min: 0, max: 160, avg: 41.43)
Length (states) of path with itp non-trivial itp:     96896 (count: 391, min: 4, max: 3810, avg: 247.82)
Length (states) of path with itp 'false':               355 (count: 391, min: 0, max: 1, avg: 0.91)
Different non-trivial interpolants along paths:          98 (count: 391, min: 0, max: 2, avg: 0.25)
Equal non-trivial interpolants along paths:           96407 (count: 391, min: 3, max: 3808, avg: 246.57)
Number of refs with location-based cutoff:                0

CEGAR algorithm statistics
--------------------------
Number of refinements:                391
Number of successful refinements:     391
Number of failed refinements:         0
Max. size of reached set before ref.: 19712
Max. size of reached set after ref.:  7358
Avg. size of reached set before ref.: 4804.28
Avg. size of reached set after ref.:  1553.90

Total time for CEGAR algorithm:     893.607s
Time for refinements:               509.480s
Average time for refinement:          1.303s
Max time for refinement:             23.548s

Code Coverage
-----------------------------
  Function coverage:      0.484
  Visited lines:          1657
  Total lines:            3952
  Line coverage:          0.419
  Visited conditions:     218
  Total conditions:       630
  Condition coverage:     0.346

CPAchecker general statistics
-----------------------------
Number of program locations:     4960
Number of CFA edges:             6381
Number of relevant variables:    478
Number of functions:             157
Number of loops:                 20
Size of reached set:             6041
  Number of reached locations:   943 (19%)
    Avg states per location:     6
    Max states per location:     81 (at node N0)
  Number of reached functions:   76 (48%)
  Number of partitions:          5982
    Avg size of partitions:      1
    Max size of partitions:      16 (with key [N3544 (before line 9772), Function main called from node N3533, stack depth 1 [72543547], stack [main]])
  Number of target states:       0
  Size of final wait list        94

Time for analysis setup:          6.634s
  Time for loading CPAs:          0.993s
  Time for loading parser:        0.715s
  Time for CFA construction:      4.764s
    Time for parsing file(s):     1.154s
    Time for AST to CFA:          1.763s
    Time for CFA sanity check:    0.406s
    Time for post-processing:     1.236s
      Time for var class.:        0.611s
Time for Analysis:              893.607s
CPU time for analysis:          893.450s
Total time for CPAchecker:      900.250s
Total CPU time for CPAchecker:  900.080s
Time for statistics:              0.228s

Time for Garbage Collector:      24.663s (in 1048 runs)
Garbage Collector(s) used:    Copy, MarkSweepCompact
Used heap memory:                671MB (   640 MiB) max;    326MB (   311 MiB) avg;    760MB (   725 MiB) peak
Used non-heap memory:             40MB (    38 MiB) max;     39MB (    38 MiB) avg;     40MB (    39 MiB) peak
Allocated heap memory:           722MB (   688 MiB) max;    503MB (   480 MiB) avg
Allocated non-heap memory:        42MB (    40 MiB) max;     42MB (    40 MiB) avg
Total process virtual memory:   9901MB (  9443 MiB) max;   8956MB (  8541 MiB) avg

Verification result: UNKNOWN, incomplete analysis.
More details about the verification run can be found in the directory "./output".
