scripts/cpa.sh -Dy-MySearchStrategy-PredAbs-ABEl -heap 5600000000 -timelimit 900 -preprocess -stats -noout -setprop cpa.predicate.memoryAllocationsAlwaysSucceed=true -spec ../sv-benchmarks/c/ReachSafety.prp ../sv-benchmarks/c/ldv-consumption/32_7a_cilled_true-unreach-call_linux-3.8-rc1-32_7a-drivers--staging--silicom--bpctl_mod.ko-ldv_main0_sequence_infinite_withcheck_stateful.cil.out.c


--------------------------------------------------------------------------------


Running CPAchecker with Java heap of size 5600000000.
Running CPAchecker with default stack size (1024k). Specify a larger value with -stack if needed.
Running CPAchecker with the following extra VM options:  -Djava.io.tmpdir=/tmp/BenchExec_run_2crhafh2/tmp
Using the following resource limits: CPU-time limit of 900s (ResourceLimitChecker.fromConfiguration, INFO)

CPAchecker (unknown version) (OpenJDK 64-Bit Server VM 1.8.0_162) started (CPAchecker.run, INFO)

line 7220: Dead code detected: __ms = 5UL; (CFACreationUtils.addEdgeToCFA, INFO)

line 8017: Dead code detected: tmp = is_bypass_fn(pbpctl_dev); (CFACreationUtils.addEdgeToCFA, INFO)

line 8018: Dead code detected: [!(tmp == 1)] (CFACreationUtils.addEdgeToCFA, INFO)

line 8019: Dead code detected: pbpctl_dev_m = pbpctl_dev; (CFACreationUtils.addEdgeToCFA, INFO)

line 8021: Dead code detected: pbpctl_dev_m = get_master_port_fn(pbpctl_dev); (CFACreationUtils.addEdgeToCFA, INFO)

line 8023: Dead code detected: [((unsigned long)pbpctl_dev_m) == ((unsigned long)((bpctl_dev_t *)0))] (CFACreationUtils.addEdgeToCFA, INFO)

line 8023: Dead code detected: [!(((unsigned long)pbpctl_dev_m) == ((unsigned long)((bpctl_dev_t *)0)))] (CFACreationUtils.addEdgeToCFA, INFO)

line 8024: Dead code detected: return (-1); (CFACreationUtils.addEdgeToCFA, INFO)

line 8028: Dead code detected: [((pbpctl_dev_m->bp_caps_ex) & 2U) != 0U] (CFACreationUtils.addEdgeToCFA, INFO)

line 8028: Dead code detected: [!(((pbpctl_dev_m->bp_caps_ex) & 2U) != 0U)] (CFACreationUtils.addEdgeToCFA, INFO)

line 8029: Dead code detected: tmp___0 = is_bypass_fn(pbpctl_dev); (CFACreationUtils.addEdgeToCFA, INFO)

line 8030: Dead code detected: [!(tmp___0 == 1)] (CFACreationUtils.addEdgeToCFA, INFO)

line 8031: Dead code detected: write_data(pbpctl_dev_m, 162); (CFACreationUtils.addEdgeToCFA, INFO)

line 8033: Dead code detected: write_data(pbpctl_dev_m, 163); (CFACreationUtils.addEdgeToCFA, INFO)

line 8035: Dead code detected: i = 0; (CFACreationUtils.addEdgeToCFA, INFO)

line 8064: Dead code detected: tmp = is_bypass_fn(pbpctl_dev); (CFACreationUtils.addEdgeToCFA, INFO)

line 8065: Dead code detected: [!(tmp == 1)] (CFACreationUtils.addEdgeToCFA, INFO)

line 8066: Dead code detected: pbpctl_dev_m = pbpctl_dev; (CFACreationUtils.addEdgeToCFA, INFO)

line 8068: Dead code detected: pbpctl_dev_m = get_master_port_fn(pbpctl_dev); (CFACreationUtils.addEdgeToCFA, INFO)

line 8070: Dead code detected: [((unsigned long)pbpctl_dev_m) == ((unsigned long)((bpctl_dev_t *)0))] (CFACreationUtils.addEdgeToCFA, INFO)

line 8070: Dead code detected: [!(((unsigned long)pbpctl_dev_m) == ((unsigned long)((bpctl_dev_t *)0)))] (CFACreationUtils.addEdgeToCFA, INFO)

line 8071: Dead code detected: return (-1); (CFACreationUtils.addEdgeToCFA, INFO)

line 8075: Dead code detected: [((pbpctl_dev_m->bp_caps_ex) & 2U) != 0U] (CFACreationUtils.addEdgeToCFA, INFO)

line 8075: Dead code detected: [!(((pbpctl_dev_m->bp_caps_ex) & 2U) != 0U)] (CFACreationUtils.addEdgeToCFA, INFO)

line 8076: Dead code detected: tmp___0 = is_bypass_fn(pbpctl_dev); (CFACreationUtils.addEdgeToCFA, INFO)

line 8077: Dead code detected: [!(tmp___0 == 1)] (CFACreationUtils.addEdgeToCFA, INFO)

line 8078: Dead code detected: write_data(pbpctl_dev_m, 164); (CFACreationUtils.addEdgeToCFA, INFO)

line 8080: Dead code detected: write_data(pbpctl_dev_m, 165); (CFACreationUtils.addEdgeToCFA, INFO)

line 8082: Dead code detected: i = 0; (CFACreationUtils.addEdgeToCFA, INFO)

line 15194: Dead code detected: return (ldv_func_res); (CFACreationUtils.addEdgeToCFA, INFO)

line 15275: Dead code detected: return (ldv_func_res); (CFACreationUtils.addEdgeToCFA, INFO)

Inline assembler ignored, analysis is probably unsound! (CFABuilder.createCFA, WARNING)

line 5274: Function pointer *(dev->ethtool_ops->get_drvinfo) with type void (*)(struct net_device *, struct ethtool_drvinfo *) is called, but no possible target functions were found. (CFunctionPointerResolver.replaceFunctionPointerCall, WARNING)

line 11783: Function pointer *(dev->ethtool_ops->get_drvinfo) with type void (*)(struct net_device *, struct ethtool_drvinfo *) is called, but no possible target functions were found. (CFunctionPointerResolver.replaceFunctionPointerCall, WARNING)

MathSAT5 is available for research and evaluation purposes only. It can not be used in a commercial environment, particularly as part of a commercial product, without written permission. MathSAT5 is provided as is, without any warranty. Please write to mathsat@fbk.eu for additional questions regarding licensing MathSAT5 or obtaining more up-to-date versions. (PredicateCPA:JavaSMT:Mathsat5SolverContext.<init>, WARNING)

Using predicate analysis with MathSAT5 version 5.3.14 (0b98b661254c) (Nov 17 2016 10:59:45, gmp 5.1.3, gcc 4.8.5, 64-bit) and JFactory 1.21. (PredicateCPA:PredicateCPA.<init>, INFO)

Using refinement for predicate analysis with PredicateAbstractionRefinementStrategy strategy. (PredicateCPA:PredicateCPARefiner.<init>, INFO)

Starting analysis ... (CPAchecker.runAlgorithm, INFO)

Assuming external function ldv_handler_precall to be a constant function. (PredicateCPA:ExpressionToFormulaVisitor.visit, INFO)

Assuming external function __register_chrdev to be a pure function. (PredicateCPA:ExpressionToFormulaVisitor.visit, INFO)

Assuming external function memset to be a pure function. (PredicateCPA:ExpressionToFormulaVisitor.visit, INFO)

line 11783: Ignoring function call through function pointer *(dev->ethtool_ops->get_drvinfo): (*(dev->ethtool_ops->get_drvinfo))(dev, &drvinfo); (PredicateCPA:ExpressionToFormulaVisitor.visit, WARNING)

Assuming external function lockdep_init_map to be a pure function. (PredicateCPA:ExpressionToFormulaVisitor.visit, INFO)

Assuming external function __raw_spin_lock_init to be a pure function. (PredicateCPA:ExpressionToFormulaVisitor.visit, INFO)

Assuming external function register_netdevice_notifier to be a pure function. (PredicateCPA:ExpressionToFormulaVisitor.visit, INFO)

Assuming external function __const_udelay to be a pure function. (PredicateCPA:ExpressionToFormulaVisitor.visit, INFO)

Assuming external function _raw_spin_unlock_irqrestore to be a pure function. (PredicateCPA:ExpressionToFormulaVisitor.visit, INFO)

Shutdown requested (The CPU-time limit of 900s has elapsed.), waiting for termination. (ForceTerminationOnShutdown$1.shutdownRequested, WARNING)

Warning: Analysis interrupted (The CPU-time limit of 900s has elapsed.) (ShutdownNotifier.shutdownIfNecessary, WARNING)

PredicateCPA statistics
-----------------------
Number of abstractions:            57495 (1% of all post computations)
  Times abstraction was reused:    0
  Because of function entry/exit:  0 (0%)
  Because of loop head:            57495 (100%)
  Because of join nodes:           0 (0%)
  Because of threshold:            0 (0%)
  Because of target state:         0 (0%)
  Times precision was empty:       57495 (100%)
  Times precision was {false}:     0 (0%)
  Times result was cached:         0 (0%)
  Times cartesian abs was used:    0 (0%)
  Times boolean abs was used:      0 (0%)
  Times result was 'false':        0 (0%)
Number of strengthen sat checks:   0
Number of coverage checks:         1395927
  BDD entailment checks:           34465
Number of SMT sat checks:          0
  trivial:                         0
  cached:                          0

Max ABE block size:                       287
Number of predicates discovered:          0

Time for post operator:                 74.547s
  Time for path formula creation:       68.803s
Time for strengthen operator:            9.389s
Time for prec operator:                  8.068s
  Time for abstraction:                  0.312s (Max:     0.012s, Count: 57495)
    Solving time:                        0.000s (Max:     0.000s)
    Model enumeration time:              0.000s
    Time for BDD construction:           0.000s (Max:     0.000s)
Time for merge operator:                 8.000s
Time for coverage check:                 0.149s
  Time for BDD entailment checks:        0.057s
Total time for SMT solver (w/o itp):     0.000s

Number of path formula cache hits:   9336623 (96%)

Inside post operator:                  
  Inside path formula creation:        
    Time for path formula computation:    14.213s

Total number of created targets for pointer analysis: 22256
   Number of created targets for uf: *(struct_net_device)* is 4
   Number of created targets for uf: *signed_int is 10
   Number of created targets for uf: *unsigned_char is 419
   Number of created targets for uf: *(struct_list_head)* is 3
   Number of created targets for uf: *enum_ldv_28506 is 2
   Number of created targets for uf: *unsigned_int is 7561
   Number of created targets for uf: *char is 201


Number of BDD nodes:                               202
Size of BDD node table:                            270749
Size of BDD cache:                                 27073
Size of BDD node cleanup queue:                           0 (count: 91961, min: 0, max: 0, avg: 0.00)
Time for BDD node cleanup:                             0.011s
Time for BDD garbage collection:                       0.000s (in 0 runs)

PrecisionBootstrap statistics
-----------------------------
Init. function predicates:                         0
Init. global predicates:                           0
Init. location predicates:                         0

Invariant Generation statistics
-------------------------------

AutomatonAnalysis (SVCOMP) statistics
-------------------------------------
Number of states:                                  1
Total time for successor computation:                 13.227s
  Time for transition matches:                         6.940s
  Time for transition assertions:                      0.000s
  Time for transition actions:                         0.000s
Automaton transfers with branching:                0
Automaton transfer successors:                      8987657 (count: 8987657, min: 1, max: 1, avg: 1.00) [1 x 8987657]

CPA algorithm statistics
------------------------
Number of iterations:            6493865
Max size of waitlist:            24335
Average size of waitlist:        12185
Number of computed successors:   7232574
Max successors for one state:    2
Number of times merged:          680731
Number of times stopped:         715196
Number of times breaked:         0

Total time for CPA algorithm:       906.437s (Max:   906.437s)
  Time for choose from waitlist:      3.372s
  Time for precision adjustment:    103.684s
  Time for transfer relation:       733.466s
  Time for merge operator:           17.087s
  Time for stop operator:            10.158s
  Time for adding to reached set:    17.946s

Predicate-Abstraction Refiner statistics
----------------------------------------
Number of predicate refinements:                   0

CEGAR algorithm statistics
--------------------------
Number of refinements:                0

Code Coverage
-----------------------------
  Function coverage:      0.071
  Visited lines:          1477
  Total lines:            6363
  Line coverage:          0.232
  Visited conditions:     522
  Total conditions:       3026
  Condition coverage:     0.173

CPAchecker general statistics
-----------------------------
Number of program locations:     9458
Number of CFA edges:             11716
Number of relevant variables:    1403
Number of functions:             337
Number of loops:                 99
Size of reached set:             6517378
  Size of final wait list        23514

Time for analysis setup:          8.722s
  Time for loading CPAs:          1.203s
  Time for loading parser:        0.730s
  Time for CFA construction:      6.621s
    Time for parsing file(s):     1.403s
    Time for AST to CFA:          2.555s
    Time for CFA sanity check:    0.574s
    Time for post-processing:     1.841s
      Time for var class.:        0.913s
Time for Analysis:              906.437s
CPU time for analysis:          906.400s
Total time for CPAchecker:      915.166s
Total CPU time for CPAchecker:  915.100s
Time for statistics:            261.156s

Time for Garbage Collector:     418.079s (in 284 runs)
Garbage Collector(s) used:    Copy, MarkSweepCompact
Used heap memory:               5411MB (  5161 MiB) max;   2469MB (  2355 MiB) avg;   5414MB (  5163 MiB) peak
Used non-heap memory:             38MB (    37 MiB) max;     37MB (    35 MiB) avg;     39MB (    37 MiB) peak
Allocated heap memory:          5414MB (  5163 MiB) max;   3319MB (  3166 MiB) avg
Allocated non-heap memory:        40MB (    38 MiB) max;     40MB (    38 MiB) avg
Total process virtual memory:   8265MB (  7882 MiB) max;   8169MB (  7790 MiB) avg

Verification result: UNKNOWN, incomplete analysis.
More details about the verification run can be found in the directory "./output".
