scripts/cpa.sh -Dy-MySearchStrategy-PredAbs-ABElf -heap 5600000000 -timelimit 900 -preprocess -stats -noout -setprop cpa.predicate.memoryAllocationsAlwaysSucceed=true -spec ../sv-benchmarks/c/ReachSafety.prp ../sv-benchmarks/c/array-tiling/revcpyswp2_true-unreach-call.i


--------------------------------------------------------------------------------


Running CPAchecker with Java heap of size 5600000000.
Running CPAchecker with default stack size (1024k). Specify a larger value with -stack if needed.
Running CPAchecker with the following extra VM options:  -Djava.io.tmpdir=/tmp/BenchExec_run_08bzokzm/tmp
Using the following resource limits: CPU-time limit of 900s (ResourceLimitChecker.fromConfiguration, INFO)

CPAchecker (unknown version) (OpenJDK 64-Bit Server VM 1.8.0_151) started (CPAchecker.run, INFO)

MathSAT5 is available for research and evaluation purposes only. It can not be used in a commercial environment, particularly as part of a commercial product, without written permission. MathSAT5 is provided as is, without any warranty. Please write to mathsat@fbk.eu for additional questions regarding licensing MathSAT5 or obtaining more up-to-date versions. (PredicateCPA:JavaSMT:Mathsat5SolverContext.<init>, WARNING)

Using predicate analysis with MathSAT5 version 5.3.14 (0b98b661254c) (Nov 17 2016 10:59:45, gmp 5.1.3, gcc 4.8.5, 64-bit) and JFactory 1.21. (PredicateCPA:PredicateCPA.<init>, INFO)

Using refinement for predicate analysis with PredicateAbstractionRefinementStrategy strategy. (PredicateCPA:PredicateCPARefiner.<init>, INFO)

Starting analysis ... (CPAchecker.runAlgorithm, INFO)

Shutdown requested (The CPU-time limit of 900s has elapsed.), waiting for termination. (ForceTerminationOnShutdown$1.shutdownRequested, WARNING)

Warning: Analysis interrupted (The CPU-time limit of 900s has elapsed.) (ShutdownNotifier.shutdownIfNecessary, WARNING)

PredicateCPA statistics
-----------------------
Number of abstractions:            596 (23% of all post computations)
  Times abstraction was reused:    0
  Because of function entry/exit:  49 (8%)
  Because of loop head:            519 (87%)
  Because of join nodes:           0 (0%)
  Because of threshold:            0 (0%)
  Because of target state:         28 (5%)
  Times precision was empty:       26 (4%)
  Times precision was {false}:     30 (5%)
  Times result was cached:         43 (7%)
  Times cartesian abs was used:    0 (0%)
  Times boolean abs was used:      497 (83%)
  Times result was 'false':        206 (35%)
Number of strengthen sat checks:   0
Number of coverage checks:         1990
  BDD entailment checks:           1990
Number of SMT sat checks:          0
  trivial:                         0
  cached:                          0

Max ABE block size:                       10
Number of predicates discovered:          46
Number of abstraction locations:          7
Max number of predicates per location:    32
Avg number of predicates per location:    19
Total predicates per abstraction:         9335
Max number of predicates per abstraction: 32
Avg number of predicates per abstraction: 17.71
Number of irrelevant predicates:          524 (6%)
Number of preds handled by boolean abs:   8581 (92%)
  Total number of models for allsat:      75966
  Max number of models for allsat:        2648
  Avg number of models for allsat:        152.85

Time for post operator:                  1.169s
  Time for path formula creation:        1.146s
Time for strengthen operator:            0.015s
Time for prec operator:                890.248s
  Time for abstraction:                890.199s (Max:    34.762s, Count: 596)
    Boolean abstraction:               887.348s
    Solving time:                       10.264s (Max:     0.092s)
    Model enumeration time:            871.359s
    Time for BDD construction:           5.393s (Max:     0.186s)
Time for merge operator:                 0.000s
Time for coverage check:                 0.037s
  Time for BDD entailment checks:        0.035s
Total time for SMT solver (w/o itp):   881.624s

Number of path formula cache hits:   2035 (72%)

Inside post operator:                  
  Inside path formula creation:        
    Time for path formula computation:     1.121s

Total number of created targets for pointer analysis: 11000
   Number of created targets for uf: *signed_int is 2401


Number of BDD nodes:                               117719
Size of BDD node table:                            270749
Size of BDD cache:                                 27073
Size of BDD node cleanup queue:                       64808 (count: 31189, min: 0, max: 9569, avg: 2.08)
Time for BDD node cleanup:                             0.021s
Time for BDD garbage collection:                       0.140s (in 8 runs)

PrecisionBootstrap statistics
-----------------------------
Init. function predicates:                         0
Init. global predicates:                           0
Init. location predicates:                         0

Invariant Generation statistics
-------------------------------

AutomatonAnalysis (SVCOMP) statistics
-------------------------------------
Number of states:                                  1
Total time for successor computation:                  0.074s
Automaton transfers with branching:                0
Automaton transfer successors:                         2560 (count: 2560, min: 1, max: 1, avg: 1.00) [1 x 2560]

CPA algorithm statistics
------------------------
Number of iterations:            1586
Max size of waitlist:            7
Average size of waitlist:        3
Number of computed successors:   1860
Max successors for one state:    2
Number of times merged:          0
Number of times stopped:         47
Number of times breaked:         12

Total time for CPA algorithm:       892.023s (Max:   393.411s)
  Time for choose from waitlist:      0.019s
  Time for precision adjustment:    890.390s
  Time for transfer relation:         1.456s
  Time for merge operator:            0.024s
  Time for stop operator:             0.053s
  Time for adding to reached set:     0.034s

Predicate-Abstraction Refiner statistics
----------------------------------------
Number of predicate refinements:                   12
Avg. length of target path (in blocks):                 150 (count: 12, min: 6, max: 21, avg: 12.50)
Number of infeasible sliced prefixes:                     0 (count: 0, min: 0, max: 0, avg: 0.00)

Time for refinement:                                   5.847s
  Counterexample analysis:                             5.734s (Max:     1.631s, Calls: 12)
    Refinement sat check:                              5.506s
    Interpolant computation:                           0.000s
  Path-formulas extraction:                            0.017s
  Error path post-processing:                          0.000s
  Predicate creation:                                  0.038s
  Precision update:                                    0.011s
  ARG update:                                          0.036s

Length of refined path (in blocks):                     129 (count: 12, min: 2, max: 21, avg: 10.75)
Number of affected states:                              117 (count: 12, min: 1, max: 20, avg: 9.75)
Length (states) of path with itp 'true':                  0 (count: 12, min: 0, max: 0, avg: 0.00)
Length (states) of path with itp non-trivial itp:       117 (count: 12, min: 1, max: 20, avg: 9.75)
Length (states) of path with itp 'false':                 6 (count: 12, min: 0, max: 1, avg: 0.50)
Different non-trivial interpolants along paths:          87 (count: 12, min: 0, max: 16, avg: 7.25)
Equal non-trivial interpolants along paths:              18 (count: 12, min: 0, max: 5, avg: 1.50)
Number of refs with location-based cutoff:                0

CEGAR algorithm statistics
--------------------------
Number of refinements:                12
Number of successful refinements:     12
Number of failed refinements:         0
Max. size of reached set before ref.: 375
Max. size of reached set after ref.:  7
Avg. size of reached set before ref.: 120.92
Avg. size of reached set after ref.:  7.00

Total time for CEGAR algorithm:     897.904s
Time for refinements:                 5.881s
Average time for refinement:          0.490s
Max time for refinement:              1.647s

Code Coverage
-----------------------------
  Function coverage:      1.000
  Visited lines:          24
  Total lines:            24
  Line coverage:          1.000
  Visited conditions:     12
  Total conditions:       12
  Condition coverage:     1.000

CPAchecker general statistics
-----------------------------
Number of program locations:     55
Number of CFA edges:             60
Number of relevant variables:    9
Number of functions:             2
Number of loops:                 4
Size of reached set:             240
  Number of reached locations:   33 (60%)
    Avg states per location:     7
    Max states per location:     27 (at node N27)
  Number of reached functions:   2 (100%)
  Number of partitions:          195
    Avg size of partitions:      1
    Max size of partitions:      27 (with key [N27 (before line 31), Function main called from node N8, stack depth 1 [5a45133e], stack [main]])
  Number of target states:       0
  Size of final wait list        6

Time for analysis setup:          2.373s
  Time for loading CPAs:          0.713s
  Time for loading parser:        0.702s
  Time for CFA construction:      0.834s
    Time for parsing file(s):     0.356s
    Time for AST to CFA:          0.140s
    Time for CFA sanity check:    0.023s
    Time for post-processing:     0.156s
      Time for var class.:        0.076s
Time for Analysis:              897.904s
CPU time for analysis:          897.860s
Total time for CPAchecker:      900.281s
Total CPU time for CPAchecker:  900.220s
Time for statistics:              0.085s

Time for Garbage Collector:       0.286s (in 40 runs)
Garbage Collector(s) used:    Copy, MarkSweepCompact
Used heap memory:                 61MB (    58 MiB) max;     43MB (    41 MiB) avg;     64MB (    61 MiB) peak
Used non-heap memory:             32MB (    31 MiB) max;     32MB (    30 MiB) avg;     34MB (    32 MiB) peak
Allocated heap memory:           127MB (   121 MiB) max;    127MB (   121 MiB) avg
Allocated non-heap memory:        35MB (    33 MiB) max;     35MB (    33 MiB) avg
Total process virtual memory:   8152MB (  7775 MiB) max;   8086MB (  7711 MiB) avg

Verification result: UNKNOWN, incomplete analysis.
More details about the verification run can be found in the directory "./output".
