scripts/cpa.sh -Dy-MySearchStrategy-PredAbs-ABElf -heap 5600000000 -timelimit 900 -preprocess -stats -noout -setprop cpa.predicate.memoryAllocationsAlwaysSucceed=true -spec ../sv-benchmarks/c/ReachSafety.prp ../sv-benchmarks/c/product-lines/elevator_spec2_product31_true-unreach-call_true-termination.cil.c


--------------------------------------------------------------------------------


Running CPAchecker with Java heap of size 5600000000.
Running CPAchecker with default stack size (1024k). Specify a larger value with -stack if needed.
Running CPAchecker with the following extra VM options:  -Djava.io.tmpdir=/tmp/BenchExec_run_8j5leyxb/tmp
Using the following resource limits: CPU-time limit of 900s (ResourceLimitChecker.fromConfiguration, INFO)

CPAchecker (unknown version) (OpenJDK 64-Bit Server VM 1.8.0_151) started (CPAchecker.run, INFO)

line 156: Dead code detected: return (retValue_acc); (CFACreationUtils.addEdgeToCFA, INFO)

line 392: Dead code detected: return (retValue_acc); (CFACreationUtils.addEdgeToCFA, INFO)

line 703: Dead code detected: return (retValue_acc); (CFACreationUtils.addEdgeToCFA, INFO)

line 746: Dead code detected: return (retValue_acc); (CFACreationUtils.addEdgeToCFA, INFO)

line 785: Dead code detected: return (retValue_acc); (CFACreationUtils.addEdgeToCFA, INFO)

line 824: Dead code detected: return (retValue_acc); (CFACreationUtils.addEdgeToCFA, INFO)

line 1463: Dead code detected: return (retValue_acc); (CFACreationUtils.addEdgeToCFA, INFO)

line 1540: Dead code detected: return (retValue_acc); (CFACreationUtils.addEdgeToCFA, INFO)

line 1717: Dead code detected: return (retValue_acc); (CFACreationUtils.addEdgeToCFA, INFO)

line 1726: Dead code detected: return (retValue_acc); (CFACreationUtils.addEdgeToCFA, INFO)

line 1760: Dead code detected: return (retValue_acc); (CFACreationUtils.addEdgeToCFA, INFO)

line 1769: Dead code detected: return (retValue_acc); (CFACreationUtils.addEdgeToCFA, INFO)

line 1809: Dead code detected: return (retValue_acc); (CFACreationUtils.addEdgeToCFA, INFO)

line 1889: Dead code detected: return (retValue_acc); (CFACreationUtils.addEdgeToCFA, INFO)

line 1902: Dead code detected: return (retValue_acc); (CFACreationUtils.addEdgeToCFA, INFO)

line 2254: Dead code detected: return (retValue_acc); (CFACreationUtils.addEdgeToCFA, INFO)

line 2294: Dead code detected: return (retValue_acc); (CFACreationUtils.addEdgeToCFA, INFO)

line 2323: Dead code detected: return (retValue_acc); (CFACreationUtils.addEdgeToCFA, INFO)

line 2357: Dead code detected: return (retValue_acc); (CFACreationUtils.addEdgeToCFA, INFO)

line 2413: Dead code detected: return (retValue_acc); (CFACreationUtils.addEdgeToCFA, INFO)

line 2441: Dead code detected: return (retValue_acc); (CFACreationUtils.addEdgeToCFA, INFO)

line 2472: Dead code detected: return (retValue_acc); (CFACreationUtils.addEdgeToCFA, INFO)

line 2486: Dead code detected: return (retValue_acc); (CFACreationUtils.addEdgeToCFA, INFO)

line 3058: Dead code detected: return (retValue_acc); (CFACreationUtils.addEdgeToCFA, INFO)

line 3069: Dead code detected: return (retValue_acc); (CFACreationUtils.addEdgeToCFA, INFO)

line 3078: Dead code detected: return (retValue_acc); (CFACreationUtils.addEdgeToCFA, INFO)

line 3090: Dead code detected: return (retValue_acc); (CFACreationUtils.addEdgeToCFA, INFO)

line 3113: Dead code detected: return (retValue_acc); (CFACreationUtils.addEdgeToCFA, INFO)

line 3442: Dead code detected: return (retValue_acc); (CFACreationUtils.addEdgeToCFA, INFO)

line 3488: Dead code detected: return (retValue_acc); (CFACreationUtils.addEdgeToCFA, INFO)

line 3279: Function pointer *__cil_tmp10 with type int (*)(int, int) is called, but no possible target functions were found. (CFunctionPointerResolver.replaceFunctionPointerCall, WARNING)

MathSAT5 is available for research and evaluation purposes only. It can not be used in a commercial environment, particularly as part of a commercial product, without written permission. MathSAT5 is provided as is, without any warranty. Please write to mathsat@fbk.eu for additional questions regarding licensing MathSAT5 or obtaining more up-to-date versions. (PredicateCPA:JavaSMT:Mathsat5SolverContext.<init>, WARNING)

Using predicate analysis with MathSAT5 version 5.3.14 (0b98b661254c) (Nov 17 2016 10:59:45, gmp 5.1.3, gcc 4.8.5, 64-bit) and JFactory 1.21. (PredicateCPA:PredicateCPA.<init>, INFO)

Using refinement for predicate analysis with PredicateAbstractionRefinementStrategy strategy. (PredicateCPA:PredicateCPARefiner.<init>, INFO)

Starting analysis ... (CPAchecker.runAlgorithm, INFO)

Shutdown requested (The CPU-time limit of 900s has elapsed.), waiting for termination. (ForceTerminationOnShutdown$1.shutdownRequested, WARNING)

Warning: Analysis interrupted (The CPU-time limit of 900s has elapsed.) (ShutdownNotifier.shutdownIfNecessary, WARNING)

PredicateCPA statistics
-----------------------
Number of abstractions:            1006996 (4% of all post computations)
  Times abstraction was reused:    0
  Because of function entry/exit:  1006208 (100%)
  Because of loop head:            625 (0%)
  Because of join nodes:           0 (0%)
  Because of threshold:            0 (0%)
  Because of target state:         163 (0%)
  Times precision was empty:       327783 (33%)
  Times precision was {false}:     951 (0%)
  Times result was cached:         672981 (67%)
  Times cartesian abs was used:    0 (0%)
  Times boolean abs was used:      5281 (1%)
  Times result was 'false':        44997 (4%)
Number of strengthen sat checks:   0
Number of coverage checks:         10335942
  BDD entailment checks:           178984
Number of SMT sat checks:          0
  trivial:                         0
  cached:                          0

Max ABE block size:                       60
Number of predicates discovered:          24
Number of abstraction locations:          138
Max number of predicates per location:    16
Avg number of predicates per location:    7
Total predicates per abstraction:         3661237
Max number of predicates per abstraction: 16
Avg number of predicates per abstraction: 587.49
Number of irrelevant predicates:          2965159 (81%)
Number of preds handled by boolean abs:   20134 (1%)
  Total number of models for allsat:      7732
  Max number of models for allsat:        32
  Avg number of models for allsat:        1.46

Time for post operator:                125.444s
  Time for path formula creation:      113.022s
Time for strengthen operator:           17.911s
Time for prec operator:                194.781s
  Time for abstraction:                166.357s (Max:     1.203s, Count: 1006996)
    Boolean abstraction:                 5.673s
    Solving time:                        4.915s (Max:     0.015s)
    Model enumeration time:              0.560s
    Time for BDD construction:           0.203s (Max:     0.006s)
Time for merge operator:                26.968s
Time for coverage check:                 1.161s
  Time for BDD entailment checks:        0.205s
Total time for SMT solver (w/o itp):     5.475s

Number of path formula cache hits:   29261665 (98%)

Inside post operator:                  
  Inside path formula creation:        
    Time for path formula computation:    15.741s

Total number of created targets for pointer analysis: 0


Number of BDD nodes:                               2161
Size of BDD node table:                            270749
Size of BDD cache:                                 27073
Size of BDD node cleanup queue:                       12021 (count: 575542, min: 0, max: 499, avg: 0.02)
Time for BDD node cleanup:                             0.115s
Time for BDD garbage collection:                       0.000s (in 0 runs)

PrecisionBootstrap statistics
-----------------------------
Init. function predicates:                         0
Init. global predicates:                           0
Init. location predicates:                         0

Invariant Generation statistics
-------------------------------

AutomatonAnalysis (SVCOMP) statistics
-------------------------------------
Number of states:                                  1
Total time for successor computation:                 28.898s
  Time for transition matches:                        14.703s
  Time for transition assertions:                      0.001s
  Time for transition actions:                         0.002s
Automaton transfers with branching:                0
Automaton transfer successors:                     23846970 (count: 23846970, min: 1, max: 1, avg: 1.00) [1 x 23846970]

CPA algorithm statistics
------------------------
Number of iterations:            17965890
Max size of waitlist:            44
Average size of waitlist:        20
Number of computed successors:   23233889
Max successors for one state:    2
Number of times merged:          5078479
Number of times stopped:         5222562
Number of times breaked:         163

Total time for CPA algorithm:       840.895s (Max:    18.644s)
  Time for choose from waitlist:      6.422s
  Time for precision adjustment:    345.328s
  Time for transfer relation:       323.690s
  Time for merge operator:           72.150s
  Time for stop operator:            21.697s
  Time for adding to reached set:    29.582s

Predicate-Abstraction Refiner statistics
----------------------------------------
Number of predicate refinements:                   163
Avg. length of target path (in blocks):               10261 (count: 163, min: 51, max: 83, avg: 62.95)
Number of infeasible sliced prefixes:                     0 (count: 0, min: 0, max: 0, avg: 0.00)

Time for refinement:                                  45.026s
  Counterexample analysis:                             3.865s (Max:     0.057s, Calls: 163)
    Refinement sat check:                              2.583s
    Interpolant computation:                           0.000s
  Path-formulas extraction:                            0.007s
  Error path post-processing:                          0.000s
  Predicate creation:                                  0.096s
  Precision update:                                    0.126s
  ARG update:                                         40.767s

Length of refined path (in blocks):                    9084 (count: 163, min: 30, max: 77, avg: 55.73)
Number of affected states:                             7517 (count: 163, min: 1, max: 76, avg: 46.12)
Length (states) of path with itp 'true':               1404 (count: 163, min: 0, max: 75, avg: 8.61)
Length (states) of path with itp non-trivial itp:      7517 (count: 163, min: 1, max: 76, avg: 46.12)
Length (states) of path with itp 'false':               163 (count: 163, min: 1, max: 1, avg: 1.00)
Different non-trivial interpolants along paths:          25 (count: 163, min: 0, max: 1, avg: 0.15)
Equal non-trivial interpolants along paths:            7329 (count: 163, min: 0, max: 74, avg: 44.96)
Number of refs with location-based cutoff:                0

CEGAR algorithm statistics
--------------------------
Number of refinements:                163
Number of successful refinements:     163
Number of failed refinements:         0
Max. size of reached set before ref.: 170182
Max. size of reached set after ref.:  157732
Avg. size of reached set before ref.: 115662.64
Avg. size of reached set after ref.:  6263.61

Total time for CEGAR algorithm:     896.124s
Time for refinements:                54.365s
Average time for refinement:          0.333s
Max time for refinement:              1.576s

Code Coverage
-----------------------------
  Function coverage:      0.615
  Visited lines:          1088
  Total lines:            1762
  Line coverage:          0.617
  Visited conditions:     618
  Total conditions:       762
  Condition coverage:     0.811

CPAchecker general statistics
-----------------------------
Number of program locations:     2312
Number of CFA edges:             2814
Number of relevant variables:    326
Number of functions:             78
Number of loops:                 9
Size of reached set:             134287
  Number of reached locations:   1202 (52%)
    Avg states per location:     111
    Max states per location:     701 (at node N40)
  Number of reached functions:   48 (62%)
  Number of partitions:          134013
    Avg size of partitions:      1
    Max size of partitions:      3 (with key [N2754 (before line 3500), Function test called from node N1122, stack depth 3 [59091184], stack [main, runTest, test]])
  Number of target states:       0
  Size of final wait list        32

Time for analysis setup:          4.158s
  Time for loading CPAs:          0.768s
  Time for loading parser:        0.666s
  Time for CFA construction:      2.508s
    Time for parsing file(s):     0.714s
    Time for AST to CFA:          0.728s
    Time for CFA sanity check:    0.268s
    Time for post-processing:     0.614s
      Time for var class.:        0.354s
Time for Analysis:              896.124s
CPU time for analysis:          896.060s
Total time for CPAchecker:      900.289s
Total CPU time for CPAchecker:  900.220s
Time for statistics:              1.406s

Time for Garbage Collector:     150.866s (in 1986 runs)
Garbage Collector(s) used:    Copy, MarkSweepCompact
Used heap memory:                641MB (   611 MiB) max;    300MB (   286 MiB) avg;    654MB (   624 MiB) peak
Used non-heap memory:             36MB (    34 MiB) max;     35MB (    34 MiB) avg;     37MB (    35 MiB) peak
Allocated heap memory:           646MB (   616 MiB) max;    455MB (   434 MiB) avg
Allocated non-heap memory:        39MB (    37 MiB) max;     39MB (    37 MiB) avg
Total process virtual memory:   8153MB (  7776 MiB) max;   8085MB (  7711 MiB) avg

Verification result: UNKNOWN, incomplete analysis.
More details about the verification run can be found in the directory "./output".
