scripts/cpa.sh -Dy-MySearchStrategy-PredAbs-ABEl -heap 5600000000 -timelimit 30 -preprocess -stats -noout -setprop cpa.predicate.memoryAllocationsAlwaysSucceed=true -spec ../sv-benchmarks/c/ReachSafety.prp ../sv-benchmarks/c/array-industry-pattern/array_of_struct_ptr_cond_init_true-unreach-call.i


--------------------------------------------------------------------------------


Running CPAchecker with Java heap of size 5600000000.
Running CPAchecker with default stack size (1024k). Specify a larger value with -stack if needed.
Running CPAchecker with the following extra VM options:  -Djava.io.tmpdir=/tmp/BenchExec_run_iy8m_6hk/tmp
Using the following resource limits: CPU-time limit of 30s (ResourceLimitChecker.fromConfiguration, INFO)

CPAchecker (unknown version) (OpenJDK 64-Bit Server VM 1.8.0_162) started (CPAchecker.run, INFO)

MathSAT5 is available for research and evaluation purposes only. It can not be used in a commercial environment, particularly as part of a commercial product, without written permission. MathSAT5 is provided as is, without any warranty. Please write to mathsat@fbk.eu for additional questions regarding licensing MathSAT5 or obtaining more up-to-date versions. (PredicateCPA:JavaSMT:Mathsat5SolverContext.<init>, WARNING)

Using predicate analysis with MathSAT5 version 5.3.14 (0b98b661254c) (Nov 17 2016 10:59:45, gmp 5.1.3, gcc 4.8.5, 64-bit) and JFactory 1.21. (PredicateCPA:PredicateCPA.<init>, INFO)

Using refinement for predicate analysis with PredicateAbstractionRefinementStrategy strategy. (PredicateCPA:PredicateCPARefiner.<init>, INFO)

Starting analysis ... (CPAchecker.runAlgorithm, INFO)

Assuming external function user_read to be a constant function. (PredicateCPA:ExpressionToFormulaVisitor.visit, INFO)

Shutdown requested (The CPU-time limit of 30s has elapsed.), waiting for termination. (ForceTerminationOnShutdown$1.shutdownRequested, WARNING)

Warning: Analysis interrupted (The CPU-time limit of 30s has elapsed.) (ShutdownNotifier.shutdownIfNecessary, WARNING)

PredicateCPA statistics
-----------------------
Number of abstractions:            1713 (12% of all post computations)
  Times abstraction was reused:    0
  Because of function entry/exit:  0 (0%)
  Because of loop head:            1674 (98%)
  Because of join nodes:           0 (0%)
  Because of threshold:            0 (0%)
  Because of target state:         39 (2%)
  Times precision was empty:       42 (2%)
  Times precision was {false}:     816 (48%)
  Times result was cached:         0 (0%)
  Times cartesian abs was used:    0 (0%)
  Times boolean abs was used:      855 (50%)
  Times result was 'false':        778 (45%)
Number of strengthen sat checks:   0
Number of coverage checks:         12960
  BDD entailment checks:           11326
Number of SMT sat checks:          0
  trivial:                         0
  cached:                          0

Max ABE block size:                       9
Number of predicates discovered:          41
Number of abstraction locations:          2
Max number of predicates per location:    40
Avg number of predicates per location:    20
Total predicates per abstraction:         23651
Max number of predicates per abstraction: 40
Avg number of predicates per abstraction: 14.15
Number of irrelevant predicates:          816 (3%)
Number of preds handled by boolean abs:   22835 (97%)
  Total number of models for allsat:      856
  Max number of models for allsat:        2
  Avg number of models for allsat:        1.00

Time for post operator:                  1.370s
  Time for path formula creation:        1.325s
Time for strengthen operator:            0.072s
Time for prec operator:                 19.093s
  Time for abstraction:                 18.968s (Max:     0.061s, Count: 1713)
    Boolean abstraction:                12.967s
    Solving time:                       12.712s (Max:     0.053s)
    Model enumeration time:              0.563s
    Time for BDD construction:           0.129s (Max:     0.007s)
Time for merge operator:                 0.077s
Time for coverage check:                 0.061s
  Time for BDD entailment checks:        0.059s
Total time for SMT solver (w/o itp):    13.276s

Number of path formula cache hits:   14859 (93%)

Inside post operator:                  
  Inside path formula creation:        
    Time for path formula computation:     1.155s

Total number of created targets for pointer analysis: 4602
   Number of created targets for uf: *(signed_int)* is 781
   Number of created targets for uf: *signed_int is 2263
   Number of created targets for uf: *(struct__S)* is 781


Number of BDD nodes:                               24254
Size of BDD node table:                            270749
Size of BDD cache:                                 27073
Size of BDD node cleanup queue:                       60233 (count: 44857, min: 0, max: 3722, avg: 1.34)
Time for BDD node cleanup:                             0.024s
Time for BDD garbage collection:                       0.000s (in 0 runs)

PrecisionBootstrap statistics
-----------------------------
Init. function predicates:                         0
Init. global predicates:                           0
Init. location predicates:                         0

Invariant Generation statistics
-------------------------------

AutomatonAnalysis (SVCOMP) statistics
-------------------------------------
Number of states:                                  1
Total time for successor computation:                  0.131s
Automaton transfers with branching:                0
Automaton transfer successors:                        14410 (count: 14410, min: 1, max: 1, avg: 1.00) [1 x 14410]

CPA algorithm statistics
------------------------
Number of iterations:            9419
Max size of waitlist:            3
Average size of waitlist:        1
Number of computed successors:   11131
Max successors for one state:    2
Number of times merged:          817
Number of times stopped:         856
Number of times breaked:         39

Total time for CPA algorithm:        22.103s (Max:     1.440s)
  Time for choose from waitlist:      0.038s
  Time for precision adjustment:     19.334s
  Time for transfer relation:         2.113s
  Time for merge operator:            0.175s
  Time for stop operator:             0.121s
  Time for adding to reached set:     0.102s

Predicate-Abstraction Refiner statistics
----------------------------------------
Number of predicate refinements:                   39
Avg. length of target path (in blocks):                 858 (count: 39, min: 3, max: 41, avg: 22.00)
Number of infeasible sliced prefixes:                     0 (count: 0, min: 0, max: 0, avg: 0.00)

Time for refinement:                                   4.797s
  Counterexample analysis:                             4.619s (Max:     0.352s, Calls: 39)
    Refinement sat check:                              3.787s
    Interpolant computation:                           0.000s
  Path-formulas extraction:                            0.006s
  Error path post-processing:                          0.000s
  Predicate creation:                                  0.047s
  Precision update:                                    0.021s
  ARG update:                                          0.057s

Length of refined path (in blocks):                     819 (count: 39, min: 2, max: 40, avg: 21.00)
Number of affected states:                              780 (count: 39, min: 1, max: 39, avg: 20.00)
Length (states) of path with itp 'true':                  0 (count: 39, min: 0, max: 0, avg: 0.00)
Length (states) of path with itp non-trivial itp:       780 (count: 39, min: 1, max: 39, avg: 20.00)
Length (states) of path with itp 'false':                39 (count: 39, min: 1, max: 1, avg: 1.00)
Different non-trivial interpolants along paths:         741 (count: 39, min: 0, max: 38, avg: 19.00)
Equal non-trivial interpolants along paths:               0 (count: 39, min: 0, max: 0, avg: 0.00)
Number of refs with location-based cutoff:                0

CEGAR algorithm statistics
--------------------------
Number of refinements:                39
Number of successful refinements:     39
Number of failed refinements:         0
Max. size of reached set before ref.: 445
Max. size of reached set after ref.:  3
Avg. size of reached set before ref.: 236.00
Avg. size of reached set after ref.:  3.00

Total time for CEGAR algorithm:      26.995s
Time for refinements:                 4.892s
Average time for refinement:          0.125s
Max time for refinement:              0.357s

Code Coverage
-----------------------------
  Function coverage:      0.500
  Visited lines:          13
  Total lines:            18
  Line coverage:          0.722
  Visited conditions:     4
  Total conditions:       10
  Condition coverage:     0.400

CPAchecker general statistics
-----------------------------
Number of program locations:     45
Number of CFA edges:             49
Number of relevant variables:    8
Number of functions:             2
Number of loops:                 2
Size of reached set:             410
  Number of reached locations:   14 (31%)
    Avg states per location:     29
    Max states per location:     37 (at node N12)
  Number of reached functions:   1 (50%)
  Number of partitions:          374
    Avg size of partitions:      1
    Max size of partitions:      37 (with key [N12 (before line 16), Function main called from node N8, stack depth 1 [13e344d], stack [main]])
  Number of target states:       0
  Size of final wait list        1

Time for analysis setup:          2.688s
  Time for loading CPAs:          0.849s
  Time for loading parser:        0.829s
  Time for CFA construction:      0.889s
    Time for parsing file(s):     0.426s
    Time for AST to CFA:          0.158s
    Time for CFA sanity check:    0.019s
    Time for post-processing:     0.132s
      Time for var class.:        0.044s
Time for Analysis:               26.995s
CPU time for analysis:           26.990s
Total time for CPAchecker:       29.688s
Total CPU time for CPAchecker:   29.670s
Time for statistics:              0.085s

Time for Garbage Collector:       0.240s (in 24 runs)
Garbage Collector(s) used:    Copy, MarkSweepCompact
Used heap memory:                 61MB (    58 MiB) max;     41MB (    39 MiB) avg;     64MB (    61 MiB) peak
Used non-heap memory:             35MB (    34 MiB) max;     32MB (    31 MiB) avg;     36MB (    34 MiB) peak
Allocated heap memory:           127MB (   121 MiB) max;    127MB (   121 MiB) avg
Allocated non-heap memory:        37MB (    36 MiB) max;     35MB (    33 MiB) avg
Total process virtual memory:   8133MB (  7756 MiB) max;   8120MB (  7744 MiB) avg

Verification result: UNKNOWN, incomplete analysis.
More details about the verification run can be found in the directory "./output".
