scripts/cpa.sh -Dy-MySearchStrategy-PredAbs-ABElf -heap 5600000000 -timelimit 30 -preprocess -stats -noout -setprop cpa.predicate.memoryAllocationsAlwaysSucceed=true -spec ../sv-benchmarks/c/ReachSafety.prp ../sv-benchmarks/c/product-lines/minepump_spec5_product56_true-unreach-call_false-termination.cil.c


--------------------------------------------------------------------------------


Running CPAchecker with Java heap of size 5600000000.
Running CPAchecker with default stack size (1024k). Specify a larger value with -stack if needed.
Running CPAchecker with the following extra VM options:  -Djava.io.tmpdir=/tmp/BenchExec_run_n78tskmd/tmp
Using the following resource limits: CPU-time limit of 30s (ResourceLimitChecker.fromConfiguration, INFO)

CPAchecker (unknown version) (OpenJDK 64-Bit Server VM 1.8.0_151) started (CPAchecker.run, INFO)

line 92: Dead code detected: return (retValue_acc); (CFACreationUtils.addEdgeToCFA, INFO)

line 124: Dead code detected: return (retValue_acc); (CFACreationUtils.addEdgeToCFA, INFO)

line 138: Dead code detected: return (retValue_acc); (CFACreationUtils.addEdgeToCFA, INFO)

line 147: Dead code detected: return (retValue_acc); (CFACreationUtils.addEdgeToCFA, INFO)

line 299: Dead code detected: return (retValue_acc); (CFACreationUtils.addEdgeToCFA, INFO)

line 308: Dead code detected: return (retValue_acc); (CFACreationUtils.addEdgeToCFA, INFO)

line 363: Dead code detected: return (retValue_acc); (CFACreationUtils.addEdgeToCFA, INFO)

line 382: Dead code detected: return (retValue_acc); (CFACreationUtils.addEdgeToCFA, INFO)

line 490: Dead code detected: return (retValue_acc); (CFACreationUtils.addEdgeToCFA, INFO)

line 513: Dead code detected: return (retValue_acc); (CFACreationUtils.addEdgeToCFA, INFO)

line 891: Dead code detected: return (retValue_acc); (CFACreationUtils.addEdgeToCFA, INFO)

line 937: Dead code detected: return (retValue_acc); (CFACreationUtils.addEdgeToCFA, INFO)

line 1034: Dead code detected: return (retValue_acc); (CFACreationUtils.addEdgeToCFA, INFO)

line 728: Function pointer *__cil_tmp10 with type int (*)(int, int) is called, but no possible target functions were found. (CFunctionPointerResolver.replaceFunctionPointerCall, WARNING)

MathSAT5 is available for research and evaluation purposes only. It can not be used in a commercial environment, particularly as part of a commercial product, without written permission. MathSAT5 is provided as is, without any warranty. Please write to mathsat@fbk.eu for additional questions regarding licensing MathSAT5 or obtaining more up-to-date versions. (PredicateCPA:JavaSMT:Mathsat5SolverContext.<init>, WARNING)

Using predicate analysis with MathSAT5 version 5.3.14 (0b98b661254c) (Nov 17 2016 10:59:45, gmp 5.1.3, gcc 4.8.5, 64-bit) and JFactory 1.21. (PredicateCPA:PredicateCPA.<init>, INFO)

Using refinement for predicate analysis with PredicateAbstractionRefinementStrategy strategy. (PredicateCPA:PredicateCPARefiner.<init>, INFO)

Starting analysis ... (CPAchecker.runAlgorithm, INFO)

Shutdown requested (The CPU-time limit of 30s has elapsed.), waiting for termination. (ForceTerminationOnShutdown$1.shutdownRequested, WARNING)

Warning: Analysis interrupted (The CPU-time limit of 30s has elapsed.) (ShutdownNotifier.shutdownIfNecessary, WARNING)

PredicateCPA statistics
-----------------------
Number of abstractions:            67709 (28% of all post computations)
  Times abstraction was reused:    0
  Because of function entry/exit:  66638 (98%)
  Because of loop head:            886 (1%)
  Because of join nodes:           0 (0%)
  Because of threshold:            0 (0%)
  Because of target state:         185 (0%)
  Times precision was empty:       3638 (5%)
  Times precision was {false}:     698 (1%)
  Times result was cached:         55950 (83%)
  Times cartesian abs was used:    0 (0%)
  Times boolean abs was used:      7423 (11%)
  Times result was 'false':        8907 (13%)
Number of strengthen sat checks:   0
Number of coverage checks:         67459
  BDD entailment checks:           58419
Number of SMT sat checks:          0
  trivial:                         0
  cached:                          0

Max ABE block size:                       9
Number of predicates discovered:          20
Number of abstraction locations:          68
Max number of predicates per location:    11
Avg number of predicates per location:    5
Total predicates per abstraction:         339952
Max number of predicates per abstraction: 11
Avg number of predicates per abstraction: 41.86
Number of irrelevant predicates:          173142 (51%)
Number of preds handled by boolean abs:   33502 (10%)
  Total number of models for allsat:      11657
  Max number of models for allsat:        6
  Avg number of models for allsat:        1.57

Time for post operator:                  1.864s
  Time for path formula creation:        1.712s
Time for strengthen operator:            0.210s
Time for prec operator:                 17.681s
  Time for abstraction:                 17.074s (Max:     0.024s, Count: 67709)
    Boolean abstraction:                 4.039s
    Solving time:                        3.003s (Max:     0.061s)
    Model enumeration time:              0.423s
    Time for BDD construction:           0.260s (Max:     0.010s)
Time for merge operator:                 0.087s
Time for coverage check:                 0.099s
  Time for BDD entailment checks:        0.073s
Total time for SMT solver (w/o itp):     3.426s

Number of path formula cache hits:   233493 (79%)

Inside post operator:                  
  Inside path formula creation:        
    Time for path formula computation:     1.299s

Total number of created targets for pointer analysis: 0


Number of BDD nodes:                               5360
Size of BDD node table:                            270749
Size of BDD cache:                                 27073
Size of BDD node cleanup queue:                       21339 (count: 114823, min: 0, max: 891, avg: 0.19)
Time for BDD node cleanup:                             0.022s
Time for BDD garbage collection:                       0.000s (in 0 runs)

PrecisionBootstrap statistics
-----------------------------
Init. function predicates:                         0
Init. global predicates:                           0
Init. location predicates:                         0

Invariant Generation statistics
-------------------------------

AutomatonAnalysis (SVCOMP) statistics
-------------------------------------
Number of states:                                  1
Total time for successor computation:                  0.577s
  Time for transition matches:                         0.250s
  Time for transition assertions:                      0.004s
  Time for transition actions:                         0.002s
Automaton transfers with branching:                0
Automaton transfer successors:                       245285 (count: 245285, min: 1, max: 1, avg: 1.00) [1 x 245285]

CPA algorithm statistics
------------------------
Number of iterations:            190772
Max size of waitlist:            119
Average size of waitlist:        42
Number of computed successors:   216161
Max successors for one state:    2
Number of times merged:          4520
Number of times stopped:         11766
Number of times breaked:         185

Total time for CPA algorithm:        24.972s (Max:     1.374s)
  Time for choose from waitlist:      0.154s
  Time for precision adjustment:     18.873s
  Time for transfer relation:         4.361s
  Time for merge operator:            0.229s
  Time for stop operator:             0.387s
  Time for adding to reached set:     0.285s

Predicate-Abstraction Refiner statistics
----------------------------------------
Number of predicate refinements:                   185
Avg. length of target path (in blocks):               11311 (count: 185, min: 25, max: 95, avg: 61.14)
Number of infeasible sliced prefixes:                     0 (count: 0, min: 0, max: 0, avg: 0.00)

Time for refinement:                                   2.184s
  Counterexample analysis:                             1.555s (Max:     0.023s, Calls: 185)
    Refinement sat check:                              0.653s
    Interpolant computation:                           0.000s
  Path-formulas extraction:                            0.012s
  Error path post-processing:                          0.000s
  Predicate creation:                                  0.066s
  Precision update:                                    0.057s
  ARG update:                                          0.360s

Length of refined path (in blocks):                    9866 (count: 185, min: 15, max: 94, avg: 53.33)
Number of affected states:                             2887 (count: 185, min: 6, max: 79, avg: 15.61)
Length (states) of path with itp 'true':               6794 (count: 185, min: 0, max: 80, avg: 36.72)
Length (states) of path with itp non-trivial itp:      2887 (count: 185, min: 6, max: 79, avg: 15.61)
Length (states) of path with itp 'false':               185 (count: 185, min: 1, max: 1, avg: 1.00)
Different non-trivial interpolants along paths:          91 (count: 185, min: 0, max: 3, avg: 0.49)
Equal non-trivial interpolants along paths:            2611 (count: 185, min: 5, max: 76, avg: 14.11)
Number of refs with location-based cutoff:                0

CEGAR algorithm statistics
--------------------------
Number of refinements:                185
Number of successful refinements:     185
Number of failed refinements:         0
Max. size of reached set before ref.: 9443
Max. size of reached set after ref.:  8874
Avg. size of reached set before ref.: 3252.30
Avg. size of reached set after ref.:  2255.57

Total time for CEGAR algorithm:      27.881s
Time for refinements:                 2.648s
Average time for refinement:          0.014s
Max time for refinement:              0.056s

Code Coverage
-----------------------------
  Function coverage:      0.738
  Visited lines:          173
  Total lines:            462
  Line coverage:          0.374
  Visited conditions:     50
  Total conditions:       80
  Condition coverage:     0.625

CPAchecker general statistics
-----------------------------
Number of program locations:     673
Number of CFA edges:             729
Number of relevant variables:    122
Number of functions:             42
Number of loops:                 5
Size of reached set:             11093
  Number of reached locations:   233 (35%)
    Avg states per location:     47
    Max states per location:     286 (at node N302)
  Number of reached functions:   31 (74%)
  Number of partitions:          10823
    Avg size of partitions:      1
    Max size of partitions:      26 (with key [N246 (after line 442), Function test called from node N667, stack depth 3 [4bd30ceb], stack [main, runTest, test]])
  Number of target states:       0
  Size of final wait list        85

Time for analysis setup:          1.970s
  Time for loading CPAs:          0.525s
  Time for loading parser:        0.441s
  Time for CFA construction:      0.890s
    Time for parsing file(s):     0.289s
    Time for AST to CFA:          0.247s
    Time for CFA sanity check:    0.060s
    Time for post-processing:     0.187s
      Time for var class.:        0.076s
Time for Analysis:               27.881s
CPU time for analysis:           27.880s
Total time for CPAchecker:       29.855s
Total CPU time for CPAchecker:   29.840s
Time for statistics:              0.195s

Time for Garbage Collector:       0.973s (in 133 runs)
Garbage Collector(s) used:    Copy, MarkSweepCompact
Used heap memory:                 95MB (    91 MiB) max;     52MB (    50 MiB) avg;     99MB (    95 MiB) peak
Used non-heap memory:             36MB (    34 MiB) max;     34MB (    32 MiB) avg;     37MB (    35 MiB) peak
Allocated heap memory:           127MB (   121 MiB) max;    127MB (   121 MiB) avg
Allocated non-heap memory:        38MB (    37 MiB) max;     37MB (    35 MiB) avg
Total process virtual memory:   8020MB (  7648 MiB) max;   8012MB (  7641 MiB) avg

Verification result: UNKNOWN, incomplete analysis.
More details about the verification run can be found in the directory "./output".
