scripts/cpa.sh -Dy-MySearchStrategy-PredAbs-ABElf -heap 5600000000 -timelimit 30 -preprocess -stats -noout -setprop cpa.predicate.memoryAllocationsAlwaysSucceed=true -spec ../sv-benchmarks/c/ReachSafety.prp ../sv-benchmarks/c/product-lines/email_spec11_product39_true-unreach-call_true-termination.cil.c


--------------------------------------------------------------------------------


Running CPAchecker with Java heap of size 5600000000.
Running CPAchecker with default stack size (1024k). Specify a larger value with -stack if needed.
Running CPAchecker with the following extra VM options:  -Djava.io.tmpdir=/tmp/BenchExec_run_3n93vl2u/tmp
Using the following resource limits: CPU-time limit of 30s (ResourceLimitChecker.fromConfiguration, INFO)

CPAchecker (unknown version) (OpenJDK 64-Bit Server VM 1.8.0_151) started (CPAchecker.run, INFO)

line 379: Dead code detected: return (retValue_acc); (CFACreationUtils.addEdgeToCFA, INFO)

line 402: Dead code detected: return (retValue_acc); (CFACreationUtils.addEdgeToCFA, INFO)

line 743: Dead code detected: return (retValue_acc); (CFACreationUtils.addEdgeToCFA, INFO)

line 789: Dead code detected: return (retValue_acc); (CFACreationUtils.addEdgeToCFA, INFO)

line 832: Dead code detected: return (retValue_acc); (CFACreationUtils.addEdgeToCFA, INFO)

line 861: Dead code detected: return (retValue_acc); (CFACreationUtils.addEdgeToCFA, INFO)

line 909: Dead code detected: return (retValue_acc); (CFACreationUtils.addEdgeToCFA, INFO)

line 956: Dead code detected: return (retValue_acc); (CFACreationUtils.addEdgeToCFA, INFO)

line 1001: Dead code detected: return (retValue_acc); (CFACreationUtils.addEdgeToCFA, INFO)

line 1079: Dead code detected: return (retValue_acc); (CFACreationUtils.addEdgeToCFA, INFO)

line 1148: Dead code detected: return (retValue_acc); (CFACreationUtils.addEdgeToCFA, INFO)

line 1282: Dead code detected: return (retValue_acc); (CFACreationUtils.addEdgeToCFA, INFO)

line 1365: Dead code detected: return (retValue_acc); (CFACreationUtils.addEdgeToCFA, INFO)

line 1412: Dead code detected: return (retValue_acc); (CFACreationUtils.addEdgeToCFA, INFO)

line 1459: Dead code detected: return (retValue_acc); (CFACreationUtils.addEdgeToCFA, INFO)

line 1504: Dead code detected: return (retValue_acc); (CFACreationUtils.addEdgeToCFA, INFO)

line 1567: Dead code detected: return (retValue_acc); (CFACreationUtils.addEdgeToCFA, INFO)

line 1674: Dead code detected: return (retValue_acc); (CFACreationUtils.addEdgeToCFA, INFO)

line 1728: Dead code detected: return (retValue_acc); (CFACreationUtils.addEdgeToCFA, INFO)

line 1800: Dead code detected: return (retValue_acc); (CFACreationUtils.addEdgeToCFA, INFO)

line 1847: Dead code detected: return (retValue_acc); (CFACreationUtils.addEdgeToCFA, INFO)

line 1884: Dead code detected: return (retValue_acc); (CFACreationUtils.addEdgeToCFA, INFO)

line 1922: Dead code detected: return (retValue_acc); (CFACreationUtils.addEdgeToCFA, INFO)

line 1943: Dead code detected: return (retValue_acc); (CFACreationUtils.addEdgeToCFA, INFO)

line 1980: Dead code detected: return (retValue_acc); (CFACreationUtils.addEdgeToCFA, INFO)

line 2017: Dead code detected: return (retValue_acc); (CFACreationUtils.addEdgeToCFA, INFO)

line 2056: Dead code detected: return (retValue_acc); (CFACreationUtils.addEdgeToCFA, INFO)

line 2095: Dead code detected: return (retValue_acc); (CFACreationUtils.addEdgeToCFA, INFO)

line 2132: Dead code detected: return (retValue_acc); (CFACreationUtils.addEdgeToCFA, INFO)

line 2169: Dead code detected: return (retValue_acc); (CFACreationUtils.addEdgeToCFA, INFO)

line 2206: Dead code detected: return (retValue_acc); (CFACreationUtils.addEdgeToCFA, INFO)

line 2243: Dead code detected: return (retValue_acc); (CFACreationUtils.addEdgeToCFA, INFO)

line 2280: Dead code detected: return (retValue_acc); (CFACreationUtils.addEdgeToCFA, INFO)

line 2423: Dead code detected: return (retValue_acc); (CFACreationUtils.addEdgeToCFA, INFO)

line 2455: Dead code detected: return (retValue_acc); (CFACreationUtils.addEdgeToCFA, INFO)

line 2464: Dead code detected: return (retValue_acc); (CFACreationUtils.addEdgeToCFA, INFO)

line 2473: Dead code detected: return (retValue_acc); (CFACreationUtils.addEdgeToCFA, INFO)

line 2498: Dead code detected: return (retValue_acc); (CFACreationUtils.addEdgeToCFA, INFO)

line 2794: Dead code detected: return (retValue_acc); (CFACreationUtils.addEdgeToCFA, INFO)

line 2803: Dead code detected: return (retValue_acc); (CFACreationUtils.addEdgeToCFA, INFO)

line 2818: Dead code detected: return (retValue_acc); (CFACreationUtils.addEdgeToCFA, INFO)

line 580: Function pointer *__cil_tmp10 with type int (*)(int, int) is called, but no possible target functions were found. (CFunctionPointerResolver.replaceFunctionPointerCall, WARNING)

MathSAT5 is available for research and evaluation purposes only. It can not be used in a commercial environment, particularly as part of a commercial product, without written permission. MathSAT5 is provided as is, without any warranty. Please write to mathsat@fbk.eu for additional questions regarding licensing MathSAT5 or obtaining more up-to-date versions. (PredicateCPA:JavaSMT:Mathsat5SolverContext.<init>, WARNING)

Using predicate analysis with MathSAT5 version 5.3.14 (0b98b661254c) (Nov 17 2016 10:59:45, gmp 5.1.3, gcc 4.8.5, 64-bit) and JFactory 1.21. (PredicateCPA:PredicateCPA.<init>, INFO)

Using refinement for predicate analysis with PredicateAbstractionRefinementStrategy strategy. (PredicateCPA:PredicateCPARefiner.<init>, INFO)

Starting analysis ... (CPAchecker.runAlgorithm, INFO)

Stopping analysis ... (CPAchecker.runAlgorithm, INFO)

PredicateCPA statistics
-----------------------
Number of abstractions:            8706 (13% of all post computations)
  Times abstraction was reused:    0
  Because of function entry/exit:  8453 (97%)
  Because of loop head:            234 (3%)
  Because of join nodes:           0 (0%)
  Because of threshold:            0 (0%)
  Because of target state:         19 (0%)
  Times precision was empty:       3052 (35%)
  Times precision was {false}:     272 (3%)
  Times result was cached:         5247 (60%)
  Times cartesian abs was used:    0 (0%)
  Times boolean abs was used:      135 (2%)
  Times result was 'false':        26 (0%)
Number of strengthen sat checks:   0
Number of coverage checks:         19882
  BDD entailment checks:           900
Number of SMT sat checks:          0
  trivial:                         0
  cached:                          0

Max ABE block size:                       50
Number of predicates discovered:          4
Number of abstraction locations:          131
Max number of predicates per location:    1
Avg number of predicates per location:    1
Total predicates per abstraction:         5654
Max number of predicates per abstraction: 1
Avg number of predicates per abstraction: 13.89
Number of irrelevant predicates:          3951 (70%)
Number of preds handled by boolean abs:   135 (2%)
  Total number of models for allsat:      137
  Max number of models for allsat:        2
  Avg number of models for allsat:        1.01

Time for post operator:                  3.348s
  Time for path formula creation:        3.182s
Time for strengthen operator:            0.155s
Time for prec operator:                  3.124s
  Time for abstraction:                  2.695s (Max:     0.021s, Count: 8706)
    Boolean abstraction:                 0.204s
    Solving time:                        0.519s (Max:     0.014s)
    Model enumeration time:              0.015s
    Time for BDD construction:           0.014s (Max:     0.007s)
Time for merge operator:                 0.422s
Time for coverage check:                 0.046s
  Time for BDD entailment checks:        0.036s
Total time for SMT solver (w/o itp):     0.534s

Number of path formula cache hits:   44663 (58%)

Inside post operator:                  
  Inside path formula creation:        
    Time for path formula computation:     3.004s

Total number of created targets for pointer analysis: 0


Number of BDD nodes:                               202
Size of BDD node table:                            270749
Size of BDD cache:                                 27073
Size of BDD node cleanup queue:                         277 (count: 6131, min: 0, max: 104, avg: 0.05)
Time for BDD node cleanup:                             0.004s
Time for BDD garbage collection:                       0.000s (in 0 runs)

PrecisionBootstrap statistics
-----------------------------
Init. function predicates:                         0
Init. global predicates:                           0
Init. location predicates:                         0

Invariant Generation statistics
-------------------------------

AutomatonAnalysis (SVCOMP) statistics
-------------------------------------
Number of states:                                  1
Total time for successor computation:                  0.465s
Automaton transfers with branching:                0
Automaton transfer successors:                        66559 (count: 66559, min: 1, max: 1, avg: 1.00) [1 x 66559]

CPA algorithm statistics
------------------------
Number of iterations:            50553
Max size of waitlist:            24
Average size of waitlist:        10
Number of computed successors:   60738
Max successors for one state:    2
Number of times merged:          9491
Number of times stopped:         10032
Number of times breaked:         19

Total time for CPA algorithm:        12.688s (Max:     1.762s)
  Time for choose from waitlist:      0.138s
  Time for precision adjustment:      4.186s
  Time for transfer relation:         5.756s
  Time for merge operator:            1.038s
  Time for stop operator:             0.370s
  Time for adding to reached set:     0.265s

Predicate-Abstraction Refiner statistics
----------------------------------------
Number of predicate refinements:                   19
Avg. length of target path (in blocks):                1971 (count: 19, min: 66, max: 137, avg: 103.74)
Number of infeasible sliced prefixes:                     0 (count: 0, min: 0, max: 0, avg: 0.00)

Time for refinement:                                   1.550s
  Counterexample analysis:                             1.117s (Max:     0.079s, Calls: 19)
    Refinement sat check:                              0.494s
    Interpolant computation:                           0.000s
  Path-formulas extraction:                            0.002s
  Error path post-processing:                          0.000s
  Predicate creation:                                  0.046s
  Precision update:                                    0.037s
  ARG update:                                          0.297s

Length of refined path (in blocks):                    1614 (count: 19, min: 65, max: 136, avg: 84.95)
Number of affected states:                             1018 (count: 19, min: 1, max: 97, avg: 53.58)
Length (states) of path with itp 'true':                577 (count: 19, min: 0, max: 134, avg: 30.37)
Length (states) of path with itp non-trivial itp:      1018 (count: 19, min: 1, max: 97, avg: 53.58)
Length (states) of path with itp 'false':                19 (count: 19, min: 1, max: 1, avg: 1.00)
Different non-trivial interpolants along paths:          13 (count: 19, min: 0, max: 1, avg: 0.68)
Equal non-trivial interpolants along paths:             986 (count: 19, min: 0, max: 95, avg: 51.89)
Number of refs with location-based cutoff:                0

CEGAR algorithm statistics
--------------------------
Number of refinements:                19
Number of successful refinements:     19
Number of failed refinements:         0
Max. size of reached set before ref.: 4131
Max. size of reached set after ref.:  2225
Avg. size of reached set before ref.: 3155.53
Avg. size of reached set after ref.:  609.68

Total time for CEGAR algorithm:      14.457s
Time for refinements:                 1.751s
Average time for refinement:          0.092s
Max time for refinement:              0.166s

Code Coverage
-----------------------------
  Function coverage:      0.571
  Visited lines:          715
  Total lines:            1352
  Line coverage:          0.529
  Visited conditions:     272
  Total conditions:       478
  Condition coverage:     0.569

CPAchecker general statistics
-----------------------------
Number of program locations:     1855
Number of CFA edges:             2093
Number of relevant variables:    294
Number of functions:             105
Number of loops:                 4
Size of reached set:             2310
  Number of reached locations:   728 (39%)
    Avg states per location:     3
    Max states per location:     14 (at node N1770)
  Number of reached functions:   60 (57%)
  Number of partitions:          2296
    Avg size of partitions:      1
    Max size of partitions:      2 (with key [N1721 (before line 2321), Function mail called from node N1728, stack depth 7 [3d452ced], stack [main, test, bobToRjh, sendEmail, outgoing, outgoing__wrappee__AutoResponder, mail]])
  Number of target states:       0

Time for analysis setup:          3.985s
  Time for loading CPAs:          0.745s
  Time for loading parser:        0.695s
  Time for CFA construction:      2.348s
    Time for parsing file(s):     0.685s
    Time for AST to CFA:          0.710s
    Time for CFA sanity check:    0.200s
    Time for post-processing:     0.612s
      Time for var class.:        0.348s
Time for Analysis:               14.458s
CPU time for analysis:           14.450s
Time for analyzing result:        0.008s
Total time for CPAchecker:       18.447s
Total CPU time for CPAchecker:   18.430s
Time for statistics:              0.137s

Time for Garbage Collector:       0.369s (in 24 runs)
Garbage Collector(s) used:    Copy, MarkSweepCompact
Used heap memory:                 71MB (    67 MiB) max;     43MB (    41 MiB) avg;     74MB (    70 MiB) peak
Used non-heap memory:             37MB (    35 MiB) max;     32MB (    30 MiB) avg;     37MB (    36 MiB) peak
Allocated heap memory:           127MB (   121 MiB) max;    127MB (   121 MiB) avg
Allocated non-heap memory:        38MB (    37 MiB) max;     34MB (    32 MiB) avg
Total process virtual memory:   8087MB (  7713 MiB) max;   8067MB (  7694 MiB) avg

Verification result: TRUE. No property violation found by chosen configuration.
More details about the verification run can be found in the directory "./output".
