scripts/cpa.sh -Dy-MySearchStrategy-PredAbs-ABElf -heap 9600000000 -timelimit 900 -preprocess -stats -noout -setprop cpa.predicate.memoryAllocationsAlwaysSucceed=true -spec ../sv-benchmarks/c/ReachSafety.prp ../sv-benchmarks/c/ldv-consumption/32_7a_cilled_true-unreach-call_linux-3.8-rc1-32_7a-drivers--video--smscufx.ko-ldv_main0_sequence_infinite_withcheck_stateful.cil.out.c


--------------------------------------------------------------------------------


Running CPAchecker with Java heap of size 9600000000.
Running CPAchecker with default stack size (1024k). Specify a larger value with -stack if needed.
Running CPAchecker with the following extra VM options:  -Djava.io.tmpdir=/tmp/BenchExec_run_k7yrrpwp/tmp
Using the following resource limits: CPU-time limit of 900s (ResourceLimitChecker.fromConfiguration, INFO)

CPAchecker 1.6.1-svn 6608050+ (OpenJDK 64-Bit Server VM 1.8.0_151) started (CPAchecker.run, INFO)

line 7471: Dead code detected: return (ldv_func_res); (CFACreationUtils.addEdgeToCFA, INFO)

Inline assembler ignored, analysis is probably unsound! (CFABuilder.createCFA, WARNING)

MathSAT5 is available for research and evaluation purposes only. It can not be used in a commercial environment, particularly as part of a commercial product, without written permission. MathSAT5 is provided as is, without any warranty. Please write to mathsat@fbk.eu for additional questions regarding licensing MathSAT5 or obtaining more up-to-date versions. (PredicateCPA:JavaSMT:Mathsat5SolverContext.<init>, WARNING)

Using predicate analysis with MathSAT5 version 5.3.14 (0b98b661254c) (Nov 17 2016 10:59:45, gmp 5.1.3, gcc 4.8.5, 64-bit) and JFactory 1.21. (PredicateCPA:PredicateCPA.<init>, INFO)

Using refinement for predicate analysis with PredicateAbstractionRefinementStrategy strategy. (PredicateCPA:PredicateCPARefiner.<init>, INFO)

Starting analysis ... (CPAchecker.runAlgorithm, INFO)

Assuming external function ldv_handler_precall to be a constant function. (PredicateCPA:ExpressionToFormulaVisitor.visit, INFO)

Assuming external function schedule_delayed_work to be a pure function. (PredicateCPA:ExpressionToFormulaVisitor.visit, INFO)

Assuming external function fb_deferred_io_cleanup to be a pure function. (PredicateCPA:ExpressionToFormulaVisitor.visit, INFO)

Assuming external function fb_sys_write to be a pure function. (PredicateCPA:ExpressionToFormulaVisitor.visit, INFO)

Assuming external function sys_imageblit to be a pure function. (PredicateCPA:ExpressionToFormulaVisitor.visit, INFO)

Assuming external function sys_copyarea to be a pure function. (PredicateCPA:ExpressionToFormulaVisitor.visit, INFO)

Assuming external function sys_fillrect to be a pure function. (PredicateCPA:ExpressionToFormulaVisitor.visit, INFO)

Assuming external function fb_var_to_videomode to be a pure function. (PredicateCPA:ExpressionToFormulaVisitor.visit, INFO)

Assuming external function dev_get_drvdata to be a pure function. (PredicateCPA:ExpressionToFormulaVisitor.visit, INFO)

Assuming external function might_fault to be a constant function. (PredicateCPA:ExpressionToFormulaVisitor.visit, INFO)

Assuming external function _copy_to_user to be a pure function. (PredicateCPA:ExpressionToFormulaVisitor.visit, INFO)

Assuming external function __dynamic_pr_debug to be a pure function. (PredicateCPA:ExpressionToFormulaVisitor.visit, INFO)

Assuming external function vmalloc_to_pfn to be a pure function. (PredicateCPA:ExpressionToFormulaVisitor.visit, INFO)

Assuming external function remap_pfn_range to be a pure function. (PredicateCPA:ExpressionToFormulaVisitor.visit, INFO)

Assuming external function dev_set_drvdata to be a pure function. (PredicateCPA:ExpressionToFormulaVisitor.visit, INFO)

Assuming external function dev_err to be a pure function. (PredicateCPA:ExpressionToFormulaVisitor.visit, INFO)

Assuming external function fb_dealloc_cmap to be a pure function. (PredicateCPA:ExpressionToFormulaVisitor.visit, INFO)

Assuming external function fb_destroy_modedb to be a pure function. (PredicateCPA:ExpressionToFormulaVisitor.visit, INFO)

Assuming external function vfree to be a pure function. (PredicateCPA:ExpressionToFormulaVisitor.visit, INFO)

Assuming external function fb_destroy_modelist to be a pure function. (PredicateCPA:ExpressionToFormulaVisitor.visit, INFO)

Assuming external function framebuffer_release to be a pure function. (PredicateCPA:ExpressionToFormulaVisitor.visit, INFO)

Assuming external function ldv_check_return_value to be a pure function. (PredicateCPA:ExpressionToFormulaVisitor.visit, INFO)

Assuming external function ldv_check_return_value_probe to be a pure function. (PredicateCPA:ExpressionToFormulaVisitor.visit, INFO)

Assuming external function down_timeout to be a pure function. (PredicateCPA:ExpressionToFormulaVisitor.visit, INFO)

Assuming external function warn_slowpath_null to be a pure function. (PredicateCPA:ExpressionToFormulaVisitor.visit, INFO)

Assuming external function fb_deferred_io_init to be a pure function. (PredicateCPA:ExpressionToFormulaVisitor.visit, INFO)

Assuming external function __dynamic_dev_dbg to be a pure function. (PredicateCPA:ExpressionToFormulaVisitor.visit, INFO)

Assuming external function __raw_spin_lock_init to be a pure function. (PredicateCPA:ExpressionToFormulaVisitor.visit, INFO)

Assuming external function lockdep_init_map to be a pure function. (PredicateCPA:ExpressionToFormulaVisitor.visit, INFO)

Assuming external function framebuffer_alloc to be a pure function. (PredicateCPA:ExpressionToFormulaVisitor.visit, INFO)

Assuming external function fb_alloc_cmap to be a pure function. (PredicateCPA:ExpressionToFormulaVisitor.visit, INFO)

Assuming external function __init_work to be a pure function. (PredicateCPA:ExpressionToFormulaVisitor.visit, INFO)

Assuming external function init_timer_key to be a pure function. (PredicateCPA:ExpressionToFormulaVisitor.visit, INFO)

Assuming external function usb_control_msg to be a pure function. (PredicateCPA:ExpressionToFormulaVisitor.visit, INFO)

Assuming external function usb_alloc_urb to be a pure function. (PredicateCPA:ExpressionToFormulaVisitor.visit, INFO)

Assuming external function usb_alloc_coherent to be a pure function. (PredicateCPA:ExpressionToFormulaVisitor.visit, INFO)

Assuming external function usb_free_urb to be a pure function. (PredicateCPA:ExpressionToFormulaVisitor.visit, INFO)

Assuming external function __list_add to be a pure function. (PredicateCPA:ExpressionToFormulaVisitor.visit, INFO)

Assuming external function memset to be a pure function. (PredicateCPA:ExpressionToFormulaVisitor.visit, INFO)

Assuming external function __list_del_entry to be a pure function. (PredicateCPA:ExpressionToFormulaVisitor.visit, INFO)

Assuming external function usb_submit_urb to be a pure function. (PredicateCPA:ExpressionToFormulaVisitor.visit, INFO)

Assuming external function fb_edid_to_monspecs to be a pure function. (PredicateCPA:ExpressionToFormulaVisitor.visit, INFO)

Assuming external function fb_videomode_to_var to be a pure function. (PredicateCPA:ExpressionToFormulaVisitor.visit, INFO)

Assuming external function fb_find_best_display to be a pure function. (PredicateCPA:ExpressionToFormulaVisitor.visit, INFO)

Assuming external function fb_find_nearest_mode to be a pure function. (PredicateCPA:ExpressionToFormulaVisitor.visit, INFO)

Assuming external function mutex_lock to be a pure function. (PredicateCPA:ExpressionToFormulaVisitor.visit, INFO)

Assuming external function mutex_unlock to be a pure function. (PredicateCPA:ExpressionToFormulaVisitor.visit, INFO)

Assuming external function fb_add_videomode to be a pure function. (PredicateCPA:ExpressionToFormulaVisitor.visit, INFO)

Assuming external function vmalloc to be a pure function. (PredicateCPA:ExpressionToFormulaVisitor.visit, INFO)

Assuming external function _raw_spin_unlock_irqrestore to be a pure function. (PredicateCPA:ExpressionToFormulaVisitor.visit, INFO)

Assuming external function up to be a pure function. (PredicateCPA:ExpressionToFormulaVisitor.visit, INFO)

Assuming external function register_framebuffer to be a pure function. (PredicateCPA:ExpressionToFormulaVisitor.visit, INFO)

Assuming external function _dev_info to be a pure function. (PredicateCPA:ExpressionToFormulaVisitor.visit, INFO)

Assuming external function msleep to be a pure function. (PredicateCPA:ExpressionToFormulaVisitor.visit, INFO)

Assuming external function down_interruptible to be a pure function. (PredicateCPA:ExpressionToFormulaVisitor.visit, INFO)

Assuming external function usb_free_coherent to be a pure function. (PredicateCPA:ExpressionToFormulaVisitor.visit, INFO)

Stopping analysis ... (CPAchecker.runAlgorithm, INFO)

PredicateCPA statistics
-----------------------
Number of abstractions:            1513913 (18% of all post computations)
  Times abstraction was reused:    0
  Because of function entry/exit:  1292639 (85%)
  Because of loop head:            218954 (14%)
  Because of join nodes:           0 (0%)
  Because of threshold:            0 (0%)
  Because of target state:         2320 (0%)
  Times precision was empty:       173573 (11%)
  Times precision was {false}:     3429 (0%)
  Times result was cached:         1315353 (87%)
  Times cartesian abs was used:    0 (0%)
  Times boolean abs was used:      21558 (1%)
  Times result was 'false':        55929 (4%)
Number of strengthen sat checks:   0
Number of coverage checks:         1030650
  BDD entailment checks:           361046
Number of SMT sat checks:          0
  trivial:                         0
  cached:                          0

Max ABE block size:                       40
Number of predicates discovered:          13
Number of abstraction locations:          352
Max number of predicates per location:    11
Avg number of predicates per location:    5
Total predicates per abstraction:         7520770
Max number of predicates per abstraction: 11
Avg number of predicates per abstraction: 300.99
Number of irrelevant predicates:          1609368 (21%)
Number of preds handled by boolean abs:   69210 (1%)
  Total number of models for allsat:      22579
  Max number of models for allsat:        8
  Avg number of models for allsat:        1.05

Time for post operator:                 29.786s
  Time for path formula creation:       27.986s
Time for strengthen operator:            4.365s
Time for prec operator:                288.151s
  Time for abstraction:                278.875s (Max:     3.628s, Count: 1513913)
    Boolean abstraction:                66.678s
    Solving time:                       65.449s (Max:     3.531s)
    Model enumeration time:              3.654s
    Time for BDD construction:           0.321s (Max:     0.010s)
Time for merge operator:                 1.922s
Time for coverage check:                 0.254s
  Time for BDD entailment checks:        0.196s
Total time for SMT solver (w/o itp):    69.103s

Number of path formula cache hits:   9928084 (97%)

Inside post operator:                  
  Inside path formula creation:        
    Time for path formula computation:    13.217s

Total number of created targets for pointer analysis: 97154
   Number of created targets for uf: *signed_int is 595
   Number of created targets for uf: *(struct_usb_device)* is 2
   Number of created targets for uf: *(struct_urb)* is 4
   Number of created targets for uf: *(struct_list_head)* is 154
   Number of created targets for uf: *(unsigned_char)* is 141
   Number of created targets for uf: *(struct_ufx_data)* is 4
   Number of created targets for uf: *unsigned_int is 141
   Number of created targets for uf: *unsigned_long_int is 130
   Number of created targets for uf: *(struct_fb_info)* is 5


Number of BDD nodes:                               1436
Size of BDD node table:                            464047
Size of BDD cache:                                 46411
Size of BDD node cleanup queue:                       43166 (count: 693145, min: 0, max: 736, avg: 0.06)
Time for BDD node cleanup:                             0.065s
Time for BDD garbage collection:                       0.000s (in 0 runs)

PrecisionBootstrap statistics
-----------------------------
Init. function predicates:                         0
Init. global predicates:                           0
Init. location predicates:                         0

Invariant Generation statistics
-------------------------------

AutomatonAnalysis (SVCOMP) statistics
-------------------------------------
Number of states:                                  1
Total time for successor computation:                  5.528s
  Time for transition matches:                         3.305s
  Time for transition assertions:                      0.000s
  Time for transition actions:                         0.014s
Automaton transfers with branching:                0
Automaton transfer successors:                      8456958 (count: 8458665, min: 0, max: 1, avg: 1.00) [0 x 1707, 1 x 8456958]

CPA algorithm statistics
------------------------
Number of iterations:            5287385
Max size of waitlist:            121
Average size of waitlist:        34
Number of computed successors:   6003836
Max successors for one state:    2
Number of times merged:          334802
Number of times stopped:         597892
Number of times breaked:         2320

Total time for CPA algorithm:       409.283s (Max:     3.956s)
  Time for choose from waitlist:      1.132s
  Time for precision adjustment:    310.409s
  Time for transfer relation:        77.832s
  Time for merge operator:            4.249s
  Time for stop operator:             3.840s
  Time for adding to reached set:     4.533s

Predicate-Abstraction Refiner statistics
----------------------------------------
Number of predicate refinements:                   2320
Avg. length of target path (in blocks):              308100 (count: 2320, min: 6, max: 279, avg: 132.80)
Number of infeasible sliced prefixes:                     0 (count: 0, min: 0, max: 0, avg: 0.00)

Time for refinement:                                  67.230s
  Counterexample analysis:                            59.783s (Max:     0.092s, Calls: 2320)
    Refinement sat check:                             29.207s
    Interpolant computation:                           0.000s
  Path-formulas extraction:                            0.092s
  Error path post-processing:                          0.000s
  Predicate creation:                                  0.511s
  Precision update:                                    1.626s
  ARG update:                                          4.463s

Length of refined path (in blocks):                  302540 (count: 2320, min: 5, max: 278, avg: 130.41)
Number of affected states:                           126225 (count: 2320, min: 3, max: 276, avg: 54.41)
Length (states) of path with itp 'true':             173995 (count: 2320, min: 1, max: 142, avg: 75.00)
Length (states) of path with itp non-trivial itp:    126225 (count: 2320, min: 3, max: 276, avg: 54.41)
Length (states) of path with itp 'false':              2320 (count: 2320, min: 1, max: 1, avg: 1.00)
Different non-trivial interpolants along paths:           3 (count: 2320, min: 0, max: 1, avg: 0.00)
Equal non-trivial interpolants along paths:          123902 (count: 2320, min: 2, max: 275, avg: 53.41)
Number of refs with location-based cutoff:                0

CEGAR algorithm statistics
--------------------------
Number of refinements:                2320
Number of successful refinements:     2320
Number of failed refinements:         0
Max. size of reached set before ref.: 15365
Max. size of reached set after ref.:  13410
Avg. size of reached set before ref.: 7470.79
Avg. size of reached set after ref.:  5171.46

Total time for CEGAR algorithm:     489.892s
Time for refinements:                76.201s
Average time for refinement:          0.032s
Max time for refinement:              0.100s

Code Coverage
-----------------------------
  Function coverage:      0.661
  Visited lines:          2699
  Total lines:            3007
  Line coverage:          0.898
  Visited conditions:     669
  Total conditions:       782
  Condition coverage:     0.855

CPAchecker general statistics
-----------------------------
Number of program locations:     4028
Number of CFA edges:             4596
Number of relevant variables:    609
Number of functions:             118
Number of loops:                 31
Size of reached set:             15573
  Number of reached locations:   1868 (46%)
    Avg states per location:     8
    Max states per location:     630 (at node N3229)
  Number of reached functions:   78 (66%)
  Number of partitions:          15542
    Avg size of partitions:      1
    Max size of partitions:      4 (with key [N2265 (before line 6471), Function ufx_setup_modes called from node N2650, stack depth 3 [5667344d], stack [main, ufx_usb_probe, ufx_setup_modes]])
  Number of target states:       0

Time for analysis setup:          3.384s
  Time for loading CPAs:          0.628s
  Time for loading parser:        0.416s
  Time for CFA construction:      2.259s
    Time for parsing file(s):     0.595s
    Time for AST to CFA:          0.725s
    Time for CFA sanity check:    0.212s
    Time for post-processing:     0.599s
      Time for var class.:        0.314s
Time for Analysis:              489.892s
CPU time for analysis:          489.870s
Time for analyzing result:        0.007s
Total time for CPAchecker:      493.278s
Total CPU time for CPAchecker:  493.250s
Time for statistics:              0.215s

Time for Garbage Collector:      16.454s (in 1789 runs)
Garbage Collector(s) used:    Copy, MarkSweepCompact
Used heap memory:                374MB (   357 MiB) max;    202MB (   193 MiB) avg;    389MB (   371 MiB) peak
Used non-heap memory:             41MB (    39 MiB) max;     41MB (    39 MiB) avg;     42MB (    40 MiB) peak
Allocated heap memory:           397MB (   378 MiB) max;    318MB (   303 MiB) avg
Allocated non-heap memory:        44MB (    42 MiB) max;     43MB (    41 MiB) avg
Total process virtual memory:  12349MB ( 11777 MiB) max;  12235MB ( 11668 MiB) avg

Verification result: TRUE. No property violation found by chosen configuration.
More details about the verification run can be found in the directory "./output".
