scripts/cpa.sh -Dy-MySearchStrategy-PredAbs-ABElf -heap 5600000000 -timelimit 30 -preprocess -stats -noout -setprop cpa.predicate.memoryAllocationsAlwaysSucceed=true -spec ../sv-benchmarks/c/ReachSafety.prp ../sv-benchmarks/c/ldv-challenges/linux-3.14__complex_emg__linux-kernel-locking-mutex__drivers-media-usb-dvb-usb-dvb-usb-dib0700_true-unreach-call.cil.c


--------------------------------------------------------------------------------


Running CPAchecker with Java heap of size 5600000000.
Running CPAchecker with default stack size (1024k). Specify a larger value with -stack if needed.
Running CPAchecker with the following extra VM options:  -Djava.io.tmpdir=/tmp/BenchExec_run_nyzphahs/tmp
Using the following resource limits: CPU-time limit of 30s (ResourceLimitChecker.fromConfiguration, INFO)

CPAchecker (unknown version) (OpenJDK 64-Bit Server VM 1.8.0_162) started (CPAchecker.run, INFO)

Dead code detected: Label switch_break is not reachable. (CFAFunctionBuilder.leave, INFO)

Dead code detected: Label switch_break is not reachable. (CFAFunctionBuilder.leave, INFO)

line 19164: Dead code detected: return; (CFACreationUtils.addEdgeToCFA, INFO)

line 19293: Dead code detected: return (arg0); (CFACreationUtils.addEdgeToCFA, INFO)

line 19770: Dead code detected: return (ldv_func_res); (CFACreationUtils.addEdgeToCFA, INFO)

Dead code detected: Label switch_break is not reachable. (CFAFunctionBuilder.leave, INFO)

Dead code detected: Label switch_break is not reachable. (CFAFunctionBuilder.leave, INFO)

Dead code detected: Label switch_break is not reachable. (CFAFunctionBuilder.leave, INFO)

Dead code detected: Label switch_break is not reachable. (CFAFunctionBuilder.leave, INFO)

Dead code detected: Label switch_break is not reachable. (CFAFunctionBuilder.leave, INFO)

Dead code detected: Label switch_break is not reachable. (CFAFunctionBuilder.leave, INFO)

Dead code detected: Label switch_break is not reachable. (CFAFunctionBuilder.leave, INFO)

lines 20067-20068: Function pointer *__a with type struct dvb_frontend *(*)(struct i2c_adapter *, u8 , struct dib3000mc_config *) is called, but no possible target functions were found. (CFunctionPointerResolver.replaceFunctionPointerCall, WARNING)

lines 20174-20175: Function pointer *__a with type struct dvb_frontend *(*)(struct dvb_frontend *, struct i2c_adapter *, struct mt2060_config *, u16 ) is called, but no possible target functions were found. (CFunctionPointerResolver.replaceFunctionPointerCall, WARNING)

line 21225: Function pointer *__a___0 with type struct dvb_frontend *(*)(struct dvb_frontend *, struct i2c_adapter *, struct dib0070_config *) is called, but no possible target functions were found. (CFunctionPointerResolver.replaceFunctionPointerCall, WARNING)

line 21181: Function pointer *__a with type struct dvb_frontend *(*)(struct dvb_frontend *, struct i2c_adapter *, struct dib0070_config *) is called, but no possible target functions were found. (CFunctionPointerResolver.replaceFunctionPointerCall, WARNING)

line 21108: Function pointer *__a with type struct dvb_frontend *(*)(struct dvb_frontend *, struct i2c_adapter *, struct dib0070_config *) is called, but no possible target functions were found. (CFunctionPointerResolver.replaceFunctionPointerCall, WARNING)

line 21698: Function pointer *__a___0 with type struct dvb_frontend *(*)(struct dvb_frontend *, struct i2c_adapter *, struct dib0070_config *) is called, but no possible target functions were found. (CFunctionPointerResolver.replaceFunctionPointerCall, WARNING)

line 21654: Function pointer *__a with type struct dvb_frontend *(*)(struct dvb_frontend *, struct i2c_adapter *, struct dib0070_config *) is called, but no possible target functions were found. (CFunctionPointerResolver.replaceFunctionPointerCall, WARNING)

line 22257: Function pointer *__a with type struct dvb_frontend *(*)(struct dvb_frontend *, struct i2c_adapter *, const struct dib0090_config *) is called, but no possible target functions were found. (CFunctionPointerResolver.replaceFunctionPointerCall, WARNING)

line 23367: Function pointer *__a with type struct dvb_frontend *(*)(struct dvb_frontend *, struct i2c_adapter *, const struct dib0090_config *) is called, but no possible target functions were found. (CFunctionPointerResolver.replaceFunctionPointerCall, WARNING)

line 19218: Function pointer *arg0 with type int (*)(struct usb_interface *) is called, but no possible target functions were found. (CFunctionPointerResolver.replaceFunctionPointerCall, WARNING)

line 19229: Function pointer *arg0 with type int (*)(struct usb_interface *) is called, but no possible target functions were found. (CFunctionPointerResolver.replaceFunctionPointerCall, WARNING)

line 19263: Function pointer *arg0 with type int (*)(struct usb_interface *) is called, but no possible target functions were found. (CFunctionPointerResolver.replaceFunctionPointerCall, WARNING)

line 25266: Function pointer *__a with type struct dvb_frontend *(*)(const struct lgdt3305_config *, struct i2c_adapter *) is called, but no possible target functions were found. (CFunctionPointerResolver.replaceFunctionPointerCall, WARNING)

line 25321: Function pointer *__a with type struct dvb_frontend *(*)(struct dvb_frontend *, struct i2c_adapter *, u8 , struct mxl5007t_config *) is called, but no possible target functions were found. (CFunctionPointerResolver.replaceFunctionPointerCall, WARNING)

line 24109: Function pointer *__a with type struct dvb_frontend *(*)(struct i2c_adapter *, u8 , struct dib7000p_config *) is called, but no possible target functions were found. (CFunctionPointerResolver.replaceFunctionPointerCall, WARNING)

line 24167: Function pointer *__a with type struct dvb_frontend *(*)(struct dvb_frontend *, struct i2c_adapter *, const struct dib0090_config *) is called, but no possible target functions were found. (CFunctionPointerResolver.replaceFunctionPointerCall, WARNING)

line 22563: Function pointer *__a___0 with type struct dvb_frontend *(*)(struct i2c_adapter *, u8 , struct dib8000_config *) is called, but no possible target functions were found. (CFunctionPointerResolver.replaceFunctionPointerCall, WARNING)

line 22520: Function pointer *__a with type struct dvb_frontend *(*)(struct i2c_adapter *, u8 , struct dib8000_config *) is called, but no possible target functions were found. (CFunctionPointerResolver.replaceFunctionPointerCall, WARNING)

line 22443: Function pointer *__a___0 with type struct dvb_frontend *(*)(struct dvb_frontend *, struct i2c_adapter *, const struct dib0090_config *) is called, but no possible target functions were found. (CFunctionPointerResolver.replaceFunctionPointerCall, WARNING)

line 22394: Function pointer *__a with type struct dvb_frontend *(*)(struct dvb_frontend *, struct i2c_adapter *, const struct dib0090_config *) is called, but no possible target functions were found. (CFunctionPointerResolver.replaceFunctionPointerCall, WARNING)

line 23546: Function pointer *__a___0 with type struct dvb_frontend *(*)(struct i2c_adapter *, u8 , struct dib9000_config *) is called, but no possible target functions were found. (CFunctionPointerResolver.replaceFunctionPointerCall, WARNING)

line 23501: Function pointer *__a with type struct dvb_frontend *(*)(struct i2c_adapter *, u8 , struct dib9000_config *) is called, but no possible target functions were found. (CFunctionPointerResolver.replaceFunctionPointerCall, WARNING)

line 23694: Function pointer *__a___0 with type struct dvb_frontend *(*)(struct dvb_frontend *, struct i2c_adapter *, const struct dib0090_config *) is called, but no possible target functions were found. (CFunctionPointerResolver.replaceFunctionPointerCall, WARNING)

line 23626: Function pointer *__a with type struct dvb_frontend *(*)(struct dvb_frontend *, struct i2c_adapter *, const struct dib0090_config *) is called, but no possible target functions were found. (CFunctionPointerResolver.replaceFunctionPointerCall, WARNING)

line 24873: Function pointer *__a with type struct dvb_frontend *(*)(struct i2c_adapter *, u8 , struct dib7000p_config *) is called, but no possible target functions were found. (CFunctionPointerResolver.replaceFunctionPointerCall, WARNING)

line 25133: Function pointer *__a with type struct dvb_frontend *(*)(struct i2c_adapter *, u8 , struct dib7000p_config *) is called, but no possible target functions were found. (CFunctionPointerResolver.replaceFunctionPointerCall, WARNING)

line 24951: Function pointer *__a with type struct dvb_frontend *(*)(const struct s5h1411_config *, struct i2c_adapter *) is called, but no possible target functions were found. (CFunctionPointerResolver.replaceFunctionPointerCall, WARNING)

line 21394: Function pointer *__a with type struct dvb_frontend *(*)(struct i2c_adapter *, u8 , struct dib7000p_config *) is called, but no possible target functions were found. (CFunctionPointerResolver.replaceFunctionPointerCall, WARNING)

line 24706: Function pointer *__a with type struct dvb_frontend *(*)(struct i2c_adapter *, u8 , struct dib7000p_config *) is called, but no possible target functions were found. (CFunctionPointerResolver.replaceFunctionPointerCall, WARNING)

line 24756: Function pointer *__a with type struct dvb_frontend *(*)(struct i2c_adapter *, u8 , struct dib7000p_config *) is called, but no possible target functions were found. (CFunctionPointerResolver.replaceFunctionPointerCall, WARNING)

lines 20272-20273: Function pointer *__a with type struct dvb_frontend *(*)(struct i2c_adapter *, u8 , struct dib7000p_config *) is called, but no possible target functions were found. (CFunctionPointerResolver.replaceFunctionPointerCall, WARNING)

lines 20350-20351: Function pointer *__a with type struct dvb_frontend *(*)(struct i2c_adapter *, u8 , struct dib7000p_config *) is called, but no possible target functions were found. (CFunctionPointerResolver.replaceFunctionPointerCall, WARNING)

line 20405: Function pointer *__a with type struct dvb_frontend *(*)(struct dvb_frontend *, struct i2c_adapter *, struct mt2266_config *) is called, but no possible target functions were found. (CFunctionPointerResolver.replaceFunctionPointerCall, WARNING)

line 20798: Function pointer *__a___0 with type struct dvb_frontend *(*)(struct i2c_adapter *, u8 , struct dib7000m_config *) is called, but no possible target functions were found. (CFunctionPointerResolver.replaceFunctionPointerCall, WARNING)

line 20758: Function pointer *__a with type struct dvb_frontend *(*)(struct i2c_adapter *, u8 , struct dib7000p_config *) is called, but no possible target functions were found. (CFunctionPointerResolver.replaceFunctionPointerCall, WARNING)

line 20886: Function pointer *__a with type struct dvb_frontend *(*)(struct dvb_frontend *, struct i2c_adapter *, struct mt2060_config *, u16 ) is called, but no possible target functions were found. (CFunctionPointerResolver.replaceFunctionPointerCall, WARNING)

line 20541: Function pointer *__a with type struct dvb_frontend *(*)(struct i2c_adapter *, u8 , struct dib7000p_config *) is called, but no possible target functions were found. (CFunctionPointerResolver.replaceFunctionPointerCall, WARNING)

line 20593: Function pointer *__a with type struct dvb_frontend *(*)(struct dvb_frontend *, struct xc2028_config *) is called, but no possible target functions were found. (CFunctionPointerResolver.replaceFunctionPointerCall, WARNING)

line 21482: Function pointer *__a with type struct dvb_frontend *(*)(struct i2c_adapter *, u8 , struct dib7000p_config *) is called, but no possible target functions were found. (CFunctionPointerResolver.replaceFunctionPointerCall, WARNING)

line 21791: Function pointer *__a with type struct dvb_frontend *(*)(struct i2c_adapter *, u8 , struct dib8000_config *) is called, but no possible target functions were found. (CFunctionPointerResolver.replaceFunctionPointerCall, WARNING)

line 21855: Function pointer *__a with type struct dvb_frontend *(*)(struct i2c_adapter *, u8 , struct dib8000_config *) is called, but no possible target functions were found. (CFunctionPointerResolver.replaceFunctionPointerCall, WARNING)

line 21906: Function pointer *__a with type struct dvb_frontend *(*)(struct i2c_adapter *, u8 , struct dib8000_config *) is called, but no possible target functions were found. (CFunctionPointerResolver.replaceFunctionPointerCall, WARNING)

line 22325: Function pointer *__a with type struct dvb_frontend *(*)(struct i2c_adapter *, u8 , struct dib8000_config *) is called, but no possible target functions were found. (CFunctionPointerResolver.replaceFunctionPointerCall, WARNING)

line 23296: Function pointer *__a with type struct dvb_frontend *(*)(struct i2c_adapter *, u8 , struct dib9000_config *) is called, but no possible target functions were found. (CFunctionPointerResolver.replaceFunctionPointerCall, WARNING)

line 24253: Function pointer *__a with type struct dvb_frontend *(*)(struct i2c_adapter *, u8 , struct dib7000p_config *) is called, but no possible target functions were found. (CFunctionPointerResolver.replaceFunctionPointerCall, WARNING)

line 24334: Function pointer *__a with type struct dvb_frontend *(*)(struct i2c_adapter *, u8 , struct dib7000p_config *) is called, but no possible target functions were found. (CFunctionPointerResolver.replaceFunctionPointerCall, WARNING)

line 24395: Function pointer *__a with type struct dvb_frontend *(*)(struct dvb_frontend *, struct i2c_adapter *, const struct dib0090_config *) is called, but no possible target functions were found. (CFunctionPointerResolver.replaceFunctionPointerCall, WARNING)

line 24462: Function pointer *__a with type struct dvb_frontend *(*)(struct dvb_frontend *, struct i2c_adapter *, const struct dib0090_config *) is called, but no possible target functions were found. (CFunctionPointerResolver.replaceFunctionPointerCall, WARNING)

line 24548: Function pointer *__a with type struct dvb_frontend *(*)(struct i2c_adapter *, u8 , struct dib7000p_config *) is called, but no possible target functions were found. (CFunctionPointerResolver.replaceFunctionPointerCall, WARNING)

line 24606: Function pointer *__a with type struct dvb_frontend *(*)(struct dvb_frontend *, struct i2c_adapter *, const struct dib0090_config *) is called, but no possible target functions were found. (CFunctionPointerResolver.replaceFunctionPointerCall, WARNING)

line 22874: Function pointer *__a with type struct dvb_frontend *(*)(struct i2c_adapter *, u8 , struct dib8000_config *) is called, but no possible target functions were found. (CFunctionPointerResolver.replaceFunctionPointerCall, WARNING)

line 22932: Function pointer *__a with type struct dvb_frontend *(*)(struct dvb_frontend *, struct i2c_adapter *, const struct dib0090_config *) is called, but no possible target functions were found. (CFunctionPointerResolver.replaceFunctionPointerCall, WARNING)

line 25200: Function pointer *__a with type struct dvb_frontend *(*)(struct dvb_frontend *, struct i2c_adapter *, struct xc4000_config *) is called, but no possible target functions were found. (CFunctionPointerResolver.replaceFunctionPointerCall, WARNING)

line 25028: Function pointer *__a with type struct dvb_frontend *(*)(struct dvb_frontend *, struct i2c_adapter *, const struct xc5000_config *) is called, but no possible target functions were found. (CFunctionPointerResolver.replaceFunctionPointerCall, WARNING)

MathSAT5 is available for research and evaluation purposes only. It can not be used in a commercial environment, particularly as part of a commercial product, without written permission. MathSAT5 is provided as is, without any warranty. Please write to mathsat@fbk.eu for additional questions regarding licensing MathSAT5 or obtaining more up-to-date versions. (PredicateCPA:JavaSMT:Mathsat5SolverContext.<init>, WARNING)

Using predicate analysis with MathSAT5 version 5.3.14 (0b98b661254c) (Nov 17 2016 10:59:45, gmp 5.1.3, gcc 4.8.5, 64-bit) and JFactory 1.21. (PredicateCPA:PredicateCPA.<init>, INFO)

Using refinement for predicate analysis with PredicateAbstractionRefinementStrategy strategy. (PredicateCPA:PredicateCPARefiner.<init>, INFO)

Starting analysis ... (CPAchecker.runAlgorithm, INFO)

Assuming external function external_allocated_data to be a constant function. (PredicateCPA:ExpressionToFormulaVisitor.visit, INFO)

Shutdown requested (The CPU-time limit of 30s has elapsed.), waiting for termination. (ForceTerminationOnShutdown$1.shutdownRequested, WARNING)

Warning: Analysis interrupted (The CPU-time limit of 30s has elapsed.) (ShutdownNotifier.shutdownIfNecessary, WARNING)

PredicateCPA statistics
-----------------------
Number of abstractions:            12148 (15% of all post computations)
  Times abstraction was reused:    0
  Because of function entry/exit:  10744 (88%)
  Because of loop head:            1395 (11%)
  Because of join nodes:           0 (0%)
  Because of threshold:            0 (0%)
  Because of target state:         9 (0%)
  Times precision was empty:       9662 (80%)
  Times precision was {false}:     113 (1%)
  Times result was cached:         2343 (19%)
  Times cartesian abs was used:    0 (0%)
  Times boolean abs was used:      30 (0%)
  Times result was 'false':        8 (0%)
Number of strengthen sat checks:   0
Number of coverage checks:         6084
  BDD entailment checks:           1236
Number of SMT sat checks:          0
  trivial:                         0
  cached:                          0

Max ABE block size:                       654
Number of predicates discovered:          2
Number of abstraction locations:          19
Max number of predicates per location:    1
Avg number of predicates per location:    1
Total predicates per abstraction:         2486
Max number of predicates per abstraction: 1
Avg number of predicates per abstraction: 17.38
Number of irrelevant predicates:          2328 (94%)
Number of preds handled by boolean abs:   30 (1%)
  Total number of models for allsat:      30
  Max number of models for allsat:        1
  Avg number of models for allsat:        1.00

Time for post operator:                  7.483s
  Time for path formula creation:        7.293s
Time for strengthen operator:            0.259s
Time for prec operator:                  2.038s
  Time for abstraction:                  1.263s (Max:     0.021s, Count: 12148)
    Boolean abstraction:                 0.062s
    Solving time:                        0.138s (Max:     0.013s)
    Model enumeration time:              0.003s
    Time for BDD construction:           0.006s (Max:     0.004s)
Time for merge operator:                 0.260s
Time for coverage check:                 0.062s
  Time for BDD entailment checks:        0.054s
Total time for SMT solver (w/o itp):     0.141s

Number of path formula cache hits:   50985 (57%)

Inside post operator:                  
  Inside path formula creation:        
    Time for path formula computation:     5.786s

Total number of created targets for pointer analysis: 0


Number of BDD nodes:                               202
Size of BDD node table:                            270749
Size of BDD cache:                                 27073
Size of BDD node cleanup queue:                          63 (count: 11648, min: 0, max: 11, avg: 0.01)
Time for BDD node cleanup:                             0.008s
Time for BDD garbage collection:                       0.000s (in 0 runs)

PrecisionBootstrap statistics
-----------------------------
Init. function predicates:                         0
Init. global predicates:                           0
Init. location predicates:                         0

Invariant Generation statistics
-------------------------------

AutomatonAnalysis (SVCOMP) statistics
-------------------------------------
Number of states:                                  1
Total time for successor computation:                  0.594s
  Time for transition matches:                         0.221s
  Time for transition assertions:                      0.000s
  Time for transition actions:                         0.000s
Automaton transfers with branching:                0
Automaton transfer successors:                        80526 (count: 80526, min: 1, max: 1, avg: 1.00) [1 x 80526]

CPA algorithm statistics
------------------------
Number of iterations:            59170
Max size of waitlist:            846
Average size of waitlist:        429
Number of computed successors:   69721
Max successors for one state:    2
Number of times merged:          2424
Number of times stopped:         3334
Number of times breaked:         9

Total time for CPA algorithm:        17.083s (Max:     4.481s)
  Time for choose from waitlist:      0.150s
  Time for precision adjustment:      3.446s
  Time for transfer relation:        11.165s
  Time for merge operator:            0.585s
  Time for stop operator:             0.490s
  Time for adding to reached set:     0.311s

Predicate-Abstraction Refiner statistics
----------------------------------------
Number of predicate refinements:                   9
Avg. length of target path (in blocks):                 175 (count: 9, min: 15, max: 20, avg: 19.44)
Number of infeasible sliced prefixes:                     0 (count: 0, min: 0, max: 0, avg: 0.00)

Time for refinement:                                   1.162s
  Counterexample analysis:                             0.758s (Max:     0.102s, Calls: 9)
    Refinement sat check:                              0.637s
    Interpolant computation:                           0.000s
  Path-formulas extraction:                            0.006s
  Error path post-processing:                          0.000s
  Predicate creation:                                  0.013s
  Precision update:                                    0.006s
  ARG update:                                          0.362s

Length of refined path (in blocks):                     123 (count: 8, min: 11, max: 16, avg: 15.38)
Number of affected states:                               67 (count: 8, min: 4, max: 9, avg: 8.38)
Length (states) of path with itp 'true':                 48 (count: 8, min: 6, max: 6, avg: 6.00)
Length (states) of path with itp non-trivial itp:        67 (count: 8, min: 4, max: 9, avg: 8.38)
Length (states) of path with itp 'false':                 8 (count: 8, min: 1, max: 1, avg: 1.00)
Different non-trivial interpolants along paths:           0 (count: 8, min: 0, max: 0, avg: 0.00)
Equal non-trivial interpolants along paths:              59 (count: 8, min: 3, max: 8, avg: 7.38)
Number of refs with location-based cutoff:                0

CEGAR algorithm statistics
--------------------------
Number of refinements:                9
Number of successful refinements:     8
Number of failed refinements:         0
Max. size of reached set before ref.: 7855
Max. size of reached set after ref.:  16
Avg. size of reached set before ref.: 7389.78
Avg. size of reached set after ref.:  16.00

Total time for CEGAR algorithm:      18.454s
Time for refinements:                 1.370s
Average time for refinement:          0.152s
Max time for refinement:              0.201s

Code Coverage
-----------------------------
  Function coverage:      0.513
  Visited lines:          5493
  Total lines:            10979
  Line coverage:          0.500
  Visited conditions:     1168
  Total conditions:       2444
  Condition coverage:     0.478

CPAchecker general statistics
-----------------------------
Number of program locations:     14897
Number of CFA edges:             17071
Number of relevant variables:    2120
Number of functions:             616
Number of loops:                 28
Size of reached set:             7855
  Number of reached locations:   3327 (22%)
    Avg states per location:     2
    Max states per location:     127 (at node N13233)
  Number of reached functions:   316 (51%)
  Number of partitions:          7846
    Avg size of partitions:      1
    Max size of partitions:      2 (with key [N2494 (before line 12315), Function main called from node N2456, stack depth 1 [2b6a4da7], stack [main]])
  Number of target states:       1
  Size of final wait list        846

Time for analysis setup:         11.804s
  Time for loading CPAs:          1.160s
  Time for loading parser:        0.777s
  Time for CFA construction:      9.725s
    Time for parsing file(s):     1.709s
    Time for AST to CFA:          3.359s
    Time for CFA sanity check:    1.058s
    Time for post-processing:     3.437s
      Time for var class.:        1.136s
Time for Analysis:               18.454s
CPU time for analysis:           18.450s
Total time for CPAchecker:       30.261s
Total CPU time for CPAchecker:   30.220s
Time for statistics:              0.309s

Time for Garbage Collector:       1.422s (in 56 runs)
Garbage Collector(s) used:    Copy, MarkSweepCompact
Used heap memory:                121MB (   116 MiB) max;     77MB (    73 MiB) avg;    129MB (   123 MiB) peak
Used non-heap memory:             46MB (    44 MiB) max;     36MB (    35 MiB) avg;     47MB (    44 MiB) peak
Allocated heap memory:           127MB (   121 MiB) max;    127MB (   121 MiB) avg
Allocated non-heap memory:        48MB (    46 MiB) max;     39MB (    37 MiB) avg
Total process virtual memory:   8086MB (  7711 MiB) max;   8068MB (  7694 MiB) avg

Verification result: UNKNOWN, incomplete analysis.
More details about the verification run can be found in the directory "./output".
