scripts/cpa.sh -Dy-MySearchStrategy-PredAbs-ABElf -heap 5600000000 -timelimit 900 -preprocess -stats -noout -setprop cpa.predicate.memoryAllocationsAlwaysSucceed=true -spec ../sv-benchmarks/c/ReachSafety.prp ../sv-benchmarks/c/product-lines/minepump_spec2_product61_true-unreach-call_false-termination.cil.c


--------------------------------------------------------------------------------


Running CPAchecker with Java heap of size 5600000000.
Running CPAchecker with default stack size (1024k). Specify a larger value with -stack if needed.
Running CPAchecker with the following extra VM options:  -Djava.io.tmpdir=/tmp/BenchExec_run_rzw833ge/tmp
Using the following resource limits: CPU-time limit of 900s (ResourceLimitChecker.fromConfiguration, INFO)

CPAchecker (unknown version) (OpenJDK 64-Bit Server VM 1.8.0_162) started (CPAchecker.run, INFO)

line 183: Dead code detected: return (retValue_acc); (CFACreationUtils.addEdgeToCFA, INFO)

line 503: Dead code detected: return (retValue_acc); (CFACreationUtils.addEdgeToCFA, INFO)

line 549: Dead code detected: return (retValue_acc); (CFACreationUtils.addEdgeToCFA, INFO)

line 570: Dead code detected: return (retValue_acc); (CFACreationUtils.addEdgeToCFA, INFO)

line 593: Dead code detected: return (retValue_acc); (CFACreationUtils.addEdgeToCFA, INFO)

line 711: Dead code detected: return (retValue_acc); (CFACreationUtils.addEdgeToCFA, INFO)

line 743: Dead code detected: return (retValue_acc); (CFACreationUtils.addEdgeToCFA, INFO)

line 757: Dead code detected: return (retValue_acc); (CFACreationUtils.addEdgeToCFA, INFO)

line 766: Dead code detected: return (retValue_acc); (CFACreationUtils.addEdgeToCFA, INFO)

line 925: Dead code detected: return (retValue_acc); (CFACreationUtils.addEdgeToCFA, INFO)

line 934: Dead code detected: return (retValue_acc); (CFACreationUtils.addEdgeToCFA, INFO)

line 989: Dead code detected: return (retValue_acc); (CFACreationUtils.addEdgeToCFA, INFO)

line 1008: Dead code detected: return (retValue_acc); (CFACreationUtils.addEdgeToCFA, INFO)

line 340: Function pointer *__cil_tmp10 with type int (*)(int, int) is called, but no possible target functions were found. (CFunctionPointerResolver.replaceFunctionPointerCall, WARNING)

MathSAT5 is available for research and evaluation purposes only. It can not be used in a commercial environment, particularly as part of a commercial product, without written permission. MathSAT5 is provided as is, without any warranty. Please write to mathsat@fbk.eu for additional questions regarding licensing MathSAT5 or obtaining more up-to-date versions. (PredicateCPA:JavaSMT:Mathsat5SolverContext.<init>, WARNING)

Using predicate analysis with MathSAT5 version 5.3.14 (0b98b661254c) (Nov 17 2016 10:59:45, gmp 5.1.3, gcc 4.8.5, 64-bit) and JFactory 1.21. (PredicateCPA:PredicateCPA.<init>, INFO)

Using refinement for predicate analysis with PredicateAbstractionRefinementStrategy strategy. (PredicateCPA:PredicateCPARefiner.<init>, INFO)

Starting analysis ... (CPAchecker.runAlgorithm, INFO)

Stopping analysis ... (CPAchecker.runAlgorithm, INFO)

PredicateCPA statistics
-----------------------
Number of abstractions:            13178 (26% of all post computations)
  Times abstraction was reused:    0
  Because of function entry/exit:  13020 (99%)
  Because of loop head:            119 (1%)
  Because of join nodes:           0 (0%)
  Because of threshold:            0 (0%)
  Because of target state:         39 (0%)
  Times precision was empty:       738 (6%)
  Times precision was {false}:     140 (1%)
  Times result was cached:         9795 (74%)
  Times cartesian abs was used:    0 (0%)
  Times boolean abs was used:      2505 (19%)
  Times result was 'false':        1312 (10%)
Number of strengthen sat checks:   0
Number of coverage checks:         5646
  BDD entailment checks:           3450
Number of SMT sat checks:          0
  trivial:                         0
  cached:                          0

Max ABE block size:                       9
Number of predicates discovered:          11
Number of abstraction locations:          62
Max number of predicates per location:    6
Avg number of predicates per location:    4
Total predicates per abstraction:         50737
Max number of predicates per abstraction: 6
Avg number of predicates per abstraction: 19.18
Number of irrelevant predicates:          17838 (35%)
Number of preds handled by boolean abs:   7450 (15%)
  Total number of models for allsat:      2580
  Max number of models for allsat:        2
  Avg number of models for allsat:        1.03

Time for post operator:                  2.050s
  Time for path formula creation:        1.973s
Time for strengthen operator:            0.111s
Time for prec operator:                  9.674s
  Time for abstraction:                  9.265s (Max:     0.025s, Count: 13178)
    Boolean abstraction:                 2.410s
    Solving time:                        1.740s (Max:     0.015s)
    Model enumeration time:              0.200s
    Time for BDD construction:           0.218s (Max:     0.012s)
Time for merge operator:                 0.118s
Time for coverage check:                 0.043s
  Time for BDD entailment checks:        0.040s
Total time for SMT solver (w/o itp):     1.940s

Number of path formula cache hits:   26191 (46%)

Inside post operator:                  
  Inside path formula creation:        
    Time for path formula computation:     1.781s

Total number of created targets for pointer analysis: 0


Number of BDD nodes:                               737
Size of BDD node table:                            270749
Size of BDD cache:                                 27073
Size of BDD node cleanup queue:                        5827 (count: 20736, min: 0, max: 448, avg: 0.28)
Time for BDD node cleanup:                             0.040s
Time for BDD garbage collection:                       0.000s (in 0 runs)

PrecisionBootstrap statistics
-----------------------------
Init. function predicates:                         0
Init. global predicates:                           0
Init. location predicates:                         0

Invariant Generation statistics
-------------------------------

AutomatonAnalysis (SVCOMP) statistics
-------------------------------------
Number of states:                                  1
Total time for successor computation:                  0.424s
Automaton transfers with branching:                0
Automaton transfer successors:                        50186 (count: 50186, min: 1, max: 1, avg: 1.00) [1 x 50186]

CPA algorithm statistics
------------------------
Number of iterations:            39669
Max size of waitlist:            17
Average size of waitlist:        9
Number of computed successors:   43527
Max successors for one state:    2
Number of times merged:          1098
Number of times stopped:         2333
Number of times breaked:         39

Total time for CPA algorithm:        16.253s (Max:     2.366s)
  Time for choose from waitlist:      0.148s
  Time for precision adjustment:     10.516s
  Time for transfer relation:         4.079s
  Time for merge operator:            0.231s
  Time for stop operator:             0.289s
  Time for adding to reached set:     0.228s

Predicate-Abstraction Refiner statistics
----------------------------------------
Number of predicate refinements:                   39
Avg. length of target path (in blocks):                2491 (count: 39, min: 30, max: 111, avg: 63.87)
Number of infeasible sliced prefixes:                     0 (count: 0, min: 0, max: 0, avg: 0.00)

Time for refinement:                                   1.103s
  Counterexample analysis:                             0.682s (Max:     0.049s, Calls: 39)
    Refinement sat check:                              0.293s
    Interpolant computation:                           0.000s
  Path-formulas extraction:                            0.005s
  Error path post-processing:                          0.000s
  Predicate creation:                                  0.076s
  Precision update:                                    0.062s
  ARG update:                                          0.225s

Length of refined path (in blocks):                    1829 (count: 39, min: 16, max: 77, avg: 46.90)
Number of affected states:                             1179 (count: 39, min: 7, max: 75, avg: 30.23)
Length (states) of path with itp 'true':                611 (count: 39, min: 0, max: 55, avg: 15.67)
Length (states) of path with itp non-trivial itp:      1179 (count: 39, min: 7, max: 75, avg: 30.23)
Length (states) of path with itp 'false':                39 (count: 39, min: 1, max: 1, avg: 1.00)
Different non-trivial interpolants along paths:          12 (count: 39, min: 0, max: 2, avg: 0.31)
Equal non-trivial interpolants along paths:            1128 (count: 39, min: 6, max: 72, avg: 28.92)
Number of refs with location-based cutoff:                0

CEGAR algorithm statistics
--------------------------
Number of refinements:                39
Number of successful refinements:     39
Number of failed refinements:         0
Max. size of reached set before ref.: 5273
Max. size of reached set after ref.:  3170
Avg. size of reached set before ref.: 1414.21
Avg. size of reached set after ref.:  458.64

Total time for CEGAR algorithm:      17.642s
Time for refinements:                 1.370s
Average time for refinement:          0.035s
Max time for refinement:              0.084s

Code Coverage
-----------------------------
  Function coverage:      0.700
  Visited lines:          167
  Total lines:            459
  Line coverage:          0.364
  Visited conditions:     50
  Total conditions:       80
  Condition coverage:     0.625

CPAchecker general statistics
-----------------------------
Number of program locations:     664
Number of CFA edges:             719
Number of relevant variables:    121
Number of functions:             40
Number of loops:                 5
Size of reached set:             2616
  Number of reached locations:   225 (34%)
    Avg states per location:     11
    Max states per location:     60 (at node N5)
  Number of reached functions:   28 (70%)
  Number of partitions:          2513
    Avg size of partitions:      1
    Max size of partitions:      4 (with key [N431 (before lines 607-652), Function test called from node N73, stack depth 3 [601c953c], stack [main, runTest, test]])
  Number of target states:       0

Time for analysis setup:          3.311s
  Time for loading CPAs:          0.909s
  Time for loading parser:        0.766s
  Time for CFA construction:      1.434s
    Time for parsing file(s):     0.503s
    Time for AST to CFA:          0.325s
    Time for CFA sanity check:    0.118s
    Time for post-processing:     0.324s
      Time for var class.:        0.134s
Time for Analysis:               17.642s
CPU time for analysis:           17.630s
Time for analyzing result:        0.002s
Total time for CPAchecker:       20.958s
Total CPU time for CPAchecker:   20.940s
Time for statistics:              0.124s

Time for Garbage Collector:       0.394s (in 29 runs)
Garbage Collector(s) used:    Copy, MarkSweepCompact
Used heap memory:                 68MB (    65 MiB) max;     41MB (    39 MiB) avg;     73MB (    69 MiB) peak
Used non-heap memory:             36MB (    34 MiB) max;     32MB (    31 MiB) avg;     37MB (    35 MiB) peak
Allocated heap memory:           127MB (   121 MiB) max;    127MB (   121 MiB) avg
Allocated non-heap memory:        38MB (    36 MiB) max;     34MB (    33 MiB) avg
Total process virtual memory:   8132MB (  7756 MiB) max;   8117MB (  7741 MiB) avg

Verification result: TRUE. No property violation found by chosen configuration.
More details about the verification run can be found in the directory "./output".
