scripts/cpa.sh -Dy-MySearchStrategy-PredAbs-ABElf -heap 5600000000 -timelimit 900 -preprocess -stats -noout -setprop cpa.predicate.memoryAllocationsAlwaysSucceed=true -spec ../sv-benchmarks/c/ReachSafety.prp ../sv-benchmarks/c/product-lines/elevator_spec1_product19_true-unreach-call_true-termination.cil.c


--------------------------------------------------------------------------------


Running CPAchecker with Java heap of size 5600000000.
Running CPAchecker with default stack size (1024k). Specify a larger value with -stack if needed.
Running CPAchecker with the following extra VM options:  -Djava.io.tmpdir=/tmp/BenchExec_run_vkmj8js1/tmp
Using the following resource limits: CPU-time limit of 900s (ResourceLimitChecker.fromConfiguration, INFO)

CPAchecker (unknown version) (OpenJDK 64-Bit Server VM 1.8.0_151) started (CPAchecker.run, INFO)

line 94: Dead code detected: return (retValue_acc); (CFACreationUtils.addEdgeToCFA, INFO)

line 133: Dead code detected: return (retValue_acc); (CFACreationUtils.addEdgeToCFA, INFO)

line 172: Dead code detected: return (retValue_acc); (CFACreationUtils.addEdgeToCFA, INFO)

line 293: Dead code detected: return (retValue_acc); (CFACreationUtils.addEdgeToCFA, INFO)

line 534: Dead code detected: return (retValue_acc); (CFACreationUtils.addEdgeToCFA, INFO)

line 845: Dead code detected: return (retValue_acc); (CFACreationUtils.addEdgeToCFA, INFO)

line 1206: Dead code detected: return (retValue_acc); (CFACreationUtils.addEdgeToCFA, INFO)

line 1218: Dead code detected: return (retValue_acc); (CFACreationUtils.addEdgeToCFA, INFO)

line 1241: Dead code detected: return (retValue_acc); (CFACreationUtils.addEdgeToCFA, INFO)

line 1506: Dead code detected: return (retValue_acc); (CFACreationUtils.addEdgeToCFA, INFO)

line 1659: Dead code detected: return (retValue_acc); (CFACreationUtils.addEdgeToCFA, INFO)

line 1668: Dead code detected: return (retValue_acc); (CFACreationUtils.addEdgeToCFA, INFO)

line 1702: Dead code detected: return (retValue_acc); (CFACreationUtils.addEdgeToCFA, INFO)

line 1711: Dead code detected: return (retValue_acc); (CFACreationUtils.addEdgeToCFA, INFO)

line 1751: Dead code detected: return (retValue_acc); (CFACreationUtils.addEdgeToCFA, INFO)

line 1831: Dead code detected: return (retValue_acc); (CFACreationUtils.addEdgeToCFA, INFO)

line 1844: Dead code detected: return (retValue_acc); (CFACreationUtils.addEdgeToCFA, INFO)

line 2196: Dead code detected: return (retValue_acc); (CFACreationUtils.addEdgeToCFA, INFO)

line 2225: Dead code detected: return (retValue_acc); (CFACreationUtils.addEdgeToCFA, INFO)

line 2259: Dead code detected: return (retValue_acc); (CFACreationUtils.addEdgeToCFA, INFO)

line 2315: Dead code detected: return (retValue_acc); (CFACreationUtils.addEdgeToCFA, INFO)

line 2346: Dead code detected: return (retValue_acc); (CFACreationUtils.addEdgeToCFA, INFO)

line 2360: Dead code detected: return (retValue_acc); (CFACreationUtils.addEdgeToCFA, INFO)

line 2932: Dead code detected: return (retValue_acc); (CFACreationUtils.addEdgeToCFA, INFO)

line 2943: Dead code detected: return (retValue_acc); (CFACreationUtils.addEdgeToCFA, INFO)

line 2952: Dead code detected: return (retValue_acc); (CFACreationUtils.addEdgeToCFA, INFO)

line 3372: Dead code detected: return (retValue_acc); (CFACreationUtils.addEdgeToCFA, INFO)

line 3418: Dead code detected: return (retValue_acc); (CFACreationUtils.addEdgeToCFA, INFO)

line 3209: Function pointer *__cil_tmp10 with type int (*)(int, int) is called, but no possible target functions were found. (CFunctionPointerResolver.replaceFunctionPointerCall, WARNING)

MathSAT5 is available for research and evaluation purposes only. It can not be used in a commercial environment, particularly as part of a commercial product, without written permission. MathSAT5 is provided as is, without any warranty. Please write to mathsat@fbk.eu for additional questions regarding licensing MathSAT5 or obtaining more up-to-date versions. (PredicateCPA:JavaSMT:Mathsat5SolverContext.<init>, WARNING)

Using predicate analysis with MathSAT5 version 5.3.14 (0b98b661254c) (Nov 17 2016 10:59:45, gmp 5.1.3, gcc 4.8.5, 64-bit) and JFactory 1.21. (PredicateCPA:PredicateCPA.<init>, INFO)

Using refinement for predicate analysis with PredicateAbstractionRefinementStrategy strategy. (PredicateCPA:PredicateCPARefiner.<init>, INFO)

Starting analysis ... (CPAchecker.runAlgorithm, INFO)

Shutdown requested (The CPU-time limit of 900s has elapsed.), waiting for termination. (ForceTerminationOnShutdown$1.shutdownRequested, WARNING)

Warning: Analysis interrupted (The CPU-time limit of 900s has elapsed.) (ShutdownNotifier.shutdownIfNecessary, WARNING)

PredicateCPA statistics
-----------------------
Number of abstractions:            709871 (7% of all post computations)
  Times abstraction was reused:    0
  Because of function entry/exit:  706661 (100%)
  Because of loop head:            2833 (0%)
  Because of join nodes:           0 (0%)
  Because of threshold:            0 (0%)
  Because of target state:         377 (0%)
  Times precision was empty:       107245 (15%)
  Times precision was {false}:     3698 (1%)
  Times result was cached:         551413 (78%)
  Times cartesian abs was used:    0 (0%)
  Times boolean abs was used:      47515 (7%)
  Times result was 'false':        69755 (10%)
Number of strengthen sat checks:   0
Number of coverage checks:         4207211
  BDD entailment checks:           504379
Number of SMT sat checks:          0
  trivial:                         0
  cached:                          0

Max ABE block size:                       58
Number of predicates discovered:          122
Number of abstraction locations:          107
Max number of predicates per location:    47
Avg number of predicates per location:    22
Total predicates per abstraction:         10993446
Max number of predicates per abstraction: 47
Avg number of predicates per abstraction: 214.66
Number of irrelevant predicates:          4889236 (44%)
Number of preds handled by boolean abs:   626615 (6%)
  Total number of models for allsat:      793089
  Max number of models for allsat:        1744
  Avg number of models for allsat:        16.69

Time for post operator:                 49.377s
  Time for path formula creation:       44.271s
Time for strengthen operator:            7.689s
Time for prec operator:                583.989s
  Time for abstraction:                572.216s (Max:     1.564s, Count: 709871)
    Boolean abstraction:               175.742s
    Solving time:                       71.260s (Max:     0.081s)
    Model enumeration time:             61.223s
    Time for BDD construction:          33.988s (Max:     0.132s)
Time for merge operator:                10.860s
Time for coverage check:                 1.256s
  Time for BDD entailment checks:        0.860s
Total time for SMT solver (w/o itp):   132.484s

Number of path formula cache hits:   11363006 (92%)

Inside post operator:                  
  Inside path formula creation:        
    Time for path formula computation:    24.136s

Total number of created targets for pointer analysis: 0


Number of BDD nodes:                               116443
Size of BDD node table:                            270749
Size of BDD cache:                                 27073
Size of BDD node cleanup queue:                      482841 (count: 1083907, min: 0, max: 15830, avg: 0.45)
Time for BDD node cleanup:                             0.252s
Time for BDD garbage collection:                       0.428s (in 66 runs)

PrecisionBootstrap statistics
-----------------------------
Init. function predicates:                         0
Init. global predicates:                           0
Init. location predicates:                         0

Invariant Generation statistics
-------------------------------

AutomatonAnalysis (SVCOMP) statistics
-------------------------------------
Number of states:                                  1
Total time for successor computation:                 12.804s
  Time for transition matches:                         6.155s
  Time for transition assertions:                      0.003s
  Time for transition actions:                         0.002s
Automaton transfers with branching:                0
Automaton transfer successors:                     10150270 (count: 10150270, min: 1, max: 1, avg: 1.00) [1 x 10150270]

CPA algorithm statistics
------------------------
Number of iterations:            7439207
Max size of waitlist:            540
Average size of waitlist:        129
Number of computed successors:   9519252
Max successors for one state:    2
Number of times merged:          1851416
Number of times stopped:         1967685
Number of times breaked:         377

Total time for CPA algorithm:       841.235s (Max:    14.126s)
  Time for choose from waitlist:      2.758s
  Time for precision adjustment:    637.733s
  Time for transfer relation:       131.489s
  Time for merge operator:           29.527s
  Time for stop operator:            10.280s
  Time for adding to reached set:    11.045s

Predicate-Abstraction Refiner statistics
----------------------------------------
Number of predicate refinements:                   377
Avg. length of target path (in blocks):               47520 (count: 377, min: 63, max: 177, avg: 126.05)
Number of infeasible sliced prefixes:                     0 (count: 0, min: 0, max: 0, avg: 0.00)

Time for refinement:                                  45.346s
  Counterexample analysis:                            31.412s (Max:     0.481s, Calls: 377)
    Refinement sat check:                             15.139s
    Interpolant computation:                           0.000s
  Path-formulas extraction:                            0.018s
  Error path post-processing:                          0.000s
  Predicate creation:                                  0.355s
  Precision update:                                    0.520s
  ARG update:                                         12.563s

Length of refined path (in blocks):                   32476 (count: 377, min: 43, max: 176, avg: 86.14)
Number of affected states:                            21313 (count: 377, min: 1, max: 165, avg: 56.53)
Length (states) of path with itp 'true':              10786 (count: 377, min: 0, max: 92, avg: 28.61)
Length (states) of path with itp non-trivial itp:     21313 (count: 377, min: 1, max: 165, avg: 56.53)
Length (states) of path with itp 'false':               377 (count: 377, min: 1, max: 1, avg: 1.00)
Different non-trivial interpolants along paths:        1059 (count: 377, min: 0, max: 23, avg: 2.81)
Equal non-trivial interpolants along paths:           19877 (count: 377, min: 0, max: 152, avg: 52.72)
Number of refs with location-based cutoff:                0

CEGAR algorithm statistics
--------------------------
Number of refinements:                377
Number of successful refinements:     377
Number of failed refinements:         0
Max. size of reached set before ref.: 93096
Max. size of reached set after ref.:  80626
Avg. size of reached set before ref.: 28631.38
Avg. size of reached set after ref.:  8950.45

Total time for CEGAR algorithm:     896.130s
Time for refinements:                52.449s
Average time for refinement:          0.139s
Max time for refinement:              0.549s

Code Coverage
-----------------------------
  Function coverage:      0.547
  Visited lines:          902
  Total lines:            1720
  Line coverage:          0.524
  Visited conditions:     522
  Total conditions:       754
  Condition coverage:     0.692

CPAchecker general statistics
-----------------------------
Number of program locations:     2259
Number of CFA edges:             2752
Number of relevant variables:    298
Number of functions:             75
Number of loops:                 9
Size of reached set:             62102
  Number of reached locations:   992 (44%)
    Avg states per location:     62
    Max states per location:     540 (at node N1275)
  Number of reached functions:   41 (55%)
  Number of partitions:          61638
    Avg size of partitions:      1
    Max size of partitions:      46 (with key [N819 (before line 1016), Function cleanup called from node N4, stack depth 4 [591864f3], stack [main, runTest, test, cleanup]])
  Number of target states:       0
  Size of final wait list        369

Time for analysis setup:          4.125s
  Time for loading CPAs:          0.900s
  Time for loading parser:        0.720s
  Time for CFA construction:      2.228s
    Time for parsing file(s):     0.670s
    Time for AST to CFA:          0.632s
    Time for CFA sanity check:    0.240s
    Time for post-processing:     0.516s
      Time for var class.:        0.276s
Time for Analysis:              896.131s
CPU time for analysis:          896.000s
Total time for CPAchecker:      900.260s
Total CPU time for CPAchecker:  900.110s
Time for statistics:              0.880s

Time for Garbage Collector:      65.380s (in 1449 runs)
Garbage Collector(s) used:    Copy, MarkSweepCompact
Used heap memory:                913MB (   871 MiB) max;    406MB (   387 MiB) avg;    921MB (   879 MiB) peak
Used non-heap memory:             38MB (    36 MiB) max;     36MB (    34 MiB) avg;     39MB (    37 MiB) peak
Allocated heap memory:           983MB (   938 MiB) max;    586MB (   559 MiB) avg
Allocated non-heap memory:        40MB (    38 MiB) max;     40MB (    38 MiB) avg
Total process virtual memory:  10188MB (  9716 MiB) max;   8709MB (  8306 MiB) avg

Verification result: UNKNOWN, incomplete analysis.
More details about the verification run can be found in the directory "./output".
