scripts/cpa.sh -Dy-MySearchStrategy-PredAbs-ABElf -heap 5600000000 -timelimit 30 -preprocess -stats -noout -setprop cpa.predicate.memoryAllocationsAlwaysSucceed=true -spec ../sv-benchmarks/c/ReachSafety.prp ../sv-benchmarks/c/product-lines/elevator_spec1_product19_true-unreach-call_true-termination.cil.c


--------------------------------------------------------------------------------


Running CPAchecker with Java heap of size 5600000000.
Running CPAchecker with default stack size (1024k). Specify a larger value with -stack if needed.
Running CPAchecker with the following extra VM options:  -Djava.io.tmpdir=/tmp/BenchExec_run_6iqx6u4y/tmp
Using the following resource limits: CPU-time limit of 30s (ResourceLimitChecker.fromConfiguration, INFO)

CPAchecker (unknown version) (OpenJDK 64-Bit Server VM 1.8.0_151) started (CPAchecker.run, INFO)

line 94: Dead code detected: return (retValue_acc); (CFACreationUtils.addEdgeToCFA, INFO)

line 133: Dead code detected: return (retValue_acc); (CFACreationUtils.addEdgeToCFA, INFO)

line 172: Dead code detected: return (retValue_acc); (CFACreationUtils.addEdgeToCFA, INFO)

line 293: Dead code detected: return (retValue_acc); (CFACreationUtils.addEdgeToCFA, INFO)

line 534: Dead code detected: return (retValue_acc); (CFACreationUtils.addEdgeToCFA, INFO)

line 845: Dead code detected: return (retValue_acc); (CFACreationUtils.addEdgeToCFA, INFO)

line 1206: Dead code detected: return (retValue_acc); (CFACreationUtils.addEdgeToCFA, INFO)

line 1218: Dead code detected: return (retValue_acc); (CFACreationUtils.addEdgeToCFA, INFO)

line 1241: Dead code detected: return (retValue_acc); (CFACreationUtils.addEdgeToCFA, INFO)

line 1506: Dead code detected: return (retValue_acc); (CFACreationUtils.addEdgeToCFA, INFO)

line 1659: Dead code detected: return (retValue_acc); (CFACreationUtils.addEdgeToCFA, INFO)

line 1668: Dead code detected: return (retValue_acc); (CFACreationUtils.addEdgeToCFA, INFO)

line 1702: Dead code detected: return (retValue_acc); (CFACreationUtils.addEdgeToCFA, INFO)

line 1711: Dead code detected: return (retValue_acc); (CFACreationUtils.addEdgeToCFA, INFO)

line 1751: Dead code detected: return (retValue_acc); (CFACreationUtils.addEdgeToCFA, INFO)

line 1831: Dead code detected: return (retValue_acc); (CFACreationUtils.addEdgeToCFA, INFO)

line 1844: Dead code detected: return (retValue_acc); (CFACreationUtils.addEdgeToCFA, INFO)

line 2196: Dead code detected: return (retValue_acc); (CFACreationUtils.addEdgeToCFA, INFO)

line 2225: Dead code detected: return (retValue_acc); (CFACreationUtils.addEdgeToCFA, INFO)

line 2259: Dead code detected: return (retValue_acc); (CFACreationUtils.addEdgeToCFA, INFO)

line 2315: Dead code detected: return (retValue_acc); (CFACreationUtils.addEdgeToCFA, INFO)

line 2346: Dead code detected: return (retValue_acc); (CFACreationUtils.addEdgeToCFA, INFO)

line 2360: Dead code detected: return (retValue_acc); (CFACreationUtils.addEdgeToCFA, INFO)

line 2932: Dead code detected: return (retValue_acc); (CFACreationUtils.addEdgeToCFA, INFO)

line 2943: Dead code detected: return (retValue_acc); (CFACreationUtils.addEdgeToCFA, INFO)

line 2952: Dead code detected: return (retValue_acc); (CFACreationUtils.addEdgeToCFA, INFO)

line 3372: Dead code detected: return (retValue_acc); (CFACreationUtils.addEdgeToCFA, INFO)

line 3418: Dead code detected: return (retValue_acc); (CFACreationUtils.addEdgeToCFA, INFO)

line 3209: Function pointer *__cil_tmp10 with type int (*)(int, int) is called, but no possible target functions were found. (CFunctionPointerResolver.replaceFunctionPointerCall, WARNING)

MathSAT5 is available for research and evaluation purposes only. It can not be used in a commercial environment, particularly as part of a commercial product, without written permission. MathSAT5 is provided as is, without any warranty. Please write to mathsat@fbk.eu for additional questions regarding licensing MathSAT5 or obtaining more up-to-date versions. (PredicateCPA:JavaSMT:Mathsat5SolverContext.<init>, WARNING)

Using predicate analysis with MathSAT5 version 5.3.14 (0b98b661254c) (Nov 17 2016 10:59:45, gmp 5.1.3, gcc 4.8.5, 64-bit) and JFactory 1.21. (PredicateCPA:PredicateCPA.<init>, INFO)

Using refinement for predicate analysis with PredicateAbstractionRefinementStrategy strategy. (PredicateCPA:PredicateCPARefiner.<init>, INFO)

Starting analysis ... (CPAchecker.runAlgorithm, INFO)

Shutdown requested (The CPU-time limit of 30s has elapsed.), waiting for termination. (ForceTerminationOnShutdown$1.shutdownRequested, WARNING)

Warning: Analysis interrupted (The CPU-time limit of 30s has elapsed.) (ShutdownNotifier.shutdownIfNecessary, WARNING)

PredicateCPA statistics
-----------------------
Number of abstractions:            17989 (10% of all post computations)
  Times abstraction was reused:    0
  Because of function entry/exit:  17849 (99%)
  Because of loop head:            97 (1%)
  Because of join nodes:           0 (0%)
  Because of threshold:            0 (0%)
  Because of target state:         43 (0%)
  Times precision was empty:       9031 (50%)
  Times precision was {false}:     171 (1%)
  Times result was cached:         6952 (39%)
  Times cartesian abs was used:    0 (0%)
  Times boolean abs was used:      1835 (10%)
  Times result was 'false':        348 (2%)
Number of strengthen sat checks:   0
Number of coverage checks:         55329
  BDD entailment checks:           3885
Number of SMT sat checks:          0
  trivial:                         0
  cached:                          0

Max ABE block size:                       58
Number of predicates discovered:          46
Number of abstraction locations:          83
Max number of predicates per location:    20
Avg number of predicates per location:    8
Total predicates per abstraction:         78041
Max number of predicates per abstraction: 20
Avg number of predicates per abstraction: 38.90
Number of irrelevant predicates:          42032 (54%)
Number of preds handled by boolean abs:   8048 (10%)
  Total number of models for allsat:      5721
  Max number of models for allsat:        32
  Avg number of models for allsat:        3.12

Time for post operator:                  3.282s
  Time for path formula creation:        3.016s
Time for strengthen operator:            0.223s
Time for prec operator:                 10.108s
  Time for abstraction:                  9.559s (Max:     0.027s, Count: 17989)
    Boolean abstraction:                 2.968s
    Solving time:                        1.993s (Max:     0.051s)
    Model enumeration time:              0.459s
    Time for BDD construction:           0.268s (Max:     0.010s)
Time for merge operator:                 0.452s
Time for coverage check:                 0.065s
  Time for BDD entailment checks:        0.048s
Total time for SMT solver (w/o itp):     2.453s

Number of path formula cache hits:   187944 (86%)

Inside post operator:                  
  Inside path formula creation:        
    Time for path formula computation:     2.435s

Total number of created targets for pointer analysis: 0


Number of BDD nodes:                               12641
Size of BDD node table:                            270749
Size of BDD cache:                                 27073
Size of BDD node cleanup queue:                        9109 (count: 27001, min: 0, max: 1184, avg: 0.34)
Time for BDD node cleanup:                             0.011s
Time for BDD garbage collection:                       0.000s (in 0 runs)

PrecisionBootstrap statistics
-----------------------------
Init. function predicates:                         0
Init. global predicates:                           0
Init. location predicates:                         0

Invariant Generation statistics
-------------------------------

AutomatonAnalysis (SVCOMP) statistics
-------------------------------------
Number of states:                                  1
Total time for successor computation:                  0.614s
  Time for transition matches:                         0.268s
  Time for transition assertions:                      0.000s
  Time for transition actions:                         0.000s
Automaton transfers with branching:                0
Automaton transfer successors:                       181360 (count: 181360, min: 1, max: 1, avg: 1.00) [1 x 181360]

CPA algorithm statistics
------------------------
Number of iterations:            128694
Max size of waitlist:            76
Average size of waitlist:        30
Number of computed successors:   159136
Max successors for one state:    2
Number of times merged:          25722
Number of times stopped:         28284
Number of times breaked:         43

Total time for CPA algorithm:        21.677s (Max:     1.713s)
  Time for choose from waitlist:      0.195s
  Time for precision adjustment:     11.665s
  Time for transfer relation:         6.664s
  Time for merge operator:            1.177s
  Time for stop operator:             0.416s
  Time for adding to reached set:     0.494s

Predicate-Abstraction Refiner statistics
----------------------------------------
Number of predicate refinements:                   43
Avg. length of target path (in blocks):                4611 (count: 43, min: 63, max: 151, avg: 107.23)
Number of infeasible sliced prefixes:                     0 (count: 0, min: 0, max: 0, avg: 0.00)

Time for refinement:                                   4.334s
  Counterexample analysis:                             3.514s (Max:     0.158s, Calls: 43)
    Refinement sat check:                              1.683s
    Interpolant computation:                           0.000s
  Path-formulas extraction:                            0.002s
  Error path post-processing:                          0.000s
  Predicate creation:                                  0.111s
  Precision update:                                    0.104s
  ARG update:                                          0.474s

Length of refined path (in blocks):                    4243 (count: 43, min: 42, max: 147, avg: 98.67)
Number of affected states:                             3660 (count: 43, min: 1, max: 146, avg: 85.12)
Length (states) of path with itp 'true':                540 (count: 43, min: 0, max: 102, avg: 12.56)
Length (states) of path with itp non-trivial itp:      3660 (count: 43, min: 1, max: 146, avg: 85.12)
Length (states) of path with itp 'false':                43 (count: 43, min: 1, max: 1, avg: 1.00)
Different non-trivial interpolants along paths:         133 (count: 43, min: 0, max: 9, avg: 3.09)
Equal non-trivial interpolants along paths:            3484 (count: 43, min: 0, max: 142, avg: 81.02)
Number of refs with location-based cutoff:                0

CEGAR algorithm statistics
--------------------------
Number of refinements:                43
Number of successful refinements:     43
Number of failed refinements:         0
Max. size of reached set before ref.: 6540
Max. size of reached set after ref.:  3304
Avg. size of reached set before ref.: 3215.02
Avg. size of reached set after ref.:  330.14

Total time for CEGAR algorithm:      26.394s
Time for refinements:                 4.700s
Average time for refinement:          0.109s
Max time for refinement:              0.179s

Code Coverage
-----------------------------
  Function coverage:      0.507
  Visited lines:          538
  Total lines:            1720
  Line coverage:          0.313
  Visited conditions:     256
  Total conditions:       754
  Condition coverage:     0.340

CPAchecker general statistics
-----------------------------
Number of program locations:     2259
Number of CFA edges:             2752
Number of relevant variables:    298
Number of functions:             75
Number of loops:                 9
Size of reached set:             6454
  Number of reached locations:   571 (25%)
    Avg states per location:     11
    Max states per location:     112 (at node N81)
  Number of reached functions:   38 (51%)
  Number of partitions:          6423
    Avg size of partitions:      1
    Max size of partitions:      5 (with key [N1967 (before line 2479), Function timeShift called from node N822, stack depth 5 [3eece965], stack [main, runTest, test, cleanup, timeShift]])
  Number of target states:       0
  Size of final wait list        71

Time for analysis setup:          3.883s
  Time for loading CPAs:          0.861s
  Time for loading parser:        0.657s
  Time for CFA construction:      2.171s
    Time for parsing file(s):     0.610s
    Time for AST to CFA:          0.671s
    Time for CFA sanity check:    0.245s
    Time for post-processing:     0.498s
      Time for var class.:        0.270s
Time for Analysis:               26.394s
CPU time for analysis:           26.390s
Total time for CPAchecker:       30.282s
Total CPU time for CPAchecker:   30.270s
Time for statistics:              0.220s

Time for Garbage Collector:       0.690s (in 64 runs)
Garbage Collector(s) used:    Copy, MarkSweepCompact
Used heap memory:                 72MB (    69 MiB) max;     46MB (    44 MiB) avg;     80MB (    77 MiB) peak
Used non-heap memory:             37MB (    35 MiB) max;     33MB (    32 MiB) avg;     37MB (    36 MiB) peak
Allocated heap memory:           127MB (   121 MiB) max;    127MB (   121 MiB) avg
Allocated non-heap memory:        39MB (    37 MiB) max;     36MB (    34 MiB) avg
Total process virtual memory:   8088MB (  7713 MiB) max;   8075MB (  7701 MiB) avg

Verification result: UNKNOWN, incomplete analysis.
More details about the verification run can be found in the directory "./output".
