scripts/cpa.sh -Dy-MySearchStrategy-PredAbs-ABElf -heap 5600000000 -timelimit 30 -preprocess -stats -noout -setprop cpa.predicate.memoryAllocationsAlwaysSucceed=true -spec ../sv-benchmarks/c/ReachSafety.prp ../sv-benchmarks/c/product-lines/elevator_spec1_product19_true-unreach-call_true-termination.cil.c


--------------------------------------------------------------------------------


Running CPAchecker with Java heap of size 5600000000.
Running CPAchecker with default stack size (1024k). Specify a larger value with -stack if needed.
Running CPAchecker with the following extra VM options:  -Djava.io.tmpdir=/tmp/BenchExec_run_he5p14k9/tmp
Using the following resource limits: CPU-time limit of 30s (ResourceLimitChecker.fromConfiguration, INFO)

CPAchecker (unknown version) (OpenJDK 64-Bit Server VM 1.8.0_151) started (CPAchecker.run, INFO)

line 94: Dead code detected: return (retValue_acc); (CFACreationUtils.addEdgeToCFA, INFO)

line 133: Dead code detected: return (retValue_acc); (CFACreationUtils.addEdgeToCFA, INFO)

line 172: Dead code detected: return (retValue_acc); (CFACreationUtils.addEdgeToCFA, INFO)

line 293: Dead code detected: return (retValue_acc); (CFACreationUtils.addEdgeToCFA, INFO)

line 534: Dead code detected: return (retValue_acc); (CFACreationUtils.addEdgeToCFA, INFO)

line 845: Dead code detected: return (retValue_acc); (CFACreationUtils.addEdgeToCFA, INFO)

line 1206: Dead code detected: return (retValue_acc); (CFACreationUtils.addEdgeToCFA, INFO)

line 1218: Dead code detected: return (retValue_acc); (CFACreationUtils.addEdgeToCFA, INFO)

line 1241: Dead code detected: return (retValue_acc); (CFACreationUtils.addEdgeToCFA, INFO)

line 1506: Dead code detected: return (retValue_acc); (CFACreationUtils.addEdgeToCFA, INFO)

line 1659: Dead code detected: return (retValue_acc); (CFACreationUtils.addEdgeToCFA, INFO)

line 1668: Dead code detected: return (retValue_acc); (CFACreationUtils.addEdgeToCFA, INFO)

line 1702: Dead code detected: return (retValue_acc); (CFACreationUtils.addEdgeToCFA, INFO)

line 1711: Dead code detected: return (retValue_acc); (CFACreationUtils.addEdgeToCFA, INFO)

line 1751: Dead code detected: return (retValue_acc); (CFACreationUtils.addEdgeToCFA, INFO)

line 1831: Dead code detected: return (retValue_acc); (CFACreationUtils.addEdgeToCFA, INFO)

line 1844: Dead code detected: return (retValue_acc); (CFACreationUtils.addEdgeToCFA, INFO)

line 2196: Dead code detected: return (retValue_acc); (CFACreationUtils.addEdgeToCFA, INFO)

line 2225: Dead code detected: return (retValue_acc); (CFACreationUtils.addEdgeToCFA, INFO)

line 2259: Dead code detected: return (retValue_acc); (CFACreationUtils.addEdgeToCFA, INFO)

line 2315: Dead code detected: return (retValue_acc); (CFACreationUtils.addEdgeToCFA, INFO)

line 2346: Dead code detected: return (retValue_acc); (CFACreationUtils.addEdgeToCFA, INFO)

line 2360: Dead code detected: return (retValue_acc); (CFACreationUtils.addEdgeToCFA, INFO)

line 2932: Dead code detected: return (retValue_acc); (CFACreationUtils.addEdgeToCFA, INFO)

line 2943: Dead code detected: return (retValue_acc); (CFACreationUtils.addEdgeToCFA, INFO)

line 2952: Dead code detected: return (retValue_acc); (CFACreationUtils.addEdgeToCFA, INFO)

line 3372: Dead code detected: return (retValue_acc); (CFACreationUtils.addEdgeToCFA, INFO)

line 3418: Dead code detected: return (retValue_acc); (CFACreationUtils.addEdgeToCFA, INFO)

line 3209: Function pointer *__cil_tmp10 with type int (*)(int, int) is called, but no possible target functions were found. (CFunctionPointerResolver.replaceFunctionPointerCall, WARNING)

MathSAT5 is available for research and evaluation purposes only. It can not be used in a commercial environment, particularly as part of a commercial product, without written permission. MathSAT5 is provided as is, without any warranty. Please write to mathsat@fbk.eu for additional questions regarding licensing MathSAT5 or obtaining more up-to-date versions. (PredicateCPA:JavaSMT:Mathsat5SolverContext.<init>, WARNING)

Using predicate analysis with MathSAT5 version 5.3.14 (0b98b661254c) (Nov 17 2016 10:59:45, gmp 5.1.3, gcc 4.8.5, 64-bit) and JFactory 1.21. (PredicateCPA:PredicateCPA.<init>, INFO)

Using refinement for predicate analysis with PredicateAbstractionRefinementStrategy strategy. (PredicateCPA:PredicateCPARefiner.<init>, INFO)

Starting analysis ... (CPAchecker.runAlgorithm, INFO)

Shutdown requested (The CPU-time limit of 30s has elapsed.), waiting for termination. (ForceTerminationOnShutdown$1.shutdownRequested, WARNING)

Warning: Analysis interrupted (The CPU-time limit of 30s has elapsed.) (ShutdownNotifier.shutdownIfNecessary, WARNING)

PredicateCPA statistics
-----------------------
Number of abstractions:            9197 (4% of all post computations)
  Times abstraction was reused:    0
  Because of function entry/exit:  9190 (100%)
  Because of loop head:            5 (0%)
  Because of join nodes:           0 (0%)
  Because of threshold:            0 (0%)
  Because of target state:         2 (0%)
  Times precision was empty:       8715 (95%)
  Times precision was {false}:     195 (2%)
  Times result was cached:         248 (3%)
  Times cartesian abs was used:    0 (0%)
  Times boolean abs was used:      39 (0%)
  Times result was 'false':        71 (1%)
Number of strengthen sat checks:   0
Number of coverage checks:         105655
  BDD entailment checks:           1203
Number of SMT sat checks:          0
  trivial:                         0
  cached:                          0

Max ABE block size:                       58
Number of predicates discovered:          3
Number of abstraction locations:          50
Max number of predicates per location:    1
Avg number of predicates per location:    1
Total predicates per abstraction:         482
Max number of predicates per abstraction: 1
Avg number of predicates per abstraction: 2.06
Number of irrelevant predicates:          372 (77%)
Number of preds handled by boolean abs:   39 (8%)
  Total number of models for allsat:      41
  Max number of models for allsat:        2
  Avg number of models for allsat:        1.05

Time for post operator:                  8.499s
  Time for path formula creation:        8.216s
Time for strengthen operator:            0.395s
Time for prec operator:                  1.663s
  Time for abstraction:                  0.976s (Max:     0.023s, Count: 9197)
    Boolean abstraction:                 0.072s
    Solving time:                        0.215s (Max:     0.010s)
    Model enumeration time:              0.003s
    Time for BDD construction:           0.007s (Max:     0.005s)
Time for merge operator:                 1.912s
Time for coverage check:                 0.065s
  Time for BDD entailment checks:        0.036s
Total time for SMT solver (w/o itp):     0.218s

Number of path formula cache hits:   169539 (62%)

Inside post operator:                  
  Inside path formula creation:        
    Time for path formula computation:     6.435s

Total number of created targets for pointer analysis: 0


Number of BDD nodes:                               202
Size of BDD node table:                            270749
Size of BDD cache:                                 27073
Size of BDD node cleanup queue:                          84 (count: 11174, min: 0, max: 67, avg: 0.01)
Time for BDD node cleanup:                             0.008s
Time for BDD garbage collection:                       0.000s (in 0 runs)

PrecisionBootstrap statistics
-----------------------------
Init. function predicates:                         0
Init. global predicates:                           0
Init. location predicates:                         0

Invariant Generation statistics
-------------------------------

AutomatonAnalysis (SVCOMP) statistics
-------------------------------------
Number of states:                                  1
Total time for successor computation:                  0.694s
  Time for transition matches:                         0.258s
  Time for transition assertions:                      0.000s
  Time for transition actions:                         0.000s
Automaton transfers with branching:                0
Automaton transfer successors:                       240509 (count: 240509, min: 1, max: 1, avg: 1.00) [1 x 240509]

CPA algorithm statistics
------------------------
Number of iterations:            182238
Max size of waitlist:            27
Average size of waitlist:        16
Number of computed successors:   235718
Max successors for one state:    2
Number of times merged:          52226
Number of times stopped:         53384
Number of times breaked:         2

Total time for CPA algorithm:        23.998s (Max:    16.693s)
  Time for choose from waitlist:      0.206s
  Time for precision adjustment:      4.397s
  Time for transfer relation:        12.815s
  Time for merge operator:            3.356s
  Time for stop operator:             0.723s
  Time for adding to reached set:     0.745s

Predicate-Abstraction Refiner statistics
----------------------------------------
Number of predicate refinements:                   2
Avg. length of target path (in blocks):                 128 (count: 2, min: 63, max: 65, avg: 64.00)
Number of infeasible sliced prefixes:                     0 (count: 0, min: 0, max: 0, avg: 0.00)

Time for refinement:                                   1.041s
  Counterexample analysis:                             0.111s (Max:     0.060s, Calls: 2)
    Refinement sat check:                              0.069s
    Interpolant computation:                           0.000s
  Path-formulas extraction:                            0.001s
  Error path post-processing:                          0.000s
  Predicate creation:                                  0.028s
  Precision update:                                    0.006s
  ARG update:                                          0.888s

Length of refined path (in blocks):                     120 (count: 2, min: 59, max: 61, avg: 60.00)
Number of affected states:                              118 (count: 2, min: 58, max: 60, avg: 59.00)
Length (states) of path with itp 'true':                  0 (count: 2, min: 0, max: 0, avg: 0.00)
Length (states) of path with itp non-trivial itp:       118 (count: 2, min: 58, max: 60, avg: 59.00)
Length (states) of path with itp 'false':                 2 (count: 2, min: 1, max: 1, avg: 1.00)
Different non-trivial interpolants along paths:           2 (count: 2, min: 1, max: 1, avg: 1.00)
Equal non-trivial interpolants along paths:             114 (count: 2, min: 56, max: 58, avg: 57.00)
Number of refs with location-based cutoff:                0

CEGAR algorithm statistics
--------------------------
Number of refinements:                2
Number of successful refinements:     2
Number of failed refinements:         0
Max. size of reached set before ref.: 81204
Max. size of reached set after ref.:  3
Avg. size of reached set before ref.: 79587.00
Avg. size of reached set after ref.:  3.00

Total time for CEGAR algorithm:      25.718s
Time for refinements:                 1.720s
Average time for refinement:          0.860s
Max time for refinement:              0.916s

Code Coverage
-----------------------------
  Function coverage:      0.480
  Visited lines:          855
  Total lines:            1720
  Line coverage:          0.497
  Visited conditions:     508
  Total conditions:       754
  Condition coverage:     0.674

CPAchecker general statistics
-----------------------------
Number of program locations:     2259
Number of CFA edges:             2752
Number of relevant variables:    298
Number of functions:             75
Number of loops:                 9
Size of reached set:             23095
  Number of reached locations:   956 (42%)
    Avg states per location:     24
    Max states per location:     82 (at node N240)
  Number of reached functions:   36 (48%)
  Number of partitions:          23093
    Avg size of partitions:      1
    Max size of partitions:      2 (with key [N1967 (before line 2479), Function timeShift called from node N802, stack depth 5 [6e9eb3d9], stack [main, runTest, test, cleanup, timeShift]])
  Number of target states:       0
  Size of final wait list        16

Time for analysis setup:          4.053s
  Time for loading CPAs:          0.833s
  Time for loading parser:        0.624s
  Time for CFA construction:      2.422s
    Time for parsing file(s):     0.702s
    Time for AST to CFA:          0.750s
    Time for CFA sanity check:    0.240s
    Time for post-processing:     0.557s
      Time for var class.:        0.317s
Time for Analysis:               25.718s
CPU time for analysis:           25.720s
Total time for CPAchecker:       29.775s
Total CPU time for CPAchecker:   29.770s
Time for statistics:              0.442s

Time for Garbage Collector:       2.284s (in 57 runs)
Garbage Collector(s) used:    Copy, MarkSweepCompact
Used heap memory:                200MB (   190 MiB) max;     85MB (    81 MiB) avg;    229MB (   218 MiB) peak
Used non-heap memory:             36MB (    34 MiB) max;     32MB (    31 MiB) avg;     37MB (    35 MiB) peak
Allocated heap memory:           263MB (   251 MiB) max;    158MB (   150 MiB) avg
Allocated non-heap memory:        38MB (    36 MiB) max;     34MB (    33 MiB) avg
Total process virtual memory:   8087MB (  7712 MiB) max;   8074MB (  7700 MiB) avg

Verification result: UNKNOWN, incomplete analysis.
More details about the verification run can be found in the directory "./output".
