scripts/cpa.sh -Dy-MySearchStrategy-PredAbs-ABElf -heap 5600000000 -timelimit 900 -preprocess -stats -noout -setprop cpa.predicate.memoryAllocationsAlwaysSucceed=true -spec ../sv-benchmarks/c/ReachSafety.prp ../sv-benchmarks/c/array-examples/sanfoundry_10_true-unreach-call_ground.i


--------------------------------------------------------------------------------


Running CPAchecker with Java heap of size 5600000000.
Running CPAchecker with default stack size (1024k). Specify a larger value with -stack if needed.
Running CPAchecker with the following extra VM options:  -Djava.io.tmpdir=/tmp/BenchExec_run_efkcrsvs/tmp
Using the following resource limits: CPU-time limit of 900s (ResourceLimitChecker.fromConfiguration, INFO)

CPAchecker (unknown version) (OpenJDK 64-Bit Server VM 1.8.0_151) started (CPAchecker.run, INFO)

MathSAT5 is available for research and evaluation purposes only. It can not be used in a commercial environment, particularly as part of a commercial product, without written permission. MathSAT5 is provided as is, without any warranty. Please write to mathsat@fbk.eu for additional questions regarding licensing MathSAT5 or obtaining more up-to-date versions. (PredicateCPA:JavaSMT:Mathsat5SolverContext.<init>, WARNING)

Using predicate analysis with MathSAT5 version 5.3.14 (0b98b661254c) (Nov 17 2016 10:59:45, gmp 5.1.3, gcc 4.8.5, 64-bit) and JFactory 1.21. (PredicateCPA:PredicateCPA.<init>, INFO)

Using refinement for predicate analysis with PredicateAbstractionRefinementStrategy strategy. (PredicateCPA:PredicateCPARefiner.<init>, INFO)

Starting analysis ... (CPAchecker.runAlgorithm, INFO)

Shutdown requested (The CPU-time limit of 900s has elapsed.), waiting for termination. (ForceTerminationOnShutdown$1.shutdownRequested, WARNING)

Warning: Analysis interrupted (The CPU-time limit of 900s has elapsed.) (ShutdownNotifier.shutdownIfNecessary, WARNING)

PredicateCPA statistics
-----------------------
Number of abstractions:            14504 (16% of all post computations)
  Times abstraction was reused:    0
  Because of function entry/exit:  299 (2%)
  Because of loop head:            14004 (97%)
  Because of join nodes:           0 (0%)
  Because of threshold:            0 (0%)
  Because of target state:         201 (1%)
  Times precision was empty:       114 (1%)
  Times precision was {false}:     16 (0%)
  Times result was cached:         5826 (40%)
  Times cartesian abs was used:    0 (0%)
  Times boolean abs was used:      8548 (59%)
  Times result was 'false':        5549 (38%)
Number of strengthen sat checks:   0
Number of coverage checks:         156673
  BDD entailment checks:           145861
Number of SMT sat checks:          0
  trivial:                         0
  cached:                          0

Max ABE block size:                       8
Number of predicates discovered:          108
Number of abstraction locations:          5
Max number of predicates per location:    104
Avg number of predicates per location:    32
Total predicates per abstraction:         403422
Max number of predicates per abstraction: 104
Avg number of predicates per abstraction: 47.11
Number of irrelevant predicates:          11489 (3%)
Number of preds handled by boolean abs:   247450 (61%)
  Total number of models for allsat:      2115550
  Max number of models for allsat:        5102
  Avg number of models for allsat:        247.49

Time for post operator:                  0.728s
  Time for path formula creation:        0.693s
Time for strengthen operator:            0.090s
Time for prec operator:                887.703s
  Time for abstraction:                887.418s (Max:     4.061s, Count: 14504)
    Boolean abstraction:               852.352s
    Solving time:                       41.127s (Max:     0.029s)
    Model enumeration time:            301.498s
    Time for BDD construction:         504.926s (Max:     2.295s)
Time for merge operator:                 0.081s
Time for coverage check:                 1.661s
  Time for BDD entailment checks:        1.628s
Total time for SMT solver (w/o itp):   342.626s

Number of path formula cache hits:   102346 (96%)

Inside post operator:                  
  Inside path formula creation:        
    Time for path formula computation:     0.569s

Total number of created targets for pointer analysis: 3000
   Number of created targets for uf: *signed_int is 3001


Number of BDD nodes:                               167145
Size of BDD node table:                            270749
Size of BDD cache:                                 27073
Size of BDD node cleanup queue:                      766654 (count: 502501, min: 0, max: 1691, avg: 1.53)
Time for BDD node cleanup:                             0.220s
Time for BDD garbage collection:                      71.006s (in 13459 runs)

PrecisionBootstrap statistics
-----------------------------
Init. function predicates:                         0
Init. global predicates:                           0
Init. location predicates:                         0

Invariant Generation statistics
-------------------------------

AutomatonAnalysis (SVCOMP) statistics
-------------------------------------
Number of states:                                  1
Total time for successor computation:                  0.188s
Automaton transfers with branching:                0
Automaton transfer successors:                        93436 (count: 93436, min: 1, max: 1, avg: 1.00) [1 x 93436]

CPA algorithm statistics
------------------------
Number of iterations:            68467
Max size of waitlist:            5
Average size of waitlist:        2
Number of computed successors:   82326
Max successors for one state:    2
Number of times merged:          5406
Number of times stopped:         8207
Number of times breaked:         103

Total time for CPA algorithm:       892.710s (Max:    78.672s)
  Time for choose from waitlist:      0.066s
  Time for precision adjustment:    888.196s
  Time for transfer relation:         1.816s
  Time for merge operator:            0.307s
  Time for stop operator:             1.838s
  Time for adding to reached set:     0.114s

Predicate-Abstraction Refiner statistics
----------------------------------------
Number of predicate refinements:                   103
Avg. length of target path (in blocks):                3165 (count: 103, min: 4, max: 56, avg: 30.73)
Number of infeasible sliced prefixes:                     0 (count: 0, min: 0, max: 0, avg: 0.00)

Time for refinement:                                   5.713s
  Counterexample analysis:                             5.415s (Max:     0.157s, Calls: 103)
    Refinement sat check:                              2.460s
    Interpolant computation:                           0.000s
  Path-formulas extraction:                            0.008s
  Error path post-processing:                          0.000s
  Predicate creation:                                  0.065s
  Precision update:                                    0.036s
  ARG update:                                          0.125s

Length of refined path (in blocks):                    2960 (count: 103, min: 2, max: 54, avg: 28.74)
Number of affected states:                             2856 (count: 103, min: 0, max: 53, avg: 27.73)
Length (states) of path with itp 'true':                  1 (count: 103, min: 0, max: 1, avg: 0.01)
Length (states) of path with itp non-trivial itp:      2856 (count: 103, min: 0, max: 53, avg: 27.73)
Length (states) of path with itp 'false':               102 (count: 103, min: 0, max: 1, avg: 0.99)
Different non-trivial interpolants along paths:        2753 (count: 103, min: 0, max: 52, avg: 26.73)
Equal non-trivial interpolants along paths:               1 (count: 103, min: 0, max: 1, avg: 0.01)
Number of refs with location-based cutoff:                0

CEGAR algorithm statistics
--------------------------
Number of refinements:                103
Number of successful refinements:     103
Number of failed refinements:         0
Max. size of reached set before ref.: 1269
Max. size of reached set after ref.:  27
Avg. size of reached set before ref.: 657.91
Avg. size of reached set after ref.:  3.23

Total time for CEGAR algorithm:     898.522s
Time for refinements:                 5.810s
Average time for refinement:          0.056s
Max time for refinement:              0.161s

Code Coverage
-----------------------------
  Function coverage:      0.500
  Visited lines:          17
  Total lines:            19
  Line coverage:          0.895
  Visited conditions:     12
  Total conditions:       16
  Condition coverage:     0.750

CPAchecker general statistics
-----------------------------
Number of program locations:     49
Number of CFA edges:             56
Number of relevant variables:    9
Number of functions:             2
Number of loops:                 3
Size of reached set:             1138
  Number of reached locations:   22 (45%)
    Avg states per location:     51
    Max states per location:     94 (at node N7)
  Number of reached functions:   1 (50%)
  Number of partitions:          1045
    Avg size of partitions:      1
    Max size of partitions:      48 (with key [N18 (before line 12), Function main called from node N8, stack depth 1 [3527942a], stack [main]])
  Number of target states:       0
  Size of final wait list        2

Time for analysis setup:          1.785s
  Time for loading CPAs:          0.540s
  Time for loading parser:        0.555s
  Time for CFA construction:      0.608s
    Time for parsing file(s):     0.265s
    Time for AST to CFA:          0.104s
    Time for CFA sanity check:    0.025s
    Time for post-processing:     0.100s
      Time for var class.:        0.036s
Time for Analysis:              898.522s
CPU time for analysis:          898.340s
Total time for CPAchecker:      900.310s
Total CPU time for CPAchecker:  900.130s
Time for statistics:              0.076s

Time for Garbage Collector:       6.730s (in 2257 runs)
Garbage Collector(s) used:    Copy, MarkSweepCompact
Used heap memory:                106MB (   101 MiB) max;     71MB (    68 MiB) avg;    110MB (   105 MiB) peak
Used non-heap memory:             35MB (    33 MiB) max;     33MB (    32 MiB) avg;     36MB (    34 MiB) peak
Allocated heap memory:           127MB (   121 MiB) max;    127MB (   121 MiB) avg
Allocated non-heap memory:        37MB (    36 MiB) max;     37MB (    36 MiB) avg
Total process virtual memory:   9298MB (  8867 MiB) max;   8723MB (  8318 MiB) avg

Verification result: UNKNOWN, incomplete analysis.
More details about the verification run can be found in the directory "./output".
