scripts/cpa.sh -Dy-MySearchStrategy-PredAbs-ABEl -heap 5600000000 -timelimit 30 -preprocess -stats -noout -setprop cpa.predicate.memoryAllocationsAlwaysSucceed=true -spec ../sv-benchmarks/c/ReachSafety.prp ../sv-benchmarks/c/eca-rers2012/Problem03_label38_true-unreach-call.c


--------------------------------------------------------------------------------


Running CPAchecker with Java heap of size 5600000000.
Running CPAchecker with default stack size (1024k). Specify a larger value with -stack if needed.
Running CPAchecker with the following extra VM options:  -Djava.io.tmpdir=/tmp/BenchExec_run_4dwaarn0/tmp
Using the following resource limits: CPU-time limit of 30s (ResourceLimitChecker.fromConfiguration, INFO)

CPAchecker (unknown version) (OpenJDK 64-Bit Server VM 1.8.0_162) started (CPAchecker.run, INFO)

MathSAT5 is available for research and evaluation purposes only. It can not be used in a commercial environment, particularly as part of a commercial product, without written permission. MathSAT5 is provided as is, without any warranty. Please write to mathsat@fbk.eu for additional questions regarding licensing MathSAT5 or obtaining more up-to-date versions. (PredicateCPA:JavaSMT:Mathsat5SolverContext.<init>, WARNING)

Using predicate analysis with MathSAT5 version 5.3.14 (0b98b661254c) (Nov 17 2016 10:59:45, gmp 5.1.3, gcc 4.8.5, 64-bit) and JFactory 1.21. (PredicateCPA:PredicateCPA.<init>, INFO)

Using refinement for predicate analysis with PredicateAbstractionRefinementStrategy strategy. (PredicateCPA:PredicateCPARefiner.<init>, INFO)

Starting analysis ... (CPAchecker.runAlgorithm, INFO)

Shutdown requested (The CPU-time limit of 30s has elapsed.), waiting for termination. (ForceTerminationOnShutdown$1.shutdownRequested, WARNING)

Warning: Analysis interrupted (The CPU-time limit of 30s has elapsed.) (ShutdownNotifier.shutdownIfNecessary, WARNING)

PredicateCPA statistics
-----------------------
Number of abstractions:            25 (0% of all post computations)
  Times abstraction was reused:    0
  Because of function entry/exit:  0 (0%)
  Because of loop head:            13 (52%)
  Because of join nodes:           0 (0%)
  Because of threshold:            0 (0%)
  Because of target state:         12 (48%)
  Times precision was empty:       2 (8%)
  Times precision was {false}:     11 (44%)
  Times result was cached:         0 (0%)
  Times cartesian abs was used:    0 (0%)
  Times boolean abs was used:      12 (48%)
  Times result was 'false':        10 (40%)
Number of strengthen sat checks:   0
Number of coverage checks:         72041
  BDD entailment checks:           37
Number of SMT sat checks:          0
  trivial:                         0
  cached:                          0

Max ABE block size:                       3054
Number of predicates discovered:          20
Number of abstraction locations:          2
Max number of predicates per location:    19
Avg number of predicates per location:    10
Total predicates per abstraction:         203
Max number of predicates per abstraction: 19
Avg number of predicates per abstraction: 8.83
Number of irrelevant predicates:          11 (5%)
Number of preds handled by boolean abs:   192 (95%)
  Total number of models for allsat:      1395
  Max number of models for allsat:        301
  Avg number of models for allsat:        116.25

Time for post operator:                  6.039s
  Time for path formula creation:        5.812s
Time for strengthen operator:            0.297s
Time for prec operator:                  8.410s
  Time for abstraction:                  8.114s (Max:     1.157s, Count: 25)
    Boolean abstraction:                 6.629s
    Solving time:                        1.172s (Max:     0.126s)
    Model enumeration time:              5.757s
    Time for BDD construction:           0.177s (Max:     0.045s)
Time for merge operator:                 0.963s
Time for coverage check:                 0.045s
  Time for BDD entailment checks:        0.004s
Total time for SMT solver (w/o itp):     6.930s

Number of path formula cache hits:   31401 (32%)

Inside post operator:                  
  Inside path formula creation:        
    Time for path formula computation:     5.586s

Total number of created targets for pointer analysis: 0


Number of BDD nodes:                               23686
Size of BDD node table:                            270749
Size of BDD cache:                                 27073
Size of BDD node cleanup queue:                        6525 (count: 2826, min: 0, max: 1032, avg: 2.31)
Time for BDD node cleanup:                             0.003s
Time for BDD garbage collection:                       0.000s (in 0 runs)

PrecisionBootstrap statistics
-----------------------------
Init. function predicates:                         0
Init. global predicates:                           0
Init. location predicates:                         0

Invariant Generation statistics
-------------------------------

AutomatonAnalysis (SVCOMP) statistics
-------------------------------------
Number of states:                                  1
Total time for successor computation:                  0.746s
  Time for transition matches:                         0.273s
  Time for transition assertions:                      0.000s
  Time for transition actions:                         0.013s
Automaton transfers with branching:                0
Automaton transfer successors:                        89449 (count: 90163, min: 0, max: 1, avg: 0.99) [0 x 714, 1 x 89449]

CPA algorithm statistics
------------------------
Number of iterations:            42181
Max size of waitlist:            8
Average size of waitlist:        4
Number of computed successors:   78202
Max successors for one state:    2
Number of times merged:          36002
Number of times stopped:         36002
Number of times breaked:         2

Total time for CPA algorithm:        23.928s (Max:    16.600s)
  Time for choose from waitlist:      0.145s
  Time for precision adjustment:      9.754s
  Time for transfer relation:         9.571s
  Time for merge operator:            2.609s
  Time for stop operator:             0.410s
  Time for adding to reached set:     0.330s

Predicate-Abstraction Refiner statistics
----------------------------------------
Number of predicate refinements:                   2
Avg. length of target path (in blocks):                   5 (count: 2, min: 2, max: 3, avg: 2.50)
Number of infeasible sliced prefixes:                     0 (count: 0, min: 0, max: 0, avg: 0.00)

Time for refinement:                                   0.575s
  Counterexample analysis:                             0.391s (Max:     0.291s, Calls: 2)
    Refinement sat check:                              0.325s
    Interpolant computation:                           0.000s
  Path-formulas extraction:                            0.000s
  Error path post-processing:                          0.000s
  Predicate creation:                                  0.028s
  Precision update:                                    0.010s
  ARG update:                                          0.102s

Length of refined path (in blocks):                       5 (count: 2, min: 2, max: 3, avg: 2.50)
Number of affected states:                                3 (count: 2, min: 1, max: 2, avg: 1.50)
Length (states) of path with itp 'true':                  0 (count: 2, min: 0, max: 0, avg: 0.00)
Length (states) of path with itp non-trivial itp:         3 (count: 2, min: 1, max: 2, avg: 1.50)
Length (states) of path with itp 'false':                 0 (count: 2, min: 0, max: 0, avg: 0.00)
Different non-trivial interpolants along paths:           1 (count: 2, min: 0, max: 1, avg: 0.50)
Equal non-trivial interpolants along paths:               0 (count: 2, min: 0, max: 0, avg: 0.00)
Number of refs with location-based cutoff:                0

CEGAR algorithm statistics
--------------------------
Number of refinements:                2
Number of successful refinements:     2
Number of failed refinements:         0
Max. size of reached set before ref.: 7013
Max. size of reached set after ref.:  3
Avg. size of reached set before ref.: 5252.50
Avg. size of reached set after ref.:  3.00

Total time for CEGAR algorithm:      24.603s
Time for refinements:                 0.673s
Average time for refinement:          0.336s
Max time for refinement:              0.429s

Code Coverage
-----------------------------
  Function coverage:      1.000
  Visited lines:          1549
  Total lines:            1549
  Line coverage:          1.000
  Visited conditions:     6132
  Total conditions:       6132
  Condition coverage:     1.000

CPAchecker general statistics
-----------------------------
Number of program locations:     4568
Number of CFA edges:             7633
Number of relevant variables:    30
Number of functions:             2
Number of loops:                 1
Size of reached set:             31691
  Number of reached locations:   3524 (77%)
    Avg states per location:     8
    Max states per location:     9 (at node N0)
  Number of reached functions:   2 (100%)
  Number of partitions:          31683
    Avg size of partitions:      1
    Max size of partitions:      9 (with key [N4782 (before lines 1658-1668), Function main called from node N4779, stack depth 1 [732f6050], stack [main]])
  Number of target states:       0
  Size of final wait list        2

Time for analysis setup:          5.656s
  Time for loading CPAs:          1.069s
  Time for loading parser:        0.789s
  Time for CFA construction:      3.607s
    Time for parsing file(s):     0.899s
    Time for AST to CFA:          1.149s
    Time for CFA sanity check:    0.534s
    Time for post-processing:     0.914s
      Time for var class.:        0.501s
Time for Analysis:               24.603s
CPU time for analysis:           24.600s
Total time for CPAchecker:       30.264s
Total CPU time for CPAchecker:   30.250s
Time for statistics:              0.871s

Time for Garbage Collector:       0.924s (in 41 runs)
Garbage Collector(s) used:    Copy, MarkSweepCompact
Used heap memory:                 99MB (    94 MiB) max;     56MB (    54 MiB) avg;    107MB (   102 MiB) peak
Used non-heap memory:             34MB (    33 MiB) max;     31MB (    30 MiB) avg;     35MB (    34 MiB) peak
Allocated heap memory:           127MB (   121 MiB) max;    127MB (   121 MiB) avg
Allocated non-heap memory:        37MB (    35 MiB) max;     34MB (    32 MiB) avg
Total process virtual memory:   8137MB (  7760 MiB) max;   8119MB (  7743 MiB) avg

Verification result: UNKNOWN, incomplete analysis.
More details about the verification run can be found in the directory "./output".
