scripts/cpa.sh -Dy-MySearchStrategy-PredAbs-ABElf -heap 5600000000 -timelimit 900 -preprocess -stats -noout -setprop cpa.predicate.memoryAllocationsAlwaysSucceed=true -spec ../sv-benchmarks/c/ReachSafety.prp ../sv-benchmarks/c/ldv-linux-4.0-rc1-mav/linux-4.0-rc1---drivers--hwmon--nct6775.ko_true-unreach-call.cil.c


--------------------------------------------------------------------------------


Running CPAchecker with Java heap of size 5600000000.
Running CPAchecker with default stack size (1024k). Specify a larger value with -stack if needed.
Running CPAchecker with the following extra VM options:  -Djava.io.tmpdir=/tmp/BenchExec_run_7blo0u1t/tmp
Using the following resource limits: CPU-time limit of 900s (ResourceLimitChecker.fromConfiguration, INFO)

CPAchecker (unknown version) (OpenJDK 64-Bit Server VM 1.8.0_162) started (CPAchecker.run, INFO)

Dead code detected: Label switch_break is not reachable. (CFAFunctionBuilder.leave, INFO)

Dead code detected: Label switch_break is not reachable. (CFAFunctionBuilder.leave, INFO)

Dead code detected: Label switch_break is not reachable. (CFAFunctionBuilder.leave, INFO)

line 11050: Dead code detected: return (arg0); (CFACreationUtils.addEdgeToCFA, INFO)

line 12204: Dead code detected: return; (CFACreationUtils.addEdgeToCFA, INFO)

line 12229: Dead code detected: return; (CFACreationUtils.addEdgeToCFA, INFO)

line 12281: Dead code detected: return; (CFACreationUtils.addEdgeToCFA, INFO)

line 12311: Dead code detected: return; (CFACreationUtils.addEdgeToCFA, INFO)

line 12341: Dead code detected: goto ldv_call_0; (CFACreationUtils.addEdgeToCFA, INFO)

line 12373: Dead code detected: return; (CFACreationUtils.addEdgeToCFA, INFO)

line 12890: Dead code detected: return; (CFACreationUtils.addEdgeToCFA, INFO)

line 12925: Dead code detected: return; (CFACreationUtils.addEdgeToCFA, INFO)

line 12945: Dead code detected: return; (CFACreationUtils.addEdgeToCFA, INFO)

line 12980: Dead code detected: return; (CFACreationUtils.addEdgeToCFA, INFO)

line 13000: Dead code detected: return; (CFACreationUtils.addEdgeToCFA, INFO)

line 13035: Dead code detected: return; (CFACreationUtils.addEdgeToCFA, INFO)

line 13055: Dead code detected: return; (CFACreationUtils.addEdgeToCFA, INFO)

line 13090: Dead code detected: return; (CFACreationUtils.addEdgeToCFA, INFO)

line 13110: Dead code detected: return; (CFACreationUtils.addEdgeToCFA, INFO)

line 13145: Dead code detected: return; (CFACreationUtils.addEdgeToCFA, INFO)

line 13165: Dead code detected: return; (CFACreationUtils.addEdgeToCFA, INFO)

line 13200: Dead code detected: return; (CFACreationUtils.addEdgeToCFA, INFO)

line 13220: Dead code detected: return; (CFACreationUtils.addEdgeToCFA, INFO)

line 13255: Dead code detected: return; (CFACreationUtils.addEdgeToCFA, INFO)

line 13275: Dead code detected: return; (CFACreationUtils.addEdgeToCFA, INFO)

line 13310: Dead code detected: return; (CFACreationUtils.addEdgeToCFA, INFO)

line 13330: Dead code detected: return; (CFACreationUtils.addEdgeToCFA, INFO)

line 13365: Dead code detected: return; (CFACreationUtils.addEdgeToCFA, INFO)

line 13385: Dead code detected: return; (CFACreationUtils.addEdgeToCFA, INFO)

line 13420: Dead code detected: return; (CFACreationUtils.addEdgeToCFA, INFO)

line 13440: Dead code detected: return; (CFACreationUtils.addEdgeToCFA, INFO)

line 13474: Dead code detected: return; (CFACreationUtils.addEdgeToCFA, INFO)

line 13494: Dead code detected: return; (CFACreationUtils.addEdgeToCFA, INFO)

line 13529: Dead code detected: return; (CFACreationUtils.addEdgeToCFA, INFO)

line 13549: Dead code detected: return; (CFACreationUtils.addEdgeToCFA, INFO)

line 13584: Dead code detected: return; (CFACreationUtils.addEdgeToCFA, INFO)

line 13604: Dead code detected: return; (CFACreationUtils.addEdgeToCFA, INFO)

line 13639: Dead code detected: return; (CFACreationUtils.addEdgeToCFA, INFO)

line 13659: Dead code detected: return; (CFACreationUtils.addEdgeToCFA, INFO)

line 13694: Dead code detected: return; (CFACreationUtils.addEdgeToCFA, INFO)

line 13714: Dead code detected: return; (CFACreationUtils.addEdgeToCFA, INFO)

line 13749: Dead code detected: return; (CFACreationUtils.addEdgeToCFA, INFO)

line 13769: Dead code detected: return; (CFACreationUtils.addEdgeToCFA, INFO)

line 13804: Dead code detected: return; (CFACreationUtils.addEdgeToCFA, INFO)

line 13824: Dead code detected: return; (CFACreationUtils.addEdgeToCFA, INFO)

line 13859: Dead code detected: return; (CFACreationUtils.addEdgeToCFA, INFO)

line 13879: Dead code detected: return; (CFACreationUtils.addEdgeToCFA, INFO)

line 13914: Dead code detected: return; (CFACreationUtils.addEdgeToCFA, INFO)

line 13934: Dead code detected: return; (CFACreationUtils.addEdgeToCFA, INFO)

line 13969: Dead code detected: return; (CFACreationUtils.addEdgeToCFA, INFO)

line 13989: Dead code detected: return; (CFACreationUtils.addEdgeToCFA, INFO)

line 14023: Dead code detected: return; (CFACreationUtils.addEdgeToCFA, INFO)

line 14043: Dead code detected: return; (CFACreationUtils.addEdgeToCFA, INFO)

line 14077: Dead code detected: return; (CFACreationUtils.addEdgeToCFA, INFO)

line 14097: Dead code detected: return; (CFACreationUtils.addEdgeToCFA, INFO)

line 14131: Dead code detected: return; (CFACreationUtils.addEdgeToCFA, INFO)

line 14151: Dead code detected: return; (CFACreationUtils.addEdgeToCFA, INFO)

line 14185: Dead code detected: return; (CFACreationUtils.addEdgeToCFA, INFO)

line 14205: Dead code detected: return; (CFACreationUtils.addEdgeToCFA, INFO)

line 14239: Dead code detected: return; (CFACreationUtils.addEdgeToCFA, INFO)

line 14259: Dead code detected: return; (CFACreationUtils.addEdgeToCFA, INFO)

line 14293: Dead code detected: return; (CFACreationUtils.addEdgeToCFA, INFO)

line 14313: Dead code detected: return; (CFACreationUtils.addEdgeToCFA, INFO)

line 14347: Dead code detected: return; (CFACreationUtils.addEdgeToCFA, INFO)

line 14361: Dead code detected: return; (CFACreationUtils.addEdgeToCFA, INFO)

line 14376: Dead code detected: return; (CFACreationUtils.addEdgeToCFA, INFO)

line 14390: Dead code detected: return; (CFACreationUtils.addEdgeToCFA, INFO)

line 14405: Dead code detected: return; (CFACreationUtils.addEdgeToCFA, INFO)

line 14419: Dead code detected: return; (CFACreationUtils.addEdgeToCFA, INFO)

line 14434: Dead code detected: return; (CFACreationUtils.addEdgeToCFA, INFO)

line 14448: Dead code detected: return; (CFACreationUtils.addEdgeToCFA, INFO)

line 14463: Dead code detected: return; (CFACreationUtils.addEdgeToCFA, INFO)

line 14477: Dead code detected: return; (CFACreationUtils.addEdgeToCFA, INFO)

line 14492: Dead code detected: return; (CFACreationUtils.addEdgeToCFA, INFO)

line 15081: Dead code detected: return (ldv_func_res); (CFACreationUtils.addEdgeToCFA, INFO)

Inline assembler ignored, analysis is probably unsound! (CFABuilder.createCFA, WARNING)

line 12626: Function pointer *arg0 with type void (*)(struct device *) is called, but no possible target functions were found. (CFunctionPointerResolver.replaceFunctionPointerCall, WARNING)

line 17511: Function pointer *function with type void (*)(void *) is called, but no possible target functions were found. (CFunctionPointerResolver.replaceFunctionPointerCall, WARNING)

line 17530: Function pointer *function with type void (*)(void *) is called, but no possible target functions were found. (CFunctionPointerResolver.replaceFunctionPointerCall, WARNING)

line 6054: Function pointer *(data->fan_from_reg) with type unsigned int (*)(u16 , unsigned int) is called, but no possible target functions were found. (CFunctionPointerResolver.replaceFunctionPointerCall, WARNING)

line 6568: Function pointer *(data->fan_from_reg_min) with type unsigned int (*)(u16 , unsigned int) is called, but no possible target functions were found. (CFunctionPointerResolver.replaceFunctionPointerCall, WARNING)

line 4316: Function pointer *(pv_cpu_ops.io_delay) with type void (*)() is called, but no possible target functions were found. (CFunctionPointerResolver.replaceFunctionPointerCall, WARNING)

line 6675: Function pointer *(data->fan_from_reg_min) with type unsigned int (*)(u16 , unsigned int) is called, but no possible target functions were found. (CFunctionPointerResolver.replaceFunctionPointerCall, WARNING)

line 6666: Function pointer *(data->fan_from_reg_min) with type unsigned int (*)(u16 , unsigned int) is called, but no possible target functions were found. (CFunctionPointerResolver.replaceFunctionPointerCall, WARNING)

MathSAT5 is available for research and evaluation purposes only. It can not be used in a commercial environment, particularly as part of a commercial product, without written permission. MathSAT5 is provided as is, without any warranty. Please write to mathsat@fbk.eu for additional questions regarding licensing MathSAT5 or obtaining more up-to-date versions. (PredicateCPA:JavaSMT:Mathsat5SolverContext.<init>, WARNING)

Using predicate analysis with MathSAT5 version 5.3.14 (0b98b661254c) (Nov 17 2016 10:59:45, gmp 5.1.3, gcc 4.8.5, 64-bit) and JFactory 1.21. (PredicateCPA:PredicateCPA.<init>, INFO)

Using refinement for predicate analysis with PredicateAbstractionRefinementStrategy strategy. (PredicateCPA:PredicateCPARefiner.<init>, INFO)

Starting analysis ... (CPAchecker.runAlgorithm, INFO)

Assuming external function __platform_driver_register to be a pure function. (PredicateCPA:ExpressionToFormulaVisitor.visit, INFO)

Assuming external function platform_driver_unregister to be a pure function. (PredicateCPA:ExpressionToFormulaVisitor.visit, INFO)

Assuming external function __request_region to be a pure function. (PredicateCPA:ExpressionToFormulaVisitor.visit, INFO)

Assuming external function platform_device_alloc to be a pure function. (PredicateCPA:ExpressionToFormulaVisitor.visit, INFO)

Assuming external function platform_device_add_data to be a pure function. (PredicateCPA:ExpressionToFormulaVisitor.visit, INFO)

Assuming external function __memset to be a pure function. (PredicateCPA:ExpressionToFormulaVisitor.visit, INFO)

Assuming external function acpi_check_resource_conflict to be a pure function. (PredicateCPA:ExpressionToFormulaVisitor.visit, INFO)

Assuming external function platform_device_add_resources to be a pure function. (PredicateCPA:ExpressionToFormulaVisitor.visit, INFO)

Assuming external function platform_device_add to be a pure function. (PredicateCPA:ExpressionToFormulaVisitor.visit, INFO)

Assuming external function platform_device_put to be a pure function. (PredicateCPA:ExpressionToFormulaVisitor.visit, INFO)

Assuming external function __dynamic_pr_debug to be a pure function. (PredicateCPA:ExpressionToFormulaVisitor.visit, INFO)

Assuming external function platform_device_unregister to be a pure function. (PredicateCPA:ExpressionToFormulaVisitor.visit, INFO)

Assuming external function __release_region to be a pure function. (PredicateCPA:ExpressionToFormulaVisitor.visit, INFO)

Assuming external function ldv_pre_probe to be a constant function. (PredicateCPA:ExpressionToFormulaVisitor.visit, INFO)

line 11273: Destroying the void* pointer ldv_xmalloc::tmp produces garbage or the memory pointed by it is unused: tmp = ldv_xmalloc(16UL); (PredicateCPA:DynamicMemoryHandler.handleDeferredAllocationInFunctionExit, WARNING)

Assuming external function platform_get_resource to be a pure function. (PredicateCPA:ExpressionToFormulaVisitor.visit, INFO)

Assuming external function __devm_request_region to be a pure function. (PredicateCPA:ExpressionToFormulaVisitor.visit, INFO)

Assuming external function devm_kmalloc to be a pure function. (PredicateCPA:ExpressionToFormulaVisitor.visit, INFO)

Assuming external function __mutex_init to be a pure function. (PredicateCPA:ExpressionToFormulaVisitor.visit, INFO)

line 11276: Destroying the void* pointer ldv_xmalloc::tmp produces garbage or the memory pointed by it is unused: tmp___0 = ldv_xmalloc(16UL); (PredicateCPA:DynamicMemoryHandler.handleDeferredAllocationInFunctionExit, WARNING)

line 11279: Destroying the void* pointer ldv_xmalloc::tmp produces garbage or the memory pointed by it is unused: tmp___1 = ldv_xmalloc(16UL); (PredicateCPA:DynamicMemoryHandler.handleDeferredAllocationInFunctionExit, WARNING)

line 4316: Ignoring function call through function pointer *(pv_cpu_ops.io_delay): (*(pv_cpu_ops.io_delay))(); (PredicateCPA:ExpressionToFormulaVisitor.visit, WARNING)

line 11282: Destroying the void* pointer ldv_xmalloc::tmp produces garbage or the memory pointed by it is unused: tmp___2 = ldv_xmalloc(16UL); (PredicateCPA:DynamicMemoryHandler.handleDeferredAllocationInFunctionExit, WARNING)

line 11285: Destroying the void* pointer ldv_xmalloc::tmp produces garbage or the memory pointed by it is unused: tmp___3 = ldv_xmalloc(16UL); (PredicateCPA:DynamicMemoryHandler.handleDeferredAllocationInFunctionExit, WARNING)

line 11173: Destroying the void* pointer ldv_xmalloc::tmp produces garbage or the memory pointed by it is unused: tmp = ldv_xmalloc(16UL); (PredicateCPA:DynamicMemoryHandler.handleDeferredAllocationInFunctionExit, WARNING)

line 13447: Destroying the void* pointer ldv_xmalloc::tmp produces garbage or the memory pointed by it is unused: tmp = ldv_xmalloc(1UL); (PredicateCPA:DynamicMemoryHandler.handleDeferredAllocationInFunctionExit, WARNING)

line 11176: Destroying the void* pointer ldv_xmalloc::tmp produces garbage or the memory pointed by it is unused: tmp___0 = ldv_xmalloc(16UL); (PredicateCPA:DynamicMemoryHandler.handleDeferredAllocationInFunctionExit, WARNING)

line 13996: Destroying the void* pointer ldv_xmalloc::tmp produces garbage or the memory pointed by it is unused: tmp = ldv_xmalloc(1UL); (PredicateCPA:DynamicMemoryHandler.handleDeferredAllocationInFunctionExit, WARNING)

line 11179: Destroying the void* pointer ldv_xmalloc::tmp produces garbage or the memory pointed by it is unused: tmp___1 = ldv_xmalloc(16UL); (PredicateCPA:DynamicMemoryHandler.handleDeferredAllocationInFunctionExit, WARNING)

Assuming external function kstrtoull to be a pure function. (PredicateCPA:ExpressionToFormulaVisitor.visit, INFO)

line 14050: Destroying the void* pointer ldv_xmalloc::tmp produces garbage or the memory pointed by it is unused: tmp = ldv_xmalloc(1UL); (PredicateCPA:DynamicMemoryHandler.handleDeferredAllocationInFunctionExit, WARNING)

line 11182: Destroying the void* pointer ldv_xmalloc::tmp produces garbage or the memory pointed by it is unused: tmp___2 = ldv_xmalloc(16UL); (PredicateCPA:DynamicMemoryHandler.handleDeferredAllocationInFunctionExit, WARNING)

line 14104: Destroying the void* pointer ldv_xmalloc::tmp produces garbage or the memory pointed by it is unused: tmp = ldv_xmalloc(1UL); (PredicateCPA:DynamicMemoryHandler.handleDeferredAllocationInFunctionExit, WARNING)

line 11185: Destroying the void* pointer ldv_xmalloc::tmp produces garbage or the memory pointed by it is unused: tmp___3 = ldv_xmalloc(16UL); (PredicateCPA:DynamicMemoryHandler.handleDeferredAllocationInFunctionExit, WARNING)

line 12249: Ignoring call via function pointer ldv_platform_instance_release_0_3::arg0 for which no suitable target was found in line: (*arg0)(arg1); (FunctionPointerCPA:FunctionPointerTransferRelation.getAbstractSuccessorsForEdge, WARNING)

line 12249: Ignoring function call through function pointer *arg0: (*arg0)(arg1); (PredicateCPA:ExpressionToFormulaVisitor.visit, WARNING)

Shutdown requested (The CPU-time limit of 900s has elapsed.), waiting for termination. (ForceTerminationOnShutdown$1.shutdownRequested, WARNING)

Warning: Analysis interrupted (The CPU-time limit of 900s has elapsed.) (ShutdownNotifier.shutdownIfNecessary, WARNING)

PredicateCPA statistics
-----------------------
Number of abstractions:            1087112 (20% of all post computations)
  Times abstraction was reused:    0
  Because of function entry/exit:  959762 (88%)
  Because of loop head:            85611 (8%)
  Because of join nodes:           0 (0%)
  Because of threshold:            0 (0%)
  Because of target state:         41739 (4%)
  Times precision was empty:       277395 (26%)
  Times precision was {false}:     902 (0%)
  Times result was cached:         801457 (74%)
  Times cartesian abs was used:    0 (0%)
  Times boolean abs was used:      7358 (1%)
  Times result was 'false':        54905 (5%)
Number of strengthen sat checks:   0
Number of coverage checks:         1194119
  BDD entailment checks:           244343
Number of SMT sat checks:          0
  trivial:                         0
  cached:                          0

Max ABE block size:                       252
Number of predicates discovered:          52
Number of abstraction locations:          362
Max number of predicates per location:    24
Avg number of predicates per location:    9
Total predicates per abstraction:         10467554
Max number of predicates per abstraction: 24
Avg number of predicates per abstraction: 1267.26
Number of irrelevant predicates:          4874686 (47%)
Number of preds handled by boolean abs:   76226 (1%)
  Total number of models for allsat:      6786
  Max number of models for allsat:        2
  Avg number of models for allsat:        0.92

Time for post operator:                 72.272s
  Time for path formula creation:       69.917s
Time for strengthen operator:            4.509s
Time for prec operator:                343.139s
  Time for abstraction:                320.957s (Max:     0.423s, Count: 1087112)
    Boolean abstraction:                28.161s
    Solving time:                       22.630s (Max:     0.313s)
    Model enumeration time:              6.447s
    Time for BDD construction:           0.236s (Max:     0.008s)
Time for merge operator:                10.583s
Time for coverage check:                 0.372s
  Time for BDD entailment checks:        0.210s
Total time for SMT solver (w/o itp):    29.077s

Number of path formula cache hits:   6756900 (99%)

Inside post operator:                  
  Inside path formula creation:        
    Time for path formula computation:     8.805s

Total number of created targets for pointer analysis: 56521
   Number of created targets for uf: *unsigned_short_int is 1453
   Number of created targets for uf: *(void)* is 5
   Number of created targets for uf: *enum_kinds is 31
   Number of created targets for uf: *signed_int is 129
   Number of created targets for uf: *(char)* is 133
   Number of created targets for uf: *unsigned_char is 277
   Number of created targets for uf: *_Bool is 115
   Number of created targets for uf: *unsigned_long_long_int is 15
   Number of created targets for uf: *(struct_platform_device)* is 29
   Number of created targets for uf: *(struct_platform_driver)* is 2


Number of BDD nodes:                               4800
Size of BDD node table:                            270749
Size of BDD cache:                                 27073
Size of BDD node cleanup queue:                       18449 (count: 575717, min: 0, max: 222, avg: 0.03)
Time for BDD node cleanup:                             0.116s
Time for BDD garbage collection:                       0.000s (in 0 runs)

PrecisionBootstrap statistics
-----------------------------
Init. function predicates:                         0
Init. global predicates:                           0
Init. location predicates:                         0

Invariant Generation statistics
-------------------------------

AutomatonAnalysis (SVCOMP) statistics
-------------------------------------
Number of states:                                  1
Total time for successor computation:                  8.768s
  Time for transition matches:                         4.191s
  Time for transition assertions:                      0.021s
  Time for transition actions:                         0.040s
Automaton transfers with branching:                0
Automaton transfer successors:                      5328336 (count: 5328336, min: 1, max: 1, avg: 1.00) [1 x 5328336]

CPA algorithm statistics
------------------------
Number of iterations:            3536635
Max size of waitlist:            92
Average size of waitlist:        45
Number of computed successors:   4171194
Max successors for one state:    2
Number of times merged:          474888
Number of times stopped:         556362
Number of times breaked:         1883

Total time for CPA algorithm:       535.587s (Max:     2.140s)
  Time for choose from waitlist:      1.892s
  Time for precision adjustment:    370.463s
  Time for transfer relation:       127.824s
  Time for merge operator:           15.310s
  Time for stop operator:             4.634s
  Time for adding to reached set:     6.272s

Predicate-Abstraction Refiner statistics
----------------------------------------
Number of predicate refinements:                   1883
Avg. length of target path (in blocks):              139396 (count: 1883, min: 39, max: 175, avg: 74.03)
Number of infeasible sliced prefixes:                     0 (count: 0, min: 0, max: 0, avg: 0.00)

Time for refinement:                                 338.644s
  Counterexample analysis:                           328.955s (Max:     0.373s, Calls: 1883)
    Refinement sat check:                            287.696s
    Interpolant computation:                           0.000s
  Path-formulas extraction:                            0.081s
  Error path post-processing:                          0.000s
  Predicate creation:                                  0.497s
  Precision update:                                    2.987s
  ARG update:                                          5.501s

Length of refined path (in blocks):                  136753 (count: 1883, min: 19, max: 175, avg: 72.63)
Number of affected states:                            55183 (count: 1883, min: 1, max: 174, avg: 29.31)
Length (states) of path with itp 'true':              79687 (count: 1883, min: 0, max: 162, avg: 42.32)
Length (states) of path with itp non-trivial itp:     55183 (count: 1883, min: 1, max: 174, avg: 29.31)
Length (states) of path with itp 'false':              1393 (count: 1883, min: 0, max: 1, avg: 0.74)
Different non-trivial interpolants along paths:         490 (count: 1883, min: 0, max: 1, avg: 0.26)
Equal non-trivial interpolants along paths:           52810 (count: 1883, min: 0, max: 172, avg: 28.05)
Number of refs with location-based cutoff:                0

CEGAR algorithm statistics
--------------------------
Number of refinements:                1883
Number of successful refinements:     1883
Number of failed refinements:         0
Max. size of reached set before ref.: 20847
Max. size of reached set after ref.:  20496
Avg. size of reached set before ref.: 7131.88
Avg. size of reached set after ref.:  5241.85

Total time for CEGAR algorithm:     891.707s
Time for refinements:               349.985s
Average time for refinement:          0.185s
Max time for refinement:              0.439s

Code Coverage
-----------------------------
  Function coverage:      0.074
  Visited lines:          1384
  Total lines:            7131
  Line coverage:          0.194
  Visited conditions:     68
  Total conditions:       1672
  Condition coverage:     0.041

CPAchecker general statistics
-----------------------------
Number of program locations:     10536
Number of CFA edges:             12020
Number of relevant variables:    1933
Number of functions:             650
Number of loops:                 75
Size of reached set:             1003
  Number of reached locations:   354 (3%)
    Avg states per location:     2
    Max states per location:     25 (at node N100)
  Number of reached functions:   48 (7%)
  Number of partitions:          996
    Avg size of partitions:      1
    Max size of partitions:      3 (with key [N4809 (before line 10549), Function sensors_nct6775_init called from node N4868, stack depth 4 [3cda8c70], stack [main, ldv_entry_EMGentry_36, ldv_EMGentry_init_sensors_nct6775_init_36_11, sensors_nct6775_init]])
  Number of target states:       0
  Size of final wait list        11

Time for analysis setup:          8.518s
  Time for loading CPAs:          1.210s
  Time for loading parser:        0.693s
  Time for CFA construction:      6.467s
    Time for parsing file(s):     1.467s
    Time for AST to CFA:          2.382s
    Time for CFA sanity check:    0.732s
    Time for post-processing:     1.654s
      Time for var class.:        0.930s
Time for Analysis:              891.707s
CPU time for analysis:          891.600s
Total time for CPAchecker:      900.229s
Total CPU time for CPAchecker:  900.100s
Time for statistics:              0.130s

Time for Garbage Collector:      34.292s (in 3131 runs)
Garbage Collector(s) used:    Copy, MarkSweepCompact
Used heap memory:                156MB (   149 MiB) max;     91MB (    87 MiB) avg;    160MB (   153 MiB) peak
Used non-heap memory:             41MB (    39 MiB) max;     40MB (    38 MiB) avg;     41MB (    39 MiB) peak
Allocated heap memory:           161MB (   154 MiB) max;    138MB (   132 MiB) avg
Allocated non-heap memory:        43MB (    41 MiB) max;     43MB (    41 MiB) avg
Total process virtual memory:   8355MB (  7968 MiB) max;   8245MB (  7863 MiB) avg

Verification result: UNKNOWN, incomplete analysis.
More details about the verification run can be found in the directory "./output".
