scripts/cpa.sh -Dy-MySearchStrategy-PredAbs-ABElf -heap 5600000000 -timelimit 900 -preprocess -stats -noout -setprop cpa.predicate.memoryAllocationsAlwaysSucceed=true -spec ../sv-benchmarks/c/ReachSafety.prp ../sv-benchmarks/c/reducercommutativity/sum05_true-unreach-call_true-termination.i


--------------------------------------------------------------------------------


Running CPAchecker with Java heap of size 5600000000.
Running CPAchecker with default stack size (1024k). Specify a larger value with -stack if needed.
Running CPAchecker with the following extra VM options:  -Djava.io.tmpdir=/tmp/BenchExec_run__bp7kmop/tmp
Using the following resource limits: CPU-time limit of 900s (ResourceLimitChecker.fromConfiguration, INFO)

CPAchecker (unknown version) (OpenJDK 64-Bit Server VM 1.8.0_151) started (CPAchecker.run, INFO)

MathSAT5 is available for research and evaluation purposes only. It can not be used in a commercial environment, particularly as part of a commercial product, without written permission. MathSAT5 is provided as is, without any warranty. Please write to mathsat@fbk.eu for additional questions regarding licensing MathSAT5 or obtaining more up-to-date versions. (PredicateCPA:JavaSMT:Mathsat5SolverContext.<init>, WARNING)

Using predicate analysis with MathSAT5 version 5.3.14 (0b98b661254c) (Nov 17 2016 10:59:45, gmp 5.1.3, gcc 4.8.5, 64-bit) and JFactory 1.21. (PredicateCPA:PredicateCPA.<init>, INFO)

Using refinement for predicate analysis with PredicateAbstractionRefinementStrategy strategy. (PredicateCPA:PredicateCPARefiner.<init>, INFO)

Starting analysis ... (CPAchecker.runAlgorithm, INFO)

Stopping analysis ... (CPAchecker.runAlgorithm, INFO)

PredicateCPA statistics
-----------------------
Number of abstractions:            539 (28% of all post computations)
  Times abstraction was reused:    0
  Because of function entry/exit:  233 (43%)
  Because of loop head:            288 (53%)
  Because of join nodes:           0 (0%)
  Because of threshold:            0 (0%)
  Because of target state:         18 (3%)
  Times precision was empty:       53 (10%)
  Times precision was {false}:     115 (21%)
  Times result was cached:         126 (23%)
  Times cartesian abs was used:    0 (0%)
  Times boolean abs was used:      245 (45%)
  Times result was 'false':        163 (30%)
Number of strengthen sat checks:   0
Number of coverage checks:         558
  BDD entailment checks:           522
Number of SMT sat checks:          0
  trivial:                         0
  cached:                          0

Max ABE block size:                       6
Number of predicates discovered:          94
Number of abstraction locations:          8
Max number of predicates per location:    64
Avg number of predicates per location:    14
Total predicates per abstraction:         2657
Max number of predicates per abstraction: 64
Avg number of predicates per abstraction: 7.38
Number of irrelevant predicates:          232 (9%)
Number of preds handled by boolean abs:   2238 (84%)
  Total number of models for allsat:      1013833
  Max number of models for allsat:        540387
  Avg number of models for allsat:        4138.09

Time for post operator:                  0.741s
  Time for path formula creation:        0.725s
Time for strengthen operator:            0.016s
Time for prec operator:                855.627s
  Time for abstraction:                855.579s (Max:   543.440s, Count: 539)
    Boolean abstraction:               852.538s
    Solving time:                        1.823s (Max:     0.107s)
    Model enumeration time:            683.678s
    Time for BDD construction:         166.793s (Max:    90.791s)
Time for merge operator:                 0.016s
Time for coverage check:                 0.066s
  Time for BDD entailment checks:        0.064s
Total time for SMT solver (w/o itp):   685.501s

Number of path formula cache hits:   754 (37%)

Inside post operator:                  
  Inside path formula creation:        
    Time for path formula computation:     0.683s

Total number of created targets for pointer analysis: 442
   Number of created targets for uf: *signed_int is 45


Number of BDD nodes:                               99237
Size of BDD node table:                            270749
Size of BDD cache:                                 27073
Size of BDD node cleanup queue:                      285602 (count: 137738, min: 0, max: 40880, avg: 2.07)
Time for BDD node cleanup:                             0.095s
Time for BDD garbage collection:                       6.168s (in 1517 runs)

PrecisionBootstrap statistics
-----------------------------
Init. function predicates:                         0
Init. global predicates:                           0
Init. location predicates:                         0

Invariant Generation statistics
-------------------------------

AutomatonAnalysis (SVCOMP) statistics
-------------------------------------
Number of states:                                  1
Total time for successor computation:                  0.045s
Automaton transfers with branching:                0
Automaton transfer successors:                         1944 (count: 1944, min: 1, max: 1, avg: 1.00) [1 x 1944]

CPA algorithm statistics
------------------------
Number of iterations:            1276
Max size of waitlist:            3
Average size of waitlist:        1
Number of computed successors:   1532
Max successors for one state:    2
Number of times merged:          18
Number of times stopped:         74
Number of times breaked:         17

Total time for CPA algorithm:       856.956s (Max:   854.435s)
  Time for choose from waitlist:      0.010s
  Time for precision adjustment:    855.758s
  Time for transfer relation:         0.959s
  Time for merge operator:            0.054s
  Time for stop operator:             0.095s
  Time for adding to reached set:     0.021s

Predicate-Abstraction Refiner statistics
----------------------------------------
Number of predicate refinements:                   17
Avg. length of target path (in blocks):                 384 (count: 17, min: 12, max: 36, avg: 22.59)
Number of infeasible sliced prefixes:                     0 (count: 0, min: 0, max: 0, avg: 0.00)

Time for refinement:                                   0.830s
  Counterexample analysis:                             0.735s (Max:     0.501s, Calls: 17)
    Refinement sat check:                              0.201s
    Interpolant computation:                           0.000s
  Path-formulas extraction:                            0.000s
  Error path post-processing:                          0.000s
  Predicate creation:                                  0.040s
  Precision update:                                    0.013s
  ARG update:                                          0.015s

Length of refined path (in blocks):                     197 (count: 17, min: 2, max: 36, avg: 11.59)
Number of affected states:                               72 (count: 17, min: 1, max: 30, avg: 4.24)
Length (states) of path with itp 'true':                108 (count: 17, min: 0, max: 19, avg: 6.35)
Length (states) of path with itp non-trivial itp:        72 (count: 17, min: 1, max: 30, avg: 4.24)
Length (states) of path with itp 'false':                16 (count: 17, min: 0, max: 1, avg: 0.94)
Different non-trivial interpolants along paths:          55 (count: 17, min: 0, max: 29, avg: 3.24)
Equal non-trivial interpolants along paths:               0 (count: 17, min: 0, max: 0, avg: 0.00)
Number of refs with location-based cutoff:                0

CEGAR algorithm statistics
--------------------------
Number of refinements:                17
Number of successful refinements:     17
Number of failed refinements:         0
Max. size of reached set before ref.: 157
Max. size of reached set after ref.:  81
Avg. size of reached set before ref.: 92.94
Avg. size of reached set after ref.:  25.94

Total time for CEGAR algorithm:     857.816s
Time for refinements:                 0.858s
Average time for refinement:          0.050s
Max time for refinement:              0.533s

Code Coverage
-----------------------------
  Function coverage:      1.000
  Visited lines:          23
  Total lines:            24
  Line coverage:          0.958
  Visited conditions:     10
  Total conditions:       10
  Condition coverage:     1.000

CPAchecker general statistics
-----------------------------
Number of program locations:     49
Number of CFA edges:             55
Number of relevant variables:    12
Number of functions:             2
Number of loops:                 3
Size of reached set:             157
  Number of reached locations:   28 (57%)
    Avg states per location:     5
    Max states per location:     18 (at node N0)
  Number of reached functions:   2 (100%)
  Number of partitions:          133
    Avg size of partitions:      1
    Max size of partitions:      6 (with key [N22 (before line 23), Function main called from node N14, stack depth 1 [4a883b15], stack [main]])
  Number of target states:       0

Time for analysis setup:          2.284s
  Time for loading CPAs:          0.729s
  Time for loading parser:        0.684s
  Time for CFA construction:      0.759s
    Time for parsing file(s):     0.339s
    Time for AST to CFA:          0.122s
    Time for CFA sanity check:    0.014s
    Time for post-processing:     0.123s
      Time for var class.:        0.039s
Time for Analysis:              857.816s
CPU time for analysis:          857.700s
Time for analyzing result:        0.000s
Total time for CPAchecker:      860.104s
Total CPU time for CPAchecker:  859.990s
Time for statistics:              0.059s

Time for Garbage Collector:       1.629s (in 680 runs)
Garbage Collector(s) used:    Copy, MarkSweepCompact
Used heap memory:                 81MB (    78 MiB) max;     53MB (    51 MiB) avg;     85MB (    81 MiB) peak
Used non-heap memory:             34MB (    32 MiB) max;     33MB (    31 MiB) avg;     35MB (    33 MiB) peak
Allocated heap memory:           127MB (   121 MiB) max;    127MB (   121 MiB) avg
Allocated non-heap memory:        36MB (    34 MiB) max;     36MB (    34 MiB) avg
Total process virtual memory:   8303MB (  7918 MiB) max;   8182MB (  7803 MiB) avg

Verification result: TRUE. No property violation found by chosen configuration.
More details about the verification run can be found in the directory "./output".
