scripts/cpa.sh -Dy-MySearchStrategy-PredAbs-ABElf -heap 5600000000 -timelimit 30 -preprocess -stats -noout -setprop cpa.predicate.memoryAllocationsAlwaysSucceed=true -spec ../sv-benchmarks/c/ReachSafety.prp ../sv-benchmarks/c/forester-heap/dll-token_true-unreach-call_true-valid-memsafety.i


--------------------------------------------------------------------------------


Running CPAchecker with Java heap of size 5600000000.
Running CPAchecker with default stack size (1024k). Specify a larger value with -stack if needed.
Running CPAchecker with the following extra VM options:  -Djava.io.tmpdir=/tmp/BenchExec_run_2650ahd_/tmp
Using the following resource limits: CPU-time limit of 30s (ResourceLimitChecker.fromConfiguration, INFO)

CPAchecker (unknown version) (OpenJDK 64-Bit Server VM 1.8.0_151) started (CPAchecker.run, INFO)

MathSAT5 is available for research and evaluation purposes only. It can not be used in a commercial environment, particularly as part of a commercial product, without written permission. MathSAT5 is provided as is, without any warranty. Please write to mathsat@fbk.eu for additional questions regarding licensing MathSAT5 or obtaining more up-to-date versions. (PredicateCPA:JavaSMT:Mathsat5SolverContext.<init>, WARNING)

Using predicate analysis with MathSAT5 version 5.3.14 (0b98b661254c) (Nov 17 2016 10:59:45, gmp 5.1.3, gcc 4.8.5, 64-bit) and JFactory 1.21. (PredicateCPA:PredicateCPA.<init>, INFO)

Using refinement for predicate analysis with PredicateAbstractionRefinementStrategy strategy. (PredicateCPA:PredicateCPARefiner.<init>, INFO)

Starting analysis ... (CPAchecker.runAlgorithm, INFO)

Shutdown requested (The CPU-time limit of 30s has elapsed.), waiting for termination. (ForceTerminationOnShutdown$1.shutdownRequested, WARNING)

Warning: Analysis interrupted (The CPU-time limit of 30s has elapsed.) (ShutdownNotifier.shutdownIfNecessary, WARNING)

PredicateCPA statistics
-----------------------
Number of abstractions:            899 (18% of all post computations)
  Times abstraction was reused:    0
  Because of function entry/exit:  0 (0%)
  Because of loop head:            346 (38%)
  Because of join nodes:           0 (0%)
  Because of threshold:            0 (0%)
  Because of target state:         553 (62%)
  Times precision was empty:       223 (25%)
  Times precision was {false}:     254 (28%)
  Times result was cached:         216 (24%)
  Times cartesian abs was used:    0 (0%)
  Times boolean abs was used:      206 (23%)
  Times result was 'false':        436 (48%)
Number of strengthen sat checks:   0
Number of coverage checks:         555
  BDD entailment checks:           555
Number of SMT sat checks:          0
  trivial:                         0
  cached:                          0

Max ABE block size:                       8
Number of predicates discovered:          57
Number of abstraction locations:          6
Max number of predicates per location:    43
Avg number of predicates per location:    10
Total predicates per abstraction:         4113
Max number of predicates per abstraction: 43
Avg number of predicates per abstraction: 8.94
Number of irrelevant predicates:          549 (13%)
Number of preds handled by boolean abs:   3208 (78%)
  Total number of models for allsat:      47370
  Max number of models for allsat:        18890
  Avg number of models for allsat:        229.95

Time for post operator:                  0.447s
  Time for path formula creation:        0.430s
Time for strengthen operator:            0.056s
Time for prec operator:                 24.561s
  Time for abstraction:                 24.477s (Max:     8.015s, Count: 899)
    Boolean abstraction:                22.326s
    Solving time:                        1.533s (Max:     0.024s)
    Model enumeration time:             15.599s
    Time for BDD construction:           5.286s (Max:     1.952s)
Time for merge operator:                 0.000s
Time for coverage check:                 0.016s
  Time for BDD entailment checks:        0.016s
Total time for SMT solver (w/o itp):    17.133s

Number of path formula cache hits:   4458 (85%)

Inside post operator:                  
  Inside path formula creation:        
    Time for path formula computation:     0.387s

Total number of created targets for pointer analysis: 131
   Number of created targets for uf: *signed_int is 28
   Number of created targets for uf: *(struct_TSLL)* is 2


Number of BDD nodes:                               79714
Size of BDD node table:                            270749
Size of BDD cache:                                 27073
Size of BDD node cleanup queue:                       22589 (count: 12708, min: 0, max: 4380, avg: 1.78)
Time for BDD node cleanup:                             0.011s
Time for BDD garbage collection:                       0.198s (in 19 runs)

PrecisionBootstrap statistics
-----------------------------
Init. function predicates:                         0
Init. global predicates:                           0
Init. location predicates:                         0

Invariant Generation statistics
-------------------------------

AutomatonAnalysis (SVCOMP) statistics
-------------------------------------
Number of states:                                  1
Total time for successor computation:                  0.149s
Automaton transfers with branching:                0
Automaton transfer successors:                         4860 (count: 4860, min: 1, max: 1, avg: 1.00) [1 x 4860]

CPA algorithm statistics
------------------------
Number of iterations:            2419
Max size of waitlist:            4
Average size of waitlist:        2
Number of computed successors:   3028
Max successors for one state:    2
Number of times merged:          0
Number of times stopped:         120
Number of times breaked:         135

Total time for CPA algorithm:        25.823s (Max:     8.222s)
  Time for choose from waitlist:      0.021s
  Time for precision adjustment:     24.668s
  Time for transfer relation:         0.983s
  Time for merge operator:            0.009s
  Time for stop operator:             0.057s
  Time for adding to reached set:     0.027s

Predicate-Abstraction Refiner statistics
----------------------------------------
Number of predicate refinements:                   135
Avg. length of target path (in blocks):                 725 (count: 135, min: 2, max: 11, avg: 5.37)
Number of infeasible sliced prefixes:                     0 (count: 0, min: 0, max: 0, avg: 0.00)

Time for refinement:                                   1.441s
  Counterexample analysis:                             1.190s (Max:     0.083s, Calls: 135)
    Refinement sat check:                              0.714s
    Interpolant computation:                           0.000s
  Path-formulas extraction:                            0.002s
  Error path post-processing:                          0.000s
  Predicate creation:                                  0.064s
  Precision update:                                    0.051s
  ARG update:                                          0.065s

Length of refined path (in blocks):                     725 (count: 135, min: 2, max: 11, avg: 5.37)
Number of affected states:                              117 (count: 135, min: 0, max: 10, avg: 0.87)
Length (states) of path with itp 'true':                473 (count: 135, min: 0, max: 10, avg: 3.50)
Length (states) of path with itp non-trivial itp:       117 (count: 135, min: 0, max: 10, avg: 0.87)
Length (states) of path with itp 'false':                 0 (count: 135, min: 0, max: 0, avg: 0.00)
Different non-trivial interpolants along paths:          95 (count: 135, min: 0, max: 9, avg: 0.70)
Equal non-trivial interpolants along paths:               0 (count: 135, min: 0, max: 0, avg: 0.00)
Number of refs with location-based cutoff:                0

CEGAR algorithm statistics
--------------------------
Number of refinements:                135
Number of successful refinements:     135
Number of failed refinements:         0
Max. size of reached set before ref.: 195
Max. size of reached set after ref.:  191
Avg. size of reached set before ref.: 84.36
Avg. size of reached set after ref.:  66.13

Total time for CEGAR algorithm:      27.358s
Time for refinements:                 1.511s
Average time for refinement:          0.011s
Max time for refinement:              0.089s

Code Coverage
-----------------------------
  Function coverage:      1.000
  Visited lines:          143
  Total lines:            164
  Line coverage:          0.872
  Visited conditions:     4
  Total conditions:       18
  Condition coverage:     0.222

CPAchecker general statistics
-----------------------------
Number of program locations:     329
Number of CFA edges:             337
Number of relevant variables:    5
Number of functions:             1
Number of loops:                 3
Size of reached set:             11
  Number of reached locations:   11 (3%)
    Avg states per location:     1
    Max states per location:     1 (at node N1)
  Number of reached functions:   1 (100%)
  Number of partitions:          11
    Avg size of partitions:      1
    Max size of partitions:      1
  Number of target states:       0
  Size of final wait list        2

Time for analysis setup:          2.904s
  Time for loading CPAs:          0.840s
  Time for loading parser:        0.659s
  Time for CFA construction:      1.266s
    Time for parsing file(s):     0.572s
    Time for AST to CFA:          0.236s
    Time for CFA sanity check:    0.056s
    Time for post-processing:     0.245s
      Time for var class.:        0.078s
Time for Analysis:               27.358s
CPU time for analysis:           27.360s
Total time for CPAchecker:       30.266s
Total CPU time for CPAchecker:   30.260s
Time for statistics:              0.081s

Time for Garbage Collector:       0.223s (in 33 runs)
Garbage Collector(s) used:    Copy, MarkSweepCompact
Used heap memory:                 60MB (    57 MiB) max;     41MB (    39 MiB) avg;     64MB (    61 MiB) peak
Used non-heap memory:             34MB (    33 MiB) max;     32MB (    31 MiB) avg;     35MB (    34 MiB) peak
Allocated heap memory:           127MB (   121 MiB) max;    127MB (   121 MiB) avg
Allocated non-heap memory:        37MB (    35 MiB) max;     35MB (    33 MiB) avg
Total process virtual memory:   8085MB (  7711 MiB) max;   8075MB (  7701 MiB) avg

Verification result: UNKNOWN, incomplete analysis.
More details about the verification run can be found in the directory "./output".
