scripts/cpa.sh -Dy-MySearchStrategy-PredAbs-ABElf -heap 5600000000 -timelimit 900 -preprocess -stats -noout -setprop cpa.predicate.memoryAllocationsAlwaysSucceed=true -spec ../sv-benchmarks/c/ReachSafety.prp ../sv-benchmarks/c/ldv-consumption/32_7a_cilled_true-unreach-call_linux-3.8-rc1-32_7a-drivers--pcmcia--pcmcia.ko-ldv_main2_sequence_infinite_withcheck_stateful.cil.out.c


--------------------------------------------------------------------------------


Running CPAchecker with Java heap of size 5600000000.
Running CPAchecker with default stack size (1024k). Specify a larger value with -stack if needed.
Running CPAchecker with the following extra VM options:  -Djava.io.tmpdir=/tmp/BenchExec_run_yquza8px/tmp
Using the following resource limits: CPU-time limit of 900s (ResourceLimitChecker.fromConfiguration, INFO)

CPAchecker (unknown version) (OpenJDK 64-Bit Server VM 1.8.0_151) started (CPAchecker.run, INFO)

line 8092: Dead code detected: return (ldv_func_res); (CFACreationUtils.addEdgeToCFA, INFO)

line 10240: Dead code detected: return (ldv_func_res); (CFACreationUtils.addEdgeToCFA, INFO)

line 13226: Dead code detected: return (ldv_func_res); (CFACreationUtils.addEdgeToCFA, INFO)

line 13958: Dead code detected: return (ldv_func_res); (CFACreationUtils.addEdgeToCFA, INFO)

Inline assembler ignored, analysis is probably unsound! (CFABuilder.createCFA, WARNING)

lines 8967-8968: Function pointer *(s->resource_ops->find_io) with type int (*)(struct pcmcia_socket *, unsigned int, unsigned int *, unsigned int, unsigned int, struct resource **) is called, but no possible target functions were found. (CFunctionPointerResolver.replaceFunctionPointerCall, WARNING)

line 7665: Function pointer *(p_drv->resume) with type int (*)(struct pcmcia_device *) is called, but no possible target functions were found. (CFunctionPointerResolver.replaceFunctionPointerCall, WARNING)

line 7558: Function pointer *(p_drv->suspend) with type int (*)(struct pcmcia_device *) is called, but no possible target functions were found. (CFunctionPointerResolver.replaceFunctionPointerCall, WARNING)

line 5899: Function pointer *(p_drv->probe) with type int (*)(struct pcmcia_device *) is called, but no possible target functions were found. (CFunctionPointerResolver.replaceFunctionPointerCall, WARNING)

line 6080: Function pointer *(p_drv->remove) with type void (*)(struct pcmcia_device *) is called, but no possible target functions were found. (CFunctionPointerResolver.replaceFunctionPointerCall, WARNING)

line 13736: Function pointer *(cfg_mem->conf_check) with type int (*)(struct pcmcia_device *, void *) is called, but no possible target functions were found. (CFunctionPointerResolver.replaceFunctionPointerCall, WARNING)

line 9490: Function pointer *(s->ops->set_socket) with type int (*)(struct pcmcia_socket *, socket_state_t *) is called, but no possible target functions were found. (CFunctionPointerResolver.replaceFunctionPointerCall, WARNING)

line 9535: Function pointer *(s->ops->set_socket) with type int (*)(struct pcmcia_socket *, socket_state_t *) is called, but no possible target functions were found. (CFunctionPointerResolver.replaceFunctionPointerCall, WARNING)

line 9670: Function pointer *(s->ops->set_io_map) with type int (*)(struct pcmcia_socket *, struct pccard_io_map *) is called, but no possible target functions were found. (CFunctionPointerResolver.replaceFunctionPointerCall, WARNING)

line 9170: Function pointer *(s->ops->set_io_map) with type int (*)(struct pcmcia_socket *, struct pccard_io_map *) is called, but no possible target functions were found. (CFunctionPointerResolver.replaceFunctionPointerCall, WARNING)

line 9183: Function pointer *(s->ops->set_io_map) with type int (*)(struct pcmcia_socket *, struct pccard_io_map *) is called, but no possible target functions were found. (CFunctionPointerResolver.replaceFunctionPointerCall, WARNING)

line 9245: Function pointer *(s->ops->set_socket) with type int (*)(struct pcmcia_socket *, socket_state_t *) is called, but no possible target functions were found. (CFunctionPointerResolver.replaceFunctionPointerCall, WARNING)

line 9092: Function pointer *(s->ops->set_mem_map) with type int (*)(struct pcmcia_socket *, struct pccard_mem_map *) is called, but no possible target functions were found. (CFunctionPointerResolver.replaceFunctionPointerCall, WARNING)

line 9307: Function pointer *(s->ops->set_io_map) with type int (*)(struct pcmcia_socket *, struct pccard_io_map *) is called, but no possible target functions were found. (CFunctionPointerResolver.replaceFunctionPointerCall, WARNING)

line 9282: Function pointer *(s->ops->set_socket) with type int (*)(struct pcmcia_socket *, socket_state_t *) is called, but no possible target functions were found. (CFunctionPointerResolver.replaceFunctionPointerCall, WARNING)

line 9410: Function pointer *(s->ops->set_mem_map) with type int (*)(struct pcmcia_socket *, struct pccard_mem_map *) is called, but no possible target functions were found. (CFunctionPointerResolver.replaceFunctionPointerCall, WARNING)

line 10100: Function pointer *(s->ops->set_mem_map) with type int (*)(struct pcmcia_socket *, struct pccard_mem_map *) is called, but no possible target functions were found. (CFunctionPointerResolver.replaceFunctionPointerCall, WARNING)

line 10654: Function pointer *(s->ops->set_mem_map) with type int (*)(struct pcmcia_socket *, struct pccard_mem_map *) is called, but no possible target functions were found. (CFunctionPointerResolver.replaceFunctionPointerCall, WARNING)

MathSAT5 is available for research and evaluation purposes only. It can not be used in a commercial environment, particularly as part of a commercial product, without written permission. MathSAT5 is provided as is, without any warranty. Please write to mathsat@fbk.eu for additional questions regarding licensing MathSAT5 or obtaining more up-to-date versions. (PredicateCPA:JavaSMT:Mathsat5SolverContext.<init>, WARNING)

Using predicate analysis with MathSAT5 version 5.3.14 (0b98b661254c) (Nov 17 2016 10:59:45, gmp 5.1.3, gcc 4.8.5, 64-bit) and JFactory 1.21. (PredicateCPA:PredicateCPA.<init>, INFO)

Using refinement for predicate analysis with PredicateAbstractionRefinementStrategy strategy. (PredicateCPA:PredicateCPARefiner.<init>, INFO)

Starting analysis ... (CPAchecker.runAlgorithm, INFO)

line 13137: Destroying the void* pointer ldv_init_zalloc::tmp produces garbage or the memory pointed by it is unused: var_group1 = ldv_init_zalloc(228); (PredicateCPA:DynamicMemoryHandler.handleDeferredAllocationInFunctionExit, WARNING)

line 13138: Destroying the void* pointer ldv_init_zalloc::tmp produces garbage or the memory pointed by it is unused: var_group1 = ldv_init_zalloc(36); (PredicateCPA:DynamicMemoryHandler.handleDeferredAllocationInFunctionExit, WARNING)

Assuming external function ldv_handler_precall to be a constant function. (PredicateCPA:ExpressionToFormulaVisitor.visit, INFO)

Assuming external function memset to be a pure function. (PredicateCPA:ExpressionToFormulaVisitor.visit, INFO)

Assuming external function __dynamic_dev_dbg to be a pure function. (PredicateCPA:ExpressionToFormulaVisitor.visit, INFO)

Assuming external function mutex_lock to be a pure function. (PredicateCPA:ExpressionToFormulaVisitor.visit, INFO)

Assuming external function mutex_unlock to be a pure function. (PredicateCPA:ExpressionToFormulaVisitor.visit, INFO)

Assuming external function iounmap to be a pure function. (PredicateCPA:ExpressionToFormulaVisitor.visit, INFO)

Assuming external function __list_add to be a pure function. (PredicateCPA:ExpressionToFormulaVisitor.visit, INFO)

Assuming external function ioremap_nocache to be a pure function. (PredicateCPA:ExpressionToFormulaVisitor.visit, INFO)

Assuming external function dev_printk to be a pure function. (PredicateCPA:ExpressionToFormulaVisitor.visit, INFO)

Assuming external function list_del to be a pure function. (PredicateCPA:ExpressionToFormulaVisitor.visit, INFO)

Shutdown requested (The CPU-time limit of 900s has elapsed.), waiting for termination. (ForceTerminationOnShutdown$1.shutdownRequested, WARNING)

Warning: Analysis interrupted (The CPU-time limit of 900s has elapsed.) (ShutdownNotifier.shutdownIfNecessary, WARNING)

PredicateCPA statistics
-----------------------
Number of abstractions:            1309803 (17% of all post computations)
  Times abstraction was reused:    0
  Because of function entry/exit:  1188233 (91%)
  Because of loop head:            108129 (8%)
  Because of join nodes:           0 (0%)
  Because of threshold:            0 (0%)
  Because of target state:         13441 (1%)
  Times precision was empty:       199533 (15%)
  Times precision was {false}:     1295 (0%)
  Times result was cached:         1107771 (85%)
  Times cartesian abs was used:    0 (0%)
  Times boolean abs was used:      1204 (0%)
  Times result was 'false':        70083 (5%)
Number of strengthen sat checks:   0
Number of coverage checks:         1104053
  BDD entailment checks:           293183
Number of SMT sat checks:          0
  trivial:                         0
  cached:                          0

Max ABE block size:                       30
Number of predicates discovered:          4
Number of abstraction locations:          87
Max number of predicates per location:    3
Avg number of predicates per location:    1
Total predicates per abstraction:         1315116
Max number of predicates per abstraction: 3
Avg number of predicates per abstraction: 526.26
Number of irrelevant predicates:          405495 (31%)
Number of preds handled by boolean abs:   1361 (0%)
  Total number of models for allsat:      1232
  Max number of models for allsat:        2
  Avg number of models for allsat:        1.02

Time for post operator:                 22.180s
  Time for path formula creation:       20.431s
Time for strengthen operator:            4.686s
Time for prec operator:                103.400s
  Time for abstraction:                 94.162s (Max:     0.042s, Count: 1309803)
    Boolean abstraction:                 3.417s
    Solving time:                        7.129s (Max:     0.039s)
    Model enumeration time:              0.199s
    Time for BDD construction:           0.076s (Max:     0.010s)
Time for merge operator:                 2.014s
Time for coverage check:                 0.333s
  Time for BDD entailment checks:        0.219s
Total time for SMT solver (w/o itp):     7.328s

Number of path formula cache hits:   9408117 (99%)

Inside post operator:                  
  Inside path formula creation:        
    Time for path formula computation:     6.580s

Total number of created targets for pointer analysis: 88960
   Number of created targets for uf: *unsigned_char is 2118
   Number of created targets for uf: *unsigned_int is 2998


Number of BDD nodes:                               207
Size of BDD node table:                            270749
Size of BDD cache:                                 27073
Size of BDD node cleanup queue:                        2428 (count: 506621, min: 0, max: 70, avg: 0.00)
Time for BDD node cleanup:                             0.081s
Time for BDD garbage collection:                       0.000s (in 0 runs)

PrecisionBootstrap statistics
-----------------------------
Init. function predicates:                         0
Init. global predicates:                           0
Init. location predicates:                         0

Invariant Generation statistics
-------------------------------

AutomatonAnalysis (SVCOMP) statistics
-------------------------------------
Number of states:                                  1
Total time for successor computation:                  7.176s
  Time for transition matches:                         3.981s
  Time for transition assertions:                      0.007s
  Time for transition actions:                         0.029s
Automaton transfers with branching:                0
Automaton transfer successors:                      7899804 (count: 7899804, min: 1, max: 1, avg: 1.00) [1 x 7899804]

CPA algorithm statistics
------------------------
Number of iterations:            5394704
Max size of waitlist:            49
Average size of waitlist:        35
Number of computed successors:   6193191
Max successors for one state:    2
Number of times merged:          405435
Number of times stopped:         635841
Number of times breaked:         13441

Total time for CPA algorithm:       220.102s (Max:     0.900s)
  Time for choose from waitlist:      1.307s
  Time for precision adjustment:    122.954s
  Time for transfer relation:        74.811s
  Time for merge operator:            5.075s
  Time for stop operator:             4.380s
  Time for adding to reached set:     4.120s

Predicate-Abstraction Refiner statistics
----------------------------------------
Number of predicate refinements:                   13441
Avg. length of target path (in blocks):             1084376 (count: 13441, min: 29, max: 115, avg: 80.68)
Number of infeasible sliced prefixes:                     0 (count: 0, min: 0, max: 0, avg: 0.00)

Time for refinement:                                 643.166s
  Counterexample analysis:                           627.998s (Max:     0.131s, Calls: 13441)
    Refinement sat check:                            465.359s
    Interpolant computation:                           0.000s
  Path-formulas extraction:                            0.423s
  Error path post-processing:                          0.000s
  Predicate creation:                                  1.169s
  Precision update:                                    1.311s
  ARG update:                                          7.751s

Length of refined path (in blocks):                 1063863 (count: 13441, min: 21, max: 114, avg: 79.15)
Number of affected states:                           221742 (count: 13441, min: 0, max: 50, avg: 16.50)
Length (states) of path with itp 'true':             828680 (count: 13441, min: 5, max: 93, avg: 61.65)
Length (states) of path with itp non-trivial itp:    221742 (count: 13441, min: 0, max: 50, avg: 16.50)
Length (states) of path with itp 'false':             13441 (count: 13441, min: 1, max: 1, avg: 1.00)
Different non-trivial interpolants along paths:           0 (count: 13441, min: 0, max: 0, avg: 0.00)
Equal non-trivial interpolants along paths:          208304 (count: 13441, min: 0, max: 49, avg: 15.50)
Number of refs with location-based cutoff:                0

CEGAR algorithm statistics
--------------------------
Number of refinements:                13441
Number of successful refinements:     13441
Number of failed refinements:         0
Max. size of reached set before ref.: 3709
Max. size of reached set after ref.:  3501
Avg. size of reached set before ref.: 2025.52
Avg. size of reached set after ref.:  1617.48

Total time for CEGAR algorithm:     895.391s
Time for refinements:               664.900s
Average time for refinement:          0.049s
Max time for refinement:              0.133s

Code Coverage
-----------------------------
  Function coverage:      0.105
  Visited lines:          1449
  Total lines:            5886
  Line coverage:          0.246
  Visited conditions:     206
  Total conditions:       1648
  Condition coverage:     0.125

CPAchecker general statistics
-----------------------------
Number of program locations:     8302
Number of CFA edges:             9421
Number of relevant variables:    1233
Number of functions:             324
Number of loops:                 63
Size of reached set:             2916
  Number of reached locations:   542 (7%)
    Avg states per location:     5
    Max states per location:     42 (at node N4332)
  Number of reached functions:   34 (10%)
  Number of partitions:          2897
    Avg size of partitions:      1
    Max size of partitions:      2 (with key [N6724 (before line 13160), Function main called from node N6685, stack depth 1 [11399548], stack [main]])
  Number of target states:       0
  Size of final wait list        26

Time for analysis setup:          4.940s
  Time for loading CPAs:          0.805s
  Time for loading parser:        0.461s
  Time for CFA construction:      3.568s
    Time for parsing file(s):     0.740s
    Time for AST to CFA:          1.260s
    Time for CFA sanity check:    0.390s
    Time for post-processing:     1.034s
      Time for var class.:        0.452s
Time for Analysis:              895.391s
CPU time for analysis:          895.280s
Total time for CPAchecker:      900.334s
Total CPU time for CPAchecker:  900.210s
Time for statistics:              0.114s

Time for Garbage Collector:      10.393s (in 3062 runs)
Garbage Collector(s) used:    Copy, MarkSweepCompact
Used heap memory:                120MB (   114 MiB) max;     86MB (    82 MiB) avg;    123MB (   117 MiB) peak
Used non-heap memory:             41MB (    39 MiB) max;     40MB (    38 MiB) avg;     42MB (    40 MiB) peak
Allocated heap memory:           127MB (   121 MiB) max;    127MB (   121 MiB) avg
Allocated non-heap memory:        44MB (    42 MiB) max;     43MB (    41 MiB) avg
Total process virtual memory:   8220MB (  7840 MiB) max;   8148MB (  7771 MiB) avg

Verification result: UNKNOWN, incomplete analysis.
More details about the verification run can be found in the directory "./output".
