scripts/cpa.sh -Dy-MySearchStrategy-PredAbs-ABElf -heap 5600000000 -timelimit 900 -preprocess -stats -noout -setprop cpa.predicate.memoryAllocationsAlwaysSucceed=true -spec ../sv-benchmarks/c/ReachSafety.prp ../sv-benchmarks/c/ldv-consumption/32_7a_cilled_true-unreach-call_linux-3.8-rc1-32_7a-drivers--pcmcia--pcmcia.ko-ldv_main2_sequence_infinite_withcheck_stateful.cil.out.c


--------------------------------------------------------------------------------


Running CPAchecker with Java heap of size 5600000000.
Running CPAchecker with default stack size (1024k). Specify a larger value with -stack if needed.
Running CPAchecker with the following extra VM options:  -Djava.io.tmpdir=/tmp/BenchExec_run_u7zkegnl/tmp
Using the following resource limits: CPU-time limit of 900s (ResourceLimitChecker.fromConfiguration, INFO)

CPAchecker (unknown version) (OpenJDK 64-Bit Server VM 1.8.0_151) started (CPAchecker.run, INFO)

line 8092: Dead code detected: return (ldv_func_res); (CFACreationUtils.addEdgeToCFA, INFO)

line 10240: Dead code detected: return (ldv_func_res); (CFACreationUtils.addEdgeToCFA, INFO)

line 13226: Dead code detected: return (ldv_func_res); (CFACreationUtils.addEdgeToCFA, INFO)

line 13958: Dead code detected: return (ldv_func_res); (CFACreationUtils.addEdgeToCFA, INFO)

Inline assembler ignored, analysis is probably unsound! (CFABuilder.createCFA, WARNING)

lines 8967-8968: Function pointer *(s->resource_ops->find_io) with type int (*)(struct pcmcia_socket *, unsigned int, unsigned int *, unsigned int, unsigned int, struct resource **) is called, but no possible target functions were found. (CFunctionPointerResolver.replaceFunctionPointerCall, WARNING)

line 7665: Function pointer *(p_drv->resume) with type int (*)(struct pcmcia_device *) is called, but no possible target functions were found. (CFunctionPointerResolver.replaceFunctionPointerCall, WARNING)

line 7558: Function pointer *(p_drv->suspend) with type int (*)(struct pcmcia_device *) is called, but no possible target functions were found. (CFunctionPointerResolver.replaceFunctionPointerCall, WARNING)

line 5899: Function pointer *(p_drv->probe) with type int (*)(struct pcmcia_device *) is called, but no possible target functions were found. (CFunctionPointerResolver.replaceFunctionPointerCall, WARNING)

line 6080: Function pointer *(p_drv->remove) with type void (*)(struct pcmcia_device *) is called, but no possible target functions were found. (CFunctionPointerResolver.replaceFunctionPointerCall, WARNING)

line 13736: Function pointer *(cfg_mem->conf_check) with type int (*)(struct pcmcia_device *, void *) is called, but no possible target functions were found. (CFunctionPointerResolver.replaceFunctionPointerCall, WARNING)

line 9490: Function pointer *(s->ops->set_socket) with type int (*)(struct pcmcia_socket *, socket_state_t *) is called, but no possible target functions were found. (CFunctionPointerResolver.replaceFunctionPointerCall, WARNING)

line 9535: Function pointer *(s->ops->set_socket) with type int (*)(struct pcmcia_socket *, socket_state_t *) is called, but no possible target functions were found. (CFunctionPointerResolver.replaceFunctionPointerCall, WARNING)

line 9670: Function pointer *(s->ops->set_io_map) with type int (*)(struct pcmcia_socket *, struct pccard_io_map *) is called, but no possible target functions were found. (CFunctionPointerResolver.replaceFunctionPointerCall, WARNING)

line 9170: Function pointer *(s->ops->set_io_map) with type int (*)(struct pcmcia_socket *, struct pccard_io_map *) is called, but no possible target functions were found. (CFunctionPointerResolver.replaceFunctionPointerCall, WARNING)

line 9183: Function pointer *(s->ops->set_io_map) with type int (*)(struct pcmcia_socket *, struct pccard_io_map *) is called, but no possible target functions were found. (CFunctionPointerResolver.replaceFunctionPointerCall, WARNING)

line 9245: Function pointer *(s->ops->set_socket) with type int (*)(struct pcmcia_socket *, socket_state_t *) is called, but no possible target functions were found. (CFunctionPointerResolver.replaceFunctionPointerCall, WARNING)

line 9092: Function pointer *(s->ops->set_mem_map) with type int (*)(struct pcmcia_socket *, struct pccard_mem_map *) is called, but no possible target functions were found. (CFunctionPointerResolver.replaceFunctionPointerCall, WARNING)

line 9307: Function pointer *(s->ops->set_io_map) with type int (*)(struct pcmcia_socket *, struct pccard_io_map *) is called, but no possible target functions were found. (CFunctionPointerResolver.replaceFunctionPointerCall, WARNING)

line 9282: Function pointer *(s->ops->set_socket) with type int (*)(struct pcmcia_socket *, socket_state_t *) is called, but no possible target functions were found. (CFunctionPointerResolver.replaceFunctionPointerCall, WARNING)

line 9410: Function pointer *(s->ops->set_mem_map) with type int (*)(struct pcmcia_socket *, struct pccard_mem_map *) is called, but no possible target functions were found. (CFunctionPointerResolver.replaceFunctionPointerCall, WARNING)

line 10100: Function pointer *(s->ops->set_mem_map) with type int (*)(struct pcmcia_socket *, struct pccard_mem_map *) is called, but no possible target functions were found. (CFunctionPointerResolver.replaceFunctionPointerCall, WARNING)

line 10654: Function pointer *(s->ops->set_mem_map) with type int (*)(struct pcmcia_socket *, struct pccard_mem_map *) is called, but no possible target functions were found. (CFunctionPointerResolver.replaceFunctionPointerCall, WARNING)

MathSAT5 is available for research and evaluation purposes only. It can not be used in a commercial environment, particularly as part of a commercial product, without written permission. MathSAT5 is provided as is, without any warranty. Please write to mathsat@fbk.eu for additional questions regarding licensing MathSAT5 or obtaining more up-to-date versions. (PredicateCPA:JavaSMT:Mathsat5SolverContext.<init>, WARNING)

Using predicate analysis with MathSAT5 version 5.3.14 (0b98b661254c) (Nov 17 2016 10:59:45, gmp 5.1.3, gcc 4.8.5, 64-bit) and JFactory 1.21. (PredicateCPA:PredicateCPA.<init>, INFO)

Using refinement for predicate analysis with PredicateAbstractionRefinementStrategy strategy. (PredicateCPA:PredicateCPARefiner.<init>, INFO)

Starting analysis ... (CPAchecker.runAlgorithm, INFO)

line 13137: Destroying the void* pointer ldv_init_zalloc::tmp produces garbage or the memory pointed by it is unused: var_group1 = ldv_init_zalloc(228); (PredicateCPA:DynamicMemoryHandler.handleDeferredAllocationInFunctionExit, WARNING)

line 13138: Destroying the void* pointer ldv_init_zalloc::tmp produces garbage or the memory pointed by it is unused: var_group1 = ldv_init_zalloc(36); (PredicateCPA:DynamicMemoryHandler.handleDeferredAllocationInFunctionExit, WARNING)

Assuming external function ldv_handler_precall to be a constant function. (PredicateCPA:ExpressionToFormulaVisitor.visit, INFO)

Assuming external function memset to be a pure function. (PredicateCPA:ExpressionToFormulaVisitor.visit, INFO)

Assuming external function __dynamic_dev_dbg to be a pure function. (PredicateCPA:ExpressionToFormulaVisitor.visit, INFO)

Assuming external function mutex_lock to be a pure function. (PredicateCPA:ExpressionToFormulaVisitor.visit, INFO)

Assuming external function mutex_unlock to be a pure function. (PredicateCPA:ExpressionToFormulaVisitor.visit, INFO)

Assuming external function iounmap to be a pure function. (PredicateCPA:ExpressionToFormulaVisitor.visit, INFO)

Assuming external function __list_add to be a pure function. (PredicateCPA:ExpressionToFormulaVisitor.visit, INFO)

Assuming external function ioremap_nocache to be a pure function. (PredicateCPA:ExpressionToFormulaVisitor.visit, INFO)

Assuming external function dev_printk to be a pure function. (PredicateCPA:ExpressionToFormulaVisitor.visit, INFO)

Assuming external function list_del to be a pure function. (PredicateCPA:ExpressionToFormulaVisitor.visit, INFO)

Shutdown requested (The CPU-time limit of 900s has elapsed.), waiting for termination. (ForceTerminationOnShutdown$1.shutdownRequested, WARNING)

Warning: Analysis interrupted (The CPU-time limit of 900s has elapsed.) (ShutdownNotifier.shutdownIfNecessary, WARNING)

PredicateCPA statistics
-----------------------
Number of abstractions:            1352200 (17% of all post computations)
  Times abstraction was reused:    0
  Because of function entry/exit:  1226631 (91%)
  Because of loop head:            111703 (8%)
  Because of join nodes:           0 (0%)
  Because of threshold:            0 (0%)
  Because of target state:         13866 (1%)
  Times precision was empty:       205668 (15%)
  Times precision was {false}:     1323 (0%)
  Times result was cached:         1143952 (85%)
  Times cartesian abs was used:    0 (0%)
  Times boolean abs was used:      1257 (0%)
  Times result was 'false':        72328 (5%)
Number of strengthen sat checks:   0
Number of coverage checks:         1140983
  BDD entailment checks:           303009
Number of SMT sat checks:          0
  trivial:                         0
  cached:                          0

Max ABE block size:                       30
Number of predicates discovered:          4
Number of abstraction locations:          72
Max number of predicates per location:    2
Avg number of predicates per location:    1
Total predicates per abstraction:         1358272
Max number of predicates per abstraction: 3
Avg number of predicates per abstraction: 526.46
Number of irrelevant predicates:          419073 (31%)
Number of preds handled by boolean abs:   1420 (0%)
  Total number of models for allsat:      1285
  Max number of models for allsat:        2
  Avg number of models for allsat:        1.02

Time for post operator:                 22.598s
  Time for path formula creation:       20.836s
Time for strengthen operator:            4.151s
Time for prec operator:                103.273s
  Time for abstraction:                 94.278s (Max:     0.031s, Count: 1352200)
    Boolean abstraction:                 3.460s
    Solving time:                        7.354s (Max:     0.029s)
    Model enumeration time:              0.188s
    Time for BDD construction:           0.073s (Max:     0.012s)
Time for merge operator:                 2.164s
Time for coverage check:                 0.321s
  Time for BDD entailment checks:        0.224s
Total time for SMT solver (w/o itp):     7.542s

Number of path formula cache hits:   9702122 (99%)

Inside post operator:                  
  Inside path formula creation:        
    Time for path formula computation:     7.353s

Total number of created targets for pointer analysis: 101570
   Number of created targets for uf: *unsigned_char is 2448
   Number of created targets for uf: *unsigned_int is 3358


Number of BDD nodes:                               207
Size of BDD node table:                            270749
Size of BDD cache:                                 27073
Size of BDD node cleanup queue:                        2534 (count: 523048, min: 0, max: 82, avg: 0.00)
Time for BDD node cleanup:                             0.089s
Time for BDD garbage collection:                       0.000s (in 0 runs)

PrecisionBootstrap statistics
-----------------------------
Init. function predicates:                         0
Init. global predicates:                           0
Init. location predicates:                         0

Invariant Generation statistics
-------------------------------

AutomatonAnalysis (SVCOMP) statistics
-------------------------------------
Number of states:                                  1
Total time for successor computation:                  7.318s
  Time for transition matches:                         3.956s
  Time for transition assertions:                      0.015s
  Time for transition actions:                         0.027s
Automaton transfers with branching:                0
Automaton transfer successors:                      8158954 (count: 8158954, min: 1, max: 1, avg: 1.00) [1 x 8158954]

CPA algorithm statistics
------------------------
Number of iterations:            5571117
Max size of waitlist:            49
Average size of waitlist:        35
Number of computed successors:   6396080
Max successors for one state:    2
Number of times merged:          418987
Number of times stopped:         657098
Number of times breaked:         13866

Total time for CPA algorithm:       221.609s (Max:     0.919s)
  Time for choose from waitlist:      1.456s
  Time for precision adjustment:    123.059s
  Time for transfer relation:        76.191s
  Time for merge operator:            5.122s
  Time for stop operator:             4.343s
  Time for adding to reached set:     3.919s

Predicate-Abstraction Refiner statistics
----------------------------------------
Number of predicate refinements:                   13866
Avg. length of target path (in blocks):             1119075 (count: 13866, min: 29, max: 115, avg: 80.71)
Number of infeasible sliced prefixes:                     0 (count: 0, min: 0, max: 0, avg: 0.00)

Time for refinement:                                 641.019s
  Counterexample analysis:                           625.977s (Max:     0.125s, Calls: 13866)
    Refinement sat check:                            465.069s
    Interpolant computation:                           0.000s
  Path-formulas extraction:                            0.404s
  Error path post-processing:                          0.000s
  Predicate creation:                                  1.108s
  Precision update:                                    1.300s
  ARG update:                                          7.745s

Length of refined path (in blocks):                 1097801 (count: 13865, min: 21, max: 114, avg: 79.18)
Number of affected states:                           228767 (count: 13865, min: 0, max: 50, avg: 16.50)
Length (states) of path with itp 'true':             855169 (count: 13865, min: 5, max: 93, avg: 61.68)
Length (states) of path with itp non-trivial itp:    228767 (count: 13865, min: 0, max: 50, avg: 16.50)
Length (states) of path with itp 'false':             13865 (count: 13865, min: 1, max: 1, avg: 1.00)
Different non-trivial interpolants along paths:           0 (count: 13865, min: 0, max: 0, avg: 0.00)
Equal non-trivial interpolants along paths:          214905 (count: 13865, min: 0, max: 49, avg: 15.50)
Number of refs with location-based cutoff:                0

CEGAR algorithm statistics
--------------------------
Number of refinements:                13866
Number of successful refinements:     13865
Number of failed refinements:         0
Max. size of reached set before ref.: 3960
Max. size of reached set after ref.:  3721
Avg. size of reached set before ref.: 2046.49
Avg. size of reached set after ref.:  1637.93

Total time for CEGAR algorithm:     895.278s
Time for refinements:               663.243s
Average time for refinement:          0.047s
Max time for refinement:              0.297s

Code Coverage
-----------------------------
  Function coverage:      0.090
  Visited lines:          1357
  Total lines:            5886
  Line coverage:          0.231
  Visited conditions:     168
  Total conditions:       1648
  Condition coverage:     0.102

CPAchecker general statistics
-----------------------------
Number of program locations:     8302
Number of CFA edges:             9421
Number of relevant variables:    1233
Number of functions:             324
Number of loops:                 63
Size of reached set:             1261
  Number of reached locations:   436 (5%)
    Avg states per location:     2
    Max states per location:     15 (at node N7349)
  Number of reached functions:   29 (9%)
  Number of partitions:          1250
    Avg size of partitions:      1
    Max size of partitions:      2 (with key [N6724 (before line 13160), Function main called from node N6685, stack depth 1 [11399548], stack [main]])
  Number of target states:       1
  Size of final wait list        43

Time for analysis setup:          5.046s
  Time for loading CPAs:          0.808s
  Time for loading parser:        0.486s
  Time for CFA construction:      3.637s
    Time for parsing file(s):     0.777s
    Time for AST to CFA:          1.252s
    Time for CFA sanity check:    0.402s
    Time for post-processing:     1.059s
      Time for var class.:        0.448s
Time for Analysis:              895.278s
CPU time for analysis:          895.180s
Total time for CPAchecker:      900.327s
Total CPU time for CPAchecker:  900.210s
Time for statistics:              0.093s

Time for Garbage Collector:      10.320s (in 3127 runs)
Garbage Collector(s) used:    Copy, MarkSweepCompact
Used heap memory:                125MB (   119 MiB) max;     87MB (    83 MiB) avg;    143MB (   136 MiB) peak
Used non-heap memory:             40MB (    38 MiB) max;     40MB (    38 MiB) avg;     40MB (    38 MiB) peak
Allocated heap memory:           183MB (   174 MiB) max;    128MB (   122 MiB) avg
Allocated non-heap memory:        43MB (    41 MiB) max;     42MB (    40 MiB) avg
Total process virtual memory:   8219MB (  7839 MiB) max;   8150MB (  7773 MiB) avg

Verification result: UNKNOWN, incomplete analysis.
More details about the verification run can be found in the directory "./output".
