scripts/cpa.sh -Dy-MySearchStrategy-PredAbs-ABElf -heap 5600000000 -timelimit 30 -preprocess -stats -noout -setprop cpa.predicate.memoryAllocationsAlwaysSucceed=true -spec ../sv-benchmarks/c/ReachSafety.prp ../sv-benchmarks/c/product-lines/minepump_spec3_product61_true-unreach-call_false-termination.cil.c


--------------------------------------------------------------------------------


Running CPAchecker with Java heap of size 5600000000.
Running CPAchecker with default stack size (1024k). Specify a larger value with -stack if needed.
Running CPAchecker with the following extra VM options:  -Djava.io.tmpdir=/tmp/BenchExec_run_5kztugwx/tmp
Using the following resource limits: CPU-time limit of 30s (ResourceLimitChecker.fromConfiguration, INFO)

CPAchecker (unknown version) (OpenJDK 64-Bit Server VM 1.8.0_151) started (CPAchecker.run, INFO)

line 272: Dead code detected: return (retValue_acc); (CFACreationUtils.addEdgeToCFA, INFO)

line 281: Dead code detected: return (retValue_acc); (CFACreationUtils.addEdgeToCFA, INFO)

line 336: Dead code detected: return (retValue_acc); (CFACreationUtils.addEdgeToCFA, INFO)

line 355: Dead code detected: return (retValue_acc); (CFACreationUtils.addEdgeToCFA, INFO)

line 404: Dead code detected: return (retValue_acc); (CFACreationUtils.addEdgeToCFA, INFO)

line 436: Dead code detected: return (retValue_acc); (CFACreationUtils.addEdgeToCFA, INFO)

line 450: Dead code detected: return (retValue_acc); (CFACreationUtils.addEdgeToCFA, INFO)

line 459: Dead code detected: return (retValue_acc); (CFACreationUtils.addEdgeToCFA, INFO)

line 567: Dead code detected: return (retValue_acc); (CFACreationUtils.addEdgeToCFA, INFO)

line 613: Dead code detected: return (retValue_acc); (CFACreationUtils.addEdgeToCFA, INFO)

line 636: Dead code detected: return (retValue_acc); (CFACreationUtils.addEdgeToCFA, INFO)

line 956: Dead code detected: return (retValue_acc); (CFACreationUtils.addEdgeToCFA, INFO)

line 1002: Dead code detected: return (retValue_acc); (CFACreationUtils.addEdgeToCFA, INFO)

line 793: Function pointer *__cil_tmp10 with type int (*)(int, int) is called, but no possible target functions were found. (CFunctionPointerResolver.replaceFunctionPointerCall, WARNING)

MathSAT5 is available for research and evaluation purposes only. It can not be used in a commercial environment, particularly as part of a commercial product, without written permission. MathSAT5 is provided as is, without any warranty. Please write to mathsat@fbk.eu for additional questions regarding licensing MathSAT5 or obtaining more up-to-date versions. (PredicateCPA:JavaSMT:Mathsat5SolverContext.<init>, WARNING)

Using predicate analysis with MathSAT5 version 5.3.14 (0b98b661254c) (Nov 17 2016 10:59:45, gmp 5.1.3, gcc 4.8.5, 64-bit) and JFactory 1.21. (PredicateCPA:PredicateCPA.<init>, INFO)

Using refinement for predicate analysis with PredicateAbstractionRefinementStrategy strategy. (PredicateCPA:PredicateCPARefiner.<init>, INFO)

Starting analysis ... (CPAchecker.runAlgorithm, INFO)

Shutdown requested (The CPU-time limit of 30s has elapsed.), waiting for termination. (ForceTerminationOnShutdown$1.shutdownRequested, WARNING)

Warning: Analysis interrupted (The CPU-time limit of 30s has elapsed.) (ShutdownNotifier.shutdownIfNecessary, WARNING)

PredicateCPA statistics
-----------------------
Number of abstractions:            52040 (26% of all post computations)
  Times abstraction was reused:    0
  Because of function entry/exit:  51310 (99%)
  Because of loop head:            595 (1%)
  Because of join nodes:           0 (0%)
  Because of threshold:            0 (0%)
  Because of target state:         135 (0%)
  Times precision was empty:       6310 (12%)
  Times precision was {false}:     255 (0%)
  Times result was cached:         37249 (72%)
  Times cartesian abs was used:    0 (0%)
  Times boolean abs was used:      8226 (16%)
  Times result was 'false':        7082 (14%)
Number of strengthen sat checks:   0
Number of coverage checks:         23686
  BDD entailment checks:           13242
Number of SMT sat checks:          0
  trivial:                         0
  cached:                          0

Max ABE block size:                       9
Number of predicates discovered:          22
Number of abstraction locations:          62
Max number of predicates per location:    10
Avg number of predicates per location:    6
Total predicates per abstraction:         228930
Max number of predicates per abstraction: 10
Avg number of predicates per abstraction: 26.99
Number of irrelevant predicates:          76439 (33%)
Number of preds handled by boolean abs:   40070 (18%)
  Total number of models for allsat:      11502
  Max number of models for allsat:        6
  Avg number of models for allsat:        1.40

Time for post operator:                  1.823s
  Time for path formula creation:        1.702s
Time for strengthen operator:            0.223s
Time for prec operator:                 17.822s
  Time for abstraction:                 17.234s (Max:     0.025s, Count: 52040)
    Boolean abstraction:                 5.118s
    Solving time:                        3.821s (Max:     0.013s)
    Model enumeration time:              0.502s
    Time for BDD construction:           0.302s (Max:     0.025s)
Time for merge operator:                 0.122s
Time for coverage check:                 0.078s
  Time for BDD entailment checks:        0.047s
Total time for SMT solver (w/o itp):     4.323s

Number of path formula cache hits:   177259 (75%)

Inside post operator:                  
  Inside path formula creation:        
    Time for path formula computation:     1.414s

Total number of created targets for pointer analysis: 0


Number of BDD nodes:                               4741
Size of BDD node table:                            270749
Size of BDD cache:                                 27073
Size of BDD node cleanup queue:                       23056 (count: 75489, min: 0, max: 1551, avg: 0.31)
Time for BDD node cleanup:                             0.007s
Time for BDD garbage collection:                       0.000s (in 0 runs)

PrecisionBootstrap statistics
-----------------------------
Init. function predicates:                         0
Init. global predicates:                           0
Init. location predicates:                         0

Invariant Generation statistics
-------------------------------

AutomatonAnalysis (SVCOMP) statistics
-------------------------------------
Number of states:                                  1
Total time for successor computation:                  0.563s
  Time for transition matches:                         0.214s
  Time for transition assertions:                      0.001s
  Time for transition actions:                         0.000s
Automaton transfers with branching:                0
Automaton transfer successors:                       199834 (count: 199834, min: 1, max: 1, avg: 1.00) [1 x 199834]

CPA algorithm statistics
------------------------
Number of iterations:            152894
Max size of waitlist:            132
Average size of waitlist:        38
Number of computed successors:   171247
Max successors for one state:    2
Number of times merged:          5222
Number of times stopped:         8071
Number of times breaked:         135

Total time for CPA algorithm:        25.124s (Max:     1.769s)
  Time for choose from waitlist:      0.199s
  Time for precision adjustment:     19.008s
  Time for transfer relation:         4.307s
  Time for merge operator:            0.276s
  Time for stop operator:             0.316s
  Time for adding to reached set:     0.310s

Predicate-Abstraction Refiner statistics
----------------------------------------
Number of predicate refinements:                   135
Avg. length of target path (in blocks):                7358 (count: 135, min: 21, max: 157, avg: 54.50)
Number of infeasible sliced prefixes:                     0 (count: 0, min: 0, max: 0, avg: 0.00)

Time for refinement:                                   2.039s
  Counterexample analysis:                             1.443s (Max:     0.033s, Calls: 135)
    Refinement sat check:                              0.560s
    Interpolant computation:                           0.000s
  Path-formulas extraction:                            0.014s
  Error path post-processing:                          0.000s
  Predicate creation:                                  0.075s
  Precision update:                                    0.081s
  ARG update:                                          0.346s

Length of refined path (in blocks):                    5779 (count: 135, min: 12, max: 92, avg: 42.81)
Number of affected states:                             3239 (count: 135, min: 1, max: 91, avg: 23.99)
Length (states) of path with itp 'true':               2405 (count: 135, min: 0, max: 74, avg: 17.81)
Length (states) of path with itp non-trivial itp:      3239 (count: 135, min: 1, max: 91, avg: 23.99)
Length (states) of path with itp 'false':               135 (count: 135, min: 1, max: 1, avg: 1.00)
Different non-trivial interpolants along paths:         166 (count: 135, min: 0, max: 6, avg: 1.23)
Equal non-trivial interpolants along paths:            2938 (count: 135, min: 0, max: 84, avg: 21.76)
Number of refs with location-based cutoff:                0

CEGAR algorithm statistics
--------------------------
Number of refinements:                135
Number of successful refinements:     135
Number of failed refinements:         0
Max. size of reached set before ref.: 8949
Max. size of reached set after ref.:  6598
Avg. size of reached set before ref.: 2397.93
Avg. size of reached set after ref.:  1260.95

Total time for CEGAR algorithm:      27.737s
Time for refinements:                 2.468s
Average time for refinement:          0.018s
Max time for refinement:              0.055s

Code Coverage
-----------------------------
  Function coverage:      0.718
  Visited lines:          164
  Total lines:            454
  Line coverage:          0.361
  Visited conditions:     50
  Total conditions:       80
  Condition coverage:     0.625

CPAchecker general statistics
-----------------------------
Number of program locations:     655
Number of CFA edges:             711
Number of relevant variables:    123
Number of functions:             39
Number of loops:                 5
Size of reached set:             2602
  Number of reached locations:   219 (33%)
    Avg states per location:     11
    Max states per location:     67 (at node N47)
  Number of reached functions:   28 (72%)
  Number of partitions:          2540
    Avg size of partitions:      1
    Max size of partitions:      9 (with key [N9 (before lines 54-99), Function test called from node N307, stack depth 3 [7599653], stack [main, runTest, test]])
  Number of target states:       0
  Size of final wait list        41

Time for analysis setup:          2.068s
  Time for loading CPAs:          0.517s
  Time for loading parser:        0.432s
  Time for CFA construction:      0.932s
    Time for parsing file(s):     0.318s
    Time for AST to CFA:          0.255s
    Time for CFA sanity check:    0.062s
    Time for post-processing:     0.189s
      Time for var class.:        0.076s
Time for Analysis:               27.737s
CPU time for analysis:           27.740s
Total time for CPAchecker:       29.808s
Total CPU time for CPAchecker:   29.810s
Time for statistics:              0.093s

Time for Garbage Collector:       0.870s (in 103 runs)
Garbage Collector(s) used:    Copy, MarkSweepCompact
Used heap memory:                 88MB (    84 MiB) max;     50MB (    47 MiB) avg;     93MB (    89 MiB) peak
Used non-heap memory:             36MB (    34 MiB) max;     34MB (    32 MiB) avg;     37MB (    35 MiB) peak
Allocated heap memory:           127MB (   121 MiB) max;    127MB (   121 MiB) avg
Allocated non-heap memory:        38MB (    36 MiB) max;     36MB (    35 MiB) avg
Total process virtual memory:   8087MB (  7712 MiB) max;   8017MB (  7645 MiB) avg

Verification result: UNKNOWN, incomplete analysis.
More details about the verification run can be found in the directory "./output".
