scripts/cpa.sh -Dy-MySearchStrategy-PredAbs-ABElf -heap 5600000000 -timelimit 30 -preprocess -stats -noout -setprop cpa.predicate.memoryAllocationsAlwaysSucceed=true -spec ../sv-benchmarks/c/ReachSafety.prp ../sv-benchmarks/c/ldv-commit-tester/main3_true-unreach-call_drivers-media-video-tlg2300-poseidon-ko--32_7a--4a349aa_false-termination.c


--------------------------------------------------------------------------------


Running CPAchecker with Java heap of size 5600000000.
Running CPAchecker with default stack size (1024k). Specify a larger value with -stack if needed.
Running CPAchecker with the following extra VM options:  -Djava.io.tmpdir=/tmp/BenchExec_run_2cx_2cnr/tmp
Using the following resource limits: CPU-time limit of 30s (ResourceLimitChecker.fromConfiguration, INFO)

CPAchecker (unknown version) (OpenJDK 64-Bit Server VM 1.8.0_151) started (CPAchecker.run, INFO)

line 5250: Dead code detected: __asm__ ("movb %%gs:%P1,%0": "=q" (pfo_ret__): "p" (& current_task)); (CFACreationUtils.addEdgeToCFA, INFO)

line 5253: Dead code detected: __asm__ ("movw %%gs:%P1,%0": "=r" (pfo_ret__): "p" (& current_task)); (CFACreationUtils.addEdgeToCFA, INFO)

line 5256: Dead code detected: __asm__ ("movl %%gs:%P1,%0": "=r" (pfo_ret__): "p" (& current_task)); (CFACreationUtils.addEdgeToCFA, INFO)

none: Dead code detected: switch (8UL) {
  case 1UL:
  __asm__ ("movb %%gs:%P1,%0": "=q" (pfo_ret__): "p" (& current_task));
  goto ldv_1982;
  case 2UL:
  __asm__ ("movw %%gs:%P1,%0": "=r" (pfo_ret__): "p" (& current_task));
  goto ldv_1982;
  case 4UL:
  __asm__ ("movl %%gs:%P1,%0": "=r" (pfo_ret__): "p" (& current_task));
  goto ldv_1982;
  case 8UL:
  __asm__ ("movq %%gs:%P1,%0": "=r" (pfo_ret__): "p" (& current_task));
  goto ldv_1982;
  default:
  __bad_percpu_size();
  } (CFACreationUtils.addEdgeToCFA, INFO)

line 6884: Dead code detected: tmp = get_current(); (CFACreationUtils.addEdgeToCFA, INFO)

line 6889: Dead code detected: tmp___0 = get_current(); (CFACreationUtils.addEdgeToCFA, INFO)

line 6894: Dead code detected: tmp___1 = get_current(); (CFACreationUtils.addEdgeToCFA, INFO)

none: Dead code detected: switch (8UL) {
  case 1UL:
  tmp = get_current();
  __ptr = (u8 volatile *)(& tmp->state);
  __asm__ volatile ("xchgb %0,%1": "=q" (__x), "+m" (*__ptr): "0" (__x): "memory");
  goto ldv_29169;
  case 2UL:
  tmp___0 = get_current();
  __ptr___0 = (u16 volatile *)(& tmp___0->state);
  __asm__ volatile ("xchgw %0,%1": "=r" (__x), "+m" (*__ptr___0): "0" (__x): "memory");
  goto ldv_29169;
  case 4UL:
  tmp___1 = get_current();
  __ptr___1 = (u32 volatile *)(& tmp___1->state);
  __asm__ volatile ("xchgl %0,%1": "=r" (__x), "+m" (*__ptr___1): "0" (__x): "memory");
  goto ldv_29169;
  case 8UL:
  tmp___2 = get_current();
  __ptr___2 = (u64 volatile *)(& tmp___2->state);
  __asm__ volatile ("xchgq %0,%1": "=r" (__x), "+m" (*__ptr___2): "0" (__x): "memory");
  goto ldv_29169;
  default:
  __xchg_wrong_size();
  } (CFACreationUtils.addEdgeToCFA, INFO)

line 6983: Dead code detected: tmp = get_current(); (CFACreationUtils.addEdgeToCFA, INFO)

line 6988: Dead code detected: tmp___0 = get_current(); (CFACreationUtils.addEdgeToCFA, INFO)

line 6993: Dead code detected: tmp___1 = get_current(); (CFACreationUtils.addEdgeToCFA, INFO)

none: Dead code detected: switch (8UL) {
  case 1UL:
  tmp = get_current();
  __ptr = (u8 volatile *)(& tmp->state);
  __asm__ volatile ("xchgb %0,%1": "=q" (__x), "+m" (*__ptr): "0" (__x): "memory");
  goto ldv_29208;
  case 2UL:
  tmp___0 = get_current();
  __ptr___0 = (u16 volatile *)(& tmp___0->state);
  __asm__ volatile ("xchgw %0,%1": "=r" (__x), "+m" (*__ptr___0): "0" (__x): "memory");
  goto ldv_29208;
  case 4UL:
  tmp___1 = get_current();
  __ptr___1 = (u32 volatile *)(& tmp___1->state);
  __asm__ volatile ("xchgl %0,%1": "=r" (__x), "+m" (*__ptr___1): "0" (__x): "memory");
  goto ldv_29208;
  case 8UL:
  tmp___2 = get_current();
  __ptr___2 = (u64 volatile *)(& tmp___2->state);
  __asm__ volatile ("xchgq %0,%1": "=r" (__x), "+m" (*__ptr___2): "0" (__x): "memory");
  goto ldv_29208;
  default:
  __xchg_wrong_size();
  } (CFACreationUtils.addEdgeToCFA, INFO)

line 7431: Dead code detected: tmp = get_current(); (CFACreationUtils.addEdgeToCFA, INFO)

line 7436: Dead code detected: tmp___0 = get_current(); (CFACreationUtils.addEdgeToCFA, INFO)

line 7441: Dead code detected: tmp___1 = get_current(); (CFACreationUtils.addEdgeToCFA, INFO)

none: Dead code detected: switch (8UL) {
  case 1UL:
  tmp = get_current();
  __ptr = (u8 volatile *)(& tmp->state);
  __asm__ volatile ("xchgb %0,%1": "=q" (__x), "+m" (*__ptr): "0" (__x): "memory");
  goto ldv_29336;
  case 2UL:
  tmp___0 = get_current();
  __ptr___0 = (u16 volatile *)(& tmp___0->state);
  __asm__ volatile ("xchgw %0,%1": "=r" (__x), "+m" (*__ptr___0): "0" (__x): "memory");
  goto ldv_29336;
  case 4UL:
  tmp___1 = get_current();
  __ptr___1 = (u32 volatile *)(& tmp___1->state);
  __asm__ volatile ("xchgl %0,%1": "=r" (__x), "+m" (*__ptr___1): "0" (__x): "memory");
  goto ldv_29336;
  case 8UL:
  tmp___2 = get_current();
  __ptr___2 = (u64 volatile *)(& tmp___2->state);
  __asm__ volatile ("xchgq %0,%1": "=r" (__x), "+m" (*__ptr___2): "0" (__x): "memory");
  goto ldv_29336;
  default:
  __xchg_wrong_size();
  } (CFACreationUtils.addEdgeToCFA, INFO)

line 8229: Dead code detected: return (ldv_func_res); (CFACreationUtils.addEdgeToCFA, INFO)

line 9073: Dead code detected: return (ldv_func_res); (CFACreationUtils.addEdgeToCFA, INFO)

line 9238: Dead code detected: tmp = get_current(); (CFACreationUtils.addEdgeToCFA, INFO)

line 9243: Dead code detected: tmp___0 = get_current(); (CFACreationUtils.addEdgeToCFA, INFO)

line 9248: Dead code detected: tmp___1 = get_current(); (CFACreationUtils.addEdgeToCFA, INFO)

none: Dead code detected: switch (8UL) {
  case 1UL:
  tmp = get_current();
  __ptr = (u8 volatile *)(& tmp->state);
  __asm__ volatile ("xchgb %0,%1": "=q" (__x), "+m" (*__ptr): "0" (__x): "memory");
  goto ldv_25814;
  case 2UL:
  tmp___0 = get_current();
  __ptr___0 = (u16 volatile *)(& tmp___0->state);
  __asm__ volatile ("xchgw %0,%1": "=r" (__x), "+m" (*__ptr___0): "0" (__x): "memory");
  goto ldv_25814;
  case 4UL:
  tmp___1 = get_current();
  __ptr___1 = (u32 volatile *)(& tmp___1->state);
  __asm__ volatile ("xchgl %0,%1": "=r" (__x), "+m" (*__ptr___1): "0" (__x): "memory");
  goto ldv_25814;
  case 8UL:
  tmp___2 = get_current();
  __ptr___2 = (u64 volatile *)(& tmp___2->state);
  __asm__ volatile ("xchgq %0,%1": "=r" (__x), "+m" (*__ptr___2): "0" (__x): "memory");
  goto ldv_25814;
  default:
  __xchg_wrong_size();
  } (CFACreationUtils.addEdgeToCFA, INFO)

line 10036: Dead code detected: tmp = get_current(); (CFACreationUtils.addEdgeToCFA, INFO)

line 10041: Dead code detected: tmp___0 = get_current(); (CFACreationUtils.addEdgeToCFA, INFO)

line 10046: Dead code detected: tmp___1 = get_current(); (CFACreationUtils.addEdgeToCFA, INFO)

none: Dead code detected: switch (8UL) {
  case 1UL:
  tmp = get_current();
  __ptr = (u8 volatile *)(& tmp->state);
  __asm__ volatile ("xchgb %0,%1": "=q" (__x), "+m" (*__ptr): "0" (__x): "memory");
  goto ldv_26025;
  case 2UL:
  tmp___0 = get_current();
  __ptr___0 = (u16 volatile *)(& tmp___0->state);
  __asm__ volatile ("xchgw %0,%1": "=r" (__x), "+m" (*__ptr___0): "0" (__x): "memory");
  goto ldv_26025;
  case 4UL:
  tmp___1 = get_current();
  __ptr___1 = (u32 volatile *)(& tmp___1->state);
  __asm__ volatile ("xchgl %0,%1": "=r" (__x), "+m" (*__ptr___1): "0" (__x): "memory");
  goto ldv_26025;
  case 8UL:
  tmp___2 = get_current();
  __ptr___2 = (u64 volatile *)(& tmp___2->state);
  __asm__ volatile ("xchgq %0,%1": "=r" (__x), "+m" (*__ptr___2): "0" (__x): "memory");
  goto ldv_26025;
  default:
  __xchg_wrong_size();
  } (CFACreationUtils.addEdgeToCFA, INFO)

line 10212: Dead code detected: return (ldv_func_res); (CFACreationUtils.addEdgeToCFA, INFO)

line 10449: Dead code detected: tmp = get_current(); (CFACreationUtils.addEdgeToCFA, INFO)

line 10454: Dead code detected: tmp___0 = get_current(); (CFACreationUtils.addEdgeToCFA, INFO)

line 10459: Dead code detected: tmp___1 = get_current(); (CFACreationUtils.addEdgeToCFA, INFO)

none: Dead code detected: switch (8UL) {
  case 1UL:
  tmp = get_current();
  __ptr = (u8 volatile *)(& tmp->state);
  __asm__ volatile ("xchgb %0,%1": "=q" (__x), "+m" (*__ptr): "0" (__x): "memory");
  goto ldv_28568;
  case 2UL:
  tmp___0 = get_current();
  __ptr___0 = (u16 volatile *)(& tmp___0->state);
  __asm__ volatile ("xchgw %0,%1": "=r" (__x), "+m" (*__ptr___0): "0" (__x): "memory");
  goto ldv_28568;
  case 4UL:
  tmp___1 = get_current();
  __ptr___1 = (u32 volatile *)(& tmp___1->state);
  __asm__ volatile ("xchgl %0,%1": "=r" (__x), "+m" (*__ptr___1): "0" (__x): "memory");
  goto ldv_28568;
  case 8UL:
  tmp___2 = get_current();
  __ptr___2 = (u64 volatile *)(& tmp___2->state);
  __asm__ volatile ("xchgq %0,%1": "=r" (__x), "+m" (*__ptr___2): "0" (__x): "memory");
  goto ldv_28568;
  default:
  __xchg_wrong_size();
  } (CFACreationUtils.addEdgeToCFA, INFO)

line 10679: Dead code detected: tmp = get_current(); (CFACreationUtils.addEdgeToCFA, INFO)

line 10684: Dead code detected: tmp___0 = get_current(); (CFACreationUtils.addEdgeToCFA, INFO)

line 10689: Dead code detected: tmp___1 = get_current(); (CFACreationUtils.addEdgeToCFA, INFO)

none: Dead code detected: switch (8UL) {
  case 1UL:
  tmp = get_current();
  __ptr = (u8 volatile *)(& tmp->state);
  __asm__ volatile ("xchgb %0,%1": "=q" (__x), "+m" (*__ptr): "0" (__x): "memory");
  goto ldv_28619;
  case 2UL:
  tmp___0 = get_current();
  __ptr___0 = (u16 volatile *)(& tmp___0->state);
  __asm__ volatile ("xchgw %0,%1": "=r" (__x), "+m" (*__ptr___0): "0" (__x): "memory");
  goto ldv_28619;
  case 4UL:
  tmp___1 = get_current();
  __ptr___1 = (u32 volatile *)(& tmp___1->state);
  __asm__ volatile ("xchgl %0,%1": "=r" (__x), "+m" (*__ptr___1): "0" (__x): "memory");
  goto ldv_28619;
  case 8UL:
  tmp___2 = get_current();
  __ptr___2 = (u64 volatile *)(& tmp___2->state);
  __asm__ volatile ("xchgq %0,%1": "=r" (__x), "+m" (*__ptr___2): "0" (__x): "memory");
  goto ldv_28619;
  default:
  __xchg_wrong_size();
  } (CFACreationUtils.addEdgeToCFA, INFO)

line 10778: Dead code detected: tmp = get_current(); (CFACreationUtils.addEdgeToCFA, INFO)

line 10783: Dead code detected: tmp___0 = get_current(); (CFACreationUtils.addEdgeToCFA, INFO)

line 10788: Dead code detected: tmp___1 = get_current(); (CFACreationUtils.addEdgeToCFA, INFO)

none: Dead code detected: switch (8UL) {
  case 1UL:
  tmp = get_current();
  __ptr = (u8 volatile *)(& tmp->state);
  __asm__ volatile ("xchgb %0,%1": "=q" (__x), "+m" (*__ptr): "0" (__x): "memory");
  goto ldv_28648;
  case 2UL:
  tmp___0 = get_current();
  __ptr___0 = (u16 volatile *)(& tmp___0->state);
  __asm__ volatile ("xchgw %0,%1": "=r" (__x), "+m" (*__ptr___0): "0" (__x): "memory");
  goto ldv_28648;
  case 4UL:
  tmp___1 = get_current();
  __ptr___1 = (u32 volatile *)(& tmp___1->state);
  __asm__ volatile ("xchgl %0,%1": "=r" (__x), "+m" (*__ptr___1): "0" (__x): "memory");
  goto ldv_28648;
  case 8UL:
  tmp___2 = get_current();
  __ptr___2 = (u64 volatile *)(& tmp___2->state);
  __asm__ volatile ("xchgq %0,%1": "=r" (__x), "+m" (*__ptr___2): "0" (__x): "memory");
  goto ldv_28648;
  default:
  __xchg_wrong_size();
  } (CFACreationUtils.addEdgeToCFA, INFO)

line 11347: Dead code detected: return (ldv_func_res); (CFACreationUtils.addEdgeToCFA, INFO)

line 12565: Dead code detected: return (ldv_func_res); (CFACreationUtils.addEdgeToCFA, INFO)

Inline assembler ignored, analysis is probably unsound! (CFABuilder.createCFA, WARNING)

MathSAT5 is available for research and evaluation purposes only. It can not be used in a commercial environment, particularly as part of a commercial product, without written permission. MathSAT5 is provided as is, without any warranty. Please write to mathsat@fbk.eu for additional questions regarding licensing MathSAT5 or obtaining more up-to-date versions. (PredicateCPA:JavaSMT:Mathsat5SolverContext.<init>, WARNING)

Using predicate analysis with MathSAT5 version 5.3.14 (0b98b661254c) (Nov 17 2016 10:59:45, gmp 5.1.3, gcc 4.8.5, 64-bit) and JFactory 1.21. (PredicateCPA:PredicateCPA.<init>, INFO)

Using refinement for predicate analysis with PredicateAbstractionRefinementStrategy strategy. (PredicateCPA:PredicateCPARefiner.<init>, INFO)

Starting analysis ... (CPAchecker.runAlgorithm, INFO)

line 11152: Destroying the void* pointer ldv_successful_malloc::p produces garbage or the memory pointed by it is unused: v4l2_querymenu_p1 = ldv_successful_malloc(44); (PredicateCPA:DynamicMemoryHandler.handleDeferredAllocationInFunctionExit, WARNING)

line 11155: Destroying the void* pointer ldv_successful_malloc::p produces garbage or the memory pointed by it is unused: v4l2_control_p1 = ldv_successful_malloc(8); (PredicateCPA:DynamicMemoryHandler.handleDeferredAllocationInFunctionExit, WARNING)

Assuming external function ldv_handler_precall to be a constant function. (PredicateCPA:ExpressionToFormulaVisitor.visit, INFO)

Assuming external function strcpy to be a pure function. (PredicateCPA:ExpressionToFormulaVisitor.visit, INFO)

Assuming external function strlcpy to be a pure function. (PredicateCPA:ExpressionToFormulaVisitor.visit, INFO)

Assuming external function snprintf to be a pure function. (PredicateCPA:ExpressionToFormulaVisitor.visit, INFO)

Assuming external function v4l2_ctrl_query_fill to be a pure function. (PredicateCPA:ExpressionToFormulaVisitor.visit, INFO)

Assuming external function mutex_lock to be a pure function. (PredicateCPA:ExpressionToFormulaVisitor.visit, INFO)

Assuming external function usb_autopm_put_interface to be a pure function. (PredicateCPA:ExpressionToFormulaVisitor.visit, INFO)

Assuming external function mutex_unlock to be a pure function. (PredicateCPA:ExpressionToFormulaVisitor.visit, INFO)

Assuming external function kref_put to be a pure function. (PredicateCPA:ExpressionToFormulaVisitor.visit, INFO)

Assuming external function video_devdata to be a pure function. (PredicateCPA:ExpressionToFormulaVisitor.visit, INFO)

Assuming external function dev_get_drvdata to be a pure function. (PredicateCPA:ExpressionToFormulaVisitor.visit, INFO)

Assuming external function ldv_check_return_value to be a pure function. (PredicateCPA:ExpressionToFormulaVisitor.visit, INFO)

Assuming external function usb_autopm_get_interface to be a pure function. (PredicateCPA:ExpressionToFormulaVisitor.visit, INFO)

Assuming external function kref_get to be a pure function. (PredicateCPA:ExpressionToFormulaVisitor.visit, INFO)

Assuming external function schedule_timeout to be a pure function. (PredicateCPA:ExpressionToFormulaVisitor.visit, INFO)

Assuming external function usb_set_interface to be a pure function. (PredicateCPA:ExpressionToFormulaVisitor.visit, INFO)

Assuming external function __const_udelay to be a pure function. (PredicateCPA:ExpressionToFormulaVisitor.visit, INFO)

Assuming external function usb_control_msg to be a pure function. (PredicateCPA:ExpressionToFormulaVisitor.visit, INFO)

Shutdown requested (The CPU-time limit of 30s has elapsed.), waiting for termination. (ForceTerminationOnShutdown$1.shutdownRequested, WARNING)

Warning: Analysis interrupted (The CPU-time limit of 30s has elapsed.) (ShutdownNotifier.shutdownIfNecessary, WARNING)

PredicateCPA statistics
-----------------------
Number of abstractions:            6970 (15% of all post computations)
  Times abstraction was reused:    0
  Because of function entry/exit:  5769 (83%)
  Because of loop head:            1079 (15%)
  Because of join nodes:           0 (0%)
  Because of threshold:            0 (0%)
  Because of target state:         122 (2%)
  Times precision was empty:       2797 (40%)
  Times precision was {false}:     103 (1%)
  Times result was cached:         3631 (52%)
  Times cartesian abs was used:    0 (0%)
  Times boolean abs was used:      439 (6%)
  Times result was 'false':        639 (9%)
Number of strengthen sat checks:   0
Number of coverage checks:         4724
  BDD entailment checks:           1780
Number of SMT sat checks:          0
  trivial:                         0
  cached:                          0

Max ABE block size:                       53
Number of predicates discovered:          7
Number of abstraction locations:          49
Max number of predicates per location:    5
Avg number of predicates per location:    3
Total predicates per abstraction:         13324
Max number of predicates per abstraction: 5
Avg number of predicates per abstraction: 24.58
Number of irrelevant predicates:          6405 (48%)
Number of preds handled by boolean abs:   1174 (9%)
  Total number of models for allsat:      439
  Max number of models for allsat:        1
  Avg number of models for allsat:        1.00

Time for post operator:                  2.904s
  Time for path formula creation:        2.832s
Time for strengthen operator:            0.102s
Time for prec operator:                  8.163s
  Time for abstraction:                  7.846s (Max:     0.114s, Count: 6970)
    Boolean abstraction:                 3.941s
    Solving time:                        3.791s (Max:     0.082s)
    Model enumeration time:              0.260s
    Time for BDD construction:           0.042s (Max:     0.007s)
Time for merge operator:                 0.118s
Time for coverage check:                 0.056s
  Time for BDD entailment checks:        0.050s
Total time for SMT solver (w/o itp):     4.051s

Number of path formula cache hits:   48816 (92%)

Inside post operator:                  
  Inside path formula creation:        
    Time for path formula computation:     2.377s

Total number of created targets for pointer analysis: 26574
   Number of created targets for uf: *(void)* is 2
   Number of created targets for uf: *signed_char is 841
   Number of created targets for uf: *(struct_v4l2_ext_control)* is 2
   Number of created targets for uf: *signed_int is 22
   Number of created targets for uf: *(struct_list_head)* is 11
   Number of created targets for uf: *(struct_file)* is 2
   Number of created targets for uf: *(Return_type:_[signed_int],_Parameters:_1,_Parameter_1_type:_[(struct_poseidon)*],_VarArgs:_false)* is 3
   Number of created targets for uf: *unsigned_int is 12


Number of BDD nodes:                               251
Size of BDD node table:                            270749
Size of BDD cache:                                 27073
Size of BDD node cleanup queue:                         988 (count: 7804, min: 0, max: 138, avg: 0.13)
Time for BDD node cleanup:                             0.005s
Time for BDD garbage collection:                       0.000s (in 0 runs)

PrecisionBootstrap statistics
-----------------------------
Init. function predicates:                         0
Init. global predicates:                           0
Init. location predicates:                         0

Invariant Generation statistics
-------------------------------

AutomatonAnalysis (SVCOMP) statistics
-------------------------------------
Number of states:                                  1
Total time for successor computation:                  0.304s
Automaton transfers with branching:                0
Automaton transfer successors:                        45553 (count: 45553, min: 1, max: 1, avg: 1.00) [1 x 45553]

CPA algorithm statistics
------------------------
Number of iterations:            26005
Max size of waitlist:            23
Average size of waitlist:        13
Number of computed successors:   29843
Max successors for one state:    2
Number of times merged:          1472
Number of times stopped:         2609
Number of times breaked:         122

Total time for CPA algorithm:        14.263s (Max:     1.305s)
  Time for choose from waitlist:      0.138s
  Time for precision adjustment:      8.613s
  Time for transfer relation:         4.492s
  Time for merge operator:            0.235s
  Time for stop operator:             0.216s
  Time for adding to reached set:     0.201s

Predicate-Abstraction Refiner statistics
----------------------------------------
Number of predicate refinements:                   122
Avg. length of target path (in blocks):                5006 (count: 122, min: 30, max: 63, avg: 41.03)
Number of infeasible sliced prefixes:                     0 (count: 0, min: 0, max: 0, avg: 0.00)

Time for refinement:                                   8.319s
  Counterexample analysis:                             7.998s (Max:     0.391s, Calls: 122)
    Refinement sat check:                              6.887s
    Interpolant computation:                           0.000s
  Path-formulas extraction:                            0.011s
  Error path post-processing:                          0.000s
  Predicate creation:                                  0.048s
  Precision update:                                    0.050s
  ARG update:                                          0.138s

Length of refined path (in blocks):                    4884 (count: 122, min: 29, max: 62, avg: 40.03)
Number of affected states:                             1232 (count: 122, min: 3, max: 36, avg: 10.10)
Length (states) of path with itp 'true':               3530 (count: 122, min: 25, max: 36, avg: 28.93)
Length (states) of path with itp non-trivial itp:      1232 (count: 122, min: 3, max: 36, avg: 10.10)
Length (states) of path with itp 'false':               122 (count: 122, min: 1, max: 1, avg: 1.00)
Different non-trivial interpolants along paths:           0 (count: 122, min: 0, max: 0, avg: 0.00)
Equal non-trivial interpolants along paths:            1110 (count: 122, min: 2, max: 35, avg: 9.10)
Number of refs with location-based cutoff:                0

CEGAR algorithm statistics
--------------------------
Number of refinements:                122
Number of successful refinements:     122
Number of failed refinements:         0
Max. size of reached set before ref.: 1145
Max. size of reached set after ref.:  812
Avg. size of reached set before ref.: 600.16
Avg. size of reached set after ref.:  387.43

Total time for CEGAR algorithm:      22.845s
Time for refinements:                 8.534s
Average time for refinement:          0.069s
Max time for refinement:              0.404s

Code Coverage
-----------------------------
  Function coverage:      0.123
  Visited lines:          1408
  Total lines:            4913
  Line coverage:          0.287
  Visited conditions:     138
  Total conditions:       1216
  Condition coverage:     0.113

CPAchecker general statistics
-----------------------------
Number of program locations:     6902
Number of CFA edges:             7714
Number of relevant variables:    976
Number of functions:             316
Number of loops:                 37
Size of reached set:             643
  Number of reached locations:   436 (6%)
    Avg states per location:     1
    Max states per location:     16 (at node N4951)
  Number of reached functions:   39 (12%)
  Number of partitions:          642
    Avg size of partitions:      1
    Max size of partitions:      2 (with key [N4953 (before line 11300), Function main called from node N4712, stack depth 1 [5111de7c], stack [main]])
  Number of target states:       0
  Size of final wait list        6

Time for analysis setup:          7.444s
  Time for loading CPAs:          1.077s
  Time for loading parser:        0.690s
  Time for CFA construction:      5.528s
    Time for parsing file(s):     1.295s
    Time for AST to CFA:          2.154s
    Time for CFA sanity check:    0.438s
    Time for post-processing:     1.453s
      Time for var class.:        0.720s
Time for Analysis:               22.845s
CPU time for analysis:           22.840s
Total time for CPAchecker:       30.296s
Total CPU time for CPAchecker:   30.270s
Time for statistics:              0.121s

Time for Garbage Collector:       0.420s (in 43 runs)
Garbage Collector(s) used:    Copy, MarkSweepCompact
Used heap memory:                 73MB (    69 MiB) max;     50MB (    48 MiB) avg;     76MB (    73 MiB) peak
Used non-heap memory:             40MB (    38 MiB) max;     34MB (    33 MiB) avg;     40MB (    38 MiB) peak
Allocated heap memory:           127MB (   121 MiB) max;    127MB (   121 MiB) avg
Allocated non-heap memory:        41MB (    39 MiB) max;     36MB (    35 MiB) avg
Total process virtual memory:   8087MB (  7712 MiB) max;   8072MB (  7698 MiB) avg

Verification result: UNKNOWN, incomplete analysis.
More details about the verification run can be found in the directory "./output".
