scripts/cpa.sh -Dy-MySearchStrategy-PredAbs-ABElf -heap 5600000000 -timelimit 30 -preprocess -stats -noout -setprop cpa.predicate.memoryAllocationsAlwaysSucceed=true -spec ../sv-benchmarks/c/ReachSafety.prp ../sv-benchmarks/c/ldv-linux-3.14/linux-3.14__complex_emg__linux-alloc-spinlock__drivers-net-usb-pegasus_true-unreach-call.cil.c


--------------------------------------------------------------------------------


Running CPAchecker with Java heap of size 5600000000.
Running CPAchecker with default stack size (1024k). Specify a larger value with -stack if needed.
Running CPAchecker with the following extra VM options:  -Djava.io.tmpdir=/tmp/BenchExec_run_7_mr5_lr/tmp
Using the following resource limits: CPU-time limit of 30s (ResourceLimitChecker.fromConfiguration, INFO)

CPAchecker (unknown version) (OpenJDK 64-Bit Server VM 1.8.0_151) started (CPAchecker.run, INFO)

line 5444: Dead code detected: return (1); (CFACreationUtils.addEdgeToCFA, INFO)

Dead code detected: Label switch_break is not reachable. (CFAFunctionBuilder.leave, INFO)

Dead code detected: Label switch_break is not reachable. (CFAFunctionBuilder.leave, INFO)

line 8918: Dead code detected: return (arg0); (CFACreationUtils.addEdgeToCFA, INFO)

line 8921: Dead code detected: return (arg0); (CFACreationUtils.addEdgeToCFA, INFO)

line 8923: Dead code detected: return (arg0); (CFACreationUtils.addEdgeToCFA, INFO)

line 9520: Dead code detected: return; (CFACreationUtils.addEdgeToCFA, INFO)

line 9819: Dead code detected: return (arg0); (CFACreationUtils.addEdgeToCFA, INFO)

line 9820: Dead code detected: return (arg0); (CFACreationUtils.addEdgeToCFA, INFO)

line 10228: Dead code detected: return; (CFACreationUtils.addEdgeToCFA, INFO)

line 10253: Dead code detected: return; (CFACreationUtils.addEdgeToCFA, INFO)

line 10394: Dead code detected: return (arg0); (CFACreationUtils.addEdgeToCFA, INFO)

line 10772: Dead code detected: return (ldv_func_res); (CFACreationUtils.addEdgeToCFA, INFO)

line 10788: Dead code detected: return (ldv_func_res); (CFACreationUtils.addEdgeToCFA, INFO)

line 10841: Dead code detected: return (ldv_func_res); (CFACreationUtils.addEdgeToCFA, INFO)

Inline assembler ignored, analysis is probably unsound! (CFABuilder.createCFA, WARNING)

MathSAT5 is available for research and evaluation purposes only. It can not be used in a commercial environment, particularly as part of a commercial product, without written permission. MathSAT5 is provided as is, without any warranty. Please write to mathsat@fbk.eu for additional questions regarding licensing MathSAT5 or obtaining more up-to-date versions. (PredicateCPA:JavaSMT:Mathsat5SolverContext.<init>, WARNING)

Using predicate analysis with MathSAT5 version 5.3.14 (0b98b661254c) (Nov 17 2016 10:59:45, gmp 5.1.3, gcc 4.8.5, 64-bit) and JFactory 1.21. (PredicateCPA:PredicateCPA.<init>, INFO)

Using refinement for predicate analysis with PredicateAbstractionRefinementStrategy strategy. (PredicateCPA:PredicateCPARefiner.<init>, INFO)

Starting analysis ... (CPAchecker.runAlgorithm, INFO)

Assuming external function ldv_initialize to be a constant function. (PredicateCPA:ExpressionToFormulaVisitor.visit, INFO)

Assuming external function external_allocated_data to be a constant function. (PredicateCPA:ExpressionToFormulaVisitor.visit, INFO)

Assuming external function usb_deregister to be a pure function. (PredicateCPA:ExpressionToFormulaVisitor.visit, INFO)

Assuming external function ldv_assert to be a pure function. (PredicateCPA:ExpressionToFormulaVisitor.visit, INFO)

Assuming external function usb_register_driver to be a pure function. (PredicateCPA:ExpressionToFormulaVisitor.visit, INFO)

Assuming external function ldv_pre_usb_register_driver to be a constant function. (PredicateCPA:ExpressionToFormulaVisitor.visit, INFO)

Assuming external function strsep to be a pure function. (PredicateCPA:ExpressionToFormulaVisitor.visit, INFO)

Assuming external function simple_strtoul to be a pure function. (PredicateCPA:ExpressionToFormulaVisitor.visit, INFO)

Assuming external function strlcpy to be a pure function. (PredicateCPA:ExpressionToFormulaVisitor.visit, INFO)

Assuming external function snprintf to be a pure function. (PredicateCPA:ExpressionToFormulaVisitor.visit, INFO)

Assuming external function mii_ethtool_gset to be a pure function. (PredicateCPA:ExpressionToFormulaVisitor.visit, INFO)

Assuming external function eth_change_mtu to be a pure function. (PredicateCPA:ExpressionToFormulaVisitor.visit, INFO)

Assuming external function capable to be a pure function. (PredicateCPA:ExpressionToFormulaVisitor.visit, INFO)

Assuming external function usb_control_msg to be a pure function. (PredicateCPA:ExpressionToFormulaVisitor.visit, INFO)

Assuming external function __dynamic_netdev_dbg to be a pure function. (PredicateCPA:ExpressionToFormulaVisitor.visit, INFO)

Assuming external function eth_mac_addr to be a pure function. (PredicateCPA:ExpressionToFormulaVisitor.visit, INFO)

Assuming external function netdev_info to be a pure function. (PredicateCPA:ExpressionToFormulaVisitor.visit, INFO)

Assuming external function ldv_after_alloc to be a pure function. (PredicateCPA:ExpressionToFormulaVisitor.visit, INFO)

Assuming external function netif_device_detach to be a pure function. (PredicateCPA:ExpressionToFormulaVisitor.visit, INFO)

Assuming external function netdev_err to be a pure function. (PredicateCPA:ExpressionToFormulaVisitor.visit, INFO)

Assuming external function warn_slowpath_null to be a pure function. (PredicateCPA:ExpressionToFormulaVisitor.visit, INFO)

Assuming external function memcpy to be a pure function. (PredicateCPA:ExpressionToFormulaVisitor.visit, INFO)

Assuming external function netdev_warn to be a pure function. (PredicateCPA:ExpressionToFormulaVisitor.visit, INFO)

Assuming external function consume_skb to be a pure function. (PredicateCPA:ExpressionToFormulaVisitor.visit, INFO)

Assuming external function usb_unlink_urb to be a pure function. (PredicateCPA:ExpressionToFormulaVisitor.visit, INFO)

Shutdown requested (The CPU-time limit of 30s has elapsed.), waiting for termination. (ForceTerminationOnShutdown$1.shutdownRequested, WARNING)

Warning: Analysis interrupted (The CPU-time limit of 30s has elapsed.) (ShutdownNotifier.shutdownIfNecessary, WARNING)

PredicateCPA statistics
-----------------------
Number of abstractions:            18069 (21% of all post computations)
  Times abstraction was reused:    0
  Because of function entry/exit:  15315 (85%)
  Because of loop head:            2731 (15%)
  Because of join nodes:           0 (0%)
  Because of threshold:            0 (0%)
  Because of target state:         23 (0%)
  Times precision was empty:       11749 (65%)
  Times precision was {false}:     437 (2%)
  Times result was cached:         5319 (29%)
  Times cartesian abs was used:    0 (0%)
  Times boolean abs was used:      564 (3%)
  Times result was 'false':        894 (5%)
Number of strengthen sat checks:   0
Number of coverage checks:         12195
  BDD entailment checks:           6785
Number of SMT sat checks:          0
  trivial:                         0
  cached:                          0

Max ABE block size:                       47
Number of predicates discovered:          10
Number of abstraction locations:          61
Max number of predicates per location:    9
Avg number of predicates per location:    2
Total predicates per abstraction:         21144
Max number of predicates per abstraction: 9
Avg number of predicates per abstraction: 21.12
Number of irrelevant predicates:          10370 (49%)
Number of preds handled by boolean abs:   1863 (9%)
  Total number of models for allsat:      618
  Max number of models for allsat:        4
  Avg number of models for allsat:        1.10

Time for post operator:                  8.148s
  Time for path formula creation:        8.014s
Time for strengthen operator:            0.336s
Time for prec operator:                  5.357s
  Time for abstraction:                  4.589s (Max:     0.023s, Count: 18069)
    Boolean abstraction:                 0.769s
    Solving time:                        0.633s (Max:     0.014s)
    Model enumeration time:              0.062s
    Time for BDD construction:           0.095s (Max:     0.013s)
Time for merge operator:                 0.406s
Time for coverage check:                 0.066s
  Time for BDD entailment checks:        0.065s
Total time for SMT solver (w/o itp):     0.695s

Number of path formula cache hits:   28825 (31%)

Inside post operator:                  
  Inside path formula creation:        
    Time for path formula computation:     7.548s

Total number of created targets for pointer analysis: 5188
   Number of created targets for uf: *unsigned_short_int is 921
   Number of created targets for uf: *(char)* is 547
   Number of created targets for uf: *unsigned_char is 139
   Number of created targets for uf: *unsigned_int is 521


Number of BDD nodes:                               775
Size of BDD node table:                            270749
Size of BDD cache:                                 27073
Size of BDD node cleanup queue:                        1594 (count: 24414, min: 0, max: 278, avg: 0.07)
Time for BDD node cleanup:                             0.008s
Time for BDD garbage collection:                       0.000s (in 0 runs)

PrecisionBootstrap statistics
-----------------------------
Init. function predicates:                         0
Init. global predicates:                           0
Init. location predicates:                         0

Invariant Generation statistics
-------------------------------

AutomatonAnalysis (SVCOMP) statistics
-------------------------------------
Number of states:                                  1
Total time for successor computation:                  0.507s
  Time for transition matches:                         0.168s
  Time for transition assertions:                      0.001s
  Time for transition actions:                         0.000s
Automaton transfers with branching:                0
Automaton transfer successors:                        85262 (count: 85262, min: 1, max: 1, avg: 1.00) [1 x 85262]

CPA algorithm statistics
------------------------
Number of iterations:            63855
Max size of waitlist:            142
Average size of waitlist:        66
Number of computed successors:   71725
Max successors for one state:    2
Number of times merged:          2705
Number of times stopped:         5189
Number of times breaked:         23

Total time for CPA algorithm:        21.003s (Max:     2.514s)
  Time for choose from waitlist:      0.193s
  Time for precision adjustment:      6.586s
  Time for transfer relation:        11.809s
  Time for merge operator:            0.605s
  Time for stop operator:             0.428s
  Time for adding to reached set:     0.361s

Predicate-Abstraction Refiner statistics
----------------------------------------
Number of predicate refinements:                   23
Avg. length of target path (in blocks):                3119 (count: 23, min: 39, max: 205, avg: 135.61)
Number of infeasible sliced prefixes:                     0 (count: 0, min: 0, max: 0, avg: 0.00)

Time for refinement:                                   2.486s
  Counterexample analysis:                             2.008s (Max:     0.128s, Calls: 23)
    Refinement sat check:                              1.170s
    Interpolant computation:                           0.000s
  Path-formulas extraction:                            0.001s
  Error path post-processing:                          0.000s
  Predicate creation:                                  0.068s
  Precision update:                                    0.035s
  ARG update:                                          0.320s

Length of refined path (in blocks):                    1384 (count: 23, min: 9, max: 86, avg: 60.17)
Number of affected states:                              955 (count: 23, min: 4, max: 73, avg: 41.52)
Length (states) of path with itp 'true':                406 (count: 23, min: 4, max: 67, avg: 17.65)
Length (states) of path with itp non-trivial itp:       955 (count: 23, min: 4, max: 73, avg: 41.52)
Length (states) of path with itp 'false':                23 (count: 23, min: 1, max: 1, avg: 1.00)
Different non-trivial interpolants along paths:           0 (count: 23, min: 0, max: 0, avg: 0.00)
Equal non-trivial interpolants along paths:             932 (count: 23, min: 3, max: 72, avg: 40.52)
Number of refs with location-based cutoff:                0

CEGAR algorithm statistics
--------------------------
Number of refinements:                23
Number of successful refinements:     23
Number of failed refinements:         0
Max. size of reached set before ref.: 3639
Max. size of reached set after ref.:  550
Avg. size of reached set before ref.: 2873.96
Avg. size of reached set after ref.:  120.57

Total time for CEGAR algorithm:      23.746s
Time for refinements:                 2.742s
Average time for refinement:          0.119s
Max time for refinement:              0.166s

Code Coverage
-----------------------------
  Function coverage:      0.174
  Visited lines:          1416
  Total lines:            3740
  Line coverage:          0.379
  Visited conditions:     122
  Total conditions:       794
  Condition coverage:     0.154

CPAchecker general statistics
-----------------------------
Number of program locations:     5323
Number of CFA edges:             5958
Number of relevant variables:    725
Number of functions:             299
Number of loops:                 11
Size of reached set:             2314
  Number of reached locations:   480 (9%)
    Avg states per location:     4
    Max states per location:     48 (at node N3529)
  Number of reached functions:   52 (17%)
  Number of partitions:          2272
    Avg size of partitions:      1
    Max size of partitions:      14 (with key [N2428 (before line 9474), Function main called from node N2387, stack depth 1 [60aec68a], stack [main]])
  Number of target states:       0
  Size of final wait list        94

Time for analysis setup:          6.550s
  Time for loading CPAs:          1.131s
  Time for loading parser:        0.635s
  Time for CFA construction:      4.641s
    Time for parsing file(s):     1.189s
    Time for AST to CFA:          1.702s
    Time for CFA sanity check:    0.327s
    Time for post-processing:     1.156s
      Time for var class.:        0.592s
Time for Analysis:               23.746s
CPU time for analysis:           23.730s
Total time for CPAchecker:       30.304s
Total CPU time for CPAchecker:   30.270s
Time for statistics:              0.146s

Time for Garbage Collector:       0.798s (in 44 runs)
Garbage Collector(s) used:    Copy, MarkSweepCompact
Used heap memory:                 87MB (    83 MiB) max;     55MB (    52 MiB) avg;     91MB (    87 MiB) peak
Used non-heap memory:             41MB (    39 MiB) max;     35MB (    33 MiB) avg;     41MB (    39 MiB) peak
Allocated heap memory:           127MB (   121 MiB) max;    127MB (   121 MiB) avg
Allocated non-heap memory:        42MB (    40 MiB) max;     36MB (    35 MiB) avg
Total process virtual memory:   8086MB (  7711 MiB) max;   8072MB (  7698 MiB) avg

Verification result: UNKNOWN, incomplete analysis.
More details about the verification run can be found in the directory "./output".
