scripts/cpa.sh -Dy-MySearchStrategy-PredAbs-ABElf -heap 5600000000 -timelimit 900 -preprocess -stats -noout -setprop cpa.predicate.memoryAllocationsAlwaysSucceed=true -spec ../sv-benchmarks/c/ReachSafety.prp ../sv-benchmarks/c/ldv-linux-3.4-simple/32_1_cilled_true-unreach-call_ok_nondet_linux-3.4-32_1-drivers--mtd--devices--mtdram.ko-ldv_main0_sequence_infinite_withcheck_stateful.cil.out.c


--------------------------------------------------------------------------------


Running CPAchecker with Java heap of size 5600000000.
Running CPAchecker with default stack size (1024k). Specify a larger value with -stack if needed.
Running CPAchecker with the following extra VM options:  -Djava.io.tmpdir=/tmp/BenchExec_run_8e4ruwvb/tmp
Using the following resource limits: CPU-time limit of 900s (ResourceLimitChecker.fromConfiguration, INFO)

CPAchecker (unknown version) (OpenJDK 64-Bit Server VM 1.8.0_151) started (CPAchecker.run, INFO)

MathSAT5 is available for research and evaluation purposes only. It can not be used in a commercial environment, particularly as part of a commercial product, without written permission. MathSAT5 is provided as is, without any warranty. Please write to mathsat@fbk.eu for additional questions regarding licensing MathSAT5 or obtaining more up-to-date versions. (PredicateCPA:JavaSMT:Mathsat5SolverContext.<init>, WARNING)

Using predicate analysis with MathSAT5 version 5.3.14 (0b98b661254c) (Nov 17 2016 10:59:45, gmp 5.1.3, gcc 4.8.5, 64-bit) and JFactory 1.21. (PredicateCPA:PredicateCPA.<init>, INFO)

Using refinement for predicate analysis with PredicateAbstractionRefinementStrategy strategy. (PredicateCPA:PredicateCPARefiner.<init>, INFO)

Starting analysis ... (CPAchecker.runAlgorithm, INFO)

Assuming external function ldv_initialize to be a constant function. (PredicateCPA:ExpressionToFormulaVisitor.visit, INFO)

Assuming external function vmalloc to be a pure function. (PredicateCPA:ExpressionToFormulaVisitor.visit, INFO)

Assuming external function memset to be a pure function. (PredicateCPA:ExpressionToFormulaVisitor.visit, INFO)

Assuming external function mtd_device_parse_register to be a pure function. (PredicateCPA:ExpressionToFormulaVisitor.visit, INFO)

Assuming external function vfree to be a pure function. (PredicateCPA:ExpressionToFormulaVisitor.visit, INFO)

Assuming external function mtd_device_unregister to be a pure function. (PredicateCPA:ExpressionToFormulaVisitor.visit, INFO)

Stopping analysis ... (CPAchecker.runAlgorithm, INFO)

PredicateCPA statistics
-----------------------
Number of abstractions:            96 (7% of all post computations)
  Times abstraction was reused:    0
  Because of function entry/exit:  81 (84%)
  Because of loop head:            11 (11%)
  Because of join nodes:           0 (0%)
  Because of threshold:            0 (0%)
  Because of target state:         4 (4%)
  Times precision was empty:       40 (42%)
  Times precision was {false}:     7 (7%)
  Times result was cached:         36 (38%)
  Times cartesian abs was used:    0 (0%)
  Times boolean abs was used:      13 (14%)
  Times result was 'false':        7 (7%)
Number of strengthen sat checks:   0
Number of coverage checks:         62
  BDD entailment checks:           24
Number of SMT sat checks:          0
  trivial:                         0
  cached:                          0

Max ABE block size:                       95
Number of predicates discovered:          2
Number of abstraction locations:          11
Max number of predicates per location:    1
Avg number of predicates per location:    1
Total predicates per abstraction:         56
Max number of predicates per abstraction: 1
Avg number of predicates per abstraction: 2.80
Number of irrelevant predicates:          20 (36%)
Number of preds handled by boolean abs:   13 (23%)
  Total number of models for allsat:      13
  Max number of models for allsat:        1
  Avg number of models for allsat:        1.00

Time for post operator:                  0.197s
  Time for path formula creation:        0.195s
Time for strengthen operator:            0.004s
Time for prec operator:                  0.116s
  Time for abstraction:                  0.103s (Max:     0.018s, Count: 96)
    Boolean abstraction:                 0.031s
    Solving time:                        0.018s (Max:     0.007s)
    Model enumeration time:              0.000s
    Time for BDD construction:           0.001s (Max:     0.001s)
Time for merge operator:                 0.004s
Time for coverage check:                 0.014s
  Time for BDD entailment checks:        0.014s
Total time for SMT solver (w/o itp):     0.018s

Number of path formula cache hits:   989 (66%)

Inside post operator:                  
  Inside path formula creation:        
    Time for path formula computation:     0.186s

Total number of created targets for pointer analysis: 0


Number of BDD nodes:                               202
Size of BDD node table:                            270749
Size of BDD cache:                                 27073
Size of BDD node cleanup queue:                           0 (count: 182, min: 0, max: 0, avg: 0.00)
Time for BDD node cleanup:                             0.000s
Time for BDD garbage collection:                       0.000s (in 0 runs)

PrecisionBootstrap statistics
-----------------------------
Init. function predicates:                         0
Init. global predicates:                           0
Init. location predicates:                         0

Invariant Generation statistics
-------------------------------

AutomatonAnalysis (SVCOMP) statistics
-------------------------------------
Number of states:                                  1
Total time for successor computation:                  0.036s
Automaton transfers with branching:                0
Automaton transfer successors:                         1423 (count: 1423, min: 1, max: 1, avg: 1.00) [1 x 1423]

CPA algorithm statistics
------------------------
Number of iterations:            371
Max size of waitlist:            4
Average size of waitlist:        2
Number of computed successors:   418
Max successors for one state:    2
Number of times merged:          19
Number of times stopped:         36
Number of times breaked:         4

Total time for CPA algorithm:         0.575s (Max:     0.263s)
  Time for choose from waitlist:      0.000s
  Time for precision adjustment:      0.180s
  Time for transfer relation:         0.327s
  Time for merge operator:            0.016s
  Time for stop operator:             0.021s
  Time for adding to reached set:     0.026s

Predicate-Abstraction Refiner statistics
----------------------------------------
Number of predicate refinements:                   4
Avg. length of target path (in blocks):                  29 (count: 4, min: 5, max: 9, avg: 7.25)
Number of infeasible sliced prefixes:                     0 (count: 0, min: 0, max: 0, avg: 0.00)

Time for refinement:                                   0.040s
  Counterexample analysis:                             0.020s (Max:     0.010s, Calls: 4)
    Refinement sat check:                              0.010s
    Interpolant computation:                           0.000s
  Path-formulas extraction:                            0.000s
  Error path post-processing:                          0.000s
  Predicate creation:                                  0.003s
  Precision update:                                    0.002s
  ARG update:                                          0.007s

Length of refined path (in blocks):                      25 (count: 4, min: 4, max: 8, avg: 6.25)
Number of affected states:                               21 (count: 4, min: 3, max: 7, avg: 5.25)
Length (states) of path with itp 'true':                  0 (count: 4, min: 0, max: 0, avg: 0.00)
Length (states) of path with itp non-trivial itp:        21 (count: 4, min: 3, max: 7, avg: 5.25)
Length (states) of path with itp 'false':                 4 (count: 4, min: 1, max: 1, avg: 1.00)
Different non-trivial interpolants along paths:           0 (count: 4, min: 0, max: 0, avg: 0.00)
Equal non-trivial interpolants along paths:              17 (count: 4, min: 2, max: 6, avg: 4.25)
Number of refs with location-based cutoff:                0

CEGAR algorithm statistics
--------------------------
Number of refinements:                4
Number of successful refinements:     4
Number of failed refinements:         0
Max. size of reached set before ref.: 91
Max. size of reached set after ref.:  3
Avg. size of reached set before ref.: 78.25
Avg. size of reached set after ref.:  3.00

Total time for CEGAR algorithm:       0.626s
Time for refinements:                 0.051s
Average time for refinement:          0.012s
Max time for refinement:              0.029s

Code Coverage
-----------------------------
  Function coverage:      0.273
  Visited lines:          393
  Total lines:            532
  Line coverage:          0.739
  Visited conditions:     18
  Total conditions:       38
  Condition coverage:     0.474

CPAchecker general statistics
-----------------------------
Number of program locations:     639
Number of CFA edges:             650
Number of relevant variables:    98
Number of functions:             22
Number of loops:                 1
Size of reached set:             75
  Number of reached locations:   66 (10%)
    Avg states per location:     1
    Max states per location:     3 (at node N237)
  Number of reached functions:   6 (27%)
  Number of partitions:          75
    Avg size of partitions:      1
    Max size of partitions:      1
  Number of target states:       0

Time for analysis setup:          2.150s
  Time for loading CPAs:          0.512s
  Time for loading parser:        0.388s
  Time for CFA construction:      1.107s
    Time for parsing file(s):     0.366s
    Time for AST to CFA:          0.357s
    Time for CFA sanity check:    0.064s
    Time for post-processing:     0.188s
      Time for var class.:        0.088s
Time for Analysis:                0.626s
CPU time for analysis:            0.630s
Time for analyzing result:        0.001s
Total time for CPAchecker:        2.786s
Total CPU time for CPAchecker:    2.790s
Time for statistics:              0.053s

Time for Garbage Collector:       0.070s (in 5 runs)
Garbage Collector(s) used:    Copy, MarkSweepCompact
Used heap memory:                 41MB (    39 MiB) max;     27MB (    25 MiB) avg;     62MB (    59 MiB) peak
Used non-heap memory:             31MB (    30 MiB) max;     24MB (    22 MiB) avg;     33MB (    31 MiB) peak
Allocated heap memory:           127MB (   121 MiB) max;    127MB (   121 MiB) avg
Allocated non-heap memory:        34MB (    32 MiB) max;     25MB (    24 MiB) avg
Total process virtual memory:   8019MB (  7648 MiB) max;   7964MB (  7595 MiB) avg

Verification result: TRUE. No property violation found by chosen configuration.
More details about the verification run can be found in the directory "./output".
