scripts/cpa.sh -Dy-MySearchStrategy-PredAbs-ABEl -heap 5600000000 -timelimit 30 -preprocess -stats -noout -setprop cpa.predicate.memoryAllocationsAlwaysSucceed=true -spec ../sv-benchmarks/c/ReachSafety.prp ../sv-benchmarks/c/eca-rers2012/Problem01_label58_true-unreach-call_false-termination.c


--------------------------------------------------------------------------------


Running CPAchecker with Java heap of size 5600000000.
Running CPAchecker with default stack size (1024k). Specify a larger value with -stack if needed.
Running CPAchecker with the following extra VM options:  -Djava.io.tmpdir=/tmp/BenchExec_run_pwk63xyf/tmp
Using the following resource limits: CPU-time limit of 30s (ResourceLimitChecker.fromConfiguration, INFO)

CPAchecker (unknown version) (OpenJDK 64-Bit Server VM 1.8.0_162) started (CPAchecker.run, INFO)

MathSAT5 is available for research and evaluation purposes only. It can not be used in a commercial environment, particularly as part of a commercial product, without written permission. MathSAT5 is provided as is, without any warranty. Please write to mathsat@fbk.eu for additional questions regarding licensing MathSAT5 or obtaining more up-to-date versions. (PredicateCPA:JavaSMT:Mathsat5SolverContext.<init>, WARNING)

Using predicate analysis with MathSAT5 version 5.3.14 (0b98b661254c) (Nov 17 2016 10:59:45, gmp 5.1.3, gcc 4.8.5, 64-bit) and JFactory 1.21. (PredicateCPA:PredicateCPA.<init>, INFO)

Using refinement for predicate analysis with PredicateAbstractionRefinementStrategy strategy. (PredicateCPA:PredicateCPARefiner.<init>, INFO)

Starting analysis ... (CPAchecker.runAlgorithm, INFO)

Stopping analysis ... (CPAchecker.runAlgorithm, INFO)

PredicateCPA statistics
-----------------------
Number of abstractions:            33 (0% of all post computations)
  Times abstraction was reused:    0
  Because of function entry/exit:  0 (0%)
  Because of loop head:            17 (52%)
  Because of join nodes:           0 (0%)
  Because of threshold:            0 (0%)
  Because of target state:         16 (48%)
  Times precision was empty:       2 (6%)
  Times precision was {false}:     15 (45%)
  Times result was cached:         0 (0%)
  Times cartesian abs was used:    0 (0%)
  Times boolean abs was used:      16 (48%)
  Times result was 'false':        13 (39%)
Number of strengthen sat checks:   0
Number of coverage checks:         31461
  BDD entailment checks:           47
Number of SMT sat checks:          0
  trivial:                         0
  cached:                          0

Max ABE block size:                       1085
Number of predicates discovered:          11
Number of abstraction locations:          2
Max number of predicates per location:    10
Avg number of predicates per location:    5
Total predicates per abstraction:         137
Max number of predicates per abstraction: 10
Avg number of predicates per abstraction: 4.42
Number of irrelevant predicates:          15 (11%)
Number of preds handled by boolean abs:   122 (89%)
  Total number of models for allsat:      173
  Max number of models for allsat:        27
  Avg number of models for allsat:        10.81

Time for post operator:                  2.968s
  Time for path formula creation:        2.883s
Time for strengthen operator:            0.124s
Time for prec operator:                  1.767s
  Time for abstraction:                  1.642s (Max:     0.129s, Count: 33)
    Boolean abstraction:                 0.978s
    Solving time:                        0.505s (Max:     0.040s)
    Model enumeration time:              0.433s
    Time for BDD construction:           0.115s (Max:     0.014s)
Time for merge operator:                 0.434s
Time for coverage check:                 0.034s
  Time for BDD entailment checks:        0.009s
Total time for SMT solver (w/o itp):     0.938s

Number of path formula cache hits:   26666 (56%)

Inside post operator:                  
  Inside path formula creation:        
    Time for path formula computation:     2.732s

Total number of created targets for pointer analysis: 0


Number of BDD nodes:                               1364
Size of BDD node table:                            270749
Size of BDD cache:                                 27073
Size of BDD node cleanup queue:                         676 (count: 505, min: 0, max: 188, avg: 1.34)
Time for BDD node cleanup:                             0.007s
Time for BDD garbage collection:                       0.000s (in 0 runs)

PrecisionBootstrap statistics
-----------------------------
Init. function predicates:                         0
Init. global predicates:                           0
Init. location predicates:                         0

Invariant Generation statistics
-------------------------------

AutomatonAnalysis (SVCOMP) statistics
-------------------------------------
Number of states:                                  1
Total time for successor computation:                  0.391s
Automaton transfers with branching:                0
Automaton transfer successors:                        38967 (count: 39828, min: 0, max: 1, avg: 0.98) [0 x 861, 1 x 38967]

CPA algorithm statistics
------------------------
Number of iterations:            20540
Max size of waitlist:            6
Average size of waitlist:        4
Number of computed successors:   36269
Max successors for one state:    2
Number of times merged:          15707
Number of times stopped:         15708
Number of times breaked:         3

Total time for CPA algorithm:         9.936s (Max:     3.697s)
  Time for choose from waitlist:      0.093s
  Time for precision adjustment:      2.512s
  Time for transfer relation:         4.808s
  Time for merge operator:            1.434s
  Time for stop operator:             0.355s
  Time for adding to reached set:     0.126s

Predicate-Abstraction Refiner statistics
----------------------------------------
Number of predicate refinements:                   3
Avg. length of target path (in blocks):                  11 (count: 3, min: 2, max: 6, avg: 3.67)
Number of infeasible sliced prefixes:                     0 (count: 0, min: 0, max: 0, avg: 0.00)

Time for refinement:                                   0.615s
  Counterexample analysis:                             0.438s (Max:     0.324s, Calls: 3)
    Refinement sat check:                              0.361s
    Interpolant computation:                           0.000s
  Path-formulas extraction:                            0.000s
  Error path post-processing:                          0.000s
  Predicate creation:                                  0.041s
  Precision update:                                    0.004s
  ARG update:                                          0.096s

Length of refined path (in blocks):                      11 (count: 3, min: 2, max: 6, avg: 3.67)
Number of affected states:                                8 (count: 3, min: 1, max: 5, avg: 2.67)
Length (states) of path with itp 'true':                  0 (count: 3, min: 0, max: 0, avg: 0.00)
Length (states) of path with itp non-trivial itp:         8 (count: 3, min: 1, max: 5, avg: 2.67)
Length (states) of path with itp 'false':                 0 (count: 3, min: 0, max: 0, avg: 0.00)
Different non-trivial interpolants along paths:           2 (count: 3, min: 0, max: 1, avg: 0.67)
Equal non-trivial interpolants along paths:               3 (count: 3, min: 0, max: 3, avg: 1.00)
Number of refs with location-based cutoff:                0

CEGAR algorithm statistics
--------------------------
Number of refinements:                3
Number of successful refinements:     3
Number of failed refinements:         0
Max. size of reached set before ref.: 6405
Max. size of reached set after ref.:  3
Avg. size of reached set before ref.: 3278.33
Avg. size of reached set after ref.:  3.00

Total time for CEGAR algorithm:      10.648s
Time for refinements:                 0.712s
Average time for refinement:          0.237s
Max time for refinement:              0.454s

Code Coverage
-----------------------------
  Function coverage:      1.000
  Visited lines:          507
  Total lines:            507
  Line coverage:          1.000
  Visited conditions:     2162
  Total conditions:       2162
  Condition coverage:     1.000

CPAchecker general statistics
-----------------------------
Number of program locations:     1597
Number of CFA edges:             2677
Number of relevant variables:    10
Number of functions:             2
Number of loops:                 1
Size of reached set:             10723
  Number of reached locations:   1343 (84%)
    Avg states per location:     7
    Max states per location:     8 (at node N0)
  Number of reached functions:   2 (100%)
  Number of partitions:          10716
    Avg size of partitions:      1
    Max size of partitions:      8 (with key [N1690 (before lines 583-593), Function main called from node N1687, stack depth 1 [a1217f9], stack [main]])
  Number of target states:       0

Time for analysis setup:          4.137s
  Time for loading CPAs:          0.868s
  Time for loading parser:        0.791s
  Time for CFA construction:      2.234s
    Time for parsing file(s):     0.610s
    Time for AST to CFA:          0.679s
    Time for CFA sanity check:    0.251s
    Time for post-processing:     0.548s
      Time for var class.:        0.288s
Time for Analysis:               10.657s
CPU time for analysis:           10.650s
Time for analyzing result:        0.009s
Total time for CPAchecker:       14.798s
Total CPU time for CPAchecker:   14.790s
Time for statistics:              0.341s

Time for Garbage Collector:       0.450s (in 19 runs)
Garbage Collector(s) used:    Copy, MarkSweepCompact
Used heap memory:                 67MB (    64 MiB) max;     40MB (    38 MiB) avg;     75MB (    72 MiB) peak
Used non-heap memory:             34MB (    32 MiB) max;     29MB (    28 MiB) avg;     35MB (    33 MiB) peak
Allocated heap memory:           127MB (   121 MiB) max;    127MB (   121 MiB) avg
Allocated non-heap memory:        36MB (    34 MiB) max;     32MB (    31 MiB) avg
Total process virtual memory:   8134MB (  7757 MiB) max;   8109MB (  7733 MiB) avg

Verification result: TRUE. No property violation found by chosen configuration.
More details about the verification run can be found in the directory "./output".
