scripts/cpa.sh -Dy-MySearchStrategy-PredAbs-ABEl -heap 5600000000 -timelimit 30 -preprocess -stats -noout -setprop cpa.predicate.memoryAllocationsAlwaysSucceed=true -spec ../sv-benchmarks/c/ReachSafety.prp ../sv-benchmarks/c/ldv-linux-3.4-simple/32_1_cilled_true-unreach-call_ok_nondet_linux-3_false-termination.4-32_1-drivers--usb--serial--cp210x.ko-ldv_main0_sequence_infinite_withcheck_stateful.cil.out.c


--------------------------------------------------------------------------------


Running CPAchecker with Java heap of size 5600000000.
Running CPAchecker with default stack size (1024k). Specify a larger value with -stack if needed.
Running CPAchecker with the following extra VM options:  -Djava.io.tmpdir=/tmp/BenchExec_run_j3uzpc17/tmp
Using the following resource limits: CPU-time limit of 30s (ResourceLimitChecker.fromConfiguration, INFO)

CPAchecker (unknown version) (OpenJDK 64-Bit Server VM 1.8.0_162) started (CPAchecker.run, INFO)

MathSAT5 is available for research and evaluation purposes only. It can not be used in a commercial environment, particularly as part of a commercial product, without written permission. MathSAT5 is provided as is, without any warranty. Please write to mathsat@fbk.eu for additional questions regarding licensing MathSAT5 or obtaining more up-to-date versions. (PredicateCPA:JavaSMT:Mathsat5SolverContext.<init>, WARNING)

Using predicate analysis with MathSAT5 version 5.3.14 (0b98b661254c) (Nov 17 2016 10:59:45, gmp 5.1.3, gcc 4.8.5, 64-bit) and JFactory 1.21. (PredicateCPA:PredicateCPA.<init>, INFO)

Using refinement for predicate analysis with PredicateAbstractionRefinementStrategy strategy. (PredicateCPA:PredicateCPARefiner.<init>, INFO)

Starting analysis ... (CPAchecker.runAlgorithm, INFO)

Assuming external function ldv_initialize to be a constant function. (PredicateCPA:ExpressionToFormulaVisitor.visit, INFO)

Assuming external function dev_get_drvdata to be a pure function. (PredicateCPA:ExpressionToFormulaVisitor.visit, INFO)

Assuming external function dev_err to be a pure function. (PredicateCPA:ExpressionToFormulaVisitor.visit, INFO)

Assuming external function usb_reset_device to be a pure function. (PredicateCPA:ExpressionToFormulaVisitor.visit, INFO)

Assuming external function usb_control_msg to be a pure function. (PredicateCPA:ExpressionToFormulaVisitor.visit, INFO)

Assuming external function dev_warn to be a pure function. (PredicateCPA:ExpressionToFormulaVisitor.visit, INFO)

Assuming external function tty_encode_baud_rate to be a pure function. (PredicateCPA:ExpressionToFormulaVisitor.visit, INFO)

Assuming external function usb_serial_generic_close to be a pure function. (PredicateCPA:ExpressionToFormulaVisitor.visit, INFO)

Assuming external function usb_serial_generic_open to be a pure function. (PredicateCPA:ExpressionToFormulaVisitor.visit, INFO)

Assuming external function ldv_check_return_value to be a pure function. (PredicateCPA:ExpressionToFormulaVisitor.visit, INFO)

Shutdown requested (The CPU-time limit of 30s has elapsed.), waiting for termination. (ForceTerminationOnShutdown$1.shutdownRequested, WARNING)

Warning: Analysis interrupted (The CPU-time limit of 30s has elapsed.) (ShutdownNotifier.shutdownIfNecessary, WARNING)

PredicateCPA statistics
-----------------------
Number of abstractions:            192 (1% of all post computations)
  Times abstraction was reused:    0
  Because of function entry/exit:  0 (0%)
  Because of loop head:            179 (93%)
  Because of join nodes:           0 (0%)
  Because of threshold:            0 (0%)
  Because of target state:         13 (7%)
  Times precision was empty:       93 (48%)
  Times precision was {false}:     7 (4%)
  Times result was cached:         24 (13%)
  Times cartesian abs was used:    0 (0%)
  Times boolean abs was used:      68 (35%)
  Times result was 'false':        32 (17%)
Number of strengthen sat checks:   0
Number of coverage checks:         2373
  BDD entailment checks:           15
Number of SMT sat checks:          0
  trivial:                         0
  cached:                          0

Max ABE block size:                       1000
Number of predicates discovered:          3
Number of abstraction locations:          4
Max number of predicates per location:    2
Avg number of predicates per location:    1
Total predicates per abstraction:         100
Max number of predicates per abstraction: 2
Avg number of predicates per abstraction: 1.33
Number of irrelevant predicates:          13 (13%)
Number of preds handled by boolean abs:   69 (69%)
  Total number of models for allsat:      50
  Max number of models for allsat:        1
  Avg number of models for allsat:        0.74

Time for post operator:                  3.307s
  Time for path formula creation:        3.231s
Time for strengthen operator:            0.106s
Time for prec operator:                 17.167s
  Time for abstraction:                 17.116s (Max:     4.813s, Count: 192)
    Boolean abstraction:                14.899s
    Solving time:                       15.378s (Max:     4.488s)
    Model enumeration time:              0.571s
    Time for BDD construction:           0.042s (Max:     0.021s)
Time for merge operator:                 0.555s
Time for coverage check:                 0.013s
  Time for BDD entailment checks:        0.008s
Total time for SMT solver (w/o itp):    15.954s

Number of path formula cache hits:   16142 (54%)

Inside post operator:                  
  Inside path formula creation:        
    Time for path formula computation:     3.070s

Total number of created targets for pointer analysis: 1901
   Number of created targets for uf: *unsigned_int is 48


Number of BDD nodes:                               203
Size of BDD node table:                            270749
Size of BDD cache:                                 27073
Size of BDD node cleanup queue:                         131 (count: 559, min: 0, max: 38, avg: 0.23)
Time for BDD node cleanup:                             0.000s
Time for BDD garbage collection:                       0.000s (in 0 runs)

PrecisionBootstrap statistics
-----------------------------
Init. function predicates:                         0
Init. global predicates:                           0
Init. location predicates:                         0

Invariant Generation statistics
-------------------------------

AutomatonAnalysis (SVCOMP) statistics
-------------------------------------
Number of states:                                  1
Total time for successor computation:                  0.279s
Automaton transfers with branching:                0
Automaton transfer successors:                        29465 (count: 29465, min: 1, max: 1, avg: 1.00) [1 x 29465]

CPA algorithm statistics
------------------------
Number of iterations:            10108
Max size of waitlist:            73
Average size of waitlist:        26
Number of computed successors:   11475
Max successors for one state:    2
Number of times merged:          1179
Number of times stopped:         1194
Number of times breaked:         4

Total time for CPA algorithm:        23.428s (Max:     7.426s)
  Time for choose from waitlist:      0.077s
  Time for precision adjustment:     17.588s
  Time for transfer relation:         4.552s
  Time for merge operator:            0.724s
  Time for stop operator:             0.090s
  Time for adding to reached set:     0.143s

Predicate-Abstraction Refiner statistics
----------------------------------------
Number of predicate refinements:                   4
Avg. length of target path (in blocks):                  11 (count: 4, min: 2, max: 3, avg: 2.75)
Number of infeasible sliced prefixes:                     0 (count: 0, min: 0, max: 0, avg: 0.00)

Time for refinement:                                   0.264s
  Counterexample analysis:                             0.180s (Max:     0.097s, Calls: 4)
    Refinement sat check:                              0.151s
    Interpolant computation:                           0.000s
  Path-formulas extraction:                            0.000s
  Error path post-processing:                          0.000s
  Predicate creation:                                  0.014s
  Precision update:                                    0.002s
  ARG update:                                          0.059s

Length of refined path (in blocks):                      11 (count: 4, min: 2, max: 3, avg: 2.75)
Number of affected states:                                6 (count: 4, min: 1, max: 2, avg: 1.50)
Length (states) of path with itp 'true':                  1 (count: 4, min: 0, max: 1, avg: 0.25)
Length (states) of path with itp non-trivial itp:         6 (count: 4, min: 1, max: 2, avg: 1.50)
Length (states) of path with itp 'false':                 0 (count: 4, min: 0, max: 0, avg: 0.00)
Different non-trivial interpolants along paths:           0 (count: 4, min: 0, max: 0, avg: 0.00)
Equal non-trivial interpolants along paths:               2 (count: 4, min: 0, max: 1, avg: 0.50)
Number of refs with location-based cutoff:                0

CEGAR algorithm statistics
--------------------------
Number of refinements:                4
Number of successful refinements:     4
Number of failed refinements:         0
Max. size of reached set before ref.: 2863
Max. size of reached set after ref.:  2803
Avg. size of reached set before ref.: 2297.25
Avg. size of reached set after ref.:  703.00

Total time for CEGAR algorithm:      23.762s
Time for refinements:                 0.330s
Average time for refinement:          0.082s
Max time for refinement:              0.135s

Code Coverage
-----------------------------
  Function coverage:      0.711
  Visited lines:          2332
  Total lines:            2484
  Line coverage:          0.939
  Visited conditions:     318
  Total conditions:       348
  Condition coverage:     0.914

CPAchecker general statistics
-----------------------------
Number of program locations:     2927
Number of CFA edges:             3129
Number of relevant variables:    510
Number of functions:             38
Number of loops:                 5
Size of reached set:             3872
  Number of reached locations:   1010 (35%)
    Avg states per location:     3
    Max states per location:     58 (at node N51)
  Number of reached functions:   27 (71%)
  Number of partitions:          3872
    Avg size of partitions:      1
    Max size of partitions:      1
  Number of target states:       0
  Size of final wait list        41

Time for analysis setup:          5.923s
  Time for loading CPAs:          1.026s
  Time for loading parser:        0.807s
  Time for CFA construction:      3.916s
    Time for parsing file(s):     1.100s
    Time for AST to CFA:          1.325s
    Time for CFA sanity check:    0.240s
    Time for post-processing:     1.024s
      Time for var class.:        0.581s
Time for Analysis:               23.763s
CPU time for analysis:           23.760s
Total time for CPAchecker:       29.692s
Total CPU time for CPAchecker:   29.680s
Time for statistics:              0.164s

Time for Garbage Collector:       0.342s (in 17 runs)
Garbage Collector(s) used:    Copy, MarkSweepCompact
Used heap memory:                 71MB (    68 MiB) max;     46MB (    44 MiB) avg;     75MB (    71 MiB) peak
Used non-heap memory:             37MB (    36 MiB) max;     33MB (    32 MiB) avg;     38MB (    36 MiB) peak
Allocated heap memory:           127MB (   121 MiB) max;    127MB (   121 MiB) avg
Allocated non-heap memory:        39MB (    37 MiB) max;     35MB (    34 MiB) avg
Total process virtual memory:   8134MB (  7757 MiB) max;   8118MB (  7742 MiB) avg

Verification result: UNKNOWN, incomplete analysis.
More details about the verification run can be found in the directory "./output".
