scripts/cpa.sh -Dy-MySearchStrategy-PredAbs-ABElf -heap 5600000000 -timelimit 900 -preprocess -stats -noout -setprop cpa.predicate.memoryAllocationsAlwaysSucceed=true -spec ../sv-benchmarks/c/ReachSafety.prp ../sv-benchmarks/c/ldv-linux-3.16-rc1/43_2a_consumption_linux-3.16-rc1.tar.xz-43_2a-drivers--net--ethernet--neterion--vxge--vxge.ko-entry_point_true-unreach-call.cil.out.c


--------------------------------------------------------------------------------


Running CPAchecker with Java heap of size 5600000000.
Running CPAchecker with default stack size (1024k). Specify a larger value with -stack if needed.
Running CPAchecker with the following extra VM options:  -Djava.io.tmpdir=/tmp/BenchExec_run_kp7037d1/tmp
Using the following resource limits: CPU-time limit of 900s (ResourceLimitChecker.fromConfiguration, INFO)

CPAchecker (unknown version) (OpenJDK 64-Bit Server VM 1.8.0_162) started (CPAchecker.run, INFO)

line 8258: Dead code detected: __asm__ ("movb %%gs:%P1,%0": "=q" (pfo_ret__): "m" (__preempt_count)); (CFACreationUtils.addEdgeToCFA, INFO)

line 8261: Dead code detected: __asm__ ("movw %%gs:%P1,%0": "=r" (pfo_ret__): "m" (__preempt_count)); (CFACreationUtils.addEdgeToCFA, INFO)

line 8267: Dead code detected: __asm__ ("movq %%gs:%P1,%0": "=r" (pfo_ret__): "m" (__preempt_count)); (CFACreationUtils.addEdgeToCFA, INFO)

none: Dead code detected: switch (4UL) {
  case 1UL:
  __asm__ ("movb %%gs:%P1,%0": "=q" (pfo_ret__): "m" (__preempt_count));
  goto ldv_6004;
  case 2UL:
  __asm__ ("movw %%gs:%P1,%0": "=r" (pfo_ret__): "m" (__preempt_count));
  goto ldv_6004;
  case 4UL:
  __asm__ ("movl %%gs:%P1,%0": "=r" (pfo_ret__): "m" (__preempt_count));
  goto ldv_6004;
  case 8UL:
  __asm__ ("movq %%gs:%P1,%0": "=r" (pfo_ret__): "m" (__preempt_count));
  goto ldv_6004;
  default:
  __bad_percpu_size();
  } (CFACreationUtils.addEdgeToCFA, INFO)

line 8986: Dead code detected: __ms = 1UL; (CFACreationUtils.addEdgeToCFA, INFO)

line 9098: Dead code detected: __ms = 1UL; (CFACreationUtils.addEdgeToCFA, INFO)

lines 20237-20252: Dead code detected: switch (4UL) (CFACreationUtils.addEdgeToCFA, INFO)

line 20239: Dead code detected: __asm__ ("movb %%gs:%P1,%0": "=q" (pfo_ret__): "m" (cpu_number)); (CFACreationUtils.addEdgeToCFA, INFO)

line 20242: Dead code detected: __asm__ ("movw %%gs:%P1,%0": "=r" (pfo_ret__): "m" (cpu_number)); (CFACreationUtils.addEdgeToCFA, INFO)

line 20244: Dead code detected:  (CFACreationUtils.addEdgeToCFA, INFO)

line 20248: Dead code detected: __asm__ ("movq %%gs:%P1,%0": "=r" (pfo_ret__): "m" (cpu_number)); (CFACreationUtils.addEdgeToCFA, INFO)

none: Dead code detected: switch (4UL) {
    case 1UL:
    __asm__ ("movb %%gs:%P1,%0": "=q" (pfo_ret__): "m" (cpu_number));
    goto ldv_41294;
    case 2UL:
    __asm__ ("movw %%gs:%P1,%0": "=r" (pfo_ret__): "m" (cpu_number));
    goto ldv_41294;
    case 4UL:
    __asm__ ("movl %%gs:%P1,%0": "=r" (pfo_ret__): "m" (cpu_number));
    goto ldv_41294;
    case 8UL:
    __asm__ ("movq %%gs:%P1,%0": "=r" (pfo_ret__): "m" (cpu_number));
    goto ldv_41294;
    default:
    __bad_percpu_size();
    } (CFACreationUtils.addEdgeToCFA, INFO)

lines 20257-20272: Dead code detected: switch (4UL) (CFACreationUtils.addEdgeToCFA, INFO)

line 20259: Dead code detected: __asm__ ("movb %%gs:%P1,%0": "=q" (pfo_ret_____0): "m" (cpu_number)); (CFACreationUtils.addEdgeToCFA, INFO)

line 20262: Dead code detected: __asm__ ("movw %%gs:%P1,%0": "=r" (pfo_ret_____0): "m" (cpu_number)); (CFACreationUtils.addEdgeToCFA, INFO)

line 20264: Dead code detected:  (CFACreationUtils.addEdgeToCFA, INFO)

line 20268: Dead code detected: __asm__ ("movq %%gs:%P1,%0": "=r" (pfo_ret_____0): "m" (cpu_number)); (CFACreationUtils.addEdgeToCFA, INFO)

none: Dead code detected: switch (4UL) {
    case 1UL:
    __asm__ ("movb %%gs:%P1,%0": "=q" (pfo_ret_____0): "m" (cpu_number));
    goto ldv_41304;
    case 2UL:
    __asm__ ("movw %%gs:%P1,%0": "=r" (pfo_ret_____0): "m" (cpu_number));
    goto ldv_41304;
    case 4UL:
    __asm__ ("movl %%gs:%P1,%0": "=r" (pfo_ret_____0): "m" (cpu_number));
    goto ldv_41304;
    case 8UL:
    __asm__ ("movq %%gs:%P1,%0": "=r" (pfo_ret_____0): "m" (cpu_number));
    goto ldv_41304;
    default:
    __bad_percpu_size();
    } (CFACreationUtils.addEdgeToCFA, INFO)

line 20279: Dead code detected: __asm__ ("movb %%gs:%P1,%0": "=q" (pfo_ret_____1): "m" (cpu_number)); (CFACreationUtils.addEdgeToCFA, INFO)

line 20282: Dead code detected: __asm__ ("movw %%gs:%P1,%0": "=r" (pfo_ret_____1): "m" (cpu_number)); (CFACreationUtils.addEdgeToCFA, INFO)

line 20288: Dead code detected: __asm__ ("movq %%gs:%P1,%0": "=r" (pfo_ret_____1): "m" (cpu_number)); (CFACreationUtils.addEdgeToCFA, INFO)

none: Dead code detected: switch (4UL) {
    case 1UL:
    __asm__ ("movb %%gs:%P1,%0": "=q" (pfo_ret_____1): "m" (cpu_number));
    goto ldv_41313;
    case 2UL:
    __asm__ ("movw %%gs:%P1,%0": "=r" (pfo_ret_____1): "m" (cpu_number));
    goto ldv_41313;
    case 4UL:
    __asm__ ("movl %%gs:%P1,%0": "=r" (pfo_ret_____1): "m" (cpu_number));
    goto ldv_41313;
    case 8UL:
    __asm__ ("movq %%gs:%P1,%0": "=r" (pfo_ret_____1): "m" (cpu_number));
    goto ldv_41313;
    default:
    __bad_percpu_size();
    } (CFACreationUtils.addEdgeToCFA, INFO)

lines 20297-20312: Dead code detected: switch (4UL) (CFACreationUtils.addEdgeToCFA, INFO)

line 20299: Dead code detected: __asm__ ("movb %%gs:%P1,%0": "=q" (pfo_ret_____2): "m" (cpu_number)); (CFACreationUtils.addEdgeToCFA, INFO)

line 20302: Dead code detected: __asm__ ("movw %%gs:%P1,%0": "=r" (pfo_ret_____2): "m" (cpu_number)); (CFACreationUtils.addEdgeToCFA, INFO)

line 20304: Dead code detected:  (CFACreationUtils.addEdgeToCFA, INFO)

line 20308: Dead code detected: __asm__ ("movq %%gs:%P1,%0": "=r" (pfo_ret_____2): "m" (cpu_number)); (CFACreationUtils.addEdgeToCFA, INFO)

none: Dead code detected: switch (4UL) {
    case 1UL:
    __asm__ ("movb %%gs:%P1,%0": "=q" (pfo_ret_____2): "m" (cpu_number));
    goto ldv_41322;
    case 2UL:
    __asm__ ("movw %%gs:%P1,%0": "=r" (pfo_ret_____2): "m" (cpu_number));
    goto ldv_41322;
    case 4UL:
    __asm__ ("movl %%gs:%P1,%0": "=r" (pfo_ret_____2): "m" (cpu_number));
    goto ldv_41322;
    case 8UL:
    __asm__ ("movq %%gs:%P1,%0": "=r" (pfo_ret_____2): "m" (cpu_number));
    goto ldv_41322;
    default:
    __bad_percpu_size();
    } (CFACreationUtils.addEdgeToCFA, INFO)

none: Dead code detected: switch (4UL) {
    case 1UL: ;
    switch (4UL) {
    case 1UL:
    __asm__ ("movb %%gs:%P1,%0": "=q" (pfo_ret__): "m" (cpu_number));
    goto ldv_41294;
    case 2UL:
    __asm__ ("movw %%gs:%P1,%0": "=r" (pfo_ret__): "m" (cpu_number));
    goto ldv_41294;
    case 4UL:
    __asm__ ("movl %%gs:%P1,%0": "=r" (pfo_ret__): "m" (cpu_number));
    goto ldv_41294;
    case 8UL:
    __asm__ ("movq %%gs:%P1,%0": "=r" (pfo_ret__): "m" (cpu_number));
    goto ldv_41294;
    default:
    __bad_percpu_size();
    }
    ldv_41294:
    pscr_ret__ = pfo_ret__;
    goto ldv_41300;
    case 2UL: ;
    switch (4UL) {
    case 1UL:
    __asm__ ("movb %%gs:%P1,%0": "=q" (pfo_ret_____0): "m" (cpu_number));
    goto ldv_41304;
    case 2UL:
    __asm__ ("movw %%gs:%P1,%0": "=r" (pfo_ret_____0): "m" (cpu_number));
    goto ldv_41304;
    case 4UL:
    __asm__ ("movl %%gs:%P1,%0": "=r" (pfo_ret_____0): "m" (cpu_number));
    goto ldv_41304;
    case 8UL:
    __asm__ ("movq %%gs:%P1,%0": "=r" (pfo_ret_____0): "m" (cpu_number));
    goto ldv_41304;
    default:
    __bad_percpu_size();
    }
    ldv_41304:
    pscr_ret__ = pfo_ret_____0;
    goto ldv_41300;
    case 4UL: ;
    switch (4UL) {
    case 1UL:
    __asm__ ("movb %%gs:%P1,%0": "=q" (pfo_ret_____1): "m" (cpu_number));
    goto ldv_41313;
    case 2UL:
    __asm__ ("movw %%gs:%P1,%0": "=r" (pfo_ret_____1): "m" (cpu_number));
    goto ldv_41313;
    case 4UL:
    __asm__ ("movl %%gs:%P1,%0": "=r" (pfo_ret_____1): "m" (cpu_number));
    goto ldv_41313;
    case 8UL:
    __asm__ ("movq %%gs:%P1,%0": "=r" (pfo_ret_____1): "m" (cpu_number));
    goto ldv_41313;
    default:
    __bad_percpu_size();
    }
    ldv_41313:
    pscr_ret__ = pfo_ret_____1;
    goto ldv_41300;
    case 8UL: ;
    switch (4UL) {
    case 1UL:
    __asm__ ("movb %%gs:%P1,%0": "=q" (pfo_ret_____2): "m" (cpu_number));
    goto ldv_41322;
    case 2UL:
    __asm__ ("movw %%gs:%P1,%0": "=r" (pfo_ret_____2): "m" (cpu_number));
    goto ldv_41322;
    case 4UL:
    __asm__ ("movl %%gs:%P1,%0": "=r" (pfo_ret_____2): "m" (cpu_number));
    goto ldv_41322;
    case 8UL:
    __asm__ ("movq %%gs:%P1,%0": "=r" (pfo_ret_____2): "m" (cpu_number));
    goto ldv_41322;
    default:
    __bad_percpu_size();
    }
    ldv_41322:
    pscr_ret__ = pfo_ret_____2;
    goto ldv_41300;
    default:
    __bad_size_call_parameter();
    goto ldv_41300;
    } (CFACreationUtils.addEdgeToCFA, INFO)

line 27639: Dead code detected: return (ldv_func_res); (CFACreationUtils.addEdgeToCFA, INFO)

Inline assembler ignored, analysis is probably unsound! (CFABuilder.createCFA, WARNING)

line 19637: Function pointer *(ops->map_page) with type dma_addr_t (*)(struct device *, struct page *, unsigned long, size_t , enum dma_data_direction , struct dma_attrs *) is called, but no possible target functions were found. (CFunctionPointerResolver.replaceFunctionPointerCall, WARNING)

lines 8559-8560: Function pointer *(ops->map_page) with type dma_addr_t (*)(struct device *, struct page *, unsigned long, size_t , enum dma_data_direction , struct dma_attrs *) is called, but no possible target functions were found. (CFunctionPointerResolver.replaceFunctionPointerCall, WARNING)

lines 19570-19571: Function pointer *(ops->map_page) with type dma_addr_t (*)(struct device *, struct page *, unsigned long, size_t , enum dma_data_direction , struct dma_attrs *) is called, but no possible target functions were found. (CFunctionPointerResolver.replaceFunctionPointerCall, WARNING)

line 8613: Function pointer *(ops->mapping_error) with type int (*)(struct device *, dma_addr_t ) is called, but no possible target functions were found. (CFunctionPointerResolver.replaceFunctionPointerCall, WARNING)

line 19700: Function pointer *(ops->sync_single_for_cpu) with type void (*)(struct device *, dma_addr_t , size_t , enum dma_data_direction ) is called, but no possible target functions were found. (CFunctionPointerResolver.replaceFunctionPointerCall, WARNING)

line 19733: Function pointer *(ops->sync_single_for_device) with type void (*)(struct device *, dma_addr_t , size_t , enum dma_data_direction ) is called, but no possible target functions were found. (CFunctionPointerResolver.replaceFunctionPointerCall, WARNING)

line 19667: Function pointer *(ops->unmap_page) with type void (*)(struct device *, dma_addr_t , size_t , enum dma_data_direction , struct dma_attrs *) is called, but no possible target functions were found. (CFunctionPointerResolver.replaceFunctionPointerCall, WARNING)

line 8593: Function pointer *(ops->unmap_page) with type void (*)(struct device *, dma_addr_t , size_t , enum dma_data_direction , struct dma_attrs *) is called, but no possible target functions were found. (CFunctionPointerResolver.replaceFunctionPointerCall, WARNING)

line 19604: Function pointer *(ops->unmap_page) with type void (*)(struct device *, dma_addr_t , size_t , enum dma_data_direction , struct dma_attrs *) is called, but no possible target functions were found. (CFunctionPointerResolver.replaceFunctionPointerCall, WARNING)

line 16314: Function pointer *(ring->callback) with type enum vxge_hw_status (*)(struct __vxge_hw_ring *, void *, u8 , void *) is called, but no possible target functions were found. (CFunctionPointerResolver.replaceFunctionPointerCall, WARNING)

MathSAT5 is available for research and evaluation purposes only. It can not be used in a commercial environment, particularly as part of a commercial product, without written permission. MathSAT5 is provided as is, without any warranty. Please write to mathsat@fbk.eu for additional questions regarding licensing MathSAT5 or obtaining more up-to-date versions. (PredicateCPA:JavaSMT:Mathsat5SolverContext.<init>, WARNING)

Using predicate analysis with MathSAT5 version 5.3.14 (0b98b661254c) (Nov 17 2016 10:59:45, gmp 5.1.3, gcc 4.8.5, 64-bit) and JFactory 1.21. (PredicateCPA:PredicateCPA.<init>, INFO)

Using refinement for predicate analysis with PredicateAbstractionRefinementStrategy strategy. (PredicateCPA:PredicateCPARefiner.<init>, INFO)

Starting analysis ... (CPAchecker.runAlgorithm, INFO)

line 26988: Destroying the void* pointer ldv_zalloc::tmp produces garbage or the memory pointed by it is unused: tmp = ldv_zalloc(32UL); (PredicateCPA:DynamicMemoryHandler.handleDeferredAllocationInFunctionExit, WARNING)

line 27000: Destroying the void* pointer ldv_zalloc::tmp produces garbage or the memory pointed by it is unused: tmp___5 = ldv_zalloc(184UL); (PredicateCPA:DynamicMemoryHandler.handleDeferredAllocationInFunctionExit, WARNING)

Assuming external function ldv_initialize to be a constant function. (PredicateCPA:ExpressionToFormulaVisitor.visit, INFO)

Assuming external function memset to be a pure function. (PredicateCPA:ExpressionToFormulaVisitor.visit, INFO)

Assuming external function ldv_probe_10 to be a constant function. (PredicateCPA:ExpressionToFormulaVisitor.visit, INFO)

Assuming external function ldv_release_10 to be a constant function. (PredicateCPA:ExpressionToFormulaVisitor.visit, INFO)

Assuming external function ldv_suspend_10 to be a constant function. (PredicateCPA:ExpressionToFormulaVisitor.visit, INFO)

Assuming external function ldv_ndo_uninit_12 to be a constant function. (PredicateCPA:ExpressionToFormulaVisitor.visit, INFO)

Assuming external function ldv_ndo_init_12 to be a constant function. (PredicateCPA:ExpressionToFormulaVisitor.visit, INFO)

Assuming external function eth_validate_addr to be a pure function. (PredicateCPA:ExpressionToFormulaVisitor.visit, INFO)

Assuming external function netdev_notice to be a pure function. (PredicateCPA:ExpressionToFormulaVisitor.visit, INFO)

Assuming external function netif_carrier_off to be a pure function. (PredicateCPA:ExpressionToFormulaVisitor.visit, INFO)

Assuming external function warn_slowpath_null to be a pure function. (PredicateCPA:ExpressionToFormulaVisitor.visit, INFO)

Assuming external function __const_udelay to be a pure function. (PredicateCPA:ExpressionToFormulaVisitor.visit, INFO)

Assuming external function netif_carrier_on to be a pure function. (PredicateCPA:ExpressionToFormulaVisitor.visit, INFO)

Assuming external function __netif_schedule to be a pure function. (PredicateCPA:ExpressionToFormulaVisitor.visit, INFO)

line 14936: Ignoring function call through function pointer *(hldev->uld_callbacks->crit_err): (*(hldev->uld_callbacks->crit_err))(hldev, type, (u64 )vp_id); (PredicateCPA:ExpressionToFormulaVisitor.visit, WARNING)

line 14976: Ignoring function call through function pointer *(hldev->uld_callbacks->link_up): (*(hldev->uld_callbacks->link_up))(hldev); (PredicateCPA:ExpressionToFormulaVisitor.visit, WARNING)

line 14956: Ignoring function call through function pointer *(hldev->uld_callbacks->link_down): (*(hldev->uld_callbacks->link_down))(hldev); (PredicateCPA:ExpressionToFormulaVisitor.visit, WARNING)

Assuming external function pci_enable_device to be a pure function. (PredicateCPA:ExpressionToFormulaVisitor.visit, INFO)

Assuming external function dma_set_mask to be a pure function. (PredicateCPA:ExpressionToFormulaVisitor.visit, INFO)

Assuming external function dma_supported to be a pure function. (PredicateCPA:ExpressionToFormulaVisitor.visit, INFO)

Assuming external function pci_request_region to be a pure function. (PredicateCPA:ExpressionToFormulaVisitor.visit, INFO)

Assuming external function pci_set_master to be a pure function. (PredicateCPA:ExpressionToFormulaVisitor.visit, INFO)

Assuming external function pci_ioremap_bar to be a pure function. (PredicateCPA:ExpressionToFormulaVisitor.visit, INFO)

Assuming external function pci_release_region to be a pure function. (PredicateCPA:ExpressionToFormulaVisitor.visit, INFO)

Assuming external function pci_disable_device to be a pure function. (PredicateCPA:ExpressionToFormulaVisitor.visit, INFO)

Assuming external function iounmap to be a pure function. (PredicateCPA:ExpressionToFormulaVisitor.visit, INFO)

Assuming external function netif_get_num_default_rss_queues to be a constant function. (PredicateCPA:ExpressionToFormulaVisitor.visit, INFO)

Assuming external function vfree to be a pure function. (PredicateCPA:ExpressionToFormulaVisitor.visit, INFO)

Assuming external function pci_disable_sriov to be a pure function. (PredicateCPA:ExpressionToFormulaVisitor.visit, INFO)

line 8593: Ignoring function call through function pointer *(ops->unmap_page): (*(ops->unmap_page))(dev, addr, size, dir, attrs); (PredicateCPA:ExpressionToFormulaVisitor.visit, WARNING)

Assuming external function debug_dma_unmap_page to be a pure function. (PredicateCPA:ExpressionToFormulaVisitor.visit, INFO)

Assuming external function list_del to be a pure function. (PredicateCPA:ExpressionToFormulaVisitor.visit, INFO)

Assuming external function alloc_etherdev_mqs to be a pure function. (PredicateCPA:ExpressionToFormulaVisitor.visit, INFO)

Assuming external function strncpy to be a pure function. (PredicateCPA:ExpressionToFormulaVisitor.visit, INFO)

Assuming external function flush_work to be a pure function. (PredicateCPA:ExpressionToFormulaVisitor.visit, INFO)

Assuming external function unregister_netdev to be a pure function. (PredicateCPA:ExpressionToFormulaVisitor.visit, INFO)

Assuming external function free_netdev to be a pure function. (PredicateCPA:ExpressionToFormulaVisitor.visit, INFO)

Assuming external function pcie_capability_read_word to be a pure function. (PredicateCPA:ExpressionToFormulaVisitor.visit, INFO)

Assuming external function strcpy to be a pure function. (PredicateCPA:ExpressionToFormulaVisitor.visit, INFO)

Assuming external function __list_add to be a pure function. (PredicateCPA:ExpressionToFormulaVisitor.visit, INFO)

Assuming external function _raw_spin_lock to be a pure function. (PredicateCPA:ExpressionToFormulaVisitor.visit, INFO)

Assuming external function msleep to be a pure function. (PredicateCPA:ExpressionToFormulaVisitor.visit, INFO)

Assuming external function _raw_spin_unlock to be a pure function. (PredicateCPA:ExpressionToFormulaVisitor.visit, INFO)

Assuming external function disable_irq to be a pure function. (PredicateCPA:ExpressionToFormulaVisitor.visit, INFO)

Assuming external function __dev_kfree_skb_any to be a pure function. (PredicateCPA:ExpressionToFormulaVisitor.visit, INFO)

Shutdown requested (The CPU-time limit of 900s has elapsed.), waiting for termination. (ForceTerminationOnShutdown$1.shutdownRequested, WARNING)

Warning: Analysis interrupted (The CPU-time limit of 900s has elapsed.) (ShutdownNotifier.shutdownIfNecessary, WARNING)

PredicateCPA statistics
-----------------------
Number of abstractions:            2544363 (22% of all post computations)
  Times abstraction was reused:    0
  Because of function entry/exit:  2461391 (97%)
  Because of loop head:            82827 (3%)
  Because of join nodes:           0 (0%)
  Because of threshold:            0 (0%)
  Because of target state:         145 (0%)
  Times precision was empty:       212206 (8%)
  Times precision was {false}:     4287 (0%)
  Times result was cached:         2321917 (91%)
  Times cartesian abs was used:    0 (0%)
  Times boolean abs was used:      5953 (0%)
  Times result was 'false':        2697 (0%)
Number of strengthen sat checks:   0
Number of coverage checks:         1946962
  BDD entailment checks:           291824
Number of SMT sat checks:          0
  trivial:                         0
  cached:                          0

Max ABE block size:                       127
Number of predicates discovered:          4
Number of abstraction locations:          159
Max number of predicates per location:    4
Avg number of predicates per location:    2
Total predicates per abstraction:         5368173
Max number of predicates per abstraction: 4
Avg number of predicates per abstraction: 524.24
Number of irrelevant predicates:          3437963 (64%)
Number of preds handled by boolean abs:   8242 (0%)
  Total number of models for allsat:      6003
  Max number of models for allsat:        8
  Avg number of models for allsat:        1.01

Time for post operator:                206.674s
  Time for path formula creation:      200.859s
Time for strengthen operator:           10.585s
Time for prec operator:                299.543s
  Time for abstraction:                263.522s (Max:     4.023s, Count: 2544363)
    Boolean abstraction:                12.505s
    Solving time:                       19.909s (Max:     0.081s)
    Model enumeration time:              0.899s
    Time for BDD construction:           0.184s (Max:     0.007s)
Time for merge operator:                17.907s
Time for coverage check:                 0.761s
  Time for BDD entailment checks:        0.511s
Total time for SMT solver (w/o itp):    20.808s

Number of path formula cache hits:   12484595 (85%)

Inside post operator:                  
  Inside path formula creation:        
    Time for path formula computation:   145.049s

Total number of created targets for pointer analysis: 766554
   Number of created targets for uf: *unsigned_short_int is 3750
   Number of created targets for uf: *(void)* is 237
   Number of created targets for uf: *(struct_vxgedev)* is 119
   Number of created targets for uf: *(struct_list_head)* is 119
   Number of created targets for uf: *enum_vxge_hw_event is 2664
   Number of created targets for uf: *unsigned_long_long_int is 13
   Number of created targets for uf: *unsigned_int is 4785


Number of BDD nodes:                               226
Size of BDD node table:                            270749
Size of BDD cache:                                 27073
Size of BDD node cleanup queue:                       11934 (count: 562200, min: 0, max: 331, avg: 0.02)
Time for BDD node cleanup:                             0.118s
Time for BDD garbage collection:                       0.000s (in 0 runs)

PrecisionBootstrap statistics
-----------------------------
Init. function predicates:                         0
Init. global predicates:                           0
Init. location predicates:                         0

Invariant Generation statistics
-------------------------------

AutomatonAnalysis (SVCOMP) statistics
-------------------------------------
Number of states:                                  1
Total time for successor computation:                 22.341s
  Time for transition matches:                        10.017s
  Time for transition assertions:                      0.002s
  Time for transition actions:                         0.003s
Automaton transfers with branching:                0
Automaton transfer successors:                     11742758 (count: 11742758, min: 1, max: 1, avg: 1.00) [1 x 11742758]

CPA algorithm statistics
------------------------
Number of iterations:            8444748
Max size of waitlist:            333
Average size of waitlist:        188
Number of computed successors:   9596132
Max successors for one state:    2
Number of times merged:          827569
Number of times stopped:         1112644
Number of times breaked:         145

Total time for CPA algorithm:       848.733s (Max:    12.242s)
  Time for choose from waitlist:      4.240s
  Time for precision adjustment:    375.418s
  Time for transfer relation:       384.542s
  Time for merge operator:           29.191s
  Time for stop operator:            10.766s
  Time for adding to reached set:    16.426s

Predicate-Abstraction Refiner statistics
----------------------------------------
Number of predicate refinements:                   145
Avg. length of target path (in blocks):               20689 (count: 145, min: 84, max: 346, avg: 142.68)
Number of infeasible sliced prefixes:                     0 (count: 0, min: 0, max: 0, avg: 0.00)

Time for refinement:                                  35.036s
  Counterexample analysis:                            12.730s (Max:     0.209s, Calls: 145)
    Refinement sat check:                              8.105s
    Interpolant computation:                           0.000s
  Path-formulas extraction:                            0.014s
  Error path post-processing:                          0.000s
  Predicate creation:                                  0.074s
  Precision update:                                    0.081s
  ARG update:                                         21.945s

Length of refined path (in blocks):                    6772 (count: 145, min: 12, max: 139, avg: 46.70)
Number of affected states:                             5177 (count: 145, min: 1, max: 128, avg: 35.70)
Length (states) of path with itp 'true':               1450 (count: 145, min: 10, max: 10, avg: 10.00)
Length (states) of path with itp non-trivial itp:      5177 (count: 145, min: 1, max: 128, avg: 35.70)
Length (states) of path with itp 'false':               145 (count: 145, min: 1, max: 1, avg: 1.00)
Different non-trivial interpolants along paths:           0 (count: 145, min: 0, max: 0, avg: 0.00)
Equal non-trivial interpolants along paths:            5032 (count: 145, min: 0, max: 127, avg: 34.70)
Number of refs with location-based cutoff:                0

CEGAR algorithm statistics
--------------------------
Number of refinements:                145
Number of successful refinements:     145
Number of failed refinements:         0
Max. size of reached set before ref.: 99256
Max. size of reached set after ref.:  53
Avg. size of reached set before ref.: 58097.30
Avg. size of reached set after ref.:  53.00

Total time for CEGAR algorithm:     889.142s
Time for refinements:                40.401s
Average time for refinement:          0.278s
Max time for refinement:              0.555s

Code Coverage
-----------------------------
  Function coverage:      0.135
  Visited lines:          2250
  Total lines:            12712
  Line coverage:          0.177
  Visited conditions:     520
  Total conditions:       3206
  Condition coverage:     0.162

CPAchecker general statistics
-----------------------------
Number of program locations:     16925
Number of CFA edges:             19373
Number of relevant variables:    2875
Number of functions:             541
Number of loops:                 185
Size of reached set:             64368
  Number of reached locations:   1126 (7%)
    Avg states per location:     57
    Max states per location:     1893 (at node N404)
  Number of reached functions:   73 (13%)
  Number of partitions:          64363
    Avg size of partitions:      1
    Max size of partitions:      4 (with key [N15924 (before line 27031), Function main called from node N15848, stack depth 1 [45e68fac], stack [main]])
  Number of target states:       0
  Size of final wait list        215

Time for analysis setup:         11.074s
  Time for loading CPAs:          1.335s
  Time for loading parser:        0.707s
  Time for CFA construction:      8.846s
    Time for parsing file(s):     1.742s
    Time for AST to CFA:          3.541s
    Time for CFA sanity check:    0.808s
    Time for post-processing:     2.499s
      Time for var class.:        1.252s
Time for Analysis:              889.142s
CPU time for analysis:          889.080s
Total time for CPAchecker:      900.222s
Total CPU time for CPAchecker:  900.130s
Time for statistics:              1.272s

Time for Garbage Collector:      98.111s (in 742 runs)
Garbage Collector(s) used:    Copy, MarkSweepCompact
Used heap memory:               1629MB (  1554 MiB) max;    711MB (   678 MiB) avg;   1667MB (  1590 MiB) peak
Used non-heap memory:             41MB (    39 MiB) max;     40MB (    38 MiB) avg;     42MB (    40 MiB) peak
Allocated heap memory:          1656MB (  1579 MiB) max;   1032MB (   984 MiB) avg
Allocated non-heap memory:        43MB (    41 MiB) max;     43MB (    41 MiB) avg
Total process virtual memory:   8152MB (  7774 MiB) max;   8118MB (  7741 MiB) avg

Verification result: UNKNOWN, incomplete analysis.
More details about the verification run can be found in the directory "./output".
