scripts/cpa.sh -Dy-MySearchStrategy-PredAbs-ABElf -heap 5600000000 -timelimit 30 -preprocess -stats -noout -setprop cpa.predicate.memoryAllocationsAlwaysSucceed=true -spec ../sv-benchmarks/c/ReachSafety.prp ../sv-benchmarks/c/ldv-commit-tester/main1_true-unreach-call_drivers-media-video-tlg2300-poseidon-ko--32_7a--4a349aa_false-termination.c


--------------------------------------------------------------------------------


Running CPAchecker with Java heap of size 5600000000.
Running CPAchecker with default stack size (1024k). Specify a larger value with -stack if needed.
Running CPAchecker with the following extra VM options:  -Djava.io.tmpdir=/tmp/BenchExec_run_92sj1pmh/tmp
Using the following resource limits: CPU-time limit of 30s (ResourceLimitChecker.fromConfiguration, INFO)

CPAchecker (unknown version) (OpenJDK 64-Bit Server VM 1.8.0_151) started (CPAchecker.run, INFO)

line 5249: Dead code detected: __asm__ ("movb %%gs:%P1,%0": "=q" (pfo_ret__): "p" (& current_task)); (CFACreationUtils.addEdgeToCFA, INFO)

line 5252: Dead code detected: __asm__ ("movw %%gs:%P1,%0": "=r" (pfo_ret__): "p" (& current_task)); (CFACreationUtils.addEdgeToCFA, INFO)

line 5255: Dead code detected: __asm__ ("movl %%gs:%P1,%0": "=r" (pfo_ret__): "p" (& current_task)); (CFACreationUtils.addEdgeToCFA, INFO)

none: Dead code detected: switch (8UL) {
  case 1UL:
  __asm__ ("movb %%gs:%P1,%0": "=q" (pfo_ret__): "p" (& current_task));
  goto ldv_1982;
  case 2UL:
  __asm__ ("movw %%gs:%P1,%0": "=r" (pfo_ret__): "p" (& current_task));
  goto ldv_1982;
  case 4UL:
  __asm__ ("movl %%gs:%P1,%0": "=r" (pfo_ret__): "p" (& current_task));
  goto ldv_1982;
  case 8UL:
  __asm__ ("movq %%gs:%P1,%0": "=r" (pfo_ret__): "p" (& current_task));
  goto ldv_1982;
  default:
  __bad_percpu_size();
  } (CFACreationUtils.addEdgeToCFA, INFO)

line 6883: Dead code detected: tmp = get_current(); (CFACreationUtils.addEdgeToCFA, INFO)

line 6888: Dead code detected: tmp___0 = get_current(); (CFACreationUtils.addEdgeToCFA, INFO)

line 6893: Dead code detected: tmp___1 = get_current(); (CFACreationUtils.addEdgeToCFA, INFO)

none: Dead code detected: switch (8UL) {
  case 1UL:
  tmp = get_current();
  __ptr = (u8 volatile *)(& tmp->state);
  __asm__ volatile ("xchgb %0,%1": "=q" (__x), "+m" (*__ptr): "0" (__x): "memory");
  goto ldv_29169;
  case 2UL:
  tmp___0 = get_current();
  __ptr___0 = (u16 volatile *)(& tmp___0->state);
  __asm__ volatile ("xchgw %0,%1": "=r" (__x), "+m" (*__ptr___0): "0" (__x): "memory");
  goto ldv_29169;
  case 4UL:
  tmp___1 = get_current();
  __ptr___1 = (u32 volatile *)(& tmp___1->state);
  __asm__ volatile ("xchgl %0,%1": "=r" (__x), "+m" (*__ptr___1): "0" (__x): "memory");
  goto ldv_29169;
  case 8UL:
  tmp___2 = get_current();
  __ptr___2 = (u64 volatile *)(& tmp___2->state);
  __asm__ volatile ("xchgq %0,%1": "=r" (__x), "+m" (*__ptr___2): "0" (__x): "memory");
  goto ldv_29169;
  default:
  __xchg_wrong_size();
  } (CFACreationUtils.addEdgeToCFA, INFO)

line 6982: Dead code detected: tmp = get_current(); (CFACreationUtils.addEdgeToCFA, INFO)

line 6987: Dead code detected: tmp___0 = get_current(); (CFACreationUtils.addEdgeToCFA, INFO)

line 6992: Dead code detected: tmp___1 = get_current(); (CFACreationUtils.addEdgeToCFA, INFO)

none: Dead code detected: switch (8UL) {
  case 1UL:
  tmp = get_current();
  __ptr = (u8 volatile *)(& tmp->state);
  __asm__ volatile ("xchgb %0,%1": "=q" (__x), "+m" (*__ptr): "0" (__x): "memory");
  goto ldv_29208;
  case 2UL:
  tmp___0 = get_current();
  __ptr___0 = (u16 volatile *)(& tmp___0->state);
  __asm__ volatile ("xchgw %0,%1": "=r" (__x), "+m" (*__ptr___0): "0" (__x): "memory");
  goto ldv_29208;
  case 4UL:
  tmp___1 = get_current();
  __ptr___1 = (u32 volatile *)(& tmp___1->state);
  __asm__ volatile ("xchgl %0,%1": "=r" (__x), "+m" (*__ptr___1): "0" (__x): "memory");
  goto ldv_29208;
  case 8UL:
  tmp___2 = get_current();
  __ptr___2 = (u64 volatile *)(& tmp___2->state);
  __asm__ volatile ("xchgq %0,%1": "=r" (__x), "+m" (*__ptr___2): "0" (__x): "memory");
  goto ldv_29208;
  default:
  __xchg_wrong_size();
  } (CFACreationUtils.addEdgeToCFA, INFO)

line 7430: Dead code detected: tmp = get_current(); (CFACreationUtils.addEdgeToCFA, INFO)

line 7435: Dead code detected: tmp___0 = get_current(); (CFACreationUtils.addEdgeToCFA, INFO)

line 7440: Dead code detected: tmp___1 = get_current(); (CFACreationUtils.addEdgeToCFA, INFO)

none: Dead code detected: switch (8UL) {
  case 1UL:
  tmp = get_current();
  __ptr = (u8 volatile *)(& tmp->state);
  __asm__ volatile ("xchgb %0,%1": "=q" (__x), "+m" (*__ptr): "0" (__x): "memory");
  goto ldv_29336;
  case 2UL:
  tmp___0 = get_current();
  __ptr___0 = (u16 volatile *)(& tmp___0->state);
  __asm__ volatile ("xchgw %0,%1": "=r" (__x), "+m" (*__ptr___0): "0" (__x): "memory");
  goto ldv_29336;
  case 4UL:
  tmp___1 = get_current();
  __ptr___1 = (u32 volatile *)(& tmp___1->state);
  __asm__ volatile ("xchgl %0,%1": "=r" (__x), "+m" (*__ptr___1): "0" (__x): "memory");
  goto ldv_29336;
  case 8UL:
  tmp___2 = get_current();
  __ptr___2 = (u64 volatile *)(& tmp___2->state);
  __asm__ volatile ("xchgq %0,%1": "=r" (__x), "+m" (*__ptr___2): "0" (__x): "memory");
  goto ldv_29336;
  default:
  __xchg_wrong_size();
  } (CFACreationUtils.addEdgeToCFA, INFO)

line 8217: Dead code detected: return (ldv_func_res); (CFACreationUtils.addEdgeToCFA, INFO)

line 9061: Dead code detected: return (ldv_func_res); (CFACreationUtils.addEdgeToCFA, INFO)

line 9226: Dead code detected: tmp = get_current(); (CFACreationUtils.addEdgeToCFA, INFO)

line 9231: Dead code detected: tmp___0 = get_current(); (CFACreationUtils.addEdgeToCFA, INFO)

line 9236: Dead code detected: tmp___1 = get_current(); (CFACreationUtils.addEdgeToCFA, INFO)

none: Dead code detected: switch (8UL) {
  case 1UL:
  tmp = get_current();
  __ptr = (u8 volatile *)(& tmp->state);
  __asm__ volatile ("xchgb %0,%1": "=q" (__x), "+m" (*__ptr): "0" (__x): "memory");
  goto ldv_25814;
  case 2UL:
  tmp___0 = get_current();
  __ptr___0 = (u16 volatile *)(& tmp___0->state);
  __asm__ volatile ("xchgw %0,%1": "=r" (__x), "+m" (*__ptr___0): "0" (__x): "memory");
  goto ldv_25814;
  case 4UL:
  tmp___1 = get_current();
  __ptr___1 = (u32 volatile *)(& tmp___1->state);
  __asm__ volatile ("xchgl %0,%1": "=r" (__x), "+m" (*__ptr___1): "0" (__x): "memory");
  goto ldv_25814;
  case 8UL:
  tmp___2 = get_current();
  __ptr___2 = (u64 volatile *)(& tmp___2->state);
  __asm__ volatile ("xchgq %0,%1": "=r" (__x), "+m" (*__ptr___2): "0" (__x): "memory");
  goto ldv_25814;
  default:
  __xchg_wrong_size();
  } (CFACreationUtils.addEdgeToCFA, INFO)

line 10024: Dead code detected: tmp = get_current(); (CFACreationUtils.addEdgeToCFA, INFO)

line 10029: Dead code detected: tmp___0 = get_current(); (CFACreationUtils.addEdgeToCFA, INFO)

line 10034: Dead code detected: tmp___1 = get_current(); (CFACreationUtils.addEdgeToCFA, INFO)

none: Dead code detected: switch (8UL) {
  case 1UL:
  tmp = get_current();
  __ptr = (u8 volatile *)(& tmp->state);
  __asm__ volatile ("xchgb %0,%1": "=q" (__x), "+m" (*__ptr): "0" (__x): "memory");
  goto ldv_26025;
  case 2UL:
  tmp___0 = get_current();
  __ptr___0 = (u16 volatile *)(& tmp___0->state);
  __asm__ volatile ("xchgw %0,%1": "=r" (__x), "+m" (*__ptr___0): "0" (__x): "memory");
  goto ldv_26025;
  case 4UL:
  tmp___1 = get_current();
  __ptr___1 = (u32 volatile *)(& tmp___1->state);
  __asm__ volatile ("xchgl %0,%1": "=r" (__x), "+m" (*__ptr___1): "0" (__x): "memory");
  goto ldv_26025;
  case 8UL:
  tmp___2 = get_current();
  __ptr___2 = (u64 volatile *)(& tmp___2->state);
  __asm__ volatile ("xchgq %0,%1": "=r" (__x), "+m" (*__ptr___2): "0" (__x): "memory");
  goto ldv_26025;
  default:
  __xchg_wrong_size();
  } (CFACreationUtils.addEdgeToCFA, INFO)

line 10200: Dead code detected: return (ldv_func_res); (CFACreationUtils.addEdgeToCFA, INFO)

line 10437: Dead code detected: tmp = get_current(); (CFACreationUtils.addEdgeToCFA, INFO)

line 10442: Dead code detected: tmp___0 = get_current(); (CFACreationUtils.addEdgeToCFA, INFO)

line 10447: Dead code detected: tmp___1 = get_current(); (CFACreationUtils.addEdgeToCFA, INFO)

none: Dead code detected: switch (8UL) {
  case 1UL:
  tmp = get_current();
  __ptr = (u8 volatile *)(& tmp->state);
  __asm__ volatile ("xchgb %0,%1": "=q" (__x), "+m" (*__ptr): "0" (__x): "memory");
  goto ldv_28568;
  case 2UL:
  tmp___0 = get_current();
  __ptr___0 = (u16 volatile *)(& tmp___0->state);
  __asm__ volatile ("xchgw %0,%1": "=r" (__x), "+m" (*__ptr___0): "0" (__x): "memory");
  goto ldv_28568;
  case 4UL:
  tmp___1 = get_current();
  __ptr___1 = (u32 volatile *)(& tmp___1->state);
  __asm__ volatile ("xchgl %0,%1": "=r" (__x), "+m" (*__ptr___1): "0" (__x): "memory");
  goto ldv_28568;
  case 8UL:
  tmp___2 = get_current();
  __ptr___2 = (u64 volatile *)(& tmp___2->state);
  __asm__ volatile ("xchgq %0,%1": "=r" (__x), "+m" (*__ptr___2): "0" (__x): "memory");
  goto ldv_28568;
  default:
  __xchg_wrong_size();
  } (CFACreationUtils.addEdgeToCFA, INFO)

line 10667: Dead code detected: tmp = get_current(); (CFACreationUtils.addEdgeToCFA, INFO)

line 10672: Dead code detected: tmp___0 = get_current(); (CFACreationUtils.addEdgeToCFA, INFO)

line 10677: Dead code detected: tmp___1 = get_current(); (CFACreationUtils.addEdgeToCFA, INFO)

none: Dead code detected: switch (8UL) {
  case 1UL:
  tmp = get_current();
  __ptr = (u8 volatile *)(& tmp->state);
  __asm__ volatile ("xchgb %0,%1": "=q" (__x), "+m" (*__ptr): "0" (__x): "memory");
  goto ldv_28619;
  case 2UL:
  tmp___0 = get_current();
  __ptr___0 = (u16 volatile *)(& tmp___0->state);
  __asm__ volatile ("xchgw %0,%1": "=r" (__x), "+m" (*__ptr___0): "0" (__x): "memory");
  goto ldv_28619;
  case 4UL:
  tmp___1 = get_current();
  __ptr___1 = (u32 volatile *)(& tmp___1->state);
  __asm__ volatile ("xchgl %0,%1": "=r" (__x), "+m" (*__ptr___1): "0" (__x): "memory");
  goto ldv_28619;
  case 8UL:
  tmp___2 = get_current();
  __ptr___2 = (u64 volatile *)(& tmp___2->state);
  __asm__ volatile ("xchgq %0,%1": "=r" (__x), "+m" (*__ptr___2): "0" (__x): "memory");
  goto ldv_28619;
  default:
  __xchg_wrong_size();
  } (CFACreationUtils.addEdgeToCFA, INFO)

line 10766: Dead code detected: tmp = get_current(); (CFACreationUtils.addEdgeToCFA, INFO)

line 10771: Dead code detected: tmp___0 = get_current(); (CFACreationUtils.addEdgeToCFA, INFO)

line 10776: Dead code detected: tmp___1 = get_current(); (CFACreationUtils.addEdgeToCFA, INFO)

none: Dead code detected: switch (8UL) {
  case 1UL:
  tmp = get_current();
  __ptr = (u8 volatile *)(& tmp->state);
  __asm__ volatile ("xchgb %0,%1": "=q" (__x), "+m" (*__ptr): "0" (__x): "memory");
  goto ldv_28648;
  case 2UL:
  tmp___0 = get_current();
  __ptr___0 = (u16 volatile *)(& tmp___0->state);
  __asm__ volatile ("xchgw %0,%1": "=r" (__x), "+m" (*__ptr___0): "0" (__x): "memory");
  goto ldv_28648;
  case 4UL:
  tmp___1 = get_current();
  __ptr___1 = (u32 volatile *)(& tmp___1->state);
  __asm__ volatile ("xchgl %0,%1": "=r" (__x), "+m" (*__ptr___1): "0" (__x): "memory");
  goto ldv_28648;
  case 8UL:
  tmp___2 = get_current();
  __ptr___2 = (u64 volatile *)(& tmp___2->state);
  __asm__ volatile ("xchgq %0,%1": "=r" (__x), "+m" (*__ptr___2): "0" (__x): "memory");
  goto ldv_28648;
  default:
  __xchg_wrong_size();
  } (CFACreationUtils.addEdgeToCFA, INFO)

line 11248: Dead code detected: return (ldv_func_res); (CFACreationUtils.addEdgeToCFA, INFO)

line 12466: Dead code detected: return (ldv_func_res); (CFACreationUtils.addEdgeToCFA, INFO)

Inline assembler ignored, analysis is probably unsound! (CFABuilder.createCFA, WARNING)

MathSAT5 is available for research and evaluation purposes only. It can not be used in a commercial environment, particularly as part of a commercial product, without written permission. MathSAT5 is provided as is, without any warranty. Please write to mathsat@fbk.eu for additional questions regarding licensing MathSAT5 or obtaining more up-to-date versions. (PredicateCPA:JavaSMT:Mathsat5SolverContext.<init>, WARNING)

Using predicate analysis with MathSAT5 version 5.3.14 (0b98b661254c) (Nov 17 2016 10:59:45, gmp 5.1.3, gcc 4.8.5, 64-bit) and JFactory 1.21. (PredicateCPA:PredicateCPA.<init>, INFO)

Using refinement for predicate analysis with PredicateAbstractionRefinementStrategy strategy. (PredicateCPA:PredicateCPARefiner.<init>, INFO)

Starting analysis ... (CPAchecker.runAlgorithm, INFO)

Assuming external function ldv_handler_precall to be a constant function. (PredicateCPA:ExpressionToFormulaVisitor.visit, INFO)

Assuming external function snd_pcm_hw_constraint_integer to be a pure function. (PredicateCPA:ExpressionToFormulaVisitor.visit, INFO)

Assuming external function usb_autopm_get_interface to be a pure function. (PredicateCPA:ExpressionToFormulaVisitor.visit, INFO)

Assuming external function kref_get to be a pure function. (PredicateCPA:ExpressionToFormulaVisitor.visit, INFO)

Assuming external function ldv_check_return_value to be a pure function. (PredicateCPA:ExpressionToFormulaVisitor.visit, INFO)

Assuming external function usb_autopm_put_interface to be a pure function. (PredicateCPA:ExpressionToFormulaVisitor.visit, INFO)

Assuming external function kref_put to be a pure function. (PredicateCPA:ExpressionToFormulaVisitor.visit, INFO)

Assuming external function usb_kill_urb to be a pure function. (PredicateCPA:ExpressionToFormulaVisitor.visit, INFO)

Assuming external function vfree to be a pure function. (PredicateCPA:ExpressionToFormulaVisitor.visit, INFO)

Assuming external function vmalloc to be a pure function. (PredicateCPA:ExpressionToFormulaVisitor.visit, INFO)

Assuming external function usb_free_coherent to be a pure function. (PredicateCPA:ExpressionToFormulaVisitor.visit, INFO)

Assuming external function usb_free_urb to be a pure function. (PredicateCPA:ExpressionToFormulaVisitor.visit, INFO)

Assuming external function usb_alloc_urb to be a pure function. (PredicateCPA:ExpressionToFormulaVisitor.visit, INFO)

Assuming external function usb_alloc_coherent to be a pure function. (PredicateCPA:ExpressionToFormulaVisitor.visit, INFO)

Assuming external function usb_submit_urb to be a pure function. (PredicateCPA:ExpressionToFormulaVisitor.visit, INFO)

Stopping analysis ... (CPAchecker.runAlgorithm, INFO)

PredicateCPA statistics
-----------------------
Number of abstractions:            4445 (15% of all post computations)
  Times abstraction was reused:    0
  Because of function entry/exit:  3442 (77%)
  Because of loop head:            953 (21%)
  Because of join nodes:           0 (0%)
  Because of threshold:            0 (0%)
  Because of target state:         50 (1%)
  Times precision was empty:       788 (18%)
  Times precision was {false}:     96 (2%)
  Times result was cached:         3008 (68%)
  Times cartesian abs was used:    0 (0%)
  Times boolean abs was used:      553 (12%)
  Times result was 'false':        540 (12%)
Number of strengthen sat checks:   0
Number of coverage checks:         4425
  BDD entailment checks:           1585
Number of SMT sat checks:          0
  trivial:                         0
  cached:                          0

Max ABE block size:                       42
Number of predicates discovered:          6
Number of abstraction locations:          38
Max number of predicates per location:    5
Avg number of predicates per location:    4
Total predicates per abstraction:         10985
Max number of predicates per abstraction: 5
Avg number of predicates per abstraction: 16.93
Number of irrelevant predicates:          2930 (27%)
Number of preds handled by boolean abs:   1495 (14%)
  Total number of models for allsat:      553
  Max number of models for allsat:        1
  Avg number of models for allsat:        1.00

Time for post operator:                  2.077s
  Time for path formula creation:        1.999s
Time for strengthen operator:            0.058s
Time for prec operator:                  4.519s
  Time for abstraction:                  4.272s (Max:     0.027s, Count: 4445)
    Boolean abstraction:                 1.528s
    Solving time:                        1.417s (Max:     0.018s)
    Model enumeration time:              0.084s
    Time for BDD construction:           0.093s (Max:     0.009s)
Time for merge operator:                 0.156s
Time for coverage check:                 0.030s
  Time for BDD entailment checks:        0.019s
Total time for SMT solver (w/o itp):     1.501s

Number of path formula cache hits:   30276 (87%)

Inside post operator:                  
  Inside path formula creation:        
    Time for path formula computation:     1.749s

Total number of created targets for pointer analysis: 884
   Number of created targets for uf: *signed_int is 191
   Number of created targets for uf: *(struct_list_head)* is 11
   Number of created targets for uf: *unsigned_int is 41
   Number of created targets for uf: *unsigned_long_int is 21


Number of BDD nodes:                               228
Size of BDD node table:                            270749
Size of BDD cache:                                 27073
Size of BDD node cleanup queue:                        1127 (count: 6218, min: 0, max: 147, avg: 0.18)
Time for BDD node cleanup:                             0.003s
Time for BDD garbage collection:                       0.000s (in 0 runs)

PrecisionBootstrap statistics
-----------------------------
Init. function predicates:                         0
Init. global predicates:                           0
Init. location predicates:                         0

Invariant Generation statistics
-------------------------------

AutomatonAnalysis (SVCOMP) statistics
-------------------------------------
Number of states:                                  1
Total time for successor computation:                  0.319s
Automaton transfers with branching:                0
Automaton transfer successors:                        30007 (count: 30007, min: 1, max: 1, avg: 1.00) [1 x 30007]

CPA algorithm statistics
------------------------
Number of iterations:            18455
Max size of waitlist:            27
Average size of waitlist:        11
Number of computed successors:   21959
Max successors for one state:    2
Number of times merged:          1420
Number of times stopped:         2395
Number of times breaked:         50

Total time for CPA algorithm:         9.527s (Max:     1.204s)
  Time for choose from waitlist:      0.139s
  Time for precision adjustment:      4.992s
  Time for transfer relation:         3.462s
  Time for merge operator:            0.289s
  Time for stop operator:             0.152s
  Time for adding to reached set:     0.139s

Predicate-Abstraction Refiner statistics
----------------------------------------
Number of predicate refinements:                   50
Avg. length of target path (in blocks):                 660 (count: 50, min: 8, max: 22, avg: 13.20)
Number of infeasible sliced prefixes:                     0 (count: 0, min: 0, max: 0, avg: 0.00)

Time for refinement:                                   1.268s
  Counterexample analysis:                             0.994s (Max:     0.039s, Calls: 50)
    Refinement sat check:                              0.793s
    Interpolant computation:                           0.000s
  Path-formulas extraction:                            0.004s
  Error path post-processing:                          0.000s
  Predicate creation:                                  0.079s
  Precision update:                                    0.035s
  ARG update:                                          0.109s

Length of refined path (in blocks):                     610 (count: 50, min: 7, max: 21, avg: 12.20)
Number of affected states:                              510 (count: 50, min: 5, max: 19, avg: 10.20)
Length (states) of path with itp 'true':                 50 (count: 50, min: 1, max: 1, avg: 1.00)
Length (states) of path with itp non-trivial itp:       510 (count: 50, min: 5, max: 19, avg: 10.20)
Length (states) of path with itp 'false':                50 (count: 50, min: 1, max: 1, avg: 1.00)
Different non-trivial interpolants along paths:           0 (count: 50, min: 0, max: 0, avg: 0.00)
Equal non-trivial interpolants along paths:             460 (count: 50, min: 4, max: 18, avg: 9.20)
Number of refs with location-based cutoff:                0

CEGAR algorithm statistics
--------------------------
Number of refinements:                50
Number of successful refinements:     50
Number of failed refinements:         0
Max. size of reached set before ref.: 501
Max. size of reached set after ref.:  6
Avg. size of reached set before ref.: 381.20
Avg. size of reached set after ref.:  6.00

Total time for CEGAR algorithm:      10.914s
Time for refinements:                 1.375s
Average time for refinement:          0.027s
Max time for refinement:              0.078s

Code Coverage
-----------------------------
  Function coverage:      0.057
  Visited lines:          1104
  Total lines:            4827
  Line coverage:          0.229
  Visited conditions:     80
  Total conditions:       1210
  Condition coverage:     0.066

CPAchecker general statistics
-----------------------------
Number of program locations:     6787
Number of CFA edges:             7586
Number of relevant variables:    960
Number of functions:             315
Number of loops:                 37
Size of reached set:             265
  Number of reached locations:   227 (3%)
    Avg states per location:     1
    Max states per location:     9 (at node N3089)
  Number of reached functions:   18 (6%)
  Number of partitions:          265
    Avg size of partitions:      1
    Max size of partitions:      1
  Number of target states:       0

Time for analysis setup:          7.416s
  Time for loading CPAs:          1.040s
  Time for loading parser:        0.633s
  Time for CFA construction:      5.558s
    Time for parsing file(s):     1.293s
    Time for AST to CFA:          2.146s
    Time for CFA sanity check:    0.451s
    Time for post-processing:     1.461s
      Time for var class.:        0.735s
Time for Analysis:               10.915s
CPU time for analysis:           10.910s
Time for analyzing result:        0.001s
Total time for CPAchecker:       18.334s
Total CPU time for CPAchecker:   18.310s
Time for statistics:              0.102s

Time for Garbage Collector:       0.367s (in 24 runs)
Garbage Collector(s) used:    Copy, MarkSweepCompact
Used heap memory:                 72MB (    69 MiB) max;     47MB (    45 MiB) avg;     75MB (    72 MiB) peak
Used non-heap memory:             39MB (    37 MiB) max;     32MB (    30 MiB) avg;     39MB (    37 MiB) peak
Allocated heap memory:           127MB (   121 MiB) max;    127MB (   121 MiB) avg
Allocated non-heap memory:        40MB (    38 MiB) max;     33MB (    32 MiB) avg
Total process virtual memory:   8085MB (  7711 MiB) max;   8063MB (  7689 MiB) avg

Verification result: TRUE. No property violation found by chosen configuration.
More details about the verification run can be found in the directory "./output".
