scripts/cpa.sh -Dy-MySearchStrategy-PredAbs-ABEl -heap 5600000000 -timelimit 30 -preprocess -stats -noout -setprop cpa.predicate.memoryAllocationsAlwaysSucceed=true -spec ../sv-benchmarks/c/ReachSafety.prp ../sv-benchmarks/c/eca-rers2012/Problem04_label22_true-unreach-call.c


--------------------------------------------------------------------------------


Running CPAchecker with Java heap of size 5600000000.
Running CPAchecker with default stack size (1024k). Specify a larger value with -stack if needed.
Running CPAchecker with the following extra VM options:  -Djava.io.tmpdir=/tmp/BenchExec_run_lc_201ab/tmp
Using the following resource limits: CPU-time limit of 30s (ResourceLimitChecker.fromConfiguration, INFO)

CPAchecker (unknown version) (OpenJDK 64-Bit Server VM 1.8.0_162) started (CPAchecker.run, INFO)

MathSAT5 is available for research and evaluation purposes only. It can not be used in a commercial environment, particularly as part of a commercial product, without written permission. MathSAT5 is provided as is, without any warranty. Please write to mathsat@fbk.eu for additional questions regarding licensing MathSAT5 or obtaining more up-to-date versions. (PredicateCPA:JavaSMT:Mathsat5SolverContext.<init>, WARNING)

Using predicate analysis with MathSAT5 version 5.3.14 (0b98b661254c) (Nov 17 2016 10:59:45, gmp 5.1.3, gcc 4.8.5, 64-bit) and JFactory 1.21. (PredicateCPA:PredicateCPA.<init>, INFO)

Using refinement for predicate analysis with PredicateAbstractionRefinementStrategy strategy. (PredicateCPA:PredicateCPARefiner.<init>, INFO)

Starting analysis ... (CPAchecker.runAlgorithm, INFO)

Shutdown requested (The CPU-time limit of 30s has elapsed.), waiting for termination. (ForceTerminationOnShutdown$1.shutdownRequested, WARNING)

Warning: Analysis interrupted (The CPU-time limit of 30s has elapsed.) (ShutdownNotifier.shutdownIfNecessary, WARNING)

PredicateCPA statistics
-----------------------
Number of abstractions:            10 (0% of all post computations)
  Times abstraction was reused:    0
  Because of function entry/exit:  0 (0%)
  Because of loop head:            5 (50%)
  Because of join nodes:           0 (0%)
  Because of threshold:            0 (0%)
  Because of target state:         5 (50%)
  Times precision was empty:       2 (20%)
  Times precision was {false}:     4 (40%)
  Times result was cached:         0 (0%)
  Times cartesian abs was used:    0 (0%)
  Times boolean abs was used:      4 (40%)
  Times result was 'false':        2 (20%)
Number of strengthen sat checks:   0
Number of coverage checks:         87441
  BDD entailment checks:           3
Number of SMT sat checks:          0
  trivial:                         0
  cached:                          0

Max ABE block size:                       8964
Number of predicates discovered:          17
Number of abstraction locations:          2
Max number of predicates per location:    16
Avg number of predicates per location:    8
Total predicates per abstraction:         44
Max number of predicates per abstraction: 16
Avg number of predicates per abstraction: 5.50
Number of irrelevant predicates:          4 (9%)
Number of preds handled by boolean abs:   40 (91%)
  Total number of models for allsat:      20
  Max number of models for allsat:        14
  Avg number of models for allsat:        5.00

Time for post operator:                  6.154s
  Time for path formula creation:        5.868s
Time for strengthen operator:            0.405s
Time for prec operator:                  2.061s
  Time for abstraction:                  1.697s (Max:     0.712s, Count: 10)
    Boolean abstraction:                 0.642s
    Solving time:                        0.495s (Max:     0.269s)
    Model enumeration time:              0.214s
    Time for BDD construction:           0.080s (Max:     0.065s)
Time for merge operator:                 1.029s
Time for coverage check:                 0.014s
  Time for BDD entailment checks:        0.000s
Total time for SMT solver (w/o itp):     0.709s

Number of path formula cache hits:   58704 (48%)

Inside post operator:                  
  Inside path formula creation:        
    Time for path formula computation:     5.629s

Total number of created targets for pointer analysis: 0


Number of BDD nodes:                               552
Size of BDD node table:                            270749
Size of BDD cache:                                 27073
Size of BDD node cleanup queue:                         206 (count: 145, min: 0, max: 80, avg: 1.42)
Time for BDD node cleanup:                             0.009s
Time for BDD garbage collection:                       0.000s (in 0 runs)

PrecisionBootstrap statistics
-----------------------------
Init. function predicates:                         0
Init. global predicates:                           0
Init. location predicates:                         0

Invariant Generation statistics
-------------------------------

AutomatonAnalysis (SVCOMP) statistics
-------------------------------------
Number of states:                                  1
Total time for successor computation:                  0.678s
  Time for transition matches:                         0.233s
  Time for transition assertions:                      0.001s
  Time for transition actions:                         0.000s
Automaton transfers with branching:                0
Automaton transfer successors:                       105620 (count: 105911, min: 0, max: 1, avg: 1.00) [0 x 291, 1 x 105620]

CPA algorithm statistics
------------------------
Number of iterations:            51526
Max size of waitlist:            230
Average size of waitlist:        126
Number of computed successors:   95931
Max successors for one state:    2
Number of times merged:          43719
Number of times stopped:         43719
Number of times breaked:         2

Total time for CPA algorithm:        19.249s (Max:    11.848s)
  Time for choose from waitlist:      0.196s
  Time for precision adjustment:      3.541s
  Time for transfer relation:         9.948s
  Time for merge operator:            3.248s
  Time for stop operator:             0.558s
  Time for adding to reached set:     0.435s

Predicate-Abstraction Refiner statistics
----------------------------------------
Number of predicate refinements:                   2
Avg. length of target path (in blocks):                   6 (count: 2, min: 2, max: 4, avg: 3.00)
Number of infeasible sliced prefixes:                     0 (count: 0, min: 0, max: 0, avg: 0.00)

Time for refinement:                                   1.529s
  Counterexample analysis:                             1.017s (Max:     0.671s, Calls: 2)
    Refinement sat check:                              0.840s
    Interpolant computation:                           0.000s
  Path-formulas extraction:                            0.000s
  Error path post-processing:                          0.000s
  Predicate creation:                                  0.037s
  Precision update:                                    0.007s
  ARG update:                                          0.389s

Length of refined path (in blocks):                       6 (count: 2, min: 2, max: 4, avg: 3.00)
Number of affected states:                                4 (count: 2, min: 1, max: 3, avg: 2.00)
Length (states) of path with itp 'true':                  0 (count: 2, min: 0, max: 0, avg: 0.00)
Length (states) of path with itp non-trivial itp:         4 (count: 2, min: 1, max: 3, avg: 2.00)
Length (states) of path with itp 'false':                 0 (count: 2, min: 0, max: 0, avg: 0.00)
Different non-trivial interpolants along paths:           2 (count: 2, min: 0, max: 2, avg: 1.00)
Equal non-trivial interpolants along paths:               0 (count: 2, min: 0, max: 0, avg: 0.00)
Number of refs with location-based cutoff:                0

CEGAR algorithm statistics
--------------------------
Number of refinements:                2
Number of successful refinements:     2
Number of failed refinements:         0
Max. size of reached set before ref.: 31531
Max. size of reached set after ref.:  3
Avg. size of reached set before ref.: 20937.00
Avg. size of reached set after ref.:  3.00

Total time for CEGAR algorithm:      21.436s
Time for refinements:                 2.179s
Average time for refinement:          1.089s
Max time for refinement:              1.481s

Code Coverage
-----------------------------
  Function coverage:      1.000
  Visited lines:          3606
  Total lines:            4723
  Line coverage:          0.763
  Visited conditions:     17860
  Total conditions:       17908
  Condition coverage:     0.997

CPAchecker general statistics
-----------------------------
Number of program locations:     13023
Number of CFA edges:             21976
Number of relevant variables:    14
Number of functions:             5
Number of loops:                 1
Size of reached set:             10342
  Number of reached locations:   10342 (79%)
    Avg states per location:     1
    Max states per location:     1 (at node N0)
  Number of reached functions:   5 (100%)
  Number of partitions:          10342
    Avg size of partitions:      1
    Max size of partitions:      1
  Number of target states:       0
  Size of final wait list        229

Time for analysis setup:          8.815s
  Time for loading CPAs:          1.258s
  Time for loading parser:        0.821s
  Time for CFA construction:      6.403s
    Time for parsing file(s):     1.104s
    Time for AST to CFA:          2.236s
    Time for CFA sanity check:    1.422s
    Time for post-processing:     1.662s
      Time for var class.:        0.844s
Time for Analysis:               21.436s
CPU time for analysis:           21.440s
Total time for CPAchecker:       30.259s
Total CPU time for CPAchecker:   30.240s
Time for statistics:              0.463s

Time for Garbage Collector:       1.762s (in 54 runs)
Garbage Collector(s) used:    Copy, MarkSweepCompact
Used heap memory:                133MB (   127 MiB) max;     69MB (    66 MiB) avg;    146MB (   140 MiB) peak
Used non-heap memory:             40MB (    38 MiB) max;     34MB (    32 MiB) avg;     40MB (    38 MiB) peak
Allocated heap memory:           186MB (   177 MiB) max;    131MB (   125 MiB) avg
Allocated non-heap memory:        41MB (    39 MiB) max;     35MB (    33 MiB) avg
Total process virtual memory:   8215MB (  7834 MiB) max;   8119MB (  7743 MiB) avg

Verification result: UNKNOWN, incomplete analysis.
More details about the verification run can be found in the directory "./output".
