scripts/cpa.sh -Dy-MySearchStrategy-PredAbs-ABElf -heap 5600000000 -timelimit 30 -preprocess -stats -noout -setprop cpa.predicate.memoryAllocationsAlwaysSucceed=true -spec ../sv-benchmarks/c/ReachSafety.prp ../sv-benchmarks/c/seq-mthreaded/rekh_ctm_true-unreach-call.4_true-termination.c


--------------------------------------------------------------------------------


Running CPAchecker with Java heap of size 5600000000.
Running CPAchecker with default stack size (1024k). Specify a larger value with -stack if needed.
Running CPAchecker with the following extra VM options:  -Djava.io.tmpdir=/tmp/BenchExec_run_05n80kku/tmp
Using the following resource limits: CPU-time limit of 30s (ResourceLimitChecker.fromConfiguration, INFO)

CPAchecker (unknown version) (OpenJDK 64-Bit Server VM 1.8.0_162) started (CPAchecker.run, INFO)

MathSAT5 is available for research and evaluation purposes only. It can not be used in a commercial environment, particularly as part of a commercial product, without written permission. MathSAT5 is provided as is, without any warranty. Please write to mathsat@fbk.eu for additional questions regarding licensing MathSAT5 or obtaining more up-to-date versions. (PredicateCPA:JavaSMT:Mathsat5SolverContext.<init>, WARNING)

Using predicate analysis with MathSAT5 version 5.3.14 (0b98b661254c) (Nov 17 2016 10:59:45, gmp 5.1.3, gcc 4.8.5, 64-bit) and JFactory 1.21. (PredicateCPA:PredicateCPA.<init>, INFO)

Using refinement for predicate analysis with PredicateAbstractionRefinementStrategy strategy. (PredicateCPA:PredicateCPARefiner.<init>, INFO)

Starting analysis ... (CPAchecker.runAlgorithm, INFO)

Shutdown requested (The CPU-time limit of 30s has elapsed.), waiting for termination. (ForceTerminationOnShutdown$1.shutdownRequested, WARNING)

Warning: Analysis interrupted (The CPU-time limit of 30s has elapsed.) (ShutdownNotifier.shutdownIfNecessary, WARNING)

PredicateCPA statistics
-----------------------
Number of abstractions:            3344 (7% of all post computations)
  Times abstraction was reused:    0
  Because of function entry/exit:  3340 (100%)
  Because of loop head:            0 (0%)
  Because of join nodes:           0 (0%)
  Because of threshold:            0 (0%)
  Because of target state:         4 (0%)
  Times precision was empty:       3139 (94%)
  Times precision was {false}:     19 (1%)
  Times result was cached:         173 (5%)
  Times cartesian abs was used:    0 (0%)
  Times boolean abs was used:      13 (0%)
  Times result was 'false':        12 (0%)
Number of strengthen sat checks:   0
Number of coverage checks:         12868
  BDD entailment checks:           1016
Number of SMT sat checks:          0
  trivial:                         0
  cached:                          0

Max ABE block size:                       264
Number of predicates discovered:          2
Number of abstraction locations:          12
Max number of predicates per location:    2
Avg number of predicates per location:    1
Total predicates per abstraction:         225
Max number of predicates per abstraction: 2
Avg number of predicates per abstraction: 7.03
Number of irrelevant predicates:          71 (32%)
Number of preds handled by boolean abs:   13 (6%)
  Total number of models for allsat:      13
  Max number of models for allsat:        1
  Avg number of models for allsat:        1.00

Time for post operator:                  8.778s
  Time for path formula creation:        8.655s
Time for strengthen operator:            0.178s
Time for prec operator:                  1.466s
  Time for abstraction:                  1.105s (Max:     0.121s, Count: 3344)
    Boolean abstraction:                 0.271s
    Solving time:                        0.633s (Max:     0.109s)
    Model enumeration time:              0.006s
    Time for BDD construction:           0.007s (Max:     0.006s)
Time for merge operator:                 0.597s
Time for coverage check:                 0.061s
  Time for BDD entailment checks:        0.053s
Total time for SMT solver (w/o itp):     0.639s

Number of path formula cache hits:   1838 (4%)

Inside post operator:                  
  Inside path formula creation:        
    Time for path formula computation:     8.228s

Total number of created targets for pointer analysis: 63867
   Number of created targets for uf: *unsigned_short_int is 14
   Number of created targets for uf: *signed_int is 42
   Number of created targets for uf: *unsigned_char is 98
   Number of created targets for uf: *_Bool is 70
   Number of created targets for uf: *char is 112


Number of BDD nodes:                               202
Size of BDD node table:                            270749
Size of BDD cache:                                 27073
Size of BDD node cleanup queue:                          32 (count: 4340, min: 0, max: 15, avg: 0.01)
Time for BDD node cleanup:                             0.002s
Time for BDD garbage collection:                       0.000s (in 0 runs)

PrecisionBootstrap statistics
-----------------------------
Init. function predicates:                         0
Init. global predicates:                           0
Init. location predicates:                         0

Invariant Generation statistics
-------------------------------

AutomatonAnalysis (SVCOMP) statistics
-------------------------------------
Number of states:                                  1
Total time for successor computation:                  0.355s
Automaton transfers with branching:                0
Automaton transfer successors:                        45270 (count: 45270, min: 1, max: 1, avg: 1.00) [1 x 45270]

CPA algorithm statistics
------------------------
Number of iterations:            34760
Max size of waitlist:            91
Average size of waitlist:        14
Number of computed successors:   41706
Max successors for one state:    2
Number of times merged:          5926
Number of times stopped:         6929
Number of times breaked:         4

Total time for CPA algorithm:        16.045s (Max:     6.236s)
  Time for choose from waitlist:      0.144s
  Time for precision adjustment:      2.473s
  Time for transfer relation:        11.111s
  Time for merge operator:            1.062s
  Time for stop operator:             0.268s
  Time for adding to reached set:     0.278s

Predicate-Abstraction Refiner statistics
----------------------------------------
Number of predicate refinements:                   4
Avg. length of target path (in blocks):                 114 (count: 4, min: 15, max: 35, avg: 28.50)
Number of infeasible sliced prefixes:                     0 (count: 0, min: 0, max: 0, avg: 0.00)

Time for refinement:                                   8.929s
  Counterexample analysis:                             8.740s (Max:     2.574s, Calls: 4)
    Refinement sat check:                              8.121s
    Interpolant computation:                           0.000s
  Path-formulas extraction:                            0.000s
  Error path post-processing:                          0.000s
  Predicate creation:                                  0.010s
  Precision update:                                    0.003s
  ARG update:                                          0.160s

Length of refined path (in blocks):                      62 (count: 4, min: 12, max: 21, avg: 15.50)
Number of affected states:                               19 (count: 4, min: 0, max: 11, avg: 4.75)
Length (states) of path with itp 'true':                 39 (count: 4, min: 9, max: 12, avg: 9.75)
Length (states) of path with itp non-trivial itp:        19 (count: 4, min: 0, max: 11, avg: 4.75)
Length (states) of path with itp 'false':                 4 (count: 4, min: 1, max: 1, avg: 1.00)
Different non-trivial interpolants along paths:           0 (count: 4, min: 0, max: 0, avg: 0.00)
Equal non-trivial interpolants along paths:              16 (count: 4, min: 0, max: 10, avg: 4.00)
Number of refs with location-based cutoff:                0

CEGAR algorithm statistics
--------------------------
Number of refinements:                4
Number of successful refinements:     4
Number of failed refinements:         0
Max. size of reached set before ref.: 7477
Max. size of reached set after ref.:  7129
Avg. size of reached set before ref.: 7362.25
Avg. size of reached set after ref.:  1927.00

Total time for CEGAR algorithm:      25.097s
Time for refinements:                 9.039s
Average time for refinement:          2.259s
Max time for refinement:              2.632s

Code Coverage
-----------------------------
  Function coverage:      0.439
  Visited lines:          1154
  Total lines:            2875
  Line coverage:          0.401
  Visited conditions:     460
  Total conditions:       2026
  Condition coverage:     0.227

CPAchecker general statistics
-----------------------------
Number of program locations:     4022
Number of CFA edges:             4611
Number of relevant variables:    266
Number of functions:             82
Number of loops:                 0
Size of reached set:             13025
  Number of reached locations:   875 (22%)
    Avg states per location:     14
    Max states per location:     85 (at node N1073)
  Number of reached functions:   36 (44%)
  Number of partitions:          13023
    Avg size of partitions:      1
    Max size of partitions:      2 (with key [N645 (before line 912), Function __startrek_entry_pt_Writer called from node N1234, stack depth 3 [68769265], stack [main, __startrek_hyperperiod, __startrek_entry_pt_Writer]])
  Number of target states:       0
  Size of final wait list        4

Time for analysis setup:          5.119s
  Time for loading CPAs:          1.085s
  Time for loading parser:        0.734s
  Time for CFA construction:      3.173s
    Time for parsing file(s):     0.804s
    Time for AST to CFA:          0.990s
    Time for CFA sanity check:    0.378s
    Time for post-processing:     0.823s
      Time for var class.:        0.548s
Time for Analysis:               25.097s
CPU time for analysis:           25.080s
Total time for CPAchecker:       30.221s
Total CPU time for CPAchecker:   30.200s
Time for statistics:              0.406s

Time for Garbage Collector:       0.695s (in 29 runs)
Garbage Collector(s) used:    Copy, MarkSweepCompact
Used heap memory:                 86MB (    82 MiB) max;     51MB (    49 MiB) avg;     92MB (    87 MiB) peak
Used non-heap memory:             37MB (    36 MiB) max;     33MB (    32 MiB) avg;     38MB (    36 MiB) peak
Allocated heap memory:           127MB (   121 MiB) max;    127MB (   121 MiB) avg
Allocated non-heap memory:        39MB (    37 MiB) max;     35MB (    34 MiB) avg
Total process virtual memory:   8221MB (  7840 MiB) max;   8149MB (  7771 MiB) avg

Verification result: UNKNOWN, incomplete analysis.
More details about the verification run can be found in the directory "./output".
