scripts/cpa.sh -Dy-MySearchStrategy-PredAbs-ABEl -heap 5600000000 -timelimit 30 -preprocess -stats -noout -setprop cpa.predicate.memoryAllocationsAlwaysSucceed=true -spec ../sv-benchmarks/c/ReachSafety.prp ../sv-benchmarks/c/ldv-linux-3.4-simple/32_1_cilled_true-unreach-call_ok_nondet_linux-3.4-32_1-drivers--media--video--cx231xx--cx231xx-dvb.ko-ldv_main0_sequence_infinite_withcheck_stateful.cil.out.c


--------------------------------------------------------------------------------


Running CPAchecker with Java heap of size 5600000000.
Running CPAchecker with default stack size (1024k). Specify a larger value with -stack if needed.
Running CPAchecker with the following extra VM options:  -Djava.io.tmpdir=/tmp/BenchExec_run_x85f59lc/tmp
Using the following resource limits: CPU-time limit of 30s (ResourceLimitChecker.fromConfiguration, INFO)

CPAchecker (unknown version) (OpenJDK 64-Bit Server VM 1.8.0_162) started (CPAchecker.run, INFO)

line 8743: Function pointer *__cil_tmp40 with type int (*)(struct dvb_frontend *fe) is called, but no possible target functions were found. (CFunctionPointerResolver.replaceFunctionPointerCall, WARNING)

line 8604: Function pointer *__cil_tmp39 with type int (*)(struct dvb_frontend *fe, struct analog_parameters *p) is called, but no possible target functions were found. (CFunctionPointerResolver.replaceFunctionPointerCall, WARNING)

line 10660: Function pointer *__a___9 with type struct dvb_frontend *(*)(const struct mb86a20s_config *config, struct i2c_adapter *i2c) is called, but no possible target functions were found. (CFunctionPointerResolver.replaceFunctionPointerCall, WARNING)

line 10741: Function pointer *__a___10 with type struct dvb_frontend *(*)(struct dvb_frontend *fe, u8 addr, struct i2c_adapter *i2c, struct tda18271_config *cfg) is called, but no possible target functions were found. (CFunctionPointerResolver.replaceFunctionPointerCall, WARNING)

line 10514: Function pointer *__a___7 with type struct dvb_frontend *(*)(const struct lgdt3305_config *config, struct i2c_adapter *i2c_adap) is called, but no possible target functions were found. (CFunctionPointerResolver.replaceFunctionPointerCall, WARNING)

line 10595: Function pointer *__a___8 with type struct dvb_frontend *(*)(struct dvb_frontend *fe, u8 addr, struct i2c_adapter *i2c, struct tda18271_config *cfg) is called, but no possible target functions were found. (CFunctionPointerResolver.replaceFunctionPointerCall, WARNING)

line 10362: Function pointer *__a___5 with type struct dvb_frontend *(*)(const struct s5h1411_config *config, struct i2c_adapter *i2c) is called, but no possible target functions were found. (CFunctionPointerResolver.replaceFunctionPointerCall, WARNING)

line 10443: Function pointer *__a___6 with type struct dvb_frontend *(*)(struct dvb_frontend *fe, u8 addr, struct i2c_adapter *i2c, struct tda18271_config *cfg) is called, but no possible target functions were found. (CFunctionPointerResolver.replaceFunctionPointerCall, WARNING)

line 10222: Function pointer *__a___3 with type struct dvb_frontend *(*)(const struct s5h1432_config *config, struct i2c_adapter *i2c) is called, but no possible target functions were found. (CFunctionPointerResolver.replaceFunctionPointerCall, WARNING)

line 10303: Function pointer *__a___4 with type struct dvb_frontend *(*)(struct dvb_frontend *fe, u8 addr, struct i2c_adapter *i2c, struct tda18271_config *cfg) is called, but no possible target functions were found. (CFunctionPointerResolver.replaceFunctionPointerCall, WARNING)

line 10082: Function pointer *__a___1 with type struct dvb_frontend *(*)(const struct s5h1411_config *config, struct i2c_adapter *i2c) is called, but no possible target functions were found. (CFunctionPointerResolver.replaceFunctionPointerCall, WARNING)

line 10163: Function pointer *__a___2 with type struct dvb_frontend *(*)(struct dvb_frontend *fe, struct i2c_adapter *i2c, const struct xc5000_config *cfg) is called, but no possible target functions were found. (CFunctionPointerResolver.replaceFunctionPointerCall, WARNING)

line 9941: Function pointer *__a with type struct dvb_frontend *(*)(const struct s5h1432_config *config, struct i2c_adapter *i2c) is called, but no possible target functions were found. (CFunctionPointerResolver.replaceFunctionPointerCall, WARNING)

line 10022: Function pointer *__a___0 with type struct dvb_frontend *(*)(struct dvb_frontend *fe, struct i2c_adapter *i2c, const struct xc5000_config *cfg) is called, but no possible target functions were found. (CFunctionPointerResolver.replaceFunctionPointerCall, WARNING)

line 9152: Function pointer *__cil_tmp96 with type int (*)(struct dmx_demux *demux, struct dmx_frontend *frontend) is called, but no possible target functions were found. (CFunctionPointerResolver.replaceFunctionPointerCall, WARNING)

line 9184: Function pointer *__cil_tmp115 with type int (*)(struct dmx_demux *demux, struct dmx_frontend *frontend) is called, but no possible target functions were found. (CFunctionPointerResolver.replaceFunctionPointerCall, WARNING)

line 9212: Function pointer *__cil_tmp131 with type int (*)(struct dmx_demux *demux, struct dmx_frontend *frontend) is called, but no possible target functions were found. (CFunctionPointerResolver.replaceFunctionPointerCall, WARNING)

line 9253: Function pointer *__cil_tmp156 with type int (*)(struct dmx_demux *demux, struct dmx_frontend *frontend) is called, but no possible target functions were found. (CFunctionPointerResolver.replaceFunctionPointerCall, WARNING)

line 9268: Function pointer *__cil_tmp167 with type int (*)(struct dmx_demux *demux, struct dmx_frontend *frontend) is called, but no possible target functions were found. (CFunctionPointerResolver.replaceFunctionPointerCall, WARNING)

line 9357: Function pointer *__cil_tmp9 with type int (*)(struct dmx_demux *demux, struct dmx_frontend *frontend) is called, but no possible target functions were found. (CFunctionPointerResolver.replaceFunctionPointerCall, WARNING)

line 9369: Function pointer *__cil_tmp20 with type int (*)(struct dmx_demux *demux, struct dmx_frontend *frontend) is called, but no possible target functions were found. (CFunctionPointerResolver.replaceFunctionPointerCall, WARNING)

MathSAT5 is available for research and evaluation purposes only. It can not be used in a commercial environment, particularly as part of a commercial product, without written permission. MathSAT5 is provided as is, without any warranty. Please write to mathsat@fbk.eu for additional questions regarding licensing MathSAT5 or obtaining more up-to-date versions. (PredicateCPA:JavaSMT:Mathsat5SolverContext.<init>, WARNING)

Using predicate analysis with MathSAT5 version 5.3.14 (0b98b661254c) (Nov 17 2016 10:59:45, gmp 5.1.3, gcc 4.8.5, 64-bit) and JFactory 1.21. (PredicateCPA:PredicateCPA.<init>, INFO)

Using refinement for predicate analysis with PredicateAbstractionRefinementStrategy strategy. (PredicateCPA:PredicateCPARefiner.<init>, INFO)

Starting analysis ... (CPAchecker.runAlgorithm, INFO)

Assuming external function ldv_initialize to be a constant function. (PredicateCPA:ExpressionToFormulaVisitor.visit, INFO)

Assuming external function cx231xx_register_extension to be a pure function. (PredicateCPA:ExpressionToFormulaVisitor.visit, INFO)

Assuming external function dvb_net_release to be a pure function. (PredicateCPA:ExpressionToFormulaVisitor.visit, INFO)

line 9357: Ignoring call via function pointer unregister_dvb::__cil_tmp9 for which no suitable target was found in line: (*__cil_tmp9)(__cil_tmp12, __cil_tmp15); (FunctionPointerCPA:FunctionPointerTransferRelation.getAbstractSuccessorsForEdge, WARNING)

line 9357: Ignoring function call through function pointer *__cil_tmp9: (*__cil_tmp9)(__cil_tmp12, __cil_tmp15); (PredicateCPA:ExpressionToFormulaVisitor.visit, WARNING)

line 9369: Ignoring call via function pointer unregister_dvb::__cil_tmp20 for which no suitable target was found in line: (*__cil_tmp20)(__cil_tmp23, __cil_tmp26); (FunctionPointerCPA:FunctionPointerTransferRelation.getAbstractSuccessorsForEdge, WARNING)

line 9369: Ignoring function call through function pointer *__cil_tmp20: (*__cil_tmp20)(__cil_tmp23, __cil_tmp26); (PredicateCPA:ExpressionToFormulaVisitor.visit, WARNING)

Assuming external function dvb_dmxdev_release to be a pure function. (PredicateCPA:ExpressionToFormulaVisitor.visit, INFO)

Assuming external function dvb_dmx_release to be a pure function. (PredicateCPA:ExpressionToFormulaVisitor.visit, INFO)

Assuming external function dvb_unregister_frontend to be a pure function. (PredicateCPA:ExpressionToFormulaVisitor.visit, INFO)

Assuming external function dvb_frontend_detach to be a pure function. (PredicateCPA:ExpressionToFormulaVisitor.visit, INFO)

Assuming external function dvb_unregister_adapter to be a pure function. (PredicateCPA:ExpressionToFormulaVisitor.visit, INFO)

Assuming external function cx231xx_set_mode to be a pure function. (PredicateCPA:ExpressionToFormulaVisitor.visit, INFO)

Assuming external function cx231xx_demod_reset to be a pure function. (PredicateCPA:ExpressionToFormulaVisitor.visit, INFO)

Assuming external function __symbol_get to be a pure function. (PredicateCPA:ExpressionToFormulaVisitor.visit, INFO)

Assuming external function __request_module to be a pure function. (PredicateCPA:ExpressionToFormulaVisitor.visit, INFO)

line 10660: Ignoring call via function pointer dvb_init::__a___9 for which no suitable target was found in line: tmp___64 = (*__a___9)(&pv_mb86a20s_config, __cil_tmp374); (FunctionPointerCPA:FunctionPointerTransferRelation.getAbstractSuccessorsForEdge, WARNING)

line 10660: Ignoring function call through function pointer *__a___9: tmp___64 = (*__a___9)(&pv_mb86a20s_config, __cil_tmp374); (PredicateCPA:ExpressionToFormulaVisitor.visit, WARNING)

Assuming external function __symbol_put to be a pure function. (PredicateCPA:ExpressionToFormulaVisitor.visit, INFO)

line 10741: Ignoring call via function pointer dvb_init::__a___10 for which no suitable target was found in line: tmp___69 = (*__a___10)(__cil_tmp395, __cil_tmp396, __cil_tmp406, &pv_tda18271_config); (FunctionPointerCPA:FunctionPointerTransferRelation.getAbstractSuccessorsForEdge, WARNING)

line 10741: Ignoring function call through function pointer *__a___10: tmp___69 = (*__a___10)(__cil_tmp395, __cil_tmp396, __cil_tmp406, &pv_tda18271_config); (PredicateCPA:ExpressionToFormulaVisitor.visit, WARNING)

line 10514: Ignoring call via function pointer dvb_init::__a___7 for which no suitable target was found in line: tmp___53 = (*__a___7)(__cil_tmp308, __cil_tmp318); (FunctionPointerCPA:FunctionPointerTransferRelation.getAbstractSuccessorsForEdge, WARNING)

line 10514: Ignoring function call through function pointer *__a___7: tmp___53 = (*__a___7)(__cil_tmp308, __cil_tmp318); (PredicateCPA:ExpressionToFormulaVisitor.visit, WARNING)

line 10595: Ignoring call via function pointer dvb_init::__a___8 for which no suitable target was found in line: tmp___58 = (*__a___8)(__cil_tmp339, __cil_tmp340, __cil_tmp350, &hcw_tda18271_config); (FunctionPointerCPA:FunctionPointerTransferRelation.getAbstractSuccessorsForEdge, WARNING)

line 10595: Ignoring function call through function pointer *__a___8: tmp___58 = (*__a___8)(__cil_tmp339, __cil_tmp340, __cil_tmp350, &hcw_tda18271_config); (PredicateCPA:ExpressionToFormulaVisitor.visit, WARNING)

line 10362: Ignoring call via function pointer dvb_init::__a___5 for which no suitable target was found in line: tmp___42 = (*__a___5)(__cil_tmp251, __cil_tmp261); (FunctionPointerCPA:FunctionPointerTransferRelation.getAbstractSuccessorsForEdge, WARNING)

line 10362: Ignoring function call through function pointer *__a___5: tmp___42 = (*__a___5)(__cil_tmp251, __cil_tmp261); (PredicateCPA:ExpressionToFormulaVisitor.visit, WARNING)

line 10443: Ignoring call via function pointer dvb_init::__a___6 for which no suitable target was found in line: tmp___47 = (*__a___6)(__cil_tmp282, __cil_tmp283, __cil_tmp293, &cnxt_rde253s_tunerconfig); (FunctionPointerCPA:FunctionPointerTransferRelation.getAbstractSuccessorsForEdge, WARNING)

line 10443: Ignoring function call through function pointer *__a___6: tmp___47 = (*__a___6)(__cil_tmp282, __cil_tmp283, __cil_tmp293, &cnxt_rde253s_tunerconfig); (PredicateCPA:ExpressionToFormulaVisitor.visit, WARNING)

line 10222: Ignoring call via function pointer dvb_init::__a___3 for which no suitable target was found in line: tmp___32 = (*__a___3)(__cil_tmp204, __cil_tmp214); (FunctionPointerCPA:FunctionPointerTransferRelation.getAbstractSuccessorsForEdge, WARNING)

line 10222: Ignoring function call through function pointer *__a___3: tmp___32 = (*__a___3)(__cil_tmp204, __cil_tmp214); (PredicateCPA:ExpressionToFormulaVisitor.visit, WARNING)

line 10303: Ignoring call via function pointer dvb_init::__a___4 for which no suitable target was found in line: tmp___37 = (*__a___4)(__cil_tmp235, __cil_tmp236, __cil_tmp246, &cnxt_rde253s_tunerconfig); (FunctionPointerCPA:FunctionPointerTransferRelation.getAbstractSuccessorsForEdge, WARNING)

line 10303: Ignoring function call through function pointer *__a___4: tmp___37 = (*__a___4)(__cil_tmp235, __cil_tmp236, __cil_tmp246, &cnxt_rde253s_tunerconfig); (PredicateCPA:ExpressionToFormulaVisitor.visit, WARNING)

line 10082: Ignoring call via function pointer dvb_init::__a___1 for which no suitable target was found in line: tmp___22 = (*__a___1)(__cil_tmp157, __cil_tmp167); (FunctionPointerCPA:FunctionPointerTransferRelation.getAbstractSuccessorsForEdge, WARNING)

line 10082: Ignoring function call through function pointer *__a___1: tmp___22 = (*__a___1)(__cil_tmp157, __cil_tmp167); (PredicateCPA:ExpressionToFormulaVisitor.visit, WARNING)

line 10163: Ignoring call via function pointer dvb_init::__a___2 for which no suitable target was found in line: tmp___27 = (*__a___2)(__cil_tmp188, __cil_tmp198, __cil_tmp199); (FunctionPointerCPA:FunctionPointerTransferRelation.getAbstractSuccessorsForEdge, WARNING)

line 10163: Ignoring function call through function pointer *__a___2: tmp___27 = (*__a___2)(__cil_tmp188, __cil_tmp198, __cil_tmp199); (PredicateCPA:ExpressionToFormulaVisitor.visit, WARNING)

line 9941: Ignoring call via function pointer dvb_init::__a for which no suitable target was found in line: tmp___12 = (*__a)(__cil_tmp110, __cil_tmp120); (FunctionPointerCPA:FunctionPointerTransferRelation.getAbstractSuccessorsForEdge, WARNING)

line 9941: Ignoring function call through function pointer *__a: tmp___12 = (*__a)(__cil_tmp110, __cil_tmp120); (PredicateCPA:ExpressionToFormulaVisitor.visit, WARNING)

line 10022: Ignoring call via function pointer dvb_init::__a___0 for which no suitable target was found in line: tmp___17 = (*__a___0)(__cil_tmp141, __cil_tmp151, __cil_tmp152); (FunctionPointerCPA:FunctionPointerTransferRelation.getAbstractSuccessorsForEdge, WARNING)

line 10022: Ignoring function call through function pointer *__a___0: tmp___17 = (*__a___0)(__cil_tmp141, __cil_tmp151, __cil_tmp152); (PredicateCPA:ExpressionToFormulaVisitor.visit, WARNING)

Assuming external function __mutex_init to be a pure function. (PredicateCPA:ExpressionToFormulaVisitor.visit, INFO)

Assuming external function dvb_register_adapter to be a pure function. (PredicateCPA:ExpressionToFormulaVisitor.visit, INFO)

Assuming external function dvb_register_frontend to be a pure function. (PredicateCPA:ExpressionToFormulaVisitor.visit, INFO)

Assuming external function dvb_dmx_init to be a pure function. (PredicateCPA:ExpressionToFormulaVisitor.visit, INFO)

Assuming external function dvb_dmxdev_init to be a pure function. (PredicateCPA:ExpressionToFormulaVisitor.visit, INFO)

line 9152: Ignoring call via function pointer register_dvb::__cil_tmp96 for which no suitable target was found in line: result = (*__cil_tmp96)(__cil_tmp99, __cil_tmp102); (FunctionPointerCPA:FunctionPointerTransferRelation.getAbstractSuccessorsForEdge, WARNING)

line 9152: Ignoring function call through function pointer *__cil_tmp96: result = (*__cil_tmp96)(__cil_tmp99, __cil_tmp102); (PredicateCPA:ExpressionToFormulaVisitor.visit, WARNING)

line 9184: Ignoring call via function pointer register_dvb::__cil_tmp115 for which no suitable target was found in line: result = (*__cil_tmp115)(__cil_tmp118, __cil_tmp121); (FunctionPointerCPA:FunctionPointerTransferRelation.getAbstractSuccessorsForEdge, WARNING)

line 9184: Ignoring function call through function pointer *__cil_tmp115: result = (*__cil_tmp115)(__cil_tmp118, __cil_tmp121); (PredicateCPA:ExpressionToFormulaVisitor.visit, WARNING)

line 9212: Ignoring call via function pointer register_dvb::__cil_tmp131 for which no suitable target was found in line: result = (*__cil_tmp131)(__cil_tmp134, __cil_tmp137); (FunctionPointerCPA:FunctionPointerTransferRelation.getAbstractSuccessorsForEdge, WARNING)

line 9212: Ignoring function call through function pointer *__cil_tmp131: result = (*__cil_tmp131)(__cil_tmp134, __cil_tmp137); (PredicateCPA:ExpressionToFormulaVisitor.visit, WARNING)

Assuming external function dvb_net_init to be a pure function. (PredicateCPA:ExpressionToFormulaVisitor.visit, INFO)

line 9253: Ignoring call via function pointer register_dvb::__cil_tmp156 for which no suitable target was found in line: (*__cil_tmp156)(__cil_tmp159, __cil_tmp162); (FunctionPointerCPA:FunctionPointerTransferRelation.getAbstractSuccessorsForEdge, WARNING)

line 9253: Ignoring function call through function pointer *__cil_tmp156: (*__cil_tmp156)(__cil_tmp159, __cil_tmp162); (PredicateCPA:ExpressionToFormulaVisitor.visit, WARNING)

line 9268: Ignoring call via function pointer register_dvb::__cil_tmp167 for which no suitable target was found in line: (*__cil_tmp167)(__cil_tmp170, __cil_tmp173); (FunctionPointerCPA:FunctionPointerTransferRelation.getAbstractSuccessorsForEdge, WARNING)

line 9268: Ignoring function call through function pointer *__cil_tmp167: (*__cil_tmp167)(__cil_tmp170, __cil_tmp173); (PredicateCPA:ExpressionToFormulaVisitor.visit, WARNING)

Assuming external function cx231xx_unregister_extension to be a pure function. (PredicateCPA:ExpressionToFormulaVisitor.visit, INFO)

Stopping analysis ... (CPAchecker.runAlgorithm, INFO)

PredicateCPA statistics
-----------------------
Number of abstractions:            9 (0% of all post computations)
  Times abstraction was reused:    0
  Because of function entry/exit:  0 (0%)
  Because of loop head:            3 (33%)
  Because of join nodes:           0 (0%)
  Because of threshold:            0 (0%)
  Because of target state:         6 (67%)
  Times precision was empty:       3 (33%)
  Times precision was {false}:     4 (44%)
  Times result was cached:         0 (0%)
  Times cartesian abs was used:    0 (0%)
  Times boolean abs was used:      2 (22%)
  Times result was 'false':        4 (44%)
Number of strengthen sat checks:   0
Number of coverage checks:         147
  BDD entailment checks:           1
Number of SMT sat checks:          0
  trivial:                         0
  cached:                          0

Max ABE block size:                       752
Number of predicates discovered:          2
Number of abstraction locations:          2
Max number of predicates per location:    1
Avg number of predicates per location:    1
Total predicates per abstraction:         6
Max number of predicates per abstraction: 1
Avg number of predicates per abstraction: 1.00
Number of irrelevant predicates:          4 (67%)
Number of preds handled by boolean abs:   2 (33%)
  Total number of models for allsat:      2
  Max number of models for allsat:        1
  Avg number of models for allsat:        1.00

Time for post operator:                  1.084s
  Time for path formula creation:        1.045s
Time for strengthen operator:            0.040s
Time for prec operator:                  0.523s
  Time for abstraction:                  0.504s (Max:     0.261s, Count: 9)
    Boolean abstraction:                 0.214s
    Solving time:                        0.311s (Max:     0.182s)
    Model enumeration time:              0.018s
    Time for BDD construction:           0.000s (Max:     0.000s)
Time for merge operator:                 0.280s
Time for coverage check:                 0.000s
  Time for BDD entailment checks:        0.000s
Total time for SMT solver (w/o itp):     0.329s

Number of path formula cache hits:   617 (17%)

Inside post operator:                  
  Inside path formula creation:        
    Time for path formula computation:     0.976s

Total number of created targets for pointer analysis: 0


Number of BDD nodes:                               202
Size of BDD node table:                            270749
Size of BDD cache:                                 27073
Size of BDD node cleanup queue:                           5 (count: 44, min: 0, max: 5, avg: 0.11)
Time for BDD node cleanup:                             0.000s
Time for BDD garbage collection:                       0.000s (in 0 runs)

PrecisionBootstrap statistics
-----------------------------
Init. function predicates:                         0
Init. global predicates:                           0
Init. location predicates:                         0

Invariant Generation statistics
-------------------------------

AutomatonAnalysis (SVCOMP) statistics
-------------------------------------
Number of states:                                  1
Total time for successor computation:                  0.103s
Automaton transfers with branching:                0
Automaton transfer successors:                         3676 (count: 3676, min: 1, max: 1, avg: 1.00) [1 x 3676]

CPA algorithm statistics
------------------------
Number of iterations:            534
Max size of waitlist:            16
Average size of waitlist:        9
Number of computed successors:   616
Max successors for one state:    2
Number of times merged:          73
Number of times stopped:         74
Number of times breaked:         2

Total time for CPA algorithm:         2.515s (Max:     1.451s)
  Time for choose from waitlist:      0.008s
  Time for precision adjustment:      0.604s
  Time for transfer relation:         1.556s
  Time for merge operator:            0.289s
  Time for stop operator:             0.003s
  Time for adding to reached set:     0.032s

Predicate-Abstraction Refiner statistics
----------------------------------------
Number of predicate refinements:                   2
Avg. length of target path (in blocks):                   3 (count: 2, min: 1, max: 2, avg: 1.50)
Number of infeasible sliced prefixes:                     0 (count: 0, min: 0, max: 0, avg: 0.00)

Time for refinement:                                   0.047s
  Counterexample analysis:                             0.013s (Max:     0.008s, Calls: 2)
    Refinement sat check:                              0.006s
    Interpolant computation:                           0.000s
  Path-formulas extraction:                            0.001s
  Error path post-processing:                          0.000s
  Predicate creation:                                  0.004s
  Precision update:                                    0.008s
  ARG update:                                          0.002s

Length of refined path (in blocks):                       3 (count: 2, min: 1, max: 2, avg: 1.50)
Number of affected states:                                1 (count: 2, min: 0, max: 1, avg: 0.50)
Length (states) of path with itp 'true':                  0 (count: 2, min: 0, max: 0, avg: 0.00)
Length (states) of path with itp non-trivial itp:         1 (count: 2, min: 0, max: 1, avg: 0.50)
Length (states) of path with itp 'false':                 0 (count: 2, min: 0, max: 0, avg: 0.00)
Different non-trivial interpolants along paths:           0 (count: 2, min: 0, max: 0, avg: 0.00)
Equal non-trivial interpolants along paths:               0 (count: 2, min: 0, max: 0, avg: 0.00)
Number of refs with location-based cutoff:                0

CEGAR algorithm statistics
--------------------------
Number of refinements:                2
Number of successful refinements:     2
Number of failed refinements:         0
Max. size of reached set before ref.: 85
Max. size of reached set after ref.:  22
Avg. size of reached set before ref.: 52.50
Avg. size of reached set after ref.:  20.50

Total time for CEGAR algorithm:       2.578s
Time for refinements:                 0.063s
Average time for refinement:          0.031s
Max time for refinement:              0.038s

Code Coverage
-----------------------------
  Function coverage:      0.452
  Visited lines:          2765
  Total lines:            3586
  Line coverage:          0.771
  Visited conditions:     150
  Total conditions:       244
  Condition coverage:     0.615

CPAchecker general statistics
-----------------------------
Number of program locations:     3890
Number of CFA edges:             4014
Number of relevant variables:    741
Number of functions:             31
Number of loops:                 2
Size of reached set:             475
  Number of reached locations:   454 (12%)
    Avg states per location:     1
    Max states per location:     4 (at node N2779)
  Number of reached functions:   14 (45%)
  Number of partitions:          475
    Avg size of partitions:      1
    Max size of partitions:      1
  Number of target states:       0

Time for analysis setup:          6.045s
  Time for loading CPAs:          0.977s
  Time for loading parser:        0.646s
  Time for CFA construction:      4.271s
    Time for parsing file(s):     1.177s
    Time for AST to CFA:          1.605s
    Time for CFA sanity check:    0.263s
    Time for post-processing:     0.982s
      Time for var class.:        0.456s
Time for Analysis:                2.578s
CPU time for analysis:            2.570s
Time for analyzing result:        0.001s
Total time for CPAchecker:        8.628s
Total CPU time for CPAchecker:    8.600s
Time for statistics:              0.107s

Time for Garbage Collector:       0.233s (in 10 runs)
Garbage Collector(s) used:    Copy, MarkSweepCompact
Used heap memory:                 62MB (    59 MiB) max;     38MB (    36 MiB) avg;     69MB (    66 MiB) peak
Used non-heap memory:             34MB (    32 MiB) max;     26MB (    25 MiB) avg;     34MB (    33 MiB) peak
Allocated heap memory:           127MB (   121 MiB) max;    127MB (   121 MiB) avg
Allocated non-heap memory:        35MB (    34 MiB) max;     28MB (    27 MiB) avg
Total process virtual memory:   8133MB (  7756 MiB) max;   8090MB (  7716 MiB) avg

Verification result: TRUE. No property violation found by chosen configuration.
More details about the verification run can be found in the directory "./output".
