scripts/cpa.sh -Dy-MySearchStrategy-PredAbs-ABElf -heap 5600000000 -timelimit 30 -preprocess -stats -noout -setprop cpa.predicate.memoryAllocationsAlwaysSucceed=true -spec ../sv-benchmarks/c/ReachSafety.prp ../sv-benchmarks/c/ldv-commit-tester/m0_true-unreach-call_drivers-hwmon-ibmpex-ko--130_7a--d631323.c


--------------------------------------------------------------------------------


Running CPAchecker with Java heap of size 5600000000.
Running CPAchecker with default stack size (1024k). Specify a larger value with -stack if needed.
Running CPAchecker with the following extra VM options:  -Djava.io.tmpdir=/tmp/BenchExec_run_oem4ypd7/tmp
Using the following resource limits: CPU-time limit of 30s (ResourceLimitChecker.fromConfiguration, INFO)

CPAchecker (unknown version) (OpenJDK 64-Bit Server VM 1.8.0_151) started (CPAchecker.run, INFO)

MathSAT5 is available for research and evaluation purposes only. It can not be used in a commercial environment, particularly as part of a commercial product, without written permission. MathSAT5 is provided as is, without any warranty. Please write to mathsat@fbk.eu for additional questions regarding licensing MathSAT5 or obtaining more up-to-date versions. (PredicateCPA:JavaSMT:Mathsat5SolverContext.<init>, WARNING)

Using predicate analysis with MathSAT5 version 5.3.14 (0b98b661254c) (Nov 17 2016 10:59:45, gmp 5.1.3, gcc 4.8.5, 64-bit) and JFactory 1.21. (PredicateCPA:PredicateCPA.<init>, INFO)

Using refinement for predicate analysis with PredicateAbstractionRefinementStrategy strategy. (PredicateCPA:PredicateCPARefiner.<init>, INFO)

Starting analysis ... (CPAchecker.runAlgorithm, INFO)

Assuming external function ldv_handler_precall to be a constant function. (PredicateCPA:ExpressionToFormulaVisitor.visit, INFO)

Assuming external function ipmi_smi_watcher_register to be a pure function. (PredicateCPA:ExpressionToFormulaVisitor.visit, INFO)

Assuming external function ldv_check_final_state to be a constant function. (PredicateCPA:ExpressionToFormulaVisitor.visit, INFO)

Assuming external function ipmi_smi_watcher_unregister to be a pure function. (PredicateCPA:ExpressionToFormulaVisitor.visit, INFO)

Assuming external function ipmi_free_recv_msg to be a pure function. (PredicateCPA:ExpressionToFormulaVisitor.visit, INFO)

Assuming external function complete to be a pure function. (PredicateCPA:ExpressionToFormulaVisitor.visit, INFO)

Assuming external function dev_err to be a pure function. (PredicateCPA:ExpressionToFormulaVisitor.visit, INFO)

Assuming external function device_remove_file to be a pure function. (PredicateCPA:ExpressionToFormulaVisitor.visit, INFO)

Assuming external function list_del to be a pure function. (PredicateCPA:ExpressionToFormulaVisitor.visit, INFO)

Assuming external function dev_set_drvdata to be a pure function. (PredicateCPA:ExpressionToFormulaVisitor.visit, INFO)

Assuming external function hwmon_device_unregister to be a pure function. (PredicateCPA:ExpressionToFormulaVisitor.visit, INFO)

Assuming external function ipmi_destroy_user to be a pure function. (PredicateCPA:ExpressionToFormulaVisitor.visit, INFO)

Assuming external function ipmi_create_user to be a pure function. (PredicateCPA:ExpressionToFormulaVisitor.visit, INFO)

Assuming external function __mutex_init to be a pure function. (PredicateCPA:ExpressionToFormulaVisitor.visit, INFO)

Assuming external function __init_waitqueue_head to be a pure function. (PredicateCPA:ExpressionToFormulaVisitor.visit, INFO)

Assuming external function ipmi_validate_addr to be a pure function. (PredicateCPA:ExpressionToFormulaVisitor.visit, INFO)

Assuming external function ipmi_request_settime to be a pure function. (PredicateCPA:ExpressionToFormulaVisitor.visit, INFO)

Assuming external function wait_for_completion to be a pure function. (PredicateCPA:ExpressionToFormulaVisitor.visit, INFO)

Assuming external function hwmon_device_register to be a pure function. (PredicateCPA:ExpressionToFormulaVisitor.visit, INFO)

Assuming external function __list_add to be a pure function. (PredicateCPA:ExpressionToFormulaVisitor.visit, INFO)

Assuming external function _dev_info to be a pure function. (PredicateCPA:ExpressionToFormulaVisitor.visit, INFO)

Assuming external function memcmp to be a pure function. (PredicateCPA:ExpressionToFormulaVisitor.visit, INFO)

Shutdown requested (The CPU-time limit of 30s has elapsed.), waiting for termination. (ForceTerminationOnShutdown$1.shutdownRequested, WARNING)

Warning: Analysis interrupted (The CPU-time limit of 30s has elapsed.) (ShutdownNotifier.shutdownIfNecessary, WARNING)

PredicateCPA statistics
-----------------------
Number of abstractions:            8723 (15% of all post computations)
  Times abstraction was reused:    0
  Because of function entry/exit:  6479 (74%)
  Because of loop head:            2198 (25%)
  Because of join nodes:           0 (0%)
  Because of threshold:            0 (0%)
  Because of target state:         46 (1%)
  Times precision was empty:       1468 (17%)
  Times precision was {false}:     373 (4%)
  Times result was cached:         5854 (67%)
  Times cartesian abs was used:    0 (0%)
  Times boolean abs was used:      1028 (12%)
  Times result was 'false':        598 (7%)
Number of strengthen sat checks:   0
Number of coverage checks:         8481
  BDD entailment checks:           3549
Number of SMT sat checks:          0
  trivial:                         0
  cached:                          0

Max ABE block size:                       20
Number of predicates discovered:          26
Number of abstraction locations:          78
Max number of predicates per location:    10
Avg number of predicates per location:    3
Total predicates per abstraction:         20038
Max number of predicates per abstraction: 10
Avg number of predicates per abstraction: 14.30
Number of irrelevant predicates:          9827 (49%)
Number of preds handled by boolean abs:   2776 (14%)
  Total number of models for allsat:      1703
  Max number of models for allsat:        12
  Avg number of models for allsat:        1.66

Time for post operator:                  4.755s
  Time for path formula creation:        4.625s
Time for strengthen operator:            0.105s
Time for prec operator:                 12.545s
  Time for abstraction:                 12.135s (Max:     0.385s, Count: 8723)
    Boolean abstraction:                 5.350s
    Solving time:                        4.992s (Max:     0.105s)
    Model enumeration time:              1.520s
    Time for BDD construction:           0.142s (Max:     0.012s)
Time for merge operator:                 0.301s
Time for coverage check:                 0.079s
  Time for BDD entailment checks:        0.075s
Total time for SMT solver (w/o itp):     6.526s

Number of path formula cache hits:   43481 (69%)

Inside post operator:                  
  Inside path formula creation:        
    Time for path formula computation:     4.349s

Total number of created targets for pointer analysis: 16305
   Number of created targets for uf: *unsigned_short_int is 83
   Number of created targets for uf: *signed_int is 137
   Number of created targets for uf: *(char)* is 31
   Number of created targets for uf: *unsigned_char is 4006
   Number of created targets for uf: *signed_long_int is 149
   Number of created targets for uf: *(struct_list_head)* is 2
   Number of created targets for uf: *(unsigned_char)* is 34
   Number of created targets for uf: *(struct_ibmpex_sensor_data)* is 35
   Number of created targets for uf: *(struct_device)* is 133
   Number of created targets for uf: *unsigned_long_int is 13


Number of BDD nodes:                               2146
Size of BDD node table:                            270749
Size of BDD cache:                                 27073
Size of BDD node cleanup queue:                        3197 (count: 13604, min: 0, max: 484, avg: 0.24)
Time for BDD node cleanup:                             0.010s
Time for BDD garbage collection:                       0.000s (in 0 runs)

PrecisionBootstrap statistics
-----------------------------
Init. function predicates:                         0
Init. global predicates:                           0
Init. location predicates:                         0

Invariant Generation statistics
-------------------------------

AutomatonAnalysis (SVCOMP) statistics
-------------------------------------
Number of states:                                  1
Total time for successor computation:                  0.333s
Automaton transfers with branching:                0
Automaton transfer successors:                        56414 (count: 56414, min: 1, max: 1, avg: 1.00) [1 x 56414]

CPA algorithm statistics
------------------------
Number of iterations:            35616
Max size of waitlist:            20
Average size of waitlist:        6
Number of computed successors:   40455
Max successors for one state:    2
Number of times merged:          2466
Number of times stopped:         4092
Number of times breaked:         46

Total time for CPA algorithm:        21.591s (Max:     2.368s)
  Time for choose from waitlist:      0.150s
  Time for precision adjustment:     13.276s
  Time for transfer relation:         6.539s
  Time for merge operator:            0.462s
  Time for stop operator:             0.264s
  Time for adding to reached set:     0.232s

Predicate-Abstraction Refiner statistics
----------------------------------------
Number of predicate refinements:                   46
Avg. length of target path (in blocks):                3105 (count: 46, min: 36, max: 110, avg: 67.50)
Number of infeasible sliced prefixes:                     0 (count: 0, min: 0, max: 0, avg: 0.00)

Time for refinement:                                   4.238s
  Counterexample analysis:                             3.789s (Max:     0.180s, Calls: 46)
    Refinement sat check:                              2.614s
    Interpolant computation:                           0.000s
  Path-formulas extraction:                            0.003s
  Error path post-processing:                          0.000s
  Predicate creation:                                  0.068s
  Precision update:                                    0.080s
  ARG update:                                          0.193s

Length of refined path (in blocks):                    2262 (count: 46, min: 13, max: 99, avg: 49.17)
Number of affected states:                             1135 (count: 46, min: 1, max: 98, avg: 24.67)
Length (states) of path with itp 'true':               1081 (count: 46, min: 0, max: 55, avg: 23.50)
Length (states) of path with itp non-trivial itp:      1135 (count: 46, min: 1, max: 98, avg: 24.67)
Length (states) of path with itp 'false':                46 (count: 46, min: 1, max: 1, avg: 1.00)
Different non-trivial interpolants along paths:          54 (count: 46, min: 0, max: 7, avg: 1.17)
Equal non-trivial interpolants along paths:            1035 (count: 46, min: 0, max: 95, avg: 22.50)
Number of refs with location-based cutoff:                0

CEGAR algorithm statistics
--------------------------
Number of refinements:                46
Number of successful refinements:     46
Number of failed refinements:         0
Max. size of reached set before ref.: 2750
Max. size of reached set after ref.:  1751
Avg. size of reached set before ref.: 1604.22
Avg. size of reached set after ref.:  876.78

Total time for CEGAR algorithm:      26.128s
Time for refinements:                 4.458s
Average time for refinement:          0.096s
Max time for refinement:              0.193s

Code Coverage
-----------------------------
  Function coverage:      0.756
  Visited lines:          742
  Total lines:            826
  Line coverage:          0.898
  Visited conditions:     112
  Total conditions:       130
  Condition coverage:     0.862

CPAchecker general statistics
-----------------------------
Number of program locations:     1098
Number of CFA edges:             1168
Number of relevant variables:    149
Number of functions:             45
Number of loops:                 10
Size of reached set:             2303
  Number of reached locations:   391 (36%)
    Avg states per location:     5
    Max states per location:     32 (at node N552)
  Number of reached functions:   34 (76%)
  Number of partitions:          2239
    Avg size of partitions:      1
    Max size of partitions:      9 (with key [N415 (before line 2107), Function ibmpex_find_sensors called from node N522, stack depth 3 [59b02d8e], stack [main, ibmpex_register_bmc, ibmpex_find_sensors]])
  Number of target states:       0
  Size of final wait list        14

Time for analysis setup:          4.125s
  Time for loading CPAs:          0.862s
  Time for loading parser:        0.809s
  Time for CFA construction:      2.345s
    Time for parsing file(s):     0.782s
    Time for AST to CFA:          0.699s
    Time for CFA sanity check:    0.144s
    Time for post-processing:     0.534s
      Time for var class.:        0.268s
Time for Analysis:               26.128s
CPU time for analysis:           26.130s
Total time for CPAchecker:       30.259s
Total CPU time for CPAchecker:   30.250s
Time for statistics:              0.119s

Time for Garbage Collector:       0.384s (in 31 runs)
Garbage Collector(s) used:    Copy, MarkSweepCompact
Used heap memory:                 68MB (    65 MiB) max;     44MB (    42 MiB) avg;     72MB (    68 MiB) peak
Used non-heap memory:             40MB (    38 MiB) max;     35MB (    33 MiB) avg;     40MB (    38 MiB) peak
Allocated heap memory:           127MB (   121 MiB) max;    127MB (   121 MiB) avg
Allocated non-heap memory:        41MB (    40 MiB) max;     37MB (    35 MiB) avg
Total process virtual memory:   8087MB (  7712 MiB) max;   8073MB (  7699 MiB) avg

Verification result: UNKNOWN, incomplete analysis.
More details about the verification run can be found in the directory "./output".
