scripts/cpa.sh -Dy-MySearchStrategy-PredAbs-ABElf -heap 9600000000 -timelimit 900 -preprocess -stats -noout -setprop cpa.predicate.memoryAllocationsAlwaysSucceed=true -spec ../sv-benchmarks/c/ReachSafety.prp ../sv-benchmarks/c/seq-mthreaded/pals_STARTPALS_Triplicated_true-unreach-call.ufo.UNBOUNDED.pals.c


--------------------------------------------------------------------------------


Running CPAchecker with Java heap of size 9600000000.
Running CPAchecker with default stack size (1024k). Specify a larger value with -stack if needed.
Running CPAchecker with the following extra VM options:  -Djava.io.tmpdir=/tmp/BenchExec_run_dbp3qipt/tmp
Using the following resource limits: CPU-time limit of 900s (ResourceLimitChecker.fromConfiguration, INFO)

CPAchecker 1.6.1-svn 6608050+ (OpenJDK 64-Bit Server VM 1.8.0_151) started (CPAchecker.run, INFO)

line 575: Dead code detected: return 0; (CFACreationUtils.addEdgeToCFA, INFO)

MathSAT5 is available for research and evaluation purposes only. It can not be used in a commercial environment, particularly as part of a commercial product, without written permission. MathSAT5 is provided as is, without any warranty. Please write to mathsat@fbk.eu for additional questions regarding licensing MathSAT5 or obtaining more up-to-date versions. (PredicateCPA:JavaSMT:Mathsat5SolverContext.<init>, WARNING)

Using predicate analysis with MathSAT5 version 5.3.14 (0b98b661254c) (Nov 17 2016 10:59:45, gmp 5.1.3, gcc 4.8.5, 64-bit) and JFactory 1.21. (PredicateCPA:PredicateCPA.<init>, INFO)

Using refinement for predicate analysis with PredicateAbstractionRefinementStrategy strategy. (PredicateCPA:PredicateCPARefiner.<init>, INFO)

Starting analysis ... (CPAchecker.runAlgorithm, INFO)

Shutdown requested (The CPU-time limit of 900s has elapsed.), waiting for termination. (ForceTerminationOnShutdown$1.shutdownRequested, WARNING)

Warning: Analysis interrupted (The CPU-time limit of 900s has elapsed.) (ShutdownNotifier.shutdownIfNecessary, WARNING)

PredicateCPA statistics
-----------------------
Number of abstractions:            8708 (14% of all post computations)
  Times abstraction was reused:    0
  Because of function entry/exit:  7565 (87%)
  Because of loop head:            956 (11%)
  Because of join nodes:           0 (0%)
  Because of threshold:            0 (0%)
  Because of target state:         187 (2%)
  Times precision was empty:       965 (11%)
  Times precision was {false}:     440 (5%)
  Times result was cached:         3375 (39%)
  Times cartesian abs was used:    0 (0%)
  Times boolean abs was used:      3928 (45%)
  Times result was 'false':        3322 (38%)
Number of strengthen sat checks:   0
Number of coverage checks:         20355
  BDD entailment checks:           3343
Number of SMT sat checks:          0
  trivial:                         0
  cached:                          0

Max ABE block size:                       46
Number of predicates discovered:          129
Number of abstraction locations:          48
Max number of predicates per location:    51
Avg number of predicates per location:    23
Total predicates per abstraction:         101341
Max number of predicates per abstraction: 51
Avg number of predicates per abstraction: 23.20
Number of irrelevant predicates:          27419 (27%)
Number of preds handled by boolean abs:   42816 (42%)
  Total number of models for allsat:      4495988
  Max number of models for allsat:        330108
  Avg number of models for allsat:        1144.60

Time for post operator:                  1.542s
  Time for path formula creation:        1.466s
Time for strengthen operator:            0.068s
Time for prec operator:                955.407s
  Time for abstraction:                955.215s (Max:   181.382s, Count: 8708)
    Boolean abstraction:               947.105s
    Solving time:                        4.162s (Max:     0.034s)
    Model enumeration time:            726.098s
    Time for BDD construction:         216.271s (Max:    27.023s)
Time for merge operator:                 0.173s
Time for coverage check:                 0.034s
  Time for BDD entailment checks:        0.032s
Total time for SMT solver (w/o itp):   730.266s

Number of path formula cache hits:   49268 (68%)

Inside post operator:                  
  Inside path formula creation:        
    Time for path formula computation:     1.352s

Total number of created targets for pointer analysis: 0


Number of BDD nodes:                               217730
Size of BDD node table:                            464047
Size of BDD cache:                                 46411
Size of BDD node cleanup queue:                      224460 (count: 120414, min: 0, max: 7814, avg: 1.86)
Time for BDD node cleanup:                             0.043s
Time for BDD garbage collection:                       3.518s (in 585 runs)

PrecisionBootstrap statistics
-----------------------------
Init. function predicates:                         0
Init. global predicates:                           0
Init. location predicates:                         0

Invariant Generation statistics
-------------------------------

AutomatonAnalysis (SVCOMP) statistics
-------------------------------------
Number of states:                                  1
Total time for successor computation:                  0.208s
Automaton transfers with branching:                0
Automaton transfer successors:                        63791 (count: 63791, min: 1, max: 1, avg: 1.00) [1 x 63791]

CPA algorithm statistics
------------------------
Number of iterations:            43786
Max size of waitlist:            16
Average size of waitlist:        4
Number of computed successors:   56725
Max successors for one state:    2
Number of times merged:          8506
Number of times stopped:         9314
Number of times breaked:         138

Total time for CPA algorithm:       959.661s (Max:   744.040s)
  Time for choose from waitlist:      0.055s
  Time for precision adjustment:    955.805s
  Time for transfer relation:         2.816s
  Time for merge operator:            0.387s
  Time for stop operator:             0.190s
  Time for adding to reached set:     0.104s

Predicate-Abstraction Refiner statistics
----------------------------------------
Number of predicate refinements:                   138
Avg. length of target path (in blocks):                7799 (count: 138, min: 6, max: 182, avg: 56.51)
Number of infeasible sliced prefixes:                     0 (count: 0, min: 0, max: 0, avg: 0.00)

Time for refinement:                                   6.381s
  Counterexample analysis:                             5.925s (Max:     0.347s, Calls: 138)
    Refinement sat check:                              2.381s
    Interpolant computation:                           0.000s
  Path-formulas extraction:                            0.004s
  Error path post-processing:                          0.000s
  Predicate creation:                                  0.081s
  Precision update:                                    0.084s
  ARG update:                                          0.141s

Length of refined path (in blocks):                    6812 (count: 138, min: 4, max: 151, avg: 49.36)
Number of affected states:                             1780 (count: 138, min: 1, max: 150, avg: 12.90)
Length (states) of path with itp 'true':               4894 (count: 138, min: 0, max: 105, avg: 35.46)
Length (states) of path with itp non-trivial itp:      1780 (count: 138, min: 1, max: 150, avg: 12.90)
Length (states) of path with itp 'false':                82 (count: 138, min: 0, max: 1, avg: 0.59)
Different non-trivial interpolants along paths:         372 (count: 138, min: 0, max: 28, avg: 2.70)
Equal non-trivial interpolants along paths:            1270 (count: 138, min: 0, max: 122, avg: 9.20)
Number of refs with location-based cutoff:                0

CEGAR algorithm statistics
--------------------------
Number of refinements:                138
Number of successful refinements:     138
Number of failed refinements:         0
Max. size of reached set before ref.: 2713
Max. size of reached set after ref.:  1564
Avg. size of reached set before ref.: 928.22
Avg. size of reached set after ref.:  622.01

Total time for CEGAR algorithm:     966.414s
Time for refinements:                 6.673s
Average time for refinement:          0.048s
Max time for refinement:              0.354s

Code Coverage
-----------------------------
  Function coverage:      1.000
  Visited lines:          319
  Total lines:            335
  Line coverage:          0.952
  Visited conditions:     176
  Total conditions:       182
  Condition coverage:     0.967

CPAchecker general statistics
-----------------------------
Number of program locations:     496
Number of CFA edges:             609
Number of relevant variables:    92
Number of functions:             13
Number of loops:                 2
Size of reached set:             1831
  Number of reached locations:   323 (65%)
    Avg states per location:     5
    Max states per location:     30 (at node N0)
  Number of reached functions:   13 (100%)
  Number of partitions:          1783
    Avg size of partitions:      1
    Max size of partitions:      6 (with key [N13 (before line 116), Function add_history_type called from node N163, stack depth 3 [19bc43a3], stack [main, init, add_history_type]])
  Number of target states:       0
  Size of final wait list        3

Time for analysis setup:          2.155s
  Time for loading CPAs:          0.609s
  Time for loading parser:        0.463s
  Time for CFA construction:      0.971s
    Time for parsing file(s):     0.330s
    Time for AST to CFA:          0.227s
    Time for CFA sanity check:    0.051s
    Time for post-processing:     0.208s
      Time for var class.:        0.095s
Time for Analysis:              966.414s
CPU time for analysis:          898.150s
Total time for CPAchecker:      968.577s
Total CPU time for CPAchecker:  900.190s
Time for statistics:              0.061s

Time for Garbage Collector:       2.183s (in 835 runs)
Garbage Collector(s) used:    Copy, MarkSweepCompact
Used heap memory:                122MB (   116 MiB) max;     81MB (    78 MiB) avg;    131MB (   124 MiB) peak
Used non-heap memory:             39MB (    37 MiB) max;     35MB (    34 MiB) avg;     39MB (    38 MiB) peak
Allocated heap memory:           255MB (   243 MiB) max;    255MB (   243 MiB) avg
Allocated non-heap memory:        41MB (    39 MiB) max;     41MB (    39 MiB) avg
Total process virtual memory:  11821MB ( 11273 MiB) max;  11754MB ( 11210 MiB) avg

Verification result: UNKNOWN, incomplete analysis.
More details about the verification run can be found in the directory "./output".
