scripts/cpa.sh -Dy-MySearchStrategy-PredAbs-ABElf -heap 5600000000 -timelimit 900 -preprocess -stats -noout -setprop cpa.predicate.memoryAllocationsAlwaysSucceed=true -spec ../sv-benchmarks/c/ReachSafety.prp ../sv-benchmarks/c/ldv-challenges/linux-3.14__complex_emg__linux-drivers-clk1__drivers-net-ethernet-intel-igb-igb_true-unreach-call.cil.c


--------------------------------------------------------------------------------


Running CPAchecker with Java heap of size 5600000000.
Running CPAchecker with default stack size (1024k). Specify a larger value with -stack if needed.
Running CPAchecker with the following extra VM options:  -Djava.io.tmpdir=/tmp/BenchExec_run_8i25i51a/tmp
Using the following resource limits: CPU-time limit of 900s (ResourceLimitChecker.fromConfiguration, INFO)

CPAchecker (unknown version) (OpenJDK 64-Bit Server VM 1.8.0_162) started (CPAchecker.run, INFO)

line 7074: Dead code detected: return (1); (CFACreationUtils.addEdgeToCFA, INFO)

line 7244: Dead code detected: Goto: case_1 (CFACreationUtils.addEdgeToCFA, INFO)

line 7249: Dead code detected: Goto: case_2 (CFACreationUtils.addEdgeToCFA, INFO)

line 7259: Dead code detected: Goto: case_8 (CFACreationUtils.addEdgeToCFA, INFO)

line 7263: Dead code detected: Goto: switch_default (CFACreationUtils.addEdgeToCFA, INFO)

Dead code detected: Label case_8 is not reachable. (CFAFunctionBuilder.leave, INFO)

Dead code detected: Label switch_break is not reachable. (CFAFunctionBuilder.leave, INFO)

Dead code detected: Label switch_default is not reachable. (CFAFunctionBuilder.leave, INFO)

Dead code detected: Label case_1 is not reachable. (CFAFunctionBuilder.leave, INFO)

Dead code detected: Label case_2 is not reachable. (CFAFunctionBuilder.leave, INFO)

line 7354: Dead code detected: Goto: case_1 (CFACreationUtils.addEdgeToCFA, INFO)

line 7359: Dead code detected: Goto: case_2 (CFACreationUtils.addEdgeToCFA, INFO)

line 7369: Dead code detected: Goto: case_8 (CFACreationUtils.addEdgeToCFA, INFO)

line 7373: Dead code detected: Goto: switch_default (CFACreationUtils.addEdgeToCFA, INFO)

Dead code detected: Label case_8 is not reachable. (CFAFunctionBuilder.leave, INFO)

Dead code detected: Label switch_break is not reachable. (CFAFunctionBuilder.leave, INFO)

Dead code detected: Label switch_default is not reachable. (CFAFunctionBuilder.leave, INFO)

Dead code detected: Label case_1 is not reachable. (CFAFunctionBuilder.leave, INFO)

Dead code detected: Label case_2 is not reachable. (CFAFunctionBuilder.leave, INFO)

line 7404: Dead code detected: Goto: case_1 (CFACreationUtils.addEdgeToCFA, INFO)

line 7409: Dead code detected: Goto: case_2 (CFACreationUtils.addEdgeToCFA, INFO)

line 7419: Dead code detected: Goto: case_8 (CFACreationUtils.addEdgeToCFA, INFO)

line 7423: Dead code detected: Goto: switch_default (CFACreationUtils.addEdgeToCFA, INFO)

Dead code detected: Label case_8 is not reachable. (CFAFunctionBuilder.leave, INFO)

Dead code detected: Label switch_break is not reachable. (CFAFunctionBuilder.leave, INFO)

Dead code detected: Label switch_default is not reachable. (CFAFunctionBuilder.leave, INFO)

Dead code detected: Label case_1 is not reachable. (CFAFunctionBuilder.leave, INFO)

Dead code detected: Label case_2 is not reachable. (CFAFunctionBuilder.leave, INFO)

line 7482: Dead code detected: Goto: case_1 (CFACreationUtils.addEdgeToCFA, INFO)

line 7487: Dead code detected: Goto: case_2 (CFACreationUtils.addEdgeToCFA, INFO)

line 7497: Dead code detected: Goto: case_8 (CFACreationUtils.addEdgeToCFA, INFO)

line 7501: Dead code detected: Goto: switch_default (CFACreationUtils.addEdgeToCFA, INFO)

Dead code detected: Label case_8 is not reachable. (CFAFunctionBuilder.leave, INFO)

Dead code detected: Label switch_break is not reachable. (CFAFunctionBuilder.leave, INFO)

Dead code detected: Label switch_default is not reachable. (CFAFunctionBuilder.leave, INFO)

Dead code detected: Label case_1 is not reachable. (CFAFunctionBuilder.leave, INFO)

Dead code detected: Label case_2 is not reachable. (CFAFunctionBuilder.leave, INFO)

line 7799: Dead code detected: Goto: case_1 (CFACreationUtils.addEdgeToCFA, INFO)

line 7822: Dead code detected: Goto: case_1___0 (CFACreationUtils.addEdgeToCFA, INFO)

line 7827: Dead code detected: Goto: case_2 (CFACreationUtils.addEdgeToCFA, INFO)

line 7837: Dead code detected: Goto: case_8 (CFACreationUtils.addEdgeToCFA, INFO)

line 7841: Dead code detected: Goto: switch_default (CFACreationUtils.addEdgeToCFA, INFO)

line 7804: Dead code detected: Goto: case_2___0 (CFACreationUtils.addEdgeToCFA, INFO)

line 7866: Dead code detected: Goto: case_1___1 (CFACreationUtils.addEdgeToCFA, INFO)

line 7871: Dead code detected: Goto: case_2___1 (CFACreationUtils.addEdgeToCFA, INFO)

line 7881: Dead code detected: Goto: case_8___0 (CFACreationUtils.addEdgeToCFA, INFO)

line 7885: Dead code detected: Goto: switch_default___0 (CFACreationUtils.addEdgeToCFA, INFO)

line 7910: Dead code detected: Goto: case_1___2 (CFACreationUtils.addEdgeToCFA, INFO)

line 7915: Dead code detected: Goto: case_2___2 (CFACreationUtils.addEdgeToCFA, INFO)

line 7925: Dead code detected: Goto: case_8___1 (CFACreationUtils.addEdgeToCFA, INFO)

line 7929: Dead code detected: Goto: switch_default___1 (CFACreationUtils.addEdgeToCFA, INFO)

line 7814: Dead code detected: Goto: case_8___2 (CFACreationUtils.addEdgeToCFA, INFO)

line 7954: Dead code detected: Goto: case_1___3 (CFACreationUtils.addEdgeToCFA, INFO)

line 7959: Dead code detected: Goto: case_2___3 (CFACreationUtils.addEdgeToCFA, INFO)

line 7969: Dead code detected: Goto: case_8___3 (CFACreationUtils.addEdgeToCFA, INFO)

line 7973: Dead code detected: Goto: switch_default___2 (CFACreationUtils.addEdgeToCFA, INFO)

line 7818: Dead code detected: Goto: switch_default___3 (CFACreationUtils.addEdgeToCFA, INFO)

Dead code detected: Label case_4___0 is not reachable. (CFAFunctionBuilder.leave, INFO)

Dead code detected: Label case_4___3 is not reachable. (CFAFunctionBuilder.leave, INFO)

Dead code detected: Label case_8___3 is not reachable. (CFAFunctionBuilder.leave, INFO)

Dead code detected: Label case_8___2 is not reachable. (CFAFunctionBuilder.leave, INFO)

Dead code detected: Label case_8___1 is not reachable. (CFAFunctionBuilder.leave, INFO)

Dead code detected: Label case_8 is not reachable. (CFAFunctionBuilder.leave, INFO)

Dead code detected: Label case_8___0 is not reachable. (CFAFunctionBuilder.leave, INFO)

Dead code detected: Label case_4 is not reachable. (CFAFunctionBuilder.leave, INFO)

Dead code detected: Label case_1 is not reachable. (CFAFunctionBuilder.leave, INFO)

Dead code detected: Label case_2 is not reachable. (CFAFunctionBuilder.leave, INFO)

Dead code detected: Label switch_break is not reachable. (CFAFunctionBuilder.leave, INFO)

Dead code detected: Label switch_default is not reachable. (CFAFunctionBuilder.leave, INFO)

Dead code detected: Label case_2___2 is not reachable. (CFAFunctionBuilder.leave, INFO)

Dead code detected: Label case_2___3 is not reachable. (CFAFunctionBuilder.leave, INFO)

Dead code detected: Label case_2___0 is not reachable. (CFAFunctionBuilder.leave, INFO)

Dead code detected: Label case_2___1 is not reachable. (CFAFunctionBuilder.leave, INFO)

Dead code detected: Label case_1___1 is not reachable. (CFAFunctionBuilder.leave, INFO)

Dead code detected: Label case_1___2 is not reachable. (CFAFunctionBuilder.leave, INFO)

Dead code detected: Label case_1___3 is not reachable. (CFAFunctionBuilder.leave, INFO)

Dead code detected: Label case_1___0 is not reachable. (CFAFunctionBuilder.leave, INFO)

Dead code detected: Label switch_break is not reachable. (CFAFunctionBuilder.leave, INFO)

Dead code detected: Label switch_break is not reachable. (CFAFunctionBuilder.leave, INFO)

Dead code detected: Label switch_break is not reachable. (CFAFunctionBuilder.leave, INFO)

Dead code detected: Label switch_break is not reachable. (CFAFunctionBuilder.leave, INFO)

Dead code detected: Label switch_break is not reachable. (CFAFunctionBuilder.leave, INFO)

Dead code detected: Label switch_break is not reachable. (CFAFunctionBuilder.leave, INFO)

Dead code detected: Label switch_break is not reachable. (CFAFunctionBuilder.leave, INFO)

Dead code detected: Label switch_break is not reachable. (CFAFunctionBuilder.leave, INFO)

Dead code detected: Label switch_break is not reachable. (CFAFunctionBuilder.leave, INFO)

Dead code detected: Label switch_break is not reachable. (CFAFunctionBuilder.leave, INFO)

Dead code detected: Label switch_break is not reachable. (CFAFunctionBuilder.leave, INFO)

Dead code detected: Label switch_break is not reachable. (CFAFunctionBuilder.leave, INFO)

Dead code detected: Label switch_break is not reachable. (CFAFunctionBuilder.leave, INFO)

Dead code detected: Label switch_break is not reachable. (CFAFunctionBuilder.leave, INFO)

Dead code detected: Label switch_break is not reachable. (CFAFunctionBuilder.leave, INFO)

line 16800: Dead code detected: f = 0U; (CFACreationUtils.addEdgeToCFA, INFO)

line 17675: Dead code detected: Goto: case_1 (CFACreationUtils.addEdgeToCFA, INFO)

line 17698: Dead code detected: Goto: case_1___0 (CFACreationUtils.addEdgeToCFA, INFO)

line 17703: Dead code detected: Goto: case_2 (CFACreationUtils.addEdgeToCFA, INFO)

line 17713: Dead code detected: Goto: case_8 (CFACreationUtils.addEdgeToCFA, INFO)

line 17717: Dead code detected: Goto: switch_default (CFACreationUtils.addEdgeToCFA, INFO)

line 17680: Dead code detected: Goto: case_2___0 (CFACreationUtils.addEdgeToCFA, INFO)

line 17742: Dead code detected: Goto: case_1___1 (CFACreationUtils.addEdgeToCFA, INFO)

line 17747: Dead code detected: Goto: case_2___1 (CFACreationUtils.addEdgeToCFA, INFO)

line 17757: Dead code detected: Goto: case_8___0 (CFACreationUtils.addEdgeToCFA, INFO)

line 17761: Dead code detected: Goto: switch_default___0 (CFACreationUtils.addEdgeToCFA, INFO)

line 17786: Dead code detected: Goto: case_1___2 (CFACreationUtils.addEdgeToCFA, INFO)

line 17791: Dead code detected: Goto: case_2___2 (CFACreationUtils.addEdgeToCFA, INFO)

line 17801: Dead code detected: Goto: case_8___1 (CFACreationUtils.addEdgeToCFA, INFO)

line 17805: Dead code detected: Goto: switch_default___1 (CFACreationUtils.addEdgeToCFA, INFO)

line 17690: Dead code detected: Goto: case_8___2 (CFACreationUtils.addEdgeToCFA, INFO)

line 17830: Dead code detected: Goto: case_1___3 (CFACreationUtils.addEdgeToCFA, INFO)

line 17835: Dead code detected: Goto: case_2___3 (CFACreationUtils.addEdgeToCFA, INFO)

line 17845: Dead code detected: Goto: case_8___3 (CFACreationUtils.addEdgeToCFA, INFO)

line 17849: Dead code detected: Goto: switch_default___2 (CFACreationUtils.addEdgeToCFA, INFO)

line 17694: Dead code detected: Goto: switch_default___3 (CFACreationUtils.addEdgeToCFA, INFO)

Dead code detected: Label case_4___0 is not reachable. (CFAFunctionBuilder.leave, INFO)

Dead code detected: Label case_4___3 is not reachable. (CFAFunctionBuilder.leave, INFO)

Dead code detected: Label case_8___3 is not reachable. (CFAFunctionBuilder.leave, INFO)

Dead code detected: Label case_8___2 is not reachable. (CFAFunctionBuilder.leave, INFO)

Dead code detected: Label case_8___1 is not reachable. (CFAFunctionBuilder.leave, INFO)

Dead code detected: Label case_8 is not reachable. (CFAFunctionBuilder.leave, INFO)

Dead code detected: Label case_8___0 is not reachable. (CFAFunctionBuilder.leave, INFO)

Dead code detected: Label case_4 is not reachable. (CFAFunctionBuilder.leave, INFO)

Dead code detected: Label case_1 is not reachable. (CFAFunctionBuilder.leave, INFO)

Dead code detected: Label case_2 is not reachable. (CFAFunctionBuilder.leave, INFO)

Dead code detected: Label switch_break is not reachable. (CFAFunctionBuilder.leave, INFO)

Dead code detected: Label switch_default is not reachable. (CFAFunctionBuilder.leave, INFO)

Dead code detected: Label case_2___2 is not reachable. (CFAFunctionBuilder.leave, INFO)

Dead code detected: Label case_2___3 is not reachable. (CFAFunctionBuilder.leave, INFO)

Dead code detected: Label case_2___0 is not reachable. (CFAFunctionBuilder.leave, INFO)

Dead code detected: Label case_2___1 is not reachable. (CFAFunctionBuilder.leave, INFO)

Dead code detected: Label case_1___1 is not reachable. (CFAFunctionBuilder.leave, INFO)

Dead code detected: Label case_1___2 is not reachable. (CFAFunctionBuilder.leave, INFO)

Dead code detected: Label case_1___3 is not reachable. (CFAFunctionBuilder.leave, INFO)

Dead code detected: Label case_1___0 is not reachable. (CFAFunctionBuilder.leave, INFO)

Dead code detected: Label switch_break is not reachable. (CFAFunctionBuilder.leave, INFO)

Dead code detected: Label switch_break is not reachable. (CFAFunctionBuilder.leave, INFO)

Dead code detected: Label switch_break is not reachable. (CFAFunctionBuilder.leave, INFO)

Dead code detected: Label switch_break is not reachable. (CFAFunctionBuilder.leave, INFO)

line 20941: Dead code detected: return (0); (CFACreationUtils.addEdgeToCFA, INFO)

Dead code detected: Label switch_break is not reachable. (CFAFunctionBuilder.leave, INFO)

Dead code detected: Label switch_break is not reachable. (CFAFunctionBuilder.leave, INFO)

line 22328: Dead code detected: return (arg0); (CFACreationUtils.addEdgeToCFA, INFO)

line 22348: Dead code detected: return (arg0); (CFACreationUtils.addEdgeToCFA, INFO)

line 22351: Dead code detected: return (arg0); (CFACreationUtils.addEdgeToCFA, INFO)

line 22353: Dead code detected: return (arg0); (CFACreationUtils.addEdgeToCFA, INFO)

line 22576: Dead code detected: return; (CFACreationUtils.addEdgeToCFA, INFO)

line 22590: Dead code detected: return; (CFACreationUtils.addEdgeToCFA, INFO)

line 23735: Dead code detected: return; (CFACreationUtils.addEdgeToCFA, INFO)

line 24163: Dead code detected: return (arg0); (CFACreationUtils.addEdgeToCFA, INFO)

line 25367: Dead code detected: return; (CFACreationUtils.addEdgeToCFA, INFO)

line 26277: Dead code detected: return (arg0); (CFACreationUtils.addEdgeToCFA, INFO)

line 26278: Dead code detected: return (arg0); (CFACreationUtils.addEdgeToCFA, INFO)

line 26323: Dead code detected: return (arg0); (CFACreationUtils.addEdgeToCFA, INFO)

line 27769: Dead code detected: return; (CFACreationUtils.addEdgeToCFA, INFO)

line 27843: Dead code detected: return (ldv_func_res); (CFACreationUtils.addEdgeToCFA, INFO)

line 27886: Dead code detected: return (ldv_func_res); (CFACreationUtils.addEdgeToCFA, INFO)

line 27905: Dead code detected: return (ldv_func_res); (CFACreationUtils.addEdgeToCFA, INFO)

line 27948: Dead code detected: return (ldv_func_res); (CFACreationUtils.addEdgeToCFA, INFO)

line 27967: Dead code detected: return (ldv_func_res); (CFACreationUtils.addEdgeToCFA, INFO)

line 28019: Dead code detected: return (ldv_func_res); (CFACreationUtils.addEdgeToCFA, INFO)

line 28035: Dead code detected: return (ldv_func_res); (CFACreationUtils.addEdgeToCFA, INFO)

line 28052: Dead code detected: return (ldv_func_res); (CFACreationUtils.addEdgeToCFA, INFO)

line 28068: Dead code detected: return (ldv_func_res); (CFACreationUtils.addEdgeToCFA, INFO)

line 28096: Dead code detected: return (ldv_func_res); (CFACreationUtils.addEdgeToCFA, INFO)

line 28112: Dead code detected: return (ldv_func_res); (CFACreationUtils.addEdgeToCFA, INFO)

line 28152: Dead code detected: return (ldv_func_res); (CFACreationUtils.addEdgeToCFA, INFO)

line 28168: Dead code detected: return (ldv_func_res); (CFACreationUtils.addEdgeToCFA, INFO)

line 28184: Dead code detected: return (ldv_func_res); (CFACreationUtils.addEdgeToCFA, INFO)

line 28200: Dead code detected: return (ldv_func_res); (CFACreationUtils.addEdgeToCFA, INFO)

line 28216: Dead code detected: return (ldv_func_res); (CFACreationUtils.addEdgeToCFA, INFO)

line 28243: Dead code detected: return (ldv_func_res); (CFACreationUtils.addEdgeToCFA, INFO)

line 28259: Dead code detected: return (ldv_func_res); (CFACreationUtils.addEdgeToCFA, INFO)

Dead code detected: Label switch_break is not reachable. (CFAFunctionBuilder.leave, INFO)

Dead code detected: Label switch_break is not reachable. (CFAFunctionBuilder.leave, INFO)

Dead code detected: Label switch_break is not reachable. (CFAFunctionBuilder.leave, INFO)

Dead code detected: Label switch_break is not reachable. (CFAFunctionBuilder.leave, INFO)

Dead code detected: Label switch_break is not reachable. (CFAFunctionBuilder.leave, INFO)

Dead code detected: Label switch_break is not reachable. (CFAFunctionBuilder.leave, INFO)

Dead code detected: Label switch_break is not reachable. (CFAFunctionBuilder.leave, INFO)

Dead code detected: Label switch_break is not reachable. (CFAFunctionBuilder.leave, INFO)

Dead code detected: Label switch_break is not reachable. (CFAFunctionBuilder.leave, INFO)

Dead code detected: Label switch_break is not reachable. (CFAFunctionBuilder.leave, INFO)

Dead code detected: Label switch_break is not reachable. (CFAFunctionBuilder.leave, INFO)

Dead code detected: Label switch_break is not reachable. (CFAFunctionBuilder.leave, INFO)

Dead code detected: Label switch_break is not reachable. (CFAFunctionBuilder.leave, INFO)

Dead code detected: Label switch_break is not reachable. (CFAFunctionBuilder.leave, INFO)

Dead code detected: Label switch_break is not reachable. (CFAFunctionBuilder.leave, INFO)

line 34232: Dead code detected: return; (CFACreationUtils.addEdgeToCFA, INFO)

line 34351: Dead code detected: return (ldv_func_res); (CFACreationUtils.addEdgeToCFA, INFO)

Dead code detected: Label switch_break is not reachable. (CFAFunctionBuilder.leave, INFO)

Dead code detected: Label switch_break is not reachable. (CFAFunctionBuilder.leave, INFO)

Dead code detected: Label switch_break is not reachable. (CFAFunctionBuilder.leave, INFO)

Dead code detected: Label switch_break is not reachable. (CFAFunctionBuilder.leave, INFO)

Dead code detected: Label switch_break is not reachable. (CFAFunctionBuilder.leave, INFO)

line 36175: Dead code detected: __ms = 5UL; (CFACreationUtils.addEdgeToCFA, INFO)

Dead code detected: Label switch_break is not reachable. (CFAFunctionBuilder.leave, INFO)

Dead code detected: Label switch_break is not reachable. (CFAFunctionBuilder.leave, INFO)

Dead code detected: Label switch_break is not reachable. (CFAFunctionBuilder.leave, INFO)

Dead code detected: Label switch_break is not reachable. (CFAFunctionBuilder.leave, INFO)

Dead code detected: Label switch_break is not reachable. (CFAFunctionBuilder.leave, INFO)

Dead code detected: Label switch_break is not reachable. (CFAFunctionBuilder.leave, INFO)

Dead code detected: Label switch_break is not reachable. (CFAFunctionBuilder.leave, INFO)

Dead code detected: Label switch_break is not reachable. (CFAFunctionBuilder.leave, INFO)

Dead code detected: Label switch_break is not reachable. (CFAFunctionBuilder.leave, INFO)

Dead code detected: Label switch_break is not reachable. (CFAFunctionBuilder.leave, INFO)

Dead code detected: Label switch_break is not reachable. (CFAFunctionBuilder.leave, INFO)

Dead code detected: Label switch_break is not reachable. (CFAFunctionBuilder.leave, INFO)

Dead code detected: Label switch_break is not reachable. (CFAFunctionBuilder.leave, INFO)

Dead code detected: Label switch_break is not reachable. (CFAFunctionBuilder.leave, INFO)

Dead code detected: Label switch_break is not reachable. (CFAFunctionBuilder.leave, INFO)

Dead code detected: Label switch_break is not reachable. (CFAFunctionBuilder.leave, INFO)

Dead code detected: Label switch_break is not reachable. (CFAFunctionBuilder.leave, INFO)

Dead code detected: Label switch_break is not reachable. (CFAFunctionBuilder.leave, INFO)

Dead code detected: Label switch_break is not reachable. (CFAFunctionBuilder.leave, INFO)

Dead code detected: Label switch_break is not reachable. (CFAFunctionBuilder.leave, INFO)

line 47748: Dead code detected: __ms = 5UL; (CFACreationUtils.addEdgeToCFA, INFO)

Dead code detected: Label switch_break is not reachable. (CFAFunctionBuilder.leave, INFO)

Dead code detected: Label switch_break is not reachable. (CFAFunctionBuilder.leave, INFO)

Dead code detected: Label switch_break is not reachable. (CFAFunctionBuilder.leave, INFO)

Dead code detected: Label switch_break is not reachable. (CFAFunctionBuilder.leave, INFO)

Dead code detected: Label switch_break is not reachable. (CFAFunctionBuilder.leave, INFO)

Dead code detected: Label switch_break is not reachable. (CFAFunctionBuilder.leave, INFO)

Dead code detected: Label switch_break is not reachable. (CFAFunctionBuilder.leave, INFO)

Dead code detected: Label switch_break is not reachable. (CFAFunctionBuilder.leave, INFO)

Inline assembler ignored, analysis is probably unsound! (CFABuilder.createCFA, WARNING)

line 38461: Function pointer *(hw->phy.ops.write_reg) with type s32 (*)(struct e1000_hw *, u32 , u16 ) is called, but no possible target functions were found. (CFunctionPointerResolver.replaceFunctionPointerCall, WARNING)

line 38474: Function pointer *(hw->phy.ops.write_reg) with type s32 (*)(struct e1000_hw *, u32 , u16 ) is called, but no possible target functions were found. (CFunctionPointerResolver.replaceFunctionPointerCall, WARNING)

line 48778: Function pointer *(hw->phy.ops.write_reg) with type s32 (*)(struct e1000_hw *, u32 , u16 ) is called, but no possible target functions were found. (CFunctionPointerResolver.replaceFunctionPointerCall, WARNING)

line 48786: Function pointer *(hw->phy.ops.write_reg) with type s32 (*)(struct e1000_hw *, u32 , u16 ) is called, but no possible target functions were found. (CFunctionPointerResolver.replaceFunctionPointerCall, WARNING)

line 48794: Function pointer *(hw->phy.ops.write_reg) with type s32 (*)(struct e1000_hw *, u32 , u16 ) is called, but no possible target functions were found. (CFunctionPointerResolver.replaceFunctionPointerCall, WARNING)

line 48816: Function pointer *(hw->phy.ops.write_reg) with type s32 (*)(struct e1000_hw *, u32 , u16 ) is called, but no possible target functions were found. (CFunctionPointerResolver.replaceFunctionPointerCall, WARNING)

line 48807: Function pointer *(hw->phy.ops.write_reg) with type s32 (*)(struct e1000_hw *, u32 , u16 ) is called, but no possible target functions were found. (CFunctionPointerResolver.replaceFunctionPointerCall, WARNING)

line 8665: Function pointer *(ops->alloc) with type void *(*)(struct device *, size_t , dma_addr_t *, gfp_t , struct dma_attrs *) is called, but no possible target functions were found. (CFunctionPointerResolver.replaceFunctionPointerCall, WARNING)

line 8706: Function pointer *(ops->free) with type void (*)(struct device *, size_t , void *, dma_addr_t , struct dma_attrs *) is called, but no possible target functions were found. (CFunctionPointerResolver.replaceFunctionPointerCall, WARNING)

line 8435: Function pointer *(ops->map_page) with type dma_addr_t (*)(struct device *, struct page *, unsigned long, size_t , enum dma_data_direction , struct dma_attrs *) is called, but no possible target functions were found. (CFunctionPointerResolver.replaceFunctionPointerCall, WARNING)

lines 8356-8357: Function pointer *(ops->map_page) with type dma_addr_t (*)(struct device *, struct page *, unsigned long, size_t , enum dma_data_direction , struct dma_attrs *) is called, but no possible target functions were found. (CFunctionPointerResolver.replaceFunctionPointerCall, WARNING)

line 8579: Function pointer *(ops->mapping_error) with type int (*)(struct device *, dma_addr_t ) is called, but no possible target functions were found. (CFunctionPointerResolver.replaceFunctionPointerCall, WARNING)

line 28332: Function pointer *(ops->sync_single_for_cpu) with type void (*)(struct device *, dma_addr_t , size_t , enum dma_data_direction ) is called, but no possible target functions were found. (CFunctionPointerResolver.replaceFunctionPointerCall, WARNING)

line 28372: Function pointer *(ops->sync_single_for_device) with type void (*)(struct device *, dma_addr_t , size_t , enum dma_data_direction ) is called, but no possible target functions were found. (CFunctionPointerResolver.replaceFunctionPointerCall, WARNING)

line 8511: Function pointer *(ops->sync_single_for_cpu) with type void (*)(struct device *, dma_addr_t , size_t , enum dma_data_direction ) is called, but no possible target functions were found. (CFunctionPointerResolver.replaceFunctionPointerCall, WARNING)

lines 8552-8553: Function pointer *(ops->sync_single_for_device) with type void (*)(struct device *, dma_addr_t , size_t , enum dma_data_direction ) is called, but no possible target functions were found. (CFunctionPointerResolver.replaceFunctionPointerCall, WARNING)

line 8470: Function pointer *(ops->unmap_page) with type void (*)(struct device *, dma_addr_t , size_t , enum dma_data_direction , struct dma_attrs *) is called, but no possible target functions were found. (CFunctionPointerResolver.replaceFunctionPointerCall, WARNING)

line 8395: Function pointer *(ops->unmap_page) with type void (*)(struct device *, dma_addr_t , size_t , enum dma_data_direction , struct dma_attrs *) is called, but no possible target functions were found. (CFunctionPointerResolver.replaceFunctionPointerCall, WARNING)

line 36094: Function pointer *(hw->mac.ops.acquire_swfw_sync) with type s32 (*)(struct e1000_hw *, u16 ) is called, but no possible target functions were found. (CFunctionPointerResolver.replaceFunctionPointerCall, WARNING)

line 35570: Function pointer *(hw->mac.ops.acquire_swfw_sync) with type s32 (*)(struct e1000_hw *, u16 ) is called, but no possible target functions were found. (CFunctionPointerResolver.replaceFunctionPointerCall, WARNING)

line 39732: Function pointer *(hw->nvm.ops.read) with type s32 (*)(struct e1000_hw *, u16 , u16 , u16 *) is called, but no possible target functions were found. (CFunctionPointerResolver.replaceFunctionPointerCall, WARNING)

line 39781: Function pointer *(hw->nvm.ops.read) with type s32 (*)(struct e1000_hw *, u16 , u16 , u16 *) is called, but no possible target functions were found. (CFunctionPointerResolver.replaceFunctionPointerCall, WARNING)

line 47144: Function pointer *(mbx->ops.check_for_ack) with type s32 (*)(struct e1000_hw *, u16 ) is called, but no possible target functions were found. (CFunctionPointerResolver.replaceFunctionPointerCall, WARNING)

line 34555: Function pointer *(phy->ops.write_reg) with type s32 (*)(struct e1000_hw *, u32 , u16 ) is called, but no possible target functions were found. (CFunctionPointerResolver.replaceFunctionPointerCall, WARNING)

line 34576: Function pointer *(phy->ops.write_reg) with type s32 (*)(struct e1000_hw *, u32 , u16 ) is called, but no possible target functions were found. (CFunctionPointerResolver.replaceFunctionPointerCall, WARNING)

line 34592: Function pointer *(phy->ops.write_reg) with type s32 (*)(struct e1000_hw *, u32 , u16 ) is called, but no possible target functions were found. (CFunctionPointerResolver.replaceFunctionPointerCall, WARNING)

line 47125: Function pointer *(mbx->ops.check_for_msg) with type s32 (*)(struct e1000_hw *, u16 ) is called, but no possible target functions were found. (CFunctionPointerResolver.replaceFunctionPointerCall, WARNING)

line 47163: Function pointer *(mbx->ops.check_for_rst) with type s32 (*)(struct e1000_hw *, u16 ) is called, but no possible target functions were found. (CFunctionPointerResolver.replaceFunctionPointerCall, WARNING)

line 44669: Function pointer *(phy->ops.write_reg) with type s32 (*)(struct e1000_hw *, u32 , u16 ) is called, but no possible target functions were found. (CFunctionPointerResolver.replaceFunctionPointerCall, WARNING)

line 43970: Function pointer *(phy->ops.write_reg) with type s32 (*)(struct e1000_hw *, u32 , u16 ) is called, but no possible target functions were found. (CFunctionPointerResolver.replaceFunctionPointerCall, WARNING)

line 44016: Function pointer *(hw->phy.ops.write_reg) with type s32 (*)(struct e1000_hw *, u32 , u16 ) is called, but no possible target functions were found. (CFunctionPointerResolver.replaceFunctionPointerCall, WARNING)

line 44407: Function pointer *(phy->ops.set_d0_lplu_state) with type s32 (*)(struct e1000_hw *, bool ) is called, but no possible target functions were found. (CFunctionPointerResolver.replaceFunctionPointerCall, WARNING)

line 44472: Function pointer *(phy->ops.write_reg) with type s32 (*)(struct e1000_hw *, u32 , u16 ) is called, but no possible target functions were found. (CFunctionPointerResolver.replaceFunctionPointerCall, WARNING)

line 44559: Function pointer *(phy->ops.write_reg) with type s32 (*)(struct e1000_hw *, u32 , u16 ) is called, but no possible target functions were found. (CFunctionPointerResolver.replaceFunctionPointerCall, WARNING)

line 44491: Function pointer *(phy->ops.write_reg) with type s32 (*)(struct e1000_hw *, u32 , u16 ) is called, but no possible target functions were found. (CFunctionPointerResolver.replaceFunctionPointerCall, WARNING)

line 44508: Function pointer *(phy->ops.write_reg) with type s32 (*)(struct e1000_hw *, u32 , u16 ) is called, but no possible target functions were found. (CFunctionPointerResolver.replaceFunctionPointerCall, WARNING)

line 44375: Function pointer *(phy->ops.set_d3_lplu_state) with type s32 (*)(struct e1000_hw *, bool ) is called, but no possible target functions were found. (CFunctionPointerResolver.replaceFunctionPointerCall, WARNING)

line 44094: Function pointer *(phy->ops.write_reg) with type s32 (*)(struct e1000_hw *, u32 , u16 ) is called, but no possible target functions were found. (CFunctionPointerResolver.replaceFunctionPointerCall, WARNING)

line 44119: Function pointer *(phy->ops.write_reg) with type s32 (*)(struct e1000_hw *, u32 , u16 ) is called, but no possible target functions were found. (CFunctionPointerResolver.replaceFunctionPointerCall, WARNING)

line 44276: Function pointer *(phy->ops.write_reg) with type s32 (*)(struct e1000_hw *, u32 , u16 ) is called, but no possible target functions were found. (CFunctionPointerResolver.replaceFunctionPointerCall, WARNING)

line 44237: Function pointer *(phy->ops.write_reg) with type s32 (*)(struct e1000_hw *, u32 , u16 ) is called, but no possible target functions were found. (CFunctionPointerResolver.replaceFunctionPointerCall, WARNING)

line 46157: Function pointer *(phy->ops.write_reg) with type s32 (*)(struct e1000_hw *, u32 , u16 ) is called, but no possible target functions were found. (CFunctionPointerResolver.replaceFunctionPointerCall, WARNING)

line 46183: Function pointer *(phy->ops.write_reg) with type s32 (*)(struct e1000_hw *, u32 , u16 ) is called, but no possible target functions were found. (CFunctionPointerResolver.replaceFunctionPointerCall, WARNING)

line 46111: Function pointer *(phy->ops.write_reg) with type s32 (*)(struct e1000_hw *, u32 , u16 ) is called, but no possible target functions were found. (CFunctionPointerResolver.replaceFunctionPointerCall, WARNING)

line 46139: Function pointer *(phy->ops.write_reg) with type s32 (*)(struct e1000_hw *, u32 , u16 ) is called, but no possible target functions were found. (CFunctionPointerResolver.replaceFunctionPointerCall, WARNING)

line 29884: Function pointer *(hw->nvm.ops.read) with type s32 (*)(struct e1000_hw *, u16 , u16 , u16 *) is called, but no possible target functions were found. (CFunctionPointerResolver.replaceFunctionPointerCall, WARNING)

lines 29876-29877: Function pointer *(hw->nvm.ops.read) with type s32 (*)(struct e1000_hw *, u16 , u16 , u16 *) is called, but no possible target functions were found. (CFunctionPointerResolver.replaceFunctionPointerCall, WARNING)

line 42914: Function pointer *(hw->nvm.ops.read) with type s32 (*)(struct e1000_hw *, u16 , u16 , u16 *) is called, but no possible target functions were found. (CFunctionPointerResolver.replaceFunctionPointerCall, WARNING)

line 42987: Function pointer *(hw->nvm.ops.read) with type s32 (*)(struct e1000_hw *, u16 , u16 , u16 *) is called, but no possible target functions were found. (CFunctionPointerResolver.replaceFunctionPointerCall, WARNING)

line 43012: Function pointer *(hw->nvm.ops.read) with type s32 (*)(struct e1000_hw *, u16 , u16 , u16 *) is called, but no possible target functions were found. (CFunctionPointerResolver.replaceFunctionPointerCall, WARNING)

line 43028: Function pointer *(hw->nvm.ops.read) with type s32 (*)(struct e1000_hw *, u16 , u16 , u16 *) is called, but no possible target functions were found. (CFunctionPointerResolver.replaceFunctionPointerCall, WARNING)

line 43029: Function pointer *(hw->nvm.ops.read) with type s32 (*)(struct e1000_hw *, u16 , u16 , u16 *) is called, but no possible target functions were found. (CFunctionPointerResolver.replaceFunctionPointerCall, WARNING)

line 42991: Function pointer *(hw->nvm.ops.read) with type s32 (*)(struct e1000_hw *, u16 , u16 , u16 *) is called, but no possible target functions were found. (CFunctionPointerResolver.replaceFunctionPointerCall, WARNING)

line 42992: Function pointer *(hw->nvm.ops.read) with type s32 (*)(struct e1000_hw *, u16 , u16 , u16 *) is called, but no possible target functions were found. (CFunctionPointerResolver.replaceFunctionPointerCall, WARNING)

line 42958: Function pointer *(hw->nvm.ops.read) with type s32 (*)(struct e1000_hw *, u16 , u16 , u16 *) is called, but no possible target functions were found. (CFunctionPointerResolver.replaceFunctionPointerCall, WARNING)

line 38686: Function pointer *(hw->nvm.ops.read) with type s32 (*)(struct e1000_hw *, u16 , u16 , u16 *) is called, but no possible target functions were found. (CFunctionPointerResolver.replaceFunctionPointerCall, WARNING)

line 38694: Function pointer *(hw->nvm.ops.read) with type s32 (*)(struct e1000_hw *, u16 , u16 , u16 *) is called, but no possible target functions were found. (CFunctionPointerResolver.replaceFunctionPointerCall, WARNING)

line 38711: Function pointer *(hw->nvm.ops.read) with type s32 (*)(struct e1000_hw *, u16 , u16 , u16 *) is called, but no possible target functions were found. (CFunctionPointerResolver.replaceFunctionPointerCall, WARNING)

lines 38717-38718: Function pointer *(hw->phy.ops.read_i2c_byte) with type s32 (*)(struct e1000_hw *, u8 , u8 , u8 *) is called, but no possible target functions were found. (CFunctionPointerResolver.replaceFunctionPointerCall, WARNING)

line 12973: Function pointer *(hw->nvm.ops.read) with type s32 (*)(struct e1000_hw *, u16 , u16 , u16 *) is called, but no possible target functions were found. (CFunctionPointerResolver.replaceFunctionPointerCall, WARNING)

line 34783: Function pointer *(phy->ops.write_reg) with type s32 (*)(struct e1000_hw *, u32 , u16 ) is called, but no possible target functions were found. (CFunctionPointerResolver.replaceFunctionPointerCall, WARNING)

line 38765: Function pointer *(hw->nvm.ops.read) with type s32 (*)(struct e1000_hw *, u16 , u16 , u16 *) is called, but no possible target functions were found. (CFunctionPointerResolver.replaceFunctionPointerCall, WARNING)

line 38773: Function pointer *(hw->nvm.ops.read) with type s32 (*)(struct e1000_hw *, u16 , u16 , u16 *) is called, but no possible target functions were found. (CFunctionPointerResolver.replaceFunctionPointerCall, WARNING)

line 38786: Function pointer *(hw->nvm.ops.read) with type s32 (*)(struct e1000_hw *, u16 , u16 , u16 *) is called, but no possible target functions were found. (CFunctionPointerResolver.replaceFunctionPointerCall, WARNING)

lines 38790-38791: Function pointer *(hw->phy.ops.write_i2c_byte) with type s32 (*)(struct e1000_hw *, u8 , u8 , u8 ) is called, but no possible target functions were found. (CFunctionPointerResolver.replaceFunctionPointerCall, WARNING)

line 46721: Function pointer *(phy->ops.write_reg) with type s32 (*)(struct e1000_hw *, u32 , u16 ) is called, but no possible target functions were found. (CFunctionPointerResolver.replaceFunctionPointerCall, WARNING)

line 46738: Function pointer *(phy->ops.write_reg) with type s32 (*)(struct e1000_hw *, u32 , u16 ) is called, but no possible target functions were found. (CFunctionPointerResolver.replaceFunctionPointerCall, WARNING)

line 45182: Function pointer *(phy->ops.write_reg) with type s32 (*)(struct e1000_hw *, u32 , u16 ) is called, but no possible target functions were found. (CFunctionPointerResolver.replaceFunctionPointerCall, WARNING)

line 45200: Function pointer *(phy->ops.write_reg) with type s32 (*)(struct e1000_hw *, u32 , u16 ) is called, but no possible target functions were found. (CFunctionPointerResolver.replaceFunctionPointerCall, WARNING)

line 45360: Function pointer *(phy->ops.write_reg) with type s32 (*)(struct e1000_hw *, u32 , u16 ) is called, but no possible target functions were found. (CFunctionPointerResolver.replaceFunctionPointerCall, WARNING)

line 45502: Function pointer *(phy->ops.write_reg) with type s32 (*)(struct e1000_hw *, u32 , u16 ) is called, but no possible target functions were found. (CFunctionPointerResolver.replaceFunctionPointerCall, WARNING)

line 45519: Function pointer *(phy->ops.write_reg) with type s32 (*)(struct e1000_hw *, u32 , u16 ) is called, but no possible target functions were found. (CFunctionPointerResolver.replaceFunctionPointerCall, WARNING)

line 45457: Function pointer *(phy->ops.write_reg) with type s32 (*)(struct e1000_hw *, u32 , u16 ) is called, but no possible target functions were found. (CFunctionPointerResolver.replaceFunctionPointerCall, WARNING)

line 45322: Function pointer *(phy->ops.write_reg) with type s32 (*)(struct e1000_hw *, u32 , u16 ) is called, but no possible target functions were found. (CFunctionPointerResolver.replaceFunctionPointerCall, WARNING)

line 35917: Function pointer *(hw->phy.ops.write_reg) with type s32 (*)(struct e1000_hw *, u32 , u16 ) is called, but no possible target functions were found. (CFunctionPointerResolver.replaceFunctionPointerCall, WARNING)

line 46583: Function pointer *(hw->phy.ops.write_reg) with type s32 (*)(struct e1000_hw *, u32 , u16 ) is called, but no possible target functions were found. (CFunctionPointerResolver.replaceFunctionPointerCall, WARNING)

line 46584: Function pointer *(hw->phy.ops.write_reg) with type s32 (*)(struct e1000_hw *, u32 , u16 ) is called, but no possible target functions were found. (CFunctionPointerResolver.replaceFunctionPointerCall, WARNING)

line 46585: Function pointer *(hw->phy.ops.write_reg) with type s32 (*)(struct e1000_hw *, u32 , u16 ) is called, but no possible target functions were found. (CFunctionPointerResolver.replaceFunctionPointerCall, WARNING)

line 46586: Function pointer *(hw->phy.ops.write_reg) with type s32 (*)(struct e1000_hw *, u32 , u16 ) is called, but no possible target functions were found. (CFunctionPointerResolver.replaceFunctionPointerCall, WARNING)

line 46587: Function pointer *(hw->phy.ops.write_reg) with type s32 (*)(struct e1000_hw *, u32 , u16 ) is called, but no possible target functions were found. (CFunctionPointerResolver.replaceFunctionPointerCall, WARNING)

line 46588: Function pointer *(hw->phy.ops.write_reg) with type s32 (*)(struct e1000_hw *, u32 , u16 ) is called, but no possible target functions were found. (CFunctionPointerResolver.replaceFunctionPointerCall, WARNING)

line 46589: Function pointer *(hw->phy.ops.write_reg) with type s32 (*)(struct e1000_hw *, u32 , u16 ) is called, but no possible target functions were found. (CFunctionPointerResolver.replaceFunctionPointerCall, WARNING)

line 46590: Function pointer *(hw->phy.ops.write_reg) with type s32 (*)(struct e1000_hw *, u32 , u16 ) is called, but no possible target functions were found. (CFunctionPointerResolver.replaceFunctionPointerCall, WARNING)

line 46591: Function pointer *(hw->phy.ops.write_reg) with type s32 (*)(struct e1000_hw *, u32 , u16 ) is called, but no possible target functions were found. (CFunctionPointerResolver.replaceFunctionPointerCall, WARNING)

line 46592: Function pointer *(hw->phy.ops.write_reg) with type s32 (*)(struct e1000_hw *, u32 , u16 ) is called, but no possible target functions were found. (CFunctionPointerResolver.replaceFunctionPointerCall, WARNING)

line 46593: Function pointer *(hw->phy.ops.write_reg) with type s32 (*)(struct e1000_hw *, u32 , u16 ) is called, but no possible target functions were found. (CFunctionPointerResolver.replaceFunctionPointerCall, WARNING)

line 46594: Function pointer *(hw->phy.ops.write_reg) with type s32 (*)(struct e1000_hw *, u32 , u16 ) is called, but no possible target functions were found. (CFunctionPointerResolver.replaceFunctionPointerCall, WARNING)

line 46595: Function pointer *(hw->phy.ops.write_reg) with type s32 (*)(struct e1000_hw *, u32 , u16 ) is called, but no possible target functions were found. (CFunctionPointerResolver.replaceFunctionPointerCall, WARNING)

line 46596: Function pointer *(hw->phy.ops.write_reg) with type s32 (*)(struct e1000_hw *, u32 , u16 ) is called, but no possible target functions were found. (CFunctionPointerResolver.replaceFunctionPointerCall, WARNING)

line 46597: Function pointer *(hw->phy.ops.write_reg) with type s32 (*)(struct e1000_hw *, u32 , u16 ) is called, but no possible target functions were found. (CFunctionPointerResolver.replaceFunctionPointerCall, WARNING)

line 46598: Function pointer *(hw->phy.ops.write_reg) with type s32 (*)(struct e1000_hw *, u32 , u16 ) is called, but no possible target functions were found. (CFunctionPointerResolver.replaceFunctionPointerCall, WARNING)

line 46599: Function pointer *(hw->phy.ops.write_reg) with type s32 (*)(struct e1000_hw *, u32 , u16 ) is called, but no possible target functions were found. (CFunctionPointerResolver.replaceFunctionPointerCall, WARNING)

line 46600: Function pointer *(hw->phy.ops.write_reg) with type s32 (*)(struct e1000_hw *, u32 , u16 ) is called, but no possible target functions were found. (CFunctionPointerResolver.replaceFunctionPointerCall, WARNING)

line 46601: Function pointer *(hw->phy.ops.write_reg) with type s32 (*)(struct e1000_hw *, u32 , u16 ) is called, but no possible target functions were found. (CFunctionPointerResolver.replaceFunctionPointerCall, WARNING)

line 46602: Function pointer *(hw->phy.ops.write_reg) with type s32 (*)(struct e1000_hw *, u32 , u16 ) is called, but no possible target functions were found. (CFunctionPointerResolver.replaceFunctionPointerCall, WARNING)

line 46603: Function pointer *(hw->phy.ops.write_reg) with type s32 (*)(struct e1000_hw *, u32 , u16 ) is called, but no possible target functions were found. (CFunctionPointerResolver.replaceFunctionPointerCall, WARNING)

line 46604: Function pointer *(hw->phy.ops.write_reg) with type s32 (*)(struct e1000_hw *, u32 , u16 ) is called, but no possible target functions were found. (CFunctionPointerResolver.replaceFunctionPointerCall, WARNING)

line 46605: Function pointer *(hw->phy.ops.write_reg) with type s32 (*)(struct e1000_hw *, u32 , u16 ) is called, but no possible target functions were found. (CFunctionPointerResolver.replaceFunctionPointerCall, WARNING)

line 46606: Function pointer *(hw->phy.ops.write_reg) with type s32 (*)(struct e1000_hw *, u32 , u16 ) is called, but no possible target functions were found. (CFunctionPointerResolver.replaceFunctionPointerCall, WARNING)

line 46607: Function pointer *(hw->phy.ops.write_reg) with type s32 (*)(struct e1000_hw *, u32 , u16 ) is called, but no possible target functions were found. (CFunctionPointerResolver.replaceFunctionPointerCall, WARNING)

line 46608: Function pointer *(hw->phy.ops.write_reg) with type s32 (*)(struct e1000_hw *, u32 , u16 ) is called, but no possible target functions were found. (CFunctionPointerResolver.replaceFunctionPointerCall, WARNING)

line 46609: Function pointer *(hw->phy.ops.write_reg) with type s32 (*)(struct e1000_hw *, u32 , u16 ) is called, but no possible target functions were found. (CFunctionPointerResolver.replaceFunctionPointerCall, WARNING)

line 46610: Function pointer *(hw->phy.ops.write_reg) with type s32 (*)(struct e1000_hw *, u32 , u16 ) is called, but no possible target functions were found. (CFunctionPointerResolver.replaceFunctionPointerCall, WARNING)

line 46611: Function pointer *(hw->phy.ops.write_reg) with type s32 (*)(struct e1000_hw *, u32 , u16 ) is called, but no possible target functions were found. (CFunctionPointerResolver.replaceFunctionPointerCall, WARNING)

line 46612: Function pointer *(hw->phy.ops.write_reg) with type s32 (*)(struct e1000_hw *, u32 , u16 ) is called, but no possible target functions were found. (CFunctionPointerResolver.replaceFunctionPointerCall, WARNING)

line 46613: Function pointer *(hw->phy.ops.write_reg) with type s32 (*)(struct e1000_hw *, u32 , u16 ) is called, but no possible target functions were found. (CFunctionPointerResolver.replaceFunctionPointerCall, WARNING)

line 46614: Function pointer *(hw->phy.ops.write_reg) with type s32 (*)(struct e1000_hw *, u32 , u16 ) is called, but no possible target functions were found. (CFunctionPointerResolver.replaceFunctionPointerCall, WARNING)

line 43132: Function pointer *(hw->phy.ops.write_reg) with type s32 (*)(struct e1000_hw *, u32 , u16 ) is called, but no possible target functions were found. (CFunctionPointerResolver.replaceFunctionPointerCall, WARNING)

line 43140: Function pointer *(hw->phy.ops.write_reg) with type s32 (*)(struct e1000_hw *, u32 , u16 ) is called, but no possible target functions were found. (CFunctionPointerResolver.replaceFunctionPointerCall, WARNING)

line 44986: Function pointer *(phy->ops.write_reg) with type s32 (*)(struct e1000_hw *, u32 , u16 ) is called, but no possible target functions were found. (CFunctionPointerResolver.replaceFunctionPointerCall, WARNING)

line 45013: Function pointer *(phy->ops.write_reg) with type s32 (*)(struct e1000_hw *, u32 , u16 ) is called, but no possible target functions were found. (CFunctionPointerResolver.replaceFunctionPointerCall, WARNING)

line 46504: Function pointer *(hw->phy.ops.write_reg) with type s32 (*)(struct e1000_hw *, u32 , u16 ) is called, but no possible target functions were found. (CFunctionPointerResolver.replaceFunctionPointerCall, WARNING)

line 47249: Function pointer *(mbx->ops.check_for_ack) with type s32 (*)(struct e1000_hw *, u16 ) is called, but no possible target functions were found. (CFunctionPointerResolver.replaceFunctionPointerCall, WARNING)

line 47200: Function pointer *(mbx->ops.check_for_msg) with type s32 (*)(struct e1000_hw *, u16 ) is called, but no possible target functions were found. (CFunctionPointerResolver.replaceFunctionPointerCall, WARNING)

line 46668: Function pointer *(hw->phy.ops.write_reg) with type s32 (*)(struct e1000_hw *, u32 , u16 ) is called, but no possible target functions were found. (CFunctionPointerResolver.replaceFunctionPointerCall, WARNING)

line 46662: Function pointer *(hw->phy.ops.write_reg) with type s32 (*)(struct e1000_hw *, u32 , u16 ) is called, but no possible target functions were found. (CFunctionPointerResolver.replaceFunctionPointerCall, WARNING)

line 46641: Function pointer *(hw->phy.ops.write_reg) with type s32 (*)(struct e1000_hw *, u32 , u16 ) is called, but no possible target functions were found. (CFunctionPointerResolver.replaceFunctionPointerCall, WARNING)

line 46635: Function pointer *(hw->phy.ops.write_reg) with type s32 (*)(struct e1000_hw *, u32 , u16 ) is called, but no possible target functions were found. (CFunctionPointerResolver.replaceFunctionPointerCall, WARNING)

line 13546: Function pointer *(hw->nvm.ops.read) with type s32 (*)(struct e1000_hw *, u16 , u16 , u16 *) is called, but no possible target functions were found. (CFunctionPointerResolver.replaceFunctionPointerCall, WARNING)

line 13409: Function pointer *(hw->nvm.ops.read) with type s32 (*)(struct e1000_hw *, u16 , u16 , u16 *) is called, but no possible target functions were found. (CFunctionPointerResolver.replaceFunctionPointerCall, WARNING)

lines 13403-13404: Function pointer *(hw->nvm.ops.read) with type s32 (*)(struct e1000_hw *, u16 , u16 , u16 *) is called, but no possible target functions were found. (CFunctionPointerResolver.replaceFunctionPointerCall, WARNING)

line 21588: Function pointer *(hw->mac.ops.acquire_swfw_sync) with type s32 (*)(struct e1000_hw *, u16 ) is called, but no possible target functions were found. (CFunctionPointerResolver.replaceFunctionPointerCall, WARNING)

line 47084: Function pointer *(mbx->ops.read) with type s32 (*)(struct e1000_hw *, u32 *, u16 , u16 ) is called, but no possible target functions were found. (CFunctionPointerResolver.replaceFunctionPointerCall, WARNING)

line 42439: Function pointer *(hw->nvm.ops.read) with type s32 (*)(struct e1000_hw *, u16 , u16 , u16 *) is called, but no possible target functions were found. (CFunctionPointerResolver.replaceFunctionPointerCall, WARNING)

line 42465: Function pointer *(hw->nvm.ops.read) with type s32 (*)(struct e1000_hw *, u16 , u16 , u16 *) is called, but no possible target functions were found. (CFunctionPointerResolver.replaceFunctionPointerCall, WARNING)

line 42567: Function pointer *(hw->nvm.ops.read) with type s32 (*)(struct e1000_hw *, u16 , u16 , u16 *) is called, but no possible target functions were found. (CFunctionPointerResolver.replaceFunctionPointerCall, WARNING)

line 42646: Function pointer *(hw->nvm.ops.read) with type s32 (*)(struct e1000_hw *, u16 , u16 , u16 *) is called, but no possible target functions were found. (CFunctionPointerResolver.replaceFunctionPointerCall, WARNING)

line 47288: Function pointer *(mbx->ops.read) with type s32 (*)(struct e1000_hw *, u32 *, u16 , u16 ) is called, but no possible target functions were found. (CFunctionPointerResolver.replaceFunctionPointerCall, WARNING)

line 37953: Function pointer *(hw->mac.ops.acquire_swfw_sync) with type s32 (*)(struct e1000_hw *, u16 ) is called, but no possible target functions were found. (CFunctionPointerResolver.replaceFunctionPointerCall, WARNING)

lines 37826-37827: Function pointer *(hw->nvm.ops.read) with type s32 (*)(struct e1000_hw *, u16 , u16 , u16 *) is called, but no possible target functions were found. (CFunctionPointerResolver.replaceFunctionPointerCall, WARNING)

line 35950: Function pointer *(phy->ops.write_reg) with type s32 (*)(struct e1000_hw *, u32 , u16 ) is called, but no possible target functions were found. (CFunctionPointerResolver.replaceFunctionPointerCall, WARNING)

line 35960: Function pointer *(phy->ops.write_reg) with type s32 (*)(struct e1000_hw *, u32 , u16 ) is called, but no possible target functions were found. (CFunctionPointerResolver.replaceFunctionPointerCall, WARNING)

line 35970: Function pointer *(phy->ops.write_reg) with type s32 (*)(struct e1000_hw *, u32 , u16 ) is called, but no possible target functions were found. (CFunctionPointerResolver.replaceFunctionPointerCall, WARNING)

line 36002: Function pointer *(phy->ops.write_reg) with type s32 (*)(struct e1000_hw *, u32 , u16 ) is called, but no possible target functions were found. (CFunctionPointerResolver.replaceFunctionPointerCall, WARNING)

line 35983: Function pointer *(phy->ops.write_reg) with type s32 (*)(struct e1000_hw *, u32 , u16 ) is called, but no possible target functions were found. (CFunctionPointerResolver.replaceFunctionPointerCall, WARNING)

line 45723: Function pointer *(phy->ops.write_reg) with type s32 (*)(struct e1000_hw *, u32 , u16 ) is called, but no possible target functions were found. (CFunctionPointerResolver.replaceFunctionPointerCall, WARNING)

line 45740: Function pointer *(phy->ops.write_reg) with type s32 (*)(struct e1000_hw *, u32 , u16 ) is called, but no possible target functions were found. (CFunctionPointerResolver.replaceFunctionPointerCall, WARNING)

line 45672: Function pointer *(phy->ops.write_reg) with type s32 (*)(struct e1000_hw *, u32 , u16 ) is called, but no possible target functions were found. (CFunctionPointerResolver.replaceFunctionPointerCall, WARNING)

line 45709: Function pointer *(phy->ops.write_reg) with type s32 (*)(struct e1000_hw *, u32 , u16 ) is called, but no possible target functions were found. (CFunctionPointerResolver.replaceFunctionPointerCall, WARNING)

line 45690: Function pointer *(phy->ops.write_reg) with type s32 (*)(struct e1000_hw *, u32 , u16 ) is called, but no possible target functions were found. (CFunctionPointerResolver.replaceFunctionPointerCall, WARNING)

line 40261: Function pointer *(hw->nvm.ops.read) with type s32 (*)(struct e1000_hw *, u16 , u16 , u16 *) is called, but no possible target functions were found. (CFunctionPointerResolver.replaceFunctionPointerCall, WARNING)

lines 40256-40257: Function pointer *(hw->nvm.ops.read) with type s32 (*)(struct e1000_hw *, u16 , u16 , u16 *) is called, but no possible target functions were found. (CFunctionPointerResolver.replaceFunctionPointerCall, WARNING)

line 38571: Function pointer *(phy->ops.write_reg) with type s32 (*)(struct e1000_hw *, u32 , u16 ) is called, but no possible target functions were found. (CFunctionPointerResolver.replaceFunctionPointerCall, WARNING)

line 38588: Function pointer *(phy->ops.write_reg) with type s32 (*)(struct e1000_hw *, u32 , u16 ) is called, but no possible target functions were found. (CFunctionPointerResolver.replaceFunctionPointerCall, WARNING)

line 38596: Function pointer *(phy->ops.write_reg) with type s32 (*)(struct e1000_hw *, u32 , u16 ) is called, but no possible target functions were found. (CFunctionPointerResolver.replaceFunctionPointerCall, WARNING)

line 29984: Function pointer *(hw->nvm.ops.read) with type s32 (*)(struct e1000_hw *, u16 , u16 , u16 *) is called, but no possible target functions were found. (CFunctionPointerResolver.replaceFunctionPointerCall, WARNING)

lines 30022-30023: Function pointer *(hw->nvm.ops.write) with type s32 (*)(struct e1000_hw *, u16 , u16 , u16 *) is called, but no possible target functions were found. (CFunctionPointerResolver.replaceFunctionPointerCall, WARNING)

line 29992: Function pointer *(hw->nvm.ops.read) with type s32 (*)(struct e1000_hw *, u16 , u16 , u16 *) is called, but no possible target functions were found. (CFunctionPointerResolver.replaceFunctionPointerCall, WARNING)

line 47063: Function pointer *(hw->phy.ops.write_reg) with type s32 (*)(struct e1000_hw *, u32 , u16 ) is called, but no possible target functions were found. (CFunctionPointerResolver.replaceFunctionPointerCall, WARNING)

line 37135: Function pointer *(hw->nvm.ops.read) with type s32 (*)(struct e1000_hw *, u16 , u16 , u16 *) is called, but no possible target functions were found. (CFunctionPointerResolver.replaceFunctionPointerCall, WARNING)

line 42867: Function pointer *(hw->nvm.ops.write) with type s32 (*)(struct e1000_hw *, u16 , u16 , u16 *) is called, but no possible target functions were found. (CFunctionPointerResolver.replaceFunctionPointerCall, WARNING)

line 42833: Function pointer *(hw->nvm.ops.read) with type s32 (*)(struct e1000_hw *, u16 , u16 , u16 *) is called, but no possible target functions were found. (CFunctionPointerResolver.replaceFunctionPointerCall, WARNING)

line 38311: Function pointer *(hw->nvm.ops.read) with type s32 (*)(struct e1000_hw *, u16 , u16 , u16 *) is called, but no possible target functions were found. (CFunctionPointerResolver.replaceFunctionPointerCall, WARNING)

line 38338: Function pointer *(hw->nvm.ops.write) with type s32 (*)(struct e1000_hw *, u16 , u16 , u16 *) is called, but no possible target functions were found. (CFunctionPointerResolver.replaceFunctionPointerCall, WARNING)

line 38200: Function pointer *(hw->nvm.ops.write) with type s32 (*)(struct e1000_hw *, u16 , u16 , u16 *) is called, but no possible target functions were found. (CFunctionPointerResolver.replaceFunctionPointerCall, WARNING)

line 38166: Function pointer *(hw->nvm.ops.read) with type s32 (*)(struct e1000_hw *, u16 , u16 , u16 *) is called, but no possible target functions were found. (CFunctionPointerResolver.replaceFunctionPointerCall, WARNING)

line 41241: Function pointer *(hw->nvm.ops.read) with type s32 (*)(struct e1000_hw *, u16 , u16 , u16 *) is called, but no possible target functions were found. (CFunctionPointerResolver.replaceFunctionPointerCall, WARNING)

line 48716: Function pointer *(hw->nvm.ops.read) with type s32 (*)(struct e1000_hw *, u16 , u16 , u16 *) is called, but no possible target functions were found. (CFunctionPointerResolver.replaceFunctionPointerCall, WARNING)

line 42753: Function pointer *(hw->nvm.ops.read) with type s32 (*)(struct e1000_hw *, u16 , u16 , u16 *) is called, but no possible target functions were found. (CFunctionPointerResolver.replaceFunctionPointerCall, WARNING)

line 38243: Function pointer *(hw->nvm.ops.read) with type s32 (*)(struct e1000_hw *, u16 , u16 , u16 *) is called, but no possible target functions were found. (CFunctionPointerResolver.replaceFunctionPointerCall, WARNING)

line 38086: Function pointer *(hw->nvm.ops.read) with type s32 (*)(struct e1000_hw *, u16 , u16 , u16 *) is called, but no possible target functions were found. (CFunctionPointerResolver.replaceFunctionPointerCall, WARNING)

line 21627: Function pointer *(hw->mac.ops.acquire_swfw_sync) with type s32 (*)(struct e1000_hw *, u16 ) is called, but no possible target functions were found. (CFunctionPointerResolver.replaceFunctionPointerCall, WARNING)

line 47106: Function pointer *(mbx->ops.write) with type s32 (*)(struct e1000_hw *, u32 *, u16 , u16 ) is called, but no possible target functions were found. (CFunctionPointerResolver.replaceFunctionPointerCall, WARNING)

line 28501: Function pointer *(hw->phy.ops.write_reg) with type s32 (*)(struct e1000_hw *, u32 , u16 ) is called, but no possible target functions were found. (CFunctionPointerResolver.replaceFunctionPointerCall, WARNING)

line 47312: Function pointer *(mbx->ops.write) with type s32 (*)(struct e1000_hw *, u32 *, u16 , u16 ) is called, but no possible target functions were found. (CFunctionPointerResolver.replaceFunctionPointerCall, WARNING)

line 25059: Function pointer *arg0 with type int (*)(struct pci_dev *, struct pm_message ) is called, but no possible target functions were found. (CFunctionPointerResolver.replaceFunctionPointerCall, WARNING)

line 25071: Function pointer *arg0 with type int (*)(struct pci_dev *, struct pm_message ) is called, but no possible target functions were found. (CFunctionPointerResolver.replaceFunctionPointerCall, WARNING)

line 25398: Function pointer *arg0 with type void (*)(struct device *) is called, but no possible target functions were found. (CFunctionPointerResolver.replaceFunctionPointerCall, WARNING)

MathSAT5 is available for research and evaluation purposes only. It can not be used in a commercial environment, particularly as part of a commercial product, without written permission. MathSAT5 is provided as is, without any warranty. Please write to mathsat@fbk.eu for additional questions regarding licensing MathSAT5 or obtaining more up-to-date versions. (PredicateCPA:JavaSMT:Mathsat5SolverContext.<init>, WARNING)

Using predicate analysis with MathSAT5 version 5.3.14 (0b98b661254c) (Nov 17 2016 10:59:45, gmp 5.1.3, gcc 4.8.5, 64-bit) and JFactory 1.21. (PredicateCPA:PredicateCPA.<init>, INFO)

Using refinement for predicate analysis with PredicateAbstractionRefinementStrategy strategy. (PredicateCPA:PredicateCPARefiner.<init>, INFO)

Starting analysis ... (CPAchecker.runAlgorithm, INFO)

Assuming external function ldv_initialize to be a constant function. (PredicateCPA:ExpressionToFormulaVisitor.visit, INFO)

Assuming external function external_allocated_data to be a constant function. (PredicateCPA:ExpressionToFormulaVisitor.visit, INFO)

Assuming external function ldv_switch_to_interrupt_context to be a constant function. (PredicateCPA:ExpressionToFormulaVisitor.visit, INFO)

Assuming external function ldv_switch_to_process_context to be a constant function. (PredicateCPA:ExpressionToFormulaVisitor.visit, INFO)

line 25475: Ignoring call via function pointer ldv_pm_ops_instance_prepare_7_22::arg0 for which no suitable target was found in line: (*arg0)(arg1); (FunctionPointerCPA:FunctionPointerTransferRelation.getAbstractSuccessorsForEdge, WARNING)

line 25475: Ignoring function call through function pointer *arg0: (*arg0)(arg1); (PredicateCPA:ExpressionToFormulaVisitor.visit, WARNING)

line 25607: Ignoring call via function pointer ldv_pm_ops_instance_suspend_noirq_7_20::arg0 for which no suitable target was found in line: (*arg0)(arg1); (FunctionPointerCPA:FunctionPointerTransferRelation.getAbstractSuccessorsForEdge, WARNING)

line 25607: Ignoring function call through function pointer *arg0: (*arg0)(arg1); (PredicateCPA:ExpressionToFormulaVisitor.visit, WARNING)

line 25541: Ignoring call via function pointer ldv_pm_ops_instance_resume_noirq_7_19::arg0 for which no suitable target was found in line: (*arg0)(arg1); (FunctionPointerCPA:FunctionPointerTransferRelation.getAbstractSuccessorsForEdge, WARNING)

line 25541: Ignoring function call through function pointer *arg0: (*arg0)(arg1); (PredicateCPA:ExpressionToFormulaVisitor.visit, WARNING)

line 25596: Ignoring call via function pointer ldv_pm_ops_instance_suspend_late_7_18::arg0 for which no suitable target was found in line: (*arg0)(arg1); (FunctionPointerCPA:FunctionPointerTransferRelation.getAbstractSuccessorsForEdge, WARNING)

line 25596: Ignoring function call through function pointer *arg0: (*arg0)(arg1); (PredicateCPA:ExpressionToFormulaVisitor.visit, WARNING)

line 25530: Ignoring call via function pointer ldv_pm_ops_instance_resume_early_7_17::arg0 for which no suitable target was found in line: (*arg0)(arg1); (FunctionPointerCPA:FunctionPointerTransferRelation.getAbstractSuccessorsForEdge, WARNING)

line 25530: Ignoring function call through function pointer *arg0: (*arg0)(arg1); (PredicateCPA:ExpressionToFormulaVisitor.visit, WARNING)

line 25420: Ignoring call via function pointer ldv_pm_ops_instance_freeze_late_7_14::arg0 for which no suitable target was found in line: (*arg0)(arg1); (FunctionPointerCPA:FunctionPointerTransferRelation.getAbstractSuccessorsForEdge, WARNING)

line 25420: Ignoring function call through function pointer *arg0: (*arg0)(arg1); (PredicateCPA:ExpressionToFormulaVisitor.visit, WARNING)

line 25629: Ignoring call via function pointer ldv_pm_ops_instance_thaw_early_7_13::arg0 for which no suitable target was found in line: (*arg0)(arg1); (FunctionPointerCPA:FunctionPointerTransferRelation.getAbstractSuccessorsForEdge, WARNING)

line 25629: Ignoring function call through function pointer *arg0: (*arg0)(arg1); (PredicateCPA:ExpressionToFormulaVisitor.visit, WARNING)

line 25431: Ignoring call via function pointer ldv_pm_ops_instance_freeze_noirq_7_12::arg0 for which no suitable target was found in line: (*arg0)(arg1); (FunctionPointerCPA:FunctionPointerTransferRelation.getAbstractSuccessorsForEdge, WARNING)

line 25431: Ignoring function call through function pointer *arg0: (*arg0)(arg1); (PredicateCPA:ExpressionToFormulaVisitor.visit, WARNING)

line 25640: Ignoring call via function pointer ldv_pm_ops_instance_thaw_noirq_7_11::arg0 for which no suitable target was found in line: (*arg0)(arg1); (FunctionPointerCPA:FunctionPointerTransferRelation.getAbstractSuccessorsForEdge, WARNING)

line 25640: Ignoring function call through function pointer *arg0: (*arg0)(arg1); (PredicateCPA:ExpressionToFormulaVisitor.visit, WARNING)

line 25453: Ignoring call via function pointer ldv_pm_ops_instance_poweroff_late_7_8::arg0 for which no suitable target was found in line: (*arg0)(arg1); (FunctionPointerCPA:FunctionPointerTransferRelation.getAbstractSuccessorsForEdge, WARNING)

line 25453: Ignoring function call through function pointer *arg0: (*arg0)(arg1); (PredicateCPA:ExpressionToFormulaVisitor.visit, WARNING)

line 25497: Ignoring call via function pointer ldv_pm_ops_instance_restore_early_7_7::arg0 for which no suitable target was found in line: (*arg0)(arg1); (FunctionPointerCPA:FunctionPointerTransferRelation.getAbstractSuccessorsForEdge, WARNING)

line 25497: Ignoring function call through function pointer *arg0: (*arg0)(arg1); (PredicateCPA:ExpressionToFormulaVisitor.visit, WARNING)

line 25464: Ignoring call via function pointer ldv_pm_ops_instance_poweroff_noirq_7_6::arg0 for which no suitable target was found in line: (*arg0)(arg1); (FunctionPointerCPA:FunctionPointerTransferRelation.getAbstractSuccessorsForEdge, WARNING)

line 25464: Ignoring function call through function pointer *arg0: (*arg0)(arg1); (PredicateCPA:ExpressionToFormulaVisitor.visit, WARNING)

line 25508: Ignoring call via function pointer ldv_pm_ops_instance_restore_noirq_7_5::arg0 for which no suitable target was found in line: (*arg0)(arg1); (FunctionPointerCPA:FunctionPointerTransferRelation.getAbstractSuccessorsForEdge, WARNING)

line 25508: Ignoring function call through function pointer *arg0: (*arg0)(arg1); (PredicateCPA:ExpressionToFormulaVisitor.visit, WARNING)

line 25036: Ignoring call via function pointer ldv_pci_instance_resume_early_6_6::arg0 for which no suitable target was found in line: (*arg0)(arg1); (FunctionPointerCPA:FunctionPointerTransferRelation.getAbstractSuccessorsForEdge, WARNING)

line 25036: Ignoring function call through function pointer *arg0: (*arg0)(arg1); (PredicateCPA:ExpressionToFormulaVisitor.visit, WARNING)

line 25025: Ignoring call via function pointer ldv_pci_instance_resume_6_5::arg0 for which no suitable target was found in line: (*arg0)(arg1); (FunctionPointerCPA:FunctionPointerTransferRelation.getAbstractSuccessorsForEdge, WARNING)

line 25025: Ignoring function call through function pointer *arg0: (*arg0)(arg1); (PredicateCPA:ExpressionToFormulaVisitor.visit, WARNING)

line 27708: Ignoring call via function pointer ldv_timer_instance_callback_12_2::arg0 for which no suitable target was found in line: (*arg0)(arg1); (FunctionPointerCPA:FunctionPointerTransferRelation.getAbstractSuccessorsForEdge, WARNING)

line 27708: Ignoring function call through function pointer *arg0: (*arg0)(arg1); (PredicateCPA:ExpressionToFormulaVisitor.visit, WARNING)

Assuming external function ldv_pre_probe to be a constant function. (PredicateCPA:ExpressionToFormulaVisitor.visit, INFO)

line 23828: Ignoring call via function pointer ldv_interrupt_instance_thread_2_3::arg0 for which no suitable target was found in line: (*arg0)(arg1, arg2); (FunctionPointerCPA:FunctionPointerTransferRelation.getAbstractSuccessorsForEdge, WARNING)

line 23828: Ignoring function call through function pointer *arg0: (*arg0)(arg1, arg2); (PredicateCPA:ExpressionToFormulaVisitor.visit, WARNING)

line 23816: Ignoring call via function pointer ldv_interrupt_instance_thread_1_3::arg0 for which no suitable target was found in line: (*arg0)(arg1, arg2); (FunctionPointerCPA:FunctionPointerTransferRelation.getAbstractSuccessorsForEdge, WARNING)

line 23816: Ignoring function call through function pointer *arg0: (*arg0)(arg1, arg2); (PredicateCPA:ExpressionToFormulaVisitor.visit, WARNING)

line 23804: Ignoring call via function pointer ldv_interrupt_instance_thread_0_3::arg0 for which no suitable target was found in line: (*arg0)(arg1, arg2); (FunctionPointerCPA:FunctionPointerTransferRelation.getAbstractSuccessorsForEdge, WARNING)

line 23804: Ignoring function call through function pointer *arg0: (*arg0)(arg1, arg2); (PredicateCPA:ExpressionToFormulaVisitor.visit, WARNING)

line 23852: Ignoring call via function pointer ldv_interrupt_instance_thread_4_3::arg0 for which no suitable target was found in line: (*arg0)(arg1, arg2); (FunctionPointerCPA:FunctionPointerTransferRelation.getAbstractSuccessorsForEdge, WARNING)

line 23852: Ignoring function call through function pointer *arg0: (*arg0)(arg1, arg2); (PredicateCPA:ExpressionToFormulaVisitor.visit, WARNING)

line 23840: Ignoring call via function pointer ldv_interrupt_instance_thread_3_3::arg0 for which no suitable target was found in line: (*arg0)(arg1, arg2); (FunctionPointerCPA:FunctionPointerTransferRelation.getAbstractSuccessorsForEdge, WARNING)

line 23840: Ignoring function call through function pointer *arg0: (*arg0)(arg1, arg2); (PredicateCPA:ExpressionToFormulaVisitor.visit, WARNING)

line 25059: Ignoring call via function pointer ldv_pci_instance_suspend_6_8::arg0 for which no suitable target was found in line: tmp = (*arg0)(arg1, arg2); (FunctionPointerCPA:FunctionPointerTransferRelation.getAbstractSuccessorsForEdge, WARNING)

line 25059: Ignoring function call through function pointer *arg0: tmp = (*arg0)(arg1, arg2); (PredicateCPA:ExpressionToFormulaVisitor.visit, WARNING)

line 25071: Ignoring call via function pointer ldv_pci_instance_suspend_late_6_7::arg0 for which no suitable target was found in line: tmp = (*arg0)(arg1, arg2); (FunctionPointerCPA:FunctionPointerTransferRelation.getAbstractSuccessorsForEdge, WARNING)

line 25071: Ignoring function call through function pointer *arg0: tmp = (*arg0)(arg1, arg2); (PredicateCPA:ExpressionToFormulaVisitor.visit, WARNING)

Assuming external function eth_validate_addr to be a pure function. (PredicateCPA:ExpressionToFormulaVisitor.visit, INFO)

line 25398: Ignoring call via function pointer ldv_pm_ops_instance_complete_7_3::arg0 for which no suitable target was found in line: (*arg0)(arg1); (FunctionPointerCPA:FunctionPointerTransferRelation.getAbstractSuccessorsForEdge, WARNING)

line 25398: Ignoring function call through function pointer *arg0: (*arg0)(arg1); (PredicateCPA:ExpressionToFormulaVisitor.visit, WARNING)

Assuming external function pci_enable_device_mem to be a pure function. (PredicateCPA:ExpressionToFormulaVisitor.visit, INFO)

Assuming external function memset to be a pure function. (PredicateCPA:ExpressionToFormulaVisitor.visit, INFO)

line 21627: Ignoring function call through function pointer *(hw->mac.ops.acquire_swfw_sync): tmp = (*(hw->mac.ops.acquire_swfw_sync))(hw, (int)swfw_mask); (PredicateCPA:ExpressionToFormulaVisitor.visit, WARNING)

Assuming external function i2c_smbus_write_byte_data to be a pure function. (PredicateCPA:ExpressionToFormulaVisitor.visit, INFO)

line 21637: Ignoring function call through function pointer *(hw->mac.ops.release_swfw_sync): (*(hw->mac.ops.release_swfw_sync))(hw, (int)swfw_mask); (PredicateCPA:ExpressionToFormulaVisitor.visit, WARNING)

line 35593: Ignoring function call through function pointer *(hw->mac.ops.release_swfw_sync): (*(hw->mac.ops.release_swfw_sync))(hw, (int)mask); (PredicateCPA:ExpressionToFormulaVisitor.visit, WARNING)

line 35570: Ignoring function call through function pointer *(hw->mac.ops.acquire_swfw_sync): tmp = (*(hw->mac.ops.acquire_swfw_sync))(hw, (int)mask); (PredicateCPA:ExpressionToFormulaVisitor.visit, WARNING)

Shutdown requested (The CPU-time limit of 900s has elapsed.), waiting for termination. (ForceTerminationOnShutdown$1.shutdownRequested, WARNING)

Warning: Analysis interrupted (The CPU-time limit of 900s has elapsed.) (ShutdownNotifier.shutdownIfNecessary, WARNING)

PredicateCPA statistics
-----------------------
Number of abstractions:            2403131 (18% of all post computations)
  Times abstraction was reused:    0
  Because of function entry/exit:  2124042 (88%)
  Because of loop head:            278700 (12%)
  Because of join nodes:           0 (0%)
  Because of threshold:            0 (0%)
  Because of target state:         389 (0%)
  Times precision was empty:       1856948 (77%)
  Times precision was {false}:     3553 (0%)
  Times result was cached:         532470 (22%)
  Times cartesian abs was used:    0 (0%)
  Times boolean abs was used:      10160 (0%)
  Times result was 'false':        48083 (2%)
Number of strengthen sat checks:   0
Number of coverage checks:         1521004
  BDD entailment checks:           816538
Number of SMT sat checks:          0
  trivial:                         0
  cached:                          0

Max ABE block size:                       138
Number of predicates discovered:          33
Number of abstraction locations:          61
Max number of predicates per location:    33
Avg number of predicates per location:    14
Total predicates per abstraction:         6134681
Max number of predicates per abstraction: 33
Avg number of predicates per abstraction: 447.36
Number of irrelevant predicates:          4692608 (76%)
Number of preds handled by boolean abs:   61465 (1%)
  Total number of models for allsat:      13658
  Max number of models for allsat:        12
  Avg number of models for allsat:        1.34

Time for post operator:                218.745s
  Time for path formula creation:      212.354s
Time for strengthen operator:           13.161s
Time for prec operator:                262.039s
  Time for abstraction:                227.001s (Max:     4.427s, Count: 2403131)
    Boolean abstraction:                17.369s
    Solving time:                       16.697s (Max:     0.017s)
    Model enumeration time:              1.574s
    Time for BDD construction:           0.533s (Max:     0.010s)
Time for merge operator:                 7.649s
Time for coverage check:                 0.955s
  Time for BDD entailment checks:        0.707s
Total time for SMT solver (w/o itp):    18.271s

Number of path formula cache hits:   13227049 (85%)

Inside post operator:                  
  Inside path formula creation:        
    Time for path formula computation:   139.745s

Total number of created targets for pointer analysis: 87000
   Number of created targets for uf: *unsigned_int is 87001


Number of BDD nodes:                               29816
Size of BDD node table:                            270749
Size of BDD cache:                                 27073
Size of BDD node cleanup queue:                       33189 (count: 2775105, min: 0, max: 740, avg: 0.01)
Time for BDD node cleanup:                             0.403s
Time for BDD garbage collection:                       0.000s (in 0 runs)

PrecisionBootstrap statistics
-----------------------------
Init. function predicates:                         0
Init. global predicates:                           0
Init. location predicates:                         0

Invariant Generation statistics
-------------------------------

AutomatonAnalysis (SVCOMP) statistics
-------------------------------------
Number of states:                                  1
Total time for successor computation:                 21.298s
  Time for transition matches:                        12.702s
  Time for transition assertions:                      0.003s
  Time for transition actions:                         0.005s
Automaton transfers with branching:                0
Automaton transfer successors:                     13229845 (count: 13229845, min: 1, max: 1, avg: 1.00) [1 x 13229845]

CPA algorithm statistics
------------------------
Number of iterations:            8220890
Max size of waitlist:            2958
Average size of waitlist:        1307
Number of computed successors:   9518298
Max successors for one state:    2
Number of times merged:          352233
Number of times stopped:         596918
Number of times breaked:         389

Total time for CPA algorithm:       820.294s (Max:     6.681s)
  Time for choose from waitlist:      4.199s
  Time for precision adjustment:    332.136s
  Time for transfer relation:       391.937s
  Time for merge operator:           18.366s
  Time for stop operator:            29.109s
  Time for adding to reached set:    19.575s

Predicate-Abstraction Refiner statistics
----------------------------------------
Number of predicate refinements:                   389
Avg. length of target path (in blocks):               10317 (count: 389, min: 13, max: 32, avg: 26.52)
Number of infeasible sliced prefixes:                     0 (count: 0, min: 0, max: 0, avg: 0.00)

Time for refinement:                                  56.914s
  Counterexample analysis:                            38.823s (Max:     0.225s, Calls: 389)
    Refinement sat check:                             34.257s
    Interpolant computation:                           0.000s
  Path-formulas extraction:                            0.020s
  Error path post-processing:                          0.000s
  Predicate creation:                                  0.120s
  Precision update:                                    0.225s
  ARG update:                                         17.531s

Length of refined path (in blocks):                    6290 (count: 389, min: 9, max: 21, avg: 16.17)
Number of affected states:                             4305 (count: 389, min: 4, max: 16, avg: 11.07)
Length (states) of path with itp 'true':               1596 (count: 389, min: 4, max: 8, avg: 4.10)
Length (states) of path with itp non-trivial itp:      4305 (count: 389, min: 4, max: 16, avg: 11.07)
Length (states) of path with itp 'false':               389 (count: 389, min: 1, max: 1, avg: 1.00)
Different non-trivial interpolants along paths:           1 (count: 389, min: 0, max: 1, avg: 0.00)
Equal non-trivial interpolants along paths:            3915 (count: 389, min: 3, max: 15, avg: 10.06)
Number of refs with location-based cutoff:                0

CEGAR algorithm statistics
--------------------------
Number of refinements:                389
Number of successful refinements:     389
Number of failed refinements:         0
Max. size of reached set before ref.: 37337
Max. size of reached set after ref.:  26247
Avg. size of reached set before ref.: 23280.26
Avg. size of reached set after ref.:  538.69

Total time for CEGAR algorithm:     882.248s
Time for refinements:                61.728s
Average time for refinement:          0.158s
Max time for refinement:              0.439s

Code Coverage
-----------------------------
  Function coverage:      0.261
  Visited lines:          3641
  Total lines:            22243
  Line coverage:          0.164
  Visited conditions:     942
  Total conditions:       10666
  Condition coverage:     0.088

CPAchecker general statistics
-----------------------------
Number of program locations:     37866
Number of CFA edges:             47478
Number of relevant variables:    4736
Number of functions:             955
Number of loops:                 266
Size of reached set:             26825
  Number of reached locations:   2477 (7%)
    Avg states per location:     10
    Max states per location:     521 (at node N33356)
  Number of reached functions:   249 (26%)
  Number of partitions:          26741
    Avg size of partitions:      1
    Max size of partitions:      9 (with key [N12166 (before line 23571), Function main called from node N12143, stack depth 1 [76b24f7b], stack [main]])
  Number of target states:       0
  Size of final wait list        2035

Time for analysis setup:         17.635s
  Time for loading CPAs:          1.570s
  Time for loading parser:        0.702s
  Time for CFA construction:     15.166s
    Time for parsing file(s):     2.154s
    Time for AST to CFA:          5.048s
    Time for CFA sanity check:    1.843s
    Time for post-processing:     6.023s
      Time for var class.:        2.914s
Time for Analysis:              882.248s
CPU time for analysis:          882.190s
Total time for CPAchecker:      899.890s
Total CPU time for CPAchecker:  899.790s
Time for statistics:              0.629s

Time for Garbage Collector:      60.015s (in 575 runs)
Garbage Collector(s) used:    Copy, MarkSweepCompact
Used heap memory:               1699MB (  1620 MiB) max;    894MB (   852 MiB) avg;   1727MB (  1647 MiB) peak
Used non-heap memory:             50MB (    48 MiB) max;     42MB (    40 MiB) avg;     50MB (    48 MiB) peak
Allocated heap memory:          1991MB (  1899 MiB) max;   1344MB (  1281 MiB) avg
Allocated non-heap memory:        53MB (    50 MiB) max;     52MB (    50 MiB) avg
Total process virtual memory:   8292MB (  7908 MiB) max;   8185MB (  7805 MiB) avg

Verification result: UNKNOWN, incomplete analysis.
More details about the verification run can be found in the directory "./output".
