scripts/cpa.sh -Dy-MySearchStrategy-PredAbs-ABEl -heap 5600000000 -timelimit 30 -preprocess -stats -noout -setprop cpa.predicate.memoryAllocationsAlwaysSucceed=true -spec ../sv-benchmarks/c/ReachSafety.prp ../sv-benchmarks/c/product-lines/elevator_spec1_product03_true-unreach-call_true-termination.cil.c


--------------------------------------------------------------------------------


Running CPAchecker with Java heap of size 5600000000.
Running CPAchecker with default stack size (1024k). Specify a larger value with -stack if needed.
Running CPAchecker with the following extra VM options:  -Djava.io.tmpdir=/tmp/BenchExec_run_t9cutd9u/tmp
Using the following resource limits: CPU-time limit of 30s (ResourceLimitChecker.fromConfiguration, INFO)

CPAchecker (unknown version) (OpenJDK 64-Bit Server VM 1.8.0_162) started (CPAchecker.run, INFO)

line 50: Dead code detected: return (retValue_acc); (CFACreationUtils.addEdgeToCFA, INFO)

line 73: Dead code detected: return (retValue_acc); (CFACreationUtils.addEdgeToCFA, INFO)

line 393: Dead code detected: return (retValue_acc); (CFACreationUtils.addEdgeToCFA, INFO)

line 439: Dead code detected: return (retValue_acc); (CFACreationUtils.addEdgeToCFA, INFO)

line 642: Dead code detected: return (retValue_acc); (CFACreationUtils.addEdgeToCFA, INFO)

line 771: Dead code detected: return (retValue_acc); (CFACreationUtils.addEdgeToCFA, INFO)

line 780: Dead code detected: return (retValue_acc); (CFACreationUtils.addEdgeToCFA, INFO)

line 814: Dead code detected: return (retValue_acc); (CFACreationUtils.addEdgeToCFA, INFO)

line 823: Dead code detected: return (retValue_acc); (CFACreationUtils.addEdgeToCFA, INFO)

line 863: Dead code detected: return (retValue_acc); (CFACreationUtils.addEdgeToCFA, INFO)

line 943: Dead code detected: return (retValue_acc); (CFACreationUtils.addEdgeToCFA, INFO)

line 956: Dead code detected: return (retValue_acc); (CFACreationUtils.addEdgeToCFA, INFO)

line 1308: Dead code detected: return (retValue_acc); (CFACreationUtils.addEdgeToCFA, INFO)

line 1337: Dead code detected: return (retValue_acc); (CFACreationUtils.addEdgeToCFA, INFO)

line 1371: Dead code detected: return (retValue_acc); (CFACreationUtils.addEdgeToCFA, INFO)

line 1427: Dead code detected: return (retValue_acc); (CFACreationUtils.addEdgeToCFA, INFO)

line 1458: Dead code detected: return (retValue_acc); (CFACreationUtils.addEdgeToCFA, INFO)

line 1472: Dead code detected: return (retValue_acc); (CFACreationUtils.addEdgeToCFA, INFO)

line 2045: Dead code detected: return (retValue_acc); (CFACreationUtils.addEdgeToCFA, INFO)

line 2056: Dead code detected: return (retValue_acc); (CFACreationUtils.addEdgeToCFA, INFO)

line 2065: Dead code detected: return (retValue_acc); (CFACreationUtils.addEdgeToCFA, INFO)

line 2370: Dead code detected: return (retValue_acc); (CFACreationUtils.addEdgeToCFA, INFO)

line 2610: Dead code detected: return (retValue_acc); (CFACreationUtils.addEdgeToCFA, INFO)

line 2921: Dead code detected: return (retValue_acc); (CFACreationUtils.addEdgeToCFA, INFO)

line 2962: Dead code detected: return (retValue_acc); (CFACreationUtils.addEdgeToCFA, INFO)

line 3001: Dead code detected: return (retValue_acc); (CFACreationUtils.addEdgeToCFA, INFO)

line 3040: Dead code detected: return (retValue_acc); (CFACreationUtils.addEdgeToCFA, INFO)

line 3390: Dead code detected: return (retValue_acc); (CFACreationUtils.addEdgeToCFA, INFO)

line 230: Function pointer *__cil_tmp10 with type int (*)(int, int) is called, but no possible target functions were found. (CFunctionPointerResolver.replaceFunctionPointerCall, WARNING)

MathSAT5 is available for research and evaluation purposes only. It can not be used in a commercial environment, particularly as part of a commercial product, without written permission. MathSAT5 is provided as is, without any warranty. Please write to mathsat@fbk.eu for additional questions regarding licensing MathSAT5 or obtaining more up-to-date versions. (PredicateCPA:JavaSMT:Mathsat5SolverContext.<init>, WARNING)

Using predicate analysis with MathSAT5 version 5.3.14 (0b98b661254c) (Nov 17 2016 10:59:45, gmp 5.1.3, gcc 4.8.5, 64-bit) and JFactory 1.21. (PredicateCPA:PredicateCPA.<init>, INFO)

Using refinement for predicate analysis with PredicateAbstractionRefinementStrategy strategy. (PredicateCPA:PredicateCPARefiner.<init>, INFO)

Starting analysis ... (CPAchecker.runAlgorithm, INFO)

Shutdown requested (The CPU-time limit of 30s has elapsed.), waiting for termination. (ForceTerminationOnShutdown$1.shutdownRequested, WARNING)

Warning: Analysis interrupted (The CPU-time limit of 30s has elapsed.) (ShutdownNotifier.shutdownIfNecessary, WARNING)

PredicateCPA statistics
-----------------------
Number of abstractions:            138 (0% of all post computations)
  Times abstraction was reused:    0
  Because of function entry/exit:  0 (0%)
  Because of loop head:            32 (23%)
  Because of join nodes:           0 (0%)
  Because of threshold:            0 (0%)
  Because of target state:         106 (77%)
  Times precision was empty:       3 (2%)
  Times precision was {false}:     105 (76%)
  Times result was cached:         0 (0%)
  Times cartesian abs was used:    0 (0%)
  Times boolean abs was used:      30 (22%)
  Times result was 'false':        100 (72%)
Number of strengthen sat checks:   0
Number of coverage checks:         51752
  BDD entailment checks:           90
Number of SMT sat checks:          0
  trivial:                         0
  cached:                          0

Max ABE block size:                       799
Number of predicates discovered:          42
Number of abstraction locations:          2
Max number of predicates per location:    41
Avg number of predicates per location:    21
Total predicates per abstraction:         1081
Max number of predicates per abstraction: 41
Avg number of predicates per abstraction: 8.01
Number of irrelevant predicates:          105 (10%)
Number of preds handled by boolean abs:   976 (90%)
  Total number of models for allsat:      1720
  Max number of models for allsat:        308
  Avg number of models for allsat:        57.33

Time for post operator:                  2.704s
  Time for path formula creation:        2.598s
Time for strengthen operator:            0.135s
Time for prec operator:                 16.913s
  Time for abstraction:                 16.798s (Max:     1.633s, Count: 138)
    Boolean abstraction:                15.207s
    Solving time:                        4.534s (Max:     0.246s)
    Model enumeration time:             10.882s
    Time for BDD construction:           0.241s (Max:     0.037s)
Time for merge operator:                 0.711s
Time for coverage check:                 0.019s
  Time for BDD entailment checks:        0.016s
Total time for SMT solver (w/o itp):    15.416s

Number of path formula cache hits:   74799 (55%)

Inside post operator:                  
  Inside path formula creation:        
    Time for path formula computation:     2.455s

Total number of created targets for pointer analysis: 0


Number of BDD nodes:                               57421
Size of BDD node table:                            270749
Size of BDD cache:                                 27073
Size of BDD node cleanup queue:                        7731 (count: 4012, min: 0, max: 607, avg: 1.93)
Time for BDD node cleanup:                             0.004s
Time for BDD garbage collection:                       0.000s (in 0 runs)

PrecisionBootstrap statistics
-----------------------------
Init. function predicates:                         0
Init. global predicates:                           0
Init. location predicates:                         0

Invariant Generation statistics
-------------------------------

AutomatonAnalysis (SVCOMP) statistics
-------------------------------------
Number of states:                                  1
Total time for successor computation:                  0.288s
Automaton transfers with branching:                0
Automaton transfer successors:                       124270 (count: 124270, min: 1, max: 1, avg: 1.00) [1 x 124270]

CPA algorithm statistics
------------------------
Number of iterations:            92544
Max size of waitlist:            15
Average size of waitlist:        7
Number of computed successors:   118488
Max successors for one state:    2
Number of times merged:          25831
Number of times stopped:         25833
Number of times breaked:         6

Total time for CPA algorithm:        24.779s (Max:    13.102s)
  Time for choose from waitlist:      0.096s
  Time for precision adjustment:     17.839s
  Time for transfer relation:         4.587s
  Time for merge operator:            1.196s
  Time for stop operator:             0.243s
  Time for adding to reached set:     0.242s

Predicate-Abstraction Refiner statistics
----------------------------------------
Number of predicate refinements:                   6
Avg. length of target path (in blocks):                  19 (count: 6, min: 2, max: 5, avg: 3.17)
Number of infeasible sliced prefixes:                     0 (count: 0, min: 0, max: 0, avg: 0.00)

Time for refinement:                                   2.244s
  Counterexample analysis:                             2.007s (Max:     0.577s, Calls: 6)
    Refinement sat check:                              1.785s
    Interpolant computation:                           0.000s
  Path-formulas extraction:                            0.000s
  Error path post-processing:                          0.000s
  Predicate creation:                                  0.012s
  Precision update:                                    0.002s
  ARG update:                                          0.157s

Length of refined path (in blocks):                      19 (count: 6, min: 2, max: 5, avg: 3.17)
Number of affected states:                               13 (count: 6, min: 1, max: 4, avg: 2.17)
Length (states) of path with itp 'true':                  0 (count: 6, min: 0, max: 0, avg: 0.00)
Length (states) of path with itp non-trivial itp:        13 (count: 6, min: 1, max: 4, avg: 2.17)
Length (states) of path with itp 'false':                 0 (count: 6, min: 0, max: 0, avg: 0.00)
Different non-trivial interpolants along paths:           7 (count: 6, min: 0, max: 3, avg: 1.17)
Equal non-trivial interpolants along paths:               0 (count: 6, min: 0, max: 0, avg: 0.00)
Number of refs with location-based cutoff:                0

CEGAR algorithm statistics
--------------------------
Number of refinements:                6
Number of successful refinements:     6
Number of failed refinements:         0
Max. size of reached set before ref.: 17976
Max. size of reached set after ref.:  3750
Avg. size of reached set before ref.: 11441.00
Avg. size of reached set after ref.:  3750.00

Total time for CEGAR algorithm:      27.280s
Time for refinements:                 2.478s
Average time for refinement:          0.413s
Max time for refinement:              0.658s

Code Coverage
-----------------------------
  Function coverage:      0.589
  Visited lines:          994
  Total lines:            1708
  Line coverage:          0.582
  Visited conditions:     586
  Total conditions:       754
  Condition coverage:     0.777

CPAchecker general statistics
-----------------------------
Number of program locations:     2241
Number of CFA edges:             2732
Number of relevant variables:    296
Number of functions:             73
Number of loops:                 9
Size of reached set:             46409
  Number of reached locations:   1126 (50%)
    Avg states per location:     41
    Max states per location:     385 (at node N1782)
  Number of reached functions:   43 (59%)
  Number of partitions:          46398
    Avg size of partitions:      1
    Max size of partitions:      12 (with key [N2541 (before lines 3187-3215), Function cleanup called from node N400, stack depth 4 [4a8b5227], stack [main, runTest, test, cleanup]])
  Number of target states:       0
  Size of final wait list        2

Time for analysis setup:          3.025s
  Time for loading CPAs:          0.633s
  Time for loading parser:        0.584s
  Time for CFA construction:      1.660s
    Time for parsing file(s):     0.487s
    Time for AST to CFA:          0.479s
    Time for CFA sanity check:    0.172s
    Time for post-processing:     0.389s
      Time for var class.:        0.232s
Time for Analysis:               27.280s
CPU time for analysis:           27.280s
Total time for CPAchecker:       30.308s
Total CPU time for CPAchecker:   30.300s
Time for statistics:              0.565s

Time for Garbage Collector:       0.691s (in 48 runs)
Garbage Collector(s) used:    Copy, MarkSweepCompact
Used heap memory:                110MB (   105 MiB) max;     66MB (    63 MiB) avg;    126MB (   121 MiB) peak
Used non-heap memory:             36MB (    34 MiB) max;     33MB (    32 MiB) avg;     37MB (    35 MiB) peak
Allocated heap memory:           127MB (   121 MiB) max;    127MB (   121 MiB) avg
Allocated non-heap memory:        38MB (    36 MiB) max;     36MB (    34 MiB) avg
Total process virtual memory:   8199MB (  7820 MiB) max;   8159MB (  7781 MiB) avg

Verification result: UNKNOWN, incomplete analysis.
More details about the verification run can be found in the directory "./output".
