scripts/cpa.sh -Dy-MySearchStrategy-PredAbs-ABEl -heap 5600000000 -timelimit 900 -preprocess -stats -noout -setprop cpa.predicate.memoryAllocationsAlwaysSucceed=true -spec ../sv-benchmarks/c/ReachSafety.prp ../sv-benchmarks/c/loop-new/nested_true-unreach-call_true-termination.i


--------------------------------------------------------------------------------


Running CPAchecker with Java heap of size 5600000000.
Running CPAchecker with default stack size (1024k). Specify a larger value with -stack if needed.
Running CPAchecker with the following extra VM options:  -Djava.io.tmpdir=/tmp/BenchExec_run_lstz__hu/tmp
Using the following resource limits: CPU-time limit of 900s (ResourceLimitChecker.fromConfiguration, INFO)

CPAchecker (unknown version) (OpenJDK 64-Bit Server VM 1.8.0_162) started (CPAchecker.run, INFO)

MathSAT5 is available for research and evaluation purposes only. It can not be used in a commercial environment, particularly as part of a commercial product, without written permission. MathSAT5 is provided as is, without any warranty. Please write to mathsat@fbk.eu for additional questions regarding licensing MathSAT5 or obtaining more up-to-date versions. (PredicateCPA:JavaSMT:Mathsat5SolverContext.<init>, WARNING)

Using predicate analysis with MathSAT5 version 5.3.14 (0b98b661254c) (Nov 17 2016 10:59:45, gmp 5.1.3, gcc 4.8.5, 64-bit) and JFactory 1.21. (PredicateCPA:PredicateCPA.<init>, INFO)

Using refinement for predicate analysis with PredicateAbstractionRefinementStrategy strategy. (PredicateCPA:PredicateCPARefiner.<init>, INFO)

Starting analysis ... (CPAchecker.runAlgorithm, INFO)

Stopping analysis ... (CPAchecker.runAlgorithm, INFO)

PredicateCPA statistics
-----------------------
Number of abstractions:            4223 (21% of all post computations)
  Times abstraction was reused:    0
  Because of function entry/exit:  0 (0%)
  Because of loop head:            3992 (95%)
  Because of join nodes:           0 (0%)
  Because of threshold:            0 (0%)
  Because of target state:         231 (5%)
  Times precision was empty:       4 (0%)
  Times precision was {false}:     220 (5%)
  Times result was cached:         20 (0%)
  Times cartesian abs was used:    0 (0%)
  Times boolean abs was used:      3979 (94%)
  Times result was 'false':        1231 (29%)
Number of strengthen sat checks:   0
Number of coverage checks:         701048
  BDD entailment checks:           701042
Number of SMT sat checks:          0
  trivial:                         0
  cached:                          0

Max ABE block size:                       12
Number of predicates discovered:          123
Number of abstraction locations:          3
Max number of predicates per location:    121
Avg number of predicates per location:    48
Total predicates per abstraction:         187295
Max number of predicates per abstraction: 121
Avg number of predicates per abstraction: 44.60
Number of irrelevant predicates:          2138 (1%)
Number of preds handled by boolean abs:   185100 (99%)
  Total number of models for allsat:      838839
  Max number of models for allsat:        2750
  Avg number of models for allsat:        210.82

Time for post operator:                  0.632s
  Time for path formula creation:        0.613s
Time for strengthen operator:            0.035s
Time for prec operator:                252.629s
  Time for abstraction:                252.474s (Max:     0.998s, Count: 4223)
    Boolean abstraction:               240.598s
    Solving time:                       14.143s (Max:     0.043s)
    Model enumeration time:             64.860s
    Time for BDD construction:         159.229s (Max:     0.689s)
Time for merge operator:                 0.005s
Time for coverage check:                 3.926s
  Time for BDD entailment checks:        3.840s
Total time for SMT solver (w/o itp):    79.003s

Number of path formula cache hits:   14312 (66%)

Inside post operator:                  
  Inside path formula creation:        
    Time for path formula computation:     0.541s

Total number of created targets for pointer analysis: 0


Number of BDD nodes:                               209358
Size of BDD node table:                            270749
Size of BDD cache:                                 27073
Size of BDD node cleanup queue:                      215861 (count: 810635, min: 0, max: 3498, avg: 0.27)
Time for BDD node cleanup:                             0.149s
Time for BDD garbage collection:                       2.515s (in 954 runs)

PrecisionBootstrap statistics
-----------------------------
Init. function predicates:                         0
Init. global predicates:                           0
Init. location predicates:                         0

Invariant Generation statistics
-------------------------------

AutomatonAnalysis (SVCOMP) statistics
-------------------------------------
Number of states:                                  1
Total time for successor computation:                  0.165s
Automaton transfers with branching:                0
Automaton transfer successors:                        19861 (count: 19861, min: 1, max: 1, avg: 1.00) [1 x 19861]

CPA algorithm statistics
------------------------
Number of iterations:            12073
Max size of waitlist:            31
Average size of waitlist:        10
Number of computed successors:   14209
Max successors for one state:    2
Number of times merged:          3
Number of times stopped:         862
Number of times breaked:         22

Total time for CPA algorithm:       259.428s (Max:   249.081s)
  Time for choose from waitlist:      0.031s
  Time for precision adjustment:    252.841s
  Time for transfer relation:         1.277s
  Time for merge operator:            0.653s
  Time for stop operator:             4.320s
  Time for adding to reached set:     0.075s

Predicate-Abstraction Refiner statistics
----------------------------------------
Number of predicate refinements:                   22
Avg. length of target path (in blocks):                 967 (count: 22, min: 2, max: 122, avg: 43.95)
Number of infeasible sliced prefixes:                     0 (count: 0, min: 0, max: 0, avg: 0.00)

Time for refinement:                                   0.723s
  Counterexample analysis:                             0.599s (Max:     0.184s, Calls: 22)
    Refinement sat check:                              0.191s
    Interpolant computation:                           0.000s
  Path-formulas extraction:                            0.001s
  Error path post-processing:                          0.000s
  Predicate creation:                                  0.051s
  Precision update:                                    0.008s
  ARG update:                                          0.038s

Length of refined path (in blocks):                     644 (count: 22, min: 2, max: 122, avg: 29.27)
Number of affected states:                              622 (count: 22, min: 1, max: 121, avg: 28.27)
Length (states) of path with itp 'true':                  0 (count: 22, min: 0, max: 0, avg: 0.00)
Length (states) of path with itp non-trivial itp:       622 (count: 22, min: 1, max: 121, avg: 28.27)
Length (states) of path with itp 'false':                11 (count: 22, min: 0, max: 1, avg: 0.50)
Different non-trivial interpolants along paths:         201 (count: 22, min: 0, max: 100, avg: 9.14)
Equal non-trivial interpolants along paths:             399 (count: 22, min: 0, max: 99, avg: 18.14)
Number of refs with location-based cutoff:                0

CEGAR algorithm statistics
--------------------------
Number of refinements:                22
Number of successful refinements:     22
Number of failed refinements:         0
Max. size of reached set before ref.: 690
Max. size of reached set after ref.:  11
Avg. size of reached set before ref.: 262.55
Avg. size of reached set after ref.:  11.00

Total time for CEGAR algorithm:     260.268s
Time for refinements:                 0.837s
Average time for refinement:          0.038s
Max time for refinement:              0.197s

Code Coverage
-----------------------------
  Function coverage:      1.000
  Visited lines:          14
  Total lines:            14
  Line coverage:          1.000
  Visited conditions:     14
  Total conditions:       14
  Condition coverage:     1.000

CPAchecker general statistics
-----------------------------
Number of program locations:     43
Number of CFA edges:             49
Number of relevant variables:    7
Number of functions:             2
Number of loops:                 2
Size of reached set:             6583
  Number of reached locations:   27 (63%)
    Avg states per location:     243
    Max states per location:     1060 (at node N28)
  Number of reached functions:   2 (100%)
  Number of partitions:          5419
    Avg size of partitions:      1
    Max size of partitions:      1060 (with key [N32 (before line 18), Function main called from node N9, stack depth 1 [54e1c68b], stack [main]])
  Number of target states:       0

Time for analysis setup:          1.852s
  Time for loading CPAs:          0.493s
  Time for loading parser:        0.505s
  Time for CFA construction:      0.751s
    Time for parsing file(s):     0.322s
    Time for AST to CFA:          0.104s
    Time for CFA sanity check:    0.018s
    Time for post-processing:     0.160s
      Time for var class.:        0.061s
Time for Analysis:              260.268s
CPU time for analysis:          260.250s
Time for analyzing result:        0.005s
Total time for CPAchecker:      262.123s
Total CPU time for CPAchecker:  262.110s
Time for statistics:              0.168s

Time for Garbage Collector:       2.615s (in 1001 runs)
Garbage Collector(s) used:    Copy, MarkSweepCompact
Used heap memory:                 76MB (    72 MiB) max;     52MB (    50 MiB) avg;     80MB (    76 MiB) peak
Used non-heap memory:             35MB (    33 MiB) max;     33MB (    31 MiB) avg;     36MB (    34 MiB) peak
Allocated heap memory:           127MB (   121 MiB) max;    127MB (   121 MiB) avg
Allocated non-heap memory:        38MB (    36 MiB) max;     37MB (    36 MiB) avg
Total process virtual memory:   8282MB (  7899 MiB) max;   8225MB (  7844 MiB) avg

Verification result: TRUE. No property violation found by chosen configuration.
More details about the verification run can be found in the directory "./output".
