scripts/cpa.sh -Dy-MySearchStrategy-PredAbs-ABEl -heap 5600000000 -timelimit 900 -preprocess -stats -noout -setprop cpa.predicate.memoryAllocationsAlwaysSucceed=true -spec ../sv-benchmarks/c/ReachSafety.prp ../sv-benchmarks/c/seq-mthreaded/pals_lcr-var-start-time.6_true-unreach-call.ufo.UNBOUNDED.pals.c


--------------------------------------------------------------------------------


Running CPAchecker with Java heap of size 5600000000.
Running CPAchecker with default stack size (1024k). Specify a larger value with -stack if needed.
Running CPAchecker with the following extra VM options:  -Djava.io.tmpdir=/tmp/BenchExec_run_7vc7t10r/tmp
Using the following resource limits: CPU-time limit of 900s (ResourceLimitChecker.fromConfiguration, INFO)

CPAchecker (unknown version) (OpenJDK 64-Bit Server VM 1.8.0_162) started (CPAchecker.run, INFO)

line 601: Dead code detected: return 0; (CFACreationUtils.addEdgeToCFA, INFO)

MathSAT5 is available for research and evaluation purposes only. It can not be used in a commercial environment, particularly as part of a commercial product, without written permission. MathSAT5 is provided as is, without any warranty. Please write to mathsat@fbk.eu for additional questions regarding licensing MathSAT5 or obtaining more up-to-date versions. (PredicateCPA:JavaSMT:Mathsat5SolverContext.<init>, WARNING)

Using predicate analysis with MathSAT5 version 5.3.14 (0b98b661254c) (Nov 17 2016 10:59:45, gmp 5.1.3, gcc 4.8.5, 64-bit) and JFactory 1.21. (PredicateCPA:PredicateCPA.<init>, INFO)

Using refinement for predicate analysis with PredicateAbstractionRefinementStrategy strategy. (PredicateCPA:PredicateCPARefiner.<init>, INFO)

Starting analysis ... (CPAchecker.runAlgorithm, INFO)

Shutdown requested (The CPU-time limit of 900s has elapsed.), waiting for termination. (ForceTerminationOnShutdown$1.shutdownRequested, WARNING)

Warning: Analysis interrupted (The CPU-time limit of 900s has elapsed.) (ShutdownNotifier.shutdownIfNecessary, WARNING)

PredicateCPA statistics
-----------------------
Number of abstractions:            31 (1% of all post computations)
  Times abstraction was reused:    0
  Because of function entry/exit:  0 (0%)
  Because of loop head:            16 (52%)
  Because of join nodes:           0 (0%)
  Because of threshold:            0 (0%)
  Because of target state:         15 (48%)
  Times precision was empty:       2 (6%)
  Times precision was {false}:     14 (45%)
  Times result was cached:         0 (0%)
  Times cartesian abs was used:    0 (0%)
  Times boolean abs was used:      15 (48%)
  Times result was 'false':        11 (35%)
Number of strengthen sat checks:   0
Number of coverage checks:         2202
  BDD entailment checks:           20
Number of SMT sat checks:          0
  trivial:                         0
  cached:                          0

Max ABE block size:                       137
Number of predicates discovered:          122
Number of abstraction locations:          2
Max number of predicates per location:    121
Avg number of predicates per location:    61
Total predicates per abstraction:         1086
Max number of predicates per abstraction: 121
Avg number of predicates per abstraction: 37.45
Number of irrelevant predicates:          14 (1%)
Number of preds handled by boolean abs:   1072 (99%)
  Total number of models for allsat:      338879
  Max number of models for allsat:        185280
  Avg number of models for allsat:        22591.93

Time for post operator:                  0.635s
  Time for path formula creation:        0.607s
Time for strengthen operator:            0.039s
Time for prec operator:                894.612s
  Time for abstraction:                894.549s (Max:   538.588s, Count: 31)
    Boolean abstraction:               890.299s
    Solving time:                        2.384s (Max:     0.978s)
    Model enumeration time:            565.318s
    Time for BDD construction:         324.212s (Max:    90.798s)
Time for merge operator:                 0.090s
Time for coverage check:                 0.080s
  Time for BDD entailment checks:        0.080s
Total time for SMT solver (w/o itp):   567.703s

Number of path formula cache hits:   4352 (67%)

Inside post operator:                  
  Inside path formula creation:        
    Time for path formula computation:     0.578s

Total number of created targets for pointer analysis: 0


Number of BDD nodes:                               173286
Size of BDD node table:                            270749
Size of BDD cache:                                 27073
Size of BDD node cleanup queue:                      166778 (count: 190415, min: 0, max: 54965, avg: 0.88)
Time for BDD node cleanup:                             0.115s
Time for BDD garbage collection:                      31.666s (in 4402 runs)

PrecisionBootstrap statistics
-----------------------------
Init. function predicates:                         0
Init. global predicates:                           0
Init. location predicates:                         0

Invariant Generation statistics
-------------------------------

AutomatonAnalysis (SVCOMP) statistics
-------------------------------------
Number of states:                                  1
Total time for successor computation:                  0.120s
Automaton transfers with branching:                0
Automaton transfer successors:                         5800 (count: 5800, min: 1, max: 1, avg: 1.00) [1 x 5800]

CPA algorithm statistics
------------------------
Number of iterations:            4112
Max size of waitlist:            42
Average size of waitlist:        3
Number of computed successors:   5218
Max successors for one state:    2
Number of times merged:          1091
Number of times stopped:         1091
Number of times breaked:         4

Total time for CPA algorithm:       896.737s (Max:   853.753s)
  Time for choose from waitlist:      0.022s
  Time for precision adjustment:    894.847s
  Time for transfer relation:         1.183s
  Time for merge operator:            0.231s
  Time for stop operator:             0.134s
  Time for adding to reached set:     0.093s

Predicate-Abstraction Refiner statistics
----------------------------------------
Number of predicate refinements:                   4
Avg. length of target path (in blocks):                  14 (count: 4, min: 2, max: 5, avg: 3.50)
Number of infeasible sliced prefixes:                     0 (count: 0, min: 0, max: 0, avg: 0.00)

Time for refinement:                                   0.406s
  Counterexample analysis:                             0.310s (Max:     0.146s, Calls: 4)
    Refinement sat check:                              0.226s
    Interpolant computation:                           0.000s
  Path-formulas extraction:                            0.000s
  Error path post-processing:                          0.000s
  Predicate creation:                                  0.043s
  Precision update:                                    0.004s
  ARG update:                                          0.032s

Length of refined path (in blocks):                      14 (count: 4, min: 2, max: 5, avg: 3.50)
Number of affected states:                               10 (count: 4, min: 1, max: 4, avg: 2.50)
Length (states) of path with itp 'true':                  0 (count: 4, min: 0, max: 0, avg: 0.00)
Length (states) of path with itp non-trivial itp:        10 (count: 4, min: 1, max: 4, avg: 2.50)
Length (states) of path with itp 'false':                 0 (count: 4, min: 0, max: 0, avg: 0.00)
Different non-trivial interpolants along paths:           6 (count: 4, min: 0, max: 3, avg: 1.50)
Equal non-trivial interpolants along paths:               0 (count: 4, min: 0, max: 0, avg: 0.00)
Number of refs with location-based cutoff:                0

CEGAR algorithm statistics
--------------------------
Number of refinements:                4
Number of successful refinements:     4
Number of failed refinements:         0
Max. size of reached set before ref.: 1226
Max. size of reached set after ref.:  175
Avg. size of reached set before ref.: 831.50
Avg. size of reached set after ref.:  175.00

Total time for CEGAR algorithm:     897.205s
Time for refinements:                 0.467s
Average time for refinement:          0.116s
Max time for refinement:              0.181s

Code Coverage
-----------------------------
  Function coverage:      1.000
  Visited lines:          336
  Total lines:            336
  Line coverage:          1.000
  Visited conditions:     226
  Total conditions:       226
  Condition coverage:     1.000

CPAchecker general statistics
-----------------------------
Number of program locations:     587
Number of CFA edges:             699
Number of relevant variables:    72
Number of functions:             10
Number of loops:                 1
Size of reached set:             1490
  Number of reached locations:   438 (75%)
    Avg states per location:     3
    Max states per location:     5 (at node N0)
  Number of reached functions:   10 (100%)
  Number of partitions:          1486
    Avg size of partitions:      1
    Max size of partitions:      5 (with key [N502 (before lines 576-599), Function main called from node N451, stack depth 1 [6736fa8d], stack [main]])
  Number of target states:       0
  Size of final wait list        1

Time for analysis setup:          3.124s
  Time for loading CPAs:          0.827s
  Time for loading parser:        0.764s
  Time for CFA construction:      1.343s
    Time for parsing file(s):     0.436s
    Time for AST to CFA:          0.327s
    Time for CFA sanity check:    0.095s
    Time for post-processing:     0.333s
      Time for var class.:        0.193s
Time for Analysis:              897.205s
CPU time for analysis:          897.150s
Total time for CPAchecker:      900.334s
Total CPU time for CPAchecker:  900.280s
Time for statistics:              0.130s

Time for Garbage Collector:       2.037s (in 900 runs)
Garbage Collector(s) used:    Copy, MarkSweepCompact
Used heap memory:                124MB (   118 MiB) max;     85MB (    81 MiB) avg;    127MB (   121 MiB) peak
Used non-heap memory:             34MB (    32 MiB) max;     33MB (    31 MiB) avg;     35MB (    33 MiB) peak
Allocated heap memory:           127MB (   121 MiB) max;    127MB (   121 MiB) avg
Allocated non-heap memory:        36MB (    35 MiB) max;     36MB (    35 MiB) avg
Total process virtual memory:   8404MB (  8015 MiB) max;   8270MB (  7887 MiB) avg

Verification result: UNKNOWN, incomplete analysis.
More details about the verification run can be found in the directory "./output".
