scripts/cpa.sh -Dy-MySearchStrategy-PredAbs-ABElf -heap 5600000000 -timelimit 900 -preprocess -stats -noout -setprop cpa.predicate.memoryAllocationsAlwaysSucceed=true -spec ../sv-benchmarks/c/ReachSafety.prp ../sv-benchmarks/c/ssh-simplified/s3_srvr_7_true-unreach-call_false-termination.cil.c


--------------------------------------------------------------------------------


Running CPAchecker with Java heap of size 5600000000.
Running CPAchecker with default stack size (1024k). Specify a larger value with -stack if needed.
Running CPAchecker with the following extra VM options:  -Djava.io.tmpdir=/tmp/BenchExec_run_4t3fbmnu/tmp
Using the following resource limits: CPU-time limit of 900s (ResourceLimitChecker.fromConfiguration, INFO)

CPAchecker (unknown version) (OpenJDK 64-Bit Server VM 1.8.0_151) started (CPAchecker.run, INFO)

MathSAT5 is available for research and evaluation purposes only. It can not be used in a commercial environment, particularly as part of a commercial product, without written permission. MathSAT5 is provided as is, without any warranty. Please write to mathsat@fbk.eu for additional questions regarding licensing MathSAT5 or obtaining more up-to-date versions. (PredicateCPA:JavaSMT:Mathsat5SolverContext.<init>, WARNING)

Using predicate analysis with MathSAT5 version 5.3.14 (0b98b661254c) (Nov 17 2016 10:59:45, gmp 5.1.3, gcc 4.8.5, 64-bit) and JFactory 1.21. (PredicateCPA:PredicateCPA.<init>, INFO)

Using refinement for predicate analysis with PredicateAbstractionRefinementStrategy strategy. (PredicateCPA:PredicateCPARefiner.<init>, INFO)

Starting analysis ... (CPAchecker.runAlgorithm, INFO)

Stopping analysis ... (CPAchecker.runAlgorithm, INFO)

PredicateCPA statistics
-----------------------
Number of abstractions:            294 (1% of all post computations)
  Times abstraction was reused:    0
  Because of function entry/exit:  103 (35%)
  Because of loop head:            96 (33%)
  Because of join nodes:           0 (0%)
  Because of threshold:            0 (0%)
  Because of target state:         95 (32%)
  Times precision was empty:       99 (34%)
  Times precision was {false}:     94 (32%)
  Times result was cached:         3 (1%)
  Times cartesian abs was used:    0 (0%)
  Times boolean abs was used:      98 (33%)
  Times result was 'false':        89 (30%)
Number of strengthen sat checks:   0
Number of coverage checks:         19818
  BDD entailment checks:           2186
Number of SMT sat checks:          0
  trivial:                         0
  cached:                          0

Max ABE block size:                       73
Number of predicates discovered:          154
Number of abstraction locations:          3
Max number of predicates per location:    142
Avg number of predicates per location:    51
Total predicates per abstraction:         10671
Max number of predicates per abstraction: 142
Avg number of predicates per abstraction: 55.58
Number of irrelevant predicates:          141 (1%)
Number of preds handled by boolean abs:   10497 (98%)
  Total number of models for allsat:      27780
  Max number of models for allsat:        4992
  Avg number of models for allsat:        283.47

Time for post operator:                  2.049s
  Time for path formula creation:        1.939s
Time for strengthen operator:            0.138s
Time for prec operator:                 38.634s
  Time for abstraction:                 38.473s (Max:     4.422s, Count: 294)
    Boolean abstraction:                34.962s
    Solving time:                        3.093s (Max:     0.057s)
    Model enumeration time:             14.686s
    Time for BDD construction:          17.547s (Max:     3.082s)
Time for merge operator:                 0.539s
Time for coverage check:                 0.101s
  Time for BDD entailment checks:        0.096s
Total time for SMT solver (w/o itp):    17.779s

Number of path formula cache hits:   18350 (36%)

Inside post operator:                  
  Inside path formula creation:        
    Time for path formula computation:     1.858s

Total number of created targets for pointer analysis: 0


Number of BDD nodes:                               238005
Size of BDD node table:                            270749
Size of BDD cache:                                 27073
Size of BDD node cleanup queue:                      127100 (count: 54519, min: 0, max: 13105, avg: 2.33)
Time for BDD node cleanup:                             0.032s
Time for BDD garbage collection:                       0.799s (in 274 runs)

PrecisionBootstrap statistics
-----------------------------
Init. function predicates:                         0
Init. global predicates:                           0
Init. location predicates:                         0

Invariant Generation statistics
-------------------------------

AutomatonAnalysis (SVCOMP) statistics
-------------------------------------
Number of states:                                  1
Total time for successor computation:                  0.290s
Automaton transfers with branching:                0
Automaton transfer successors:                        47519 (count: 47519, min: 1, max: 1, avg: 1.00) [1 x 47519]

CPA algorithm statistics
------------------------
Number of iterations:            33389
Max size of waitlist:            38
Average size of waitlist:        20
Number of computed successors:   42509
Max successors for one state:    2
Number of times merged:          8816
Number of times stopped:         8906
Number of times breaked:         6

Total time for CPA algorithm:        44.649s (Max:    36.142s)
  Time for choose from waitlist:      0.089s
  Time for precision adjustment:     39.261s
  Time for transfer relation:         3.467s
  Time for merge operator:            0.949s
  Time for stop operator:             0.287s
  Time for adding to reached set:     0.153s

Predicate-Abstraction Refiner statistics
----------------------------------------
Number of predicate refinements:                   6
Avg. length of target path (in blocks):                  44 (count: 6, min: 3, max: 17, avg: 7.33)
Number of infeasible sliced prefixes:                     0 (count: 0, min: 0, max: 0, avg: 0.00)

Time for refinement:                                   2.839s
  Counterexample analysis:                             2.613s (Max:     2.153s, Calls: 6)
    Refinement sat check:                              1.408s
    Interpolant computation:                           0.000s
  Path-formulas extraction:                            0.000s
  Error path post-processing:                          0.000s
  Predicate creation:                                  0.108s
  Precision update:                                    0.008s
  ARG update:                                          0.093s

Length of refined path (in blocks):                      44 (count: 6, min: 3, max: 17, avg: 7.33)
Number of affected states:                               38 (count: 6, min: 2, max: 16, avg: 6.33)
Length (states) of path with itp 'true':                  0 (count: 6, min: 0, max: 0, avg: 0.00)
Length (states) of path with itp non-trivial itp:        38 (count: 6, min: 2, max: 16, avg: 6.33)
Length (states) of path with itp 'false':                 0 (count: 6, min: 0, max: 0, avg: 0.00)
Different non-trivial interpolants along paths:          32 (count: 6, min: 1, max: 15, avg: 5.33)
Equal non-trivial interpolants along paths:               0 (count: 6, min: 0, max: 0, avg: 0.00)
Number of refs with location-based cutoff:                0

CEGAR algorithm statistics
--------------------------
Number of refinements:                6
Number of successful refinements:     6
Number of failed refinements:         0
Max. size of reached set before ref.: 5285
Max. size of reached set after ref.:  3
Avg. size of reached set before ref.: 1795.33
Avg. size of reached set after ref.:  3.00

Total time for CEGAR algorithm:      47.553s
Time for refinements:                 2.903s
Average time for refinement:          0.483s
Max time for refinement:              2.279s

Code Coverage
-----------------------------
  Function coverage:      1.000
  Visited lines:          426
  Total lines:            428
  Line coverage:          0.995
  Visited conditions:     202
  Total conditions:       202
  Condition coverage:     1.000

CPAchecker general statistics
-----------------------------
Number of program locations:     533
Number of CFA edges:             633
Number of relevant variables:    46
Number of functions:             2
Number of loops:                 1
Size of reached set:             22761
  Number of reached locations:   378 (71%)
    Avg states per location:     60
    Max states per location:     64 (at node N0)
  Number of reached functions:   2 (100%)
  Number of partitions:          22699
    Avg size of partitions:      1
    Max size of partitions:      63 (with key [N114 (before lines 99-614), Function ssl3_accept called from node N658, stack depth 2 [258227dd], stack [main, ssl3_accept]])
  Number of target states:       0

Time for analysis setup:          3.227s
  Time for loading CPAs:          0.775s
  Time for loading parser:        0.803s
  Time for CFA construction:      1.469s
    Time for parsing file(s):     0.470s
    Time for AST to CFA:          0.420s
    Time for CFA sanity check:    0.101s
    Time for post-processing:     0.327s
      Time for var class.:        0.110s
Time for Analysis:               47.553s
CPU time for analysis:           47.550s
Time for analyzing result:        0.018s
Total time for CPAchecker:       50.788s
Total CPU time for CPAchecker:   50.780s
Time for statistics:              0.443s

Time for Garbage Collector:       0.753s (in 81 runs)
Garbage Collector(s) used:    Copy, MarkSweepCompact
Used heap memory:                 84MB (    80 MiB) max;     50MB (    48 MiB) avg;     90MB (    86 MiB) peak
Used non-heap memory:             35MB (    34 MiB) max;     33MB (    32 MiB) avg;     36MB (    35 MiB) peak
Allocated heap memory:           127MB (   121 MiB) max;    127MB (   121 MiB) avg
Allocated non-heap memory:        38MB (    36 MiB) max;     37MB (    35 MiB) avg
Total process virtual memory:   8095MB (  7720 MiB) max;   8079MB (  7704 MiB) avg

Verification result: TRUE. No property violation found by chosen configuration.
More details about the verification run can be found in the directory "./output".
