scripts/cpa.sh -Dy-MySearchStrategy-PredAbs-ABEl -heap 5600000000 -timelimit 30 -preprocess -stats -noout -setprop cpa.predicate.memoryAllocationsAlwaysSucceed=true -spec ../sv-benchmarks/c/ReachSafety.prp ../sv-benchmarks/c/ldv-linux-4.0-rc1-mav/linux-4.0-rc1---drivers--net--ethernet--icplus--ipg.ko_true-unreach-call.cil.c


--------------------------------------------------------------------------------


Running CPAchecker with Java heap of size 5600000000.
Running CPAchecker with default stack size (1024k). Specify a larger value with -stack if needed.
Running CPAchecker with the following extra VM options:  -Djava.io.tmpdir=/tmp/BenchExec_run_8erqzbny/tmp
Using the following resource limits: CPU-time limit of 30s (ResourceLimitChecker.fromConfiguration, INFO)

CPAchecker (unknown version) (OpenJDK 64-Bit Server VM 1.8.0_162) started (CPAchecker.run, INFO)

line 7416: Dead code detected: __ms = 5UL; (CFACreationUtils.addEdgeToCFA, INFO)

line 7439: Dead code detected: __ms___0 = 5UL; (CFACreationUtils.addEdgeToCFA, INFO)

Dead code detected: Label switch_break is not reachable. (CFAFunctionBuilder.leave, INFO)

line 9839: Dead code detected: return (arg0); (CFACreationUtils.addEdgeToCFA, INFO)

line 9859: Dead code detected: return (arg0); (CFACreationUtils.addEdgeToCFA, INFO)

line 9862: Dead code detected: return (arg0); (CFACreationUtils.addEdgeToCFA, INFO)

line 9864: Dead code detected: return (arg0); (CFACreationUtils.addEdgeToCFA, INFO)

line 10165: Dead code detected: return; (CFACreationUtils.addEdgeToCFA, INFO)

line 10190: Dead code detected: return; (CFACreationUtils.addEdgeToCFA, INFO)

line 10203: Dead code detected: return; (CFACreationUtils.addEdgeToCFA, INFO)

line 10278: Dead code detected: return; (CFACreationUtils.addEdgeToCFA, INFO)

line 10314: Dead code detected: return; (CFACreationUtils.addEdgeToCFA, INFO)

line 10392: Dead code detected: goto ldv_call_1; (CFACreationUtils.addEdgeToCFA, INFO)

line 10399: Dead code detected: goto ldv_call_1; (CFACreationUtils.addEdgeToCFA, INFO)

line 10400: Dead code detected: goto ldv_call_1; (CFACreationUtils.addEdgeToCFA, INFO)

line 10406: Dead code detected: goto ldv_call_1; (CFACreationUtils.addEdgeToCFA, INFO)

line 10407: Dead code detected: goto ldv_call_1; (CFACreationUtils.addEdgeToCFA, INFO)

line 10408: Dead code detected: goto ldv_call_1; (CFACreationUtils.addEdgeToCFA, INFO)

line 10415: Dead code detected: goto ldv_call_1; (CFACreationUtils.addEdgeToCFA, INFO)

line 10416: Dead code detected: goto ldv_call_1; (CFACreationUtils.addEdgeToCFA, INFO)

line 10417: Dead code detected: goto ldv_call_1; (CFACreationUtils.addEdgeToCFA, INFO)

line 10418: Dead code detected: goto ldv_call_1; (CFACreationUtils.addEdgeToCFA, INFO)

line 10424: Dead code detected: goto ldv_call_1; (CFACreationUtils.addEdgeToCFA, INFO)

line 10425: Dead code detected: goto ldv_call_1; (CFACreationUtils.addEdgeToCFA, INFO)

line 10426: Dead code detected: goto ldv_call_1; (CFACreationUtils.addEdgeToCFA, INFO)

line 10427: Dead code detected: goto ldv_call_1; (CFACreationUtils.addEdgeToCFA, INFO)

line 10428: Dead code detected: goto ldv_call_1; (CFACreationUtils.addEdgeToCFA, INFO)

line 10435: Dead code detected: goto ldv_call_1; (CFACreationUtils.addEdgeToCFA, INFO)

line 10436: Dead code detected: goto ldv_call_1; (CFACreationUtils.addEdgeToCFA, INFO)

line 10437: Dead code detected: goto ldv_call_1; (CFACreationUtils.addEdgeToCFA, INFO)

line 10438: Dead code detected: goto ldv_call_1; (CFACreationUtils.addEdgeToCFA, INFO)

line 10439: Dead code detected: goto ldv_call_1; (CFACreationUtils.addEdgeToCFA, INFO)

line 10440: Dead code detected: goto ldv_call_1; (CFACreationUtils.addEdgeToCFA, INFO)

line 10446: Dead code detected: goto ldv_call_1; (CFACreationUtils.addEdgeToCFA, INFO)

line 10447: Dead code detected: goto ldv_call_1; (CFACreationUtils.addEdgeToCFA, INFO)

line 10448: Dead code detected: goto ldv_call_1; (CFACreationUtils.addEdgeToCFA, INFO)

line 10449: Dead code detected: goto ldv_call_1; (CFACreationUtils.addEdgeToCFA, INFO)

line 10450: Dead code detected: goto ldv_call_1; (CFACreationUtils.addEdgeToCFA, INFO)

line 10451: Dead code detected: goto ldv_call_1; (CFACreationUtils.addEdgeToCFA, INFO)

line 10452: Dead code detected: goto ldv_call_1; (CFACreationUtils.addEdgeToCFA, INFO)

line 10460: Dead code detected: goto ldv_call_1; (CFACreationUtils.addEdgeToCFA, INFO)

line 10461: Dead code detected: goto ldv_call_1; (CFACreationUtils.addEdgeToCFA, INFO)

line 10462: Dead code detected: goto ldv_call_1; (CFACreationUtils.addEdgeToCFA, INFO)

line 10463: Dead code detected: goto ldv_call_1; (CFACreationUtils.addEdgeToCFA, INFO)

line 10464: Dead code detected: goto ldv_call_1; (CFACreationUtils.addEdgeToCFA, INFO)

line 10465: Dead code detected: goto ldv_call_1; (CFACreationUtils.addEdgeToCFA, INFO)

line 10466: Dead code detected: goto ldv_call_1; (CFACreationUtils.addEdgeToCFA, INFO)

line 10467: Dead code detected: goto ldv_call_1; (CFACreationUtils.addEdgeToCFA, INFO)

line 10474: Dead code detected: goto ldv_call_1; (CFACreationUtils.addEdgeToCFA, INFO)

line 10475: Dead code detected: goto ldv_call_1; (CFACreationUtils.addEdgeToCFA, INFO)

line 10476: Dead code detected: goto ldv_call_1; (CFACreationUtils.addEdgeToCFA, INFO)

line 10477: Dead code detected: goto ldv_call_1; (CFACreationUtils.addEdgeToCFA, INFO)

line 10478: Dead code detected: goto ldv_call_1; (CFACreationUtils.addEdgeToCFA, INFO)

line 10479: Dead code detected: goto ldv_call_1; (CFACreationUtils.addEdgeToCFA, INFO)

line 10480: Dead code detected: goto ldv_call_1; (CFACreationUtils.addEdgeToCFA, INFO)

line 10481: Dead code detected: goto ldv_call_1; (CFACreationUtils.addEdgeToCFA, INFO)

line 10482: Dead code detected: goto ldv_call_1; (CFACreationUtils.addEdgeToCFA, INFO)

line 10489: Dead code detected: goto ldv_call_1; (CFACreationUtils.addEdgeToCFA, INFO)

line 10490: Dead code detected: goto ldv_call_1; (CFACreationUtils.addEdgeToCFA, INFO)

line 10491: Dead code detected: goto ldv_call_1; (CFACreationUtils.addEdgeToCFA, INFO)

line 10492: Dead code detected: goto ldv_call_1; (CFACreationUtils.addEdgeToCFA, INFO)

line 10493: Dead code detected: goto ldv_call_1; (CFACreationUtils.addEdgeToCFA, INFO)

line 10494: Dead code detected: goto ldv_call_1; (CFACreationUtils.addEdgeToCFA, INFO)

line 10495: Dead code detected: goto ldv_call_1; (CFACreationUtils.addEdgeToCFA, INFO)

line 10496: Dead code detected: goto ldv_call_1; (CFACreationUtils.addEdgeToCFA, INFO)

line 10497: Dead code detected: goto ldv_call_1; (CFACreationUtils.addEdgeToCFA, INFO)

line 10498: Dead code detected: goto ldv_call_1; (CFACreationUtils.addEdgeToCFA, INFO)

line 10622: Dead code detected: return; (CFACreationUtils.addEdgeToCFA, INFO)

line 10653: Dead code detected: return; (CFACreationUtils.addEdgeToCFA, INFO)

line 10748: Dead code detected: return; (CFACreationUtils.addEdgeToCFA, INFO)

line 10788: Dead code detected: return (arg0); (CFACreationUtils.addEdgeToCFA, INFO)

line 10789: Dead code detected: return (arg0); (CFACreationUtils.addEdgeToCFA, INFO)

line 10833: Dead code detected: return (arg0); (CFACreationUtils.addEdgeToCFA, INFO)

line 10846: Dead code detected: return; (CFACreationUtils.addEdgeToCFA, INFO)

line 10889: Dead code detected: return; (CFACreationUtils.addEdgeToCFA, INFO)

line 10904: Dead code detected: return; (CFACreationUtils.addEdgeToCFA, INFO)

line 10995: Dead code detected: return (ldv_func_res); (CFACreationUtils.addEdgeToCFA, INFO)

line 11172: Dead code detected: return (ldv_func_res); (CFACreationUtils.addEdgeToCFA, INFO)

line 11188: Dead code detected: return (ldv_func_res); (CFACreationUtils.addEdgeToCFA, INFO)

line 11218: Dead code detected: return (ldv_func_res); (CFACreationUtils.addEdgeToCFA, INFO)

Inline assembler ignored, analysis is probably unsound! (CFABuilder.createCFA, WARNING)

line 6704: Function pointer *(ops->alloc) with type void *(*)(struct device *, size_t , dma_addr_t *, gfp_t , struct dma_attrs *) is called, but no possible target functions were found. (CFunctionPointerResolver.replaceFunctionPointerCall, WARNING)

line 6744: Function pointer *(ops->free) with type void (*)(struct device *, size_t , void *, dma_addr_t , struct dma_attrs *) is called, but no possible target functions were found. (CFunctionPointerResolver.replaceFunctionPointerCall, WARNING)

lines 6578-6579: Function pointer *(ops->map_page) with type dma_addr_t (*)(struct device *, struct page *, unsigned long, size_t , enum dma_data_direction , struct dma_attrs *) is called, but no possible target functions were found. (CFunctionPointerResolver.replaceFunctionPointerCall, WARNING)

line 6617: Function pointer *(ops->unmap_page) with type void (*)(struct device *, dma_addr_t , size_t , enum dma_data_direction , struct dma_attrs *) is called, but no possible target functions were found. (CFunctionPointerResolver.replaceFunctionPointerCall, WARNING)

line 10539: Function pointer *arg0 with type int (*)(struct pci_dev *) is called, but no possible target functions were found. (CFunctionPointerResolver.replaceFunctionPointerCall, WARNING)

line 10550: Function pointer *arg0 with type int (*)(struct pci_dev *) is called, but no possible target functions were found. (CFunctionPointerResolver.replaceFunctionPointerCall, WARNING)

line 10573: Function pointer *arg0 with type int (*)(struct pci_dev *, struct pm_message ) is called, but no possible target functions were found. (CFunctionPointerResolver.replaceFunctionPointerCall, WARNING)

line 10585: Function pointer *arg0 with type int (*)(struct pci_dev *, struct pm_message ) is called, but no possible target functions were found. (CFunctionPointerResolver.replaceFunctionPointerCall, WARNING)

line 10855: Function pointer *arg0 with type void (*)(unsigned long) is called, but no possible target functions were found. (CFunctionPointerResolver.replaceFunctionPointerCall, WARNING)

MathSAT5 is available for research and evaluation purposes only. It can not be used in a commercial environment, particularly as part of a commercial product, without written permission. MathSAT5 is provided as is, without any warranty. Please write to mathsat@fbk.eu for additional questions regarding licensing MathSAT5 or obtaining more up-to-date versions. (PredicateCPA:JavaSMT:Mathsat5SolverContext.<init>, WARNING)

Using predicate analysis with MathSAT5 version 5.3.14 (0b98b661254c) (Nov 17 2016 10:59:45, gmp 5.1.3, gcc 4.8.5, 64-bit) and JFactory 1.21. (PredicateCPA:PredicateCPA.<init>, INFO)

Using refinement for predicate analysis with PredicateAbstractionRefinementStrategy strategy. (PredicateCPA:PredicateCPARefiner.<init>, INFO)

Starting analysis ... (CPAchecker.runAlgorithm, INFO)

Assuming external function __pci_register_driver to be a pure function. (PredicateCPA:ExpressionToFormulaVisitor.visit, INFO)

line 10618: Destroying the void* pointer ldv_xmalloc::tmp produces garbage or the memory pointed by it is unused: tmp___0 = ldv_xmalloc(32UL); (PredicateCPA:DynamicMemoryHandler.handleDeferredAllocationInFunctionExit, WARNING)

line 9978: Destroying the void* pointer ldv_xmalloc::tmp produces garbage or the memory pointed by it is unused: tmp = ldv_xmalloc(4UL); (PredicateCPA:DynamicMemoryHandler.handleDeferredAllocationInFunctionExit, WARNING)

line 10855: Ignoring call via function pointer ldv_timer_instance_callback_3_2::arg0 for which no suitable target was found in line: (*arg0)(arg1); (FunctionPointerCPA:FunctionPointerTransferRelation.getAbstractSuccessorsForEdge, WARNING)

line 10855: Ignoring function call through function pointer *arg0: (*arg0)(arg1); (PredicateCPA:ExpressionToFormulaVisitor.visit, WARNING)

Assuming external function pci_unregister_driver to be a pure function. (PredicateCPA:ExpressionToFormulaVisitor.visit, INFO)

Assuming external function ldv_pre_probe to be a constant function. (PredicateCPA:ExpressionToFormulaVisitor.visit, INFO)

Assuming external function pci_enable_device to be a pure function. (PredicateCPA:ExpressionToFormulaVisitor.visit, INFO)

Assuming external function pci_set_master to be a pure function. (PredicateCPA:ExpressionToFormulaVisitor.visit, INFO)

Assuming external function dma_set_mask to be a pure function. (PredicateCPA:ExpressionToFormulaVisitor.visit, INFO)

Assuming external function __raw_spin_lock_init to be a pure function. (PredicateCPA:ExpressionToFormulaVisitor.visit, INFO)

Assuming external function __mutex_init to be a pure function. (PredicateCPA:ExpressionToFormulaVisitor.visit, INFO)

Assuming external function pci_request_regions to be a pure function. (PredicateCPA:ExpressionToFormulaVisitor.visit, INFO)

Assuming external function pci_iomap to be a pure function. (PredicateCPA:ExpressionToFormulaVisitor.visit, INFO)

Assuming external function __init_work to be a pure function. (PredicateCPA:ExpressionToFormulaVisitor.visit, INFO)

Assuming external function lockdep_init_map to be a pure function. (PredicateCPA:ExpressionToFormulaVisitor.visit, INFO)

Assuming external function init_timer_key to be a pure function. (PredicateCPA:ExpressionToFormulaVisitor.visit, INFO)

Assuming external function iowrite16 to be a pure function. (PredicateCPA:ExpressionToFormulaVisitor.visit, INFO)

Assuming external function pci_release_regions to be a pure function. (PredicateCPA:ExpressionToFormulaVisitor.visit, INFO)

Assuming external function free_netdev to be a pure function. (PredicateCPA:ExpressionToFormulaVisitor.visit, INFO)

Assuming external function pci_disable_device to be a pure function. (PredicateCPA:ExpressionToFormulaVisitor.visit, INFO)

Assuming external function iowrite32 to be a pure function. (PredicateCPA:ExpressionToFormulaVisitor.visit, INFO)

Assuming external function __const_udelay to be a pure function. (PredicateCPA:ExpressionToFormulaVisitor.visit, INFO)

Assuming external function ioread16 to be a pure function. (PredicateCPA:ExpressionToFormulaVisitor.visit, INFO)

Assuming external function ioread32 to be a pure function. (PredicateCPA:ExpressionToFormulaVisitor.visit, INFO)

Assuming external function iowrite8 to be a pure function. (PredicateCPA:ExpressionToFormulaVisitor.visit, INFO)

Assuming external function request_threaded_irq to be a pure function. (PredicateCPA:ExpressionToFormulaVisitor.visit, INFO)

Assuming external function _raw_spin_lock to be a pure function. (PredicateCPA:ExpressionToFormulaVisitor.visit, INFO)

Assuming external function ioread8 to be a pure function. (PredicateCPA:ExpressionToFormulaVisitor.visit, INFO)

Assuming external function netdev_info to be a pure function. (PredicateCPA:ExpressionToFormulaVisitor.visit, INFO)

Assuming external function _raw_spin_unlock to be a pure function. (PredicateCPA:ExpressionToFormulaVisitor.visit, INFO)

line 10225: Ignoring call via function pointer ldv_interrupt_instance_thread_0_3::arg0 for which no suitable target was found in line: (*arg0)(arg1, arg2); (FunctionPointerCPA:FunctionPointerTransferRelation.getAbstractSuccessorsForEdge, WARNING)

line 10225: Ignoring function call through function pointer *arg0: (*arg0)(arg1, arg2); (PredicateCPA:ExpressionToFormulaVisitor.visit, WARNING)

line 6704: Ignoring function call through function pointer *(ops->alloc): memory = (*(ops->alloc))(dev, size, dma_handle, tmp___1, attrs); (PredicateCPA:ExpressionToFormulaVisitor.visit, WARNING)

Assuming external function debug_dma_alloc_coherent to be a pure function. (PredicateCPA:ExpressionToFormulaVisitor.visit, INFO)

line 6313: Return type of function __builtin_unreachable is void, but result is used as type int: __builtin_unreachable(); (PredicateCPA:CtoFormulaConverter.getReturnType, WARNING)

Assuming external function __builtin_unreachable to be a constant function. (PredicateCPA:ExpressionToFormulaVisitor.visit, INFO)

Assuming external function warn_slowpath_null to be a pure function. (PredicateCPA:ExpressionToFormulaVisitor.visit, INFO)

Assuming external function debug_dma_free_coherent to be a pure function. (PredicateCPA:ExpressionToFormulaVisitor.visit, INFO)

line 6744: Ignoring function call through function pointer *(ops->free): (*(ops->free))(dev, size, vaddr, bus, attrs); (PredicateCPA:ExpressionToFormulaVisitor.visit, WARNING)

Assuming external function free_irq to be a pure function. (PredicateCPA:ExpressionToFormulaVisitor.visit, INFO)

Assuming external function pci_iounmap to be a pure function. (PredicateCPA:ExpressionToFormulaVisitor.visit, INFO)

line 10561: Ignoring call via function pointer ldv_pci_instance_shutdown_2_3::arg0 for which no suitable target was found in line: (*arg0)(arg1); (FunctionPointerCPA:FunctionPointerTransferRelation.getAbstractSuccessorsForEdge, WARNING)

line 10561: Ignoring function call through function pointer *arg0: (*arg0)(arg1); (PredicateCPA:ExpressionToFormulaVisitor.visit, WARNING)

Assuming external function unregister_netdev to be a pure function. (PredicateCPA:ExpressionToFormulaVisitor.visit, INFO)

line 10573: Ignoring call via function pointer ldv_pci_instance_suspend_2_8::arg0 for which no suitable target was found in line: tmp = (*arg0)(arg1, arg2); (FunctionPointerCPA:FunctionPointerTransferRelation.getAbstractSuccessorsForEdge, WARNING)

line 10573: Ignoring function call through function pointer *arg0: tmp = (*arg0)(arg1, arg2); (PredicateCPA:ExpressionToFormulaVisitor.visit, WARNING)

line 10585: Ignoring call via function pointer ldv_pci_instance_suspend_late_2_7::arg0 for which no suitable target was found in line: tmp = (*arg0)(arg1, arg2); (FunctionPointerCPA:FunctionPointerTransferRelation.getAbstractSuccessorsForEdge, WARNING)

line 10585: Ignoring function call through function pointer *arg0: tmp = (*arg0)(arg1, arg2); (PredicateCPA:ExpressionToFormulaVisitor.visit, WARNING)

line 10550: Ignoring call via function pointer ldv_pci_instance_resume_early_2_6::arg0 for which no suitable target was found in line: (*arg0)(arg1); (FunctionPointerCPA:FunctionPointerTransferRelation.getAbstractSuccessorsForEdge, WARNING)

line 10550: Ignoring function call through function pointer *arg0: (*arg0)(arg1); (PredicateCPA:ExpressionToFormulaVisitor.visit, WARNING)

line 10539: Ignoring call via function pointer ldv_pci_instance_resume_2_5::arg0 for which no suitable target was found in line: (*arg0)(arg1); (FunctionPointerCPA:FunctionPointerTransferRelation.getAbstractSuccessorsForEdge, WARNING)

line 10539: Ignoring function call through function pointer *arg0: (*arg0)(arg1); (PredicateCPA:ExpressionToFormulaVisitor.visit, WARNING)

line 6607: Return type of function __builtin_unreachable is void, but result is used as type int: __builtin_unreachable(); (PredicateCPA:CtoFormulaConverter.getReturnType, WARNING)

line 6617: Ignoring function call through function pointer *(ops->unmap_page): (*(ops->unmap_page))(dev, addr, size, dir, attrs); (PredicateCPA:ExpressionToFormulaVisitor.visit, WARNING)

Assuming external function debug_dma_unmap_page to be a pure function. (PredicateCPA:ExpressionToFormulaVisitor.visit, INFO)

Assuming external function __dev_kfree_skb_irq to be a pure function. (PredicateCPA:ExpressionToFormulaVisitor.visit, INFO)

Assuming external function __memcpy to be a pure function. (PredicateCPA:ExpressionToFormulaVisitor.visit, INFO)

Assuming external function netif_rx to be a pure function. (PredicateCPA:ExpressionToFormulaVisitor.visit, INFO)

Assuming external function skb_put to be a pure function. (PredicateCPA:ExpressionToFormulaVisitor.visit, INFO)

Assuming external function netif_tx_wake_queue to be a pure function. (PredicateCPA:ExpressionToFormulaVisitor.visit, INFO)

Assuming external function external_allocated_data to be a constant function. (PredicateCPA:ExpressionToFormulaVisitor.visit, INFO)

line 6571: Return type of function __builtin_unreachable is void, but result is used as type int: __builtin_unreachable(); (PredicateCPA:CtoFormulaConverter.getReturnType, WARNING)

Assuming external function debug_dma_map_page to be a pure function. (PredicateCPA:ExpressionToFormulaVisitor.visit, INFO)

Assuming external function netdev_err to be a pure function. (PredicateCPA:ExpressionToFormulaVisitor.visit, INFO)

Shutdown requested (The CPU-time limit of 30s has elapsed.), waiting for termination. (ForceTerminationOnShutdown$1.shutdownRequested, WARNING)

Warning: Analysis interrupted (The CPU-time limit of 30s has elapsed.) (ShutdownNotifier.shutdownIfNecessary, WARNING)

PredicateCPA statistics
-----------------------
Number of abstractions:            1889 (4% of all post computations)
  Times abstraction was reused:    0
  Because of function entry/exit:  0 (0%)
  Because of loop head:            1244 (66%)
  Because of join nodes:           0 (0%)
  Because of threshold:            0 (0%)
  Because of target state:         645 (34%)
  Times precision was empty:       1024 (54%)
  Times precision was {false}:     507 (27%)
  Times result was cached:         57 (3%)
  Times cartesian abs was used:    0 (0%)
  Times boolean abs was used:      301 (16%)
  Times result was 'false':        657 (35%)
Number of strengthen sat checks:   0
Number of coverage checks:         3682
  BDD entailment checks:           784
Number of SMT sat checks:          0
  trivial:                         0
  cached:                          0

Max ABE block size:                       587
Number of predicates discovered:          39
Number of abstraction locations:          38
Max number of predicates per location:    24
Avg number of predicates per location:    2
Total predicates per abstraction:         2918
Max number of predicates per abstraction: 24
Avg number of predicates per abstraction: 3.61
Number of irrelevant predicates:          732 (25%)
Number of preds handled by boolean abs:   2186 (75%)
  Total number of models for allsat:      695
  Max number of models for allsat:        11
  Avg number of models for allsat:        2.31

Time for post operator:                  4.210s
  Time for path formula creation:        4.124s
Time for strengthen operator:            0.119s
Time for prec operator:                  6.853s
  Time for abstraction:                  6.610s (Max:     0.148s, Count: 1889)
    Boolean abstraction:                 2.444s
    Solving time:                        2.964s (Max:     0.120s)
    Model enumeration time:              0.194s
    Time for BDD construction:           0.163s (Max:     0.013s)
Time for merge operator:                 0.365s
Time for coverage check:                 0.032s
  Time for BDD entailment checks:        0.030s
Total time for SMT solver (w/o itp):     3.158s

Number of path formula cache hits:   38421 (71%)

Inside post operator:                  
  Inside path formula creation:        
    Time for path formula computation:     3.661s

Total number of created targets for pointer analysis: 4184
   Number of created targets for uf: *(Return_type:_[enum_irqreturn],_Parameters:_2,_Parameter_1_type:_[signed_int],_Parameter_2_type:_[(void)*],_VarArgs:_false)* is 8
   Number of created targets for uf: *unsigned_short_int is 241
   Number of created targets for uf: *(void)* is 22
   Number of created targets for uf: *(struct_net_device)* is 3
   Number of created targets for uf: *signed_int is 3
   Number of created targets for uf: *(struct_list_head)* is 2
   Number of created targets for uf: *(struct_timer_list)* is 3
   Number of created targets for uf: *unsigned_long_long_int is 3
   Number of created targets for uf: *(struct_pci_driver)* is 2
   Number of created targets for uf: *unsigned_int is 226


Number of BDD nodes:                               4180
Size of BDD node table:                            270749
Size of BDD cache:                                 27073
Size of BDD node cleanup queue:                        4396 (count: 8270, min: 0, max: 681, avg: 0.53)
Time for BDD node cleanup:                             0.003s
Time for BDD garbage collection:                       0.000s (in 0 runs)

PrecisionBootstrap statistics
-----------------------------
Init. function predicates:                         0
Init. global predicates:                           0
Init. location predicates:                         0

Invariant Generation statistics
-------------------------------

AutomatonAnalysis (SVCOMP) statistics
-------------------------------------
Number of states:                                  1
Total time for successor computation:                  0.482s
Automaton transfers with branching:                0
Automaton transfer successors:                        52457 (count: 52457, min: 1, max: 1, avg: 1.00) [1 x 52457]

CPA algorithm statistics
------------------------
Number of iterations:            33988
Max size of waitlist:            51
Average size of waitlist:        21
Number of computed successors:   36986
Max successors for one state:    2
Number of times merged:          1449
Number of times stopped:         1718
Number of times breaked:         143

Total time for CPA algorithm:        15.770s (Max:     1.189s)
  Time for choose from waitlist:      0.091s
  Time for precision adjustment:      7.480s
  Time for transfer relation:         6.723s
  Time for merge operator:            0.520s
  Time for stop operator:             0.233s
  Time for adding to reached set:     0.218s

Predicate-Abstraction Refiner statistics
----------------------------------------
Number of predicate refinements:                   143
Avg. length of target path (in blocks):                 675 (count: 143, min: 1, max: 17, avg: 4.72)
Number of infeasible sliced prefixes:                     0 (count: 0, min: 0, max: 0, avg: 0.00)

Time for refinement:                                   5.510s
  Counterexample analysis:                             4.910s (Max:     0.176s, Calls: 143)
    Refinement sat check:                              4.103s
    Interpolant computation:                           0.000s
  Path-formulas extraction:                            0.020s
  Error path post-processing:                          0.000s
  Predicate creation:                                  0.058s
  Precision update:                                    0.095s
  ARG update:                                          0.207s

Length of refined path (in blocks):                     663 (count: 143, min: 1, max: 17, avg: 4.64)
Number of affected states:                              136 (count: 143, min: 0, max: 16, avg: 0.95)
Length (states) of path with itp 'true':                384 (count: 143, min: 0, max: 15, avg: 2.69)
Length (states) of path with itp non-trivial itp:       136 (count: 143, min: 0, max: 16, avg: 0.95)
Length (states) of path with itp 'false':                 9 (count: 143, min: 0, max: 1, avg: 0.06)
Different non-trivial interpolants along paths:          25 (count: 143, min: 0, max: 9, avg: 0.17)
Equal non-trivial interpolants along paths:              71 (count: 143, min: 0, max: 15, avg: 0.50)
Number of refs with location-based cutoff:                0

CEGAR algorithm statistics
--------------------------
Number of refinements:                143
Number of successful refinements:     143
Number of failed refinements:         0
Max. size of reached set before ref.: 4585
Max. size of reached set after ref.:  4210
Avg. size of reached set before ref.: 1498.31
Avg. size of reached set after ref.:  1283.55

Total time for CEGAR algorithm:      22.195s
Time for refinements:                 6.207s
Average time for refinement:          0.043s
Max time for refinement:              0.206s

Code Coverage
-----------------------------
  Function coverage:      0.290
  Visited lines:          2395
  Total lines:            4834
  Line coverage:          0.495
  Visited conditions:     242
  Total conditions:       956
  Condition coverage:     0.253

CPAchecker general statistics
-----------------------------
Number of program locations:     7336
Number of CFA edges:             8105
Number of relevant variables:    966
Number of functions:             562
Number of loops:                 32
Size of reached set:             3900
  Number of reached locations:   1268 (17%)
    Avg states per location:     3
    Max states per location:     58 (at node N502)
  Number of reached functions:   163 (29%)
  Number of partitions:          3889
    Avg size of partitions:      1
    Max size of partitions:      11 (with key [N2161 (before line 9231), Function read_eeprom called from node N2237, stack depth 12 [3f7665c5], stack [main, ldv_entry_EMGentry_13, ldv_EMGentry_init_ipg_pci_driver_init_13_9, ipg_pci_driver_init, ldv___pci_register_driver_143, ldv___pci_register_driver, ldv_dispatch_register_12_2, ldv_pci_pci_instance_2, ldv_pci_instance_probe_2_17, ipg_probe, ipg_hw_init, read_eeprom]])
  Number of target states:       0
  Size of final wait list        35

Time for analysis setup:          8.035s
  Time for loading CPAs:          1.366s
  Time for loading parser:        0.692s
  Time for CFA construction:      5.794s
    Time for parsing file(s):     1.305s
    Time for AST to CFA:          2.369s
    Time for CFA sanity check:    0.573s
    Time for post-processing:     1.290s
      Time for var class.:        0.667s
Time for Analysis:               22.195s
CPU time for analysis:           22.190s
Total time for CPAchecker:       30.235s
Total CPU time for CPAchecker:   30.210s
Time for statistics:              0.184s

Time for Garbage Collector:       0.628s (in 33 runs)
Garbage Collector(s) used:    Copy, MarkSweepCompact
Used heap memory:                 85MB (    81 MiB) max;     57MB (    54 MiB) avg;     91MB (    86 MiB) peak
Used non-heap memory:             48MB (    45 MiB) max;     39MB (    38 MiB) avg;     48MB (    46 MiB) peak
Allocated heap memory:           127MB (   121 MiB) max;    127MB (   121 MiB) avg
Allocated non-heap memory:        49MB (    47 MiB) max;     41MB (    39 MiB) avg
Total process virtual memory:   8135MB (  7758 MiB) max;   8120MB (  7744 MiB) avg

Verification result: UNKNOWN, incomplete analysis.
More details about the verification run can be found in the directory "./output".
