scripts/cpa.sh -Dy-MySearchStrategy-PredAbs-ABElf -heap 5600000000 -timelimit 30 -preprocess -stats -noout -setprop cpa.predicate.memoryAllocationsAlwaysSucceed=true -spec ../sv-benchmarks/c/ReachSafety.prp ../sv-benchmarks/c/ssh/s3_srvr.blast.11_true-unreach-call.i.cil.c


--------------------------------------------------------------------------------


Running CPAchecker with Java heap of size 5600000000.
Running CPAchecker with default stack size (1024k). Specify a larger value with -stack if needed.
Running CPAchecker with the following extra VM options:  -Djava.io.tmpdir=/tmp/BenchExec_run_pplnz28d/tmp
Using the following resource limits: CPU-time limit of 30s (ResourceLimitChecker.fromConfiguration, INFO)

CPAchecker (unknown version) (OpenJDK 64-Bit Server VM 1.8.0_151) started (CPAchecker.run, INFO)

MathSAT5 is available for research and evaluation purposes only. It can not be used in a commercial environment, particularly as part of a commercial product, without written permission. MathSAT5 is provided as is, without any warranty. Please write to mathsat@fbk.eu for additional questions regarding licensing MathSAT5 or obtaining more up-to-date versions. (PredicateCPA:JavaSMT:Mathsat5SolverContext.<init>, WARNING)

Using predicate analysis with MathSAT5 version 5.3.14 (0b98b661254c) (Nov 17 2016 10:59:45, gmp 5.1.3, gcc 4.8.5, 64-bit) and JFactory 1.21. (PredicateCPA:PredicateCPA.<init>, INFO)

Using refinement for predicate analysis with PredicateAbstractionRefinementStrategy strategy. (PredicateCPA:PredicateCPARefiner.<init>, INFO)

Starting analysis ... (CPAchecker.runAlgorithm, INFO)

Shutdown requested (The CPU-time limit of 30s has elapsed.), waiting for termination. (ForceTerminationOnShutdown$1.shutdownRequested, WARNING)

Warning: Analysis interrupted (The CPU-time limit of 30s has elapsed.) (ShutdownNotifier.shutdownIfNecessary, WARNING)

PredicateCPA statistics
-----------------------
Number of abstractions:            200 (1% of all post computations)
  Times abstraction was reused:    0
  Because of function entry/exit:  69 (35%)
  Because of loop head:            66 (33%)
  Because of join nodes:           0 (0%)
  Because of threshold:            0 (0%)
  Because of target state:         65 (33%)
  Times precision was empty:       66 (33%)
  Times precision was {false}:     64 (32%)
  Times result was cached:         3 (2%)
  Times cartesian abs was used:    0 (0%)
  Times boolean abs was used:      67 (34%)
  Times result was 'false':        58 (29%)
Number of strengthen sat checks:   0
Number of coverage checks:         12409
  BDD entailment checks:           671
Number of SMT sat checks:          0
  trivial:                         0
  cached:                          0

Max ABE block size:                       53
Number of predicates discovered:          110
Number of abstraction locations:          3
Max number of predicates per location:    109
Avg number of predicates per location:    37
Total predicates per abstraction:         4886
Max number of predicates per abstraction: 109
Avg number of predicates per abstraction: 37.30
Number of irrelevant predicates:          64 (1%)
Number of preds handled by boolean abs:   4818 (99%)
  Total number of models for allsat:      1822
  Max number of models for allsat:        193
  Avg number of models for allsat:        27.19

Time for post operator:                  2.938s
  Time for path formula creation:        2.847s
Time for strengthen operator:            0.126s
Time for prec operator:                 16.901s
  Time for abstraction:                 16.793s (Max:     1.448s, Count: 200)
    Boolean abstraction:                14.368s
    Solving time:                        3.776s (Max:     0.090s)
    Model enumeration time:              9.292s
    Time for BDD construction:           1.472s (Max:     0.196s)
Time for merge operator:                 0.879s
Time for coverage check:                 0.076s
  Time for BDD entailment checks:        0.073s
Total time for SMT solver (w/o itp):    13.068s

Number of path formula cache hits:   18485 (51%)

Inside post operator:                  
  Inside path formula creation:        
    Time for path formula computation:     2.688s

Total number of created targets for pointer analysis: 8359
   Number of created targets for uf: *signed_int is 261
   Number of created targets for uf: *(struct_buf_mem_st)* is 34
   Number of created targets for uf: *(struct_ssl_session_st)* is 2
   Number of created targets for uf: *(struct_ssl3_state_st)* is 2


Number of BDD nodes:                               196485
Size of BDD node table:                            270749
Size of BDD cache:                                 27073
Size of BDD node cleanup queue:                       52333 (count: 22925, min: 0, max: 8840, avg: 2.28)
Time for BDD node cleanup:                             0.046s
Time for BDD garbage collection:                       0.120s (in 4 runs)

PrecisionBootstrap statistics
-----------------------------
Init. function predicates:                         0
Init. global predicates:                           0
Init. location predicates:                         0

Invariant Generation statistics
-------------------------------

AutomatonAnalysis (SVCOMP) statistics
-------------------------------------
Number of states:                                  1
Total time for successor computation:                  0.269s
Automaton transfers with branching:                0
Automaton transfer successors:                        33577 (count: 33577, min: 1, max: 1, avg: 1.00) [1 x 33577]

CPA algorithm statistics
------------------------
Number of iterations:            23571
Max size of waitlist:            38
Average size of waitlist:        20
Number of computed successors:   29708
Max successors for one state:    2
Number of times merged:          5869
Number of times stopped:         5926
Number of times breaked:         7

Total time for CPA algorithm:        23.555s (Max:    11.699s)
  Time for choose from waitlist:      0.063s
  Time for precision adjustment:     17.378s
  Time for transfer relation:         4.247s
  Time for merge operator:            1.106s
  Time for stop operator:             0.184s
  Time for adding to reached set:     0.158s

Predicate-Abstraction Refiner statistics
----------------------------------------
Number of predicate refinements:                   7
Avg. length of target path (in blocks):                  46 (count: 7, min: 3, max: 12, avg: 6.57)
Number of infeasible sliced prefixes:                     0 (count: 0, min: 0, max: 0, avg: 0.00)

Time for refinement:                                   2.400s
  Counterexample analysis:                             2.246s (Max:     1.225s, Calls: 7)
    Refinement sat check:                              1.491s
    Interpolant computation:                           0.000s
  Path-formulas extraction:                            0.000s
  Error path post-processing:                          0.000s
  Predicate creation:                                  0.036s
  Precision update:                                    0.015s
  ARG update:                                          0.089s

Length of refined path (in blocks):                      46 (count: 7, min: 3, max: 12, avg: 6.57)
Number of affected states:                               37 (count: 7, min: 1, max: 11, avg: 5.29)
Length (states) of path with itp 'true':                  2 (count: 7, min: 0, max: 1, avg: 0.29)
Length (states) of path with itp non-trivial itp:        37 (count: 7, min: 1, max: 11, avg: 5.29)
Length (states) of path with itp 'false':                 0 (count: 7, min: 0, max: 0, avg: 0.00)
Different non-trivial interpolants along paths:          30 (count: 7, min: 0, max: 10, avg: 4.29)
Equal non-trivial interpolants along paths:               0 (count: 7, min: 0, max: 0, avg: 0.00)
Number of refs with location-based cutoff:                0

CEGAR algorithm statistics
--------------------------
Number of refinements:                7
Number of successful refinements:     7
Number of failed refinements:         0
Max. size of reached set before ref.: 3667
Max. size of reached set after ref.:  16
Avg. size of reached set before ref.: 1598.71
Avg. size of reached set after ref.:  6.71

Total time for CEGAR algorithm:      26.034s
Time for refinements:                 2.479s
Average time for refinement:          0.354s
Max time for refinement:              1.279s

Code Coverage
-----------------------------
  Function coverage:      0.400
  Visited lines:          561
  Total lines:            591
  Line coverage:          0.949
  Visited conditions:     200
  Total conditions:       208
  Condition coverage:     0.962

CPAchecker general statistics
-----------------------------
Number of program locations:     734
Number of CFA edges:             835
Number of relevant variables:    33
Number of functions:             5
Number of loops:                 1
Size of reached set:             12580
  Number of reached locations:   396 (54%)
    Avg states per location:     31
    Max states per location:     33 (at node N36)
  Number of reached functions:   2 (40%)
  Number of partitions:          12548
    Avg size of partitions:      1
    Max size of partitions:      33 (with key [N97 (before lines 1141-1720), Function ssl3_accept called from node N33, stack depth 2 [5a7e0d68], stack [main, ssl3_accept]])
  Number of target states:       0
  Size of final wait list        7

Time for analysis setup:          3.720s
  Time for loading CPAs:          0.894s
  Time for loading parser:        0.629s
  Time for CFA construction:      2.020s
    Time for parsing file(s):     0.691s
    Time for AST to CFA:          0.597s
    Time for CFA sanity check:    0.109s
    Time for post-processing:     0.448s
      Time for var class.:        0.233s
Time for Analysis:               26.034s
CPU time for analysis:           26.040s
Total time for CPAchecker:       29.758s
Total CPU time for CPAchecker:   29.750s
Time for statistics:              0.326s

Time for Garbage Collector:       0.406s (in 25 runs)
Garbage Collector(s) used:    Copy, MarkSweepCompact
Used heap memory:                 74MB (    70 MiB) max;     44MB (    42 MiB) avg;     77MB (    73 MiB) peak
Used non-heap memory:             37MB (    35 MiB) max;     33MB (    32 MiB) avg;     38MB (    36 MiB) peak
Allocated heap memory:           127MB (   121 MiB) max;    127MB (   121 MiB) avg
Allocated non-heap memory:        39MB (    37 MiB) max;     36MB (    34 MiB) avg
Total process virtual memory:   8087MB (  7712 MiB) max;   8075MB (  7701 MiB) avg

Verification result: UNKNOWN, incomplete analysis.
More details about the verification run can be found in the directory "./output".
