scripts/cpa.sh -Dy-MySearchStrategy-PredAbs-ABElf -heap 5600000000 -timelimit 900 -preprocess -stats -noout -setprop cpa.predicate.memoryAllocationsAlwaysSucceed=true -spec ../sv-benchmarks/c/ReachSafety.prp ../sv-benchmarks/c/ldv-consumption/32_7a_cilled_true-unreach-call_linux-3.8-rc1-drivers--media--usb--em28xx--em28xx.ko-main.cil.out.c


--------------------------------------------------------------------------------


Running CPAchecker with Java heap of size 5600000000.
Running CPAchecker with default stack size (1024k). Specify a larger value with -stack if needed.
Running CPAchecker with the following extra VM options:  -Djava.io.tmpdir=/tmp/BenchExec_run_9u5kr_hf/tmp
Using the following resource limits: CPU-time limit of 900s (ResourceLimitChecker.fromConfiguration, INFO)

CPAchecker (unknown version) (OpenJDK 64-Bit Server VM 1.8.0_151) started (CPAchecker.run, INFO)

line 7564: Dead code detected: __asm__ ("movb %%gs:%P1,%0": "=q" (pfo_ret__): "p" (& kernel_stack)); (CFACreationUtils.addEdgeToCFA, INFO)

line 7567: Dead code detected: __asm__ ("movw %%gs:%P1,%0": "=r" (pfo_ret__): "p" (& kernel_stack)); (CFACreationUtils.addEdgeToCFA, INFO)

line 7570: Dead code detected: __asm__ ("movl %%gs:%P1,%0": "=r" (pfo_ret__): "p" (& kernel_stack)); (CFACreationUtils.addEdgeToCFA, INFO)

none: Dead code detected: switch (8UL) {
  case 1:
  __asm__ ("movb %%gs:%P1,%0": "=q" (pfo_ret__): "p" (& kernel_stack));
  goto ldv_6321;
  case 2:
  __asm__ ("movw %%gs:%P1,%0": "=r" (pfo_ret__): "p" (& kernel_stack));
  goto ldv_6321;
  case 4:
  __asm__ ("movl %%gs:%P1,%0": "=r" (pfo_ret__): "p" (& kernel_stack));
  goto ldv_6321;
  case 8:
  __asm__ ("movq %%gs:%P1,%0": "=r" (pfo_ret__): "p" (& kernel_stack));
  goto ldv_6321;
  default:
  __bad_percpu_size();
  } (CFACreationUtils.addEdgeToCFA, INFO)

line 8948: Dead code detected: return (0); (CFACreationUtils.addEdgeToCFA, INFO)

line 12449: Dead code detected: return (ldv_func_res); (CFACreationUtils.addEdgeToCFA, INFO)

line 12507: Dead code detected: return (ldv_func_res); (CFACreationUtils.addEdgeToCFA, INFO)

line 12565: Dead code detected: return (ldv_func_res); (CFACreationUtils.addEdgeToCFA, INFO)

line 12605: Dead code detected: return (ldv_func_res); (CFACreationUtils.addEdgeToCFA, INFO)

line 13604: Dead code detected: return (ldv_func_res); (CFACreationUtils.addEdgeToCFA, INFO)

line 16725: Dead code detected: return (ldv_func_res); (CFACreationUtils.addEdgeToCFA, INFO)

line 16931: Dead code detected: __asm__ ("movb %%gs:%P1,%0": "=q" (pfo_ret__): "p" (& kernel_stack)); (CFACreationUtils.addEdgeToCFA, INFO)

line 16934: Dead code detected: __asm__ ("movw %%gs:%P1,%0": "=r" (pfo_ret__): "p" (& kernel_stack)); (CFACreationUtils.addEdgeToCFA, INFO)

line 16937: Dead code detected: __asm__ ("movl %%gs:%P1,%0": "=r" (pfo_ret__): "p" (& kernel_stack)); (CFACreationUtils.addEdgeToCFA, INFO)

none: Dead code detected: switch (8UL) {
  case 1:
  __asm__ ("movb %%gs:%P1,%0": "=q" (pfo_ret__): "p" (& kernel_stack));
  goto ldv_6325;
  case 2:
  __asm__ ("movw %%gs:%P1,%0": "=r" (pfo_ret__): "p" (& kernel_stack));
  goto ldv_6325;
  case 4:
  __asm__ ("movl %%gs:%P1,%0": "=r" (pfo_ret__): "p" (& kernel_stack));
  goto ldv_6325;
  case 8:
  __asm__ ("movq %%gs:%P1,%0": "=r" (pfo_ret__): "p" (& kernel_stack));
  goto ldv_6325;
  default:
  __bad_percpu_size();
  } (CFACreationUtils.addEdgeToCFA, INFO)

line 18578: Dead code detected: return (ldv_func_res); (CFACreationUtils.addEdgeToCFA, INFO)

line 18759: Dead code detected: __asm__ ("movb %%gs:%P1,%0": "=q" (pfo_ret__): "p" (& kernel_stack)); (CFACreationUtils.addEdgeToCFA, INFO)

line 18762: Dead code detected: __asm__ ("movw %%gs:%P1,%0": "=r" (pfo_ret__): "p" (& kernel_stack)); (CFACreationUtils.addEdgeToCFA, INFO)

line 18765: Dead code detected: __asm__ ("movl %%gs:%P1,%0": "=r" (pfo_ret__): "p" (& kernel_stack)); (CFACreationUtils.addEdgeToCFA, INFO)

none: Dead code detected: switch (8UL) {
  case 1:
  __asm__ ("movb %%gs:%P1,%0": "=q" (pfo_ret__): "p" (& kernel_stack));
  goto ldv_6273;
  case 2:
  __asm__ ("movw %%gs:%P1,%0": "=r" (pfo_ret__): "p" (& kernel_stack));
  goto ldv_6273;
  case 4:
  __asm__ ("movl %%gs:%P1,%0": "=r" (pfo_ret__): "p" (& kernel_stack));
  goto ldv_6273;
  case 8:
  __asm__ ("movq %%gs:%P1,%0": "=r" (pfo_ret__): "p" (& kernel_stack));
  goto ldv_6273;
  default:
  __bad_percpu_size();
  } (CFACreationUtils.addEdgeToCFA, INFO)

line 19017: Dead code detected: return (ldv_func_res); (CFACreationUtils.addEdgeToCFA, INFO)

Inline assembler ignored, analysis is probably unsound! (CFABuilder.createCFA, WARNING)

line 8596: Function pointer *(__sd->ops->tuner->s_frequency) with type int (*)(struct v4l2_subdev *, struct v4l2_frequency *) is called, but no possible target functions were found. (CFunctionPointerResolver.replaceFunctionPointerCall, WARNING)

line 9705: Function pointer *(__sd->ops->core->queryctrl) with type int (*)(struct v4l2_subdev *, struct v4l2_queryctrl *) is called, but no possible target functions were found. (CFunctionPointerResolver.replaceFunctionPointerCall, WARNING)

line 12771: Function pointer *(dev->em28xx_write_regs) with type int (*)(struct em28xx *, u16 , char *, int) is called, but no possible target functions were found. (CFunctionPointerResolver.replaceFunctionPointerCall, WARNING)

line 12780: Function pointer *(dev->em28xx_write_regs) with type int (*)(struct em28xx *, u16 , char *, int) is called, but no possible target functions were found. (CFunctionPointerResolver.replaceFunctionPointerCall, WARNING)

line 12791: Function pointer *(dev->em28xx_read_reg) with type int (*)(struct em28xx *, u16 ) is called, but no possible target functions were found. (CFunctionPointerResolver.replaceFunctionPointerCall, WARNING)

line 12826: Function pointer *(dev->em28xx_read_reg_req_len) with type int (*)(struct em28xx *, u8 , u16 , char *, int) is called, but no possible target functions were found. (CFunctionPointerResolver.replaceFunctionPointerCall, WARNING)

lines 12687-12688: Function pointer *(dev->em28xx_write_regs) with type int (*)(struct em28xx *, u16 , char *, int) is called, but no possible target functions were found. (CFunctionPointerResolver.replaceFunctionPointerCall, WARNING)

line 12699: Function pointer *(dev->em28xx_read_reg) with type int (*)(struct em28xx *, u16 ) is called, but no possible target functions were found. (CFunctionPointerResolver.replaceFunctionPointerCall, WARNING)

line 18523: Function pointer *(ops->fini) with type int (*)(struct em28xx *) is called, but no possible target functions were found. (CFunctionPointerResolver.replaceFunctionPointerCall, WARNING)

line 12903: Function pointer *(dev->em28xx_read_reg_req) with type int (*)(struct em28xx *, u8 , u16 ) is called, but no possible target functions were found. (CFunctionPointerResolver.replaceFunctionPointerCall, WARNING)

line 12911: Function pointer *(dev->em28xx_read_reg) with type int (*)(struct em28xx *, u16 ) is called, but no possible target functions were found. (CFunctionPointerResolver.replaceFunctionPointerCall, WARNING)

line 12881: Function pointer *(dev->em28xx_read_reg_req_len) with type int (*)(struct em28xx *, u8 , u16 , char *, int) is called, but no possible target functions were found. (CFunctionPointerResolver.replaceFunctionPointerCall, WARNING)

line 12889: Function pointer *(dev->em28xx_read_reg) with type int (*)(struct em28xx *, u16 ) is called, but no possible target functions were found. (CFunctionPointerResolver.replaceFunctionPointerCall, WARNING)

line 12853: Function pointer *(dev->em28xx_write_regs_req) with type int (*)(struct em28xx *, u8 , u16 , char *, int) is called, but no possible target functions were found. (CFunctionPointerResolver.replaceFunctionPointerCall, WARNING)

line 12857: Function pointer *(dev->em28xx_read_reg) with type int (*)(struct em28xx *, u16 ) is called, but no possible target functions were found. (CFunctionPointerResolver.replaceFunctionPointerCall, WARNING)

line 16170: Function pointer *(__sd->ops->core->s_power) with type int (*)(struct v4l2_subdev *, int) is called, but no possible target functions were found. (CFunctionPointerResolver.replaceFunctionPointerCall, WARNING)

line 18493: Function pointer *(ops->init) with type int (*)(struct em28xx *) is called, but no possible target functions were found. (CFunctionPointerResolver.replaceFunctionPointerCall, WARNING)

line 17272: Function pointer *(dev->em28xx_read_reg_req_len) with type int (*)(struct em28xx *, u8 , u16 , char *, int) is called, but no possible target functions were found. (CFunctionPointerResolver.replaceFunctionPointerCall, WARNING)

line 11601: Function pointer *(__sd->ops->core->s_std) with type int (*)(struct v4l2_subdev *, v4l2_std_id ) is called, but no possible target functions were found. (CFunctionPointerResolver.replaceFunctionPointerCall, WARNING)

line 18436: Function pointer *(ops->init) with type int (*)(struct em28xx *) is called, but no possible target functions were found. (CFunctionPointerResolver.replaceFunctionPointerCall, WARNING)

line 15620: Function pointer *(__sd___3->ops->tuner->s_frequency) with type int (*)(struct v4l2_subdev *, struct v4l2_frequency *) is called, but no possible target functions were found. (CFunctionPointerResolver.replaceFunctionPointerCall, WARNING)

line 15594: Function pointer *(__sd___2->ops->tuner->s_config) with type int (*)(struct v4l2_subdev *, const struct v4l2_priv_tun_config *) is called, but no possible target functions were found. (CFunctionPointerResolver.replaceFunctionPointerCall, WARNING)

line 15566: Function pointer *(__sd___1->ops->tuner->s_config) with type int (*)(struct v4l2_subdev *, const struct v4l2_priv_tun_config *) is called, but no possible target functions were found. (CFunctionPointerResolver.replaceFunctionPointerCall, WARNING)

line 15541: Function pointer *(__sd___0->ops->tuner->s_type_addr) with type int (*)(struct v4l2_subdev *, struct tuner_setup *) is called, but no possible target functions were found. (CFunctionPointerResolver.replaceFunctionPointerCall, WARNING)

line 15516: Function pointer *(__sd->ops->tuner->s_type_addr) with type int (*)(struct v4l2_subdev *, struct tuner_setup *) is called, but no possible target functions were found. (CFunctionPointerResolver.replaceFunctionPointerCall, WARNING)

line 18463: Function pointer *(ops->fini) with type int (*)(struct em28xx *) is called, but no possible target functions were found. (CFunctionPointerResolver.replaceFunctionPointerCall, WARNING)

line 11106: Function pointer *(__sd->ops->core->s_power) with type int (*)(struct v4l2_subdev *, int) is called, but no possible target functions were found. (CFunctionPointerResolver.replaceFunctionPointerCall, WARNING)

line 10978: Function pointer *(__sd->ops->tuner->s_radio) with type int (*)(struct v4l2_subdev *) is called, but no possible target functions were found. (CFunctionPointerResolver.replaceFunctionPointerCall, WARNING)

line 18400: Function pointer *(__sd___1->ops->video->s_stream) with type int (*)(struct v4l2_subdev *, int) is called, but no possible target functions were found. (CFunctionPointerResolver.replaceFunctionPointerCall, WARNING)

line 18359: Function pointer *(__sd->ops->core->reset) with type int (*)(struct v4l2_subdev *, u32 ) is called, but no possible target functions were found. (CFunctionPointerResolver.replaceFunctionPointerCall, WARNING)

line 10764: Function pointer *(__sd->ops->tuner->g_tuner) with type int (*)(struct v4l2_subdev *, struct v4l2_tuner *) is called, but no possible target functions were found. (CFunctionPointerResolver.replaceFunctionPointerCall, WARNING)

line 10827: Function pointer *(__sd->ops->tuner->s_tuner) with type int (*)(struct v4l2_subdev *, struct v4l2_tuner *) is called, but no possible target functions were found. (CFunctionPointerResolver.replaceFunctionPointerCall, WARNING)

line 8800: Function pointer *(__sd___0->ops->audio->s_i2s_clock_freq) with type int (*)(struct v4l2_subdev *, u32 ) is called, but no possible target functions were found. (CFunctionPointerResolver.replaceFunctionPointerCall, WARNING)

line 10060: Function pointer *(__sd->ops->core->g_chip_ident) with type int (*)(struct v4l2_subdev *, struct v4l2_dbg_chip_ident *) is called, but no possible target functions were found. (CFunctionPointerResolver.replaceFunctionPointerCall, WARNING)

line 9762: Function pointer *(__sd->ops->core->g_ctrl) with type int (*)(struct v4l2_subdev *, struct v4l2_control *) is called, but no possible target functions were found. (CFunctionPointerResolver.replaceFunctionPointerCall, WARNING)

line 10507: Function pointer *(__sd->ops->vbi->g_sliced_fmt) with type int (*)(struct v4l2_subdev *, struct v4l2_sliced_vbi_format *) is called, but no possible target functions were found. (CFunctionPointerResolver.replaceFunctionPointerCall, WARNING)

line 9393: Function pointer *(__sd->ops->video->g_parm) with type int (*)(struct v4l2_subdev *, struct v4l2_streamparm *) is called, but no possible target functions were found. (CFunctionPointerResolver.replaceFunctionPointerCall, WARNING)

line 10132: Function pointer *(__sd___0->ops->core->g_register) with type int (*)(struct v4l2_subdev *, struct v4l2_dbg_register *) is called, but no possible target functions were found. (CFunctionPointerResolver.replaceFunctionPointerCall, WARNING)

line 10111: Function pointer *(__sd->ops->core->g_register) with type int (*)(struct v4l2_subdev *, struct v4l2_dbg_register *) is called, but no possible target functions were found. (CFunctionPointerResolver.replaceFunctionPointerCall, WARNING)

line 9881: Function pointer *(__sd->ops->tuner->g_tuner) with type int (*)(struct v4l2_subdev *, struct v4l2_tuner *) is called, but no possible target functions were found. (CFunctionPointerResolver.replaceFunctionPointerCall, WARNING)

line 9670: Function pointer *(__sd->ops->core->queryctrl) with type int (*)(struct v4l2_subdev *, struct v4l2_queryctrl *) is called, but no possible target functions were found. (CFunctionPointerResolver.replaceFunctionPointerCall, WARNING)

line 9300: Function pointer *(__sd->ops->video->querystd) with type int (*)(struct v4l2_subdev *, v4l2_std_id *) is called, but no possible target functions were found. (CFunctionPointerResolver.replaceFunctionPointerCall, WARNING)

line 9814: Function pointer *(__sd->ops->core->s_ctrl) with type int (*)(struct v4l2_subdev *, struct v4l2_control *) is called, but no possible target functions were found. (CFunctionPointerResolver.replaceFunctionPointerCall, WARNING)

line 10012: Function pointer *(__sd->ops->tuner->s_frequency) with type int (*)(struct v4l2_subdev *, struct v4l2_frequency *) is called, but no possible target functions were found. (CFunctionPointerResolver.replaceFunctionPointerCall, WARNING)

line 9454: Function pointer *(__sd->ops->video->s_parm) with type int (*)(struct v4l2_subdev *, struct v4l2_streamparm *) is called, but no possible target functions were found. (CFunctionPointerResolver.replaceFunctionPointerCall, WARNING)

line 10228: Function pointer *(__sd___0->ops->core->s_register) with type int (*)(struct v4l2_subdev *, struct v4l2_dbg_register *) is called, but no possible target functions were found. (CFunctionPointerResolver.replaceFunctionPointerCall, WARNING)

line 10207: Function pointer *(__sd->ops->core->s_register) with type int (*)(struct v4l2_subdev *, struct v4l2_dbg_register *) is called, but no possible target functions were found. (CFunctionPointerResolver.replaceFunctionPointerCall, WARNING)

line 9349: Function pointer *(__sd->ops->core->s_std) with type int (*)(struct v4l2_subdev *, v4l2_std_id ) is called, but no possible target functions were found. (CFunctionPointerResolver.replaceFunctionPointerCall, WARNING)

line 9925: Function pointer *(__sd->ops->tuner->s_tuner) with type int (*)(struct v4l2_subdev *, struct v4l2_tuner *) is called, but no possible target functions were found. (CFunctionPointerResolver.replaceFunctionPointerCall, WARNING)

line 10551: Function pointer *(__sd->ops->vbi->g_sliced_fmt) with type int (*)(struct v4l2_subdev *, struct v4l2_sliced_vbi_format *) is called, but no possible target functions were found. (CFunctionPointerResolver.replaceFunctionPointerCall, WARNING)

MathSAT5 is available for research and evaluation purposes only. It can not be used in a commercial environment, particularly as part of a commercial product, without written permission. MathSAT5 is provided as is, without any warranty. Please write to mathsat@fbk.eu for additional questions regarding licensing MathSAT5 or obtaining more up-to-date versions. (PredicateCPA:JavaSMT:Mathsat5SolverContext.<init>, WARNING)

Using predicate analysis with MathSAT5 version 5.3.14 (0b98b661254c) (Nov 17 2016 10:59:45, gmp 5.1.3, gcc 4.8.5, 64-bit) and JFactory 1.21. (PredicateCPA:PredicateCPA.<init>, INFO)

Using refinement for predicate analysis with PredicateAbstractionRefinementStrategy strategy. (PredicateCPA:PredicateCPARefiner.<init>, INFO)

Starting analysis ... (CPAchecker.runAlgorithm, INFO)

Assuming external function strlcpy to be a pure function. (PredicateCPA:ExpressionToFormulaVisitor.visit, INFO)

Assuming external function strcpy to be a pure function. (PredicateCPA:ExpressionToFormulaVisitor.visit, INFO)

Assuming external function v4l2_chip_match_host to be a pure function. (PredicateCPA:ExpressionToFormulaVisitor.visit, INFO)

Assuming external function usb_register_driver to be a pure function. (PredicateCPA:ExpressionToFormulaVisitor.visit, INFO)

Assuming external function usb_deregister to be a pure function. (PredicateCPA:ExpressionToFormulaVisitor.visit, INFO)

Assuming external function video_devdata to be a pure function. (PredicateCPA:ExpressionToFormulaVisitor.visit, INFO)

Assuming external function memset to be a pure function. (PredicateCPA:ExpressionToFormulaVisitor.visit, INFO)

Assuming external function videobuf_iolock to be a pure function. (PredicateCPA:ExpressionToFormulaVisitor.visit, INFO)

Assuming external function dev_get_drvdata to be a pure function. (PredicateCPA:ExpressionToFormulaVisitor.visit, INFO)

Assuming external function v4l2_video_std_frame_period to be a pure function. (PredicateCPA:ExpressionToFormulaVisitor.visit, INFO)

Assuming external function snprintf to be a pure function. (PredicateCPA:ExpressionToFormulaVisitor.visit, INFO)

line 10827: Ignoring function call through function pointer *(__sd->ops->tuner->s_tuner): (*(__sd->ops->tuner->s_tuner))(__sd, t); (PredicateCPA:ExpressionToFormulaVisitor.visit, WARNING)

line 10132: Ignoring function call through function pointer *(__sd___0->ops->core->g_register): (*(__sd___0->ops->core->g_register))(__sd___0, reg); (PredicateCPA:ExpressionToFormulaVisitor.visit, WARNING)

line 10111: Ignoring function call through function pointer *(__sd->ops->core->g_register): (*(__sd->ops->core->g_register))(__sd, reg); (PredicateCPA:ExpressionToFormulaVisitor.visit, WARNING)

line 10228: Ignoring function call through function pointer *(__sd___0->ops->core->s_register): (*(__sd___0->ops->core->s_register))(__sd___0, reg); (PredicateCPA:ExpressionToFormulaVisitor.visit, WARNING)

line 10207: Ignoring function call through function pointer *(__sd->ops->core->s_register): (*(__sd->ops->core->s_register))(__sd, reg); (PredicateCPA:ExpressionToFormulaVisitor.visit, WARNING)

line 8596: Ignoring function call through function pointer *(__sd->ops->tuner->s_frequency): (*(__sd->ops->tuner->s_frequency))(__sd, &f); (PredicateCPA:ExpressionToFormulaVisitor.visit, WARNING)

Assuming external function __list_add to be a pure function. (PredicateCPA:ExpressionToFormulaVisitor.visit, INFO)

Assuming external function usb_get_dev to be a pure function. (PredicateCPA:ExpressionToFormulaVisitor.visit, INFO)

line 9393: Ignoring function call through function pointer *(__sd->ops->video->g_parm): tmp = (*(__sd->ops->video->g_parm))(__sd, p); (PredicateCPA:ExpressionToFormulaVisitor.visit, WARNING)

line 9454: Ignoring function call through function pointer *(__sd->ops->video->s_parm): tmp = (*(__sd->ops->video->s_parm))(__sd, p); (PredicateCPA:ExpressionToFormulaVisitor.visit, WARNING)

line 10060: Ignoring function call through function pointer *(__sd->ops->core->g_chip_ident): (*(__sd->ops->core->g_chip_ident))(__sd, chip); (PredicateCPA:ExpressionToFormulaVisitor.visit, WARNING)

Assuming external function find_first_zero_bit to be a pure function. (PredicateCPA:ExpressionToFormulaVisitor.visit, INFO)

Assuming external function usb_put_dev to be a pure function. (PredicateCPA:ExpressionToFormulaVisitor.visit, INFO)

Assuming external function dev_set_drvdata to be a pure function. (PredicateCPA:ExpressionToFormulaVisitor.visit, INFO)

line 10764: Ignoring function call through function pointer *(__sd->ops->tuner->g_tuner): (*(__sd->ops->tuner->g_tuner))(__sd, t); (PredicateCPA:ExpressionToFormulaVisitor.visit, WARNING)

Assuming external function __init_waitqueue_head to be a pure function. (PredicateCPA:ExpressionToFormulaVisitor.visit, INFO)

line 10507: Ignoring function call through function pointer *(__sd->ops->vbi->g_sliced_fmt): (*(__sd->ops->vbi->g_sliced_fmt))(__sd, &(f->fmt.sliced)); (PredicateCPA:ExpressionToFormulaVisitor.visit, WARNING)

line 10551: Ignoring function call through function pointer *(__sd->ops->vbi->g_sliced_fmt): (*(__sd->ops->vbi->g_sliced_fmt))(__sd, &(f->fmt.sliced)); (PredicateCPA:ExpressionToFormulaVisitor.visit, WARNING)

line 9300: Ignoring function call through function pointer *(__sd->ops->video->querystd): (*(__sd->ops->video->querystd))(__sd, norm); (PredicateCPA:ExpressionToFormulaVisitor.visit, WARNING)

line 9670: Ignoring function call through function pointer *(__sd->ops->core->queryctrl): (*(__sd->ops->core->queryctrl))(__sd, qc); (PredicateCPA:ExpressionToFormulaVisitor.visit, WARNING)

line 9881: Ignoring function call through function pointer *(__sd->ops->tuner->g_tuner): (*(__sd->ops->tuner->g_tuner))(__sd, t); (PredicateCPA:ExpressionToFormulaVisitor.visit, WARNING)

line 9925: Ignoring function call through function pointer *(__sd->ops->tuner->s_tuner): (*(__sd->ops->tuner->s_tuner))(__sd, t); (PredicateCPA:ExpressionToFormulaVisitor.visit, WARNING)

line 9705: Ignoring function call through function pointer *(__sd->ops->core->queryctrl): (*(__sd->ops->core->queryctrl))(__sd, &qc); (PredicateCPA:ExpressionToFormulaVisitor.visit, WARNING)

Assuming external function flush_work to be a pure function. (PredicateCPA:ExpressionToFormulaVisitor.visit, INFO)

lines 8778-8779: Ignoring function call through function pointer *(__sd->ops->video->s_routing): (*(__sd->ops->video->s_routing))(__sd, (((struct em28xx_input *)(&((em28xx_boards[dev->model]).input))) + ((unsigned long)index))->vmux, 0U, 0U); (PredicateCPA:ExpressionToFormulaVisitor.visit, WARNING)

Assuming external function videobuf_streamoff to be a pure function. (PredicateCPA:ExpressionToFormulaVisitor.visit, INFO)

line 8800: Ignoring function call through function pointer *(__sd___0->ops->audio->s_i2s_clock_freq): (*(__sd___0->ops->audio->s_i2s_clock_freq))(__sd___0, dev->i2s_speed); (PredicateCPA:ExpressionToFormulaVisitor.visit, WARNING)

line 8824: Ignoring function call through function pointer *(__sd___1->ops->audio->s_routing): (*(__sd___1->ops->audio->s_routing))(__sd___1, dev->ctl_ainput, 68U, 0U); (PredicateCPA:ExpressionToFormulaVisitor.visit, WARNING)

lines 8849-8850: Ignoring function call through function pointer *(__sd___2->ops->audio->s_routing): (*(__sd___2->ops->audio->s_routing))(__sd___2, dev->ctl_ainput, dev->ctl_aoutput, 0U); (PredicateCPA:ExpressionToFormulaVisitor.visit, WARNING)

line 9762: Ignoring function call through function pointer *(__sd->ops->core->g_ctrl): (*(__sd->ops->core->g_ctrl))(__sd, ctrl); (PredicateCPA:ExpressionToFormulaVisitor.visit, WARNING)

line 9814: Ignoring function call through function pointer *(__sd->ops->core->s_ctrl): (*(__sd->ops->core->s_ctrl))(__sd, ctrl); (PredicateCPA:ExpressionToFormulaVisitor.visit, WARNING)

Assuming external function _raw_spin_unlock_irqrestore to be a pure function. (PredicateCPA:ExpressionToFormulaVisitor.visit, INFO)

Assuming external function mutex_lock to be a pure function. (PredicateCPA:ExpressionToFormulaVisitor.visit, INFO)

Assuming external function videobuf_stop to be a pure function. (PredicateCPA:ExpressionToFormulaVisitor.visit, INFO)

Assuming external function videobuf_mmap_mapper to be a pure function. (PredicateCPA:ExpressionToFormulaVisitor.visit, INFO)

line 10012: Ignoring function call through function pointer *(__sd->ops->tuner->s_frequency): (*(__sd->ops->tuner->s_frequency))(__sd, f); (PredicateCPA:ExpressionToFormulaVisitor.visit, WARNING)

Assuming external function videobuf_vmalloc_free to be a pure function. (PredicateCPA:ExpressionToFormulaVisitor.visit, INFO)

Assuming external function v4l_bound_align_image to be a pure function. (PredicateCPA:ExpressionToFormulaVisitor.visit, INFO)

Assuming external function msleep to be a pure function. (PredicateCPA:ExpressionToFormulaVisitor.visit, INFO)

Assuming external function videobuf_mmap_free to be a pure function. (PredicateCPA:ExpressionToFormulaVisitor.visit, INFO)

Assuming external function usb_submit_urb to be a pure function. (PredicateCPA:ExpressionToFormulaVisitor.visit, INFO)

Assuming external function videobuf_read_stream to be a pure function. (PredicateCPA:ExpressionToFormulaVisitor.visit, INFO)

Assuming external function usb_control_msg to be a pure function. (PredicateCPA:ExpressionToFormulaVisitor.visit, INFO)

line 11106: Ignoring function call through function pointer *(__sd->ops->core->s_power): (*(__sd->ops->core->s_power))(__sd, 0); (PredicateCPA:ExpressionToFormulaVisitor.visit, WARNING)

Assuming external function v4l2_device_disconnect to be a pure function. (PredicateCPA:ExpressionToFormulaVisitor.visit, INFO)

line 17272: Ignoring function call through function pointer *(dev->em28xx_read_reg_req_len): ret = (*(dev->em28xx_read_reg_req_len))(dev, 0, 64, (char *)(&val), 2); (PredicateCPA:ExpressionToFormulaVisitor.visit, WARNING)

Assuming external function videobuf_streamon to be a pure function. (PredicateCPA:ExpressionToFormulaVisitor.visit, INFO)

Assuming external function videobuf_queue_is_busy to be a pure function. (PredicateCPA:ExpressionToFormulaVisitor.visit, INFO)

Shutdown requested (The CPU-time limit of 900s has elapsed.), waiting for termination. (ForceTerminationOnShutdown$1.shutdownRequested, WARNING)

Warning: Analysis interrupted (The CPU-time limit of 900s has elapsed.) (ShutdownNotifier.shutdownIfNecessary, WARNING)

PredicateCPA statistics
-----------------------
Number of abstractions:            2060837 (13% of all post computations)
  Times abstraction was reused:    0
  Because of function entry/exit:  1787051 (87%)
  Because of loop head:            272672 (13%)
  Because of join nodes:           0 (0%)
  Because of threshold:            0 (0%)
  Because of target state:         1114 (0%)
  Times precision was empty:       959956 (47%)
  Times precision was {false}:     2663 (0%)
  Times result was cached:         1086407 (53%)
  Times cartesian abs was used:    0 (0%)
  Times boolean abs was used:      11811 (1%)
  Times result was 'false':        46377 (2%)
Number of strengthen sat checks:   0
Number of coverage checks:         2842381
  BDD entailment checks:           753475
Number of SMT sat checks:          0
  trivial:                         0
  cached:                          0

Max ABE block size:                       199
Number of predicates discovered:          24
Number of abstraction locations:          240
Max number of predicates per location:    20
Avg number of predicates per location:    5
Total predicates per abstraction:         4412438
Max number of predicates per abstraction: 20
Avg number of predicates per abstraction: 304.85
Number of irrelevant predicates:          2605294 (59%)
Number of preds handled by boolean abs:   39631 (1%)
  Total number of models for allsat:      76620
  Max number of models for allsat:        864
  Avg number of models for allsat:        6.49

Time for post operator:                151.517s
  Time for path formula creation:      147.795s
Time for strengthen operator:            8.597s
Time for prec operator:                196.648s
  Time for abstraction:                175.672s (Max:     0.895s, Count: 2060837)
    Boolean abstraction:                39.231s
    Solving time:                       36.427s (Max:     0.269s)
    Model enumeration time:              7.049s
    Time for BDD construction:           1.295s (Max:     0.039s)
Time for merge operator:                11.775s
Time for coverage check:                 0.786s
  Time for BDD entailment checks:        0.501s
Total time for SMT solver (w/o itp):    43.476s

Number of path formula cache hits:   18136734 (98%)

Inside post operator:                  
  Inside path formula creation:        
    Time for path formula computation:    78.184s

Total number of created targets for pointer analysis: 589510
   Number of created targets for uf: *unsigned_short_int is 2
   Number of created targets for uf: *signed_int is 290
   Number of created targets for uf: *(char)* is 837
   Number of created targets for uf: *unsigned_char is 6334
   Number of created targets for uf: *(struct_list_head)* is 17
   Number of created targets for uf: *(unsigned_int)* is 2
   Number of created targets for uf: *unsigned_long_long_int is 5
   Number of created targets for uf: *unsigned_int is 7163
   Number of created targets for uf: *unsigned_long_int is 3


Number of BDD nodes:                               89457
Size of BDD node table:                            270749
Size of BDD cache:                                 27073
Size of BDD node cleanup queue:                       27127 (count: 1803230, min: 0, max: 312, avg: 0.02)
Time for BDD node cleanup:                             0.208s
Time for BDD garbage collection:                       0.000s (in 0 runs)

PrecisionBootstrap statistics
-----------------------------
Init. function predicates:                         0
Init. global predicates:                           0
Init. location predicates:                         0

Invariant Generation statistics
-------------------------------

AutomatonAnalysis (SVCOMP) statistics
-------------------------------------
Number of states:                                  1
Total time for successor computation:                 11.742s
  Time for transition matches:                         6.271s
  Time for transition assertions:                      0.000s
  Time for transition actions:                         0.003s
Automaton transfers with branching:                0
Automaton transfer successors:                     15587515 (count: 15587515, min: 1, max: 1, avg: 1.00) [1 x 15587515]

CPA algorithm statistics
------------------------
Number of iterations:            9971608
Max size of waitlist:            814
Average size of waitlist:        358
Number of computed successors:   11733155
Max successors for one state:    2
Number of times merged:          1044453
Number of times stopped:         1434006
Number of times breaked:         1114

Total time for CPA algorithm:       518.086s (Max:     3.570s)
  Time for choose from waitlist:      3.004s
  Time for precision adjustment:    236.706s
  Time for transfer relation:       227.641s
  Time for merge operator:           18.175s
  Time for stop operator:             7.936s
  Time for adding to reached set:     9.892s

Predicate-Abstraction Refiner statistics
----------------------------------------
Number of predicate refinements:                   1114
Avg. length of target path (in blocks):               22764 (count: 1114, min: 9, max: 22, avg: 20.43)
Number of infeasible sliced prefixes:                     0 (count: 0, min: 0, max: 0, avg: 0.00)

Time for refinement:                                 356.872s
  Counterexample analysis:                           342.594s (Max:     0.524s, Calls: 1114)
    Refinement sat check:                            321.790s
    Interpolant computation:                           0.000s
  Path-formulas extraction:                            0.021s
  Error path post-processing:                          0.000s
  Predicate creation:                                  0.092s
  Precision update:                                    0.643s
  ARG update:                                         13.308s

Length of refined path (in blocks):                   21506 (count: 1114, min: 4, max: 21, avg: 19.31)
Number of affected states:                            12112 (count: 1114, min: 1, max: 19, avg: 10.87)
Length (states) of path with itp 'true':               8280 (count: 1114, min: 0, max: 14, avg: 7.43)
Length (states) of path with itp non-trivial itp:     12112 (count: 1114, min: 1, max: 19, avg: 10.87)
Length (states) of path with itp 'false':              1114 (count: 1114, min: 1, max: 1, avg: 1.00)
Different non-trivial interpolants along paths:         722 (count: 1114, min: 0, max: 2, avg: 0.65)
Equal non-trivial interpolants along paths:           10276 (count: 1114, min: 0, max: 18, avg: 9.22)
Number of refs with location-based cutoff:                0

CEGAR algorithm statistics
--------------------------
Number of refinements:                1114
Number of successful refinements:     1114
Number of failed refinements:         0
Max. size of reached set before ref.: 30092
Max. size of reached set after ref.:  29678
Avg. size of reached set before ref.: 20313.66
Avg. size of reached set after ref.:  11110.17

Total time for CEGAR algorithm:     894.391s
Time for refinements:               369.462s
Average time for refinement:          0.331s
Max time for refinement:              0.586s

Code Coverage
-----------------------------
  Function coverage:      0.012
  Visited lines:          1443
  Total lines:            7295
  Line coverage:          0.198
  Visited conditions:     56
  Total conditions:       2346
  Condition coverage:     0.024

CPAchecker general statistics
-----------------------------
Number of program locations:     10086
Number of CFA edges:             11572
Number of relevant variables:    1560
Number of functions:             336
Number of loops:                 101
Size of reached set:             90
  Number of reached locations:   90 (1%)
    Avg states per location:     1
    Max states per location:     1 (at node N6720)
  Number of reached functions:   4 (1%)
  Number of partitions:          90
    Avg size of partitions:      1
    Max size of partitions:      1
  Number of target states:       0
  Size of final wait list        3

Time for analysis setup:          5.948s
  Time for loading CPAs:          0.860s
  Time for loading parser:        0.530s
  Time for CFA construction:      4.468s
    Time for parsing file(s):     0.894s
    Time for AST to CFA:          1.665s
    Time for CFA sanity check:    0.368s
    Time for post-processing:     1.392s
      Time for var class.:        0.626s
Time for Analysis:              894.391s
CPU time for analysis:          894.310s
Total time for CPAchecker:      900.342s
Total CPU time for CPAchecker:  900.240s
Time for statistics:              0.073s

Time for Garbage Collector:      36.554s (in 1716 runs)
Garbage Collector(s) used:    Copy, MarkSweepCompact
Used heap memory:                513MB (   490 MiB) max;    277MB (   264 MiB) avg;    543MB (   517 MiB) peak
Used non-heap memory:             42MB (    40 MiB) max;     41MB (    39 MiB) avg;     43MB (    41 MiB) peak
Allocated heap memory:           577MB (   550 MiB) max;    415MB (   396 MiB) avg
Allocated non-heap memory:        44MB (    42 MiB) max;     43MB (    41 MiB) avg
Total process virtual memory:   8626MB (  8227 MiB) max;   8342MB (  7955 MiB) avg

Verification result: UNKNOWN, incomplete analysis.
More details about the verification run can be found in the directory "./output".
