scripts/cpa.sh -Dy-MySearchStrategy-PredAbs-ABElf -heap 5600000000 -timelimit 900 -preprocess -stats -noout -setprop cpa.predicate.memoryAllocationsAlwaysSucceed=true -spec ../sv-benchmarks/c/ReachSafety.prp ../sv-benchmarks/c/ldv-linux-3.0/usb_urb-drivers-usb-serial-whiteheat.ko_true-unreach-call.cil.out.i.pp.i


--------------------------------------------------------------------------------


Running CPAchecker with Java heap of size 5600000000.
Running CPAchecker with default stack size (1024k). Specify a larger value with -stack if needed.
Running CPAchecker with the following extra VM options:  -Djava.io.tmpdir=/tmp/BenchExec_run_vlpx7xls/tmp
Using the following resource limits: CPU-time limit of 900s (ResourceLimitChecker.fromConfiguration, INFO)

CPAchecker (unknown version) (OpenJDK 64-Bit Server VM 1.8.0_151) started (CPAchecker.run, INFO)

line 3767: Dead code detected: Goto: case_1 (CFACreationUtils.addEdgeToCFA, INFO)

line 3770: Dead code detected: Goto: case_2 (CFACreationUtils.addEdgeToCFA, INFO)

line 3776: Dead code detected: Goto: case_8 (CFACreationUtils.addEdgeToCFA, INFO)

line 3778: Dead code detected: Goto: switch_default (CFACreationUtils.addEdgeToCFA, INFO)

Dead code detected: Label case_8 is not reachable. (CFAFunctionBuilder.leave, INFO)

Dead code detected: Label switch_default is not reachable. (CFAFunctionBuilder.leave, INFO)

Dead code detected: Label case_1 is not reachable. (CFAFunctionBuilder.leave, INFO)

Dead code detected: Label case_2 is not reachable. (CFAFunctionBuilder.leave, INFO)

line 7914: Dead code detected: Goto: while_break (CFACreationUtils.addEdgeToCFA, INFO)

Dead code detected: Label while_break is not reachable. (CFAFunctionBuilder.leave, INFO)

line 7977: Dead code detected: Goto: while_break (CFACreationUtils.addEdgeToCFA, INFO)

Dead code detected: Label while_break is not reachable. (CFAFunctionBuilder.leave, INFO)

Inline assembler ignored, analysis is probably unsound! (CFABuilder.createCFA, WARNING)

MathSAT5 is available for research and evaluation purposes only. It can not be used in a commercial environment, particularly as part of a commercial product, without written permission. MathSAT5 is provided as is, without any warranty. Please write to mathsat@fbk.eu for additional questions regarding licensing MathSAT5 or obtaining more up-to-date versions. (PredicateCPA:JavaSMT:Mathsat5SolverContext.<init>, WARNING)

Using predicate analysis with MathSAT5 version 5.3.14 (0b98b661254c) (Nov 17 2016 10:59:45, gmp 5.1.3, gcc 4.8.5, 64-bit) and JFactory 1.21. (PredicateCPA:PredicateCPA.<init>, INFO)

Using refinement for predicate analysis with PredicateAbstractionRefinementStrategy strategy. (PredicateCPA:PredicateCPARefiner.<init>, INFO)

Starting analysis ... (CPAchecker.runAlgorithm, INFO)

Assuming external function ldv_initialize to be a constant function. (PredicateCPA:ExpressionToFormulaVisitor.visit, INFO)

Assuming external function usb_serial_register to be a pure function. (PredicateCPA:ExpressionToFormulaVisitor.visit, INFO)

Assuming external function usb_serial_deregister to be a pure function. (PredicateCPA:ExpressionToFormulaVisitor.visit, INFO)

Assuming external function memset to be a pure function. (PredicateCPA:ExpressionToFormulaVisitor.visit, INFO)

Assuming external function request_firmware to be a pure function. (PredicateCPA:ExpressionToFormulaVisitor.visit, INFO)

Assuming external function dev_err to be a pure function. (PredicateCPA:ExpressionToFormulaVisitor.visit, INFO)

Assuming external function release_firmware to be a pure function. (PredicateCPA:ExpressionToFormulaVisitor.visit, INFO)

Assuming external function ldv_check_return_value to be a pure function. (PredicateCPA:ExpressionToFormulaVisitor.visit, INFO)

Assuming external function ezusb_set_reset to be a pure function. (PredicateCPA:ExpressionToFormulaVisitor.visit, INFO)

Assuming external function might_fault to be a constant function. (PredicateCPA:ExpressionToFormulaVisitor.visit, INFO)

Assuming external function _copy_to_user to be a pure function. (PredicateCPA:ExpressionToFormulaVisitor.visit, INFO)

Assuming external function usb_deregister to be a pure function. (PredicateCPA:ExpressionToFormulaVisitor.visit, INFO)

Assuming external function usb_register_driver to be a pure function. (PredicateCPA:ExpressionToFormulaVisitor.visit, INFO)

Assuming external function tty_encode_baud_rate to be a pure function. (PredicateCPA:ExpressionToFormulaVisitor.visit, INFO)

Assuming external function usb_clear_halt to be a pure function. (PredicateCPA:ExpressionToFormulaVisitor.visit, INFO)

Assuming external function usb_bulk_msg to be a pure function. (PredicateCPA:ExpressionToFormulaVisitor.visit, INFO)

Assuming external function _dev_info to be a pure function. (PredicateCPA:ExpressionToFormulaVisitor.visit, INFO)

Assuming external function __mutex_init to be a pure function. (PredicateCPA:ExpressionToFormulaVisitor.visit, INFO)

Assuming external function __init_waitqueue_head to be a pure function. (PredicateCPA:ExpressionToFormulaVisitor.visit, INFO)

Assuming external function __raw_spin_lock_init to be a pure function. (PredicateCPA:ExpressionToFormulaVisitor.visit, INFO)

Assuming external function __init_work to be a pure function. (PredicateCPA:ExpressionToFormulaVisitor.visit, INFO)

Assuming external function lockdep_init_map to be a pure function. (PredicateCPA:ExpressionToFormulaVisitor.visit, INFO)

Assuming external function ldv_undefined_pointer to be a constant function. (PredicateCPA:ExpressionToFormulaVisitor.visit, INFO)

Assuming external function _raw_spin_unlock_irqrestore to be a pure function. (PredicateCPA:ExpressionToFormulaVisitor.visit, INFO)

Assuming external function list_del to be a pure function. (PredicateCPA:ExpressionToFormulaVisitor.visit, INFO)

Assuming external function dev_printk to be a pure function. (PredicateCPA:ExpressionToFormulaVisitor.visit, INFO)

Assuming external function usb_submit_urb to be a pure function. (PredicateCPA:ExpressionToFormulaVisitor.visit, INFO)

Assuming external function __list_add to be a pure function. (PredicateCPA:ExpressionToFormulaVisitor.visit, INFO)

Assuming external function _raw_spin_lock to be a pure function. (PredicateCPA:ExpressionToFormulaVisitor.visit, INFO)

Assuming external function _raw_spin_unlock to be a pure function. (PredicateCPA:ExpressionToFormulaVisitor.visit, INFO)

Assuming external function schedule_work to be a pure function. (PredicateCPA:ExpressionToFormulaVisitor.visit, INFO)

Assuming external function __list_del_entry to be a pure function. (PredicateCPA:ExpressionToFormulaVisitor.visit, INFO)

Assuming external function _raw_spin_lock_irq to be a pure function. (PredicateCPA:ExpressionToFormulaVisitor.visit, INFO)

Assuming external function _raw_spin_unlock_irq to be a pure function. (PredicateCPA:ExpressionToFormulaVisitor.visit, INFO)

Assuming external function tty_port_tty_get to be a pure function. (PredicateCPA:ExpressionToFormulaVisitor.visit, INFO)

Assuming external function tty_kref_put to be a pure function. (PredicateCPA:ExpressionToFormulaVisitor.visit, INFO)

Assuming external function tty_flip_buffer_push to be a pure function. (PredicateCPA:ExpressionToFormulaVisitor.visit, INFO)

Assuming external function tty_insert_flip_string_fixed_flag to be a pure function. (PredicateCPA:ExpressionToFormulaVisitor.visit, INFO)

Assuming external function mutex_lock_nested to be a pure function. (PredicateCPA:ExpressionToFormulaVisitor.visit, INFO)

Assuming external function mutex_unlock to be a pure function. (PredicateCPA:ExpressionToFormulaVisitor.visit, INFO)

Assuming external function usb_kill_urb to be a pure function. (PredicateCPA:ExpressionToFormulaVisitor.visit, INFO)

Assuming external function prepare_to_wait to be a pure function. (PredicateCPA:ExpressionToFormulaVisitor.visit, INFO)

Assuming external function schedule_timeout to be a pure function. (PredicateCPA:ExpressionToFormulaVisitor.visit, INFO)

Assuming external function finish_wait to be a pure function. (PredicateCPA:ExpressionToFormulaVisitor.visit, INFO)

Assuming external function ezusb_writememory to be a pure function. (PredicateCPA:ExpressionToFormulaVisitor.visit, INFO)

Assuming external function usb_serial_port_softint to be a pure function. (PredicateCPA:ExpressionToFormulaVisitor.visit, INFO)

Stopping analysis ... (CPAchecker.runAlgorithm, INFO)

PredicateCPA statistics
-----------------------
Number of abstractions:            494855 (12% of all post computations)
  Times abstraction was reused:    0
  Because of function entry/exit:  432857 (87%)
  Because of loop head:            61505 (12%)
  Because of join nodes:           0 (0%)
  Because of threshold:            0 (0%)
  Because of target state:         493 (0%)
  Times precision was empty:       36686 (7%)
  Times precision was {false}:     1164 (0%)
  Times result was cached:         437495 (88%)
  Times cartesian abs was used:    0 (0%)
  Times boolean abs was used:      19510 (4%)
  Times result was 'false':        16732 (3%)
Number of strengthen sat checks:   0
Number of coverage checks:         650626
  BDD entailment checks:           191298
Number of SMT sat checks:          0
  trivial:                         0
  cached:                          0

Max ABE block size:                       36
Number of predicates discovered:          26
Number of abstraction locations:          249
Max number of predicates per location:    11
Avg number of predicates per location:    4
Total predicates per abstraction:         2124196
Max number of predicates per abstraction: 11
Avg number of predicates per abstraction: 102.75
Number of irrelevant predicates:          805917 (38%)
Number of preds handled by boolean abs:   69633 (3%)
  Total number of models for allsat:      32113
  Max number of models for allsat:        8
  Avg number of models for allsat:        1.65

Time for post operator:                 50.057s
  Time for path formula creation:       48.046s
Time for strengthen operator:            3.505s
Time for prec operator:                132.176s
  Time for abstraction:                125.560s (Max:     0.090s, Count: 494855)
    Boolean abstraction:                20.567s
    Solving time:                       16.939s (Max:     0.013s)
    Model enumeration time:              2.211s
    Time for BDD construction:           0.672s (Max:     0.012s)
Time for merge operator:                 3.012s
Time for coverage check:                 0.363s
  Time for BDD entailment checks:        0.279s
Total time for SMT solver (w/o itp):    19.150s

Number of path formula cache hits:   3609695 (79%)

Inside post operator:                  
  Inside path formula creation:        
    Time for path formula computation:    38.860s

Total number of created targets for pointer analysis: 13086
   Number of created targets for uf: *(void)* is 32
   Number of created targets for uf: *unsigned_char is 459
   Number of created targets for uf: *(struct_list_head)* is 5266
   Number of created targets for uf: *(struct_firmware)* is 2264
   Number of created targets for uf: *(struct_usb_serial_port)* is 26


Number of BDD nodes:                               3965
Size of BDD node table:                            270749
Size of BDD cache:                                 27073
Size of BDD node cleanup queue:                       41201 (count: 353708, min: 0, max: 845, avg: 0.12)
Time for BDD node cleanup:                             0.079s
Time for BDD garbage collection:                       0.000s (in 0 runs)

PrecisionBootstrap statistics
-----------------------------
Init. function predicates:                         0
Init. global predicates:                           0
Init. location predicates:                         0

Invariant Generation statistics
-------------------------------

AutomatonAnalysis (SVCOMP) statistics
-------------------------------------
Number of states:                                  1
Total time for successor computation:                  5.777s
  Time for transition matches:                         3.086s
  Time for transition assertions:                      0.001s
  Time for transition actions:                         0.004s
Automaton transfers with branching:                0
Automaton transfer successors:                      4018785 (count: 4018785, min: 1, max: 1, avg: 1.00) [1 x 4018785]

CPA algorithm statistics
------------------------
Number of iterations:            2610617
Max size of waitlist:            172
Average size of waitlist:        50
Number of computed successors:   2953092
Max successors for one state:    2
Number of times merged:          229664
Number of times stopped:         299399
Number of times breaked:         493

Total time for CPA algorithm:       266.243s (Max:     3.505s)
  Time for choose from waitlist:      1.072s
  Time for precision adjustment:    152.071s
  Time for transfer relation:        90.116s
  Time for merge operator:            7.272s
  Time for stop operator:             3.633s
  Time for adding to reached set:     4.469s

Predicate-Abstraction Refiner statistics
----------------------------------------
Number of predicate refinements:                   493
Avg. length of target path (in blocks):               21917 (count: 493, min: 5, max: 105, avg: 44.46)
Number of infeasible sliced prefixes:                     0 (count: 0, min: 0, max: 0, avg: 0.00)

Time for refinement:                                  14.969s
  Counterexample analysis:                             9.384s (Max:     0.057s, Calls: 493)
    Refinement sat check:                              5.910s
    Interpolant computation:                           0.000s
  Path-formulas extraction:                            0.016s
  Error path post-processing:                          0.000s
  Predicate creation:                                  0.258s
  Precision update:                                    0.368s
  ARG update:                                          4.654s

Length of refined path (in blocks):                   14041 (count: 493, min: 4, max: 86, avg: 28.48)
Number of affected states:                             9746 (count: 493, min: 1, max: 85, avg: 19.77)
Length (states) of path with itp 'true':               3802 (count: 493, min: 0, max: 82, avg: 7.71)
Length (states) of path with itp non-trivial itp:      9746 (count: 493, min: 1, max: 85, avg: 19.77)
Length (states) of path with itp 'false':               493 (count: 493, min: 1, max: 1, avg: 1.00)
Different non-trivial interpolants along paths:         206 (count: 493, min: 0, max: 3, avg: 0.42)
Equal non-trivial interpolants along paths:            9047 (count: 493, min: 0, max: 84, avg: 18.35)
Number of refs with location-based cutoff:                0

CEGAR algorithm statistics
--------------------------
Number of refinements:                493
Number of successful refinements:     493
Number of failed refinements:         0
Max. size of reached set before ref.: 25449
Max. size of reached set after ref.:  14485
Avg. size of reached set before ref.: 7031.96
Avg. size of reached set after ref.:  1726.89

Total time for CEGAR algorithm:     284.627s
Time for refinements:                17.745s
Average time for refinement:          0.035s
Max time for refinement:              0.173s

Code Coverage
-----------------------------
  Function coverage:      0.795
  Visited lines:          1973
  Total lines:            2342
  Line coverage:          0.842
  Visited conditions:     322
  Total conditions:       410
  Condition coverage:     0.785

CPAchecker general statistics
-----------------------------
Number of program locations:     3151
Number of CFA edges:             3482
Number of relevant variables:    395
Number of functions:             78
Number of loops:                 24
Size of reached set:             21564
  Number of reached locations:   1299 (41%)
    Avg states per location:     16
    Max states per location:     151 (at node N151)
  Number of reached functions:   62 (79%)
  Number of partitions:          21397
    Avg size of partitions:      1
    Max size of partitions:      7 (with key [N2932 (before line 7795), Function main called from node N2754, stack depth 1 [2a9bc08f], stack [main]])
  Number of target states:       0

Time for analysis setup:          5.925s
  Time for loading CPAs:          1.131s
  Time for loading parser:        0.738s
  Time for CFA construction:      3.882s
    Time for parsing file(s):     1.115s
    Time for AST to CFA:          1.332s
    Time for CFA sanity check:    0.274s
    Time for post-processing:     0.919s
      Time for var class.:        0.481s
Time for Analysis:              284.627s
CPU time for analysis:          284.580s
Time for analyzing result:        0.019s
Total time for CPAchecker:      290.557s
Total CPU time for CPAchecker:  290.500s
Time for statistics:              0.473s

Time for Garbage Collector:      18.050s (in 637 runs)
Garbage Collector(s) used:    Copy, MarkSweepCompact
Used heap memory:                529MB (   504 MiB) max;    231MB (   221 MiB) avg;    543MB (   518 MiB) peak
Used non-heap memory:             41MB (    39 MiB) max;     40MB (    38 MiB) avg;     41MB (    39 MiB) peak
Allocated heap memory:           557MB (   531 MiB) max;    343MB (   327 MiB) avg
Allocated non-heap memory:        44MB (    42 MiB) max;     43MB (    41 MiB) avg
Total process virtual memory:   8289MB (  7905 MiB) max;   8137MB (  7760 MiB) avg

Verification result: TRUE. No property violation found by chosen configuration.
More details about the verification run can be found in the directory "./output".
