scripts/cpa.sh -Dy-MySearchStrategy-PredAbs-ABElf -heap 5600000000 -timelimit 30 -preprocess -stats -noout -setprop cpa.predicate.memoryAllocationsAlwaysSucceed=true -spec ../sv-benchmarks/c/ReachSafety.prp ../sv-benchmarks/c/ldv-linux-3.14/linux-3.14__complex_emg__linux-kernel-locking-spinlock__drivers-net-fddi-skfp-skfp_true-unreach-call.cil.c


--------------------------------------------------------------------------------


Running CPAchecker with Java heap of size 5600000000.
Running CPAchecker with default stack size (1024k). Specify a larger value with -stack if needed.
Running CPAchecker with the following extra VM options:  -Djava.io.tmpdir=/tmp/BenchExec_run_ebxw42a2/tmp
Using the following resource limits: CPU-time limit of 30s (ResourceLimitChecker.fromConfiguration, INFO)

CPAchecker (unknown version) (OpenJDK 64-Bit Server VM 1.8.0_162) started (CPAchecker.run, INFO)

line 8140: Dead code detected: return; (CFACreationUtils.addEdgeToCFA, INFO)

Dead code detected: Label switch_break is not reachable. (CFAFunctionBuilder.leave, INFO)

line 9805: Dead code detected: return (arg0); (CFACreationUtils.addEdgeToCFA, INFO)

line 10127: Dead code detected: return; (CFACreationUtils.addEdgeToCFA, INFO)

line 10140: Dead code detected: return; (CFACreationUtils.addEdgeToCFA, INFO)

line 10723: Dead code detected: return; (CFACreationUtils.addEdgeToCFA, INFO)

line 10765: Dead code detected: return (arg0); (CFACreationUtils.addEdgeToCFA, INFO)

line 10766: Dead code detected: return (arg0); (CFACreationUtils.addEdgeToCFA, INFO)

line 10811: Dead code detected: return (arg0); (CFACreationUtils.addEdgeToCFA, INFO)

line 10984: Dead code detected: return; (CFACreationUtils.addEdgeToCFA, INFO)

line 11033: Dead code detected: return (ldv_func_res); (CFACreationUtils.addEdgeToCFA, INFO)

line 11088: Dead code detected: return (ldv_func_res); (CFACreationUtils.addEdgeToCFA, INFO)

line 11190: Dead code detected: return (ldv_func_res); (CFACreationUtils.addEdgeToCFA, INFO)

Dead code detected: Label switch_break is not reachable. (CFAFunctionBuilder.leave, INFO)

Dead code detected: Label switch_break is not reachable. (CFAFunctionBuilder.leave, INFO)

line 14269: Dead code detected: Goto: case_1 (CFACreationUtils.addEdgeToCFA, INFO)

line 14274: Dead code detected: Goto: case_2 (CFACreationUtils.addEdgeToCFA, INFO)

line 14279: Dead code detected: Goto: case_3 (CFACreationUtils.addEdgeToCFA, INFO)

line 14283: Dead code detected: Goto: switch_default (CFACreationUtils.addEdgeToCFA, INFO)

Dead code detected: Label switch_break is not reachable. (CFAFunctionBuilder.leave, INFO)

Dead code detected: Label case_3 is not reachable. (CFAFunctionBuilder.leave, INFO)

Dead code detected: Label switch_default is not reachable. (CFAFunctionBuilder.leave, INFO)

Dead code detected: Label case_1 is not reachable. (CFAFunctionBuilder.leave, INFO)

Dead code detected: Label case_2 is not reachable. (CFAFunctionBuilder.leave, INFO)

Dead code detected: Label switch_break is not reachable. (CFAFunctionBuilder.leave, INFO)

Dead code detected: Label switch_break is not reachable. (CFAFunctionBuilder.leave, INFO)

Dead code detected: Label switch_break is not reachable. (CFAFunctionBuilder.leave, INFO)

Dead code detected: Label switch_break is not reachable. (CFAFunctionBuilder.leave, INFO)

Dead code detected: Label switch_break is not reachable. (CFAFunctionBuilder.leave, INFO)

Dead code detected: Label switch_break is not reachable. (CFAFunctionBuilder.leave, INFO)

Dead code detected: Label switch_break is not reachable. (CFAFunctionBuilder.leave, INFO)

Dead code detected: Label switch_break is not reachable. (CFAFunctionBuilder.leave, INFO)

Dead code detected: Label switch_break is not reachable. (CFAFunctionBuilder.leave, INFO)

Dead code detected: Label switch_break is not reachable. (CFAFunctionBuilder.leave, INFO)

Dead code detected: Label switch_break is not reachable. (CFAFunctionBuilder.leave, INFO)

Dead code detected: Label switch_break is not reachable. (CFAFunctionBuilder.leave, INFO)

Inline assembler ignored, analysis is probably unsound! (CFABuilder.createCFA, WARNING)

line 6712: Function pointer *(ops->alloc) with type void *(*)(struct device *, size_t , dma_addr_t *, gfp_t , struct dma_attrs *) is called, but no possible target functions were found. (CFunctionPointerResolver.replaceFunctionPointerCall, WARNING)

line 6753: Function pointer *(ops->free) with type void (*)(struct device *, size_t , void *, dma_addr_t , struct dma_attrs *) is called, but no possible target functions were found. (CFunctionPointerResolver.replaceFunctionPointerCall, WARNING)

lines 6587-6588: Function pointer *(ops->map_page) with type dma_addr_t (*)(struct device *, struct page *, unsigned long, size_t , enum dma_data_direction , struct dma_attrs *) is called, but no possible target functions were found. (CFunctionPointerResolver.replaceFunctionPointerCall, WARNING)

line 6626: Function pointer *(ops->unmap_page) with type void (*)(struct device *, dma_addr_t , size_t , enum dma_data_direction , struct dma_attrs *) is called, but no possible target functions were found. (CFunctionPointerResolver.replaceFunctionPointerCall, WARNING)

line 10416: Function pointer *arg0 with type int (*)(struct pci_dev *) is called, but no possible target functions were found. (CFunctionPointerResolver.replaceFunctionPointerCall, WARNING)

line 10427: Function pointer *arg0 with type int (*)(struct pci_dev *) is called, but no possible target functions were found. (CFunctionPointerResolver.replaceFunctionPointerCall, WARNING)

line 10450: Function pointer *arg0 with type int (*)(struct pci_dev *, struct pm_message ) is called, but no possible target functions were found. (CFunctionPointerResolver.replaceFunctionPointerCall, WARNING)

line 10462: Function pointer *arg0 with type int (*)(struct pci_dev *, struct pm_message ) is called, but no possible target functions were found. (CFunctionPointerResolver.replaceFunctionPointerCall, WARNING)

MathSAT5 is available for research and evaluation purposes only. It can not be used in a commercial environment, particularly as part of a commercial product, without written permission. MathSAT5 is provided as is, without any warranty. Please write to mathsat@fbk.eu for additional questions regarding licensing MathSAT5 or obtaining more up-to-date versions. (PredicateCPA:JavaSMT:Mathsat5SolverContext.<init>, WARNING)

Using predicate analysis with MathSAT5 version 5.3.14 (0b98b661254c) (Nov 17 2016 10:59:45, gmp 5.1.3, gcc 4.8.5, 64-bit) and JFactory 1.21. (PredicateCPA:PredicateCPA.<init>, INFO)

Using refinement for predicate analysis with PredicateAbstractionRefinementStrategy strategy. (PredicateCPA:PredicateCPARefiner.<init>, INFO)

Starting analysis ... (CPAchecker.runAlgorithm, INFO)

Assuming external function ldv_initialize to be a constant function. (PredicateCPA:ExpressionToFormulaVisitor.visit, INFO)

Assuming external function external_allocated_data to be a constant function. (PredicateCPA:ExpressionToFormulaVisitor.visit, INFO)

Assuming external function ldv_switch_to_interrupt_context to be a constant function. (PredicateCPA:ExpressionToFormulaVisitor.visit, INFO)

Assuming external function ioread32 to be a pure function. (PredicateCPA:ExpressionToFormulaVisitor.visit, INFO)

Assuming external function iowrite32 to be a pure function. (PredicateCPA:ExpressionToFormulaVisitor.visit, INFO)

line 10173: Ignoring call via function pointer ldv_interrupt_instance_thread_0_3::arg0 for which no suitable target was found in line: (*arg0)(arg1, arg2); (FunctionPointerCPA:FunctionPointerTransferRelation.getAbstractSuccessorsForEdge, WARNING)

line 10173: Ignoring function call through function pointer *arg0: (*arg0)(arg1, arg2); (PredicateCPA:ExpressionToFormulaVisitor.visit, WARNING)

Assuming external function pci_unregister_driver to be a pure function. (PredicateCPA:ExpressionToFormulaVisitor.visit, INFO)

Assuming external function __pci_register_driver to be a pure function. (PredicateCPA:ExpressionToFormulaVisitor.visit, INFO)

Assuming external function __dynamic_pr_debug to be a pure function. (PredicateCPA:ExpressionToFormulaVisitor.visit, INFO)

Assuming external function skb_queue_tail to be a pure function. (PredicateCPA:ExpressionToFormulaVisitor.visit, INFO)

Assuming external function warn_slowpath_null to be a pure function. (PredicateCPA:ExpressionToFormulaVisitor.visit, INFO)

Assuming external function consume_skb to be a pure function. (PredicateCPA:ExpressionToFormulaVisitor.visit, INFO)

Assuming external function skb_dequeue to be a pure function. (PredicateCPA:ExpressionToFormulaVisitor.visit, INFO)

Assuming external function memcpy to be a pure function. (PredicateCPA:ExpressionToFormulaVisitor.visit, INFO)

Assuming external function might_fault to be a constant function. (PredicateCPA:ExpressionToFormulaVisitor.visit, INFO)

Assuming external function _copy_from_user to be a pure function. (PredicateCPA:ExpressionToFormulaVisitor.visit, INFO)

Assuming external function __copy_from_user_overflow to be a constant function. (PredicateCPA:ExpressionToFormulaVisitor.visit, INFO)

Assuming external function capable to be a pure function. (PredicateCPA:ExpressionToFormulaVisitor.visit, INFO)

Assuming external function memset to be a pure function. (PredicateCPA:ExpressionToFormulaVisitor.visit, INFO)

Assuming external function _copy_to_user to be a pure function. (PredicateCPA:ExpressionToFormulaVisitor.visit, INFO)

Assuming external function __copy_to_user_overflow to be a constant function. (PredicateCPA:ExpressionToFormulaVisitor.visit, INFO)

Assuming external function fddi_change_mtu to be a pure function. (PredicateCPA:ExpressionToFormulaVisitor.visit, INFO)

line 10427: Ignoring call via function pointer ldv_pci_instance_resume_early_2_6::arg0 for which no suitable target was found in line: (*arg0)(arg1); (FunctionPointerCPA:FunctionPointerTransferRelation.getAbstractSuccessorsForEdge, WARNING)

line 10427: Ignoring function call through function pointer *arg0: (*arg0)(arg1); (PredicateCPA:ExpressionToFormulaVisitor.visit, WARNING)

line 10416: Ignoring call via function pointer ldv_pci_instance_resume_2_5::arg0 for which no suitable target was found in line: (*arg0)(arg1); (FunctionPointerCPA:FunctionPointerTransferRelation.getAbstractSuccessorsForEdge, WARNING)

line 10416: Ignoring function call through function pointer *arg0: (*arg0)(arg1); (PredicateCPA:ExpressionToFormulaVisitor.visit, WARNING)

line 10450: Ignoring call via function pointer ldv_pci_instance_suspend_2_8::arg0 for which no suitable target was found in line: tmp = (*arg0)(arg1, arg2); (FunctionPointerCPA:FunctionPointerTransferRelation.getAbstractSuccessorsForEdge, WARNING)

line 10450: Ignoring function call through function pointer *arg0: tmp = (*arg0)(arg1, arg2); (PredicateCPA:ExpressionToFormulaVisitor.visit, WARNING)

line 10462: Ignoring call via function pointer ldv_pci_instance_suspend_late_2_7::arg0 for which no suitable target was found in line: tmp = (*arg0)(arg1, arg2); (FunctionPointerCPA:FunctionPointerTransferRelation.getAbstractSuccessorsForEdge, WARNING)

line 10462: Ignoring function call through function pointer *arg0: tmp = (*arg0)(arg1, arg2); (PredicateCPA:ExpressionToFormulaVisitor.visit, WARNING)

line 10438: Ignoring call via function pointer ldv_pci_instance_shutdown_2_3::arg0 for which no suitable target was found in line: (*arg0)(arg1); (FunctionPointerCPA:FunctionPointerTransferRelation.getAbstractSuccessorsForEdge, WARNING)

line 10438: Ignoring function call through function pointer *arg0: (*arg0)(arg1); (PredicateCPA:ExpressionToFormulaVisitor.visit, WARNING)

Assuming external function unregister_netdev to be a pure function. (PredicateCPA:ExpressionToFormulaVisitor.visit, INFO)

Assuming external function strcpy to be a pure function. (PredicateCPA:ExpressionToFormulaVisitor.visit, INFO)

Assuming external function iowrite16 to be a pure function. (PredicateCPA:ExpressionToFormulaVisitor.visit, INFO)

Assuming external function iowrite8 to be a pure function. (PredicateCPA:ExpressionToFormulaVisitor.visit, INFO)

line 6616: Return type of function __builtin_unreachable is void, but result is used as type int: __builtin_unreachable(); (PredicateCPA:CtoFormulaConverter.getReturnType, WARNING)

Assuming external function __builtin_unreachable to be a constant function. (PredicateCPA:ExpressionToFormulaVisitor.visit, INFO)

line 6626: Ignoring function call through function pointer *(ops->unmap_page): (*(ops->unmap_page))(dev, addr, size, dir, attrs); (PredicateCPA:ExpressionToFormulaVisitor.visit, WARNING)

Assuming external function debug_dma_unmap_page to be a pure function. (PredicateCPA:ExpressionToFormulaVisitor.visit, INFO)

Assuming external function __dev_kfree_skb_irq to be a pure function. (PredicateCPA:ExpressionToFormulaVisitor.visit, INFO)

Assuming external function free_irq to be a pure function. (PredicateCPA:ExpressionToFormulaVisitor.visit, INFO)

Assuming external function skb_queue_purge to be a pure function. (PredicateCPA:ExpressionToFormulaVisitor.visit, INFO)

Assuming external function iounmap to be a pure function. (PredicateCPA:ExpressionToFormulaVisitor.visit, INFO)

Assuming external function pci_release_regions to be a pure function. (PredicateCPA:ExpressionToFormulaVisitor.visit, INFO)

Assuming external function free_netdev to be a pure function. (PredicateCPA:ExpressionToFormulaVisitor.visit, INFO)

line 6326: Return type of function __builtin_unreachable is void, but result is used as type int: __builtin_unreachable(); (PredicateCPA:CtoFormulaConverter.getReturnType, WARNING)

Assuming external function debug_dma_free_coherent to be a pure function. (PredicateCPA:ExpressionToFormulaVisitor.visit, INFO)

line 6753: Ignoring function call through function pointer *(ops->free): (*(ops->free))(dev, size, vaddr, bus, attrs); (PredicateCPA:ExpressionToFormulaVisitor.visit, WARNING)

Assuming external function pci_disable_device to be a pure function. (PredicateCPA:ExpressionToFormulaVisitor.visit, INFO)

Assuming external function ldv_pre_probe to be a constant function. (PredicateCPA:ExpressionToFormulaVisitor.visit, INFO)

Assuming external function pci_enable_device to be a pure function. (PredicateCPA:ExpressionToFormulaVisitor.visit, INFO)

Assuming external function pci_request_regions to be a pure function. (PredicateCPA:ExpressionToFormulaVisitor.visit, INFO)

Assuming external function pci_set_master to be a pure function. (PredicateCPA:ExpressionToFormulaVisitor.visit, INFO)

Assuming external function ioremap_nocache to be a pure function. (PredicateCPA:ExpressionToFormulaVisitor.visit, INFO)

Assuming external function alloc_fddidev to be a pure function. (PredicateCPA:ExpressionToFormulaVisitor.visit, INFO)

Assuming external function __raw_spin_lock_init to be a pure function. (PredicateCPA:ExpressionToFormulaVisitor.visit, INFO)

line 6712: Ignoring function call through function pointer *(ops->alloc): memory = (*(ops->alloc))(dev, size, dma_handle, tmp___1, attrs); (PredicateCPA:ExpressionToFormulaVisitor.visit, WARNING)

Assuming external function debug_dma_alloc_coherent to be a pure function. (PredicateCPA:ExpressionToFormulaVisitor.visit, INFO)

Assuming external function ioread8 to be a pure function. (PredicateCPA:ExpressionToFormulaVisitor.visit, INFO)

Assuming external function ldv_pre_register_netdev to be a constant function. (PredicateCPA:ExpressionToFormulaVisitor.visit, INFO)

Assuming external function request_threaded_irq to be a pure function. (PredicateCPA:ExpressionToFormulaVisitor.visit, INFO)

Assuming external function ioread16 to be a pure function. (PredicateCPA:ExpressionToFormulaVisitor.visit, INFO)

Assuming external function __alloc_skb to be a pure function. (PredicateCPA:ExpressionToFormulaVisitor.visit, INFO)

Assuming external function skb_put to be a pure function. (PredicateCPA:ExpressionToFormulaVisitor.visit, INFO)

line 6580: Return type of function __builtin_unreachable is void, but result is used as type int: __builtin_unreachable(); (PredicateCPA:CtoFormulaConverter.getReturnType, WARNING)

Assuming external function __phys_addr to be a pure function. (PredicateCPA:ExpressionToFormulaVisitor.visit, INFO)

lines 6587-6588: Ignoring function call through function pointer *(ops->map_page): addr = (*(ops->map_page))(dev, ((struct page *)0L) + (tmp___2 >> 12), ((unsigned long)ptr) & 4095UL, size, dir, attrs); (PredicateCPA:ExpressionToFormulaVisitor.visit, WARNING)

Assuming external function debug_dma_map_page to be a pure function. (PredicateCPA:ExpressionToFormulaVisitor.visit, INFO)

Shutdown requested (The CPU-time limit of 30s has elapsed.), waiting for termination. (ForceTerminationOnShutdown$1.shutdownRequested, WARNING)

Warning: Analysis interrupted (The CPU-time limit of 30s has elapsed.) (ShutdownNotifier.shutdownIfNecessary, WARNING)

PredicateCPA statistics
-----------------------
Number of abstractions:            5612 (14% of all post computations)
  Times abstraction was reused:    0
  Because of function entry/exit:  5072 (90%)
  Because of loop head:            533 (9%)
  Because of join nodes:           0 (0%)
  Because of threshold:            0 (0%)
  Because of target state:         7 (0%)
  Times precision was empty:       5469 (97%)
  Times precision was {false}:     46 (1%)
  Times result was cached:         71 (1%)
  Times cartesian abs was used:    0 (0%)
  Times boolean abs was used:      26 (0%)
  Times result was 'false':        34 (1%)
Number of strengthen sat checks:   0
Number of coverage checks:         4629
  BDD entailment checks:           1721
Number of SMT sat checks:          0
  trivial:                         0
  cached:                          0

Max ABE block size:                       73
Number of predicates discovered:          6
Number of abstraction locations:          11
Max number of predicates per location:    5
Avg number of predicates per location:    2
Total predicates per abstraction:         299
Max number of predicates per abstraction: 5
Avg number of predicates per abstraction: 4.15
Number of irrelevant predicates:          193 (65%)
Number of preds handled by boolean abs:   62 (21%)
  Total number of models for allsat:      24
  Max number of models for allsat:        1
  Avg number of models for allsat:        0.92

Time for post operator:                 13.090s
  Time for path formula creation:       12.926s
Time for strengthen operator:            0.178s
Time for prec operator:                  1.340s
  Time for abstraction:                  0.588s (Max:     0.026s, Count: 5612)
    Boolean abstraction:                 0.118s
    Solving time:                        0.074s (Max:     0.012s)
    Model enumeration time:              0.012s
    Time for BDD construction:           0.011s (Max:     0.008s)
Time for merge operator:                 0.892s
Time for coverage check:                 0.080s
  Time for BDD entailment checks:        0.078s
Total time for SMT solver (w/o itp):     0.086s

Number of path formula cache hits:   6032 (14%)

Inside post operator:                  
  Inside path formula creation:        
    Time for path formula computation:    10.492s

Total number of created targets for pointer analysis: 37007
   Number of created targets for uf: *unsigned_short_int is 307
   Number of created targets for uf: *(void)* is 7
   Number of created targets for uf: *signed_int is 4
   Number of created targets for uf: *unsigned_char is 47
   Number of created targets for uf: *char is 345
   Number of created targets for uf: *unsigned_int is 2


Number of BDD nodes:                               212
Size of BDD node table:                            270749
Size of BDD cache:                                 27073
Size of BDD node cleanup queue:                         115 (count: 7617, min: 0, max: 104, avg: 0.02)
Time for BDD node cleanup:                             0.005s
Time for BDD garbage collection:                       0.000s (in 0 runs)

PrecisionBootstrap statistics
-----------------------------
Init. function predicates:                         0
Init. global predicates:                           0
Init. location predicates:                         0

Invariant Generation statistics
-------------------------------

AutomatonAnalysis (SVCOMP) statistics
-------------------------------------
Number of states:                                  1
Total time for successor computation:                  0.337s
Automaton transfers with branching:                0
Automaton transfer successors:                        40615 (count: 40615, min: 1, max: 1, avg: 1.00) [1 x 40615]

CPA algorithm statistics
------------------------
Number of iterations:            23011
Max size of waitlist:            72
Average size of waitlist:        29
Number of computed successors:   26341
Max successors for one state:    2
Number of times merged:          1454
Number of times stopped:         3175
Number of times breaked:         7

Total time for CPA algorithm:        19.563s (Max:    17.375s)
  Time for choose from waitlist:      0.121s
  Time for precision adjustment:      2.118s
  Time for transfer relation:        15.283s
  Time for merge operator:            1.044s
  Time for stop operator:             0.297s
  Time for adding to reached set:     0.250s

Predicate-Abstraction Refiner statistics
----------------------------------------
Number of predicate refinements:                   7
Avg. length of target path (in blocks):                 132 (count: 7, min: 13, max: 29, avg: 18.86)
Number of infeasible sliced prefixes:                     0 (count: 0, min: 0, max: 0, avg: 0.00)

Time for refinement:                                   0.273s
  Counterexample analysis:                             0.199s (Max:     0.050s, Calls: 7)
    Refinement sat check:                              0.137s
    Interpolant computation:                           0.000s
  Path-formulas extraction:                            0.000s
  Error path post-processing:                          0.000s
  Predicate creation:                                  0.015s
  Precision update:                                    0.004s
  ARG update:                                          0.038s

Length of refined path (in blocks):                      63 (count: 7, min: 9, max: 9, avg: 9.00)
Number of affected states:                               28 (count: 7, min: 4, max: 4, avg: 4.00)
Length (states) of path with itp 'true':                 28 (count: 7, min: 4, max: 4, avg: 4.00)
Length (states) of path with itp non-trivial itp:        28 (count: 7, min: 4, max: 4, avg: 4.00)
Length (states) of path with itp 'false':                 7 (count: 7, min: 1, max: 1, avg: 1.00)
Different non-trivial interpolants along paths:           0 (count: 7, min: 0, max: 0, avg: 0.00)
Equal non-trivial interpolants along paths:              21 (count: 7, min: 3, max: 3, avg: 3.00)
Number of refs with location-based cutoff:                0

CEGAR algorithm statistics
--------------------------
Number of refinements:                7
Number of successful refinements:     7
Number of failed refinements:         0
Max. size of reached set before ref.: 370
Max. size of reached set after ref.:  12
Avg. size of reached set before ref.: 203.86
Avg. size of reached set after ref.:  12.00

Total time for CEGAR algorithm:      19.885s
Time for refinements:                 0.321s
Average time for refinement:          0.045s
Max time for refinement:              0.099s

Code Coverage
-----------------------------
  Function coverage:      0.430
  Visited lines:          5873
  Total lines:            11422
  Line coverage:          0.514
  Visited conditions:     1576
  Total conditions:       3850
  Condition coverage:     0.409

CPAchecker general statistics
-----------------------------
Number of program locations:     16248
Number of CFA edges:             18881
Number of relevant variables:    2151
Number of functions:             523
Number of loops:                 116
Size of reached set:             21790
  Number of reached locations:   4472 (28%)
    Avg states per location:     4
    Max states per location:     1500 (at node N15672)
  Number of reached functions:   225 (43%)
  Number of partitions:          21790
    Avg size of partitions:      1
    Max size of partitions:      1
  Number of target states:       0
  Size of final wait list        61

Time for analysis setup:         10.385s
  Time for loading CPAs:          1.164s
  Time for loading parser:        0.677s
  Time for CFA construction:      8.382s
    Time for parsing file(s):     1.652s
    Time for AST to CFA:          3.112s
    Time for CFA sanity check:    0.778s
    Time for post-processing:     2.620s
      Time for var class.:        1.423s
Time for Analysis:               19.885s
CPU time for analysis:           19.890s
Total time for CPAchecker:       30.277s
Total CPU time for CPAchecker:   30.240s
Time for statistics:              0.534s

Time for Garbage Collector:       0.954s (in 43 runs)
Garbage Collector(s) used:    Copy, MarkSweepCompact
Used heap memory:                107MB (   102 MiB) max;     66MB (    63 MiB) avg;    113MB (   107 MiB) peak
Used non-heap memory:             41MB (    39 MiB) max;     34MB (    32 MiB) avg;     41MB (    39 MiB) peak
Allocated heap memory:           127MB (   121 MiB) max;    127MB (   121 MiB) avg
Allocated non-heap memory:        42MB (    40 MiB) max;     36MB (    34 MiB) avg
Total process virtual memory:   8085MB (  7711 MiB) max;   8068MB (  7695 MiB) avg

Verification result: UNKNOWN, incomplete analysis.
More details about the verification run can be found in the directory "./output".
