scripts/cpa.sh -Dy-MySearchStrategy-PredAbs-ABEl -heap 5600000000 -timelimit 900 -preprocess -stats -noout -setprop cpa.predicate.memoryAllocationsAlwaysSucceed=true -spec ../sv-benchmarks/c/ReachSafety.prp ../sv-benchmarks/c/product-lines/minepump_spec3_product54_true-unreach-call_false-termination.cil.c


--------------------------------------------------------------------------------


Running CPAchecker with Java heap of size 5600000000.
Running CPAchecker with default stack size (1024k). Specify a larger value with -stack if needed.
Running CPAchecker with the following extra VM options:  -Djava.io.tmpdir=/tmp/BenchExec_run_9bmp91n1/tmp
Using the following resource limits: CPU-time limit of 900s (ResourceLimitChecker.fromConfiguration, INFO)

CPAchecker (unknown version) (OpenJDK 64-Bit Server VM 1.8.0_162) started (CPAchecker.run, INFO)

line 92: Dead code detected: return (retValue_acc); (CFACreationUtils.addEdgeToCFA, INFO)

line 124: Dead code detected: return (retValue_acc); (CFACreationUtils.addEdgeToCFA, INFO)

line 138: Dead code detected: return (retValue_acc); (CFACreationUtils.addEdgeToCFA, INFO)

line 147: Dead code detected: return (retValue_acc); (CFACreationUtils.addEdgeToCFA, INFO)

line 249: Dead code detected: return (retValue_acc); (CFACreationUtils.addEdgeToCFA, INFO)

line 305: Dead code detected: return (retValue_acc); (CFACreationUtils.addEdgeToCFA, INFO)

line 328: Dead code detected: return (retValue_acc); (CFACreationUtils.addEdgeToCFA, INFO)

line 648: Dead code detected: return (retValue_acc); (CFACreationUtils.addEdgeToCFA, INFO)

line 694: Dead code detected: return (retValue_acc); (CFACreationUtils.addEdgeToCFA, INFO)

line 904: Dead code detected: return (retValue_acc); (CFACreationUtils.addEdgeToCFA, INFO)

line 913: Dead code detected: return (retValue_acc); (CFACreationUtils.addEdgeToCFA, INFO)

line 968: Dead code detected: return (retValue_acc); (CFACreationUtils.addEdgeToCFA, INFO)

line 987: Dead code detected: return (retValue_acc); (CFACreationUtils.addEdgeToCFA, INFO)

line 485: Function pointer *__cil_tmp10 with type int (*)(int, int) is called, but no possible target functions were found. (CFunctionPointerResolver.replaceFunctionPointerCall, WARNING)

MathSAT5 is available for research and evaluation purposes only. It can not be used in a commercial environment, particularly as part of a commercial product, without written permission. MathSAT5 is provided as is, without any warranty. Please write to mathsat@fbk.eu for additional questions regarding licensing MathSAT5 or obtaining more up-to-date versions. (PredicateCPA:JavaSMT:Mathsat5SolverContext.<init>, WARNING)

Using predicate analysis with MathSAT5 version 5.3.14 (0b98b661254c) (Nov 17 2016 10:59:45, gmp 5.1.3, gcc 4.8.5, 64-bit) and JFactory 1.21. (PredicateCPA:PredicateCPA.<init>, INFO)

Using refinement for predicate analysis with PredicateAbstractionRefinementStrategy strategy. (PredicateCPA:PredicateCPARefiner.<init>, INFO)

Starting analysis ... (CPAchecker.runAlgorithm, INFO)

Stopping analysis ... (CPAchecker.runAlgorithm, INFO)

PredicateCPA statistics
-----------------------
Number of abstractions:            25 (1% of all post computations)
  Times abstraction was reused:    0
  Because of function entry/exit:  0 (0%)
  Because of loop head:            13 (52%)
  Because of join nodes:           0 (0%)
  Because of threshold:            0 (0%)
  Because of target state:         12 (48%)
  Times precision was empty:       3 (12%)
  Times precision was {false}:     15 (60%)
  Times result was cached:         0 (0%)
  Times cartesian abs was used:    0 (0%)
  Times boolean abs was used:      7 (28%)
  Times result was 'false':        13 (52%)
Number of strengthen sat checks:   0
Number of coverage checks:         755
  BDD entailment checks:           5
Number of SMT sat checks:          0
  trivial:                         0
  cached:                          0

Max ABE block size:                       77
Number of predicates discovered:          11
Number of abstraction locations:          3
Max number of predicates per location:    10
Avg number of predicates per location:    4
Total predicates per abstraction:         59
Max number of predicates per abstraction: 10
Avg number of predicates per abstraction: 2.68
Number of irrelevant predicates:          15 (25%)
Number of preds handled by boolean abs:   44 (75%)
  Total number of models for allsat:      17
  Max number of models for allsat:        4
  Avg number of models for allsat:        2.43

Time for post operator:                  0.572s
  Time for path formula creation:        0.551s
Time for strengthen operator:            0.042s
Time for prec operator:                  0.443s
  Time for abstraction:                  0.386s (Max:     0.042s, Count: 25)
    Boolean abstraction:                 0.086s
    Solving time:                        0.146s (Max:     0.018s)
    Model enumeration time:              0.009s
    Time for BDD construction:           0.020s (Max:     0.007s)
Time for merge operator:                 0.116s
Time for coverage check:                 0.001s
  Time for BDD entailment checks:        0.001s
Total time for SMT solver (w/o itp):     0.155s

Number of path formula cache hits:   2952 (59%)

Inside post operator:                  
  Inside path formula creation:        
    Time for path formula computation:     0.518s

Total number of created targets for pointer analysis: 0


Number of BDD nodes:                               385
Size of BDD node table:                            270749
Size of BDD cache:                                 27073
Size of BDD node cleanup queue:                          69 (count: 217, min: 0, max: 69, avg: 0.32)
Time for BDD node cleanup:                             0.010s
Time for BDD garbage collection:                       0.000s (in 0 runs)

PrecisionBootstrap statistics
-----------------------------
Init. function predicates:                         0
Init. global predicates:                           0
Init. location predicates:                         0

Invariant Generation statistics
-------------------------------

AutomatonAnalysis (SVCOMP) statistics
-------------------------------------
Number of states:                                  1
Total time for successor computation:                  0.059s
Automaton transfers with branching:                0
Automaton transfer successors:                         4766 (count: 4766, min: 1, max: 1, avg: 1.00) [1 x 4766]

CPA algorithm statistics
------------------------
Number of iterations:            3657
Max size of waitlist:            10
Average size of waitlist:        5
Number of computed successors:   4054
Max successors for one state:    2
Number of times merged:          375
Number of times stopped:         376
Number of times breaked:         3

Total time for CPA algorithm:         2.094s (Max:     0.662s)
  Time for choose from waitlist:      0.027s
  Time for precision adjustment:      0.596s
  Time for transfer relation:         1.061s
  Time for merge operator:            0.179s
  Time for stop operator:             0.043s
  Time for adding to reached set:     0.060s

Predicate-Abstraction Refiner statistics
----------------------------------------
Number of predicate refinements:                   3
Avg. length of target path (in blocks):                   8 (count: 3, min: 2, max: 3, avg: 2.67)
Number of infeasible sliced prefixes:                     0 (count: 0, min: 0, max: 0, avg: 0.00)

Time for refinement:                                   0.181s
  Counterexample analysis:                             0.093s (Max:     0.048s, Calls: 3)
    Refinement sat check:                              0.048s
    Interpolant computation:                           0.000s
  Path-formulas extraction:                            0.000s
  Error path post-processing:                          0.000s
  Predicate creation:                                  0.016s
  Precision update:                                    0.003s
  ARG update:                                          0.031s

Length of refined path (in blocks):                       7 (count: 3, min: 2, max: 3, avg: 2.33)
Number of affected states:                                4 (count: 3, min: 1, max: 2, avg: 1.33)
Length (states) of path with itp 'true':                  0 (count: 3, min: 0, max: 0, avg: 0.00)
Length (states) of path with itp non-trivial itp:         4 (count: 3, min: 1, max: 2, avg: 1.33)
Length (states) of path with itp 'false':                 1 (count: 3, min: 0, max: 1, avg: 0.33)
Different non-trivial interpolants along paths:           1 (count: 3, min: 0, max: 1, avg: 0.33)
Equal non-trivial interpolants along paths:               0 (count: 3, min: 0, max: 0, avg: 0.00)
Number of refs with location-based cutoff:                0

CEGAR algorithm statistics
--------------------------
Number of refinements:                3
Number of successful refinements:     3
Number of failed refinements:         0
Max. size of reached set before ref.: 1249
Max. size of reached set after ref.:  28
Avg. size of reached set before ref.: 832.67
Avg. size of reached set after ref.:  28.00

Total time for CEGAR algorithm:       2.304s
Time for refinements:                 0.206s
Average time for refinement:          0.068s
Max time for refinement:              0.097s

Code Coverage
-----------------------------
  Function coverage:      0.744
  Visited lines:          154
  Total lines:            452
  Line coverage:          0.341
  Visited conditions:     46
  Total conditions:       78
  Condition coverage:     0.590

CPAchecker general statistics
-----------------------------
Number of program locations:     651
Number of CFA edges:             705
Number of relevant variables:    122
Number of functions:             39
Number of loops:                 5
Size of reached set:             1252
  Number of reached locations:   203 (31%)
    Avg states per location:     6
    Max states per location:     32 (at node N539)
  Number of reached functions:   29 (74%)
  Number of partitions:          1251
    Avg size of partitions:      1
    Max size of partitions:      2 (with key [N494 (before lines 709-756), Function test called from node N116, stack depth 3 [4416d64f], stack [main, runTest, test]])
  Number of target states:       0

Time for analysis setup:          3.539s
  Time for loading CPAs:          0.890s
  Time for loading parser:        0.821s
  Time for CFA construction:      1.617s
    Time for parsing file(s):     0.531s
    Time for AST to CFA:          0.374s
    Time for CFA sanity check:    0.125s
    Time for post-processing:     0.384s
      Time for var class.:        0.163s
Time for Analysis:                2.305s
CPU time for analysis:            2.300s
Time for analyzing result:        0.009s
Total time for CPAchecker:        5.851s
Total CPU time for CPAchecker:    5.840s
Time for statistics:              0.167s

Time for Garbage Collector:       0.127s (in 6 runs)
Garbage Collector(s) used:    Copy, MarkSweepCompact
Used heap memory:                 58MB (    55 MiB) max;     31MB (    30 MiB) avg;     62MB (    59 MiB) peak
Used non-heap memory:             33MB (    31 MiB) max;     25MB (    24 MiB) avg;     34MB (    33 MiB) peak
Allocated heap memory:           127MB (   121 MiB) max;    127MB (   121 MiB) avg
Allocated non-heap memory:        36MB (    34 MiB) max;     27MB (    26 MiB) avg
Total process virtual memory:   8134MB (  7758 MiB) max;   8072MB (  7698 MiB) avg

Verification result: TRUE. No property violation found by chosen configuration.
More details about the verification run can be found in the directory "./output".
