scripts/cpa.sh -Dy-MySearchStrategy-PredAbs-ABElf -heap 5600000000 -timelimit 900 -preprocess -stats -noout -setprop cpa.predicate.memoryAllocationsAlwaysSucceed=true -spec ../sv-benchmarks/c/ReachSafety.prp ../sv-benchmarks/c/ldv-sets/test_mutex_unbounded_true-unreach-call.i


--------------------------------------------------------------------------------


Running CPAchecker with Java heap of size 5600000000.
Running CPAchecker with default stack size (1024k). Specify a larger value with -stack if needed.
Running CPAchecker with the following extra VM options:  -Djava.io.tmpdir=/tmp/BenchExec_run_l950p9xv/tmp
Using the following resource limits: CPU-time limit of 900s (ResourceLimitChecker.fromConfiguration, INFO)

CPAchecker (unknown version) (OpenJDK 64-Bit Server VM 1.8.0_151) started (CPAchecker.run, INFO)

MathSAT5 is available for research and evaluation purposes only. It can not be used in a commercial environment, particularly as part of a commercial product, without written permission. MathSAT5 is provided as is, without any warranty. Please write to mathsat@fbk.eu for additional questions regarding licensing MathSAT5 or obtaining more up-to-date versions. (PredicateCPA:JavaSMT:Mathsat5SolverContext.<init>, WARNING)

Using predicate analysis with MathSAT5 version 5.3.14 (0b98b661254c) (Nov 17 2016 10:59:45, gmp 5.1.3, gcc 4.8.5, 64-bit) and JFactory 1.21. (PredicateCPA:PredicateCPA.<init>, INFO)

Using refinement for predicate analysis with PredicateAbstractionRefinementStrategy strategy. (PredicateCPA:PredicateCPARefiner.<init>, INFO)

Starting analysis ... (CPAchecker.runAlgorithm, INFO)

Error: Refinement failed: Interpolation failed (cur_eq unknown to the classifier) (InterpolationManager.fallbackWithoutInterpolation, SEVERE)

PredicateCPA statistics
-----------------------
Number of abstractions:            693 (23% of all post computations)
  Times abstraction was reused:    0
  Because of function entry/exit:  484 (70%)
  Because of loop head:            178 (26%)
  Because of join nodes:           0 (0%)
  Because of threshold:            0 (0%)
  Because of target state:         31 (4%)
  Times precision was empty:       89 (13%)
  Times precision was {false}:     27 (4%)
  Times result was cached:         191 (28%)
  Times cartesian abs was used:    0 (0%)
  Times boolean abs was used:      386 (56%)
  Times result was 'false':        72 (10%)
Number of strengthen sat checks:   0
Number of coverage checks:         292
  BDD entailment checks:           224
Number of SMT sat checks:          0
  trivial:                         0
  cached:                          0

Max ABE block size:                       6
Number of predicates discovered:          71
Number of abstraction locations:          32
Max number of predicates per location:    22
Avg number of predicates per location:    6
Total predicates per abstraction:         4129
Max number of predicates per abstraction: 22
Avg number of predicates per abstraction: 10.00
Number of irrelevant predicates:          151 (4%)
Number of preds handled by boolean abs:   3236 (78%)
  Total number of models for allsat:      36016
  Max number of models for allsat:        9664
  Avg number of models for allsat:        93.31

Time for post operator:                  0.672s
  Time for path formula creation:        0.662s
Time for strengthen operator:            0.025s
Time for prec operator:                  8.590s
  Time for abstraction:                  8.503s (Max:     1.356s, Count: 693)
    Boolean abstraction:                 7.172s
    Solving time:                        0.924s (Max:     0.021s)
    Model enumeration time:              4.346s
    Time for BDD construction:           1.654s (Max:     0.328s)
Time for merge operator:                 0.018s
Time for coverage check:                 0.007s
  Time for BDD entailment checks:        0.007s
Total time for SMT solver (w/o itp):     5.270s

Number of path formula cache hits:   2447 (71%)

Inside post operator:                  
  Inside path formula creation:        
    Time for path formula computation:     0.622s

Total number of created targets for pointer analysis: 242
   Number of created targets for uf: *(struct_mutex)* is 4
   Number of created targets for uf: *(struct_ldv_list_head)* is 59


Number of BDD nodes:                               39016
Size of BDD node table:                            270749
Size of BDD cache:                                 27073
Size of BDD node cleanup queue:                        9011 (count: 6494, min: 0, max: 1659, avg: 1.39)
Time for BDD node cleanup:                             0.008s
Time for BDD garbage collection:                       0.076s (in 1 runs)

PrecisionBootstrap statistics
-----------------------------
Init. function predicates:                         0
Init. global predicates:                           0
Init. location predicates:                         0

Invariant Generation statistics
-------------------------------

AutomatonAnalysis (SVCOMP) statistics
-------------------------------------
Number of states:                                  1
Total time for successor computation:                  0.076s
Automaton transfers with branching:                0
Automaton transfer successors:                         2978 (count: 2978, min: 1, max: 1, avg: 1.00) [1 x 2978]

CPA algorithm statistics
------------------------
Number of iterations:            1637
Max size of waitlist:            9
Average size of waitlist:        3
Number of computed successors:   1827
Max successors for one state:    2
Number of times merged:          34
Number of times stopped:         72
Number of times breaked:         11

Total time for CPA algorithm:         9.906s (Max:     3.831s)
  Time for choose from waitlist:      0.020s
  Time for precision adjustment:      8.708s
  Time for transfer relation:         0.987s
  Time for merge operator:            0.040s
  Time for stop operator:             0.064s
  Time for adding to reached set:     0.036s

Predicate-Abstraction Refiner statistics
----------------------------------------
Number of predicate refinements:                   11
Avg. length of target path (in blocks):                 276 (count: 11, min: 10, max: 38, avg: 25.09)
Number of infeasible sliced prefixes:                     0 (count: 0, min: 0, max: 0, avg: 0.00)

Time for refinement:                                   0.609s
  Counterexample analysis:                             0.487s (Max:     0.085s, Calls: 11)
    Refinement sat check:                              0.170s
    Interpolant computation:                           0.000s
  Path-formulas extraction:                            0.000s
  Error path post-processing:                          0.000s
  Predicate creation:                                  0.043s
  Precision update:                                    0.043s
  ARG update:                                          0.022s

Length of refined path (in blocks):                     224 (count: 10, min: 6, max: 38, avg: 22.40)
Number of affected states:                              214 (count: 10, min: 5, max: 37, avg: 21.40)
Length (states) of path with itp 'true':                  0 (count: 10, min: 0, max: 0, avg: 0.00)
Length (states) of path with itp non-trivial itp:       214 (count: 10, min: 5, max: 37, avg: 21.40)
Length (states) of path with itp 'false':                 4 (count: 10, min: 0, max: 1, avg: 0.40)
Different non-trivial interpolants along paths:         103 (count: 10, min: 1, max: 21, avg: 10.30)
Equal non-trivial interpolants along paths:             101 (count: 10, min: 3, max: 20, avg: 10.10)
Number of refs with location-based cutoff:                0

CEGAR algorithm statistics
--------------------------
Number of refinements:                11
Number of successful refinements:     10
Number of failed refinements:         1
Max. size of reached set before ref.: 293
Max. size of reached set after ref.:  3
Avg. size of reached set before ref.: 155.82
Avg. size of reached set after ref.:  3.00

Total time for CEGAR algorithm:      10.557s
Time for refinements:                 0.651s
Average time for refinement:          0.059s
Max time for refinement:              0.109s

Code Coverage
-----------------------------
  Function coverage:      0.636
  Visited lines:          182
  Total lines:            200
  Line coverage:          0.910
  Visited conditions:     20
  Total conditions:       26
  Condition coverage:     0.769

CPAchecker general statistics
-----------------------------
Number of program locations:     488
Number of CFA edges:             499
Number of relevant variables:    64
Number of functions:             22
Number of loops:                 5
Size of reached set:             293
  Number of reached locations:   89 (18%)
    Avg states per location:     3
    Max states per location:     8 (at node N104)
  Number of reached functions:   14 (64%)
  Number of partitions:          278
    Avg size of partitions:      1
    Max size of partitions:      5 (with key [N178 (before line 685), Function foo called from node N201, stack depth 2 [e3b0369], stack [main, foo]])
  Number of target states:       1
  Size of final wait list        6

Time for analysis setup:          2.929s
  Time for loading CPAs:          0.721s
  Time for loading parser:        0.688s
  Time for CFA construction:      1.354s
    Time for parsing file(s):     0.544s
    Time for AST to CFA:          0.357s
    Time for CFA sanity check:    0.082s
    Time for post-processing:     0.267s
      Time for var class.:        0.123s
Time for Analysis:               10.557s
CPU time for analysis:           10.570s
Total time for CPAchecker:       13.499s
Total CPU time for CPAchecker:   13.500s
Time for statistics:              0.069s

Time for Garbage Collector:       0.141s (in 14 runs)
Garbage Collector(s) used:    Copy, MarkSweepCompact
Used heap memory:                 61MB (    58 MiB) max;     39MB (    37 MiB) avg;     63MB (    60 MiB) peak
Used non-heap memory:             36MB (    34 MiB) max;     31MB (    30 MiB) avg;     37MB (    35 MiB) peak
Allocated heap memory:           127MB (   121 MiB) max;    127MB (   121 MiB) avg
Allocated non-heap memory:        38MB (    36 MiB) max;     33MB (    32 MiB) avg
Total process virtual memory:   8085MB (  7711 MiB) max;   8064MB (  7690 MiB) avg

Verification result: UNKNOWN, incomplete analysis.
More details about the verification run can be found in the directory "./output".
