scripts/cpa.sh -Dy-MySearchStrategy-PredAbs-ABEl -heap 5600000000 -timelimit 900 -preprocess -stats -noout -setprop cpa.predicate.memoryAllocationsAlwaysSucceed=true -spec ../sv-benchmarks/c/ReachSafety.prp ../sv-benchmarks/c/array-industry-pattern/array_of_struct_single_elem_init_true-unreach-call.i


--------------------------------------------------------------------------------


Running CPAchecker with Java heap of size 5600000000.
Running CPAchecker with default stack size (1024k). Specify a larger value with -stack if needed.
Running CPAchecker with the following extra VM options:  -Djava.io.tmpdir=/tmp/BenchExec_run_d4tx2rjp/tmp
Using the following resource limits: CPU-time limit of 900s (ResourceLimitChecker.fromConfiguration, INFO)

CPAchecker (unknown version) (OpenJDK 64-Bit Server VM 1.8.0_162) started (CPAchecker.run, INFO)

MathSAT5 is available for research and evaluation purposes only. It can not be used in a commercial environment, particularly as part of a commercial product, without written permission. MathSAT5 is provided as is, without any warranty. Please write to mathsat@fbk.eu for additional questions regarding licensing MathSAT5 or obtaining more up-to-date versions. (PredicateCPA:JavaSMT:Mathsat5SolverContext.<init>, WARNING)

Using predicate analysis with MathSAT5 version 5.3.14 (0b98b661254c) (Nov 17 2016 10:59:45, gmp 5.1.3, gcc 4.8.5, 64-bit) and JFactory 1.21. (PredicateCPA:PredicateCPA.<init>, INFO)

Using refinement for predicate analysis with PredicateAbstractionRefinementStrategy strategy. (PredicateCPA:PredicateCPARefiner.<init>, INFO)

Starting analysis ... (CPAchecker.runAlgorithm, INFO)

Shutdown requested (The CPU-time limit of 900s has elapsed.), waiting for termination. (ForceTerminationOnShutdown$1.shutdownRequested, WARNING)

Warning: Analysis interrupted (The CPU-time limit of 900s has elapsed.) (ShutdownNotifier.shutdownIfNecessary, WARNING)

PredicateCPA statistics
-----------------------
Number of abstractions:            11319 (11% of all post computations)
  Times abstraction was reused:    0
  Because of function entry/exit:  0 (0%)
  Because of loop head:            11215 (99%)
  Because of join nodes:           0 (0%)
  Because of threshold:            0 (0%)
  Because of target state:         104 (1%)
  Times precision was empty:       107 (1%)
  Times precision was {false}:     5554 (49%)
  Times result was cached:         0 (0%)
  Times cartesian abs was used:    0 (0%)
  Times boolean abs was used:      5658 (50%)
  Times result was 'false':        5451 (48%)
Number of strengthen sat checks:   0
Number of coverage checks:         208703
  BDD entailment checks:           197385
Number of SMT sat checks:          0
  trivial:                         0
  cached:                          0

Max ABE block size:                       6
Number of predicates discovered:          105
Number of abstraction locations:          2
Max number of predicates per location:    104
Avg number of predicates per location:    52
Total predicates per abstraction:         395814
Max number of predicates per abstraction: 104
Avg number of predicates per abstraction: 35.30
Number of irrelevant predicates:          5554 (1%)
Number of preds handled by boolean abs:   390260 (99%)
  Total number of models for allsat:      202938
  Max number of models for allsat:        104
  Avg number of models for allsat:        35.87

Time for post operator:                  1.907s
  Time for path formula creation:        1.816s
Time for strengthen operator:            0.115s
Time for prec operator:                854.137s
  Time for abstraction:                853.693s (Max:     0.637s, Count: 11319)
    Boolean abstraction:               747.336s
    Solving time:                      128.180s (Max:     0.050s)
    Model enumeration time:            596.213s
    Time for BDD construction:          63.276s (Max:     0.117s)
Time for merge operator:                 0.118s
Time for coverage check:                 3.397s
  Time for BDD entailment checks:        3.362s
Total time for SMT solver (w/o itp):   724.394s

Number of path formula cache hits:   109227 (97%)

Inside post operator:                  
  Inside path formula creation:        
    Time for path formula computation:     1.543s

Total number of created targets for pointer analysis: 12272
   Number of created targets for uf: *signed_int is 4057


Number of BDD nodes:                               226593
Size of BDD node table:                            270749
Size of BDD cache:                                 27073
Size of BDD node cleanup queue:                      959624 (count: 643183, min: 0, max: 3097, avg: 1.49)
Time for BDD node cleanup:                             0.334s
Time for BDD garbage collection:                       6.203s (in 836 runs)

PrecisionBootstrap statistics
-----------------------------
Init. function predicates:                         0
Init. global predicates:                           0
Init. location predicates:                         0

Invariant Generation statistics
-------------------------------

AutomatonAnalysis (SVCOMP) statistics
-------------------------------------
Number of states:                                  1
Total time for successor computation:                  0.331s
Automaton transfers with branching:                0
Automaton transfer successors:                       101561 (count: 101561, min: 1, max: 1, avg: 1.00) [1 x 101561]

CPA algorithm statistics
------------------------
Number of iterations:            62356
Max size of waitlist:            3
Average size of waitlist:        1
Number of computed successors:   73778
Max successors for one state:    2
Number of times merged:          5659
Number of times stopped:         5763
Number of times breaked:         104

Total time for CPA algorithm:       864.027s (Max:    25.500s)
  Time for choose from waitlist:      0.107s
  Time for precision adjustment:    854.918s
  Time for transfer relation:         3.831s
  Time for merge operator:            0.547s
  Time for stop operator:             3.704s
  Time for adding to reached set:     0.227s

Predicate-Abstraction Refiner statistics
----------------------------------------
Number of predicate refinements:                   104
Avg. length of target path (in blocks):                5668 (count: 104, min: 3, max: 106, avg: 54.50)
Number of infeasible sliced prefixes:                     0 (count: 0, min: 0, max: 0, avg: 0.00)

Time for refinement:                                  33.336s
  Counterexample analysis:                            32.724s (Max:     0.777s, Calls: 104)
    Refinement sat check:                             22.218s
    Interpolant computation:                           0.000s
  Path-formulas extraction:                            0.010s
  Error path post-processing:                          0.000s
  Predicate creation:                                  0.161s
  Precision update:                                    0.045s
  ARG update:                                          0.230s

Length of refined path (in blocks):                    5564 (count: 104, min: 2, max: 105, avg: 53.50)
Number of affected states:                             5460 (count: 104, min: 1, max: 104, avg: 52.50)
Length (states) of path with itp 'true':                  0 (count: 104, min: 0, max: 0, avg: 0.00)
Length (states) of path with itp non-trivial itp:      5460 (count: 104, min: 1, max: 104, avg: 52.50)
Length (states) of path with itp 'false':               104 (count: 104, min: 1, max: 1, avg: 1.00)
Different non-trivial interpolants along paths:        5356 (count: 104, min: 0, max: 103, avg: 51.50)
Equal non-trivial interpolants along paths:               0 (count: 104, min: 0, max: 0, avg: 0.00)
Number of refs with location-based cutoff:                0

CEGAR algorithm statistics
--------------------------
Number of refinements:                104
Number of successful refinements:     104
Number of failed refinements:         0
Max. size of reached set before ref.: 1161
Max. size of reached set after ref.:  3
Avg. size of reached set before ref.: 594.50
Avg. size of reached set after ref.:  3.00

Total time for CEGAR algorithm:     897.825s
Time for refinements:                33.790s
Average time for refinement:          0.324s
Max time for refinement:              0.789s

Code Coverage
-----------------------------
  Function coverage:      0.500
  Visited lines:          13
  Total lines:            18
  Line coverage:          0.722
  Visited conditions:     4
  Total conditions:       12
  Condition coverage:     0.333

CPAchecker general statistics
-----------------------------
Number of program locations:     44
Number of CFA edges:             49
Number of relevant variables:    5
Number of functions:             2
Number of loops:                 2
Size of reached set:             1048
  Number of reached locations:   14 (32%)
    Avg states per location:     74
    Max states per location:     95 (at node N12)
  Number of reached functions:   1 (50%)
  Number of partitions:          954
    Avg size of partitions:      1
    Max size of partitions:      95 (with key [N12 (before line 13), Function main called from node N8, stack depth 1 [f09733f], stack [main]])
  Number of target states:       0
  Size of final wait list        1

Time for analysis setup:          2.425s
  Time for loading CPAs:          0.754s
  Time for loading parser:        0.703s
  Time for CFA construction:      0.847s
    Time for parsing file(s):     0.339s
    Time for AST to CFA:          0.156s
    Time for CFA sanity check:    0.018s
    Time for post-processing:     0.159s
      Time for var class.:        0.074s
Time for Analysis:              897.825s
CPU time for analysis:          897.780s
Total time for CPAchecker:      900.255s
Total CPU time for CPAchecker:  900.200s
Time for statistics:              0.114s

Time for Garbage Collector:       3.905s (in 441 runs)
Garbage Collector(s) used:    Copy, MarkSweepCompact
Used heap memory:                103MB (    98 MiB) max;     63MB (    60 MiB) avg;    105MB (   100 MiB) peak
Used non-heap memory:             34MB (    33 MiB) max;     34MB (    32 MiB) avg;     35MB (    34 MiB) peak
Allocated heap memory:           127MB (   121 MiB) max;    127MB (   121 MiB) avg
Allocated non-heap memory:        37MB (    35 MiB) max;     37MB (    35 MiB) avg
Total process virtual memory:  10378MB (  9897 MiB) max;   9054MB (  8634 MiB) avg

Verification result: UNKNOWN, incomplete analysis.
More details about the verification run can be found in the directory "./output".
