scripts/cpa.sh -Dy-MySearchStrategy-PredAbs-ABEl -heap 5600000000 -timelimit 900 -preprocess -stats -noout -setprop cpa.predicate.memoryAllocationsAlwaysSucceed=true -spec ../sv-benchmarks/c/ReachSafety.prp ../sv-benchmarks/c/array-industry-pattern/array_of_struct_single_elem_init_true-unreach-call.i


--------------------------------------------------------------------------------


Running CPAchecker with Java heap of size 5600000000.
Running CPAchecker with default stack size (1024k). Specify a larger value with -stack if needed.
Running CPAchecker with the following extra VM options:  -Djava.io.tmpdir=/tmp/BenchExec_run__tr3tvbi/tmp
Using the following resource limits: CPU-time limit of 900s (ResourceLimitChecker.fromConfiguration, INFO)

CPAchecker (unknown version) (OpenJDK 64-Bit Server VM 1.8.0_162) started (CPAchecker.run, INFO)

MathSAT5 is available for research and evaluation purposes only. It can not be used in a commercial environment, particularly as part of a commercial product, without written permission. MathSAT5 is provided as is, without any warranty. Please write to mathsat@fbk.eu for additional questions regarding licensing MathSAT5 or obtaining more up-to-date versions. (PredicateCPA:JavaSMT:Mathsat5SolverContext.<init>, WARNING)

Using predicate analysis with MathSAT5 version 5.3.14 (0b98b661254c) (Nov 17 2016 10:59:45, gmp 5.1.3, gcc 4.8.5, 64-bit) and JFactory 1.21. (PredicateCPA:PredicateCPA.<init>, INFO)

Using refinement for predicate analysis with PredicateAbstractionRefinementStrategy strategy. (PredicateCPA:PredicateCPARefiner.<init>, INFO)

Starting analysis ... (CPAchecker.runAlgorithm, INFO)

Shutdown requested (The CPU-time limit of 900s has elapsed.), waiting for termination. (ForceTerminationOnShutdown$1.shutdownRequested, WARNING)

Warning: Analysis interrupted (The CPU-time limit of 900s has elapsed.) (ShutdownNotifier.shutdownIfNecessary, WARNING)

PredicateCPA statistics
-----------------------
Number of abstractions:            11517 (11% of all post computations)
  Times abstraction was reused:    0
  Because of function entry/exit:  0 (0%)
  Because of loop head:            11412 (99%)
  Because of join nodes:           0 (0%)
  Because of threshold:            0 (0%)
  Because of target state:         105 (1%)
  Times precision was empty:       108 (1%)
  Times precision was {false}:     5652 (49%)
  Times result was cached:         0 (0%)
  Times cartesian abs was used:    0 (0%)
  Times boolean abs was used:      5757 (50%)
  Times result was 'false':        5548 (48%)
Number of strengthen sat checks:   0
Number of coverage checks:         213829
  BDD entailment checks:           202313
Number of SMT sat checks:          0
  trivial:                         0
  cached:                          0

Max ABE block size:                       6
Number of predicates discovered:          106
Number of abstraction locations:          2
Max number of predicates per location:    105
Avg number of predicates per location:    53
Total predicates per abstraction:         406297
Max number of predicates per abstraction: 105
Avg number of predicates per abstraction: 35.61
Number of irrelevant predicates:          5652 (1%)
Number of preds handled by boolean abs:   400645 (99%)
  Total number of models for allsat:      208053
  Max number of models for allsat:        105
  Avg number of models for allsat:        36.14

Time for post operator:                  1.926s
  Time for path formula creation:        1.858s
Time for strengthen operator:            0.118s
Time for prec operator:                854.855s
  Time for abstraction:                854.441s (Max:     0.531s, Count: 11517)
    Boolean abstraction:               751.866s
    Solving time:                      127.964s (Max:     0.049s)
    Model enumeration time:            600.551s
    Time for BDD construction:          63.628s (Max:     0.130s)
Time for merge operator:                 0.077s
Time for coverage check:                 3.086s
  Time for BDD entailment checks:        3.043s
Total time for SMT solver (w/o itp):   728.515s

Number of path formula cache hits:   111170 (97%)

Inside post operator:                  
  Inside path formula creation:        
    Time for path formula computation:     1.618s

Total number of created targets for pointer analysis: 12390
   Number of created targets for uf: *signed_int is 4096


Number of BDD nodes:                               263195
Size of BDD node table:                            270749
Size of BDD cache:                                 27073
Size of BDD node cleanup queue:                      983818 (count: 659036, min: 0, max: 3185, avg: 1.49)
Time for BDD node cleanup:                             0.294s
Time for BDD garbage collection:                       7.013s (in 951 runs)

PrecisionBootstrap statistics
-----------------------------
Init. function predicates:                         0
Init. global predicates:                           0
Init. location predicates:                         0

Invariant Generation statistics
-------------------------------

AutomatonAnalysis (SVCOMP) statistics
-------------------------------------
Number of states:                                  1
Total time for successor computation:                  0.328s
Automaton transfers with branching:                0
Automaton transfer successors:                       103340 (count: 103340, min: 1, max: 1, avg: 1.00) [1 x 103340]

CPA algorithm statistics
------------------------
Number of iterations:            63446
Max size of waitlist:            3
Average size of waitlist:        1
Number of computed successors:   75067
Max successors for one state:    2
Number of times merged:          5758
Number of times stopped:         5863
Number of times breaked:         105

Total time for CPA algorithm:       864.204s (Max:    25.360s)
  Time for choose from waitlist:      0.084s
  Time for precision adjustment:    855.583s
  Time for transfer relation:         3.697s
  Time for merge operator:            0.525s
  Time for stop operator:             3.383s
  Time for adding to reached set:     0.246s

Predicate-Abstraction Refiner statistics
----------------------------------------
Number of predicate refinements:                   105
Avg. length of target path (in blocks):                5775 (count: 105, min: 3, max: 107, avg: 55.00)
Number of infeasible sliced prefixes:                     0 (count: 0, min: 0, max: 0, avg: 0.00)

Time for refinement:                                  33.074s
  Counterexample analysis:                            32.556s (Max:     0.772s, Calls: 105)
    Refinement sat check:                             22.066s
    Interpolant computation:                           0.000s
  Path-formulas extraction:                            0.009s
  Error path post-processing:                          0.000s
  Predicate creation:                                  0.170s
  Precision update:                                    0.033s
  ARG update:                                          0.189s

Length of refined path (in blocks):                    5670 (count: 105, min: 2, max: 106, avg: 54.00)
Number of affected states:                             5565 (count: 105, min: 1, max: 105, avg: 53.00)
Length (states) of path with itp 'true':                  0 (count: 105, min: 0, max: 0, avg: 0.00)
Length (states) of path with itp non-trivial itp:      5565 (count: 105, min: 1, max: 105, avg: 53.00)
Length (states) of path with itp 'false':               105 (count: 105, min: 1, max: 1, avg: 1.00)
Different non-trivial interpolants along paths:        5460 (count: 105, min: 0, max: 104, avg: 52.00)
Equal non-trivial interpolants along paths:               0 (count: 105, min: 0, max: 0, avg: 0.00)
Number of refs with location-based cutoff:                0

CEGAR algorithm statistics
--------------------------
Number of refinements:                105
Number of successful refinements:     105
Number of failed refinements:         0
Max. size of reached set before ref.: 1172
Max. size of reached set after ref.:  3
Avg. size of reached set before ref.: 600.00
Avg. size of reached set after ref.:  3.00

Total time for CEGAR algorithm:     897.703s
Time for refinements:                33.495s
Average time for refinement:          0.319s
Max time for refinement:              0.784s

Code Coverage
-----------------------------
  Function coverage:      0.500
  Visited lines:          13
  Total lines:            18
  Line coverage:          0.722
  Visited conditions:     4
  Total conditions:       12
  Condition coverage:     0.333

CPAchecker general statistics
-----------------------------
Number of program locations:     44
Number of CFA edges:             49
Number of relevant variables:    5
Number of functions:             2
Number of loops:                 2
Size of reached set:             971
  Number of reached locations:   14 (32%)
    Avg states per location:     69
    Max states per location:     88 (at node N12)
  Number of reached functions:   1 (50%)
  Number of partitions:          884
    Avg size of partitions:      1
    Max size of partitions:      88 (with key [N12 (before line 13), Function main called from node N8, stack depth 1 [f09733f], stack [main]])
  Number of target states:       0
  Size of final wait list        1

Time for analysis setup:          2.537s
  Time for loading CPAs:          0.810s
  Time for loading parser:        0.793s
  Time for CFA construction:      0.808s
    Time for parsing file(s):     0.327s
    Time for AST to CFA:          0.145s
    Time for CFA sanity check:    0.021s
    Time for post-processing:     0.148s
      Time for var class.:        0.061s
Time for Analysis:              897.703s
CPU time for analysis:          897.650s
Total time for CPAchecker:      900.245s
Total CPU time for CPAchecker:  900.190s
Time for statistics:              0.112s

Time for Garbage Collector:       3.753s (in 453 runs)
Garbage Collector(s) used:    Copy, MarkSweepCompact
Used heap memory:                103MB (    98 MiB) max;     63MB (    60 MiB) avg;    106MB (   101 MiB) peak
Used non-heap memory:             34MB (    33 MiB) max;     34MB (    32 MiB) avg;     35MB (    34 MiB) peak
Allocated heap memory:           127MB (   121 MiB) max;    127MB (   121 MiB) avg
Allocated non-heap memory:        37MB (    35 MiB) max;     37MB (    35 MiB) avg
Total process virtual memory:  10502MB ( 10015 MiB) max;   9098MB (  8677 MiB) avg

Verification result: UNKNOWN, incomplete analysis.
More details about the verification run can be found in the directory "./output".
