scripts/cpa.sh -Dy-MySearchStrategy-PredAbs-ABElf -heap 5600000000 -timelimit 900 -preprocess -stats -noout -setprop cpa.predicate.memoryAllocationsAlwaysSucceed=true -spec ../sv-benchmarks/c/ReachSafety.prp ../sv-benchmarks/c/product-lines/elevator_spec9_product25_true-unreach-call_true-termination.cil.c


--------------------------------------------------------------------------------


Running CPAchecker with Java heap of size 5600000000.
Running CPAchecker with default stack size (1024k). Specify a larger value with -stack if needed.
Running CPAchecker with the following extra VM options:  -Djava.io.tmpdir=/tmp/BenchExec_run__e6q35f5/tmp
Using the following resource limits: CPU-time limit of 900s (ResourceLimitChecker.fromConfiguration, INFO)

CPAchecker (unknown version) (OpenJDK 64-Bit Server VM 1.8.0_162) started (CPAchecker.run, INFO)

line 243: Dead code detected: return (retValue_acc); (CFACreationUtils.addEdgeToCFA, INFO)

line 282: Dead code detected: return (retValue_acc); (CFACreationUtils.addEdgeToCFA, INFO)

line 321: Dead code detected: return (retValue_acc); (CFACreationUtils.addEdgeToCFA, INFO)

line 753: Dead code detected: return (retValue_acc); (CFACreationUtils.addEdgeToCFA, INFO)

line 799: Dead code detected: return (retValue_acc); (CFACreationUtils.addEdgeToCFA, INFO)

line 1153: Dead code detected: return (retValue_acc); (CFACreationUtils.addEdgeToCFA, INFO)

line 1282: Dead code detected: return (retValue_acc); (CFACreationUtils.addEdgeToCFA, INFO)

line 1518: Dead code detected: return (retValue_acc); (CFACreationUtils.addEdgeToCFA, INFO)

line 1829: Dead code detected: return (retValue_acc); (CFACreationUtils.addEdgeToCFA, INFO)

line 1841: Dead code detected: return (retValue_acc); (CFACreationUtils.addEdgeToCFA, INFO)

line 1864: Dead code detected: return (retValue_acc); (CFACreationUtils.addEdgeToCFA, INFO)

line 1938: Dead code detected: return (retValue_acc); (CFACreationUtils.addEdgeToCFA, INFO)

line 2115: Dead code detected: return (retValue_acc); (CFACreationUtils.addEdgeToCFA, INFO)

line 2124: Dead code detected: return (retValue_acc); (CFACreationUtils.addEdgeToCFA, INFO)

line 2158: Dead code detected: return (retValue_acc); (CFACreationUtils.addEdgeToCFA, INFO)

line 2167: Dead code detected: return (retValue_acc); (CFACreationUtils.addEdgeToCFA, INFO)

line 2207: Dead code detected: return (retValue_acc); (CFACreationUtils.addEdgeToCFA, INFO)

line 2287: Dead code detected: return (retValue_acc); (CFACreationUtils.addEdgeToCFA, INFO)

line 2300: Dead code detected: return (retValue_acc); (CFACreationUtils.addEdgeToCFA, INFO)

line 2652: Dead code detected: return (retValue_acc); (CFACreationUtils.addEdgeToCFA, INFO)

line 2686: Dead code detected: return (retValue_acc); (CFACreationUtils.addEdgeToCFA, INFO)

line 2742: Dead code detected: return (retValue_acc); (CFACreationUtils.addEdgeToCFA, INFO)

line 2756: Dead code detected: return (retValue_acc); (CFACreationUtils.addEdgeToCFA, INFO)

line 3328: Dead code detected: return (retValue_acc); (CFACreationUtils.addEdgeToCFA, INFO)

line 590: Function pointer *__cil_tmp10 with type int (*)(int, int) is called, but no possible target functions were found. (CFunctionPointerResolver.replaceFunctionPointerCall, WARNING)

MathSAT5 is available for research and evaluation purposes only. It can not be used in a commercial environment, particularly as part of a commercial product, without written permission. MathSAT5 is provided as is, without any warranty. Please write to mathsat@fbk.eu for additional questions regarding licensing MathSAT5 or obtaining more up-to-date versions. (PredicateCPA:JavaSMT:Mathsat5SolverContext.<init>, WARNING)

Using predicate analysis with MathSAT5 version 5.3.14 (0b98b661254c) (Nov 17 2016 10:59:45, gmp 5.1.3, gcc 4.8.5, 64-bit) and JFactory 1.21. (PredicateCPA:PredicateCPA.<init>, INFO)

Using refinement for predicate analysis with PredicateAbstractionRefinementStrategy strategy. (PredicateCPA:PredicateCPARefiner.<init>, INFO)

Starting analysis ... (CPAchecker.runAlgorithm, INFO)

Shutdown requested (The CPU-time limit of 900s has elapsed.), waiting for termination. (ForceTerminationOnShutdown$1.shutdownRequested, WARNING)

Warning: Analysis interrupted (The CPU-time limit of 900s has elapsed.) (ShutdownNotifier.shutdownIfNecessary, WARNING)

PredicateCPA statistics
-----------------------
Number of abstractions:            457801 (3% of all post computations)
  Times abstraction was reused:    0
  Because of function entry/exit:  457366 (100%)
  Because of loop head:            270 (0%)
  Because of join nodes:           0 (0%)
  Because of threshold:            0 (0%)
  Because of target state:         165 (0%)
  Times precision was empty:       242729 (53%)
  Times precision was {false}:     1383 (0%)
  Times result was cached:         205333 (45%)
  Times cartesian abs was used:    0 (0%)
  Times boolean abs was used:      8356 (2%)
  Times result was 'false':        14108 (3%)
Number of strengthen sat checks:   0
Number of coverage checks:         7134943
  BDD entailment checks:           65225
Number of SMT sat checks:          0
  trivial:                         0
  cached:                          0

Max ABE block size:                       57
Number of predicates discovered:          55
Number of abstraction locations:          99
Max number of predicates per location:    34
Avg number of predicates per location:    13
Total predicates per abstraction:         1880379
Max number of predicates per abstraction: 34
Avg number of predicates per abstraction: 193.08
Number of irrelevant predicates:          1373245 (73%)
Number of preds handled by boolean abs:   45601 (2%)
  Total number of models for allsat:      23704
  Max number of models for allsat:        384
  Avg number of models for allsat:        2.84

Time for post operator:                257.856s
  Time for path formula creation:      249.866s
Time for strengthen operator:           14.116s
Time for prec operator:                142.534s
  Time for abstraction:                122.144s (Max:     0.377s, Count: 457801)
    Boolean abstraction:                13.632s
    Solving time:                       11.316s (Max:     0.014s)
    Model enumeration time:              1.898s
    Time for BDD construction:           0.736s (Max:     0.132s)
Time for merge operator:                66.717s
Time for coverage check:                 0.838s
  Time for BDD entailment checks:        0.164s
Total time for SMT solver (w/o itp):    13.214s

Number of path formula cache hits:   15062537 (80%)

Inside post operator:                  
  Inside path formula creation:        
    Time for path formula computation:   123.194s

Total number of created targets for pointer analysis: 0


Number of BDD nodes:                               23892
Size of BDD node table:                            270749
Size of BDD cache:                                 27073
Size of BDD node cleanup queue:                       20916 (count: 375474, min: 0, max: 2086, avg: 0.06)
Time for BDD node cleanup:                             0.084s
Time for BDD garbage collection:                       0.000s (in 0 runs)

PrecisionBootstrap statistics
-----------------------------
Init. function predicates:                         0
Init. global predicates:                           0
Init. location predicates:                         0

Invariant Generation statistics
-------------------------------

AutomatonAnalysis (SVCOMP) statistics
-------------------------------------
Number of states:                                  1
Total time for successor computation:                 21.554s
  Time for transition matches:                        10.885s
  Time for transition assertions:                      0.001s
  Time for transition actions:                         0.002s
Automaton transfers with branching:                0
Automaton transfer successors:                     15834055 (count: 15834055, min: 1, max: 1, avg: 1.00) [1 x 15834055]

CPA algorithm statistics
------------------------
Number of iterations:            11940269
Max size of waitlist:            461
Average size of waitlist:        179
Number of computed successors:   15564359
Max successors for one state:    2
Number of times merged:          3534859
Number of times stopped:         3576028
Number of times breaked:         165

Total time for CPA algorithm:       851.461s (Max:    16.774s)
  Time for choose from waitlist:      5.148s
  Time for precision adjustment:    246.736s
  Time for transfer relation:       418.355s
  Time for merge operator:          104.782s
  Time for stop operator:            19.400s
  Time for adding to reached set:    22.406s

Predicate-Abstraction Refiner statistics
----------------------------------------
Number of predicate refinements:                   165
Avg. length of target path (in blocks):               10147 (count: 165, min: 43, max: 91, avg: 61.50)
Number of infeasible sliced prefixes:                     0 (count: 0, min: 0, max: 0, avg: 0.00)

Time for refinement:                                  29.949s
  Counterexample analysis:                             4.164s (Max:     0.103s, Calls: 165)
    Refinement sat check:                              2.685s
    Interpolant computation:                           0.000s
  Path-formulas extraction:                            0.009s
  Error path post-processing:                          0.000s
  Predicate creation:                                  0.125s
  Precision update:                                    0.139s
  ARG update:                                         25.356s

Length of refined path (in blocks):                    9002 (count: 165, min: 27, max: 90, avg: 54.56)
Number of affected states:                             3929 (count: 165, min: 1, max: 89, avg: 23.81)
Length (states) of path with itp 'true':               4908 (count: 165, min: 0, max: 65, avg: 29.75)
Length (states) of path with itp non-trivial itp:      3929 (count: 165, min: 1, max: 89, avg: 23.81)
Length (states) of path with itp 'false':               165 (count: 165, min: 1, max: 1, avg: 1.00)
Different non-trivial interpolants along paths:          58 (count: 165, min: 0, max: 11, avg: 0.35)
Equal non-trivial interpolants along paths:            3706 (count: 165, min: 0, max: 77, avg: 22.46)
Number of refs with location-based cutoff:                0

CEGAR algorithm statistics
--------------------------
Number of refinements:                165
Number of successful refinements:     165
Number of failed refinements:         0
Max. size of reached set before ref.: 136696
Max. size of reached set after ref.:  44762
Avg. size of reached set before ref.: 97482.38
Avg. size of reached set after ref.:  25527.82

Total time for CEGAR algorithm:     895.877s
Time for refinements:                40.627s
Average time for refinement:          0.246s
Max time for refinement:              0.603s

Code Coverage
-----------------------------
  Function coverage:      0.583
  Visited lines:          999
  Total lines:            1687
  Line coverage:          0.592
  Visited conditions:     590
  Total conditions:       744
  Condition coverage:     0.793

CPAchecker general statistics
-----------------------------
Number of program locations:     2216
Number of CFA edges:             2697
Number of relevant variables:    283
Number of functions:             72
Number of loops:                 9
Size of reached set:             101720
  Number of reached locations:   1130 (51%)
    Avg states per location:     90
    Max states per location:     380 (at node N933)
  Number of reached functions:   42 (58%)
  Number of partitions:          101545
    Avg size of partitions:      1
    Max size of partitions:      7 (with key [N2357 (before line 2963), Function timeShift called from node N735, stack depth 5 [2075239e], stack [main, runTest, test, cleanup, timeShift]])
  Number of target states:       0
  Size of final wait list        304

Time for analysis setup:          4.378s
  Time for loading CPAs:          0.915s
  Time for loading parser:        0.755s
  Time for CFA construction:      2.479s
    Time for parsing file(s):     0.730s
    Time for AST to CFA:          0.741s
    Time for CFA sanity check:    0.281s
    Time for post-processing:     0.532s
      Time for var class.:        0.282s
Time for Analysis:              895.877s
CPU time for analysis:          895.820s
Total time for CPAchecker:      900.260s
Total CPU time for CPAchecker:  900.190s
Time for statistics:              1.286s

Time for Garbage Collector:      88.538s (in 558 runs)
Garbage Collector(s) used:    Copy, MarkSweepCompact
Used heap memory:               2332MB (  2224 MiB) max;   1142MB (  1089 MiB) avg;   2385MB (  2275 MiB) peak
Used non-heap memory:             36MB (    34 MiB) max;     35MB (    34 MiB) avg;     37MB (    35 MiB) peak
Allocated heap memory:          2812MB (  2681 MiB) max;   1705MB (  1626 MiB) avg
Allocated non-heap memory:        38MB (    36 MiB) max;     38MB (    36 MiB) avg
Total process virtual memory:   8221MB (  7840 MiB) max;   8121MB (  7745 MiB) avg

Verification result: UNKNOWN, incomplete analysis.
More details about the verification run can be found in the directory "./output".
