scripts/cpa.sh -Dy-MySearchStrategy-PredAbs-ABElf -heap 5600000000 -timelimit 30 -preprocess -stats -noout -setprop cpa.predicate.memoryAllocationsAlwaysSucceed=true -spec ../sv-benchmarks/c/ReachSafety.prp ../sv-benchmarks/c/ldv-linux-3.4-simple/32_1_cilled_true-unreach-call_ok_nondet_linux-3.4-32_1-drivers--auxdisplay--cfag12864bfb.ko-ldv_main0_sequence_infinite_withcheck_stateful.cil.out.c


--------------------------------------------------------------------------------


Running CPAchecker with Java heap of size 5600000000.
Running CPAchecker with default stack size (1024k). Specify a larger value with -stack if needed.
Running CPAchecker with the following extra VM options:  -Djava.io.tmpdir=/tmp/BenchExec_run_k61tqtnk/tmp
Using the following resource limits: CPU-time limit of 30s (ResourceLimitChecker.fromConfiguration, INFO)

CPAchecker (unknown version) (OpenJDK 64-Bit Server VM 1.8.0_162) started (CPAchecker.run, INFO)

MathSAT5 is available for research and evaluation purposes only. It can not be used in a commercial environment, particularly as part of a commercial product, without written permission. MathSAT5 is provided as is, without any warranty. Please write to mathsat@fbk.eu for additional questions regarding licensing MathSAT5 or obtaining more up-to-date versions. (PredicateCPA:JavaSMT:Mathsat5SolverContext.<init>, WARNING)

Using predicate analysis with MathSAT5 version 5.3.14 (0b98b661254c) (Nov 17 2016 10:59:45, gmp 5.1.3, gcc 4.8.5, 64-bit) and JFactory 1.21. (PredicateCPA:PredicateCPA.<init>, INFO)

Using refinement for predicate analysis with PredicateAbstractionRefinementStrategy strategy. (PredicateCPA:PredicateCPARefiner.<init>, INFO)

Starting analysis ... (CPAchecker.runAlgorithm, INFO)

Assuming external function ldv_initialize to be a constant function. (PredicateCPA:ExpressionToFormulaVisitor.visit, INFO)

Assuming external function cfag12864b_isinited to be a constant function. (PredicateCPA:ExpressionToFormulaVisitor.visit, INFO)

Assuming external function cfag12864b_enable to be a constant function. (PredicateCPA:ExpressionToFormulaVisitor.visit, INFO)

Assuming external function platform_driver_register to be a pure function. (PredicateCPA:ExpressionToFormulaVisitor.visit, INFO)

Assuming external function platform_device_alloc to be a pure function. (PredicateCPA:ExpressionToFormulaVisitor.visit, INFO)

Assuming external function platform_device_add to be a pure function. (PredicateCPA:ExpressionToFormulaVisitor.visit, INFO)

Assuming external function platform_device_put to be a pure function. (PredicateCPA:ExpressionToFormulaVisitor.visit, INFO)

Assuming external function platform_driver_unregister to be a pure function. (PredicateCPA:ExpressionToFormulaVisitor.visit, INFO)

Assuming external function framebuffer_alloc to be a pure function. (PredicateCPA:ExpressionToFormulaVisitor.visit, INFO)

Assuming external function register_framebuffer to be a pure function. (PredicateCPA:ExpressionToFormulaVisitor.visit, INFO)

Assuming external function framebuffer_release to be a pure function. (PredicateCPA:ExpressionToFormulaVisitor.visit, INFO)

Assuming external function platform_device_unregister to be a pure function. (PredicateCPA:ExpressionToFormulaVisitor.visit, INFO)

Assuming external function cfag12864b_disable to be a constant function. (PredicateCPA:ExpressionToFormulaVisitor.visit, INFO)

Assuming external function dev_set_drvdata to be a pure function. (PredicateCPA:ExpressionToFormulaVisitor.visit, INFO)

Assuming external function ldv_check_return_value to be a pure function. (PredicateCPA:ExpressionToFormulaVisitor.visit, INFO)

Stopping analysis ... (CPAchecker.runAlgorithm, INFO)

PredicateCPA statistics
-----------------------
Number of abstractions:            178 (7% of all post computations)
  Times abstraction was reused:    0
  Because of function entry/exit:  145 (81%)
  Because of loop head:            28 (16%)
  Because of join nodes:           0 (0%)
  Because of threshold:            0 (0%)
  Because of target state:         5 (3%)
  Times precision was empty:       72 (40%)
  Times precision was {false}:     16 (9%)
  Times result was cached:         75 (42%)
  Times cartesian abs was used:    0 (0%)
  Times boolean abs was used:      15 (8%)
  Times result was 'false':        9 (5%)
Number of strengthen sat checks:   0
Number of coverage checks:         178
  BDD entailment checks:           64
Number of SMT sat checks:          0
  trivial:                         0
  cached:                          0

Max ABE block size:                       58
Number of predicates discovered:          2
Number of abstraction locations:          13
Max number of predicates per location:    1
Avg number of predicates per location:    1
Total predicates per abstraction:         106
Max number of predicates per abstraction: 1
Avg number of predicates per abstraction: 3.42
Number of irrelevant predicates:          47 (44%)
Number of preds handled by boolean abs:   15 (14%)
  Total number of models for allsat:      15
  Max number of models for allsat:        1
  Avg number of models for allsat:        1.00

Time for post operator:                  0.295s
  Time for path formula creation:        0.291s
Time for strengthen operator:            0.029s
Time for prec operator:                  0.125s
  Time for abstraction:                  0.098s (Max:     0.013s, Count: 178)
    Boolean abstraction:                 0.017s
    Solving time:                        0.016s (Max:     0.005s)
    Model enumeration time:              0.001s
    Time for BDD construction:           0.000s (Max:     0.000s)
Time for merge operator:                 0.024s
Time for coverage check:                 0.007s
  Time for BDD entailment checks:        0.007s
Total time for SMT solver (w/o itp):     0.017s

Number of path formula cache hits:   1367 (49%)

Inside post operator:                  
  Inside path formula creation:        
    Time for path formula computation:     0.283s

Total number of created targets for pointer analysis: 0


Number of BDD nodes:                               202
Size of BDD node table:                            270749
Size of BDD cache:                                 27073
Size of BDD node cleanup queue:                           0 (count: 311, min: 0, max: 0, avg: 0.00)
Time for BDD node cleanup:                             0.001s
Time for BDD garbage collection:                       0.000s (in 0 runs)

PrecisionBootstrap statistics
-----------------------------
Init. function predicates:                         0
Init. global predicates:                           0
Init. location predicates:                         0

Invariant Generation statistics
-------------------------------

AutomatonAnalysis (SVCOMP) statistics
-------------------------------------
Number of states:                                  1
Total time for successor computation:                  0.047s
Automaton transfers with branching:                0
Automaton transfer successors:                         2617 (count: 2617, min: 1, max: 1, avg: 1.00) [1 x 2617]

CPA algorithm statistics
------------------------
Number of iterations:            880
Max size of waitlist:            7
Average size of waitlist:        3
Number of computed successors:   995
Max successors for one state:    2
Number of times merged:          57
Number of times stopped:         100
Number of times breaked:         5

Total time for CPA algorithm:         0.881s (Max:     0.399s)
  Time for choose from waitlist:      0.009s
  Time for precision adjustment:      0.208s
  Time for transfer relation:         0.576s
  Time for merge operator:            0.030s
  Time for stop operator:             0.016s
  Time for adding to reached set:     0.013s

Predicate-Abstraction Refiner statistics
----------------------------------------
Number of predicate refinements:                   5
Avg. length of target path (in blocks):                  46 (count: 5, min: 5, max: 12, avg: 9.20)
Number of infeasible sliced prefixes:                     0 (count: 0, min: 0, max: 0, avg: 0.00)

Time for refinement:                                   0.042s
  Counterexample analysis:                             0.019s (Max:     0.010s, Calls: 5)
    Refinement sat check:                              0.009s
    Interpolant computation:                           0.000s
  Path-formulas extraction:                            0.000s
  Error path post-processing:                          0.000s
  Predicate creation:                                  0.005s
  Precision update:                                    0.001s
  ARG update:                                          0.013s

Length of refined path (in blocks):                      41 (count: 5, min: 4, max: 11, avg: 8.20)
Number of affected states:                               36 (count: 5, min: 3, max: 10, avg: 7.20)
Length (states) of path with itp 'true':                  0 (count: 5, min: 0, max: 0, avg: 0.00)
Length (states) of path with itp non-trivial itp:        36 (count: 5, min: 3, max: 10, avg: 7.20)
Length (states) of path with itp 'false':                 5 (count: 5, min: 1, max: 1, avg: 1.00)
Different non-trivial interpolants along paths:           0 (count: 5, min: 0, max: 0, avg: 0.00)
Equal non-trivial interpolants along paths:              31 (count: 5, min: 2, max: 9, avg: 6.20)
Number of refs with location-based cutoff:                0

CEGAR algorithm statistics
--------------------------
Number of refinements:                5
Number of successful refinements:     5
Number of failed refinements:         0
Max. size of reached set before ref.: 195
Max. size of reached set after ref.:  3
Avg. size of reached set before ref.: 157.00
Avg. size of reached set after ref.:  3.00

Total time for CEGAR algorithm:       0.932s
Time for refinements:                 0.051s
Average time for refinement:          0.010s
Max time for refinement:              0.024s

Code Coverage
-----------------------------
  Function coverage:      0.368
  Visited lines:          741
  Total lines:            808
  Line coverage:          0.917
  Visited conditions:     30
  Total conditions:       52
  Condition coverage:     0.577

CPAchecker general statistics
-----------------------------
Number of program locations:     931
Number of CFA edges:             954
Number of relevant variables:    67
Number of functions:             19
Number of loops:                 1
Size of reached set:             117
  Number of reached locations:   100 (11%)
    Avg states per location:     1
    Max states per location:     3 (at node N242)
  Number of reached functions:   7 (37%)
  Number of partitions:          117
    Avg size of partitions:      1
    Max size of partitions:      1
  Number of target states:       0

Time for analysis setup:          2.561s
  Time for loading CPAs:          0.575s
  Time for loading parser:        0.545s
  Time for CFA construction:      1.368s
    Time for parsing file(s):     0.472s
    Time for AST to CFA:          0.416s
    Time for CFA sanity check:    0.082s
    Time for post-processing:     0.278s
      Time for var class.:        0.100s
Time for Analysis:                0.932s
CPU time for analysis:            0.930s
Time for analyzing result:        0.000s
Total time for CPAchecker:        3.496s
Total CPU time for CPAchecker:    3.490s
Time for statistics:              0.048s

Time for Garbage Collector:       0.084s (in 6 runs)
Garbage Collector(s) used:    Copy, MarkSweepCompact
Used heap memory:                 50MB (    48 MiB) max;     32MB (    30 MiB) avg;     63MB (    60 MiB) peak
Used non-heap memory:             33MB (    32 MiB) max;     24MB (    23 MiB) avg;     35MB (    33 MiB) peak
Allocated heap memory:           127MB (   121 MiB) max;    127MB (   121 MiB) avg
Allocated non-heap memory:        36MB (    34 MiB) max;     26MB (    24 MiB) avg
Total process virtual memory:   8084MB (  7710 MiB) max;   8013MB (  7642 MiB) avg

Verification result: TRUE. No property violation found by chosen configuration.
More details about the verification run can be found in the directory "./output".
