scripts/cpa.sh -Dy-MySearchStrategy-PredAbs-ABEl -heap 5600000000 -timelimit 30 -preprocess -stats -noout -setprop cpa.predicate.memoryAllocationsAlwaysSucceed=true -spec ../sv-benchmarks/c/ReachSafety.prp ../sv-benchmarks/c/ldv-consumption/32_7a_cilled_true-unreach-call_linux-3.8-rc1-drivers--block--paride--pf.ko-main.cil.out.c


--------------------------------------------------------------------------------


Running CPAchecker with Java heap of size 5600000000.
Running CPAchecker with default stack size (1024k). Specify a larger value with -stack if needed.
Running CPAchecker with the following extra VM options:  -Djava.io.tmpdir=/tmp/BenchExec_run_tdgcoqrq/tmp
Using the following resource limits: CPU-time limit of 30s (ResourceLimitChecker.fromConfiguration, INFO)

CPAchecker (unknown version) (OpenJDK 64-Bit Server VM 1.8.0_162) started (CPAchecker.run, INFO)

line 3988: Dead code detected: __ms = 1UL; (CFACreationUtils.addEdgeToCFA, INFO)

line 4026: Dead code detected: __ms = 1UL; (CFACreationUtils.addEdgeToCFA, INFO)

line 4600: Dead code detected: __ms = 1UL; (CFACreationUtils.addEdgeToCFA, INFO)

line 5233: Dead code detected: return (ldv_func_res); (CFACreationUtils.addEdgeToCFA, INFO)

MathSAT5 is available for research and evaluation purposes only. It can not be used in a commercial environment, particularly as part of a commercial product, without written permission. MathSAT5 is provided as is, without any warranty. Please write to mathsat@fbk.eu for additional questions regarding licensing MathSAT5 or obtaining more up-to-date versions. (PredicateCPA:JavaSMT:Mathsat5SolverContext.<init>, WARNING)

Using predicate analysis with MathSAT5 version 5.3.14 (0b98b661254c) (Nov 17 2016 10:59:45, gmp 5.1.3, gcc 4.8.5, 64-bit) and JFactory 1.21. (PredicateCPA:PredicateCPA.<init>, INFO)

Using refinement for predicate analysis with PredicateAbstractionRefinementStrategy strategy. (PredicateCPA:PredicateCPARefiner.<init>, INFO)

Starting analysis ... (CPAchecker.runAlgorithm, INFO)

Assuming external function unregister_blkdev to be a pure function. (PredicateCPA:ExpressionToFormulaVisitor.visit, INFO)

Assuming external function mutex_lock to be a pure function. (PredicateCPA:ExpressionToFormulaVisitor.visit, INFO)

Assuming external function pi_connect to be a pure function. (PredicateCPA:ExpressionToFormulaVisitor.visit, INFO)

Assuming external function pi_write_regr to be a pure function. (PredicateCPA:ExpressionToFormulaVisitor.visit, INFO)

Assuming external function mutex_unlock to be a pure function. (PredicateCPA:ExpressionToFormulaVisitor.visit, INFO)

Assuming external function blk_cleanup_queue to be a pure function. (PredicateCPA:ExpressionToFormulaVisitor.visit, INFO)

Assuming external function del_gendisk to be a pure function. (PredicateCPA:ExpressionToFormulaVisitor.visit, INFO)

Assuming external function put_disk to be a pure function. (PredicateCPA:ExpressionToFormulaVisitor.visit, INFO)

Assuming external function pi_release to be a pure function. (PredicateCPA:ExpressionToFormulaVisitor.visit, INFO)

Assuming external function snprintf to be a pure function. (PredicateCPA:ExpressionToFormulaVisitor.visit, INFO)

Assuming external function strcpy to be a pure function. (PredicateCPA:ExpressionToFormulaVisitor.visit, INFO)

Assuming external function pi_init to be a pure function. (PredicateCPA:ExpressionToFormulaVisitor.visit, INFO)

Assuming external function schedule_timeout_interruptible to be a pure function. (PredicateCPA:ExpressionToFormulaVisitor.visit, INFO)

Assuming external function register_blkdev to be a pure function. (PredicateCPA:ExpressionToFormulaVisitor.visit, INFO)

Assuming external function blk_init_queue to be a pure function. (PredicateCPA:ExpressionToFormulaVisitor.visit, INFO)

Assuming external function blk_queue_max_segments to be a pure function. (PredicateCPA:ExpressionToFormulaVisitor.visit, INFO)

Assuming external function pi_read_regr to be a pure function. (PredicateCPA:ExpressionToFormulaVisitor.visit, INFO)

Assuming external function __const_udelay to be a pure function. (PredicateCPA:ExpressionToFormulaVisitor.visit, INFO)

Assuming external function pi_disconnect to be a pure function. (PredicateCPA:ExpressionToFormulaVisitor.visit, INFO)

Assuming external function pi_write_block to be a pure function. (PredicateCPA:ExpressionToFormulaVisitor.visit, INFO)

Assuming external function pi_read_block to be a pure function. (PredicateCPA:ExpressionToFormulaVisitor.visit, INFO)

Shutdown requested (The CPU-time limit of 30s has elapsed.), waiting for termination. (ForceTerminationOnShutdown$1.shutdownRequested, WARNING)

Warning: Analysis interrupted (The CPU-time limit of 30s has elapsed.) (ShutdownNotifier.shutdownIfNecessary, WARNING)

PredicateCPA statistics
-----------------------
Number of abstractions:            1983 (4% of all post computations)
  Times abstraction was reused:    0
  Because of function entry/exit:  0 (0%)
  Because of loop head:            1329 (67%)
  Because of join nodes:           0 (0%)
  Because of threshold:            0 (0%)
  Because of target state:         654 (33%)
  Times precision was empty:       696 (35%)
  Times precision was {false}:     325 (16%)
  Times result was cached:         892 (45%)
  Times cartesian abs was used:    0 (0%)
  Times boolean abs was used:      70 (4%)
  Times result was 'false':        852 (43%)
Number of strengthen sat checks:   0
Number of coverage checks:         4723
  BDD entailment checks:           395
Number of SMT sat checks:          0
  trivial:                         0
  cached:                          0

Max ABE block size:                       80
Number of predicates discovered:          6
Number of abstraction locations:          9
Max number of predicates per location:    5
Avg number of predicates per location:    3
Total predicates per abstraction:         2325
Max number of predicates per abstraction: 5
Avg number of predicates per abstraction: 5.89
Number of irrelevant predicates:          1224 (53%)
Number of preds handled by boolean abs:   168 (7%)
  Total number of models for allsat:      53
  Max number of models for allsat:        1
  Avg number of models for allsat:        0.76

Time for post operator:                  4.821s
  Time for path formula creation:        4.701s
Time for strengthen operator:            0.172s
Time for prec operator:                 13.329s
  Time for abstraction:                 13.090s (Max:     1.350s, Count: 1983)
    Boolean abstraction:                 2.530s
    Solving time:                       10.164s (Max:     1.318s)
    Model enumeration time:              0.075s
    Time for BDD construction:           0.038s (Max:     0.020s)
Time for merge operator:                 0.622s
Time for coverage check:                 0.018s
  Time for BDD entailment checks:        0.017s
Total time for SMT solver (w/o itp):    10.239s

Number of path formula cache hits:   38176 (72%)

Inside post operator:                  
  Inside path formula creation:        
    Time for path formula computation:     4.185s

Total number of created targets for pointer analysis: 20575
   Number of created targets for uf: *(struct_pi_adapter)* is 5
   Number of created targets for uf: *signed_int is 172
   Number of created targets for uf: *(struct_gendisk)* is 5
   Number of created targets for uf: *char is 3081


Number of BDD nodes:                               218
Size of BDD node table:                            270749
Size of BDD cache:                                 27073
Size of BDD node cleanup queue:                         187 (count: 3551, min: 0, max: 50, avg: 0.05)
Time for BDD node cleanup:                             0.002s
Time for BDD garbage collection:                       0.000s (in 0 runs)

PrecisionBootstrap statistics
-----------------------------
Init. function predicates:                         0
Init. global predicates:                           0
Init. location predicates:                         0

Invariant Generation statistics
-------------------------------

AutomatonAnalysis (SVCOMP) statistics
-------------------------------------
Number of states:                                  1
Total time for successor computation:                  0.520s
  Time for transition matches:                         0.174s
  Time for transition assertions:                      0.000s
  Time for transition actions:                         0.012s
Automaton transfers with branching:                0
Automaton transfer successors:                        50911 (count: 50911, min: 1, max: 1, avg: 1.00) [1 x 50911]

CPA algorithm statistics
------------------------
Number of iterations:            29347
Max size of waitlist:            62
Average size of waitlist:        18
Number of computed successors:   33215
Max successors for one state:    2
Number of times merged:          2164
Number of times stopped:         2548
Number of times breaked:         39

Total time for CPA algorithm:        23.367s (Max:    12.904s)
  Time for choose from waitlist:      0.156s
  Time for precision adjustment:     14.055s
  Time for transfer relation:         7.191s
  Time for merge operator:            0.818s
  Time for stop operator:             0.179s
  Time for adding to reached set:     0.338s

Predicate-Abstraction Refiner statistics
----------------------------------------
Number of predicate refinements:                   39
Avg. length of target path (in blocks):                 156 (count: 39, min: 2, max: 5, avg: 4.00)
Number of infeasible sliced prefixes:                     0 (count: 0, min: 0, max: 0, avg: 0.00)

Time for refinement:                                   1.190s
  Counterexample analysis:                             0.876s (Max:     0.058s, Calls: 39)
    Refinement sat check:                              0.678s
    Interpolant computation:                           0.000s
  Path-formulas extraction:                            0.001s
  Error path post-processing:                          0.000s
  Predicate creation:                                  0.032s
  Precision update:                                    0.070s
  ARG update:                                          0.145s

Length of refined path (in blocks):                     140 (count: 39, min: 2, max: 5, avg: 3.59)
Number of affected states:                               73 (count: 39, min: 0, max: 4, avg: 1.87)
Length (states) of path with itp 'true':                 28 (count: 39, min: 0, max: 2, avg: 0.72)
Length (states) of path with itp non-trivial itp:        73 (count: 39, min: 0, max: 4, avg: 1.87)
Length (states) of path with itp 'false':                15 (count: 39, min: 0, max: 1, avg: 0.38)
Different non-trivial interpolants along paths:           0 (count: 39, min: 0, max: 0, avg: 0.00)
Equal non-trivial interpolants along paths:              48 (count: 39, min: 0, max: 3, avg: 1.23)
Number of refs with location-based cutoff:                0

CEGAR algorithm statistics
--------------------------
Number of refinements:                39
Number of successful refinements:     39
Number of failed refinements:         0
Max. size of reached set before ref.: 1746
Max. size of reached set after ref.:  598
Avg. size of reached set before ref.: 776.54
Avg. size of reached set after ref.:  219.56

Total time for CEGAR algorithm:      24.720s
Time for refinements:                 1.338s
Average time for refinement:          0.034s
Max time for refinement:              0.093s

Code Coverage
-----------------------------
  Function coverage:      0.374
  Visited lines:          1297
  Total lines:            1906
  Line coverage:          0.680
  Visited conditions:     188
  Total conditions:       432
  Condition coverage:     0.435

CPAchecker general statistics
-----------------------------
Number of program locations:     2546
Number of CFA edges:             2851
Number of relevant variables:    266
Number of functions:             99
Number of loops:                 20
Size of reached set:             8093
  Number of reached locations:   555 (22%)
    Avg states per location:     14
    Max states per location:     235 (at node N279)
  Number of reached functions:   37 (37%)
  Number of partitions:          8092
    Avg size of partitions:      1
    Max size of partitions:      2 (with key [N845 (before line 4432), Function pf_probe called from node N901, stack depth 4 [30dabb23], stack [main, pf_init, pf_detect, pf_probe]])
  Number of target states:       0
  Size of final wait list        60

Time for analysis setup:          5.547s
  Time for loading CPAs:          1.135s
  Time for loading parser:        0.747s
  Time for CFA construction:      3.537s
    Time for parsing file(s):     1.006s
    Time for AST to CFA:          1.247s
    Time for CFA sanity check:    0.224s
    Time for post-processing:     0.846s
      Time for var class.:        0.414s
Time for Analysis:               24.720s
CPU time for analysis:           24.730s
Total time for CPAchecker:       30.275s
Total CPU time for CPAchecker:   30.270s
Time for statistics:              0.293s

Time for Garbage Collector:       0.385s (in 26 runs)
Garbage Collector(s) used:    Copy, MarkSweepCompact
Used heap memory:                 70MB (    67 MiB) max;     44MB (    42 MiB) avg;     74MB (    71 MiB) peak
Used non-heap memory:             39MB (    38 MiB) max;     34MB (    33 MiB) avg;     40MB (    38 MiB) peak
Allocated heap memory:           127MB (   121 MiB) max;    127MB (   121 MiB) avg
Allocated non-heap memory:        41MB (    39 MiB) max;     36MB (    35 MiB) avg
Total process virtual memory:   8134MB (  7757 MiB) max;   8120MB (  7744 MiB) avg

Verification result: UNKNOWN, incomplete analysis.
More details about the verification run can be found in the directory "./output".
