scripts/cpa.sh -Dy-MySearchStrategy-PredAbs-ABElf -heap 5600000000 -timelimit 30 -preprocess -stats -noout -setprop cpa.predicate.memoryAllocationsAlwaysSucceed=true -spec ../sv-benchmarks/c/ReachSafety.prp ../sv-benchmarks/c/ldv-linux-4.0-rc1-mav/linux-4.0-rc1---drivers--usb--host--u132-hcd.ko_true-unreach-call.cil.c


--------------------------------------------------------------------------------


Running CPAchecker with Java heap of size 5600000000.
Running CPAchecker with default stack size (1024k). Specify a larger value with -stack if needed.
Running CPAchecker with the following extra VM options:  -Djava.io.tmpdir=/tmp/BenchExec_run_26vrmhq2/tmp
Using the following resource limits: CPU-time limit of 30s (ResourceLimitChecker.fromConfiguration, INFO)

CPAchecker (unknown version) (OpenJDK 64-Bit Server VM 1.8.0_162) started (CPAchecker.run, INFO)

Dead code detected: Label switch_break is not reachable. (CFAFunctionBuilder.leave, INFO)

Dead code detected: Label switch_break is not reachable. (CFAFunctionBuilder.leave, INFO)

Dead code detected: Label switch_break is not reachable. (CFAFunctionBuilder.leave, INFO)

Dead code detected: Label switch_break is not reachable. (CFAFunctionBuilder.leave, INFO)

line 10469: Dead code detected: return (arg0); (CFACreationUtils.addEdgeToCFA, INFO)

line 10627: Dead code detected: return; (CFACreationUtils.addEdgeToCFA, INFO)

line 10793: Dead code detected: return; (CFACreationUtils.addEdgeToCFA, INFO)

line 10871: Dead code detected: return; (CFACreationUtils.addEdgeToCFA, INFO)

line 10901: Dead code detected: return; (CFACreationUtils.addEdgeToCFA, INFO)

line 10939: Dead code detected: goto ldv_call_0; (CFACreationUtils.addEdgeToCFA, INFO)

line 10946: Dead code detected: goto ldv_call_0; (CFACreationUtils.addEdgeToCFA, INFO)

line 10947: Dead code detected: goto ldv_call_0; (CFACreationUtils.addEdgeToCFA, INFO)

line 10975: Dead code detected: return; (CFACreationUtils.addEdgeToCFA, INFO)

line 11542: Dead code detected: return; (CFACreationUtils.addEdgeToCFA, INFO)

line 11573: Dead code detected: return; (CFACreationUtils.addEdgeToCFA, INFO)

line 11647: Dead code detected: goto ldv_call_2; (CFACreationUtils.addEdgeToCFA, INFO)

line 11654: Dead code detected: goto ldv_call_2; (CFACreationUtils.addEdgeToCFA, INFO)

line 11655: Dead code detected: goto ldv_call_2; (CFACreationUtils.addEdgeToCFA, INFO)

line 11661: Dead code detected: goto ldv_call_2; (CFACreationUtils.addEdgeToCFA, INFO)

line 11662: Dead code detected: goto ldv_call_2; (CFACreationUtils.addEdgeToCFA, INFO)

line 11663: Dead code detected: goto ldv_call_2; (CFACreationUtils.addEdgeToCFA, INFO)

line 11673: Dead code detected: goto ldv_call_2; (CFACreationUtils.addEdgeToCFA, INFO)

line 11674: Dead code detected: goto ldv_call_2; (CFACreationUtils.addEdgeToCFA, INFO)

line 11675: Dead code detected: goto ldv_call_2; (CFACreationUtils.addEdgeToCFA, INFO)

line 11676: Dead code detected: goto ldv_call_2; (CFACreationUtils.addEdgeToCFA, INFO)

line 11688: Dead code detected: goto ldv_call_2; (CFACreationUtils.addEdgeToCFA, INFO)

line 11689: Dead code detected: goto ldv_call_2; (CFACreationUtils.addEdgeToCFA, INFO)

line 11690: Dead code detected: goto ldv_call_2; (CFACreationUtils.addEdgeToCFA, INFO)

line 11691: Dead code detected: goto ldv_call_2; (CFACreationUtils.addEdgeToCFA, INFO)

line 11692: Dead code detected: goto ldv_call_2; (CFACreationUtils.addEdgeToCFA, INFO)

line 11698: Dead code detected: goto ldv_call_2; (CFACreationUtils.addEdgeToCFA, INFO)

line 11699: Dead code detected: goto ldv_call_2; (CFACreationUtils.addEdgeToCFA, INFO)

line 11700: Dead code detected: goto ldv_call_2; (CFACreationUtils.addEdgeToCFA, INFO)

line 11701: Dead code detected: goto ldv_call_2; (CFACreationUtils.addEdgeToCFA, INFO)

line 11702: Dead code detected: goto ldv_call_2; (CFACreationUtils.addEdgeToCFA, INFO)

line 11703: Dead code detected: goto ldv_call_2; (CFACreationUtils.addEdgeToCFA, INFO)

line 11710: Dead code detected: goto ldv_call_2; (CFACreationUtils.addEdgeToCFA, INFO)

line 11711: Dead code detected: goto ldv_call_2; (CFACreationUtils.addEdgeToCFA, INFO)

line 11712: Dead code detected: goto ldv_call_2; (CFACreationUtils.addEdgeToCFA, INFO)

line 11713: Dead code detected: goto ldv_call_2; (CFACreationUtils.addEdgeToCFA, INFO)

line 11714: Dead code detected: goto ldv_call_2; (CFACreationUtils.addEdgeToCFA, INFO)

line 11715: Dead code detected: goto ldv_call_2; (CFACreationUtils.addEdgeToCFA, INFO)

line 11716: Dead code detected: goto ldv_call_2; (CFACreationUtils.addEdgeToCFA, INFO)

line 11722: Dead code detected: goto ldv_call_2; (CFACreationUtils.addEdgeToCFA, INFO)

line 11723: Dead code detected: goto ldv_call_2; (CFACreationUtils.addEdgeToCFA, INFO)

line 11724: Dead code detected: goto ldv_call_2; (CFACreationUtils.addEdgeToCFA, INFO)

line 11725: Dead code detected: goto ldv_call_2; (CFACreationUtils.addEdgeToCFA, INFO)

line 11726: Dead code detected: goto ldv_call_2; (CFACreationUtils.addEdgeToCFA, INFO)

line 11727: Dead code detected: goto ldv_call_2; (CFACreationUtils.addEdgeToCFA, INFO)

line 11728: Dead code detected: goto ldv_call_2; (CFACreationUtils.addEdgeToCFA, INFO)

line 11729: Dead code detected: goto ldv_call_2; (CFACreationUtils.addEdgeToCFA, INFO)

line 11735: Dead code detected: goto ldv_call_2; (CFACreationUtils.addEdgeToCFA, INFO)

line 11736: Dead code detected: goto ldv_call_2; (CFACreationUtils.addEdgeToCFA, INFO)

line 11737: Dead code detected: goto ldv_call_2; (CFACreationUtils.addEdgeToCFA, INFO)

line 11738: Dead code detected: goto ldv_call_2; (CFACreationUtils.addEdgeToCFA, INFO)

line 11739: Dead code detected: goto ldv_call_2; (CFACreationUtils.addEdgeToCFA, INFO)

line 11740: Dead code detected: goto ldv_call_2; (CFACreationUtils.addEdgeToCFA, INFO)

line 11741: Dead code detected: goto ldv_call_2; (CFACreationUtils.addEdgeToCFA, INFO)

line 11742: Dead code detected: goto ldv_call_2; (CFACreationUtils.addEdgeToCFA, INFO)

line 11743: Dead code detected: goto ldv_call_2; (CFACreationUtils.addEdgeToCFA, INFO)

line 11768: Dead code detected: return; (CFACreationUtils.addEdgeToCFA, INFO)

line 11811: Dead code detected: return; (CFACreationUtils.addEdgeToCFA, INFO)

line 13380: Dead code detected: return (ldv_func_res); (CFACreationUtils.addEdgeToCFA, INFO)

Inline assembler ignored, analysis is probably unsound! (CFABuilder.createCFA, WARNING)

line 11248: Function pointer *arg0 with type void (*)(struct device *) is called, but no possible target functions were found. (CFunctionPointerResolver.replaceFunctionPointerCall, WARNING)

line 11259: Function pointer *arg0 with type int (*)(struct device *) is called, but no possible target functions were found. (CFunctionPointerResolver.replaceFunctionPointerCall, WARNING)

line 11270: Function pointer *arg0 with type int (*)(struct device *) is called, but no possible target functions were found. (CFunctionPointerResolver.replaceFunctionPointerCall, WARNING)

line 11281: Function pointer *arg0 with type int (*)(struct device *) is called, but no possible target functions were found. (CFunctionPointerResolver.replaceFunctionPointerCall, WARNING)

line 11292: Function pointer *arg0 with type int (*)(struct device *) is called, but no possible target functions were found. (CFunctionPointerResolver.replaceFunctionPointerCall, WARNING)

line 11303: Function pointer *arg0 with type int (*)(struct device *) is called, but no possible target functions were found. (CFunctionPointerResolver.replaceFunctionPointerCall, WARNING)

line 11314: Function pointer *arg0 with type int (*)(struct device *) is called, but no possible target functions were found. (CFunctionPointerResolver.replaceFunctionPointerCall, WARNING)

line 11325: Function pointer *arg0 with type int (*)(struct device *) is called, but no possible target functions were found. (CFunctionPointerResolver.replaceFunctionPointerCall, WARNING)

line 11336: Function pointer *arg0 with type int (*)(struct device *) is called, but no possible target functions were found. (CFunctionPointerResolver.replaceFunctionPointerCall, WARNING)

line 11347: Function pointer *arg0 with type int (*)(struct device *) is called, but no possible target functions were found. (CFunctionPointerResolver.replaceFunctionPointerCall, WARNING)

line 11358: Function pointer *arg0 with type int (*)(struct device *) is called, but no possible target functions were found. (CFunctionPointerResolver.replaceFunctionPointerCall, WARNING)

line 11369: Function pointer *arg0 with type int (*)(struct device *) is called, but no possible target functions were found. (CFunctionPointerResolver.replaceFunctionPointerCall, WARNING)

line 11380: Function pointer *arg0 with type int (*)(struct device *) is called, but no possible target functions were found. (CFunctionPointerResolver.replaceFunctionPointerCall, WARNING)

line 11391: Function pointer *arg0 with type int (*)(struct device *) is called, but no possible target functions were found. (CFunctionPointerResolver.replaceFunctionPointerCall, WARNING)

line 11402: Function pointer *arg0 with type int (*)(struct device *) is called, but no possible target functions were found. (CFunctionPointerResolver.replaceFunctionPointerCall, WARNING)

line 11413: Function pointer *arg0 with type int (*)(struct device *) is called, but no possible target functions were found. (CFunctionPointerResolver.replaceFunctionPointerCall, WARNING)

line 11424: Function pointer *arg0 with type int (*)(struct device *) is called, but no possible target functions were found. (CFunctionPointerResolver.replaceFunctionPointerCall, WARNING)

line 11435: Function pointer *arg0 with type int (*)(struct device *) is called, but no possible target functions were found. (CFunctionPointerResolver.replaceFunctionPointerCall, WARNING)

line 11446: Function pointer *arg0 with type int (*)(struct device *) is called, but no possible target functions were found. (CFunctionPointerResolver.replaceFunctionPointerCall, WARNING)

line 11457: Function pointer *arg0 with type int (*)(struct device *) is called, but no possible target functions were found. (CFunctionPointerResolver.replaceFunctionPointerCall, WARNING)

line 11468: Function pointer *arg0 with type int (*)(struct device *) is called, but no possible target functions were found. (CFunctionPointerResolver.replaceFunctionPointerCall, WARNING)

line 11479: Function pointer *arg0 with type int (*)(struct device *) is called, but no possible target functions were found. (CFunctionPointerResolver.replaceFunctionPointerCall, WARNING)

line 11490: Function pointer *arg0 with type int (*)(struct device *) is called, but no possible target functions were found. (CFunctionPointerResolver.replaceFunctionPointerCall, WARNING)

line 11777: Function pointer *arg0 with type void (*)(unsigned long) is called, but no possible target functions were found. (CFunctionPointerResolver.replaceFunctionPointerCall, WARNING)

MathSAT5 is available for research and evaluation purposes only. It can not be used in a commercial environment, particularly as part of a commercial product, without written permission. MathSAT5 is provided as is, without any warranty. Please write to mathsat@fbk.eu for additional questions regarding licensing MathSAT5 or obtaining more up-to-date versions. (PredicateCPA:JavaSMT:Mathsat5SolverContext.<init>, WARNING)

Using predicate analysis with MathSAT5 version 5.3.14 (0b98b661254c) (Nov 17 2016 10:59:45, gmp 5.1.3, gcc 4.8.5, 64-bit) and JFactory 1.21. (PredicateCPA:PredicateCPA.<init>, INFO)

Using refinement for predicate analysis with PredicateAbstractionRefinementStrategy strategy. (PredicateCPA:PredicateCPARefiner.<init>, INFO)

Starting analysis ... (CPAchecker.runAlgorithm, INFO)

Assuming external function __mutex_init to be a pure function. (PredicateCPA:ExpressionToFormulaVisitor.visit, INFO)

Assuming external function usb_disabled to be a constant function. (PredicateCPA:ExpressionToFormulaVisitor.visit, INFO)

Assuming external function __alloc_workqueue_key to be a pure function. (PredicateCPA:ExpressionToFormulaVisitor.visit, INFO)

Assuming external function __platform_driver_register to be a pure function. (PredicateCPA:ExpressionToFormulaVisitor.visit, INFO)

Assuming external function ldv_pre_probe to be a constant function. (PredicateCPA:ExpressionToFormulaVisitor.visit, INFO)

Assuming external function msleep to be a pure function. (PredicateCPA:ExpressionToFormulaVisitor.visit, INFO)

Assuming external function usb_ftdi_elan_write_pcimem to be a pure function. (PredicateCPA:ExpressionToFormulaVisitor.visit, INFO)

Assuming external function usb_ftdi_elan_read_pcimem to be a pure function. (PredicateCPA:ExpressionToFormulaVisitor.visit, INFO)

Assuming external function usb_create_hcd to be a pure function. (PredicateCPA:ExpressionToFormulaVisitor.visit, INFO)

Assuming external function ftdi_elan_gone_away to be a pure function. (PredicateCPA:ExpressionToFormulaVisitor.visit, INFO)

Assuming external function __list_add to be a pure function. (PredicateCPA:ExpressionToFormulaVisitor.visit, INFO)

Assuming external function dev_err to be a pure function. (PredicateCPA:ExpressionToFormulaVisitor.visit, INFO)

line 10534: Destroying the void* pointer ldv_xmalloc::tmp produces garbage or the memory pointed by it is unused: tmp = ldv_xmalloc(16UL); (PredicateCPA:DynamicMemoryHandler.handleDeferredAllocationInFunctionExit, WARNING)

Assuming external function __init_work to be a pure function. (PredicateCPA:ExpressionToFormulaVisitor.visit, INFO)

Assuming external function lockdep_init_map to be a pure function. (PredicateCPA:ExpressionToFormulaVisitor.visit, INFO)

Assuming external function init_timer_key to be a pure function. (PredicateCPA:ExpressionToFormulaVisitor.visit, INFO)

line 11325: Ignoring call via function pointer ldv_pm_ops_instance_prepare_1_22::arg0 for which no suitable target was found in line: (*arg0)(arg1); (FunctionPointerCPA:FunctionPointerTransferRelation.getAbstractSuccessorsForEdge, WARNING)

line 11325: Ignoring function call through function pointer *arg0: (*arg0)(arg1); (PredicateCPA:ExpressionToFormulaVisitor.visit, WARNING)

line 11424: Ignoring call via function pointer ldv_pm_ops_instance_runtime_suspend_1_25::arg0 for which no suitable target was found in line: (*arg0)(arg1); (FunctionPointerCPA:FunctionPointerTransferRelation.getAbstractSuccessorsForEdge, WARNING)

line 11424: Ignoring function call through function pointer *arg0: (*arg0)(arg1); (PredicateCPA:ExpressionToFormulaVisitor.visit, WARNING)

line 11413: Ignoring call via function pointer ldv_pm_ops_instance_runtime_resume_1_24::arg0 for which no suitable target was found in line: (*arg0)(arg1); (FunctionPointerCPA:FunctionPointerTransferRelation.getAbstractSuccessorsForEdge, WARNING)

line 11413: Ignoring function call through function pointer *arg0: (*arg0)(arg1); (PredicateCPA:ExpressionToFormulaVisitor.visit, WARNING)

line 11402: Ignoring call via function pointer ldv_pm_ops_instance_runtime_idle_1_27::arg0 for which no suitable target was found in line: (*arg0)(arg1); (FunctionPointerCPA:FunctionPointerTransferRelation.getAbstractSuccessorsForEdge, WARNING)

line 11402: Ignoring function call through function pointer *arg0: (*arg0)(arg1); (PredicateCPA:ExpressionToFormulaVisitor.visit, WARNING)

Assuming external function cancel_delayed_work to be a pure function. (PredicateCPA:ExpressionToFormulaVisitor.visit, INFO)

line 11292: Ignoring call via function pointer ldv_pm_ops_instance_poweroff_1_9::arg0 for which no suitable target was found in line: (*arg0)(arg1); (FunctionPointerCPA:FunctionPointerTransferRelation.getAbstractSuccessorsForEdge, WARNING)

line 11292: Ignoring function call through function pointer *arg0: (*arg0)(arg1); (PredicateCPA:ExpressionToFormulaVisitor.visit, WARNING)

line 11259: Ignoring call via function pointer ldv_pm_ops_instance_freeze_1_15::arg0 for which no suitable target was found in line: (*arg0)(arg1); (FunctionPointerCPA:FunctionPointerTransferRelation.getAbstractSuccessorsForEdge, WARNING)

line 11259: Ignoring function call through function pointer *arg0: (*arg0)(arg1); (PredicateCPA:ExpressionToFormulaVisitor.visit, WARNING)

line 11435: Ignoring call via function pointer ldv_pm_ops_instance_suspend_1_21::arg0 for which no suitable target was found in line: (*arg0)(arg1); (FunctionPointerCPA:FunctionPointerTransferRelation.getAbstractSuccessorsForEdge, WARNING)

line 11435: Ignoring function call through function pointer *arg0: (*arg0)(arg1); (PredicateCPA:ExpressionToFormulaVisitor.visit, WARNING)

Assuming external function warn_slowpath_null to be a pure function. (PredicateCPA:ExpressionToFormulaVisitor.visit, INFO)

Assuming external function __list_del_entry to be a pure function. (PredicateCPA:ExpressionToFormulaVisitor.visit, INFO)

Assuming external function dev_warn to be a pure function. (PredicateCPA:ExpressionToFormulaVisitor.visit, INFO)

Assuming external function usb_put_hcd to be a pure function. (PredicateCPA:ExpressionToFormulaVisitor.visit, INFO)

Assuming external function list_del to be a pure function. (PredicateCPA:ExpressionToFormulaVisitor.visit, INFO)

Recursion detected, aborting. To ignore recursion, add -skipRecursion to the command line. (CallstackCPA:CallstackTransferRelation.getAbstractSuccessorsForEdge, INFO)

Error: line 5013: Unsupported feature (recursion): kref_put(&(udev->kref), &u132_udev_delete); (line was originally kref_put(& udev->kref, & u132_udev_delete);) (CallstackTransferRelation.getAbstractSuccessorsForEdge, SEVERE)

PredicateCPA statistics
-----------------------
Number of abstractions:            4510 (26% of all post computations)
  Times abstraction was reused:    0
  Because of function entry/exit:  3727 (83%)
  Because of loop head:            704 (16%)
  Because of join nodes:           0 (0%)
  Because of threshold:            0 (0%)
  Because of target state:         79 (2%)
  Times precision was empty:       1672 (37%)
  Times precision was {false}:     186 (4%)
  Times result was cached:         2309 (51%)
  Times cartesian abs was used:    0 (0%)
  Times boolean abs was used:      343 (8%)
  Times result was 'false':        101 (2%)
Number of strengthen sat checks:   0
Number of coverage checks:         990
  BDD entailment checks:           652
Number of SMT sat checks:          0
  trivial:                         0
  cached:                          0

Max ABE block size:                       54
Number of predicates discovered:          9
Number of abstraction locations:          156
Max number of predicates per location:    4
Avg number of predicates per location:    1
Total predicates per abstraction:         5644
Max number of predicates per abstraction: 4
Avg number of predicates per abstraction: 10.67
Number of irrelevant predicates:          2507 (44%)
Number of preds handled by boolean abs:   586 (10%)
  Total number of models for allsat:      352
  Max number of models for allsat:        2
  Avg number of models for allsat:        1.03

Time for post operator:                  1.583s
  Time for path formula creation:        1.490s
Time for strengthen operator:            0.091s
Time for prec operator:                  2.473s
  Time for abstraction:                  2.264s (Max:     0.030s, Count: 4510)
    Boolean abstraction:                 0.401s
    Solving time:                        0.308s (Max:     0.015s)
    Model enumeration time:              0.033s
    Time for BDD construction:           0.030s (Max:     0.006s)
Time for merge operator:                 0.051s
Time for coverage check:                 0.022s
  Time for BDD entailment checks:        0.021s
Total time for SMT solver (w/o itp):     0.341s

Number of path formula cache hits:   16699 (79%)

Inside post operator:                  
  Inside path formula creation:        
    Time for path formula computation:     1.353s

Total number of created targets for pointer analysis: 50
   Number of created targets for uf: *(void)* is 2
   Number of created targets for uf: *signed_int is 5
   Number of created targets for uf: *(struct_list_head)* is 19
   Number of created targets for uf: *unsigned_int is 4


Number of BDD nodes:                               240
Size of BDD node table:                            270749
Size of BDD cache:                                 27073
Size of BDD node cleanup queue:                         773 (count: 5379, min: 0, max: 245, avg: 0.14)
Time for BDD node cleanup:                             0.002s
Time for BDD garbage collection:                       0.000s (in 0 runs)

PrecisionBootstrap statistics
-----------------------------
Init. function predicates:                         0
Init. global predicates:                           0
Init. location predicates:                         0

Invariant Generation statistics
-------------------------------

AutomatonAnalysis (SVCOMP) statistics
-------------------------------------
Number of states:                                  1
Total time for successor computation:                  0.275s
Automaton transfers with branching:                0
Automaton transfer successors:                        17392 (count: 17392, min: 1, max: 1, avg: 1.00) [1 x 17392]

CPA algorithm statistics
------------------------
Number of iterations:            11222
Max size of waitlist:            42
Average size of waitlist:        12
Number of computed successors:   12218
Max successors for one state:    2
Number of times merged:          169
Number of times stopped:         636
Number of times breaked:         22

Total time for CPA algorithm:         6.473s (Max:     0.968s)
  Time for choose from waitlist:      0.039s
  Time for precision adjustment:      2.914s
  Time for transfer relation:         2.811s
  Time for merge operator:            0.117s
  Time for stop operator:             0.180s
  Time for adding to reached set:     0.109s

Predicate-Abstraction Refiner statistics
----------------------------------------
Number of predicate refinements:                   22
Avg. length of target path (in blocks):                1695 (count: 22, min: 33, max: 141, avg: 77.05)
Number of infeasible sliced prefixes:                     0 (count: 0, min: 0, max: 0, avg: 0.00)

Time for refinement:                                   1.033s
  Counterexample analysis:                             0.764s (Max:     0.062s, Calls: 22)
    Refinement sat check:                              0.381s
    Interpolant computation:                           0.000s
  Path-formulas extraction:                            0.001s
  Error path post-processing:                          0.000s
  Predicate creation:                                  0.060s
  Precision update:                                    0.033s
  ARG update:                                          0.129s

Length of refined path (in blocks):                    1689 (count: 22, min: 33, max: 141, avg: 76.77)
Number of affected states:                             1013 (count: 22, min: 7, max: 120, avg: 46.05)
Length (states) of path with itp 'true':                654 (count: 22, min: 0, max: 116, avg: 29.73)
Length (states) of path with itp non-trivial itp:      1013 (count: 22, min: 7, max: 120, avg: 46.05)
Length (states) of path with itp 'false':                 6 (count: 22, min: 0, max: 1, avg: 0.27)
Different non-trivial interpolants along paths:          16 (count: 22, min: 0, max: 1, avg: 0.73)
Equal non-trivial interpolants along paths:             975 (count: 22, min: 5, max: 118, avg: 44.32)
Number of refs with location-based cutoff:                0

CEGAR algorithm statistics
--------------------------
Number of refinements:                22
Number of successful refinements:     22
Number of failed refinements:         0
Max. size of reached set before ref.: 1387
Max. size of reached set after ref.:  1326
Avg. size of reached set before ref.: 755.05
Avg. size of reached set after ref.:  297.18

Total time for CEGAR algorithm:       7.665s
Time for refinements:                 1.177s
Average time for refinement:          0.053s
Max time for refinement:              0.103s

Code Coverage
-----------------------------
  Function coverage:      0.163
  Visited lines:          1496
  Total lines:            6062
  Line coverage:          0.247
  Visited conditions:     175
  Total conditions:       1460
  Condition coverage:     0.120

CPAchecker general statistics
-----------------------------
Number of program locations:     9153
Number of CFA edges:             10370
Number of relevant variables:    1349
Number of functions:             673
Number of loops:                 38
Size of reached set:             1409
  Number of reached locations:   784 (9%)
    Avg states per location:     1
    Max states per location:     22 (at node N7184)
  Number of reached functions:   110 (16%)
  Number of partitions:          1396
    Avg size of partitions:      1
    Max size of partitions:      3 (with key [N4647 (before lines 10872-10875), Function ldv_platform_platform_instance_0 called from node N4473, stack depth 8 [52b2713a], stack [main, ldv_entry_EMGentry_7, ldv_EMGentry_init_u132_hcd_init_7_11, u132_hcd_init, ldv___platform_driver_register_252, ldv___platform_driver_register, ldv_dispatch_register_5_2, ldv_platform_platform_instance_0]])
  Number of target states:       0
  Size of final wait list        42

Time for analysis setup:          7.570s
  Time for loading CPAs:          1.049s
  Time for loading parser:        0.657s
  Time for CFA construction:      5.727s
    Time for parsing file(s):     1.257s
    Time for AST to CFA:          2.286s
    Time for CFA sanity check:    0.566s
    Time for post-processing:     1.403s
      Time for var class.:        0.776s
Time for Analysis:                7.665s
CPU time for analysis:            7.660s
Total time for CPAchecker:       15.239s
Total CPU time for CPAchecker:   15.210s
Time for statistics:              0.153s

Time for Garbage Collector:       0.326s (in 20 runs)
Garbage Collector(s) used:    Copy, MarkSweepCompact
Used heap memory:                 73MB (    69 MiB) max;     46MB (    44 MiB) avg;     77MB (    73 MiB) peak
Used non-heap memory:             39MB (    37 MiB) max;     30MB (    29 MiB) avg;     39MB (    37 MiB) peak
Allocated heap memory:           127MB (   121 MiB) max;    127MB (   121 MiB) avg
Allocated non-heap memory:        40MB (    38 MiB) max;     32MB (    31 MiB) avg
Total process virtual memory:   8083MB (  7709 MiB) max;   8058MB (  7685 MiB) avg

Verification result: UNKNOWN, incomplete analysis.
More details about the verification run can be found in the directory "./output".
