scripts/cpa.sh -Dy-MySearchStrategy-PredAbs-ABElf -heap 5600000000 -timelimit 900 -preprocess -stats -noout -setprop cpa.predicate.memoryAllocationsAlwaysSucceed=true -spec ../sv-benchmarks/c/ReachSafety.prp ../sv-benchmarks/c/ldv-linux-3.4-simple/43_1a_cilled_true-unreach-call_ok_nondet_linux-43_1a-drivers--input--joystick--turbografx_true-termination.ko-ldv_main0_sequence_infinite_withcheck_stateful.cil.out.c


--------------------------------------------------------------------------------


Running CPAchecker with Java heap of size 5600000000.
Running CPAchecker with default stack size (1024k). Specify a larger value with -stack if needed.
Running CPAchecker with the following extra VM options:  -Djava.io.tmpdir=/tmp/BenchExec_run_98u7jf_6/tmp
Using the following resource limits: CPU-time limit of 900s (ResourceLimitChecker.fromConfiguration, INFO)

CPAchecker (unknown version) (OpenJDK 64-Bit Server VM 1.8.0_151) started (CPAchecker.run, INFO)

Dead code detected: Label switch_break is not reachable. (CFAFunctionBuilder.leave, INFO)

Inline assembler ignored, analysis is probably unsound! (CFABuilder.createCFA, WARNING)

line 2431: Function pointer *__cil_tmp27 with type void (*)(struct parport *, unsigned char) is called, but no possible target functions were found. (CFunctionPointerResolver.replaceFunctionPointerCall, WARNING)

line 2336: Function pointer *__cil_tmp26 with type void (*)(struct parport *, unsigned char) is called, but no possible target functions were found. (CFunctionPointerResolver.replaceFunctionPointerCall, WARNING)

line 2172: Function pointer *__cil_tmp24 with type void (*)(struct parport *, unsigned char) is called, but no possible target functions were found. (CFunctionPointerResolver.replaceFunctionPointerCall, WARNING)

line 2187: Function pointer *__cil_tmp43 with type unsigned char (*)(struct parport *) is called, but no possible target functions were found. (CFunctionPointerResolver.replaceFunctionPointerCall, WARNING)

line 2205: Function pointer *__cil_tmp59 with type unsigned char (*)(struct parport *) is called, but no possible target functions were found. (CFunctionPointerResolver.replaceFunctionPointerCall, WARNING)

MathSAT5 is available for research and evaluation purposes only. It can not be used in a commercial environment, particularly as part of a commercial product, without written permission. MathSAT5 is provided as is, without any warranty. Please write to mathsat@fbk.eu for additional questions regarding licensing MathSAT5 or obtaining more up-to-date versions. (PredicateCPA:JavaSMT:Mathsat5SolverContext.<init>, WARNING)

Using predicate analysis with MathSAT5 version 5.3.14 (0b98b661254c) (Nov 17 2016 10:59:45, gmp 5.1.3, gcc 4.8.5, 64-bit) and JFactory 1.21. (PredicateCPA:PredicateCPA.<init>, INFO)

Using refinement for predicate analysis with PredicateAbstractionRefinementStrategy strategy. (PredicateCPA:PredicateCPARefiner.<init>, INFO)

Starting analysis ... (CPAchecker.runAlgorithm, INFO)

Assuming external function ldv_initialize to be a constant function. (PredicateCPA:ExpressionToFormulaVisitor.visit, INFO)

Assuming external function ldv_check_final_state to be a constant function. (PredicateCPA:ExpressionToFormulaVisitor.visit, INFO)

Assuming external function parport_unregister_device to be a pure function. (PredicateCPA:ExpressionToFormulaVisitor.visit, INFO)

Assuming external function input_unregister_device to be a pure function. (PredicateCPA:ExpressionToFormulaVisitor.visit, INFO)

Assuming external function mod_timer to be a pure function. (PredicateCPA:ExpressionToFormulaVisitor.visit, INFO)

line 2172: Ignoring call via function pointer tgfx_timer::__cil_tmp24 for which no suitable target was found in line: (*__cil_tmp24)(__cil_tmp28, __cil_tmp33); (FunctionPointerCPA:FunctionPointerTransferRelation.getAbstractSuccessorsForEdge, WARNING)

line 2172: Ignoring function call through function pointer *__cil_tmp24: (*__cil_tmp24)(__cil_tmp28, __cil_tmp33); (PredicateCPA:ExpressionToFormulaVisitor.visit, WARNING)

line 2187: Ignoring call via function pointer tgfx_timer::__cil_tmp43 for which no suitable target was found in line: tmp = (*__cil_tmp43)(__cil_tmp47); (FunctionPointerCPA:FunctionPointerTransferRelation.getAbstractSuccessorsForEdge, WARNING)

line 2205: Ignoring call via function pointer tgfx_timer::__cil_tmp59 for which no suitable target was found in line: tmp___0 = (*__cil_tmp59)(__cil_tmp63); (FunctionPointerCPA:FunctionPointerTransferRelation.getAbstractSuccessorsForEdge, WARNING)

Assuming external function input_event to be a pure function. (PredicateCPA:ExpressionToFormulaVisitor.visit, INFO)

Assuming external function parport_find_number to be a pure function. (PredicateCPA:ExpressionToFormulaVisitor.visit, INFO)

Assuming external function parport_register_device to be a pure function. (PredicateCPA:ExpressionToFormulaVisitor.visit, INFO)

Assuming external function parport_put_port to be a pure function. (PredicateCPA:ExpressionToFormulaVisitor.visit, INFO)

Assuming external function __mutex_init to be a pure function. (PredicateCPA:ExpressionToFormulaVisitor.visit, INFO)

Assuming external function init_timer_key to be a pure function. (PredicateCPA:ExpressionToFormulaVisitor.visit, INFO)

Assuming external function snprintf to be a pure function. (PredicateCPA:ExpressionToFormulaVisitor.visit, INFO)

Assuming external function dev_set_drvdata to be a pure function. (PredicateCPA:ExpressionToFormulaVisitor.visit, INFO)

Assuming external function input_set_abs_params to be a pure function. (PredicateCPA:ExpressionToFormulaVisitor.visit, INFO)

Assuming external function input_register_device to be a pure function. (PredicateCPA:ExpressionToFormulaVisitor.visit, INFO)

Assuming external function input_free_device to be a pure function. (PredicateCPA:ExpressionToFormulaVisitor.visit, INFO)

Stopping analysis ... (CPAchecker.runAlgorithm, INFO)

PredicateCPA statistics
-----------------------
Number of abstractions:            646 (7% of all post computations)
  Times abstraction was reused:    0
  Because of function entry/exit:  437 (68%)
  Because of loop head:            203 (31%)
  Because of join nodes:           0 (0%)
  Because of threshold:            0 (0%)
  Because of target state:         6 (1%)
  Times precision was empty:       445 (69%)
  Times precision was {false}:     32 (5%)
  Times result was cached:         130 (20%)
  Times cartesian abs was used:    0 (0%)
  Times boolean abs was used:      39 (6%)
  Times result was 'false':        11 (2%)
Number of strengthen sat checks:   0
Number of coverage checks:         372
  BDD entailment checks:           198
Number of SMT sat checks:          0
  trivial:                         0
  cached:                          0

Max ABE block size:                       119
Number of predicates discovered:          2
Number of abstraction locations:          23
Max number of predicates per location:    1
Avg number of predicates per location:    1
Total predicates per abstraction:         201
Max number of predicates per abstraction: 1
Avg number of predicates per abstraction: 2.83
Number of irrelevant predicates:          60 (30%)
Number of preds handled by boolean abs:   39 (19%)
  Total number of models for allsat:      42
  Max number of models for allsat:        2
  Avg number of models for allsat:        1.08

Time for post operator:                  0.607s
  Time for path formula creation:        0.584s
Time for strengthen operator:            0.062s
Time for prec operator:                  0.301s
  Time for abstraction:                  0.275s (Max:     0.019s, Count: 646)
    Boolean abstraction:                 0.069s
    Solving time:                        0.057s (Max:     0.009s)
    Model enumeration time:              0.001s
    Time for BDD construction:           0.014s (Max:     0.005s)
Time for merge operator:                 0.030s
Time for coverage check:                 0.020s
  Time for BDD entailment checks:        0.020s
Total time for SMT solver (w/o itp):     0.058s

Number of path formula cache hits:   6951 (75%)

Inside post operator:                  
  Inside path formula creation:        
    Time for path formula computation:     0.556s

Total number of created targets for pointer analysis: 21
   Number of created targets for uf: *(struct_tgfx)* is 22


Number of BDD nodes:                               202
Size of BDD node table:                            270749
Size of BDD cache:                                 27073
Size of BDD node cleanup queue:                          33 (count: 1043, min: 0, max: 33, avg: 0.03)
Time for BDD node cleanup:                             0.000s
Time for BDD garbage collection:                       0.000s (in 0 runs)

PrecisionBootstrap statistics
-----------------------------
Init. function predicates:                         0
Init. global predicates:                           0
Init. location predicates:                         0

Invariant Generation statistics
-------------------------------

AutomatonAnalysis (SVCOMP) statistics
-------------------------------------
Number of states:                                  1
Total time for successor computation:                  0.083s
Automaton transfers with branching:                0
Automaton transfer successors:                         8697 (count: 8697, min: 1, max: 1, avg: 1.00) [1 x 8697]

CPA algorithm statistics
------------------------
Number of iterations:            2720
Max size of waitlist:            7
Average size of waitlist:        3
Number of computed successors:   3005
Max successors for one state:    2
Number of times merged:          87
Number of times stopped:         265
Number of times breaked:         6

Total time for CPA algorithm:         1.714s (Max:     0.649s)
  Time for choose from waitlist:      0.003s
  Time for precision adjustment:      0.423s
  Time for transfer relation:         1.086s
  Time for merge operator:            0.046s
  Time for stop operator:             0.047s
  Time for adding to reached set:     0.032s

Predicate-Abstraction Refiner statistics
----------------------------------------
Number of predicate refinements:                   6
Avg. length of target path (in blocks):                 103 (count: 6, min: 7, max: 26, avg: 17.17)
Number of infeasible sliced prefixes:                     0 (count: 0, min: 0, max: 0, avg: 0.00)

Time for refinement:                                   0.127s
  Counterexample analysis:                             0.089s (Max:     0.020s, Calls: 6)
    Refinement sat check:                              0.061s
    Interpolant computation:                           0.000s
  Path-formulas extraction:                            0.000s
  Error path post-processing:                          0.000s
  Predicate creation:                                  0.009s
  Precision update:                                    0.003s
  ARG update:                                          0.014s

Length of refined path (in blocks):                      97 (count: 6, min: 6, max: 25, avg: 16.17)
Number of affected states:                               91 (count: 6, min: 5, max: 24, avg: 15.17)
Length (states) of path with itp 'true':                  0 (count: 6, min: 0, max: 0, avg: 0.00)
Length (states) of path with itp non-trivial itp:        91 (count: 6, min: 5, max: 24, avg: 15.17)
Length (states) of path with itp 'false':                 6 (count: 6, min: 1, max: 1, avg: 1.00)
Different non-trivial interpolants along paths:           0 (count: 6, min: 0, max: 0, avg: 0.00)
Equal non-trivial interpolants along paths:              85 (count: 6, min: 4, max: 23, avg: 14.17)
Number of refs with location-based cutoff:                0

CEGAR algorithm statistics
--------------------------
Number of refinements:                6
Number of successful refinements:     6
Number of failed refinements:         0
Max. size of reached set before ref.: 472
Max. size of reached set after ref.:  3
Avg. size of reached set before ref.: 396.67
Avg. size of reached set after ref.:  3.00

Total time for CEGAR algorithm:       1.869s
Time for refinements:                 0.155s
Average time for refinement:          0.025s
Max time for refinement:              0.059s

Code Coverage
-----------------------------
  Function coverage:      0.630
  Visited lines:          1219
  Total lines:            1413
  Line coverage:          0.863
  Visited conditions:     64
  Total conditions:       78
  Condition coverage:     0.821

CPAchecker general statistics
-----------------------------
Number of program locations:     1569
Number of CFA edges:             1610
Number of relevant variables:    258
Number of functions:             27
Number of loops:                 9
Size of reached set:             368
  Number of reached locations:   269 (17%)
    Avg states per location:     1
    Max states per location:     5 (at node N58)
  Number of reached functions:   17 (63%)
  Number of partitions:          368
    Avg size of partitions:      1
    Max size of partitions:      1
  Number of target states:       0

Time for analysis setup:          2.907s
  Time for loading CPAs:          0.645s
  Time for loading parser:        0.428s
  Time for CFA construction:      1.728s
    Time for parsing file(s):     0.557s
    Time for AST to CFA:          0.555s
    Time for CFA sanity check:    0.092s
    Time for post-processing:     0.386s
      Time for var class.:        0.184s
Time for Analysis:                1.869s
CPU time for analysis:            1.870s
Time for analyzing result:        0.000s
Total time for CPAchecker:        4.779s
Total CPU time for CPAchecker:    4.780s
Time for statistics:              0.068s

Time for Garbage Collector:       0.109s (in 7 runs)
Garbage Collector(s) used:    Copy, MarkSweepCompact
Used heap memory:                 57MB (    54 MiB) max;     33MB (    32 MiB) avg;     64MB (    61 MiB) peak
Used non-heap memory:             33MB (    31 MiB) max;     26MB (    25 MiB) avg;     34MB (    33 MiB) peak
Allocated heap memory:           127MB (   121 MiB) max;    127MB (   121 MiB) avg
Allocated non-heap memory:        36MB (    34 MiB) max;     28MB (    27 MiB) avg
Total process virtual memory:   8085MB (  7711 MiB) max;   8042MB (  7669 MiB) avg

Verification result: TRUE. No property violation found by chosen configuration.
More details about the verification run can be found in the directory "./output".
