scripts/cpa.sh -Dy-MySearchStrategy-PredAbs-ABElf -heap 5600000000 -timelimit 900 -preprocess -stats -noout -setprop cpa.predicate.memoryAllocationsAlwaysSucceed=true -spec ../sv-benchmarks/c/ReachSafety.prp ../sv-benchmarks/c/ldv-linux-3.14/linux-3.14__complex_emg__linux-usb-dev__drivers-net-wireless-airo_true-unreach-call.cil.c


--------------------------------------------------------------------------------


Running CPAchecker with Java heap of size 5600000000.
Running CPAchecker with default stack size (1024k). Specify a larger value with -stack if needed.
Running CPAchecker with the following extra VM options:  -Djava.io.tmpdir=/tmp/BenchExec_run_j2g3gh8o/tmp
Using the following resource limits: CPU-time limit of 900s (ResourceLimitChecker.fromConfiguration, INFO)

CPAchecker (unknown version) (OpenJDK 64-Bit Server VM 1.8.0_162) started (CPAchecker.run, INFO)

line 6128: Dead code detected: return (1); (CFACreationUtils.addEdgeToCFA, INFO)

line 6182: Dead code detected: Goto: case_1 (CFACreationUtils.addEdgeToCFA, INFO)

line 6187: Dead code detected: Goto: case_2 (CFACreationUtils.addEdgeToCFA, INFO)

line 6192: Dead code detected: Goto: case_4 (CFACreationUtils.addEdgeToCFA, INFO)

line 6201: Dead code detected: Goto: switch_default (CFACreationUtils.addEdgeToCFA, INFO)

Dead code detected: Label switch_break is not reachable. (CFAFunctionBuilder.leave, INFO)

Dead code detected: Label switch_default is not reachable. (CFAFunctionBuilder.leave, INFO)

Dead code detected: Label case_4 is not reachable. (CFAFunctionBuilder.leave, INFO)

Dead code detected: Label case_1 is not reachable. (CFAFunctionBuilder.leave, INFO)

Dead code detected: Label case_2 is not reachable. (CFAFunctionBuilder.leave, INFO)

line 6296: Dead code detected: Goto: case_1 (CFACreationUtils.addEdgeToCFA, INFO)

line 6301: Dead code detected: Goto: case_2 (CFACreationUtils.addEdgeToCFA, INFO)

line 6311: Dead code detected: Goto: case_8 (CFACreationUtils.addEdgeToCFA, INFO)

line 6315: Dead code detected: Goto: switch_default (CFACreationUtils.addEdgeToCFA, INFO)

Dead code detected: Label case_8 is not reachable. (CFAFunctionBuilder.leave, INFO)

Dead code detected: Label switch_break is not reachable. (CFAFunctionBuilder.leave, INFO)

Dead code detected: Label switch_default is not reachable. (CFAFunctionBuilder.leave, INFO)

Dead code detected: Label case_1 is not reachable. (CFAFunctionBuilder.leave, INFO)

Dead code detected: Label case_2 is not reachable. (CFAFunctionBuilder.leave, INFO)

line 10687: Dead code detected: Goto: case_1 (CFACreationUtils.addEdgeToCFA, INFO)

line 10692: Dead code detected: Goto: case_2 (CFACreationUtils.addEdgeToCFA, INFO)

line 10697: Dead code detected: Goto: case_4 (CFACreationUtils.addEdgeToCFA, INFO)

line 10706: Dead code detected: Goto: switch_default (CFACreationUtils.addEdgeToCFA, INFO)

Dead code detected: Label switch_break is not reachable. (CFAFunctionBuilder.leave, INFO)

Dead code detected: Label switch_default is not reachable. (CFAFunctionBuilder.leave, INFO)

Dead code detected: Label case_4 is not reachable. (CFAFunctionBuilder.leave, INFO)

Dead code detected: Label case_1 is not reachable. (CFAFunctionBuilder.leave, INFO)

Dead code detected: Label case_2 is not reachable. (CFAFunctionBuilder.leave, INFO)

Dead code detected: Label switch_break is not reachable. (CFAFunctionBuilder.leave, INFO)

Dead code detected: Label switch_break is not reachable. (CFAFunctionBuilder.leave, INFO)

Dead code detected: Label switch_break is not reachable. (CFAFunctionBuilder.leave, INFO)

Dead code detected: Label switch_break is not reachable. (CFAFunctionBuilder.leave, INFO)

Dead code detected: Label switch_break is not reachable. (CFAFunctionBuilder.leave, INFO)

Dead code detected: Label switch_break is not reachable. (CFAFunctionBuilder.leave, INFO)

Dead code detected: Label switch_break is not reachable. (CFAFunctionBuilder.leave, INFO)

Dead code detected: Label switch_break is not reachable. (CFAFunctionBuilder.leave, INFO)

Dead code detected: Label switch_break is not reachable. (CFAFunctionBuilder.leave, INFO)

Dead code detected: Label switch_break is not reachable. (CFAFunctionBuilder.leave, INFO)

Dead code detected: Label switch_break is not reachable. (CFAFunctionBuilder.leave, INFO)

Dead code detected: Label switch_break is not reachable. (CFAFunctionBuilder.leave, INFO)

line 19746: Dead code detected: return (arg0); (CFACreationUtils.addEdgeToCFA, INFO)

line 19770: Dead code detected: return (arg0); (CFACreationUtils.addEdgeToCFA, INFO)

line 19773: Dead code detected: return (arg0); (CFACreationUtils.addEdgeToCFA, INFO)

line 19775: Dead code detected: return (arg0); (CFACreationUtils.addEdgeToCFA, INFO)

line 23019: Dead code detected: return; (CFACreationUtils.addEdgeToCFA, INFO)

line 23032: Dead code detected: return; (CFACreationUtils.addEdgeToCFA, INFO)

line 23770: Dead code detected: return; (CFACreationUtils.addEdgeToCFA, INFO)

line 23812: Dead code detected: return (arg0); (CFACreationUtils.addEdgeToCFA, INFO)

line 23813: Dead code detected: return (arg0); (CFACreationUtils.addEdgeToCFA, INFO)

line 23858: Dead code detected: return (arg0); (CFACreationUtils.addEdgeToCFA, INFO)

line 24430: Dead code detected: return; (CFACreationUtils.addEdgeToCFA, INFO)

line 24515: Dead code detected: return (ldv_func_res); (CFACreationUtils.addEdgeToCFA, INFO)

line 24595: Dead code detected: return (ldv_func_res); (CFACreationUtils.addEdgeToCFA, INFO)

line 24611: Dead code detected: return (ldv_func_res); (CFACreationUtils.addEdgeToCFA, INFO)

line 24643: Dead code detected: return (ldv_func_res); (CFACreationUtils.addEdgeToCFA, INFO)

line 24659: Dead code detected: return (ldv_func_res); (CFACreationUtils.addEdgeToCFA, INFO)

line 24725: Dead code detected: return (ldv_func_res); (CFACreationUtils.addEdgeToCFA, INFO)

Inline assembler ignored, analysis is probably unsound! (CFABuilder.createCFA, WARNING)

line 7371: Function pointer *(tmp->cit_encrypt_one) with type void (*)(struct crypto_tfm *, u8 *, u8 *) is called, but no possible target functions were found. (CFunctionPointerResolver.replaceFunctionPointerCall, WARNING)

line 7356: Function pointer *(tmp->cit_setkey) with type int (*)(struct crypto_tfm *, u8 *, unsigned int) is called, but no possible target functions were found. (CFunctionPointerResolver.replaceFunctionPointerCall, WARNING)

line 6840: Function pointer *(ops->alloc) with type void *(*)(struct device *, size_t , dma_addr_t *, gfp_t , struct dma_attrs *) is called, but no possible target functions were found. (CFunctionPointerResolver.replaceFunctionPointerCall, WARNING)

line 6881: Function pointer *(ops->free) with type void (*)(struct device *, size_t , void *, dma_addr_t , struct dma_attrs *) is called, but no possible target functions were found. (CFunctionPointerResolver.replaceFunctionPointerCall, WARNING)

lines 18779-18780: Function pointer *writer with type int (*)(struct airo_info *, u16 , const void *, int, int) is called, but no possible target functions were found. (CFunctionPointerResolver.replaceFunctionPointerCall, WARNING)

MathSAT5 is available for research and evaluation purposes only. It can not be used in a commercial environment, particularly as part of a commercial product, without written permission. MathSAT5 is provided as is, without any warranty. Please write to mathsat@fbk.eu for additional questions regarding licensing MathSAT5 or obtaining more up-to-date versions. (PredicateCPA:JavaSMT:Mathsat5SolverContext.<init>, WARNING)

Using predicate analysis with MathSAT5 version 5.3.14 (0b98b661254c) (Nov 17 2016 10:59:45, gmp 5.1.3, gcc 4.8.5, 64-bit) and JFactory 1.21. (PredicateCPA:PredicateCPA.<init>, INFO)

Using refinement for predicate analysis with PredicateAbstractionRefinementStrategy strategy. (PredicateCPA:PredicateCPARefiner.<init>, INFO)

Starting analysis ... (CPAchecker.runAlgorithm, INFO)

Assuming external function external_allocated_data to be a constant function. (PredicateCPA:ExpressionToFormulaVisitor.visit, INFO)

Assuming external function down_trylock to be a pure function. (PredicateCPA:ExpressionToFormulaVisitor.visit, INFO)

Assuming external function up to be a pure function. (PredicateCPA:ExpressionToFormulaVisitor.visit, INFO)

Assuming external function down_interruptible to be a pure function. (PredicateCPA:ExpressionToFormulaVisitor.visit, INFO)

Assuming external function memset to be a pure function. (PredicateCPA:ExpressionToFormulaVisitor.visit, INFO)

Assuming external function schedule to be a constant function. (PredicateCPA:ExpressionToFormulaVisitor.visit, INFO)

Assuming external function memcpy to be a pure function. (PredicateCPA:ExpressionToFormulaVisitor.visit, INFO)

line 7837: Ignoring function call through function pointer *(ai->bap_read): tmp = (*(ai->bap_read))(ai, pu16Dst, bytelen, whichbap); (PredicateCPA:ExpressionToFormulaVisitor.visit, WARNING)

Assuming external function _raw_spin_unlock_irqrestore to be a pure function. (PredicateCPA:ExpressionToFormulaVisitor.visit, INFO)

Assuming external function memcmp to be a pure function. (PredicateCPA:ExpressionToFormulaVisitor.visit, INFO)

Assuming external function __wake_up to be a pure function. (PredicateCPA:ExpressionToFormulaVisitor.visit, INFO)

line 23921: Destroying the void* pointer ldv_xmalloc::tmp produces garbage or the memory pointed by it is unused: tmp___1 = ldv_xmalloc(1UL); (PredicateCPA:DynamicMemoryHandler.handleDeferredAllocationInFunctionExit, WARNING)

Assuming external function netif_device_detach to be a pure function. (PredicateCPA:ExpressionToFormulaVisitor.visit, INFO)

Assuming external function pci_save_state to be a pure function. (PredicateCPA:ExpressionToFormulaVisitor.visit, INFO)

Assuming external function pci_set_power_state to be a pure function. (PredicateCPA:ExpressionToFormulaVisitor.visit, INFO)

line 23519: Ignoring call via function pointer ldv_pci_instance_suspend_late_11_7::arg0 for which no suitable target was found in line: tmp = (*arg0)(arg1, arg2); (FunctionPointerCPA:FunctionPointerTransferRelation.getAbstractSuccessorsForEdge, WARNING)

line 23519: Ignoring function call through function pointer *arg0: tmp = (*arg0)(arg1, arg2); (PredicateCPA:ExpressionToFormulaVisitor.visit, WARNING)

line 23484: Ignoring call via function pointer ldv_pci_instance_resume_early_11_6::arg0 for which no suitable target was found in line: (*arg0)(arg1); (FunctionPointerCPA:FunctionPointerTransferRelation.getAbstractSuccessorsForEdge, WARNING)

line 23484: Ignoring function call through function pointer *arg0: (*arg0)(arg1); (PredicateCPA:ExpressionToFormulaVisitor.visit, WARNING)

Assuming external function set_freezable to be a constant function. (PredicateCPA:ExpressionToFormulaVisitor.visit, INFO)

Assuming external function pci_restore_state to be a pure function. (PredicateCPA:ExpressionToFormulaVisitor.visit, INFO)

Assuming external function debug_check_no_locks_held to be a constant function. (PredicateCPA:ExpressionToFormulaVisitor.visit, INFO)

Assuming external function __might_sleep to be a pure function. (PredicateCPA:ExpressionToFormulaVisitor.visit, INFO)

Assuming external function freezing_slow_path to be a pure function. (PredicateCPA:ExpressionToFormulaVisitor.visit, INFO)

Assuming external function __const_udelay to be a pure function. (PredicateCPA:ExpressionToFormulaVisitor.visit, INFO)

Assuming external function msleep to be a pure function. (PredicateCPA:ExpressionToFormulaVisitor.visit, INFO)

Assuming external function warn_slowpath_null to be a pure function. (PredicateCPA:ExpressionToFormulaVisitor.visit, INFO)

Assuming external function crypto_alloc_base to be a pure function. (PredicateCPA:ExpressionToFormulaVisitor.visit, INFO)

Assuming external function add_wait_queue to be a pure function. (PredicateCPA:ExpressionToFormulaVisitor.visit, INFO)

line 6153: Return type of function __builtin_bswap32 is void, but result is used as type int: tmp = __builtin_bswap32(val); (PredicateCPA:CtoFormulaConverter.getReturnType, WARNING)

Assuming external function __builtin_bswap32 to be a pure function. (PredicateCPA:ExpressionToFormulaVisitor.visit, INFO)

Cannot get declaration of function __builtin_bswap32, ignoring calls to it. (PredicateCPA:ExpressionToFormulaVisitor.visit, WARNING)

Assuming external function consume_skb to be a pure function. (PredicateCPA:ExpressionToFormulaVisitor.visit, INFO)

Assuming external function netpoll_trap to be a constant function. (PredicateCPA:ExpressionToFormulaVisitor.visit, INFO)

Assuming external function __netif_schedule to be a pure function. (PredicateCPA:ExpressionToFormulaVisitor.visit, INFO)

Assuming external function kthread_should_stop to be a constant function. (PredicateCPA:ExpressionToFormulaVisitor.visit, INFO)

Assuming external function netif_device_attach to be a pure function. (PredicateCPA:ExpressionToFormulaVisitor.visit, INFO)

Assuming external function remove_wait_queue to be a pure function. (PredicateCPA:ExpressionToFormulaVisitor.visit, INFO)

Assuming external function schedule_timeout to be a pure function. (PredicateCPA:ExpressionToFormulaVisitor.visit, INFO)

line 7371: Ignoring function call through function pointer *(tmp->cit_encrypt_one): (*(tmp->cit_encrypt_one))(tmp___0, dst, src); (PredicateCPA:ExpressionToFormulaVisitor.visit, WARNING)

Assuming external function wireless_send_event to be a pure function. (PredicateCPA:ExpressionToFormulaVisitor.visit, INFO)

Assuming external function __list_del_entry to be a pure function. (PredicateCPA:ExpressionToFormulaVisitor.visit, INFO)

Assuming external function __list_add to be a pure function. (PredicateCPA:ExpressionToFormulaVisitor.visit, INFO)

Assuming external function list_del to be a pure function. (PredicateCPA:ExpressionToFormulaVisitor.visit, INFO)

line 23495: Ignoring call via function pointer ldv_pci_instance_shutdown_11_3::arg0 for which no suitable target was found in line: (*arg0)(arg1); (FunctionPointerCPA:FunctionPointerTransferRelation.getAbstractSuccessorsForEdge, WARNING)

line 23495: Ignoring function call through function pointer *arg0: (*arg0)(arg1); (PredicateCPA:ExpressionToFormulaVisitor.visit, WARNING)

Assuming external function remove_proc_subtree to be a pure function. (PredicateCPA:ExpressionToFormulaVisitor.visit, INFO)

Assuming external function unregister_netdev to be a pure function. (PredicateCPA:ExpressionToFormulaVisitor.visit, INFO)

Assuming external function free_irq to be a pure function. (PredicateCPA:ExpressionToFormulaVisitor.visit, INFO)

Assuming external function kthread_stop to be a pure function. (PredicateCPA:ExpressionToFormulaVisitor.visit, INFO)

Assuming external function __release_region to be a pure function. (PredicateCPA:ExpressionToFormulaVisitor.visit, INFO)

Assuming external function free_netdev to be a pure function. (PredicateCPA:ExpressionToFormulaVisitor.visit, INFO)

Assuming external function skb_dequeue to be a pure function. (PredicateCPA:ExpressionToFormulaVisitor.visit, INFO)

Assuming external function iounmap to be a pure function. (PredicateCPA:ExpressionToFormulaVisitor.visit, INFO)

line 6256: Return type of function __builtin_unreachable is void, but result is used as type int: __builtin_unreachable(); (PredicateCPA:CtoFormulaConverter.getReturnType, WARNING)

Assuming external function __builtin_unreachable to be a constant function. (PredicateCPA:ExpressionToFormulaVisitor.visit, INFO)

Assuming external function debug_dma_free_coherent to be a pure function. (PredicateCPA:ExpressionToFormulaVisitor.visit, INFO)

line 6881: Ignoring function call through function pointer *(ops->free): (*(ops->free))(dev, size, vaddr, bus, attrs); (PredicateCPA:ExpressionToFormulaVisitor.visit, WARNING)

Assuming external function pci_disable_device to be a pure function. (PredicateCPA:ExpressionToFormulaVisitor.visit, INFO)

Assuming external function eth_validate_addr to be a pure function. (PredicateCPA:ExpressionToFormulaVisitor.visit, INFO)

Assuming external function __dev_kfree_skb_any to be a pure function. (PredicateCPA:ExpressionToFormulaVisitor.visit, INFO)

Assuming external function might_fault to be a constant function. (PredicateCPA:ExpressionToFormulaVisitor.visit, INFO)

Assuming external function _copy_from_user to be a pure function. (PredicateCPA:ExpressionToFormulaVisitor.visit, INFO)

Assuming external function __copy_from_user_overflow to be a constant function. (PredicateCPA:ExpressionToFormulaVisitor.visit, INFO)

Assuming external function capable to be a pure function. (PredicateCPA:ExpressionToFormulaVisitor.visit, INFO)

Assuming external function _copy_to_user to be a pure function. (PredicateCPA:ExpressionToFormulaVisitor.visit, INFO)

Assuming external function __copy_to_user_overflow to be a constant function. (PredicateCPA:ExpressionToFormulaVisitor.visit, INFO)

lines 18779-18780: Function pointer writerids::writer points to PC4500_writerid, but no corresponding call edge was created during preprocessing. Ignoring function pointer call: tmp___8 = (*writer)(ai, (int)((u16 )ridcode), (const void *)iobuf, __CPAchecker_TMP_22, 1); (FunctionPointerCPA:FunctionPointerTransferRelation.getAbstractSuccessorsForEdge, WARNING)

lines 18779-18780: Ignoring function call through function pointer *writer: tmp___8 = (*writer)(ai, (int)((u16 )ridcode), (const void *)iobuf, __CPAchecker_TMP_22, 1); (PredicateCPA:ExpressionToFormulaVisitor.visit, WARNING)

lines 18779-18780: Function pointer writerids::writer points to do_writerid, but no corresponding call edge was created during preprocessing. Ignoring function pointer call: tmp___8 = (*writer)(ai, (int)((u16 )ridcode), (const void *)iobuf, __CPAchecker_TMP_22, 1); (FunctionPointerCPA:FunctionPointerTransferRelation.getAbstractSuccessorsForEdge, WARNING)

Assuming external function skb_queue_tail to be a pure function. (PredicateCPA:ExpressionToFormulaVisitor.visit, INFO)

Assuming external function ldv_switch_to_interrupt_context to be a constant function. (PredicateCPA:ExpressionToFormulaVisitor.visit, INFO)

Assuming external function __netdev_alloc_skb to be a pure function. (PredicateCPA:ExpressionToFormulaVisitor.visit, INFO)

Assuming external function skb_put to be a pure function. (PredicateCPA:ExpressionToFormulaVisitor.visit, INFO)

Assuming external function skb_trim to be a pure function. (PredicateCPA:ExpressionToFormulaVisitor.visit, INFO)

Assuming external function __dev_kfree_skb_irq to be a pure function. (PredicateCPA:ExpressionToFormulaVisitor.visit, INFO)

Assuming external function wireless_spy_update to be a pure function. (PredicateCPA:ExpressionToFormulaVisitor.visit, INFO)

Assuming external function netif_rx to be a pure function. (PredicateCPA:ExpressionToFormulaVisitor.visit, INFO)

Assuming external function wake_up_process to be a pure function. (PredicateCPA:ExpressionToFormulaVisitor.visit, INFO)

Assuming external function PDE_DATA to be a pure function. (PredicateCPA:ExpressionToFormulaVisitor.visit, INFO)

Assuming external function ldv_check_alloc_flags to be a pure function. (PredicateCPA:ExpressionToFormulaVisitor.visit, INFO)

Assuming external function ldv_after_alloc to be a pure function. (PredicateCPA:ExpressionToFormulaVisitor.visit, INFO)

Assuming external function strcpy to be a pure function. (PredicateCPA:ExpressionToFormulaVisitor.visit, INFO)

Assuming external function default_llseek to be a pure function. (PredicateCPA:ExpressionToFormulaVisitor.visit, INFO)

line 15280: Ignoring function call through function pointer *(data->on_close): (*(data->on_close))(inode, file); (PredicateCPA:ExpressionToFormulaVisitor.visit, WARNING)

Assuming external function hex_to_bin to be a pure function. (PredicateCPA:ExpressionToFormulaVisitor.visit, INFO)

line 22469: Destroying the void* pointer ldv_xmalloc::tmp produces garbage or the memory pointed by it is unused: tmp___9 = ldv_xmalloc(1UL); (PredicateCPA:DynamicMemoryHandler.handleDeferredAllocationInFunctionExit, WARNING)

line 22253: Destroying the void* pointer ldv_xmalloc::tmp produces garbage or the memory pointed by it is unused: tmp___9 = ldv_xmalloc(1UL); (PredicateCPA:DynamicMemoryHandler.handleDeferredAllocationInFunctionExit, WARNING)

line 22026: Destroying the void* pointer ldv_xmalloc::tmp produces garbage or the memory pointed by it is unused: tmp___9 = ldv_xmalloc(1UL); (PredicateCPA:DynamicMemoryHandler.handleDeferredAllocationInFunctionExit, WARNING)

line 21799: Destroying the void* pointer ldv_xmalloc::tmp produces garbage or the memory pointed by it is unused: tmp___9 = ldv_xmalloc(1UL); (PredicateCPA:DynamicMemoryHandler.handleDeferredAllocationInFunctionExit, WARNING)

line 21572: Destroying the void* pointer ldv_xmalloc::tmp produces garbage or the memory pointed by it is unused: tmp___9 = ldv_xmalloc(1UL); (PredicateCPA:DynamicMemoryHandler.handleDeferredAllocationInFunctionExit, WARNING)

line 21356: Destroying the void* pointer ldv_xmalloc::tmp produces garbage or the memory pointed by it is unused: tmp___9 = ldv_xmalloc(1UL); (PredicateCPA:DynamicMemoryHandler.handleDeferredAllocationInFunctionExit, WARNING)

Assuming external function schedule_timeout_uninterruptible to be a pure function. (PredicateCPA:ExpressionToFormulaVisitor.visit, INFO)

line 21140: Destroying the void* pointer ldv_xmalloc::tmp produces garbage or the memory pointed by it is unused: tmp___9 = ldv_xmalloc(1UL); (PredicateCPA:DynamicMemoryHandler.handleDeferredAllocationInFunctionExit, WARNING)

line 20924: Destroying the void* pointer ldv_xmalloc::tmp produces garbage or the memory pointed by it is unused: tmp___9 = ldv_xmalloc(1UL); (PredicateCPA:DynamicMemoryHandler.handleDeferredAllocationInFunctionExit, WARNING)

Assuming external function ldv_pre_probe to be a constant function. (PredicateCPA:ExpressionToFormulaVisitor.visit, INFO)

Assuming external function pci_enable_device to be a pure function. (PredicateCPA:ExpressionToFormulaVisitor.visit, INFO)

Assuming external function pci_set_master to be a pure function. (PredicateCPA:ExpressionToFormulaVisitor.visit, INFO)

Assuming external function __raw_spin_lock_init to be a pure function. (PredicateCPA:ExpressionToFormulaVisitor.visit, INFO)

Assuming external function lockdep_init_map to be a pure function. (PredicateCPA:ExpressionToFormulaVisitor.visit, INFO)

Assuming external function __init_waitqueue_head to be a pure function. (PredicateCPA:ExpressionToFormulaVisitor.visit, INFO)

Assuming external function __request_region to be a pure function. (PredicateCPA:ExpressionToFormulaVisitor.visit, INFO)

Assuming external function ioremap_nocache to be a pure function. (PredicateCPA:ExpressionToFormulaVisitor.visit, INFO)

line 6840: Ignoring function call through function pointer *(ops->alloc): memory = (*(ops->alloc))(dev, size, dma_handle, tmp___1, attrs); (PredicateCPA:ExpressionToFormulaVisitor.visit, WARNING)

Assuming external function debug_dma_alloc_coherent to be a pure function. (PredicateCPA:ExpressionToFormulaVisitor.visit, INFO)

Assuming external function ldv_pre_register_netdev to be a constant function. (PredicateCPA:ExpressionToFormulaVisitor.visit, INFO)

Assuming external function kthread_create_on_node to be a pure function. (PredicateCPA:ExpressionToFormulaVisitor.visit, INFO)

Assuming external function request_threaded_irq to be a pure function. (PredicateCPA:ExpressionToFormulaVisitor.visit, INFO)

Assuming external function proc_mkdir_mode to be a pure function. (PredicateCPA:ExpressionToFormulaVisitor.visit, INFO)

Assuming external function proc_set_user to be a pure function. (PredicateCPA:ExpressionToFormulaVisitor.visit, INFO)

Assuming external function proc_create_data to be a pure function. (PredicateCPA:ExpressionToFormulaVisitor.visit, INFO)

line 23740: Destroying the void* pointer ldv_xmalloc::tmp produces garbage or the memory pointed by it is unused: tmp___3 = ldv_xmalloc(32UL); (PredicateCPA:DynamicMemoryHandler.handleDeferredAllocationInFunctionExit, WARNING)

line 23065: Ignoring call via function pointer ldv_interrupt_instance_thread_8_3::arg0 for which no suitable target was found in line: (*arg0)(arg1, arg2); (FunctionPointerCPA:FunctionPointerTransferRelation.getAbstractSuccessorsForEdge, WARNING)

line 23065: Ignoring function call through function pointer *arg0: (*arg0)(arg1, arg2); (PredicateCPA:ExpressionToFormulaVisitor.visit, WARNING)

Assuming external function ldv_switch_to_process_context to be a constant function. (PredicateCPA:ExpressionToFormulaVisitor.visit, INFO)

line 22471: Destroying the void* pointer ldv_xmalloc::tmp produces garbage or the memory pointed by it is unused: tmp___10 = ldv_xmalloc(8UL); (PredicateCPA:DynamicMemoryHandler.handleDeferredAllocationInFunctionExit, WARNING)

line 22255: Destroying the void* pointer ldv_xmalloc::tmp produces garbage or the memory pointed by it is unused: tmp___10 = ldv_xmalloc(8UL); (PredicateCPA:DynamicMemoryHandler.handleDeferredAllocationInFunctionExit, WARNING)

line 22028: Destroying the void* pointer ldv_xmalloc::tmp produces garbage or the memory pointed by it is unused: tmp___10 = ldv_xmalloc(8UL); (PredicateCPA:DynamicMemoryHandler.handleDeferredAllocationInFunctionExit, WARNING)

line 21801: Destroying the void* pointer ldv_xmalloc::tmp produces garbage or the memory pointed by it is unused: tmp___10 = ldv_xmalloc(8UL); (PredicateCPA:DynamicMemoryHandler.handleDeferredAllocationInFunctionExit, WARNING)

line 21574: Destroying the void* pointer ldv_xmalloc::tmp produces garbage or the memory pointed by it is unused: tmp___10 = ldv_xmalloc(8UL); (PredicateCPA:DynamicMemoryHandler.handleDeferredAllocationInFunctionExit, WARNING)

line 21358: Destroying the void* pointer ldv_xmalloc::tmp produces garbage or the memory pointed by it is unused: tmp___10 = ldv_xmalloc(8UL); (PredicateCPA:DynamicMemoryHandler.handleDeferredAllocationInFunctionExit, WARNING)

line 21142: Destroying the void* pointer ldv_xmalloc::tmp produces garbage or the memory pointed by it is unused: tmp___10 = ldv_xmalloc(8UL); (PredicateCPA:DynamicMemoryHandler.handleDeferredAllocationInFunctionExit, WARNING)

line 20926: Destroying the void* pointer ldv_xmalloc::tmp produces garbage or the memory pointed by it is unused: tmp___10 = ldv_xmalloc(8UL); (PredicateCPA:DynamicMemoryHandler.handleDeferredAllocationInFunctionExit, WARNING)

Extern function make_kuid(&init_user_ns, (uid_t )proc_uid) returning a composite is treated as nondet. (PredicateCPA:CExpressionVisitorWithPointerAliasing.visit, WARNING)

Extern function make_kgid(&init_user_ns, (gid_t )proc_gid) returning a composite is treated as nondet. (PredicateCPA:CExpressionVisitorWithPointerAliasing.visit, WARNING)

Assuming external function __pci_register_driver to be a pure function. (PredicateCPA:ExpressionToFormulaVisitor.visit, INFO)

Assuming external function remove_proc_entry to be a pure function. (PredicateCPA:ExpressionToFormulaVisitor.visit, INFO)

Assuming external function pci_unregister_driver to be a pure function. (PredicateCPA:ExpressionToFormulaVisitor.visit, INFO)

Assuming external function simple_write_to_buffer to be a pure function. (PredicateCPA:ExpressionToFormulaVisitor.visit, INFO)

line 22989: Ignoring call via function pointer ldv_file_operations_instance_write_6_4::arg0 for which no suitable target was found in line: (*arg0)(arg1, arg2, arg3, arg4); (FunctionPointerCPA:FunctionPointerTransferRelation.getAbstractSuccessorsForEdge, WARNING)

line 22989: Ignoring function call through function pointer *arg0: (*arg0)(arg1, arg2, arg3, arg4); (PredicateCPA:ExpressionToFormulaVisitor.visit, WARNING)

line 22975: Ignoring call via function pointer ldv_file_operations_instance_write_5_4::arg0 for which no suitable target was found in line: (*arg0)(arg1, arg2, arg3, arg4); (FunctionPointerCPA:FunctionPointerTransferRelation.getAbstractSuccessorsForEdge, WARNING)

line 22975: Ignoring function call through function pointer *arg0: (*arg0)(arg1, arg2, arg3, arg4); (PredicateCPA:ExpressionToFormulaVisitor.visit, WARNING)

line 22961: Ignoring call via function pointer ldv_file_operations_instance_write_4_4::arg0 for which no suitable target was found in line: (*arg0)(arg1, arg2, arg3, arg4); (FunctionPointerCPA:FunctionPointerTransferRelation.getAbstractSuccessorsForEdge, WARNING)

line 22961: Ignoring function call through function pointer *arg0: (*arg0)(arg1, arg2, arg3, arg4); (PredicateCPA:ExpressionToFormulaVisitor.visit, WARNING)

Shutdown requested (The CPU-time limit of 900s has elapsed.), waiting for termination. (ForceTerminationOnShutdown$1.shutdownRequested, WARNING)

Warning: Analysis interrupted (The CPU-time limit of 900s has elapsed.) (ShutdownNotifier.shutdownIfNecessary, WARNING)

PredicateCPA statistics
-----------------------
Number of abstractions:            3773945 (24% of all post computations)
  Times abstraction was reused:    0
  Because of function entry/exit:  3710667 (98%)
  Because of loop head:            63267 (2%)
  Because of join nodes:           0 (0%)
  Because of threshold:            0 (0%)
  Because of target state:         11 (0%)
  Times precision was empty:       3767089 (100%)
  Times precision was {false}:     395 (0%)
  Times result was cached:         6369 (0%)
  Times cartesian abs was used:    0 (0%)
  Times boolean abs was used:      92 (0%)
  Times result was 'false':        17 (0%)
Number of strengthen sat checks:   0
Number of coverage checks:         1342814
  BDD entailment checks:           479274
Number of SMT sat checks:          0
  trivial:                         0
  cached:                          0

Max ABE block size:                       140
Number of predicates discovered:          9
Number of abstraction locations:          55
Max number of predicates per location:    6
Avg number of predicates per location:    1
Total predicates per abstraction:         10357
Max number of predicates per abstraction: 6
Avg number of predicates per abstraction: 21.27
Number of irrelevant predicates:          9997 (97%)
Number of preds handled by boolean abs:   141 (1%)
  Total number of models for allsat:      92
  Max number of models for allsat:        2
  Avg number of models for allsat:        1.00

Time for post operator:                260.882s
  Time for path formula creation:      253.077s
Time for strengthen operator:           12.998s
Time for prec operator:                 74.907s
  Time for abstraction:                 13.849s (Max:     1.128s, Count: 3773945)
    Boolean abstraction:                 0.160s
    Solving time:                        0.223s (Max:     0.039s)
    Model enumeration time:              0.016s
    Time for BDD construction:           0.006s (Max:     0.001s)
Time for merge operator:                 9.552s
Time for coverage check:                 0.638s
  Time for BDD entailment checks:        0.443s
Total time for SMT solver (w/o itp):     0.239s

Number of path formula cache hits:   17164493 (89%)

Inside post operator:                  
  Inside path formula creation:        
    Time for path formula computation:   122.115s

Total number of created targets for pointer analysis: 166544
   Number of created targets for uf: *unsigned_short_int is 25
   Number of created targets for uf: *(struct_device_private)* is 3
   Number of created targets for uf: *(void)* is 3
   Number of created targets for uf: *(char)* is 47
   Number of created targets for uf: *signed_int is 1186
   Number of created targets for uf: *unsigned_char is 81
   Number of created targets for uf: *(struct_list_head)* is 7
   Number of created targets for uf: *unsigned_int is 13
   Number of created targets for uf: *char is 1201


Number of BDD nodes:                               219
Size of BDD node table:                            270749
Size of BDD cache:                                 27073
Size of BDD node cleanup queue:                         224 (count: 4248934, min: 0, max: 90, avg: 0.00)
Time for BDD node cleanup:                             0.641s
Time for BDD garbage collection:                       0.000s (in 0 runs)

PrecisionBootstrap statistics
-----------------------------
Init. function predicates:                         0
Init. global predicates:                           0
Init. location predicates:                         0

Invariant Generation statistics
-------------------------------

AutomatonAnalysis (SVCOMP) statistics
-------------------------------------
Number of states:                                  1
Total time for successor computation:                 24.982s
  Time for transition matches:                        14.055s
  Time for transition assertions:                      0.000s
  Time for transition actions:                         0.001s
Automaton transfers with branching:                0
Automaton transfer successors:                     15659257 (count: 15659257, min: 1, max: 1, avg: 1.00) [1 x 15659257]

CPA algorithm statistics
------------------------
Number of iterations:            11890548
Max size of waitlist:            212
Average size of waitlist:        125
Number of computed successors:   12801889
Max successors for one state:    2
Number of times merged:          431770
Number of times stopped:         910942
Number of times breaked:         8

Total time for CPA algorithm:       829.278s (Max:   302.421s)
  Time for choose from waitlist:      4.570s
  Time for precision adjustment:    195.575s
  Time for transfer relation:       525.529s
  Time for merge operator:           19.384s
  Time for stop operator:            20.829s
  Time for adding to reached set:    26.742s

Predicate-Abstraction Refiner statistics
----------------------------------------
Number of predicate refinements:                   8
Avg. length of target path (in blocks):                 385 (count: 8, min: 15, max: 73, avg: 48.13)
Number of infeasible sliced prefixes:                     0 (count: 0, min: 0, max: 0, avg: 0.00)

Time for refinement:                                  37.754s
  Counterexample analysis:                             0.262s (Max:     0.048s, Calls: 8)
    Refinement sat check:                              0.170s
    Interpolant computation:                           0.000s
  Path-formulas extraction:                            0.000s
  Error path post-processing:                          0.000s
  Predicate creation:                                  0.015s
  Precision update:                                    0.017s
  ARG update:                                         37.449s

Length of refined path (in blocks):                     230 (count: 8, min: 11, max: 39, avg: 28.75)
Number of affected states:                              157 (count: 8, min: 4, max: 30, avg: 19.63)
Length (states) of path with itp 'true':                 65 (count: 8, min: 0, max: 17, avg: 8.13)
Length (states) of path with itp non-trivial itp:       157 (count: 8, min: 4, max: 30, avg: 19.63)
Length (states) of path with itp 'false':                 6 (count: 8, min: 0, max: 1, avg: 0.75)
Different non-trivial interpolants along paths:           2 (count: 8, min: 0, max: 1, avg: 0.25)
Equal non-trivial interpolants along paths:             147 (count: 8, min: 3, max: 28, avg: 18.38)
Number of refs with location-based cutoff:                0

CEGAR algorithm statistics
--------------------------
Number of refinements:                8
Number of successful refinements:     8
Number of failed refinements:         0
Max. size of reached set before ref.: 2539228
Max. size of reached set after ref.:  2255018
Avg. size of reached set before ref.: 2327922.38
Avg. size of reached set after ref.:  844709.50

Total time for CEGAR algorithm:     890.160s
Time for refinements:                54.204s
Average time for refinement:          6.775s
Max time for refinement:             11.852s

Code Coverage
-----------------------------
  Function coverage:      0.146
  Visited lines:          2137
  Total lines:            9962
  Line coverage:          0.215
  Visited conditions:     226
  Total conditions:       2774
  Condition coverage:     0.081

CPAchecker general statistics
-----------------------------
Number of program locations:     14009
Number of CFA edges:             16323
Number of relevant variables:    2423
Number of functions:             492
Number of loops:                 82
Size of reached set:             25228
  Number of reached locations:   789 (6%)
    Avg states per location:     31
    Max states per location:     682 (at node N263)
  Number of reached functions:   72 (15%)
  Number of partitions:          25228
    Avg size of partitions:      1
    Max size of partitions:      1
  Number of target states:       0
  Size of final wait list        45

Time for analysis setup:         10.086s
  Time for loading CPAs:          1.232s
  Time for loading parser:        0.737s
  Time for CFA construction:      7.939s
    Time for parsing file(s):     1.460s
    Time for AST to CFA:          3.081s
    Time for CFA sanity check:    0.779s
    Time for post-processing:     2.505s
      Time for var class.:        1.033s
Time for Analysis:              890.160s
CPU time for analysis:          890.110s
Total time for CPAchecker:      900.250s
Total CPU time for CPAchecker:  900.180s
Time for statistics:              0.569s

Time for Garbage Collector:     156.820s (in 211 runs)
Garbage Collector(s) used:    Copy, MarkSweepCompact
Used heap memory:               4877MB (  4651 MiB) max;   2654MB (  2531 MiB) avg;   5045MB (  4811 MiB) peak
Used non-heap memory:             41MB (    39 MiB) max;     40MB (    38 MiB) avg;     41MB (    39 MiB) peak
Allocated heap memory:          4948MB (  4719 MiB) max;   4060MB (  3871 MiB) avg
Allocated non-heap memory:        43MB (    41 MiB) max;     42MB (    40 MiB) avg
Total process virtual memory:   8085MB (  7711 MiB) max;   8083MB (  7708 MiB) avg

Verification result: UNKNOWN, incomplete analysis.
More details about the verification run can be found in the directory "./output".
