scripts/cpa.sh -Dy-MySearchStrategy-PredAbs-ABEl -heap 5600000000 -timelimit 900 -preprocess -stats -noout -setprop cpa.predicate.memoryAllocationsAlwaysSucceed=true -spec ../sv-benchmarks/c/ReachSafety.prp ../sv-benchmarks/c/ldv-linux-3.4-simple/43_1a_cilled_true-unreach-call_ok_nondet_linux-43_1a-drivers--usb--serial--spcp8x5_false-termination.ko-ldv_main0_sequence_infinite_withcheck_stateful.cil.out.c


--------------------------------------------------------------------------------


Running CPAchecker with Java heap of size 5600000000.
Running CPAchecker with default stack size (1024k). Specify a larger value with -stack if needed.
Running CPAchecker with the following extra VM options:  -Djava.io.tmpdir=/tmp/BenchExec_run_bzvoexot/tmp
Using the following resource limits: CPU-time limit of 900s (ResourceLimitChecker.fromConfiguration, INFO)

CPAchecker (unknown version) (OpenJDK 64-Bit Server VM 1.8.0_162) started (CPAchecker.run, INFO)

line 3557: Dead code detected: Goto: case_1 (CFACreationUtils.addEdgeToCFA, INFO)

line 3560: Dead code detected: Goto: case_2 (CFACreationUtils.addEdgeToCFA, INFO)

line 3563: Dead code detected: Goto: case_4 (CFACreationUtils.addEdgeToCFA, INFO)

line 3569: Dead code detected: Goto: switch_default (CFACreationUtils.addEdgeToCFA, INFO)

Dead code detected: Label switch_break is not reachable. (CFAFunctionBuilder.leave, INFO)

Dead code detected: Label switch_default is not reachable. (CFAFunctionBuilder.leave, INFO)

Dead code detected: Label case_4 is not reachable. (CFAFunctionBuilder.leave, INFO)

Dead code detected: Label case_1 is not reachable. (CFAFunctionBuilder.leave, INFO)

Dead code detected: Label case_2 is not reachable. (CFAFunctionBuilder.leave, INFO)

Dead code detected: Label switch_break is not reachable. (CFAFunctionBuilder.leave, INFO)

line 5869: Dead code detected: return (0); (CFACreationUtils.addEdgeToCFA, INFO)

Dead code detected: Label switch_break is not reachable. (CFAFunctionBuilder.leave, INFO)

Dead code detected: Label switch_break is not reachable. (CFAFunctionBuilder.leave, INFO)

Inline assembler ignored, analysis is probably unsound! (CFABuilder.createCFA, WARNING)

MathSAT5 is available for research and evaluation purposes only. It can not be used in a commercial environment, particularly as part of a commercial product, without written permission. MathSAT5 is provided as is, without any warranty. Please write to mathsat@fbk.eu for additional questions regarding licensing MathSAT5 or obtaining more up-to-date versions. (PredicateCPA:JavaSMT:Mathsat5SolverContext.<init>, WARNING)

Using predicate analysis with MathSAT5 version 5.3.14 (0b98b661254c) (Nov 17 2016 10:59:45, gmp 5.1.3, gcc 4.8.5, 64-bit) and JFactory 1.21. (PredicateCPA:PredicateCPA.<init>, INFO)

Using refinement for predicate analysis with PredicateAbstractionRefinementStrategy strategy. (PredicateCPA:PredicateCPARefiner.<init>, INFO)

Starting analysis ... (CPAchecker.runAlgorithm, INFO)

Assuming external function ldv_initialize to be a constant function. (PredicateCPA:ExpressionToFormulaVisitor.visit, INFO)

Assuming external function dev_get_drvdata to be a pure function. (PredicateCPA:ExpressionToFormulaVisitor.visit, INFO)

Assuming external function _raw_spin_unlock_irqrestore to be a pure function. (PredicateCPA:ExpressionToFormulaVisitor.visit, INFO)

Assuming external function __wake_up to be a pure function. (PredicateCPA:ExpressionToFormulaVisitor.visit, INFO)

Assuming external function tty_port_tty_get to be a pure function. (PredicateCPA:ExpressionToFormulaVisitor.visit, INFO)

Assuming external function __dynamic_dev_dbg to be a pure function. (PredicateCPA:ExpressionToFormulaVisitor.visit, INFO)

Assuming external function usb_serial_handle_dcd_change to be a pure function. (PredicateCPA:ExpressionToFormulaVisitor.visit, INFO)

Assuming external function tty_insert_flip_string_fixed_flag to be a pure function. (PredicateCPA:ExpressionToFormulaVisitor.visit, INFO)

Assuming external function tty_flip_buffer_push to be a pure function. (PredicateCPA:ExpressionToFormulaVisitor.visit, INFO)

Assuming external function tty_kref_put to be a pure function. (PredicateCPA:ExpressionToFormulaVisitor.visit, INFO)

Assuming external function usb_control_msg to be a pure function. (PredicateCPA:ExpressionToFormulaVisitor.visit, INFO)

Assuming external function tty_termios_hw_change to be a pure function. (PredicateCPA:ExpressionToFormulaVisitor.visit, INFO)

Assuming external function tty_get_baud_rate to be a pure function. (PredicateCPA:ExpressionToFormulaVisitor.visit, INFO)

Assuming external function dev_err to be a pure function. (PredicateCPA:ExpressionToFormulaVisitor.visit, INFO)

Assuming external function usb_clear_halt to be a pure function. (PredicateCPA:ExpressionToFormulaVisitor.visit, INFO)

Assuming external function usb_serial_generic_open to be a pure function. (PredicateCPA:ExpressionToFormulaVisitor.visit, INFO)

Assuming external function ldv_check_return_value to be a pure function. (PredicateCPA:ExpressionToFormulaVisitor.visit, INFO)

Assuming external function ldv_check_final_state to be a constant function. (PredicateCPA:ExpressionToFormulaVisitor.visit, INFO)

Assuming external function __raw_spin_lock_init to be a pure function. (PredicateCPA:ExpressionToFormulaVisitor.visit, INFO)

Assuming external function __init_waitqueue_head to be a pure function. (PredicateCPA:ExpressionToFormulaVisitor.visit, INFO)

Assuming external function dev_set_drvdata to be a pure function. (PredicateCPA:ExpressionToFormulaVisitor.visit, INFO)

Assuming external function interruptible_sleep_on to be a pure function. (PredicateCPA:ExpressionToFormulaVisitor.visit, INFO)

Stopping analysis ... (CPAchecker.runAlgorithm, INFO)

PredicateCPA statistics
-----------------------
Number of abstractions:            176 (0% of all post computations)
  Times abstraction was reused:    0
  Because of function entry/exit:  0 (0%)
  Because of loop head:            149 (85%)
  Because of join nodes:           0 (0%)
  Because of threshold:            0 (0%)
  Because of target state:         27 (15%)
  Times precision was empty:       41 (23%)
  Times precision was {false}:     31 (18%)
  Times result was cached:         51 (29%)
  Times cartesian abs was used:    0 (0%)
  Times boolean abs was used:      53 (30%)
  Times result was 'false':        18 (10%)
Number of strengthen sat checks:   0
Number of coverage checks:         5386
  BDD entailment checks:           108
Number of SMT sat checks:          0
  trivial:                         0
  cached:                          0

Max ABE block size:                       853
Number of predicates discovered:          4
Number of abstraction locations:          6
Max number of predicates per location:    3
Avg number of predicates per location:    1
Total predicates per abstraction:         191
Max number of predicates per abstraction: 3
Avg number of predicates per abstraction: 2.27
Number of irrelevant predicates:          88 (46%)
Number of preds handled by boolean abs:   68 (36%)
  Total number of models for allsat:      61
  Max number of models for allsat:        3
  Avg number of models for allsat:        1.15

Time for post operator:                  2.923s
  Time for path formula creation:        2.859s
Time for strengthen operator:            0.099s
Time for prec operator:                  5.446s
  Time for abstraction:                  5.350s (Max:     0.897s, Count: 176)
    Boolean abstraction:                 3.362s
    Solving time:                        3.730s (Max:     0.644s)
    Model enumeration time:              0.871s
    Time for BDD construction:           0.011s (Max:     0.008s)
Time for merge operator:                 0.739s
Time for coverage check:                 0.001s
  Time for BDD entailment checks:        0.000s
Total time for SMT solver (w/o itp):     4.601s

Number of path formula cache hits:   37929 (54%)

Inside post operator:                  
  Inside path formula creation:        
    Time for path formula computation:     2.687s

Total number of created targets for pointer analysis: 7990
   Number of created targets for uf: *unsigned_char is 217
   Number of created targets for uf: *char is 55


Number of BDD nodes:                               222
Size of BDD node table:                            270749
Size of BDD cache:                                 27073
Size of BDD node cleanup queue:                         132 (count: 655, min: 0, max: 35, avg: 0.20)
Time for BDD node cleanup:                             0.000s
Time for BDD garbage collection:                       0.000s (in 0 runs)

PrecisionBootstrap statistics
-----------------------------
Init. function predicates:                         0
Init. global predicates:                           0
Init. location predicates:                         0

Invariant Generation statistics
-------------------------------

AutomatonAnalysis (SVCOMP) statistics
-------------------------------------
Number of states:                                  1
Total time for successor computation:                  0.265s
Automaton transfers with branching:                0
Automaton transfer successors:                        68640 (count: 68640, min: 1, max: 1, avg: 1.00) [1 x 68640]

CPA algorithm statistics
------------------------
Number of iterations:            19920
Max size of waitlist:            33
Average size of waitlist:        13
Number of computed successors:   22761
Max successors for one state:    2
Number of times merged:          2639
Number of times stopped:         2698
Number of times breaked:         12

Total time for CPA algorithm:        11.334s (Max:     2.787s)
  Time for choose from waitlist:      0.060s
  Time for precision adjustment:      5.761s
  Time for transfer relation:         4.318s
  Time for merge operator:            0.841s
  Time for stop operator:             0.069s
  Time for adding to reached set:     0.068s

Predicate-Abstraction Refiner statistics
----------------------------------------
Number of predicate refinements:                   12
Avg. length of target path (in blocks):                  51 (count: 12, min: 2, max: 6, avg: 4.25)
Number of infeasible sliced prefixes:                     0 (count: 0, min: 0, max: 0, avg: 0.00)

Time for refinement:                                   1.101s
  Counterexample analysis:                             0.996s (Max:     0.236s, Calls: 12)
    Refinement sat check:                              0.913s
    Interpolant computation:                           0.000s
  Path-formulas extraction:                            0.000s
  Error path post-processing:                          0.000s
  Predicate creation:                                  0.008s
  Precision update:                                    0.011s
  ARG update:                                          0.069s

Length of refined path (in blocks):                      49 (count: 12, min: 2, max: 6, avg: 4.08)
Number of affected states:                               26 (count: 12, min: 1, max: 4, avg: 2.17)
Length (states) of path with itp 'true':                 11 (count: 12, min: 0, max: 3, avg: 0.92)
Length (states) of path with itp non-trivial itp:        26 (count: 12, min: 1, max: 4, avg: 2.17)
Length (states) of path with itp 'false':                 1 (count: 12, min: 0, max: 1, avg: 0.08)
Different non-trivial interpolants along paths:           9 (count: 12, min: 0, max: 2, avg: 0.75)
Equal non-trivial interpolants along paths:               5 (count: 12, min: 0, max: 3, avg: 0.42)
Number of refs with location-based cutoff:                0

CEGAR algorithm statistics
--------------------------
Number of refinements:                12
Number of successful refinements:     12
Number of failed refinements:         0
Max. size of reached set before ref.: 4163
Max. size of reached set after ref.:  3139
Avg. size of reached set before ref.: 2690.75
Avg. size of reached set after ref.:  1309.50

Total time for CEGAR algorithm:      12.548s
Time for refinements:                 1.195s
Average time for refinement:          0.099s
Max time for refinement:              0.244s

Code Coverage
-----------------------------
  Function coverage:      0.897
  Visited lines:          2666
  Total lines:            2684
  Line coverage:          0.993
  Visited conditions:     222
  Total conditions:       230
  Condition coverage:     0.965

CPAchecker general statistics
-----------------------------
Number of program locations:     2960
Number of CFA edges:             3107
Number of relevant variables:    702
Number of functions:             39
Number of loops:                 5
Size of reached set:             3471
  Number of reached locations:   711 (24%)
    Avg states per location:     4
    Max states per location:     33 (at node N73)
  Number of reached functions:   35 (90%)
  Number of partitions:          3469
    Avg size of partitions:      1
    Max size of partitions:      3 (with key [N2466 (before line 6374), Function main called from node N2332, stack depth 1 [238ad8c], stack [main]])
  Number of target states:       0

Time for analysis setup:          3.479s
  Time for loading CPAs:          0.790s
  Time for loading parser:        0.492s
  Time for CFA construction:      2.125s
    Time for parsing file(s):     0.645s
    Time for AST to CFA:          0.682s
    Time for CFA sanity check:    0.152s
    Time for post-processing:     0.510s
      Time for var class.:        0.277s
Time for Analysis:               12.548s
CPU time for analysis:           12.560s
Time for analyzing result:        0.003s
Total time for CPAchecker:       16.030s
Total CPU time for CPAchecker:   16.030s
Time for statistics:              0.090s

Time for Garbage Collector:       0.361s (in 25 runs)
Garbage Collector(s) used:    Copy, MarkSweepCompact
Used heap memory:                 82MB (    78 MiB) max;     51MB (    48 MiB) avg;     86MB (    82 MiB) peak
Used non-heap memory:             37MB (    36 MiB) max;     33MB (    31 MiB) avg;     38MB (    36 MiB) peak
Allocated heap memory:           127MB (   121 MiB) max;    127MB (   121 MiB) avg
Allocated non-heap memory:        39MB (    37 MiB) max;     35MB (    33 MiB) avg
Total process virtual memory:   8134MB (  7757 MiB) max;   8117MB (  7741 MiB) avg

Verification result: TRUE. No property violation found by chosen configuration.
More details about the verification run can be found in the directory "./output".
