scripts/cpa.sh -Dy-MySearchStrategy-PredAbs-ABEl -heap 5600000000 -timelimit 30 -preprocess -stats -noout -setprop cpa.predicate.memoryAllocationsAlwaysSucceed=true -spec ../sv-benchmarks/c/ReachSafety.prp ../sv-benchmarks/c/ldv-linux-3.4-simple/43_1a_cilled_true-unreach-call_ok_nondet_linux-43_1a-drivers--usb--serial--spcp8x5_false-termination.ko-ldv_main0_sequence_infinite_withcheck_stateful.cil.out.c


--------------------------------------------------------------------------------


Running CPAchecker with Java heap of size 5600000000.
Running CPAchecker with default stack size (1024k). Specify a larger value with -stack if needed.
Running CPAchecker with the following extra VM options:  -Djava.io.tmpdir=/tmp/BenchExec_run_cmt4kq0w/tmp
Using the following resource limits: CPU-time limit of 30s (ResourceLimitChecker.fromConfiguration, INFO)

CPAchecker (unknown version) (OpenJDK 64-Bit Server VM 1.8.0_162) started (CPAchecker.run, INFO)

line 3557: Dead code detected: Goto: case_1 (CFACreationUtils.addEdgeToCFA, INFO)

line 3560: Dead code detected: Goto: case_2 (CFACreationUtils.addEdgeToCFA, INFO)

line 3563: Dead code detected: Goto: case_4 (CFACreationUtils.addEdgeToCFA, INFO)

line 3569: Dead code detected: Goto: switch_default (CFACreationUtils.addEdgeToCFA, INFO)

Dead code detected: Label switch_break is not reachable. (CFAFunctionBuilder.leave, INFO)

Dead code detected: Label switch_default is not reachable. (CFAFunctionBuilder.leave, INFO)

Dead code detected: Label case_4 is not reachable. (CFAFunctionBuilder.leave, INFO)

Dead code detected: Label case_1 is not reachable. (CFAFunctionBuilder.leave, INFO)

Dead code detected: Label case_2 is not reachable. (CFAFunctionBuilder.leave, INFO)

Dead code detected: Label switch_break is not reachable. (CFAFunctionBuilder.leave, INFO)

line 5869: Dead code detected: return (0); (CFACreationUtils.addEdgeToCFA, INFO)

Dead code detected: Label switch_break is not reachable. (CFAFunctionBuilder.leave, INFO)

Dead code detected: Label switch_break is not reachable. (CFAFunctionBuilder.leave, INFO)

Inline assembler ignored, analysis is probably unsound! (CFABuilder.createCFA, WARNING)

MathSAT5 is available for research and evaluation purposes only. It can not be used in a commercial environment, particularly as part of a commercial product, without written permission. MathSAT5 is provided as is, without any warranty. Please write to mathsat@fbk.eu for additional questions regarding licensing MathSAT5 or obtaining more up-to-date versions. (PredicateCPA:JavaSMT:Mathsat5SolverContext.<init>, WARNING)

Using predicate analysis with MathSAT5 version 5.3.14 (0b98b661254c) (Nov 17 2016 10:59:45, gmp 5.1.3, gcc 4.8.5, 64-bit) and JFactory 1.21. (PredicateCPA:PredicateCPA.<init>, INFO)

Using refinement for predicate analysis with PredicateAbstractionRefinementStrategy strategy. (PredicateCPA:PredicateCPARefiner.<init>, INFO)

Starting analysis ... (CPAchecker.runAlgorithm, INFO)

Assuming external function ldv_initialize to be a constant function. (PredicateCPA:ExpressionToFormulaVisitor.visit, INFO)

Assuming external function dev_get_drvdata to be a pure function. (PredicateCPA:ExpressionToFormulaVisitor.visit, INFO)

Assuming external function _raw_spin_unlock_irqrestore to be a pure function. (PredicateCPA:ExpressionToFormulaVisitor.visit, INFO)

Assuming external function __wake_up to be a pure function. (PredicateCPA:ExpressionToFormulaVisitor.visit, INFO)

Assuming external function tty_port_tty_get to be a pure function. (PredicateCPA:ExpressionToFormulaVisitor.visit, INFO)

Assuming external function __dynamic_dev_dbg to be a pure function. (PredicateCPA:ExpressionToFormulaVisitor.visit, INFO)

Assuming external function usb_serial_handle_dcd_change to be a pure function. (PredicateCPA:ExpressionToFormulaVisitor.visit, INFO)

Assuming external function tty_insert_flip_string_fixed_flag to be a pure function. (PredicateCPA:ExpressionToFormulaVisitor.visit, INFO)

Assuming external function tty_flip_buffer_push to be a pure function. (PredicateCPA:ExpressionToFormulaVisitor.visit, INFO)

Assuming external function tty_kref_put to be a pure function. (PredicateCPA:ExpressionToFormulaVisitor.visit, INFO)

Assuming external function usb_control_msg to be a pure function. (PredicateCPA:ExpressionToFormulaVisitor.visit, INFO)

Assuming external function tty_termios_hw_change to be a pure function. (PredicateCPA:ExpressionToFormulaVisitor.visit, INFO)

Assuming external function tty_get_baud_rate to be a pure function. (PredicateCPA:ExpressionToFormulaVisitor.visit, INFO)

Assuming external function dev_err to be a pure function. (PredicateCPA:ExpressionToFormulaVisitor.visit, INFO)

Assuming external function usb_clear_halt to be a pure function. (PredicateCPA:ExpressionToFormulaVisitor.visit, INFO)

Assuming external function usb_serial_generic_open to be a pure function. (PredicateCPA:ExpressionToFormulaVisitor.visit, INFO)

Assuming external function ldv_check_return_value to be a pure function. (PredicateCPA:ExpressionToFormulaVisitor.visit, INFO)

Assuming external function ldv_check_final_state to be a constant function. (PredicateCPA:ExpressionToFormulaVisitor.visit, INFO)

Assuming external function __raw_spin_lock_init to be a pure function. (PredicateCPA:ExpressionToFormulaVisitor.visit, INFO)

Assuming external function __init_waitqueue_head to be a pure function. (PredicateCPA:ExpressionToFormulaVisitor.visit, INFO)

Assuming external function dev_set_drvdata to be a pure function. (PredicateCPA:ExpressionToFormulaVisitor.visit, INFO)

Assuming external function interruptible_sleep_on to be a pure function. (PredicateCPA:ExpressionToFormulaVisitor.visit, INFO)

Stopping analysis ... (CPAchecker.runAlgorithm, INFO)

PredicateCPA statistics
-----------------------
Number of abstractions:            149 (0% of all post computations)
  Times abstraction was reused:    0
  Because of function entry/exit:  0 (0%)
  Because of loop head:            126 (85%)
  Because of join nodes:           0 (0%)
  Because of threshold:            0 (0%)
  Because of target state:         23 (15%)
  Times precision was empty:       20 (13%)
  Times precision was {false}:     25 (17%)
  Times result was cached:         50 (34%)
  Times cartesian abs was used:    0 (0%)
  Times boolean abs was used:      54 (36%)
  Times result was 'false':        21 (14%)
Number of strengthen sat checks:   0
Number of coverage checks:         4050
  BDD entailment checks:           108
Number of SMT sat checks:          0
  trivial:                         0
  cached:                          0

Max ABE block size:                       853
Number of predicates discovered:          4
Number of abstraction locations:          6
Max number of predicates per location:    3
Avg number of predicates per location:    1
Total predicates per abstraction:         183
Max number of predicates per abstraction: 3
Avg number of predicates per abstraction: 2.32
Number of irrelevant predicates:          75 (41%)
Number of preds handled by boolean abs:   69 (38%)
  Total number of models for allsat:      60
  Max number of models for allsat:        3
  Avg number of models for allsat:        1.11

Time for post operator:                  2.432s
  Time for path formula creation:        2.384s
Time for strengthen operator:            0.105s
Time for prec operator:                  5.008s
  Time for abstraction:                  4.919s (Max:     1.034s, Count: 149)
    Boolean abstraction:                 3.418s
    Solving time:                        3.327s (Max:     0.744s)
    Model enumeration time:              0.873s
    Time for BDD construction:           0.008s (Max:     0.004s)
Time for merge operator:                 0.670s
Time for coverage check:                 0.001s
  Time for BDD entailment checks:        0.000s
Total time for SMT solver (w/o itp):     4.200s

Number of path formula cache hits:   27010 (51%)

Inside post operator:                  
  Inside path formula creation:        
    Time for path formula computation:     2.302s

Total number of created targets for pointer analysis: 5544
   Number of created targets for uf: *unsigned_char is 150
   Number of created targets for uf: *char is 38


Number of BDD nodes:                               222
Size of BDD node table:                            270749
Size of BDD cache:                                 27073
Size of BDD node cleanup queue:                         120 (count: 610, min: 0, max: 21, avg: 0.20)
Time for BDD node cleanup:                             0.016s
Time for BDD garbage collection:                       0.000s (in 0 runs)

PrecisionBootstrap statistics
-----------------------------
Init. function predicates:                         0
Init. global predicates:                           0
Init. location predicates:                         0

Invariant Generation statistics
-------------------------------

AutomatonAnalysis (SVCOMP) statistics
-------------------------------------
Number of states:                                  1
Total time for successor computation:                  0.211s
Automaton transfers with branching:                0
Automaton transfer successors:                        51445 (count: 51445, min: 1, max: 1, avg: 1.00) [1 x 51445]

CPA algorithm statistics
------------------------
Number of iterations:            14986
Max size of waitlist:            29
Average size of waitlist:        11
Number of computed successors:   17096
Max successors for one state:    2
Number of times merged:          1971
Number of times stopped:         2032
Number of times breaked:         6

Total time for CPA algorithm:         9.944s (Max:     2.910s)
  Time for choose from waitlist:      0.017s
  Time for precision adjustment:      5.226s
  Time for transfer relation:         3.581s
  Time for merge operator:            0.753s
  Time for stop operator:             0.071s
  Time for adding to reached set:     0.085s

Predicate-Abstraction Refiner statistics
----------------------------------------
Number of predicate refinements:                   6
Avg. length of target path (in blocks):                  23 (count: 6, min: 2, max: 5, avg: 3.83)
Number of infeasible sliced prefixes:                     0 (count: 0, min: 0, max: 0, avg: 0.00)

Time for refinement:                                   0.533s
  Counterexample analysis:                             0.454s (Max:     0.294s, Calls: 6)
    Refinement sat check:                              0.408s
    Interpolant computation:                           0.000s
  Path-formulas extraction:                            0.001s
  Error path post-processing:                          0.000s
  Predicate creation:                                  0.006s
  Precision update:                                    0.003s
  ARG update:                                          0.066s

Length of refined path (in blocks):                      21 (count: 6, min: 2, max: 5, avg: 3.50)
Number of affected states:                               14 (count: 6, min: 1, max: 4, avg: 2.33)
Length (states) of path with itp 'true':                  1 (count: 6, min: 0, max: 1, avg: 0.17)
Length (states) of path with itp non-trivial itp:        14 (count: 6, min: 1, max: 4, avg: 2.33)
Length (states) of path with itp 'false':                 1 (count: 6, min: 0, max: 1, avg: 0.17)
Different non-trivial interpolants along paths:           3 (count: 6, min: 0, max: 2, avg: 0.50)
Equal non-trivial interpolants along paths:               5 (count: 6, min: 0, max: 3, avg: 0.83)
Number of refs with location-based cutoff:                0

CEGAR algorithm statistics
--------------------------
Number of refinements:                6
Number of successful refinements:     6
Number of failed refinements:         0
Max. size of reached set before ref.: 3251
Max. size of reached set after ref.:  1084
Avg. size of reached set before ref.: 2112.00
Avg. size of reached set after ref.:  183.17

Total time for CEGAR algorithm:      10.535s
Time for refinements:                 0.589s
Average time for refinement:          0.098s
Max time for refinement:              0.324s

Code Coverage
-----------------------------
  Function coverage:      0.897
  Visited lines:          2666
  Total lines:            2684
  Line coverage:          0.993
  Visited conditions:     222
  Total conditions:       230
  Condition coverage:     0.965

CPAchecker general statistics
-----------------------------
Number of program locations:     2960
Number of CFA edges:             3107
Number of relevant variables:    702
Number of functions:             39
Number of loops:                 5
Size of reached set:             3471
  Number of reached locations:   711 (24%)
    Avg states per location:     4
    Max states per location:     33 (at node N73)
  Number of reached functions:   35 (90%)
  Number of partitions:          3469
    Avg size of partitions:      1
    Max size of partitions:      3 (with key [N2466 (before line 6374), Function main called from node N2332, stack depth 1 [238ad8c], stack [main]])
  Number of target states:       0

Time for analysis setup:          3.246s
  Time for loading CPAs:          0.633s
  Time for loading parser:        0.505s
  Time for CFA construction:      1.975s
    Time for parsing file(s):     0.626s
    Time for AST to CFA:          0.612s
    Time for CFA sanity check:    0.144s
    Time for post-processing:     0.464s
      Time for var class.:        0.244s
Time for Analysis:               10.535s
CPU time for analysis:           10.530s
Time for analyzing result:        0.010s
Total time for CPAchecker:       13.788s
Total CPU time for CPAchecker:   13.780s
Time for statistics:              0.112s

Time for Garbage Collector:       0.301s (in 21 runs)
Garbage Collector(s) used:    Copy, MarkSweepCompact
Used heap memory:                 79MB (    75 MiB) max;     49MB (    46 MiB) avg;     82MB (    78 MiB) peak
Used non-heap memory:             37MB (    35 MiB) max;     32MB (    31 MiB) avg;     37MB (    36 MiB) peak
Allocated heap memory:           127MB (   121 MiB) max;    127MB (   121 MiB) avg
Allocated non-heap memory:        39MB (    37 MiB) max;     34MB (    33 MiB) avg
Total process virtual memory:   8134MB (  7757 MiB) max;   8115MB (  7739 MiB) avg

Verification result: TRUE. No property violation found by chosen configuration.
More details about the verification run can be found in the directory "./output".
