scripts/cpa.sh -Dy-MySearchStrategy-PredAbs-ABElf -heap 5600000000 -timelimit 30 -preprocess -stats -noout -setprop cpa.predicate.memoryAllocationsAlwaysSucceed=true -spec ../sv-benchmarks/c/ReachSafety.prp ../sv-benchmarks/c/ldv-linux-3.4-simple/32_1_cilled_true-unreach-call_ok_nondet_linux-3_true-termination.4-32_1-drivers--firmware--google--memconsole.ko-ldv_main0_sequence_infinite_withcheck_stateful.cil.out.c


--------------------------------------------------------------------------------


Running CPAchecker with Java heap of size 5600000000.
Running CPAchecker with default stack size (1024k). Specify a larger value with -stack if needed.
Running CPAchecker with the following extra VM options:  -Djava.io.tmpdir=/tmp/BenchExec_run_dny__u9b/tmp
Using the following resource limits: CPU-time limit of 30s (ResourceLimitChecker.fromConfiguration, INFO)

CPAchecker (unknown version) (OpenJDK 64-Bit Server VM 1.8.0_151) started (CPAchecker.run, INFO)

MathSAT5 is available for research and evaluation purposes only. It can not be used in a commercial environment, particularly as part of a commercial product, without written permission. MathSAT5 is provided as is, without any warranty. Please write to mathsat@fbk.eu for additional questions regarding licensing MathSAT5 or obtaining more up-to-date versions. (PredicateCPA:JavaSMT:Mathsat5SolverContext.<init>, WARNING)

Using predicate analysis with MathSAT5 version 5.3.14 (0b98b661254c) (Nov 17 2016 10:59:45, gmp 5.1.3, gcc 4.8.5, 64-bit) and JFactory 1.21. (PredicateCPA:PredicateCPA.<init>, INFO)

Using refinement for predicate analysis with PredicateAbstractionRefinementStrategy strategy. (PredicateCPA:PredicateCPARefiner.<init>, INFO)

Starting analysis ... (CPAchecker.runAlgorithm, INFO)

Assuming external function ldv_initialize to be a constant function. (PredicateCPA:ExpressionToFormulaVisitor.visit, INFO)

Assuming external function dmi_check_system to be a pure function. (PredicateCPA:ExpressionToFormulaVisitor.visit, INFO)

Assuming external function sysfs_create_bin_file to be a pure function. (PredicateCPA:ExpressionToFormulaVisitor.visit, INFO)

Assuming external function sysfs_remove_bin_file to be a pure function. (PredicateCPA:ExpressionToFormulaVisitor.visit, INFO)

Stopping analysis ... (CPAchecker.runAlgorithm, INFO)

PredicateCPA statistics
-----------------------
Number of abstractions:            285 (9% of all post computations)
  Times abstraction was reused:    0
  Because of function entry/exit:  247 (87%)
  Because of loop head:            31 (11%)
  Because of join nodes:           0 (0%)
  Because of threshold:            0 (0%)
  Because of target state:         7 (2%)
  Times precision was empty:       106 (37%)
  Times precision was {false}:     16 (6%)
  Times result was cached:         135 (47%)
  Times cartesian abs was used:    0 (0%)
  Times boolean abs was used:      28 (10%)
  Times result was 'false':        4 (1%)
Number of strengthen sat checks:   0
Number of coverage checks:         84
  BDD entailment checks:           62
Number of SMT sat checks:          0
  trivial:                         0
  cached:                          0

Max ABE block size:                       52
Number of predicates discovered:          2
Number of abstraction locations:          24
Max number of predicates per location:    1
Avg number of predicates per location:    1
Total predicates per abstraction:         179
Max number of predicates per abstraction: 1
Avg number of predicates per abstraction: 4.07
Number of irrelevant predicates:          39 (22%)
Number of preds handled by boolean abs:   28 (16%)
  Total number of models for allsat:      28
  Max number of models for allsat:        1
  Avg number of models for allsat:        1.00

Time for post operator:                  0.237s
  Time for path formula creation:        0.231s
Time for strengthen operator:            0.013s
Time for prec operator:                  0.232s
  Time for abstraction:                  0.202s (Max:     0.015s, Count: 285)
    Boolean abstraction:                 0.015s
    Solving time:                        0.013s (Max:     0.003s)
    Model enumeration time:              0.000s
    Time for BDD construction:           0.005s (Max:     0.004s)
Time for merge operator:                 0.015s
Time for coverage check:                 0.010s
  Time for BDD entailment checks:        0.009s
Total time for SMT solver (w/o itp):     0.013s

Number of path formula cache hits:   2680 (80%)

Inside post operator:                  
  Inside path formula creation:        
    Time for path formula computation:     0.201s

Total number of created targets for pointer analysis: 0


Number of BDD nodes:                               202
Size of BDD node table:                            270749
Size of BDD cache:                                 27073
Size of BDD node cleanup queue:                           0 (count: 421, min: 0, max: 0, avg: 0.00)
Time for BDD node cleanup:                             0.000s
Time for BDD garbage collection:                       0.000s (in 0 runs)

PrecisionBootstrap statistics
-----------------------------
Init. function predicates:                         0
Init. global predicates:                           0
Init. location predicates:                         0

Invariant Generation statistics
-------------------------------

AutomatonAnalysis (SVCOMP) statistics
-------------------------------------
Number of states:                                  1
Total time for successor computation:                  0.030s
Automaton transfers with branching:                0
Automaton transfer successors:                         3144 (count: 3144, min: 1, max: 1, avg: 1.00) [1 x 3144]

CPA algorithm statistics
------------------------
Number of iterations:            849
Max size of waitlist:            6
Average size of waitlist:        3
Number of computed successors:   927
Max successors for one state:    2
Number of times merged:          11
Number of times stopped:         58
Number of times breaked:         7

Total time for CPA algorithm:         0.861s (Max:     0.305s)
  Time for choose from waitlist:      0.003s
  Time for precision adjustment:      0.341s
  Time for transfer relation:         0.417s
  Time for merge operator:            0.019s
  Time for stop operator:             0.030s
  Time for adding to reached set:     0.017s

Predicate-Abstraction Refiner statistics
----------------------------------------
Number of predicate refinements:                   7
Avg. length of target path (in blocks):                  89 (count: 7, min: 5, max: 20, avg: 12.71)
Number of infeasible sliced prefixes:                     0 (count: 0, min: 0, max: 0, avg: 0.00)

Time for refinement:                                   0.096s
  Counterexample analysis:                             0.060s (Max:     0.023s, Calls: 7)
    Refinement sat check:                              0.029s
    Interpolant computation:                           0.000s
  Path-formulas extraction:                            0.000s
  Error path post-processing:                          0.000s
  Predicate creation:                                  0.008s
  Precision update:                                    0.004s
  ARG update:                                          0.016s

Length of refined path (in blocks):                      82 (count: 7, min: 4, max: 19, avg: 11.71)
Number of affected states:                               75 (count: 7, min: 3, max: 18, avg: 10.71)
Length (states) of path with itp 'true':                  0 (count: 7, min: 0, max: 0, avg: 0.00)
Length (states) of path with itp non-trivial itp:        75 (count: 7, min: 3, max: 18, avg: 10.71)
Length (states) of path with itp 'false':                 7 (count: 7, min: 1, max: 1, avg: 1.00)
Different non-trivial interpolants along paths:           0 (count: 7, min: 0, max: 0, avg: 0.00)
Equal non-trivial interpolants along paths:              68 (count: 7, min: 2, max: 17, avg: 9.71)
Number of refs with location-based cutoff:                0

CEGAR algorithm statistics
--------------------------
Number of refinements:                7
Number of successful refinements:     7
Number of failed refinements:         0
Max. size of reached set before ref.: 149
Max. size of reached set after ref.:  3
Avg. size of reached set before ref.: 109.29
Avg. size of reached set after ref.:  3.00

Total time for CEGAR algorithm:       0.972s
Time for refinements:                 0.111s
Average time for refinement:          0.015s
Max time for refinement:              0.037s

Code Coverage
-----------------------------
  Function coverage:      0.500
  Visited lines:          385
  Total lines:            433
  Line coverage:          0.889
  Visited conditions:     20
  Total conditions:       40
  Condition coverage:     0.500

CPAchecker general statistics
-----------------------------
Number of program locations:     534
Number of CFA edges:             556
Number of relevant variables:    95
Number of functions:             20
Number of loops:                 2
Size of reached set:             122
  Number of reached locations:   97 (18%)
    Avg states per location:     1
    Max states per location:     5 (at node N0)
  Number of reached functions:   10 (50%)
  Number of partitions:          122
    Avg size of partitions:      1
    Max size of partitions:      1
  Number of target states:       0

Time for analysis setup:          2.235s
  Time for loading CPAs:          0.595s
  Time for loading parser:        0.466s
  Time for CFA construction:      1.022s
    Time for parsing file(s):     0.365s
    Time for AST to CFA:          0.276s
    Time for CFA sanity check:    0.042s
    Time for post-processing:     0.219s
      Time for var class.:        0.112s
Time for Analysis:                0.972s
CPU time for analysis:            0.970s
Time for analyzing result:        0.000s
Total time for CPAchecker:        3.211s
Total CPU time for CPAchecker:    3.200s
Time for statistics:              0.060s

Time for Garbage Collector:       0.080s (in 5 runs)
Garbage Collector(s) used:    Copy, MarkSweepCompact
Used heap memory:                 49MB (    46 MiB) max;     30MB (    29 MiB) avg;     61MB (    58 MiB) peak
Used non-heap memory:             32MB (    31 MiB) max;     24MB (    23 MiB) avg;     34MB (    32 MiB) peak
Allocated heap memory:           127MB (   121 MiB) max;    127MB (   121 MiB) avg
Allocated non-heap memory:        35MB (    33 MiB) max;     26MB (    25 MiB) avg
Total process virtual memory:   8018MB (  7647 MiB) max;   7964MB (  7595 MiB) avg

Verification result: TRUE. No property violation found by chosen configuration.
More details about the verification run can be found in the directory "./output".
