scripts/cpa.sh -Dy-MySearchStrategy-PredAbs-ABEl -heap 5600000000 -timelimit 30 -preprocess -stats -noout -setprop cpa.predicate.memoryAllocationsAlwaysSucceed=true -spec ../sv-benchmarks/c/ReachSafety.prp ../sv-benchmarks/c/list-properties/splice_true-unreach-call_false-valid-memtrack.i


--------------------------------------------------------------------------------


Running CPAchecker with Java heap of size 5600000000.
Running CPAchecker with default stack size (1024k). Specify a larger value with -stack if needed.
Running CPAchecker with the following extra VM options:  -Djava.io.tmpdir=/tmp/BenchExec_run_4aqzkd2r/tmp
Using the following resource limits: CPU-time limit of 30s (ResourceLimitChecker.fromConfiguration, INFO)

CPAchecker (unknown version) (OpenJDK 64-Bit Server VM 1.8.0_162) started (CPAchecker.run, INFO)

MathSAT5 is available for research and evaluation purposes only. It can not be used in a commercial environment, particularly as part of a commercial product, without written permission. MathSAT5 is provided as is, without any warranty. Please write to mathsat@fbk.eu for additional questions regarding licensing MathSAT5 or obtaining more up-to-date versions. (PredicateCPA:JavaSMT:Mathsat5SolverContext.<init>, WARNING)

Using predicate analysis with MathSAT5 version 5.3.14 (0b98b661254c) (Nov 17 2016 10:59:45, gmp 5.1.3, gcc 4.8.5, 64-bit) and JFactory 1.21. (PredicateCPA:PredicateCPA.<init>, INFO)

Using refinement for predicate analysis with PredicateAbstractionRefinementStrategy strategy. (PredicateCPA:PredicateCPARefiner.<init>, INFO)

Starting analysis ... (CPAchecker.runAlgorithm, INFO)

Shutdown requested (The CPU-time limit of 30s has elapsed.), waiting for termination. (ForceTerminationOnShutdown$1.shutdownRequested, WARNING)

Warning: Analysis interrupted (The CPU-time limit of 30s has elapsed.) (ShutdownNotifier.shutdownIfNecessary, WARNING)

PredicateCPA statistics
-----------------------
Number of abstractions:            356 (11% of all post computations)
  Times abstraction was reused:    0
  Because of function entry/exit:  0 (0%)
  Because of loop head:            318 (89%)
  Because of join nodes:           0 (0%)
  Because of threshold:            0 (0%)
  Because of target state:         38 (11%)
  Times precision was empty:       16 (4%)
  Times precision was {false}:     28 (8%)
  Times result was cached:         43 (12%)
  Times cartesian abs was used:    0 (0%)
  Times boolean abs was used:      269 (76%)
  Times result was 'false':        105 (29%)
Number of strengthen sat checks:   0
Number of coverage checks:         1090
  BDD entailment checks:           856
Number of SMT sat checks:          0
  trivial:                         0
  cached:                          0

Max ABE block size:                       10
Number of predicates discovered:          52
Number of abstraction locations:          5
Max number of predicates per location:    30
Avg number of predicates per location:    13
Total predicates per abstraction:         3855
Max number of predicates per abstraction: 30
Avg number of predicates per abstraction: 12.98
Number of irrelevant predicates:          328 (9%)
Number of preds handled by boolean abs:   3316 (86%)
  Total number of models for allsat:      34854
  Max number of models for allsat:        8235
  Avg number of models for allsat:        129.57

Time for post operator:                  0.599s
  Time for path formula creation:        0.582s
Time for strengthen operator:            0.036s
Time for prec operator:                 25.060s
  Time for abstraction:                 25.005s (Max:     6.210s, Count: 356)
    Boolean abstraction:                23.397s
    Solving time:                        1.280s (Max:     0.025s)
    Model enumeration time:             19.079s
    Time for BDD construction:           2.720s (Max:     0.534s)
Time for merge operator:                 0.038s
Time for coverage check:                 0.024s
  Time for BDD entailment checks:        0.021s
Total time for SMT solver (w/o itp):    20.360s

Number of path formula cache hits:   2474 (72%)

Inside post operator:                  
  Inside path formula creation:        
    Time for path formula computation:     0.540s

Total number of created targets for pointer analysis: 341
   Number of created targets for uf: *signed_int is 46
   Number of created targets for uf: *(struct_node)* is 55


Number of BDD nodes:                               257212
Size of BDD node table:                            270749
Size of BDD cache:                                 27073
Size of BDD node cleanup queue:                       32188 (count: 16417, min: 0, max: 4467, avg: 1.96)
Time for BDD node cleanup:                             0.037s
Time for BDD garbage collection:                       0.104s (in 3 runs)

PrecisionBootstrap statistics
-----------------------------
Init. function predicates:                         0
Init. global predicates:                           0
Init. location predicates:                         0

Invariant Generation statistics
-------------------------------

AutomatonAnalysis (SVCOMP) statistics
-------------------------------------
Number of states:                                  1
Total time for successor computation:                  0.091s
Automaton transfers with branching:                0
Automaton transfer successors:                         3152 (count: 3200, min: 0, max: 1, avg: 0.99) [0 x 48, 1 x 3152]

CPA algorithm statistics
------------------------
Number of iterations:            1868
Max size of waitlist:            10
Average size of waitlist:        4
Number of computed successors:   2173
Max successors for one state:    2
Number of times merged:          117
Number of times stopped:         167
Number of times breaked:         12

Total time for CPA algorithm:        26.492s (Max:    12.398s)
  Time for choose from waitlist:      0.022s
  Time for precision adjustment:     25.232s
  Time for transfer relation:         0.992s
  Time for merge operator:            0.067s
  Time for stop operator:             0.063s
  Time for adding to reached set:     0.049s

Predicate-Abstraction Refiner statistics
----------------------------------------
Number of predicate refinements:                   12
Avg. length of target path (in blocks):                  92 (count: 12, min: 4, max: 10, avg: 7.67)
Number of infeasible sliced prefixes:                     0 (count: 0, min: 0, max: 0, avg: 0.00)

Time for refinement:                                   0.323s
  Counterexample analysis:                             0.225s (Max:     0.031s, Calls: 12)
    Refinement sat check:                              0.093s
    Interpolant computation:                           0.000s
  Path-formulas extraction:                            0.000s
  Error path post-processing:                          0.000s
  Predicate creation:                                  0.032s
  Precision update:                                    0.014s
  ARG update:                                          0.026s

Length of refined path (in blocks):                      85 (count: 12, min: 2, max: 10, avg: 7.08)
Number of affected states:                               65 (count: 12, min: 1, max: 9, avg: 5.42)
Length (states) of path with itp 'true':                  8 (count: 12, min: 0, max: 2, avg: 0.67)
Length (states) of path with itp non-trivial itp:        65 (count: 12, min: 1, max: 9, avg: 5.42)
Length (states) of path with itp 'false':                 5 (count: 12, min: 0, max: 1, avg: 0.42)
Different non-trivial interpolants along paths:          46 (count: 12, min: 0, max: 8, avg: 3.83)
Equal non-trivial interpolants along paths:               7 (count: 12, min: 0, max: 2, avg: 0.58)
Number of refs with location-based cutoff:                0

CEGAR algorithm statistics
--------------------------
Number of refinements:                12
Number of successful refinements:     12
Number of failed refinements:         0
Max. size of reached set before ref.: 392
Max. size of reached set after ref.:  124
Avg. size of reached set before ref.: 168.17
Avg. size of reached set after ref.:  36.17

Total time for CEGAR algorithm:      26.863s
Time for refinements:                 0.371s
Average time for refinement:          0.030s
Max time for refinement:              0.068s

Code Coverage
-----------------------------
  Function coverage:      0.500
  Visited lines:          174
  Total lines:            176
  Line coverage:          0.989
  Visited conditions:     22
  Total conditions:       22
  Condition coverage:     1.000

CPAchecker general statistics
-----------------------------
Number of program locations:     329
Number of CFA edges:             337
Number of relevant variables:    10
Number of functions:             2
Number of loops:                 5
Size of reached set:             317
  Number of reached locations:   48 (15%)
    Avg states per location:     6
    Max states per location:     15 (at node N47)
  Number of reached functions:   1 (50%)
  Number of partitions:          291
    Avg size of partitions:      1
    Max size of partitions:      15 (with key [N47 (before line 655), Function main called from node N6, stack depth 1 [5c7bfdc1], stack [main]])
  Number of target states:       0
  Size of final wait list        6

Time for analysis setup:          3.361s
  Time for loading CPAs:          0.956s
  Time for loading parser:        0.777s
  Time for CFA construction:      1.458s
    Time for parsing file(s):     0.574s
    Time for AST to CFA:          0.370s
    Time for CFA sanity check:    0.067s
    Time for post-processing:     0.256s
      Time for var class.:        0.064s
Time for Analysis:               26.863s
CPU time for analysis:           26.860s
Total time for CPAchecker:       30.229s
Total CPU time for CPAchecker:   30.220s
Time for statistics:              0.085s

Time for Garbage Collector:       0.205s (in 17 runs)
Garbage Collector(s) used:    Copy, MarkSweepCompact
Used heap memory:                 61MB (    58 MiB) max;     40MB (    39 MiB) avg;     64MB (    61 MiB) peak
Used non-heap memory:             35MB (    33 MiB) max;     32MB (    31 MiB) avg;     36MB (    34 MiB) peak
Allocated heap memory:           127MB (   121 MiB) max;    127MB (   121 MiB) avg
Allocated non-heap memory:        37MB (    35 MiB) max;     35MB (    33 MiB) avg
Total process virtual memory:   8132MB (  7756 MiB) max;   8121MB (  7745 MiB) avg

Verification result: UNKNOWN, incomplete analysis.
More details about the verification run can be found in the directory "./output".
