scripts/cpa.sh -Dy-MySearchStrategy-PredAbs-ABElf -heap 5600000000 -timelimit 30 -preprocess -stats -noout -setprop cpa.predicate.memoryAllocationsAlwaysSucceed=true -spec ../sv-benchmarks/c/ReachSafety.prp ../sv-benchmarks/c/ldv-consumption/linux-3.8-rc1-32_7a-drivers--media--usb--em28xx--em28xx.ko-ldv_main0_true-unreach-call.cil.out.c


--------------------------------------------------------------------------------


Running CPAchecker with Java heap of size 5600000000.
Running CPAchecker with default stack size (1024k). Specify a larger value with -stack if needed.
Running CPAchecker with the following extra VM options:  -Djava.io.tmpdir=/tmp/BenchExec_run_4ilpi1t0/tmp
Using the following resource limits: CPU-time limit of 30s (ResourceLimitChecker.fromConfiguration, INFO)

CPAchecker (unknown version) (OpenJDK 64-Bit Server VM 1.8.0_151) started (CPAchecker.run, INFO)

line 6773: Dead code detected: return (0); (CFACreationUtils.addEdgeToCFA, INFO)

line 9588: Dead code detected: return (ldv_func_res); (CFACreationUtils.addEdgeToCFA, INFO)

line 9632: Dead code detected: return (ldv_func_res); (CFACreationUtils.addEdgeToCFA, INFO)

line 10978: Dead code detected: return (ldv_func_res); (CFACreationUtils.addEdgeToCFA, INFO)

line 13886: Dead code detected: return (ldv_func_res); (CFACreationUtils.addEdgeToCFA, INFO)

line 14065: Dead code detected: __asm__ ("movb %%gs:%P1,%0": "=q" (pfo_ret__): "p" (& kernel_stack)); (CFACreationUtils.addEdgeToCFA, INFO)

line 14068: Dead code detected: __asm__ ("movw %%gs:%P1,%0": "=r" (pfo_ret__): "p" (& kernel_stack)); (CFACreationUtils.addEdgeToCFA, INFO)

line 14071: Dead code detected: __asm__ ("movl %%gs:%P1,%0": "=r" (pfo_ret__): "p" (& kernel_stack)); (CFACreationUtils.addEdgeToCFA, INFO)

none: Dead code detected: switch (8UL) {
  case 1UL:
  __asm__ ("movb %%gs:%P1,%0": "=q" (pfo_ret__): "p" (& kernel_stack));
  goto ldv_6357;
  case 2UL:
  __asm__ ("movw %%gs:%P1,%0": "=r" (pfo_ret__): "p" (& kernel_stack));
  goto ldv_6357;
  case 4UL:
  __asm__ ("movl %%gs:%P1,%0": "=r" (pfo_ret__): "p" (& kernel_stack));
  goto ldv_6357;
  case 8UL:
  __asm__ ("movq %%gs:%P1,%0": "=r" (pfo_ret__): "p" (& kernel_stack));
  goto ldv_6357;
  default:
  __bad_percpu_size();
  } (CFACreationUtils.addEdgeToCFA, INFO)

line 15819: Dead code detected: return (ldv_func_res); (CFACreationUtils.addEdgeToCFA, INFO)

line 16164: Dead code detected: return (ldv_func_res); (CFACreationUtils.addEdgeToCFA, INFO)

line 16782: Dead code detected: return (ldv_func_res); (CFACreationUtils.addEdgeToCFA, INFO)

Inline assembler ignored, analysis is probably unsound! (CFABuilder.createCFA, WARNING)

line 10050: Function pointer *(dev->em28xx_read_reg_req_len) with type int (*)(struct em28xx *, u8 , u16 , char *, int) is called, but no possible target functions were found. (CFunctionPointerResolver.replaceFunctionPointerCall, WARNING)

line 10058: Function pointer *(dev->em28xx_read_reg_req) with type int (*)(struct em28xx *, u8 , u16 ) is called, but no possible target functions were found. (CFunctionPointerResolver.replaceFunctionPointerCall, WARNING)

line 10014: Function pointer *(dev->em28xx_write_regs_req) with type int (*)(struct em28xx *, u8 , u16 , char *, int) is called, but no possible target functions were found. (CFunctionPointerResolver.replaceFunctionPointerCall, WARNING)

line 10028: Function pointer *(dev->em28xx_read_reg_req) with type int (*)(struct em28xx *, u8 , u16 ) is called, but no possible target functions were found. (CFunctionPointerResolver.replaceFunctionPointerCall, WARNING)

line 9815: Function pointer *(dev->em28xx_write_regs) with type int (*)(struct em28xx *, u16 , char *, int) is called, but no possible target functions were found. (CFunctionPointerResolver.replaceFunctionPointerCall, WARNING)

lines 9855-9856: Function pointer *(dev->em28xx_read_reg_req_len) with type int (*)(struct em28xx *, u8 , u16 , char *, int) is called, but no possible target functions were found. (CFunctionPointerResolver.replaceFunctionPointerCall, WARNING)

line 9826: Function pointer *(dev->em28xx_read_reg) with type int (*)(struct em28xx *, u16 ) is called, but no possible target functions were found. (CFunctionPointerResolver.replaceFunctionPointerCall, WARNING)

lines 9762-9763: Function pointer *(dev->em28xx_write_regs) with type int (*)(struct em28xx *, u16 , char *, int) is called, but no possible target functions were found. (CFunctionPointerResolver.replaceFunctionPointerCall, WARNING)

line 9774: Function pointer *(dev->em28xx_read_reg) with type int (*)(struct em28xx *, u16 ) is called, but no possible target functions were found. (CFunctionPointerResolver.replaceFunctionPointerCall, WARNING)

line 15761: Function pointer *(ops->fini) with type int (*)(struct em28xx *) is called, but no possible target functions were found. (CFunctionPointerResolver.replaceFunctionPointerCall, WARNING)

line 9960: Function pointer *(dev->em28xx_read_reg_req_len) with type int (*)(struct em28xx *, u8 , u16 , char *, int) is called, but no possible target functions were found. (CFunctionPointerResolver.replaceFunctionPointerCall, WARNING)

line 9968: Function pointer *(dev->em28xx_read_reg) with type int (*)(struct em28xx *, u16 ) is called, but no possible target functions were found. (CFunctionPointerResolver.replaceFunctionPointerCall, WARNING)

lines 9906-9907: Function pointer *(dev->em28xx_write_regs_req) with type int (*)(struct em28xx *, u8 , u16 , char *, int) is called, but no possible target functions were found. (CFunctionPointerResolver.replaceFunctionPointerCall, WARNING)

line 9924: Function pointer *(dev->em28xx_read_reg) with type int (*)(struct em28xx *, u16 ) is called, but no possible target functions were found. (CFunctionPointerResolver.replaceFunctionPointerCall, WARNING)

line 16692: Function pointer *(subdev->ops->video->s_mbus_fmt) with type int (*)(struct v4l2_subdev *, struct v4l2_mbus_framefmt *) is called, but no possible target functions were found. (CFunctionPointerResolver.replaceFunctionPointerCall, WARNING)

line 13390: Function pointer *(__sd->ops->core->s_power) with type int (*)(struct v4l2_subdev *, int) is called, but no possible target functions were found. (CFunctionPointerResolver.replaceFunctionPointerCall, WARNING)

line 15731: Function pointer *(ops->init) with type int (*)(struct em28xx *) is called, but no possible target functions were found. (CFunctionPointerResolver.replaceFunctionPointerCall, WARNING)

line 14459: Function pointer *(dev->em28xx_read_reg_req_len) with type int (*)(struct em28xx *, u8 , u16 , char *, int) is called, but no possible target functions were found. (CFunctionPointerResolver.replaceFunctionPointerCall, WARNING)

line 9065: Function pointer *(__sd->ops->core->s_std) with type int (*)(struct v4l2_subdev *, v4l2_std_id ) is called, but no possible target functions were found. (CFunctionPointerResolver.replaceFunctionPointerCall, WARNING)

line 15674: Function pointer *(ops->init) with type int (*)(struct em28xx *) is called, but no possible target functions were found. (CFunctionPointerResolver.replaceFunctionPointerCall, WARNING)

line 6938: Function pointer *(__sd->ops->tuner->s_frequency) with type int (*)(struct v4l2_subdev *, const struct v4l2_frequency *) is called, but no possible target functions were found. (CFunctionPointerResolver.replaceFunctionPointerCall, WARNING)

line 12770: Function pointer *(__sd___3->ops->tuner->s_frequency) with type int (*)(struct v4l2_subdev *, const struct v4l2_frequency *) is called, but no possible target functions were found. (CFunctionPointerResolver.replaceFunctionPointerCall, WARNING)

line 12744: Function pointer *(__sd___2->ops->tuner->s_config) with type int (*)(struct v4l2_subdev *, const struct v4l2_priv_tun_config *) is called, but no possible target functions were found. (CFunctionPointerResolver.replaceFunctionPointerCall, WARNING)

line 12716: Function pointer *(__sd___1->ops->tuner->s_config) with type int (*)(struct v4l2_subdev *, const struct v4l2_priv_tun_config *) is called, but no possible target functions were found. (CFunctionPointerResolver.replaceFunctionPointerCall, WARNING)

line 12691: Function pointer *(__sd___0->ops->tuner->s_type_addr) with type int (*)(struct v4l2_subdev *, struct tuner_setup *) is called, but no possible target functions were found. (CFunctionPointerResolver.replaceFunctionPointerCall, WARNING)

line 12666: Function pointer *(__sd->ops->tuner->s_type_addr) with type int (*)(struct v4l2_subdev *, struct tuner_setup *) is called, but no possible target functions were found. (CFunctionPointerResolver.replaceFunctionPointerCall, WARNING)

line 15701: Function pointer *(ops->fini) with type int (*)(struct em28xx *) is called, but no possible target functions were found. (CFunctionPointerResolver.replaceFunctionPointerCall, WARNING)

line 8699: Function pointer *(__sd->ops->core->s_power) with type int (*)(struct v4l2_subdev *, int) is called, but no possible target functions were found. (CFunctionPointerResolver.replaceFunctionPointerCall, WARNING)

line 8593: Function pointer *(__sd->ops->tuner->s_radio) with type int (*)(struct v4l2_subdev *) is called, but no possible target functions were found. (CFunctionPointerResolver.replaceFunctionPointerCall, WARNING)

line 15637: Function pointer *(__sd___1->ops->video->s_stream) with type int (*)(struct v4l2_subdev *, int) is called, but no possible target functions were found. (CFunctionPointerResolver.replaceFunctionPointerCall, WARNING)

line 15598: Function pointer *(__sd->ops->core->reset) with type int (*)(struct v4l2_subdev *, u32 ) is called, but no possible target functions were found. (CFunctionPointerResolver.replaceFunctionPointerCall, WARNING)

line 8466: Function pointer *(__sd->ops->tuner->g_tuner) with type int (*)(struct v4l2_subdev *, struct v4l2_tuner *) is called, but no possible target functions were found. (CFunctionPointerResolver.replaceFunctionPointerCall, WARNING)

line 8502: Function pointer *(__sd->ops->tuner->s_tuner) with type int (*)(struct v4l2_subdev *, const struct v4l2_tuner *) is called, but no possible target functions were found. (CFunctionPointerResolver.replaceFunctionPointerCall, WARNING)

line 7186: Function pointer *(__sd___0->ops->audio->s_i2s_clock_freq) with type int (*)(struct v4l2_subdev *, u32 ) is called, but no possible target functions were found. (CFunctionPointerResolver.replaceFunctionPointerCall, WARNING)

line 8039: Function pointer *(__sd->ops->core->g_chip_ident) with type int (*)(struct v4l2_subdev *, struct v4l2_dbg_chip_ident *) is called, but no possible target functions were found. (CFunctionPointerResolver.replaceFunctionPointerCall, WARNING)

line 7636: Function pointer *(__sd->ops->video->g_parm) with type int (*)(struct v4l2_subdev *, struct v4l2_streamparm *) is called, but no possible target functions were found. (CFunctionPointerResolver.replaceFunctionPointerCall, WARNING)

line 8158: Function pointer *(__sd___0->ops->core->g_register) with type int (*)(struct v4l2_subdev *, struct v4l2_dbg_register *) is called, but no possible target functions were found. (CFunctionPointerResolver.replaceFunctionPointerCall, WARNING)

line 8137: Function pointer *(__sd->ops->core->g_register) with type int (*)(struct v4l2_subdev *, struct v4l2_dbg_register *) is called, but no possible target functions were found. (CFunctionPointerResolver.replaceFunctionPointerCall, WARNING)

line 7873: Function pointer *(__sd->ops->tuner->g_tuner) with type int (*)(struct v4l2_subdev *, struct v4l2_tuner *) is called, but no possible target functions were found. (CFunctionPointerResolver.replaceFunctionPointerCall, WARNING)

line 7543: Function pointer *(__sd->ops->video->querystd) with type int (*)(struct v4l2_subdev *, v4l2_std_id *) is called, but no possible target functions were found. (CFunctionPointerResolver.replaceFunctionPointerCall, WARNING)

line 7989: Function pointer *(__sd___0->ops->tuner->g_frequency) with type int (*)(struct v4l2_subdev *, struct v4l2_frequency *) is called, but no possible target functions were found. (CFunctionPointerResolver.replaceFunctionPointerCall, WARNING)

line 7971: Function pointer *(__sd->ops->tuner->s_frequency) with type int (*)(struct v4l2_subdev *, const struct v4l2_frequency *) is called, but no possible target functions were found. (CFunctionPointerResolver.replaceFunctionPointerCall, WARNING)

line 7683: Function pointer *(__sd->ops->video->s_parm) with type int (*)(struct v4l2_subdev *, struct v4l2_streamparm *) is called, but no possible target functions were found. (CFunctionPointerResolver.replaceFunctionPointerCall, WARNING)

line 8261: Function pointer *(__sd___0->ops->core->s_register) with type int (*)(struct v4l2_subdev *, const struct v4l2_dbg_register *) is called, but no possible target functions were found. (CFunctionPointerResolver.replaceFunctionPointerCall, WARNING)

line 8240: Function pointer *(__sd->ops->core->s_register) with type int (*)(struct v4l2_subdev *, const struct v4l2_dbg_register *) is called, but no possible target functions were found. (CFunctionPointerResolver.replaceFunctionPointerCall, WARNING)

line 7596: Function pointer *(__sd->ops->core->s_std) with type int (*)(struct v4l2_subdev *, v4l2_std_id ) is called, but no possible target functions were found. (CFunctionPointerResolver.replaceFunctionPointerCall, WARNING)

line 7911: Function pointer *(__sd->ops->tuner->s_tuner) with type int (*)(struct v4l2_subdev *, const struct v4l2_tuner *) is called, but no possible target functions were found. (CFunctionPointerResolver.replaceFunctionPointerCall, WARNING)

MathSAT5 is available for research and evaluation purposes only. It can not be used in a commercial environment, particularly as part of a commercial product, without written permission. MathSAT5 is provided as is, without any warranty. Please write to mathsat@fbk.eu for additional questions regarding licensing MathSAT5 or obtaining more up-to-date versions. (PredicateCPA:JavaSMT:Mathsat5SolverContext.<init>, WARNING)

Using predicate analysis with MathSAT5 version 5.3.14 (0b98b661254c) (Nov 17 2016 10:59:45, gmp 5.1.3, gcc 4.8.5, 64-bit) and JFactory 1.21. (PredicateCPA:PredicateCPA.<init>, INFO)

Using refinement for predicate analysis with PredicateAbstractionRefinementStrategy strategy. (PredicateCPA:PredicateCPARefiner.<init>, INFO)

Starting analysis ... (CPAchecker.runAlgorithm, INFO)

Assuming external function ldv_handler_precall to be a constant function. (PredicateCPA:ExpressionToFormulaVisitor.visit, INFO)

Assuming external function video_devdata to be a pure function. (PredicateCPA:ExpressionToFormulaVisitor.visit, INFO)

line 8158: Ignoring function call through function pointer *(__sd___0->ops->core->g_register): (*(__sd___0->ops->core->g_register))(__sd___0, reg); (PredicateCPA:ExpressionToFormulaVisitor.visit, WARNING)

line 8261: Ignoring function call through function pointer *(__sd___0->ops->core->s_register): (*(__sd___0->ops->core->s_register))(__sd___0, reg); (PredicateCPA:ExpressionToFormulaVisitor.visit, WARNING)

line 8137: Ignoring function call through function pointer *(__sd->ops->core->g_register): (*(__sd->ops->core->g_register))(__sd, reg); (PredicateCPA:ExpressionToFormulaVisitor.visit, WARNING)

Assuming external function v4l2_video_std_frame_period to be a pure function. (PredicateCPA:ExpressionToFormulaVisitor.visit, INFO)

Assuming external function strlcpy to be a pure function. (PredicateCPA:ExpressionToFormulaVisitor.visit, INFO)

Assuming external function strcpy to be a pure function. (PredicateCPA:ExpressionToFormulaVisitor.visit, INFO)

line 8240: Ignoring function call through function pointer *(__sd->ops->core->s_register): (*(__sd->ops->core->s_register))(__sd, reg); (PredicateCPA:ExpressionToFormulaVisitor.visit, WARNING)

line 7971: Ignoring function call through function pointer *(__sd->ops->tuner->s_frequency): (*(__sd->ops->tuner->s_frequency))(__sd, f); (PredicateCPA:ExpressionToFormulaVisitor.visit, WARNING)

line 7989: Ignoring function call through function pointer *(__sd___0->ops->tuner->g_frequency): (*(__sd___0->ops->tuner->g_frequency))(__sd___0, &new_freq); (PredicateCPA:ExpressionToFormulaVisitor.visit, WARNING)

line 7636: Ignoring function call through function pointer *(__sd->ops->video->g_parm): tmp = (*(__sd->ops->video->g_parm))(__sd, p); (PredicateCPA:ExpressionToFormulaVisitor.visit, WARNING)

line 7683: Ignoring function call through function pointer *(__sd->ops->video->s_parm): tmp = (*(__sd->ops->video->s_parm))(__sd, p); (PredicateCPA:ExpressionToFormulaVisitor.visit, WARNING)

Assuming external function memset to be a pure function. (PredicateCPA:ExpressionToFormulaVisitor.visit, INFO)

line 8039: Ignoring function call through function pointer *(__sd->ops->core->g_chip_ident): (*(__sd->ops->core->g_chip_ident))(__sd, chip); (PredicateCPA:ExpressionToFormulaVisitor.visit, WARNING)

line 7911: Ignoring function call through function pointer *(__sd->ops->tuner->s_tuner): (*(__sd->ops->tuner->s_tuner))(__sd, t); (PredicateCPA:ExpressionToFormulaVisitor.visit, WARNING)

line 7873: Ignoring function call through function pointer *(__sd->ops->tuner->g_tuner): (*(__sd->ops->tuner->g_tuner))(__sd, t); (PredicateCPA:ExpressionToFormulaVisitor.visit, WARNING)

line 8502: Ignoring function call through function pointer *(__sd->ops->tuner->s_tuner): (*(__sd->ops->tuner->s_tuner))(__sd, t); (PredicateCPA:ExpressionToFormulaVisitor.visit, WARNING)

line 7543: Ignoring function call through function pointer *(__sd->ops->video->querystd): (*(__sd->ops->video->querystd))(__sd, norm); (PredicateCPA:ExpressionToFormulaVisitor.visit, WARNING)

lines 7164-7165: Ignoring function call through function pointer *(__sd->ops->video->s_routing): (*(__sd->ops->video->s_routing))(__sd, (((struct em28xx_input *)(&((em28xx_boards[dev->model]).input))) + ((unsigned long)index))->vmux, 0U, 0U); (PredicateCPA:ExpressionToFormulaVisitor.visit, WARNING)

line 7186: Ignoring function call through function pointer *(__sd___0->ops->audio->s_i2s_clock_freq): (*(__sd___0->ops->audio->s_i2s_clock_freq))(__sd___0, dev->i2s_speed); (PredicateCPA:ExpressionToFormulaVisitor.visit, WARNING)

line 7210: Ignoring function call through function pointer *(__sd___1->ops->audio->s_routing): (*(__sd___1->ops->audio->s_routing))(__sd___1, dev->ctl_ainput, 68U, 0U); (PredicateCPA:ExpressionToFormulaVisitor.visit, WARNING)

lines 7235-7236: Ignoring function call through function pointer *(__sd___2->ops->audio->s_routing): (*(__sd___2->ops->audio->s_routing))(__sd___2, dev->ctl_ainput, dev->ctl_aoutput, 0U); (PredicateCPA:ExpressionToFormulaVisitor.visit, WARNING)

Assuming external function msleep to be a pure function. (PredicateCPA:ExpressionToFormulaVisitor.visit, INFO)

Assuming external function v4l_bound_align_image to be a pure function. (PredicateCPA:ExpressionToFormulaVisitor.visit, INFO)

Assuming external function snprintf to be a pure function. (PredicateCPA:ExpressionToFormulaVisitor.visit, INFO)

Shutdown requested (The CPU-time limit of 30s has elapsed.), waiting for termination. (ForceTerminationOnShutdown$1.shutdownRequested, WARNING)

Warning: Analysis interrupted (The CPU-time limit of 30s has elapsed.) (ShutdownNotifier.shutdownIfNecessary, WARNING)

PredicateCPA statistics
-----------------------
Number of abstractions:            11581 (13% of all post computations)
  Times abstraction was reused:    0
  Because of function entry/exit:  8953 (77%)
  Because of loop head:            2616 (23%)
  Because of join nodes:           0 (0%)
  Because of threshold:            0 (0%)
  Because of target state:         12 (0%)
  Times precision was empty:       10297 (89%)
  Times precision was {false}:     89 (1%)
  Times result was cached:         1169 (10%)
  Times cartesian abs was used:    0 (0%)
  Times boolean abs was used:      26 (0%)
  Times result was 'false':        12 (0%)
Number of strengthen sat checks:   0
Number of coverage checks:         15258
  BDD entailment checks:           3274
Number of SMT sat checks:          0
  trivial:                         0
  cached:                          0

Max ABE block size:                       150
Number of predicates discovered:          2
Number of abstraction locations:          20
Max number of predicates per location:    1
Avg number of predicates per location:    1
Total predicates per abstraction:         1284
Max number of predicates per abstraction: 1
Avg number of predicates per abstraction: 11.17
Number of irrelevant predicates:          993 (77%)
Number of preds handled by boolean abs:   26 (2%)
  Total number of models for allsat:      26
  Max number of models for allsat:        1
  Avg number of models for allsat:        1.00

Time for post operator:                 14.951s
  Time for path formula creation:       14.857s
Time for strengthen operator:            0.120s
Time for prec operator:                  1.362s
  Time for abstraction:                  0.897s (Max:     0.073s, Count: 11581)
    Boolean abstraction:                 0.085s
    Solving time:                        0.289s (Max:     0.060s)
    Model enumeration time:              0.000s
    Time for BDD construction:           0.013s (Max:     0.012s)
Time for merge operator:                 0.700s
Time for coverage check:                 0.041s
  Time for BDD entailment checks:        0.022s
Total time for SMT solver (w/o itp):     0.289s

Number of path formula cache hits:   71610 (70%)

Inside post operator:                  
  Inside path formula creation:        
    Time for path formula computation:    13.794s

Total number of created targets for pointer analysis: 52252
   Number of created targets for uf: *signed_int is 3001
   Number of created targets for uf: *(struct_list_head)* is 17
   Number of created targets for uf: *unsigned_int is 921
   Number of created targets for uf: *unsigned_long_int is 3


Number of BDD nodes:                               202
Size of BDD node table:                            270749
Size of BDD cache:                                 27073
Size of BDD node cleanup queue:                          55 (count: 14177, min: 0, max: 11, avg: 0.00)
Time for BDD node cleanup:                             0.008s
Time for BDD garbage collection:                       0.000s (in 0 runs)

PrecisionBootstrap statistics
-----------------------------
Init. function predicates:                         0
Init. global predicates:                           0
Init. location predicates:                         0

Invariant Generation statistics
-------------------------------

AutomatonAnalysis (SVCOMP) statistics
-------------------------------------
Number of states:                                  1
Total time for successor computation:                  0.250s
Automaton transfers with branching:                0
Automaton transfer successors:                        90027 (count: 90027, min: 1, max: 1, avg: 1.00) [1 x 90027]

CPA algorithm statistics
------------------------
Number of iterations:            53762
Max size of waitlist:            177
Average size of waitlist:        130
Number of computed successors:   64217
Max successors for one state:    2
Number of times merged:          5992
Number of times stopped:         8608
Number of times breaked:         12

Total time for CPA algorithm:        20.169s (Max:     3.975s)
  Time for choose from waitlist:      0.098s
  Time for precision adjustment:      1.938s
  Time for transfer relation:        16.440s
  Time for merge operator:            0.945s
  Time for stop operator:             0.178s
  Time for adding to reached set:     0.138s

Predicate-Abstraction Refiner statistics
----------------------------------------
Number of predicate refinements:                   12
Avg. length of target path (in blocks):                 108 (count: 12, min: 6, max: 10, avg: 9.00)
Number of infeasible sliced prefixes:                     0 (count: 0, min: 0, max: 0, avg: 0.00)

Time for refinement:                                   4.414s
  Counterexample analysis:                             4.210s (Max:     0.537s, Calls: 12)
    Refinement sat check:                              3.950s
    Interpolant computation:                           0.000s
  Path-formulas extraction:                            0.000s
  Error path post-processing:                          0.000s
  Predicate creation:                                  0.006s
  Precision update:                                    0.003s
  ARG update:                                          0.189s

Length of refined path (in blocks):                      96 (count: 12, min: 5, max: 9, avg: 8.00)
Number of affected states:                               72 (count: 12, min: 3, max: 7, avg: 6.00)
Length (states) of path with itp 'true':                 12 (count: 12, min: 1, max: 1, avg: 1.00)
Length (states) of path with itp non-trivial itp:        72 (count: 12, min: 3, max: 7, avg: 6.00)
Length (states) of path with itp 'false':                12 (count: 12, min: 1, max: 1, avg: 1.00)
Different non-trivial interpolants along paths:           0 (count: 12, min: 0, max: 0, avg: 0.00)
Equal non-trivial interpolants along paths:              60 (count: 12, min: 2, max: 6, avg: 5.00)
Number of refs with location-based cutoff:                0

CEGAR algorithm statistics
--------------------------
Number of refinements:                12
Number of successful refinements:     12
Number of failed refinements:         0
Max. size of reached set before ref.: 4638
Max. size of reached set after ref.:  6
Avg. size of reached set before ref.: 4440.67
Avg. size of reached set after ref.:  6.00

Total time for CEGAR algorithm:      24.708s
Time for refinements:                 4.533s
Average time for refinement:          0.377s
Max time for refinement:              0.584s

Code Coverage
-----------------------------
  Function coverage:      0.179
  Visited lines:          2002
  Total lines:            6502
  Line coverage:          0.308
  Visited conditions:     392
  Total conditions:       2228
  Condition coverage:     0.176

CPAchecker general statistics
-----------------------------
Number of program locations:     9255
Number of CFA edges:             10698
Number of relevant variables:    1443
Number of functions:             312
Number of loops:                 99
Size of reached set:             2381
  Number of reached locations:   852 (9%)
    Avg states per location:     2
    Max states per location:     34 (at node N2976)
  Number of reached functions:   56 (18%)
  Number of partitions:          2372
    Avg size of partitions:      1
    Max size of partitions:      2 (with key [N2978 (before line 9535), Function main called from node N2656, stack depth 1 [d960561], stack [main]])
  Number of target states:       0
  Size of final wait list        134

Time for analysis setup:          5.655s
  Time for loading CPAs:          0.802s
  Time for loading parser:        0.425s
  Time for CFA construction:      4.329s
    Time for parsing file(s):     0.862s
    Time for AST to CFA:          1.612s
    Time for CFA sanity check:    0.405s
    Time for post-processing:     1.274s
      Time for var class.:        0.636s
Time for Analysis:               24.708s
CPU time for analysis:           24.710s
Total time for CPAchecker:       30.370s
Total CPU time for CPAchecker:   30.360s
Time for statistics:              0.117s

Time for Garbage Collector:       0.779s (in 72 runs)
Garbage Collector(s) used:    Copy, MarkSweepCompact
Used heap memory:                 93MB (    89 MiB) max;     64MB (    61 MiB) avg;     99MB (    94 MiB) peak
Used non-heap memory:             40MB (    38 MiB) max;     35MB (    34 MiB) avg;     40MB (    38 MiB) peak
Allocated heap memory:           127MB (   121 MiB) max;    127MB (   121 MiB) avg
Allocated non-heap memory:        42MB (    40 MiB) max;     38MB (    36 MiB) avg
Total process virtual memory:   8089MB (  7714 MiB) max;   8076MB (  7702 MiB) avg

Verification result: UNKNOWN, incomplete analysis.
More details about the verification run can be found in the directory "./output".
