scripts/cpa.sh -Dy-MySearchStrategy-PredAbs-ABElf -heap 5600000000 -timelimit 30 -preprocess -stats -noout -setprop cpa.predicate.memoryAllocationsAlwaysSucceed=true -spec ../sv-benchmarks/c/ReachSafety.prp ../sv-benchmarks/c/ldv-linux-3.14/linux-3.14__complex_emg__linux-kernel-locking-spinlock__drivers-media-usb-uvc-uvcvideo_true-unreach-call.cil.c


--------------------------------------------------------------------------------


Running CPAchecker with Java heap of size 5600000000.
Running CPAchecker with default stack size (1024k). Specify a larger value with -stack if needed.
Running CPAchecker with the following extra VM options:  -Djava.io.tmpdir=/tmp/BenchExec_run_re7j_15s/tmp
Using the following resource limits: CPU-time limit of 30s (ResourceLimitChecker.fromConfiguration, INFO)

CPAchecker (unknown version) (OpenJDK 64-Bit Server VM 1.8.0_162) started (CPAchecker.run, INFO)

line 5768: Dead code detected: return (1); (CFACreationUtils.addEdgeToCFA, INFO)

Dead code detected: Label switch_break is not reachable. (CFAFunctionBuilder.leave, INFO)

Dead code detected: Label switch_break is not reachable. (CFAFunctionBuilder.leave, INFO)

Dead code detected: Label switch_break is not reachable. (CFAFunctionBuilder.leave, INFO)

Dead code detected: Label switch_break is not reachable. (CFAFunctionBuilder.leave, INFO)

line 11119: Dead code detected: return; (CFACreationUtils.addEdgeToCFA, INFO)

line 11271: Dead code detected: return (arg0); (CFACreationUtils.addEdgeToCFA, INFO)

line 11524: Dead code detected: return (ldv_func_res); (CFACreationUtils.addEdgeToCFA, INFO)

line 12260: Dead code detected: Goto: case_1 (CFACreationUtils.addEdgeToCFA, INFO)

line 12265: Dead code detected: Goto: case_2 (CFACreationUtils.addEdgeToCFA, INFO)

line 12275: Dead code detected: Goto: case_8 (CFACreationUtils.addEdgeToCFA, INFO)

line 12279: Dead code detected: Goto: switch_default (CFACreationUtils.addEdgeToCFA, INFO)

Dead code detected: Label case_8 is not reachable. (CFAFunctionBuilder.leave, INFO)

Dead code detected: Label switch_break is not reachable. (CFAFunctionBuilder.leave, INFO)

Dead code detected: Label switch_default is not reachable. (CFAFunctionBuilder.leave, INFO)

Dead code detected: Label case_1 is not reachable. (CFAFunctionBuilder.leave, INFO)

Dead code detected: Label case_2 is not reachable. (CFAFunctionBuilder.leave, INFO)

line 12316: Dead code detected: Goto: case_1 (CFACreationUtils.addEdgeToCFA, INFO)

line 12321: Dead code detected: Goto: case_2 (CFACreationUtils.addEdgeToCFA, INFO)

line 12326: Dead code detected: Goto: case_4 (CFACreationUtils.addEdgeToCFA, INFO)

line 12335: Dead code detected: Goto: switch_default (CFACreationUtils.addEdgeToCFA, INFO)

Dead code detected: Label switch_break is not reachable. (CFAFunctionBuilder.leave, INFO)

Dead code detected: Label switch_default is not reachable. (CFAFunctionBuilder.leave, INFO)

Dead code detected: Label case_4 is not reachable. (CFAFunctionBuilder.leave, INFO)

Dead code detected: Label case_1 is not reachable. (CFAFunctionBuilder.leave, INFO)

Dead code detected: Label case_2 is not reachable. (CFAFunctionBuilder.leave, INFO)

line 12409: Dead code detected: [size == 1U] (CFACreationUtils.addEdgeToCFA, INFO)

line 12409: Dead code detected: [!(size == 1U)] (CFACreationUtils.addEdgeToCFA, INFO)

line 12414: Dead code detected: [size == 2U] (CFACreationUtils.addEdgeToCFA, INFO)

line 12414: Dead code detected: [!(size == 2U)] (CFACreationUtils.addEdgeToCFA, INFO)

line 12419: Dead code detected: [size == 4U] (CFACreationUtils.addEdgeToCFA, INFO)

line 12419: Dead code detected: [!(size == 4U)] (CFACreationUtils.addEdgeToCFA, INFO)

line 12424: Dead code detected: [size == 8U] (CFACreationUtils.addEdgeToCFA, INFO)

line 12424: Dead code detected: [!(size == 8U)] (CFACreationUtils.addEdgeToCFA, INFO)

line 12429: Dead code detected: [size == 10U] (CFACreationUtils.addEdgeToCFA, INFO)

line 12429: Dead code detected: [!(size == 10U)] (CFACreationUtils.addEdgeToCFA, INFO)

line 12434: Dead code detected: [size == 16U] (CFACreationUtils.addEdgeToCFA, INFO)

line 12434: Dead code detected: [!(size == 16U)] (CFACreationUtils.addEdgeToCFA, INFO)

line 12410: Dead code detected: Goto: case_1 (CFACreationUtils.addEdgeToCFA, INFO)

line 12415: Dead code detected: Goto: case_2 (CFACreationUtils.addEdgeToCFA, INFO)

line 12420: Dead code detected: Goto: case_4 (CFACreationUtils.addEdgeToCFA, INFO)

line 12425: Dead code detected: Goto: case_8 (CFACreationUtils.addEdgeToCFA, INFO)

line 12430: Dead code detected: Goto: case_10 (CFACreationUtils.addEdgeToCFA, INFO)

line 12435: Dead code detected: Goto: case_16 (CFACreationUtils.addEdgeToCFA, INFO)

line 12439: Dead code detected: Goto: switch_default (CFACreationUtils.addEdgeToCFA, INFO)

Dead code detected: Label case_8 is not reachable. (CFAFunctionBuilder.leave, INFO)

Dead code detected: Label switch_break is not reachable. (CFAFunctionBuilder.leave, INFO)

Dead code detected: Label case_16 is not reachable. (CFAFunctionBuilder.leave, INFO)

Dead code detected: Label switch_default is not reachable. (CFAFunctionBuilder.leave, INFO)

Dead code detected: Label case_4 is not reachable. (CFAFunctionBuilder.leave, INFO)

Dead code detected: Label case_10 is not reachable. (CFAFunctionBuilder.leave, INFO)

Dead code detected: Label case_1 is not reachable. (CFAFunctionBuilder.leave, INFO)

Dead code detected: Label case_2 is not reachable. (CFAFunctionBuilder.leave, INFO)

line 12528: Dead code detected: [size == 1U] (CFACreationUtils.addEdgeToCFA, INFO)

line 12528: Dead code detected: [!(size == 1U)] (CFACreationUtils.addEdgeToCFA, INFO)

line 12533: Dead code detected: [size == 2U] (CFACreationUtils.addEdgeToCFA, INFO)

line 12533: Dead code detected: [!(size == 2U)] (CFACreationUtils.addEdgeToCFA, INFO)

line 12538: Dead code detected: [size == 4U] (CFACreationUtils.addEdgeToCFA, INFO)

line 12538: Dead code detected: [!(size == 4U)] (CFACreationUtils.addEdgeToCFA, INFO)

line 12543: Dead code detected: [size == 8U] (CFACreationUtils.addEdgeToCFA, INFO)

line 12543: Dead code detected: [!(size == 8U)] (CFACreationUtils.addEdgeToCFA, INFO)

line 12548: Dead code detected: [size == 10U] (CFACreationUtils.addEdgeToCFA, INFO)

line 12548: Dead code detected: [!(size == 10U)] (CFACreationUtils.addEdgeToCFA, INFO)

line 12553: Dead code detected: [size == 16U] (CFACreationUtils.addEdgeToCFA, INFO)

line 12553: Dead code detected: [!(size == 16U)] (CFACreationUtils.addEdgeToCFA, INFO)

line 12529: Dead code detected: Goto: case_1 (CFACreationUtils.addEdgeToCFA, INFO)

line 12534: Dead code detected: Goto: case_2 (CFACreationUtils.addEdgeToCFA, INFO)

line 12539: Dead code detected: Goto: case_4 (CFACreationUtils.addEdgeToCFA, INFO)

line 12544: Dead code detected: Goto: case_8 (CFACreationUtils.addEdgeToCFA, INFO)

line 12549: Dead code detected: Goto: case_10 (CFACreationUtils.addEdgeToCFA, INFO)

line 12554: Dead code detected: Goto: case_16 (CFACreationUtils.addEdgeToCFA, INFO)

line 12558: Dead code detected: Goto: switch_default (CFACreationUtils.addEdgeToCFA, INFO)

Dead code detected: Label case_8 is not reachable. (CFAFunctionBuilder.leave, INFO)

Dead code detected: Label switch_break is not reachable. (CFAFunctionBuilder.leave, INFO)

Dead code detected: Label case_16 is not reachable. (CFAFunctionBuilder.leave, INFO)

Dead code detected: Label switch_default is not reachable. (CFAFunctionBuilder.leave, INFO)

Dead code detected: Label case_4 is not reachable. (CFAFunctionBuilder.leave, INFO)

Dead code detected: Label case_10 is not reachable. (CFAFunctionBuilder.leave, INFO)

Dead code detected: Label case_1 is not reachable. (CFAFunctionBuilder.leave, INFO)

Dead code detected: Label case_2 is not reachable. (CFAFunctionBuilder.leave, INFO)

Dead code detected: Label switch_break is not reachable. (CFAFunctionBuilder.leave, INFO)

Dead code detected: Label switch_break is not reachable. (CFAFunctionBuilder.leave, INFO)

line 14649: Dead code detected: Goto: case_1 (CFACreationUtils.addEdgeToCFA, INFO)

line 14654: Dead code detected: Goto: case_2 (CFACreationUtils.addEdgeToCFA, INFO)

line 14664: Dead code detected: Goto: case_8 (CFACreationUtils.addEdgeToCFA, INFO)

line 14668: Dead code detected: Goto: switch_default (CFACreationUtils.addEdgeToCFA, INFO)

line 14717: Dead code detected: Goto: case_1___0 (CFACreationUtils.addEdgeToCFA, INFO)

line 14722: Dead code detected: Goto: case_2___0 (CFACreationUtils.addEdgeToCFA, INFO)

line 14732: Dead code detected: Goto: case_8___0 (CFACreationUtils.addEdgeToCFA, INFO)

line 14736: Dead code detected: Goto: switch_default___0 (CFACreationUtils.addEdgeToCFA, INFO)

Dead code detected: Label switch_break is not reachable. (CFAFunctionBuilder.leave, INFO)

Dead code detected: Label switch_default is not reachable. (CFAFunctionBuilder.leave, INFO)

Dead code detected: Label case_2___0 is not reachable. (CFAFunctionBuilder.leave, INFO)

Dead code detected: Label case_8 is not reachable. (CFAFunctionBuilder.leave, INFO)

Dead code detected: Label case_8___0 is not reachable. (CFAFunctionBuilder.leave, INFO)

Dead code detected: Label case_1 is not reachable. (CFAFunctionBuilder.leave, INFO)

Dead code detected: Label case_2 is not reachable. (CFAFunctionBuilder.leave, INFO)

Dead code detected: Label case_1___0 is not reachable. (CFAFunctionBuilder.leave, INFO)

line 14855: Dead code detected: Goto: case_1 (CFACreationUtils.addEdgeToCFA, INFO)

line 14860: Dead code detected: Goto: case_2 (CFACreationUtils.addEdgeToCFA, INFO)

line 14870: Dead code detected: Goto: case_8 (CFACreationUtils.addEdgeToCFA, INFO)

line 14874: Dead code detected: Goto: switch_default (CFACreationUtils.addEdgeToCFA, INFO)

Dead code detected: Label case_8 is not reachable. (CFAFunctionBuilder.leave, INFO)

Dead code detected: Label switch_break is not reachable. (CFAFunctionBuilder.leave, INFO)

Dead code detected: Label switch_default is not reachable. (CFAFunctionBuilder.leave, INFO)

Dead code detected: Label case_1 is not reachable. (CFAFunctionBuilder.leave, INFO)

Dead code detected: Label case_2 is not reachable. (CFAFunctionBuilder.leave, INFO)

line 15001: Dead code detected: Goto: case_1 (CFACreationUtils.addEdgeToCFA, INFO)

line 15006: Dead code detected: Goto: case_2 (CFACreationUtils.addEdgeToCFA, INFO)

line 15016: Dead code detected: Goto: case_8 (CFACreationUtils.addEdgeToCFA, INFO)

line 15020: Dead code detected: Goto: switch_default (CFACreationUtils.addEdgeToCFA, INFO)

Dead code detected: Label case_8 is not reachable. (CFAFunctionBuilder.leave, INFO)

Dead code detected: Label switch_break is not reachable. (CFAFunctionBuilder.leave, INFO)

Dead code detected: Label switch_default is not reachable. (CFAFunctionBuilder.leave, INFO)

Dead code detected: Label case_1 is not reachable. (CFAFunctionBuilder.leave, INFO)

Dead code detected: Label case_2 is not reachable. (CFAFunctionBuilder.leave, INFO)

Dead code detected: Label switch_break is not reachable. (CFAFunctionBuilder.leave, INFO)

line 15740: Dead code detected: return (1); (CFACreationUtils.addEdgeToCFA, INFO)

Dead code detected: Label switch_break is not reachable. (CFAFunctionBuilder.leave, INFO)

Dead code detected: Label switch_break is not reachable. (CFAFunctionBuilder.leave, INFO)

Dead code detected: Label switch_break is not reachable. (CFAFunctionBuilder.leave, INFO)

Dead code detected: Label switch_break is not reachable. (CFAFunctionBuilder.leave, INFO)

Dead code detected: Label switch_break is not reachable. (CFAFunctionBuilder.leave, INFO)

Dead code detected: Label switch_break is not reachable. (CFAFunctionBuilder.leave, INFO)

Dead code detected: Label switch_break is not reachable. (CFAFunctionBuilder.leave, INFO)

Dead code detected: Label switch_break is not reachable. (CFAFunctionBuilder.leave, INFO)

Dead code detected: Label switch_break is not reachable. (CFAFunctionBuilder.leave, INFO)

Dead code detected: Label switch_break is not reachable. (CFAFunctionBuilder.leave, INFO)

Dead code detected: Label switch_break is not reachable. (CFAFunctionBuilder.leave, INFO)

Dead code detected: Label switch_break is not reachable. (CFAFunctionBuilder.leave, INFO)

Inline assembler ignored, analysis is probably unsound! (CFABuilder.createCFA, WARNING)

line 19007: Function pointer *(mapping->get) with type __s32 (*)(struct uvc_control_mapping *, __u8 , __u8 *) is called, but no possible target functions were found. (CFunctionPointerResolver.replaceFunctionPointerCall, WARNING)

line 19194: Function pointer *(mapping->get) with type __s32 (*)(struct uvc_control_mapping *, __u8 , __u8 *) is called, but no possible target functions were found. (CFunctionPointerResolver.replaceFunctionPointerCall, WARNING)

line 19186: Function pointer *(mapping->get) with type __s32 (*)(struct uvc_control_mapping *, __u8 , __u8 *) is called, but no possible target functions were found. (CFunctionPointerResolver.replaceFunctionPointerCall, WARNING)

line 19178: Function pointer *(mapping->get) with type __s32 (*)(struct uvc_control_mapping *, __u8 , __u8 *) is called, but no possible target functions were found. (CFunctionPointerResolver.replaceFunctionPointerCall, WARNING)

line 19114: Function pointer *(mapping->get) with type __s32 (*)(struct uvc_control_mapping *, __u8 , __u8 *) is called, but no possible target functions were found. (CFunctionPointerResolver.replaceFunctionPointerCall, WARNING)

line 19870: Function pointer *(mapping->get) with type __s32 (*)(struct uvc_control_mapping *, __u8 , __u8 *) is called, but no possible target functions were found. (CFunctionPointerResolver.replaceFunctionPointerCall, WARNING)

line 19812: Function pointer *(mapping->get) with type __s32 (*)(struct uvc_control_mapping *, __u8 , __u8 *) is called, but no possible target functions were found. (CFunctionPointerResolver.replaceFunctionPointerCall, WARNING)

line 19814: Function pointer *(mapping->get) with type __s32 (*)(struct uvc_control_mapping *, __u8 , __u8 *) is called, but no possible target functions were found. (CFunctionPointerResolver.replaceFunctionPointerCall, WARNING)

line 19816: Function pointer *(mapping->get) with type __s32 (*)(struct uvc_control_mapping *, __u8 , __u8 *) is called, but no possible target functions were found. (CFunctionPointerResolver.replaceFunctionPointerCall, WARNING)

line 19292: Function pointer *(mapping->get) with type __s32 (*)(struct uvc_control_mapping *, __u8 , __u8 *) is called, but no possible target functions were found. (CFunctionPointerResolver.replaceFunctionPointerCall, WARNING)

MathSAT5 is available for research and evaluation purposes only. It can not be used in a commercial environment, particularly as part of a commercial product, without written permission. MathSAT5 is provided as is, without any warranty. Please write to mathsat@fbk.eu for additional questions regarding licensing MathSAT5 or obtaining more up-to-date versions. (PredicateCPA:JavaSMT:Mathsat5SolverContext.<init>, WARNING)

Using predicate analysis with MathSAT5 version 5.3.14 (0b98b661254c) (Nov 17 2016 10:59:45, gmp 5.1.3, gcc 4.8.5, 64-bit) and JFactory 1.21. (PredicateCPA:PredicateCPA.<init>, INFO)

Using refinement for predicate analysis with PredicateAbstractionRefinementStrategy strategy. (PredicateCPA:PredicateCPARefiner.<init>, INFO)

Starting analysis ... (CPAchecker.runAlgorithm, INFO)

Assuming external function ldv_initialize to be a constant function. (PredicateCPA:ExpressionToFormulaVisitor.visit, INFO)

Assuming external function external_allocated_data to be a constant function. (PredicateCPA:ExpressionToFormulaVisitor.visit, INFO)

Assuming external function v4l_printk_ioctl to be a pure function. (PredicateCPA:ExpressionToFormulaVisitor.visit, INFO)

Assuming external function video_usercopy to be a pure function. (PredicateCPA:ExpressionToFormulaVisitor.visit, INFO)

Assuming external function mutex_lock_nested to be a pure function. (PredicateCPA:ExpressionToFormulaVisitor.visit, INFO)

Assuming external function mutex_unlock to be a pure function. (PredicateCPA:ExpressionToFormulaVisitor.visit, INFO)

Assuming external function no_llseek to be a pure function. (PredicateCPA:ExpressionToFormulaVisitor.visit, INFO)

Assuming external function video_devdata to be a pure function. (PredicateCPA:ExpressionToFormulaVisitor.visit, INFO)

Assuming external function usb_autopm_get_interface to be a pure function. (PredicateCPA:ExpressionToFormulaVisitor.visit, INFO)

Assuming external function ldv_check_alloc_flags to be a pure function. (PredicateCPA:ExpressionToFormulaVisitor.visit, INFO)

Assuming external function ldv_after_alloc to be a pure function. (PredicateCPA:ExpressionToFormulaVisitor.visit, INFO)

Assuming external function v4l2_fh_init to be a pure function. (PredicateCPA:ExpressionToFormulaVisitor.visit, INFO)

Assuming external function v4l2_fh_add to be a pure function. (PredicateCPA:ExpressionToFormulaVisitor.visit, INFO)

Assuming external function usb_autopm_put_interface to be a pure function. (PredicateCPA:ExpressionToFormulaVisitor.visit, INFO)

Assuming external function usb_submit_urb to be a pure function. (PredicateCPA:ExpressionToFormulaVisitor.visit, INFO)

Assuming external function might_fault to be a constant function. (PredicateCPA:ExpressionToFormulaVisitor.visit, INFO)

Assuming external function memset to be a pure function. (PredicateCPA:ExpressionToFormulaVisitor.visit, INFO)

Assuming external function compat_alloc_user_space to be a pure function. (PredicateCPA:ExpressionToFormulaVisitor.visit, INFO)

Assuming external function copy_in_user to be a pure function. (PredicateCPA:ExpressionToFormulaVisitor.visit, INFO)

Assuming external function __clear_user to be a pure function. (PredicateCPA:ExpressionToFormulaVisitor.visit, INFO)

Assuming external function ktime_get_ts to be a pure function. (PredicateCPA:ExpressionToFormulaVisitor.visit, INFO)

Assuming external function __raw_spin_lock_init to be a pure function. (PredicateCPA:ExpressionToFormulaVisitor.visit, INFO)

Assuming external function usb_kill_urb to be a pure function. (PredicateCPA:ExpressionToFormulaVisitor.visit, INFO)

Assuming external function usb_free_urb to be a pure function. (PredicateCPA:ExpressionToFormulaVisitor.visit, INFO)

Assuming external function usb_free_coherent to be a pure function. (PredicateCPA:ExpressionToFormulaVisitor.visit, INFO)

Assuming external function vb2_streamoff to be a pure function. (PredicateCPA:ExpressionToFormulaVisitor.visit, INFO)

Assuming external function vb2_streamon to be a pure function. (PredicateCPA:ExpressionToFormulaVisitor.visit, INFO)

Assuming external function usb_set_interface to be a pure function. (PredicateCPA:ExpressionToFormulaVisitor.visit, INFO)

line 15696: Destroying the void* pointer ldv_xmalloc::tmp produces garbage or the memory pointed by it is unused: tmp___8 = ldv_xmalloc(1UL); (PredicateCPA:DynamicMemoryHandler.handleDeferredAllocationInFunctionExit, WARNING)

line 11195: Ignoring call via function pointer ldv_usb_instance_pre_5_10::arg0 for which no suitable target was found in line: (*arg0)(arg1); (FunctionPointerCPA:FunctionPointerTransferRelation.getAbstractSuccessorsForEdge, WARNING)

line 11195: Ignoring function call through function pointer *arg0: (*arg0)(arg1); (PredicateCPA:ExpressionToFormulaVisitor.visit, WARNING)

Assuming external function usb_control_msg to be a pure function. (PredicateCPA:ExpressionToFormulaVisitor.visit, INFO)

Assuming external function memcpy to be a pure function. (PredicateCPA:ExpressionToFormulaVisitor.visit, INFO)

line 11184: Ignoring call via function pointer ldv_usb_instance_post_5_9::arg0 for which no suitable target was found in line: (*arg0)(arg1); (FunctionPointerCPA:FunctionPointerTransferRelation.getAbstractSuccessorsForEdge, WARNING)

line 11184: Ignoring function call through function pointer *arg0: (*arg0)(arg1); (PredicateCPA:ExpressionToFormulaVisitor.visit, WARNING)

Assuming external function video_unregister_device to be a pure function. (PredicateCPA:ExpressionToFormulaVisitor.visit, INFO)

Assuming external function debugfs_remove_recursive to be a pure function. (PredicateCPA:ExpressionToFormulaVisitor.visit, INFO)

Assuming external function usb_put_intf to be a pure function. (PredicateCPA:ExpressionToFormulaVisitor.visit, INFO)

Assuming external function usb_put_dev to be a pure function. (PredicateCPA:ExpressionToFormulaVisitor.visit, INFO)

Assuming external function input_unregister_device to be a pure function. (PredicateCPA:ExpressionToFormulaVisitor.visit, INFO)

Assuming external function list_del to be a pure function. (PredicateCPA:ExpressionToFormulaVisitor.visit, INFO)

Assuming external function v4l2_device_unregister to be a pure function. (PredicateCPA:ExpressionToFormulaVisitor.visit, INFO)

Assuming external function media_device_unregister to be a pure function. (PredicateCPA:ExpressionToFormulaVisitor.visit, INFO)

Assuming external function media_entity_cleanup to be a pure function. (PredicateCPA:ExpressionToFormulaVisitor.visit, INFO)

Assuming external function usb_driver_release_interface to be a pure function. (PredicateCPA:ExpressionToFormulaVisitor.visit, INFO)

Assuming external function video_device_release to be a pure function. (PredicateCPA:ExpressionToFormulaVisitor.visit, INFO)

line 11440: Destroying the void* pointer ldv_xmalloc::tmp produces garbage or the memory pointed by it is unused: tmp___3 = ldv_xmalloc(4UL); (PredicateCPA:DynamicMemoryHandler.handleDeferredAllocationInFunctionExit, WARNING)

Assuming external function mutex_lock_interruptible_nested to be a pure function. (PredicateCPA:ExpressionToFormulaVisitor.visit, INFO)

Assuming external function __list_add to be a pure function. (PredicateCPA:ExpressionToFormulaVisitor.visit, INFO)

line 19007: Ignoring function call through function pointer *(mapping->get): *value = (*(mapping->get))(mapping, 129, (__u8 *)tmp___0); (PredicateCPA:ExpressionToFormulaVisitor.visit, WARNING)

Assuming external function strlcpy to be a pure function. (PredicateCPA:ExpressionToFormulaVisitor.visit, INFO)

line 19114: Ignoring function call through function pointer *(mapping->get): v4l2_ctrl->default_value = (*(mapping->get))(mapping, 135, (__u8 *)tmp___1); (PredicateCPA:ExpressionToFormulaVisitor.visit, WARNING)

Assuming external function v4l2_event_queue_fh to be a pure function. (PredicateCPA:ExpressionToFormulaVisitor.visit, INFO)

line 10596: Destroying the void* pointer ldv_xmalloc::tmp produces garbage or the memory pointed by it is unused: tmp___2 = ldv_xmalloc(136UL); (PredicateCPA:DynamicMemoryHandler.handleDeferredAllocationInFunctionExit, WARNING)

line 10586: Destroying the void* pointer ldv_xmalloc::tmp produces garbage or the memory pointed by it is unused: tmp___1 = ldv_xmalloc(136UL); (PredicateCPA:DynamicMemoryHandler.handleDeferredAllocationInFunctionExit, WARNING)

line 10350: Destroying the void* pointer ldv_xmalloc::tmp produces garbage or the memory pointed by it is unused: tmp___1 = ldv_xmalloc(1UL); (PredicateCPA:DynamicMemoryHandler.handleDeferredAllocationInFunctionExit, WARNING)

line 22087: Destroying the void* pointer ldv_xmalloc::tmp produces garbage or the memory pointed by it is unused: tmp___6 = ldv_xmalloc(1UL); (PredicateCPA:DynamicMemoryHandler.handleDeferredAllocationInFunctionExit, WARNING)

line 15698: Destroying the void* pointer ldv_xmalloc::tmp produces garbage or the memory pointed by it is unused: tmp___9 = ldv_xmalloc(8UL); (PredicateCPA:DynamicMemoryHandler.handleDeferredAllocationInFunctionExit, WARNING)

line 15656: Destroying the void* pointer ldv_xmalloc::tmp produces garbage or the memory pointed by it is unused: tmp___5 = ldv_xmalloc(16UL); (PredicateCPA:DynamicMemoryHandler.handleDeferredAllocationInFunctionExit, WARNING)

Assuming external function v4l2_ctrl_replace to be a pure function. (PredicateCPA:ExpressionToFormulaVisitor.visit, INFO)

Assuming external function v4l2_ctrl_merge to be a pure function. (PredicateCPA:ExpressionToFormulaVisitor.visit, INFO)

Assuming external function strncasecmp to be a pure function. (PredicateCPA:ExpressionToFormulaVisitor.visit, INFO)

line 22089: Destroying the void* pointer ldv_xmalloc::tmp produces garbage or the memory pointed by it is unused: tmp___7 = ldv_xmalloc(8UL); (PredicateCPA:DynamicMemoryHandler.handleDeferredAllocationInFunctionExit, WARNING)

Assuming external function debugfs_create_dir to be a pure function. (PredicateCPA:ExpressionToFormulaVisitor.visit, INFO)

Assuming external function usb_register_driver to be a pure function. (PredicateCPA:ExpressionToFormulaVisitor.visit, INFO)

Assuming external function ldv_pre_usb_register_driver to be a constant function. (PredicateCPA:ExpressionToFormulaVisitor.visit, INFO)

Assuming external function usb_deregister to be a pure function. (PredicateCPA:ExpressionToFormulaVisitor.visit, INFO)

line 15658: Destroying the void* pointer ldv_xmalloc::tmp produces garbage or the memory pointed by it is unused: tmp___6 = ldv_xmalloc(184UL); (PredicateCPA:DynamicMemoryHandler.handleDeferredAllocationInFunctionExit, WARNING)

Assuming external function ldv_pre_probe to be a constant function. (PredicateCPA:ExpressionToFormulaVisitor.visit, INFO)

Assuming external function __mutex_init to be a pure function. (PredicateCPA:ExpressionToFormulaVisitor.visit, INFO)

Assuming external function usb_get_dev to be a pure function. (PredicateCPA:ExpressionToFormulaVisitor.visit, INFO)

Assuming external function usb_get_intf to be a pure function. (PredicateCPA:ExpressionToFormulaVisitor.visit, INFO)

Assuming external function snprintf to be a pure function. (PredicateCPA:ExpressionToFormulaVisitor.visit, INFO)

Assuming external function usb_string to be a pure function. (PredicateCPA:ExpressionToFormulaVisitor.visit, INFO)

Assuming external function usb_ifnum_to_if to be a pure function. (PredicateCPA:ExpressionToFormulaVisitor.visit, INFO)

Assuming external function usb_driver_claim_interface to be a pure function. (PredicateCPA:ExpressionToFormulaVisitor.visit, INFO)

Assuming external function kmemdup to be a pure function. (PredicateCPA:ExpressionToFormulaVisitor.visit, INFO)

Assuming external function strlcat to be a pure function. (PredicateCPA:ExpressionToFormulaVisitor.visit, INFO)

Assuming external function memcmp to be a pure function. (PredicateCPA:ExpressionToFormulaVisitor.visit, INFO)

Assuming external function strcpy to be a pure function. (PredicateCPA:ExpressionToFormulaVisitor.visit, INFO)

Assuming external function media_device_register to be a pure function. (PredicateCPA:ExpressionToFormulaVisitor.visit, INFO)

Assuming external function v4l2_device_register to be a pure function. (PredicateCPA:ExpressionToFormulaVisitor.visit, INFO)

Assuming external function usb_match_one_id to be a pure function. (PredicateCPA:ExpressionToFormulaVisitor.visit, INFO)

Assuming external function memweight to be a pure function. (PredicateCPA:ExpressionToFormulaVisitor.visit, INFO)

Assuming external function v4l2_prio_init to be a pure function. (PredicateCPA:ExpressionToFormulaVisitor.visit, INFO)

Assuming external function vb2_queue_init to be a pure function. (PredicateCPA:ExpressionToFormulaVisitor.visit, INFO)

Warning: Analysis interrupted (The CPU-time limit of 30s has elapsed.) (ShutdownNotifier.shutdownIfNecessary, WARNING)

PredicateCPA statistics
-----------------------
Number of abstractions:            9197 (18% of all post computations)
  Times abstraction was reused:    0
  Because of function entry/exit:  7728 (84%)
  Because of loop head:            1458 (16%)
  Because of join nodes:           0 (0%)
  Because of threshold:            0 (0%)
  Because of target state:         11 (0%)
  Times precision was empty:       8679 (94%)
  Times precision was {false}:     108 (1%)
  Times result was cached:         350 (4%)
  Times cartesian abs was used:    0 (0%)
  Times boolean abs was used:      60 (1%)
  Times result was 'false':        56 (1%)
Number of strengthen sat checks:   0
Number of coverage checks:         6041
  BDD entailment checks:           1749
Number of SMT sat checks:          0
  trivial:                         0
  cached:                          0

Max ABE block size:                       74
Number of predicates discovered:          12
Number of abstraction locations:          17
Max number of predicates per location:    10
Avg number of predicates per location:    2
Total predicates per abstraction:         1646
Max number of predicates per abstraction: 10
Avg number of predicates per abstraction: 9.80
Number of irrelevant predicates:          1405 (85%)
Number of preds handled by boolean abs:   223 (14%)
  Total number of models for allsat:      60
  Max number of models for allsat:        1
  Avg number of models for allsat:        1.00

Time for post operator:                 10.514s
  Time for path formula creation:       10.403s
Time for strengthen operator:            0.157s
Time for prec operator:                  1.190s
  Time for abstraction:                  0.818s (Max:     0.019s, Count: 9197)
    Boolean abstraction:                 0.152s
    Solving time:                        0.103s (Max:     0.013s)
    Model enumeration time:              0.004s
    Time for BDD construction:           0.039s (Max:     0.009s)
Time for merge operator:                 0.783s
Time for coverage check:                 0.054s
  Time for BDD entailment checks:        0.029s
Total time for SMT solver (w/o itp):     0.107s

Number of path formula cache hits:   43390 (73%)

Inside post operator:                  
  Inside path formula creation:        
    Time for path formula computation:     9.889s

Total number of created targets for pointer analysis: 85810
   Number of created targets for uf: *(void)* is 2
   Number of created targets for uf: *(Return_type:_[signed_int],_Parameters:_3,_Parameter_1_type:_[(struct_uvc_control_mapping)*],_Parameter_2_type:_[unsigned_char],_Parameter_3_type:_[(unsigned_char)*],_VarArgs:_false)* is 21
   Number of created targets for uf: *(struct_uvc_entity)* is 2
   Number of created targets for uf: *(unsigned_char)* is 2
   Number of created targets for uf: *(struct_uvc_control_mapping)* is 2
   Number of created targets for uf: *(unsigned_int)* is 2
   Number of created targets for uf: *unsigned_long_int is 25
   Number of created targets for uf: *unsigned_short_int is 241
   Number of created targets for uf: *(struct_uvc_control)* is 3
   Number of created targets for uf: *signed_int is 21
   Number of created targets for uf: *unsigned_char is 1045
   Number of created targets for uf: *(struct_list_head)* is 750
   Number of created targets for uf: *(Return_type:_[void],_Parameters:_3,_Parameter_1_type:_[(struct_uvc_control_mapping)*],_Parameter_2_type:_[signed_int],_Parameter_3_type:_[(unsigned_char)*],_VarArgs:_false)* is 21
   Number of created targets for uf: *unsigned_int is 327
   Number of created targets for uf: *(struct_uvc_menu_info)* is 22
   Number of created targets for uf: *(struct_device)* is 2


Number of BDD nodes:                               247
Size of BDD node table:                            270749
Size of BDD cache:                                 27073
Size of BDD node cleanup queue:                         378 (count: 11463, min: 0, max: 85, avg: 0.03)
Time for BDD node cleanup:                             0.003s
Time for BDD garbage collection:                       0.000s (in 0 runs)

PrecisionBootstrap statistics
-----------------------------
Init. function predicates:                         0
Init. global predicates:                           0
Init. location predicates:                         0

Invariant Generation statistics
-------------------------------

AutomatonAnalysis (SVCOMP) statistics
-------------------------------------
Number of states:                                  1
Total time for successor computation:                  0.290s
Automaton transfers with branching:                0
Automaton transfer successors:                        51263 (count: 51263, min: 1, max: 1, avg: 1.00) [1 x 51263]

CPA algorithm statistics
------------------------
Number of iterations:            35161
Max size of waitlist:            97
Average size of waitlist:        43
Number of computed successors:   39527
Max successors for one state:    2
Number of times merged:          2146
Number of times stopped:         3895
Number of times breaked:         11

Total time for CPA algorithm:        17.209s (Max:     4.868s)
  Time for choose from waitlist:      0.116s
  Time for precision adjustment:      2.113s
  Time for transfer relation:        12.820s
  Time for merge operator:            1.010s
  Time for stop operator:             0.283s
  Time for adding to reached set:     0.316s

Predicate-Abstraction Refiner statistics
----------------------------------------
Number of predicate refinements:                   11
Avg. length of target path (in blocks):                 311 (count: 11, min: 13, max: 40, avg: 28.27)
Number of infeasible sliced prefixes:                     0 (count: 0, min: 0, max: 0, avg: 0.00)

Time for refinement:                                   3.307s
  Counterexample analysis:                             3.054s (Max:     0.504s, Calls: 11)
    Refinement sat check:                              2.827s
    Interpolant computation:                           0.000s
  Path-formulas extraction:                            0.000s
  Error path post-processing:                          0.000s
  Predicate creation:                                  0.009s
  Precision update:                                    0.028s
  ARG update:                                          0.147s

Length of refined path (in blocks):                     104 (count: 11, min: 9, max: 14, avg: 9.45)
Number of affected states:                               41 (count: 11, min: 1, max: 4, avg: 3.73)
Length (states) of path with itp 'true':                 52 (count: 11, min: 4, max: 12, avg: 4.73)
Length (states) of path with itp non-trivial itp:        41 (count: 11, min: 1, max: 4, avg: 3.73)
Length (states) of path with itp 'false':                11 (count: 11, min: 1, max: 1, avg: 1.00)
Different non-trivial interpolants along paths:           0 (count: 11, min: 0, max: 0, avg: 0.00)
Equal non-trivial interpolants along paths:              30 (count: 11, min: 0, max: 3, avg: 2.73)
Number of refs with location-based cutoff:                0

CEGAR algorithm statistics
--------------------------
Number of refinements:                11
Number of successful refinements:     11
Number of failed refinements:         0
Max. size of reached set before ref.: 5762
Max. size of reached set after ref.:  844
Avg. size of reached set before ref.: 2525.36
Avg. size of reached set after ref.:  87.64

Total time for CEGAR algorithm:      20.638s
Time for refinements:                 3.427s
Average time for refinement:          0.311s
Max time for refinement:              0.528s

Code Coverage
-----------------------------
  Function coverage:      0.479
  Visited lines:          4987
  Total lines:            9028
  Line coverage:          0.552
  Visited conditions:     1332
  Total conditions:       2862
  Condition coverage:     0.465

CPAchecker general statistics
-----------------------------
Number of program locations:     13037
Number of CFA edges:             14970
Number of relevant variables:    2179
Number of functions:             459
Number of loops:                 97
Size of reached set:             8762
  Number of reached locations:   4112 (32%)
    Avg states per location:     2
    Max states per location:     99 (at node N12510)
  Number of reached functions:   220 (48%)
  Number of partitions:          8762
    Avg size of partitions:      1
    Max size of partitions:      1
  Number of target states:       0
  Size of final wait list        27

Time for analysis setup:          9.608s
  Time for loading CPAs:          1.245s
  Time for loading parser:        0.647s
  Time for CFA construction:      7.547s
    Time for parsing file(s):     1.474s
    Time for AST to CFA:          2.755s
    Time for CFA sanity check:    0.744s
    Time for post-processing:     2.351s
      Time for var class.:        1.141s
Time for Analysis:               20.638s
CPU time for analysis:           20.630s
Total time for CPAchecker:       30.250s
Total CPU time for CPAchecker:   30.220s
Time for statistics:              0.298s

Time for Garbage Collector:       0.777s (in 46 runs)
Garbage Collector(s) used:    Copy, MarkSweepCompact
Used heap memory:                107MB (   102 MiB) max;     70MB (    67 MiB) avg;    110MB (   105 MiB) peak
Used non-heap memory:             47MB (    45 MiB) max;     39MB (    37 MiB) avg;     48MB (    45 MiB) peak
Allocated heap memory:           127MB (   121 MiB) max;    127MB (   121 MiB) avg
Allocated non-heap memory:        49MB (    47 MiB) max;     40MB (    39 MiB) avg
Total process virtual memory:   8087MB (  7713 MiB) max;   8071MB (  7697 MiB) avg

Verification result: UNKNOWN, incomplete analysis.
More details about the verification run can be found in the directory "./output".
