scripts/cpa.sh -Dy-MySearchStrategy-PredAbs-ABElf -heap 5600000000 -timelimit 30 -preprocess -stats -noout -setprop cpa.predicate.memoryAllocationsAlwaysSucceed=true -spec ../sv-benchmarks/c/ReachSafety.prp ../sv-benchmarks/c/ldv-consumption/32_7a_cilled_true-unreach-call_linux-3.8-rc1-drivers--media--firewire--firedtv.ko-main.cil.out.c


--------------------------------------------------------------------------------


Running CPAchecker with Java heap of size 5600000000.
Running CPAchecker with default stack size (1024k). Specify a larger value with -stack if needed.
Running CPAchecker with the following extra VM options:  -Djava.io.tmpdir=/tmp/BenchExec_run_pjirqfoq/tmp
Using the following resource limits: CPU-time limit of 30s (ResourceLimitChecker.fromConfiguration, INFO)

CPAchecker (unknown version) (OpenJDK 64-Bit Server VM 1.8.0_162) started (CPAchecker.run, INFO)

line 5780: Dead code detected: __asm__ ("movb %%gs:%P1,%0": "=q" (pfo_ret__): "p" (& current_task)); (CFACreationUtils.addEdgeToCFA, INFO)

line 5783: Dead code detected: __asm__ ("movw %%gs:%P1,%0": "=r" (pfo_ret__): "p" (& current_task)); (CFACreationUtils.addEdgeToCFA, INFO)

line 5786: Dead code detected: __asm__ ("movl %%gs:%P1,%0": "=r" (pfo_ret__): "p" (& current_task)); (CFACreationUtils.addEdgeToCFA, INFO)

none: Dead code detected: switch (8UL) {
  case 1:
  __asm__ ("movb %%gs:%P1,%0": "=q" (pfo_ret__): "p" (& current_task));
  goto ldv_2861;
  case 2:
  __asm__ ("movw %%gs:%P1,%0": "=r" (pfo_ret__): "p" (& current_task));
  goto ldv_2861;
  case 4:
  __asm__ ("movl %%gs:%P1,%0": "=r" (pfo_ret__): "p" (& current_task));
  goto ldv_2861;
  case 8:
  __asm__ ("movq %%gs:%P1,%0": "=r" (pfo_ret__): "p" (& current_task));
  goto ldv_2861;
  default:
  __bad_percpu_size();
  } (CFACreationUtils.addEdgeToCFA, INFO)

line 7651: Dead code detected: return (ldv_func_res); (CFACreationUtils.addEdgeToCFA, INFO)

line 8371: Dead code detected: return (ldv_func_res); (CFACreationUtils.addEdgeToCFA, INFO)

line 8774: Dead code detected: return (ldv_func_res); (CFACreationUtils.addEdgeToCFA, INFO)

line 8814: Dead code detected: return (ldv_func_res); (CFACreationUtils.addEdgeToCFA, INFO)

line 8836: Dead code detected: return (ldv_func_res); (CFACreationUtils.addEdgeToCFA, INFO)

line 9117: Dead code detected: return (ldv_func_res); (CFACreationUtils.addEdgeToCFA, INFO)

line 9993: Dead code detected: return (ldv_func_res); (CFACreationUtils.addEdgeToCFA, INFO)

line 10217: Dead code detected: return (ldv_func_res); (CFACreationUtils.addEdgeToCFA, INFO)

Inline assembler ignored, analysis is probably unsound! (CFABuilder.createCFA, WARNING)

line 8673: Function pointer *(fdtv->demux.dmx.add_frontend) with type int (*)(struct dmx_demux *, struct dmx_frontend *) is called, but no possible target functions were found. (CFunctionPointerResolver.replaceFunctionPointerCall, WARNING)

line 8679: Function pointer *(fdtv->demux.dmx.connect_frontend) with type int (*)(struct dmx_demux *, struct dmx_frontend *) is called, but no possible target functions were found. (CFunctionPointerResolver.replaceFunctionPointerCall, WARNING)

line 8708: Function pointer *(fdtv->demux.dmx.close) with type int (*)(struct dmx_demux *) is called, but no possible target functions were found. (CFunctionPointerResolver.replaceFunctionPointerCall, WARNING)

line 8710: Function pointer *(fdtv->demux.dmx.remove_frontend) with type int (*)(struct dmx_demux *, struct dmx_frontend *) is called, but no possible target functions were found. (CFunctionPointerResolver.replaceFunctionPointerCall, WARNING)

line 8729: Function pointer *(fdtv->demux.dmx.close) with type int (*)(struct dmx_demux *) is called, but no possible target functions were found. (CFunctionPointerResolver.replaceFunctionPointerCall, WARNING)

line 8730: Function pointer *(fdtv->demux.dmx.remove_frontend) with type int (*)(struct dmx_demux *, struct dmx_frontend *) is called, but no possible target functions were found. (CFunctionPointerResolver.replaceFunctionPointerCall, WARNING)

MathSAT5 is available for research and evaluation purposes only. It can not be used in a commercial environment, particularly as part of a commercial product, without written permission. MathSAT5 is provided as is, without any warranty. Please write to mathsat@fbk.eu for additional questions regarding licensing MathSAT5 or obtaining more up-to-date versions. (PredicateCPA:JavaSMT:Mathsat5SolverContext.<init>, WARNING)

Using predicate analysis with MathSAT5 version 5.3.14 (0b98b661254c) (Nov 17 2016 10:59:45, gmp 5.1.3, gcc 4.8.5, 64-bit) and JFactory 1.21. (PredicateCPA:PredicateCPA.<init>, INFO)

Using refinement for predicate analysis with PredicateAbstractionRefinementStrategy strategy. (PredicateCPA:PredicateCPARefiner.<init>, INFO)

Starting analysis ... (CPAchecker.runAlgorithm, INFO)

Assuming external function driver_unregister to be a pure function. (PredicateCPA:ExpressionToFormulaVisitor.visit, INFO)

Assuming external function fw_core_remove_address_handler to be a pure function. (PredicateCPA:ExpressionToFormulaVisitor.visit, INFO)

Assuming external function fw_core_add_address_handler to be a pure function. (PredicateCPA:ExpressionToFormulaVisitor.visit, INFO)

Assuming external function driver_register to be a pure function. (PredicateCPA:ExpressionToFormulaVisitor.visit, INFO)

Assuming external function dev_get_drvdata to be a pure function. (PredicateCPA:ExpressionToFormulaVisitor.visit, INFO)

Assuming external function dvb_unregister_device to be a pure function. (PredicateCPA:ExpressionToFormulaVisitor.visit, INFO)

Assuming external function dvb_unregister_frontend to be a pure function. (PredicateCPA:ExpressionToFormulaVisitor.visit, INFO)

Assuming external function dvb_net_release to be a pure function. (PredicateCPA:ExpressionToFormulaVisitor.visit, INFO)

line 8729: Ignoring function call through function pointer *(fdtv->demux.dmx.close): (*(fdtv->demux.dmx.close))(&(fdtv->demux.dmx)); (PredicateCPA:ExpressionToFormulaVisitor.visit, WARNING)

line 8730: Ignoring function call through function pointer *(fdtv->demux.dmx.remove_frontend): (*(fdtv->demux.dmx.remove_frontend))(&(fdtv->demux.dmx), &(fdtv->frontend)); (PredicateCPA:ExpressionToFormulaVisitor.visit, WARNING)

Assuming external function dvb_dmxdev_release to be a pure function. (PredicateCPA:ExpressionToFormulaVisitor.visit, INFO)

Assuming external function dvb_dmx_release to be a pure function. (PredicateCPA:ExpressionToFormulaVisitor.visit, INFO)

Assuming external function dvb_unregister_adapter to be a pure function. (PredicateCPA:ExpressionToFormulaVisitor.visit, INFO)

Assuming external function _raw_spin_lock_irq to be a pure function. (PredicateCPA:ExpressionToFormulaVisitor.visit, INFO)

Assuming external function list_del to be a pure function. (PredicateCPA:ExpressionToFormulaVisitor.visit, INFO)

Assuming external function _raw_spin_unlock_irq to be a pure function. (PredicateCPA:ExpressionToFormulaVisitor.visit, INFO)

Assuming external function cancel_work_sync to be a pure function. (PredicateCPA:ExpressionToFormulaVisitor.visit, INFO)

Assuming external function input_unregister_device to be a pure function. (PredicateCPA:ExpressionToFormulaVisitor.visit, INFO)

Assuming external function _dev_info to be a pure function. (PredicateCPA:ExpressionToFormulaVisitor.visit, INFO)

Assuming external function mutex_lock to be a pure function. (PredicateCPA:ExpressionToFormulaVisitor.visit, INFO)

Assuming external function _raw_spin_unlock_irqrestore to be a pure function. (PredicateCPA:ExpressionToFormulaVisitor.visit, INFO)

Assuming external function dev_err to be a pure function. (PredicateCPA:ExpressionToFormulaVisitor.visit, INFO)

Assuming external function __wake_up to be a pure function. (PredicateCPA:ExpressionToFormulaVisitor.visit, INFO)

Assuming external function input_event to be a pure function. (PredicateCPA:ExpressionToFormulaVisitor.visit, INFO)

Assuming external function schedule_work to be a pure function. (PredicateCPA:ExpressionToFormulaVisitor.visit, INFO)

Assuming external function dvb_generic_ioctl to be a pure function. (PredicateCPA:ExpressionToFormulaVisitor.visit, INFO)

Assuming external function dvb_generic_open to be a pure function. (PredicateCPA:ExpressionToFormulaVisitor.visit, INFO)

Assuming external function noop_llseek to be a pure function. (PredicateCPA:ExpressionToFormulaVisitor.visit, INFO)

Assuming external function dvb_generic_release to be a pure function. (PredicateCPA:ExpressionToFormulaVisitor.visit, INFO)

Assuming external function fw_run_transaction to be a pure function. (PredicateCPA:ExpressionToFormulaVisitor.visit, INFO)

Assuming external function dev_set_drvdata to be a pure function. (PredicateCPA:ExpressionToFormulaVisitor.visit, INFO)

Assuming external function __mutex_init to be a pure function. (PredicateCPA:ExpressionToFormulaVisitor.visit, INFO)

Assuming external function __init_waitqueue_head to be a pure function. (PredicateCPA:ExpressionToFormulaVisitor.visit, INFO)

Assuming external function __init_work to be a pure function. (PredicateCPA:ExpressionToFormulaVisitor.visit, INFO)

Assuming external function lockdep_init_map to be a pure function. (PredicateCPA:ExpressionToFormulaVisitor.visit, INFO)

Assuming external function fw_csr_string to be a pure function. (PredicateCPA:ExpressionToFormulaVisitor.visit, INFO)

Assuming external function kmemdup to be a pure function. (PredicateCPA:ExpressionToFormulaVisitor.visit, INFO)

Assuming external function input_free_device to be a pure function. (PredicateCPA:ExpressionToFormulaVisitor.visit, INFO)

Assuming external function input_register_device to be a pure function. (PredicateCPA:ExpressionToFormulaVisitor.visit, INFO)

Assuming external function __list_add to be a pure function. (PredicateCPA:ExpressionToFormulaVisitor.visit, INFO)

Assuming external function print_hex_dump to be a pure function. (PredicateCPA:ExpressionToFormulaVisitor.visit, INFO)

Assuming external function memset to be a pure function. (PredicateCPA:ExpressionToFormulaVisitor.visit, INFO)

Assuming external function mutex_unlock to be a pure function. (PredicateCPA:ExpressionToFormulaVisitor.visit, INFO)

Assuming external function msecs_to_jiffies to be a pure function. (PredicateCPA:ExpressionToFormulaVisitor.visit, INFO)

Assuming external function prepare_to_wait to be a pure function. (PredicateCPA:ExpressionToFormulaVisitor.visit, INFO)

Assuming external function schedule_timeout to be a pure function. (PredicateCPA:ExpressionToFormulaVisitor.visit, INFO)

Assuming external function finish_wait to be a pure function. (PredicateCPA:ExpressionToFormulaVisitor.visit, INFO)

Assuming external function dvb_register_adapter to be a pure function. (PredicateCPA:ExpressionToFormulaVisitor.visit, INFO)

Assuming external function dvb_dmx_init to be a pure function. (PredicateCPA:ExpressionToFormulaVisitor.visit, INFO)

Assuming external function dvb_dmxdev_init to be a pure function. (PredicateCPA:ExpressionToFormulaVisitor.visit, INFO)

line 8673: Ignoring function call through function pointer *(fdtv->demux.dmx.add_frontend): err = (*(fdtv->demux.dmx.add_frontend))(&(fdtv->demux.dmx), &(fdtv->frontend)); (PredicateCPA:ExpressionToFormulaVisitor.visit, WARNING)

line 8679: Ignoring function call through function pointer *(fdtv->demux.dmx.connect_frontend): err = (*(fdtv->demux.dmx.connect_frontend))(&(fdtv->demux.dmx), &(fdtv->frontend)); (PredicateCPA:ExpressionToFormulaVisitor.visit, WARNING)

Assuming external function dvb_net_init to be a pure function. (PredicateCPA:ExpressionToFormulaVisitor.visit, INFO)

line 8708: Ignoring function call through function pointer *(fdtv->demux.dmx.close): (*(fdtv->demux.dmx.close))(&(fdtv->demux.dmx)); (PredicateCPA:ExpressionToFormulaVisitor.visit, WARNING)

line 8710: Ignoring function call through function pointer *(fdtv->demux.dmx.remove_frontend): (*(fdtv->demux.dmx.remove_frontend))(&(fdtv->demux.dmx), &(fdtv->frontend)); (PredicateCPA:ExpressionToFormulaVisitor.visit, WARNING)

Assuming external function strcpy to be a pure function. (PredicateCPA:ExpressionToFormulaVisitor.visit, INFO)

Assuming external function dvb_register_frontend to be a pure function. (PredicateCPA:ExpressionToFormulaVisitor.visit, INFO)

Assuming external function dvb_register_device to be a pure function. (PredicateCPA:ExpressionToFormulaVisitor.visit, INFO)

Shutdown requested (The CPU-time limit of 30s has elapsed.), waiting for termination. (ForceTerminationOnShutdown$1.shutdownRequested, WARNING)

Warning: Analysis interrupted (The CPU-time limit of 30s has elapsed.) (ShutdownNotifier.shutdownIfNecessary, WARNING)

PredicateCPA statistics
-----------------------
Number of abstractions:            28847 (16% of all post computations)
  Times abstraction was reused:    0
  Because of function entry/exit:  26087 (90%)
  Because of loop head:            2316 (8%)
  Because of join nodes:           0 (0%)
  Because of threshold:            0 (0%)
  Because of target state:         444 (2%)
  Times precision was empty:       12685 (44%)
  Times precision was {false}:     313 (1%)
  Times result was cached:         15365 (53%)
  Times cartesian abs was used:    0 (0%)
  Times boolean abs was used:      484 (2%)
  Times result was 'false':        1010 (4%)
Number of strengthen sat checks:   0
Number of coverage checks:         23664
  BDD entailment checks:           4414
Number of SMT sat checks:          0
  trivial:                         0
  cached:                          0

Max ABE block size:                       47
Number of predicates discovered:          13
Number of abstraction locations:          154
Max number of predicates per location:    11
Avg number of predicates per location:    1
Total predicates per abstraction:         28298
Max number of predicates per abstraction: 11
Avg number of predicates per abstraction: 35.51
Number of irrelevant predicates:          15358 (54%)
Number of preds handled by boolean abs:   915 (3%)
  Total number of models for allsat:      506
  Max number of models for allsat:        8
  Avg number of models for allsat:        1.05

Time for post operator:                  3.194s
  Time for path formula creation:        3.050s
Time for strengthen operator:            0.206s
Time for prec operator:                  4.360s
  Time for abstraction:                  3.821s (Max:     0.039s, Count: 28847)
    Boolean abstraction:                 0.862s
    Solving time:                        0.911s (Max:     0.037s)
    Model enumeration time:              0.074s
    Time for BDD construction:           0.031s (Max:     0.010s)
Time for merge operator:                 0.222s
Time for coverage check:                 0.039s
  Time for BDD entailment checks:        0.036s
Total time for SMT solver (w/o itp):     0.985s

Number of path formula cache hits:   190703 (91%)

Inside post operator:                  
  Inside path formula creation:        
    Time for path formula computation:     2.479s

Total number of created targets for pointer analysis: 7836
   Number of created targets for uf: *(void)* is 5
   Number of created targets for uf: *enum_dmx_frontend_source is 2
   Number of created targets for uf: *(struct_input_dev)* is 3
   Number of created targets for uf: *enum_fe_sec_tone_mode is 3
   Number of created targets for uf: *enum_model_type is 3
   Number of created targets for uf: *enum_fe_sec_voltage is 3
   Number of created targets for uf: *unsigned_short_int is 823
   Number of created targets for uf: *signed_int is 5
   Number of created targets for uf: *(char)* is 381
   Number of created targets for uf: *unsigned_char is 22
   Number of created targets for uf: *(struct_list_head)* is 2
   Number of created targets for uf: *_Bool is 5
   Number of created targets for uf: *unsigned_int is 25
   Number of created targets for uf: *(struct_device)* is 3
   Number of created targets for uf: *char is 29


Number of BDD nodes:                               501
Size of BDD node table:                            270749
Size of BDD cache:                                 27073
Size of BDD node cleanup queue:                        1524 (count: 21864, min: 0, max: 225, avg: 0.07)
Time for BDD node cleanup:                             0.007s
Time for BDD garbage collection:                       0.000s (in 0 runs)

PrecisionBootstrap statistics
-----------------------------
Init. function predicates:                         0
Init. global predicates:                           0
Init. location predicates:                         0

Invariant Generation statistics
-------------------------------

AutomatonAnalysis (SVCOMP) statistics
-------------------------------------
Number of states:                                  1
Total time for successor computation:                  0.382s
Automaton transfers with branching:                0
Automaton transfer successors:                       174931 (count: 174931, min: 1, max: 1, avg: 1.00) [1 x 174931]

CPA algorithm statistics
------------------------
Number of iterations:            110435
Max size of waitlist:            31
Average size of waitlist:        17
Number of computed successors:   125689
Max successors for one state:    2
Number of times merged:          9625
Number of times stopped:         13243
Number of times breaked:         444

Total time for CPA algorithm:        12.555s (Max:     0.730s)
  Time for choose from waitlist:      0.102s
  Time for precision adjustment:      5.341s
  Time for transfer relation:         5.586s
  Time for merge operator:            0.370s
  Time for stop operator:             0.220s
  Time for adding to reached set:     0.269s

Predicate-Abstraction Refiner statistics
----------------------------------------
Number of predicate refinements:                   444
Avg. length of target path (in blocks):               16816 (count: 444, min: 8, max: 90, avg: 37.87)
Number of infeasible sliced prefixes:                     0 (count: 0, min: 0, max: 0, avg: 0.00)

Time for refinement:                                  10.319s
  Counterexample analysis:                             9.358s (Max:     0.092s, Calls: 444)
    Refinement sat check:                              7.037s
    Interpolant computation:                           0.000s
  Path-formulas extraction:                            0.019s
  Error path post-processing:                          0.000s
  Predicate creation:                                  0.127s
  Precision update:                                    0.219s
  ARG update:                                          0.389s

Length of refined path (in blocks):                   16275 (count: 444, min: 4, max: 89, avg: 36.66)
Number of affected states:                             4357 (count: 444, min: 1, max: 38, avg: 9.81)
Length (states) of path with itp 'true':              11474 (count: 444, min: 0, max: 80, avg: 25.84)
Length (states) of path with itp non-trivial itp:      4357 (count: 444, min: 1, max: 38, avg: 9.81)
Length (states) of path with itp 'false':               444 (count: 444, min: 1, max: 1, avg: 1.00)
Different non-trivial interpolants along paths:           0 (count: 444, min: 0, max: 0, avg: 0.00)
Equal non-trivial interpolants along paths:            3913 (count: 444, min: 0, max: 37, avg: 8.81)
Number of refs with location-based cutoff:                0

CEGAR algorithm statistics
--------------------------
Number of refinements:                444
Number of successful refinements:     444
Number of failed refinements:         0
Max. size of reached set before ref.: 6653
Max. size of reached set after ref.:  4270
Avg. size of reached set before ref.: 2893.98
Avg. size of reached set after ref.:  2649.90

Total time for CEGAR algorithm:      25.351s
Time for refinements:                11.847s
Average time for refinement:          0.026s
Max time for refinement:              0.098s

Code Coverage
-----------------------------
  Function coverage:      0.387
  Visited lines:          2002
  Total lines:            3754
  Line coverage:          0.533
  Visited conditions:     306
  Total conditions:       794
  Condition coverage:     0.385

CPAchecker general statistics
-----------------------------
Number of program locations:     5085
Number of CFA edges:             5579
Number of relevant variables:    683
Number of functions:             230
Number of loops:                 22
Size of reached set:             3066
  Number of reached locations:   972 (19%)
    Avg states per location:     3
    Max states per location:     42 (at node N241)
  Number of reached functions:   89 (39%)
  Number of partitions:          3062
    Avg size of partitions:      1
    Max size of partitions:      4 (with key [N3612 (before line 9818), Function main called from node N3599, stack depth 1 [3a2d3909], stack [main]])
  Number of target states:       0
  Size of final wait list        24

Time for analysis setup:          4.479s
  Time for loading CPAs:          0.728s
  Time for loading parser:        0.471s
  Time for CFA construction:      3.173s
    Time for parsing file(s):     0.726s
    Time for AST to CFA:          1.101s
    Time for CFA sanity check:    0.255s
    Time for post-processing:     0.941s
      Time for var class.:        0.392s
Time for Analysis:               25.351s
CPU time for analysis:           25.340s
Total time for CPAchecker:       29.832s
Total CPU time for CPAchecker:   29.820s
Time for statistics:              0.102s

Time for Garbage Collector:       0.667s (in 68 runs)
Garbage Collector(s) used:    Copy, MarkSweepCompact
Used heap memory:                 89MB (    85 MiB) max;     55MB (    53 MiB) avg;     92MB (    88 MiB) peak
Used non-heap memory:             41MB (    39 MiB) max;     37MB (    35 MiB) avg;     41MB (    39 MiB) peak
Allocated heap memory:           127MB (   121 MiB) max;    127MB (   121 MiB) avg
Allocated non-heap memory:        43MB (    41 MiB) max;     39MB (    37 MiB) avg
Total process virtual memory:   8087MB (  7712 MiB) max;   8076MB (  7701 MiB) avg

Verification result: UNKNOWN, incomplete analysis.
More details about the verification run can be found in the directory "./output".
