scripts/cpa.sh -Dy-MySearchStrategy-PredAbs-ABElf -heap 5600000000 -timelimit 900 -preprocess -stats -noout -setprop cpa.predicate.memoryAllocationsAlwaysSucceed=true -spec ../sv-benchmarks/c/ReachSafety.prp ../sv-benchmarks/c/product-lines/minepump_spec5_product14_true-unreach-call_false-termination.cil.c


--------------------------------------------------------------------------------


Running CPAchecker with Java heap of size 5600000000.
Running CPAchecker with default stack size (1024k). Specify a larger value with -stack if needed.
Running CPAchecker with the following extra VM options:  -Djava.io.tmpdir=/tmp/BenchExec_run_4xf2svxg/tmp
Using the following resource limits: CPU-time limit of 900s (ResourceLimitChecker.fromConfiguration, INFO)

CPAchecker (unknown version) (OpenJDK 64-Bit Server VM 1.8.0_151) started (CPAchecker.run, INFO)

line 193: Dead code detected: return (retValue_acc); (CFACreationUtils.addEdgeToCFA, INFO)

line 513: Dead code detected: return (retValue_acc); (CFACreationUtils.addEdgeToCFA, INFO)

line 559: Dead code detected: return (retValue_acc); (CFACreationUtils.addEdgeToCFA, INFO)

line 673: Dead code detected: return (retValue_acc); (CFACreationUtils.addEdgeToCFA, INFO)

line 682: Dead code detected: return (retValue_acc); (CFACreationUtils.addEdgeToCFA, INFO)

line 774: Dead code detected: return (retValue_acc); (CFACreationUtils.addEdgeToCFA, INFO)

line 806: Dead code detected: return (retValue_acc); (CFACreationUtils.addEdgeToCFA, INFO)

line 885: Dead code detected: return (retValue_acc); (CFACreationUtils.addEdgeToCFA, INFO)

line 908: Dead code detected: return (retValue_acc); (CFACreationUtils.addEdgeToCFA, INFO)

line 350: Function pointer *__cil_tmp10 with type int (*)(int, int) is called, but no possible target functions were found. (CFunctionPointerResolver.replaceFunctionPointerCall, WARNING)

MathSAT5 is available for research and evaluation purposes only. It can not be used in a commercial environment, particularly as part of a commercial product, without written permission. MathSAT5 is provided as is, without any warranty. Please write to mathsat@fbk.eu for additional questions regarding licensing MathSAT5 or obtaining more up-to-date versions. (PredicateCPA:JavaSMT:Mathsat5SolverContext.<init>, WARNING)

Using predicate analysis with MathSAT5 version 5.3.14 (0b98b661254c) (Nov 17 2016 10:59:45, gmp 5.1.3, gcc 4.8.5, 64-bit) and JFactory 1.21. (PredicateCPA:PredicateCPA.<init>, INFO)

Using refinement for predicate analysis with PredicateAbstractionRefinementStrategy strategy. (PredicateCPA:PredicateCPARefiner.<init>, INFO)

Starting analysis ... (CPAchecker.runAlgorithm, INFO)

Stopping analysis ... (CPAchecker.runAlgorithm, INFO)

PredicateCPA statistics
-----------------------
Number of abstractions:            2110 (26% of all post computations)
  Times abstraction was reused:    0
  Because of function entry/exit:  2072 (98%)
  Because of loop head:            26 (1%)
  Because of join nodes:           0 (0%)
  Because of threshold:            0 (0%)
  Because of target state:         12 (1%)
  Times precision was empty:       404 (19%)
  Times precision was {false}:     57 (3%)
  Times result was cached:         1570 (74%)
  Times cartesian abs was used:    0 (0%)
  Times boolean abs was used:      79 (4%)
  Times result was 'false':        188 (9%)
Number of strengthen sat checks:   0
Number of coverage checks:         651
  BDD entailment checks:           245
Number of SMT sat checks:          0
  trivial:                         0
  cached:                          0

Max ABE block size:                       9
Number of predicates discovered:          4
Number of abstraction locations:          41
Max number of predicates per location:    2
Avg number of predicates per location:    1
Total predicates per abstraction:         2447
Max number of predicates per abstraction: 2
Avg number of predicates per abstraction: 17.99
Number of irrelevant predicates:          877 (36%)
Number of preds handled by boolean abs:   92 (4%)
  Total number of models for allsat:      91
  Max number of models for allsat:        2
  Avg number of models for allsat:        1.15

Time for post operator:                  0.298s
  Time for path formula creation:        0.292s
Time for strengthen operator:            0.030s
Time for prec operator:                  0.752s
  Time for abstraction:                  0.647s (Max:     0.014s, Count: 2110)
    Boolean abstraction:                 0.089s
    Solving time:                        0.043s (Max:     0.007s)
    Model enumeration time:              0.003s
    Time for BDD construction:           0.009s (Max:     0.004s)
Time for merge operator:                 0.036s
Time for coverage check:                 0.007s
  Time for BDD entailment checks:        0.006s
Total time for SMT solver (w/o itp):     0.046s

Number of path formula cache hits:   7712 (79%)

Inside post operator:                  
  Inside path formula creation:        
    Time for path formula computation:     0.267s

Total number of created targets for pointer analysis: 0


Number of BDD nodes:                               207
Size of BDD node table:                            270749
Size of BDD cache:                                 27073
Size of BDD node cleanup queue:                         165 (count: 1442, min: 0, max: 90, avg: 0.11)
Time for BDD node cleanup:                             0.000s
Time for BDD garbage collection:                       0.000s (in 0 runs)

PrecisionBootstrap statistics
-----------------------------
Init. function predicates:                         0
Init. global predicates:                           0
Init. location predicates:                         0

Invariant Generation statistics
-------------------------------

AutomatonAnalysis (SVCOMP) statistics
-------------------------------------
Number of states:                                  1
Total time for successor computation:                  0.068s
Automaton transfers with branching:                0
Automaton transfer successors:                         8100 (count: 8100, min: 1, max: 1, avg: 1.00) [1 x 8100]

CPA algorithm statistics
------------------------
Number of iterations:            6167
Max size of waitlist:            17
Average size of waitlist:        6
Number of computed successors:   6881
Max successors for one state:    2
Number of times merged:          203
Number of times stopped:         417
Number of times breaked:         12

Total time for CPA algorithm:         1.984s (Max:     0.296s)
  Time for choose from waitlist:      0.011s
  Time for precision adjustment:      0.917s
  Time for transfer relation:         0.765s
  Time for merge operator:            0.068s
  Time for stop operator:             0.061s
  Time for adding to reached set:     0.059s

Predicate-Abstraction Refiner statistics
----------------------------------------
Number of predicate refinements:                   12
Avg. length of target path (in blocks):                 401 (count: 12, min: 25, max: 50, avg: 33.42)
Number of infeasible sliced prefixes:                     0 (count: 0, min: 0, max: 0, avg: 0.00)

Time for refinement:                                   0.180s
  Counterexample analysis:                             0.107s (Max:     0.029s, Calls: 12)
    Refinement sat check:                              0.051s
    Interpolant computation:                           0.000s
  Path-formulas extraction:                            0.001s
  Error path post-processing:                          0.000s
  Predicate creation:                                  0.028s
  Precision update:                                    0.009s
  ARG update:                                          0.027s

Length of refined path (in blocks):                     309 (count: 12, min: 19, max: 42, avg: 25.75)
Number of affected states:                              297 (count: 12, min: 18, max: 41, avg: 24.75)
Length (states) of path with itp 'true':                  0 (count: 12, min: 0, max: 0, avg: 0.00)
Length (states) of path with itp non-trivial itp:       297 (count: 12, min: 18, max: 41, avg: 24.75)
Length (states) of path with itp 'false':                12 (count: 12, min: 1, max: 1, avg: 1.00)
Different non-trivial interpolants along paths:           1 (count: 12, min: 0, max: 1, avg: 0.08)
Equal non-trivial interpolants along paths:             284 (count: 12, min: 17, max: 40, avg: 23.67)
Number of refs with location-based cutoff:                0

CEGAR algorithm statistics
--------------------------
Number of refinements:                12
Number of successful refinements:     12
Number of failed refinements:         0
Max. size of reached set before ref.: 763
Max. size of reached set after ref.:  3
Avg. size of reached set before ref.: 456.50
Avg. size of reached set after ref.:  3.00

Total time for CEGAR algorithm:       2.187s
Time for refinements:                 0.202s
Average time for refinement:          0.016s
Max time for refinement:              0.062s

Code Coverage
-----------------------------
  Function coverage:      0.528
  Visited lines:          107
  Total lines:            419
  Line coverage:          0.255
  Visited conditions:     30
  Total conditions:       66
  Condition coverage:     0.455

CPAchecker general statistics
-----------------------------
Number of program locations:     600
Number of CFA edges:             645
Number of relevant variables:    109
Number of functions:             36
Number of loops:                 5
Size of reached set:             835
  Number of reached locations:   143 (24%)
    Avg states per location:     5
    Max states per location:     34 (at node N10)
  Number of reached functions:   19 (53%)
  Number of partitions:          834
    Avg size of partitions:      1
    Max size of partitions:      2 (with key [N545 (before lines 820-867), Function test called from node N75, stack depth 3 [205df5dc], stack [main, runTest, test]])
  Number of target states:       0

Time for analysis setup:          2.127s
  Time for loading CPAs:          0.508s
  Time for loading parser:        0.450s
  Time for CFA construction:      1.001s
    Time for parsing file(s):     0.317s
    Time for AST to CFA:          0.275s
    Time for CFA sanity check:    0.074s
    Time for post-processing:     0.220s
      Time for var class.:        0.091s
Time for Analysis:                2.187s
CPU time for analysis:            2.190s
Time for analyzing result:        0.000s
Total time for CPAchecker:        4.318s
Total CPU time for CPAchecker:    4.310s
Time for statistics:              0.070s

Time for Garbage Collector:       0.077s (in 6 runs)
Garbage Collector(s) used:    Copy, MarkSweepCompact
Used heap memory:                 58MB (    55 MiB) max;     32MB (    31 MiB) avg;     62MB (    60 MiB) peak
Used non-heap memory:             33MB (    32 MiB) max;     26MB (    25 MiB) avg;     35MB (    33 MiB) peak
Allocated heap memory:           127MB (   121 MiB) max;    127MB (   121 MiB) avg
Allocated non-heap memory:        36MB (    34 MiB) max;     28MB (    27 MiB) avg
Total process virtual memory:   8085MB (  7711 MiB) max;   8036MB (  7664 MiB) avg

Verification result: TRUE. No property violation found by chosen configuration.
More details about the verification run can be found in the directory "./output".
