scripts/cpa.sh -Dy-MySearchStrategy-PredAbs-ABElf -heap 5600000000 -timelimit 900 -preprocess -stats -noout -setprop cpa.predicate.memoryAllocationsAlwaysSucceed=true -spec ../sv-benchmarks/c/ReachSafety.prp ../sv-benchmarks/c/ldv-linux-3.4-simple/32_1_cilled_true-unreach-call_ok_nondet_linux-3.4-32_1-drivers--net--wireless--wl12xx--wl12xx_sdio.ko-ldv_main0_sequence_infinite_withcheck_stateful.cil.out.c


--------------------------------------------------------------------------------


Running CPAchecker with Java heap of size 5600000000.
Running CPAchecker with default stack size (1024k). Specify a larger value with -stack if needed.
Running CPAchecker with the following extra VM options:  -Djava.io.tmpdir=/tmp/BenchExec_run_9rssg782/tmp
Using the following resource limits: CPU-time limit of 900s (ResourceLimitChecker.fromConfiguration, INFO)

CPAchecker (unknown version) (OpenJDK 64-Bit Server VM 1.8.0_151) started (CPAchecker.run, INFO)

line 5776: Dead code detected: Goto: case_1 (CFACreationUtils.addEdgeToCFA, INFO)

line 5779: Dead code detected: Goto: case_2 (CFACreationUtils.addEdgeToCFA, INFO)

line 5785: Dead code detected: Goto: case_8 (CFACreationUtils.addEdgeToCFA, INFO)

line 5788: Dead code detected: Goto: switch_default (CFACreationUtils.addEdgeToCFA, INFO)

Dead code detected: Label case_8 is not reachable. (CFAFunctionBuilder.leave, INFO)

Dead code detected: Label switch_default is not reachable. (CFAFunctionBuilder.leave, INFO)

Dead code detected: Label case_1 is not reachable. (CFAFunctionBuilder.leave, INFO)

Dead code detected: Label case_2 is not reachable. (CFAFunctionBuilder.leave, INFO)

Inline assembler ignored, analysis is probably unsound! (CFABuilder.createCFA, WARNING)

MathSAT5 is available for research and evaluation purposes only. It can not be used in a commercial environment, particularly as part of a commercial product, without written permission. MathSAT5 is provided as is, without any warranty. Please write to mathsat@fbk.eu for additional questions regarding licensing MathSAT5 or obtaining more up-to-date versions. (PredicateCPA:JavaSMT:Mathsat5SolverContext.<init>, WARNING)

Using predicate analysis with MathSAT5 version 5.3.14 (0b98b661254c) (Nov 17 2016 10:59:45, gmp 5.1.3, gcc 4.8.5, 64-bit) and JFactory 1.21. (PredicateCPA:PredicateCPA.<init>, INFO)

Using refinement for predicate analysis with PredicateAbstractionRefinementStrategy strategy. (PredicateCPA:PredicateCPARefiner.<init>, INFO)

Starting analysis ... (CPAchecker.runAlgorithm, INFO)

Assuming external function ldv_initialize to be a constant function. (PredicateCPA:ExpressionToFormulaVisitor.visit, INFO)

Assuming external function sdio_register_driver to be a pure function. (PredicateCPA:ExpressionToFormulaVisitor.visit, INFO)

Assuming external function wl12xx_get_platform_data to be a constant function. (PredicateCPA:ExpressionToFormulaVisitor.visit, INFO)

Assuming external function dev_err to be a pure function. (PredicateCPA:ExpressionToFormulaVisitor.visit, INFO)

Assuming external function dev_get_drvdata to be a pure function. (PredicateCPA:ExpressionToFormulaVisitor.visit, INFO)

Assuming external function sdio_claim_host to be a pure function. (PredicateCPA:ExpressionToFormulaVisitor.visit, INFO)

Assuming external function sdio_get_host_pm_caps to be a pure function. (PredicateCPA:ExpressionToFormulaVisitor.visit, INFO)

Assuming external function __dynamic_dev_dbg to be a pure function. (PredicateCPA:ExpressionToFormulaVisitor.visit, INFO)

Assuming external function dev_set_drvdata to be a pure function. (PredicateCPA:ExpressionToFormulaVisitor.visit, INFO)

Assuming external function platform_device_alloc to be a pure function. (PredicateCPA:ExpressionToFormulaVisitor.visit, INFO)

Assuming external function memset to be a pure function. (PredicateCPA:ExpressionToFormulaVisitor.visit, INFO)

Assuming external function platform_device_add_resources to be a pure function. (PredicateCPA:ExpressionToFormulaVisitor.visit, INFO)

Assuming external function platform_device_add_data to be a pure function. (PredicateCPA:ExpressionToFormulaVisitor.visit, INFO)

Assuming external function platform_device_add to be a pure function. (PredicateCPA:ExpressionToFormulaVisitor.visit, INFO)

Assuming external function platform_device_put to be a pure function. (PredicateCPA:ExpressionToFormulaVisitor.visit, INFO)

Assuming external function sdio_f0_writeb to be a pure function. (PredicateCPA:ExpressionToFormulaVisitor.visit, INFO)

Assuming external function sdio_f0_readb to be a pure function. (PredicateCPA:ExpressionToFormulaVisitor.visit, INFO)

Assuming external function sdio_readsb to be a pure function. (PredicateCPA:ExpressionToFormulaVisitor.visit, INFO)

Assuming external function sdio_memcpy_fromio to be a pure function. (PredicateCPA:ExpressionToFormulaVisitor.visit, INFO)

Assuming external function sdio_release_host to be a pure function. (PredicateCPA:ExpressionToFormulaVisitor.visit, INFO)

Assuming external function sdio_set_host_pm_flags to be a pure function. (PredicateCPA:ExpressionToFormulaVisitor.visit, INFO)

Assuming external function sdio_set_block_size to be a pure function. (PredicateCPA:ExpressionToFormulaVisitor.visit, INFO)

Assuming external function sdio_writesb to be a pure function. (PredicateCPA:ExpressionToFormulaVisitor.visit, INFO)

Assuming external function sdio_memcpy_toio to be a pure function. (PredicateCPA:ExpressionToFormulaVisitor.visit, INFO)

Assuming external function sdio_disable_func to be a pure function. (PredicateCPA:ExpressionToFormulaVisitor.visit, INFO)

Assuming external function mmc_power_save_host to be a pure function. (PredicateCPA:ExpressionToFormulaVisitor.visit, INFO)

Assuming external function mmc_power_restore_host to be a pure function. (PredicateCPA:ExpressionToFormulaVisitor.visit, INFO)

Assuming external function sdio_enable_func to be a pure function. (PredicateCPA:ExpressionToFormulaVisitor.visit, INFO)

Assuming external function __pm_runtime_resume to be a pure function. (PredicateCPA:ExpressionToFormulaVisitor.visit, INFO)

Assuming external function __pm_runtime_idle to be a pure function. (PredicateCPA:ExpressionToFormulaVisitor.visit, INFO)

Assuming external function sdio_unregister_driver to be a pure function. (PredicateCPA:ExpressionToFormulaVisitor.visit, INFO)

Assuming external function ldv_check_return_value to be a pure function. (PredicateCPA:ExpressionToFormulaVisitor.visit, INFO)

Stopping analysis ... (CPAchecker.runAlgorithm, INFO)

PredicateCPA statistics
-----------------------
Number of abstractions:            3440 (7% of all post computations)
  Times abstraction was reused:    0
  Because of function entry/exit:  3200 (93%)
  Because of loop head:            222 (6%)
  Because of join nodes:           0 (0%)
  Because of threshold:            0 (0%)
  Because of target state:         18 (1%)
  Times precision was empty:       1281 (37%)
  Times precision was {false}:     240 (7%)
  Times result was cached:         1831 (53%)
  Times cartesian abs was used:    0 (0%)
  Times boolean abs was used:      88 (3%)
  Times result was 'false':        19 (1%)
Number of strengthen sat checks:   0
Number of coverage checks:         2655
  BDD entailment checks:           847
Number of SMT sat checks:          0
  trivial:                         0
  cached:                          0

Max ABE block size:                       92
Number of predicates discovered:          2
Number of abstraction locations:          66
Max number of predicates per location:    1
Avg number of predicates per location:    1
Total predicates per abstraction:         2159
Max number of predicates per abstraction: 1
Avg number of predicates per abstraction: 6.58
Number of irrelevant predicates:          1105 (51%)
Number of preds handled by boolean abs:   88 (4%)
  Total number of models for allsat:      88
  Max number of models for allsat:        1
  Avg number of models for allsat:        1.00

Time for post operator:                  2.470s
  Time for path formula creation:        2.387s
Time for strengthen operator:            0.098s
Time for prec operator:                  1.394s
  Time for abstraction:                  1.224s (Max:     0.026s, Count: 3440)
    Boolean abstraction:                 0.102s
    Solving time:                        0.244s (Max:     0.013s)
    Model enumeration time:              0.015s
    Time for BDD construction:           0.004s (Max:     0.001s)
Time for merge operator:                 0.106s
Time for coverage check:                 0.026s
  Time for BDD entailment checks:        0.025s
Total time for SMT solver (w/o itp):     0.259s

Number of path formula cache hits:   26028 (51%)

Inside post operator:                  
  Inside path formula creation:        
    Time for path formula computation:     2.264s

Total number of created targets for pointer analysis: 80
   Number of created targets for uf: *signed_int is 21


Number of BDD nodes:                               202
Size of BDD node table:                            270749
Size of BDD cache:                                 27073
Size of BDD node cleanup queue:                         175 (count: 3861, min: 0, max: 34, avg: 0.05)
Time for BDD node cleanup:                             0.006s
Time for BDD garbage collection:                       0.000s (in 0 runs)

PrecisionBootstrap statistics
-----------------------------
Init. function predicates:                         0
Init. global predicates:                           0
Init. location predicates:                         0

Invariant Generation statistics
-------------------------------

AutomatonAnalysis (SVCOMP) statistics
-------------------------------------
Number of states:                                  1
Total time for successor computation:                  0.182s
Automaton transfers with branching:                0
Automaton transfer successors:                        48384 (count: 48384, min: 1, max: 1, avg: 1.00) [1 x 48384]

CPA algorithm statistics
------------------------
Number of iterations:            16430
Max size of waitlist:            20
Average size of waitlist:        11
Number of computed successors:   18097
Max successors for one state:    2
Number of times merged:          904
Number of times stopped:         1529
Number of times breaked:         18

Total time for CPA algorithm:         6.117s (Max:     1.009s)
  Time for choose from waitlist:      0.049s
  Time for precision adjustment:      1.735s
  Time for transfer relation:         3.620s
  Time for merge operator:            0.245s
  Time for stop operator:             0.123s
  Time for adding to reached set:     0.110s

Predicate-Abstraction Refiner statistics
----------------------------------------
Number of predicate refinements:                   18
Avg. length of target path (in blocks):                 294 (count: 18, min: 8, max: 35, avg: 16.33)
Number of infeasible sliced prefixes:                     0 (count: 0, min: 0, max: 0, avg: 0.00)

Time for refinement:                                   0.316s
  Counterexample analysis:                             0.186s (Max:     0.026s, Calls: 18)
    Refinement sat check:                              0.120s
    Interpolant computation:                           0.000s
  Path-formulas extraction:                            0.000s
  Error path post-processing:                          0.000s
  Predicate creation:                                  0.042s
  Precision update:                                    0.004s
  ARG update:                                          0.071s

Length of refined path (in blocks):                     276 (count: 18, min: 7, max: 34, avg: 15.33)
Number of affected states:                              258 (count: 18, min: 6, max: 33, avg: 14.33)
Length (states) of path with itp 'true':                  0 (count: 18, min: 0, max: 0, avg: 0.00)
Length (states) of path with itp non-trivial itp:       258 (count: 18, min: 6, max: 33, avg: 14.33)
Length (states) of path with itp 'false':                18 (count: 18, min: 1, max: 1, avg: 1.00)
Different non-trivial interpolants along paths:           0 (count: 18, min: 0, max: 0, avg: 0.00)
Equal non-trivial interpolants along paths:             240 (count: 18, min: 5, max: 32, avg: 13.33)
Number of refs with location-based cutoff:                0

CEGAR algorithm statistics
--------------------------
Number of refinements:                18
Number of successful refinements:     18
Number of failed refinements:         0
Max. size of reached set before ref.: 958
Max. size of reached set after ref.:  3
Avg. size of reached set before ref.: 895.78
Avg. size of reached set after ref.:  3.00

Total time for CEGAR algorithm:       6.504s
Time for refinements:                 0.387s
Average time for refinement:          0.021s
Max time for refinement:              0.056s

Code Coverage
-----------------------------
  Function coverage:      0.692
  Visited lines:          1922
  Total lines:            2018
  Line coverage:          0.952
  Visited conditions:     90
  Total conditions:       110
  Condition coverage:     0.818

CPAchecker general statistics
-----------------------------
Number of program locations:     2267
Number of CFA edges:             2332
Number of relevant variables:    396
Number of functions:             39
Number of loops:                 2
Size of reached set:             480
  Number of reached locations:   386 (17%)
    Avg states per location:     1
    Max states per location:     12 (at node N1484)
  Number of reached functions:   27 (69%)
  Number of partitions:          480
    Avg size of partitions:      1
    Max size of partitions:      1
  Number of target states:       0

Time for analysis setup:          3.386s
  Time for loading CPAs:          0.647s
  Time for loading parser:        0.509s
  Time for CFA construction:      2.103s
    Time for parsing file(s):     0.576s
    Time for AST to CFA:          0.753s
    Time for CFA sanity check:    0.117s
    Time for post-processing:     0.441s
      Time for var class.:        0.198s
Time for Analysis:                6.504s
CPU time for analysis:            6.500s
Time for analyzing result:        0.001s
Total time for CPAchecker:        9.894s
Total CPU time for CPAchecker:    9.880s
Time for statistics:              0.068s

Time for Garbage Collector:       0.263s (in 17 runs)
Garbage Collector(s) used:    Copy, MarkSweepCompact
Used heap memory:                 72MB (    69 MiB) max;     43MB (    41 MiB) avg;     77MB (    73 MiB) peak
Used non-heap memory:             36MB (    35 MiB) max;     30MB (    29 MiB) avg;     37MB (    35 MiB) peak
Allocated heap memory:           127MB (   121 MiB) max;    127MB (   121 MiB) avg
Allocated non-heap memory:        38MB (    36 MiB) max;     32MB (    31 MiB) avg
Total process virtual memory:   8019MB (  7647 MiB) max;   7997MB (  7627 MiB) avg

Verification result: TRUE. No property violation found by chosen configuration.
More details about the verification run can be found in the directory "./output".
