scripts/cpa.sh -Dy-MySearchStrategy-PredAbs-ABElf -heap 5600000000 -timelimit 30 -preprocess -stats -noout -setprop cpa.predicate.memoryAllocationsAlwaysSucceed=true -spec ../sv-benchmarks/c/ReachSafety.prp ../sv-benchmarks/c/product-lines/email_spec4_product28_true-unreach-call_true-termination.cil.c


--------------------------------------------------------------------------------


Running CPAchecker with Java heap of size 5600000000.
Running CPAchecker with default stack size (1024k). Specify a larger value with -stack if needed.
Running CPAchecker with the following extra VM options:  -Djava.io.tmpdir=/tmp/BenchExec_run_we5fmyld/tmp
Using the following resource limits: CPU-time limit of 30s (ResourceLimitChecker.fromConfiguration, INFO)

CPAchecker (unknown version) (OpenJDK 64-Bit Server VM 1.8.0_151) started (CPAchecker.run, INFO)

line 61: Dead code detected: return (retValue_acc); (CFACreationUtils.addEdgeToCFA, INFO)

line 84: Dead code detected: return (retValue_acc); (CFACreationUtils.addEdgeToCFA, INFO)

line 278: Dead code detected: return (retValue_acc); (CFACreationUtils.addEdgeToCFA, INFO)

line 310: Dead code detected: return (retValue_acc); (CFACreationUtils.addEdgeToCFA, INFO)

line 319: Dead code detected: return (retValue_acc); (CFACreationUtils.addEdgeToCFA, INFO)

line 328: Dead code detected: return (retValue_acc); (CFACreationUtils.addEdgeToCFA, INFO)

line 353: Dead code detected: return (retValue_acc); (CFACreationUtils.addEdgeToCFA, INFO)

line 458: Dead code detected: return (retValue_acc); (CFACreationUtils.addEdgeToCFA, INFO)

line 484: Dead code detected: return (retValue_acc); (CFACreationUtils.addEdgeToCFA, INFO)

line 505: Dead code detected: return (retValue_acc); (CFACreationUtils.addEdgeToCFA, INFO)

line 542: Dead code detected: return (retValue_acc); (CFACreationUtils.addEdgeToCFA, INFO)

line 579: Dead code detected: return (retValue_acc); (CFACreationUtils.addEdgeToCFA, INFO)

line 618: Dead code detected: return (retValue_acc); (CFACreationUtils.addEdgeToCFA, INFO)

line 657: Dead code detected: return (retValue_acc); (CFACreationUtils.addEdgeToCFA, INFO)

line 694: Dead code detected: return (retValue_acc); (CFACreationUtils.addEdgeToCFA, INFO)

line 731: Dead code detected: return (retValue_acc); (CFACreationUtils.addEdgeToCFA, INFO)

line 768: Dead code detected: return (retValue_acc); (CFACreationUtils.addEdgeToCFA, INFO)

line 805: Dead code detected: return (retValue_acc); (CFACreationUtils.addEdgeToCFA, INFO)

line 842: Dead code detected: return (retValue_acc); (CFACreationUtils.addEdgeToCFA, INFO)

line 1119: Dead code detected: return (retValue_acc); (CFACreationUtils.addEdgeToCFA, INFO)

line 1148: Dead code detected: return (retValue_acc); (CFACreationUtils.addEdgeToCFA, INFO)

line 1196: Dead code detected: return (retValue_acc); (CFACreationUtils.addEdgeToCFA, INFO)

line 1243: Dead code detected: return (retValue_acc); (CFACreationUtils.addEdgeToCFA, INFO)

line 1288: Dead code detected: return (retValue_acc); (CFACreationUtils.addEdgeToCFA, INFO)

line 1366: Dead code detected: return (retValue_acc); (CFACreationUtils.addEdgeToCFA, INFO)

line 1435: Dead code detected: return (retValue_acc); (CFACreationUtils.addEdgeToCFA, INFO)

line 1569: Dead code detected: return (retValue_acc); (CFACreationUtils.addEdgeToCFA, INFO)

line 1652: Dead code detected: return (retValue_acc); (CFACreationUtils.addEdgeToCFA, INFO)

line 1699: Dead code detected: return (retValue_acc); (CFACreationUtils.addEdgeToCFA, INFO)

line 1746: Dead code detected: return (retValue_acc); (CFACreationUtils.addEdgeToCFA, INFO)

line 1791: Dead code detected: return (retValue_acc); (CFACreationUtils.addEdgeToCFA, INFO)

line 1854: Dead code detected: return (retValue_acc); (CFACreationUtils.addEdgeToCFA, INFO)

line 1961: Dead code detected: return (retValue_acc); (CFACreationUtils.addEdgeToCFA, INFO)

line 2015: Dead code detected: return (retValue_acc); (CFACreationUtils.addEdgeToCFA, INFO)

line 2087: Dead code detected: return (retValue_acc); (CFACreationUtils.addEdgeToCFA, INFO)

line 2134: Dead code detected: return (retValue_acc); (CFACreationUtils.addEdgeToCFA, INFO)

line 2246: Dead code detected: return (retValue_acc); (CFACreationUtils.addEdgeToCFA, INFO)

line 2266: Dead code detected: return (retValue_acc); (CFACreationUtils.addEdgeToCFA, INFO)

line 2275: Dead code detected: return (retValue_acc); (CFACreationUtils.addEdgeToCFA, INFO)

line 2290: Dead code detected: return (retValue_acc); (CFACreationUtils.addEdgeToCFA, INFO)

line 2902: Dead code detected: return (retValue_acc); (CFACreationUtils.addEdgeToCFA, INFO)

line 2948: Dead code detected: return (retValue_acc); (CFACreationUtils.addEdgeToCFA, INFO)

line 2739: Function pointer *__cil_tmp10 with type int (*)(int, int) is called, but no possible target functions were found. (CFunctionPointerResolver.replaceFunctionPointerCall, WARNING)

MathSAT5 is available for research and evaluation purposes only. It can not be used in a commercial environment, particularly as part of a commercial product, without written permission. MathSAT5 is provided as is, without any warranty. Please write to mathsat@fbk.eu for additional questions regarding licensing MathSAT5 or obtaining more up-to-date versions. (PredicateCPA:JavaSMT:Mathsat5SolverContext.<init>, WARNING)

Using predicate analysis with MathSAT5 version 5.3.14 (0b98b661254c) (Nov 17 2016 10:59:45, gmp 5.1.3, gcc 4.8.5, 64-bit) and JFactory 1.21. (PredicateCPA:PredicateCPA.<init>, INFO)

Using refinement for predicate analysis with PredicateAbstractionRefinementStrategy strategy. (PredicateCPA:PredicateCPARefiner.<init>, INFO)

Starting analysis ... (CPAchecker.runAlgorithm, INFO)

Shutdown requested (The CPU-time limit of 30s has elapsed.), waiting for termination. (ForceTerminationOnShutdown$1.shutdownRequested, WARNING)

Warning: Analysis interrupted (The CPU-time limit of 30s has elapsed.) (ShutdownNotifier.shutdownIfNecessary, WARNING)

PredicateCPA statistics
-----------------------
Number of abstractions:            30042 (16% of all post computations)
  Times abstraction was reused:    0
  Because of function entry/exit:  29840 (99%)
  Because of loop head:            164 (1%)
  Because of join nodes:           0 (0%)
  Because of threshold:            0 (0%)
  Because of target state:         38 (0%)
  Times precision was empty:       1239 (4%)
  Times precision was {false}:     236 (1%)
  Times result was cached:         27835 (93%)
  Times cartesian abs was used:    0 (0%)
  Times boolean abs was used:      732 (2%)
  Times result was 'false':        1354 (5%)
Number of strengthen sat checks:   0
Number of coverage checks:         45976
  BDD entailment checks:           3988
Number of SMT sat checks:          0
  trivial:                         0
  cached:                          0

Max ABE block size:                       55
Number of predicates discovered:          27
Number of abstraction locations:          140
Max number of predicates per location:    7
Avg number of predicates per location:    2
Total predicates per abstraction:         57201
Max number of predicates per abstraction: 7
Avg number of predicates per abstraction: 59.09
Number of irrelevant predicates:          18117 (32%)
Number of preds handled by boolean abs:   1753 (3%)
  Total number of models for allsat:      1336
  Max number of models for allsat:        6
  Avg number of models for allsat:        1.83

Time for post operator:                  4.370s
  Time for path formula creation:        4.101s
Time for strengthen operator:            0.280s
Time for prec operator:                  8.743s
  Time for abstraction:                  8.110s (Max:     0.027s, Count: 30042)
    Boolean abstraction:                 1.408s
    Solving time:                        1.254s (Max:     0.019s)
    Model enumeration time:              0.159s
    Time for BDD construction:           0.076s (Max:     0.008s)
Time for merge operator:                 0.474s
Time for coverage check:                 0.058s
  Time for BDD entailment checks:        0.047s
Total time for SMT solver (w/o itp):     1.413s

Number of path formula cache hits:   179125 (78%)

Inside post operator:                  
  Inside path formula creation:        
    Time for path formula computation:     3.704s

Total number of created targets for pointer analysis: 0


Number of BDD nodes:                               675
Size of BDD node table:                            270749
Size of BDD cache:                                 27073
Size of BDD node cleanup queue:                        2206 (count: 11667, min: 0, max: 413, avg: 0.19)
Time for BDD node cleanup:                             0.010s
Time for BDD garbage collection:                       0.000s (in 0 runs)

PrecisionBootstrap statistics
-----------------------------
Init. function predicates:                         0
Init. global predicates:                           0
Init. location predicates:                         0

Invariant Generation statistics
-------------------------------

AutomatonAnalysis (SVCOMP) statistics
-------------------------------------
Number of states:                                  1
Total time for successor computation:                  0.665s
  Time for transition matches:                         0.287s
  Time for transition assertions:                      0.000s
  Time for transition actions:                         0.000s
Automaton transfers with branching:                0
Automaton transfer successors:                       191063 (count: 191063, min: 1, max: 1, avg: 1.00) [1 x 191063]

CPA algorithm statistics
------------------------
Number of iterations:            142781
Max size of waitlist:            31
Average size of waitlist:        13
Number of computed successors:   168906
Max successors for one state:    2
Number of times merged:          20994
Number of times stopped:         24203
Number of times breaked:         38

Total time for CPA algorithm:        22.465s (Max:     1.365s)
  Time for choose from waitlist:      0.192s
  Time for precision adjustment:     10.575s
  Time for transfer relation:         8.409s
  Time for merge operator:            1.106s
  Time for stop operator:             0.434s
  Time for adding to reached set:     0.469s

Predicate-Abstraction Refiner statistics
----------------------------------------
Number of predicate refinements:                   38
Avg. length of target path (in blocks):                3777 (count: 38, min: 65, max: 128, avg: 99.39)
Number of infeasible sliced prefixes:                     0 (count: 0, min: 0, max: 0, avg: 0.00)

Time for refinement:                                   3.368s
  Counterexample analysis:                             2.537s (Max:     0.093s, Calls: 38)
    Refinement sat check:                              1.149s
    Interpolant computation:                           0.000s
  Path-formulas extraction:                            0.001s
  Error path post-processing:                          0.000s
  Predicate creation:                                  0.126s
  Precision update:                                    0.052s
  ARG update:                                          0.563s

Length of refined path (in blocks):                    3191 (count: 38, min: 62, max: 102, avg: 83.97)
Number of affected states:                             2945 (count: 38, min: 1, max: 101, avg: 77.50)
Length (states) of path with itp 'true':                208 (count: 38, min: 0, max: 73, avg: 5.47)
Length (states) of path with itp non-trivial itp:      2945 (count: 38, min: 1, max: 101, avg: 77.50)
Length (states) of path with itp 'false':                38 (count: 38, min: 1, max: 1, avg: 1.00)
Different non-trivial interpolants along paths:         208 (count: 38, min: 0, max: 12, avg: 5.47)
Equal non-trivial interpolants along paths:            2699 (count: 38, min: 0, max: 99, avg: 71.03)
Number of refs with location-based cutoff:                0

CEGAR algorithm statistics
--------------------------
Number of refinements:                38
Number of successful refinements:     38
Number of failed refinements:         0
Max. size of reached set before ref.: 6507
Max. size of reached set after ref.:  474
Avg. size of reached set before ref.: 3749.13
Avg. size of reached set after ref.:  30.95

Total time for CEGAR algorithm:      26.120s
Time for refinements:                 3.652s
Average time for refinement:          0.096s
Max time for refinement:              0.171s

Code Coverage
-----------------------------
  Function coverage:      0.505
  Visited lines:          558
  Total lines:            1413
  Line coverage:          0.395
  Visited conditions:     170
  Total conditions:       496
  Condition coverage:     0.343

CPAchecker general statistics
-----------------------------
Number of program locations:     1941
Number of CFA edges:             2198
Number of relevant variables:    343
Number of functions:             109
Number of loops:                 4
Size of reached set:             2058
  Number of reached locations:   504 (26%)
    Avg states per location:     4
    Max states per location:     49 (at node N198)
  Number of reached functions:   55 (50%)
  Number of partitions:          2049
    Avg size of partitions:      1
    Max size of partitions:      2 (with key [N66 (before line 189), Function outgoing called from node N128, stack depth 5 [724517d6], stack [main, test, bobToRjh, sendEmail, outgoing]])
  Number of target states:       0
  Size of final wait list        13

Time for analysis setup:          4.129s
  Time for loading CPAs:          0.840s
  Time for loading parser:        0.786s
  Time for CFA construction:      2.307s
    Time for parsing file(s):     0.738s
    Time for AST to CFA:          0.682s
    Time for CFA sanity check:    0.205s
    Time for post-processing:     0.523s
      Time for var class.:        0.277s
Time for Analysis:               26.120s
CPU time for analysis:           26.120s
Total time for CPAchecker:       30.252s
Total CPU time for CPAchecker:   30.240s
Time for statistics:              0.125s

Time for Garbage Collector:       0.930s (in 67 runs)
Garbage Collector(s) used:    Copy, MarkSweepCompact
Used heap memory:                 81MB (    77 MiB) max;     48MB (    46 MiB) avg;     87MB (    83 MiB) peak
Used non-heap memory:             37MB (    36 MiB) max;     34MB (    32 MiB) avg;     38MB (    36 MiB) peak
Allocated heap memory:           127MB (   121 MiB) max;    127MB (   121 MiB) avg
Allocated non-heap memory:        39MB (    37 MiB) max;     36MB (    34 MiB) avg
Total process virtual memory:   8089MB (  7715 MiB) max;   8074MB (  7700 MiB) avg

Verification result: UNKNOWN, incomplete analysis.
More details about the verification run can be found in the directory "./output".
