scripts/cpa.sh -Dy-MySearchStrategy-PredAbs-ABElf -heap 5600000000 -timelimit 900 -preprocess -stats -noout -setprop cpa.predicate.memoryAllocationsAlwaysSucceed=true -spec ../sv-benchmarks/c/ReachSafety.prp ../sv-benchmarks/c/eca-rers2012/Problem05_label59_true-unreach-call.c


--------------------------------------------------------------------------------


Running CPAchecker with Java heap of size 5600000000.
Running CPAchecker with default stack size (1024k). Specify a larger value with -stack if needed.
Running CPAchecker with the following extra VM options:  -Djava.io.tmpdir=/tmp/BenchExec_run_7qwkmvoh/tmp
Using the following resource limits: CPU-time limit of 900s (ResourceLimitChecker.fromConfiguration, INFO)

CPAchecker (unknown version) (OpenJDK 64-Bit Server VM 1.8.0_162) started (CPAchecker.run, INFO)

MathSAT5 is available for research and evaluation purposes only. It can not be used in a commercial environment, particularly as part of a commercial product, without written permission. MathSAT5 is provided as is, without any warranty. Please write to mathsat@fbk.eu for additional questions regarding licensing MathSAT5 or obtaining more up-to-date versions. (PredicateCPA:JavaSMT:Mathsat5SolverContext.<init>, WARNING)

Using predicate analysis with MathSAT5 version 5.3.14 (0b98b661254c) (Nov 17 2016 10:59:45, gmp 5.1.3, gcc 4.8.5, 64-bit) and JFactory 1.21. (PredicateCPA:PredicateCPA.<init>, INFO)

Using refinement for predicate analysis with PredicateAbstractionRefinementStrategy strategy. (PredicateCPA:PredicateCPARefiner.<init>, INFO)

Starting analysis ... (CPAchecker.runAlgorithm, INFO)

Shutdown requested (The CPU-time limit of 900s has elapsed.), waiting for termination. (ForceTerminationOnShutdown$1.shutdownRequested, WARNING)

Warning: Analysis interrupted (The CPU-time limit of 900s has elapsed.) (ShutdownNotifier.shutdownIfNecessary, WARNING)

PredicateCPA statistics
-----------------------
Number of abstractions:            7416 (0% of all post computations)
  Times abstraction was reused:    0
  Because of function entry/exit:  6924 (93%)
  Because of loop head:            324 (4%)
  Because of join nodes:           0 (0%)
  Because of threshold:            0 (0%)
  Because of target state:         168 (2%)
  Times precision was empty:       407 (5%)
  Times precision was {false}:     164 (2%)
  Times result was cached:         964 (13%)
  Times cartesian abs was used:    0 (0%)
  Times boolean abs was used:      5881 (79%)
  Times result was 'false':        239 (3%)
Number of strengthen sat checks:   0
Number of coverage checks:         8146556
  BDD entailment checks:           106846
Number of SMT sat checks:          0
  trivial:                         0
  cached:                          0

Max ABE block size:                       2318
Number of predicates discovered:          21
Number of abstraction locations:          18
Max number of predicates per location:    20
Avg number of predicates per location:    15
Total predicates per abstraction:         100775
Max number of predicates per abstraction: 20
Avg number of predicates per abstraction: 16.67
Number of irrelevant predicates:          7687 (8%)
Number of preds handled by boolean abs:   84662 (84%)
  Total number of models for allsat:      363391
  Max number of models for allsat:        9216
  Avg number of models for allsat:        61.79

Time for post operator:                159.033s
  Time for path formula creation:      154.545s
Time for strengthen operator:            8.927s
Time for prec operator:                440.339s
  Time for abstraction:                433.017s (Max:     8.535s, Count: 7416)
    Boolean abstraction:               350.418s
    Solving time:                      123.046s (Max:     0.093s)
    Model enumeration time:            210.314s
    Time for BDD construction:          16.105s (Max:     0.559s)
Time for merge operator:                21.815s
Time for coverage check:                 1.490s
  Time for BDD entailment checks:        0.748s
Total time for SMT solver (w/o itp):   333.360s

Number of path formula cache hits:   7554713 (61%)

Inside post operator:                  
  Inside path formula creation:        
    Time for path formula computation:   144.193s

Total number of created targets for pointer analysis: 0


Number of BDD nodes:                               256543
Size of BDD node table:                            270749
Size of BDD cache:                                 27073
Size of BDD node cleanup queue:                      180494 (count: 212430, min: 0, max: 4507, avg: 0.85)
Time for BDD node cleanup:                             0.087s
Time for BDD garbage collection:                       0.158s (in 10 runs)

PrecisionBootstrap statistics
-----------------------------
Init. function predicates:                         0
Init. global predicates:                           0
Init. location predicates:                         0

Invariant Generation statistics
-------------------------------

AutomatonAnalysis (SVCOMP) statistics
-------------------------------------
Number of states:                                  1
Total time for successor computation:                 13.527s
  Time for transition matches:                         6.217s
  Time for transition assertions:                      0.003s
  Time for transition actions:                         0.016s
Automaton transfers with branching:                0
Automaton transfer successors:                     10176506 (count: 10186256, min: 0, max: 1, avg: 1.00) [0 x 9750, 1 x 10176506]

CPA algorithm statistics
------------------------
Number of iterations:            4960366
Max size of waitlist:            560
Average size of waitlist:        207
Number of computed successors:   8982359
Max successors for one state:    2
Number of times merged:          4019855
Number of times stopped:         4020795
Number of times breaked:         10

Total time for CPA algorithm:       876.368s (Max:   560.648s)
  Time for choose from waitlist:      2.941s
  Time for precision adjustment:    503.756s
  Time for transfer relation:       253.134s
  Time for merge operator:           73.121s
  Time for stop operator:            11.846s
  Time for adding to reached set:    13.329s

Predicate-Abstraction Refiner statistics
----------------------------------------
Number of predicate refinements:                   10
Avg. length of target path (in blocks):                 194 (count: 10, min: 10, max: 27, avg: 19.40)
Number of infeasible sliced prefixes:                     0 (count: 0, min: 0, max: 0, avg: 0.00)

Time for refinement:                                  12.379s
  Counterexample analysis:                             5.505s (Max:     0.672s, Calls: 10)
    Refinement sat check:                              4.310s
    Interpolant computation:                           0.000s
  Path-formulas extraction:                            0.001s
  Error path post-processing:                          0.000s
  Predicate creation:                                  0.030s
  Precision update:                                    0.012s
  ARG update:                                          6.527s

Length of refined path (in blocks):                     194 (count: 10, min: 10, max: 27, avg: 19.40)
Number of affected states:                              184 (count: 10, min: 9, max: 26, avg: 18.40)
Length (states) of path with itp 'true':                  0 (count: 10, min: 0, max: 0, avg: 0.00)
Length (states) of path with itp non-trivial itp:       184 (count: 10, min: 9, max: 26, avg: 18.40)
Length (states) of path with itp 'false':                 0 (count: 10, min: 0, max: 0, avg: 0.00)
Different non-trivial interpolants along paths:          10 (count: 10, min: 0, max: 2, avg: 1.00)
Equal non-trivial interpolants along paths:             164 (count: 10, min: 8, max: 24, avg: 16.40)
Number of refs with location-based cutoff:                0

CEGAR algorithm statistics
--------------------------
Number of refinements:                10
Number of successful refinements:     10
Number of failed refinements:         0
Max. size of reached set before ref.: 513700
Max. size of reached set after ref.:  3
Avg. size of reached set before ref.: 200725.20
Avg. size of reached set after ref.:  3.00

Total time for CEGAR algorithm:     899.107s
Time for refinements:                22.739s
Average time for refinement:          2.273s
Max time for refinement:              4.521s

Code Coverage
-----------------------------
  Function coverage:      1.000
  Visited lines:          10601
  Total lines:            10601
  Line coverage:          1.000
  Visited conditions:     35260
  Total conditions:       35260
  Condition coverage:     1.000

CPAchecker general statistics
-----------------------------
Number of program locations:     26939
Number of CFA edges:             44568
Number of relevant variables:    18
Number of functions:             9
Number of loops:                 1
Size of reached set:             2954104
  Size of final wait list        521

Time for analysis setup:         10.951s
  Time for loading CPAs:          1.123s
  Time for loading parser:        0.752s
  Time for CFA construction:      8.797s
    Time for parsing file(s):     1.412s
    Time for AST to CFA:          3.142s
    Time for CFA sanity check:    1.982s
    Time for post-processing:     2.538s
      Time for var class.:        1.301s
Time for Analysis:              899.107s
CPU time for analysis:          899.060s
Total time for CPAchecker:      910.065s
Total CPU time for CPAchecker:  909.990s
Time for statistics:             24.900s

Time for Garbage Collector:     107.372s (in 381 runs)
Garbage Collector(s) used:    Copy, MarkSweepCompact
Used heap memory:               4062MB (  3873 MiB) max;   1551MB (  1479 MiB) avg;   4510MB (  4301 MiB) peak
Used non-heap memory:             37MB (    35 MiB) max;     36MB (    34 MiB) avg;     38MB (    36 MiB) peak
Allocated heap memory:          5414MB (  5163 MiB) max;   2212MB (  2110 MiB) avg
Allocated non-heap memory:        39MB (    37 MiB) max;     39MB (    37 MiB) avg
Total process virtual memory:  10094MB (  9626 MiB) max;   8972MB (  8556 MiB) avg

Verification result: UNKNOWN, incomplete analysis.
More details about the verification run can be found in the directory "./output".
