scripts/cpa.sh -Dy-MySearchStrategy-PredAbs-ABElf -heap 5600000000 -timelimit 30 -preprocess -stats -noout -setprop cpa.predicate.memoryAllocationsAlwaysSucceed=true -spec ../sv-benchmarks/c/ReachSafety.prp ../sv-benchmarks/c/ldv-linux-3.14/linux-3.14__complex_emg__linux-kernel-locking-spinlock__drivers-media-platform-soc_camera-sh_mobile_ceu_camera_true-unreach-call.cil.c


--------------------------------------------------------------------------------


Running CPAchecker with Java heap of size 5600000000.
Running CPAchecker with default stack size (1024k). Specify a larger value with -stack if needed.
Running CPAchecker with the following extra VM options:  -Djava.io.tmpdir=/tmp/BenchExec_run_vq8ok250/tmp
Using the following resource limits: CPU-time limit of 30s (ResourceLimitChecker.fromConfiguration, INFO)

CPAchecker (unknown version) (OpenJDK 64-Bit Server VM 1.8.0_162) started (CPAchecker.run, INFO)

line 6875: Dead code detected: __ms = 1UL; (CFACreationUtils.addEdgeToCFA, INFO)

Dead code detected: Label switch_break is not reachable. (CFAFunctionBuilder.leave, INFO)

line 9375: Dead code detected: return (arg0); (CFACreationUtils.addEdgeToCFA, INFO)

line 10711: Dead code detected: return; (CFACreationUtils.addEdgeToCFA, INFO)

line 12624: Dead code detected: return (ldv_func_res); (CFACreationUtils.addEdgeToCFA, INFO)

Inline assembler ignored, analysis is probably unsound! (CFABuilder.createCFA, WARNING)

line 11348: Function pointer *arg0 with type void (*)(struct device *) is called, but no possible target functions were found. (CFunctionPointerResolver.replaceFunctionPointerCall, WARNING)

line 11634: Function pointer *arg0 with type void (*)(struct device *) is called, but no possible target functions were found. (CFunctionPointerResolver.replaceFunctionPointerCall, WARNING)

line 6242: Function pointer *(csi2_sd->ops->core->s_power) with type int (*)(struct v4l2_subdev *, int) is called, but no possible target functions were found. (CFunctionPointerResolver.replaceFunctionPointerCall, WARNING)

line 7222: Function pointer *(__sd->ops->video->s_mbus_fmt) with type int (*)(struct v4l2_subdev *, struct v4l2_mbus_framefmt *) is called, but no possible target functions were found. (CFunctionPointerResolver.replaceFunctionPointerCall, WARNING)

line 7183: Function pointer *(sd->ops->video->g_mbus_fmt) with type int (*)(struct v4l2_subdev *, struct v4l2_mbus_framefmt *) is called, but no possible target functions were found. (CFunctionPointerResolver.replaceFunctionPointerCall, WARNING)

line 7118: Function pointer *(sd->ops->video->enum_mbus_fmt) with type int (*)(struct v4l2_subdev *, unsigned int, enum v4l2_mbus_pixelcode *) is called, but no possible target functions were found. (CFunctionPointerResolver.replaceFunctionPointerCall, WARNING)

line 6292: Function pointer *(csi2_sd->ops->core->s_power) with type int (*)(struct v4l2_subdev *, int) is called, but no possible target functions were found. (CFunctionPointerResolver.replaceFunctionPointerCall, WARNING)

line 6719: Function pointer *(sd->ops->video->s_mbus_config) with type int (*)(struct v4l2_subdev *, const struct v4l2_mbus_config *) is called, but no possible target functions were found. (CFunctionPointerResolver.replaceFunctionPointerCall, WARNING)

line 6669: Function pointer *(sd->ops->video->g_mbus_config) with type int (*)(struct v4l2_subdev *, struct v4l2_mbus_config *) is called, but no possible target functions were found. (CFunctionPointerResolver.replaceFunctionPointerCall, WARNING)

line 7635: Function pointer *(__sd->ops->video->s_mbus_fmt) with type int (*)(struct v4l2_subdev *, struct v4l2_mbus_framefmt *) is called, but no possible target functions were found. (CFunctionPointerResolver.replaceFunctionPointerCall, WARNING)

line 7570: Function pointer *(sd->ops->video->g_mbus_fmt) with type int (*)(struct v4l2_subdev *, struct v4l2_mbus_framefmt *) is called, but no possible target functions were found. (CFunctionPointerResolver.replaceFunctionPointerCall, WARNING)

line 8455: Function pointer *(sd->ops->video->s_stream) with type int (*)(struct v4l2_subdev *, int) is called, but no possible target functions were found. (CFunctionPointerResolver.replaceFunctionPointerCall, WARNING)

line 8378: Function pointer *(sd->ops->video->s_stream) with type int (*)(struct v4l2_subdev *, int) is called, but no possible target functions were found. (CFunctionPointerResolver.replaceFunctionPointerCall, WARNING)

line 6947: Function pointer *(sd->ops->video->g_mbus_config) with type int (*)(struct v4l2_subdev *, struct v4l2_mbus_config *) is called, but no possible target functions were found. (CFunctionPointerResolver.replaceFunctionPointerCall, WARNING)

line 8257: Function pointer *(__sd___0->ops->video->try_mbus_fmt) with type int (*)(struct v4l2_subdev *, struct v4l2_mbus_framefmt *) is called, but no possible target functions were found. (CFunctionPointerResolver.replaceFunctionPointerCall, WARNING)

line 8171: Function pointer *(__sd->ops->video->try_mbus_fmt) with type int (*)(struct v4l2_subdev *, struct v4l2_mbus_framefmt *) is called, but no possible target functions were found. (CFunctionPointerResolver.replaceFunctionPointerCall, WARNING)

MathSAT5 is available for research and evaluation purposes only. It can not be used in a commercial environment, particularly as part of a commercial product, without written permission. MathSAT5 is provided as is, without any warranty. Please write to mathsat@fbk.eu for additional questions regarding licensing MathSAT5 or obtaining more up-to-date versions. (PredicateCPA:JavaSMT:Mathsat5SolverContext.<init>, WARNING)

Using predicate analysis with MathSAT5 version 5.3.14 (0b98b661254c) (Nov 17 2016 10:59:45, gmp 5.1.3, gcc 4.8.5, 64-bit) and JFactory 1.21. (PredicateCPA:PredicateCPA.<init>, INFO)

Using refinement for predicate analysis with PredicateAbstractionRefinementStrategy strategy. (PredicateCPA:PredicateCPARefiner.<init>, INFO)

Starting analysis ... (CPAchecker.runAlgorithm, INFO)

Assuming external function ldv_initialize to be a constant function. (PredicateCPA:ExpressionToFormulaVisitor.visit, INFO)

Assuming external function external_allocated_data to be a constant function. (PredicateCPA:ExpressionToFormulaVisitor.visit, INFO)

Assuming external function ldv_pre_probe to be a constant function. (PredicateCPA:ExpressionToFormulaVisitor.visit, INFO)

Assuming external function ldv_switch_to_interrupt_context to be a constant function. (PredicateCPA:ExpressionToFormulaVisitor.visit, INFO)

line 11623: Ignoring call via function pointer ldv_rtc_class_instance_probe_5_10::arg0 for which no suitable target was found in line: tmp = (*arg0)(arg1); (FunctionPointerCPA:FunctionPointerTransferRelation.getAbstractSuccessorsForEdge, WARNING)

line 11623: Ignoring function call through function pointer *arg0: tmp = (*arg0)(arg1); (PredicateCPA:ExpressionToFormulaVisitor.visit, WARNING)

line 11502: Ignoring call via function pointer ldv_pm_ops_instance_runtime_idle_4_27::arg0 for which no suitable target was found in line: (*arg0)(arg1); (FunctionPointerCPA:FunctionPointerTransferRelation.getAbstractSuccessorsForEdge, WARNING)

line 11502: Ignoring function call through function pointer *arg0: (*arg0)(arg1); (PredicateCPA:ExpressionToFormulaVisitor.visit, WARNING)

line 11425: Ignoring call via function pointer ldv_pm_ops_instance_prepare_4_22::arg0 for which no suitable target was found in line: (*arg0)(arg1); (FunctionPointerCPA:FunctionPointerTransferRelation.getAbstractSuccessorsForEdge, WARNING)

line 11425: Ignoring function call through function pointer *arg0: (*arg0)(arg1); (PredicateCPA:ExpressionToFormulaVisitor.visit, WARNING)

line 11535: Ignoring call via function pointer ldv_pm_ops_instance_suspend_4_21::arg0 for which no suitable target was found in line: (*arg0)(arg1); (FunctionPointerCPA:FunctionPointerTransferRelation.getAbstractSuccessorsForEdge, WARNING)

line 11535: Ignoring function call through function pointer *arg0: (*arg0)(arg1); (PredicateCPA:ExpressionToFormulaVisitor.visit, WARNING)

line 11557: Ignoring call via function pointer ldv_pm_ops_instance_suspend_noirq_4_20::arg0 for which no suitable target was found in line: (*arg0)(arg1); (FunctionPointerCPA:FunctionPointerTransferRelation.getAbstractSuccessorsForEdge, WARNING)

line 11557: Ignoring function call through function pointer *arg0: (*arg0)(arg1); (PredicateCPA:ExpressionToFormulaVisitor.visit, WARNING)

line 11491: Ignoring call via function pointer ldv_pm_ops_instance_resume_noirq_4_19::arg0 for which no suitable target was found in line: (*arg0)(arg1); (FunctionPointerCPA:FunctionPointerTransferRelation.getAbstractSuccessorsForEdge, WARNING)

line 11491: Ignoring function call through function pointer *arg0: (*arg0)(arg1); (PredicateCPA:ExpressionToFormulaVisitor.visit, WARNING)

line 11546: Ignoring call via function pointer ldv_pm_ops_instance_suspend_late_4_18::arg0 for which no suitable target was found in line: (*arg0)(arg1); (FunctionPointerCPA:FunctionPointerTransferRelation.getAbstractSuccessorsForEdge, WARNING)

line 11546: Ignoring function call through function pointer *arg0: (*arg0)(arg1); (PredicateCPA:ExpressionToFormulaVisitor.visit, WARNING)

line 11480: Ignoring call via function pointer ldv_pm_ops_instance_resume_early_4_17::arg0 for which no suitable target was found in line: (*arg0)(arg1); (FunctionPointerCPA:FunctionPointerTransferRelation.getAbstractSuccessorsForEdge, WARNING)

line 11480: Ignoring function call through function pointer *arg0: (*arg0)(arg1); (PredicateCPA:ExpressionToFormulaVisitor.visit, WARNING)

line 11469: Ignoring call via function pointer ldv_pm_ops_instance_resume_4_16::arg0 for which no suitable target was found in line: (*arg0)(arg1); (FunctionPointerCPA:FunctionPointerTransferRelation.getAbstractSuccessorsForEdge, WARNING)

line 11469: Ignoring function call through function pointer *arg0: (*arg0)(arg1); (PredicateCPA:ExpressionToFormulaVisitor.visit, WARNING)

line 11359: Ignoring call via function pointer ldv_pm_ops_instance_freeze_4_15::arg0 for which no suitable target was found in line: (*arg0)(arg1); (FunctionPointerCPA:FunctionPointerTransferRelation.getAbstractSuccessorsForEdge, WARNING)

line 11359: Ignoring function call through function pointer *arg0: (*arg0)(arg1); (PredicateCPA:ExpressionToFormulaVisitor.visit, WARNING)

line 11370: Ignoring call via function pointer ldv_pm_ops_instance_freeze_late_4_14::arg0 for which no suitable target was found in line: (*arg0)(arg1); (FunctionPointerCPA:FunctionPointerTransferRelation.getAbstractSuccessorsForEdge, WARNING)

line 11370: Ignoring function call through function pointer *arg0: (*arg0)(arg1); (PredicateCPA:ExpressionToFormulaVisitor.visit, WARNING)

line 11579: Ignoring call via function pointer ldv_pm_ops_instance_thaw_early_4_13::arg0 for which no suitable target was found in line: (*arg0)(arg1); (FunctionPointerCPA:FunctionPointerTransferRelation.getAbstractSuccessorsForEdge, WARNING)

line 11579: Ignoring function call through function pointer *arg0: (*arg0)(arg1); (PredicateCPA:ExpressionToFormulaVisitor.visit, WARNING)

line 11381: Ignoring call via function pointer ldv_pm_ops_instance_freeze_noirq_4_12::arg0 for which no suitable target was found in line: (*arg0)(arg1); (FunctionPointerCPA:FunctionPointerTransferRelation.getAbstractSuccessorsForEdge, WARNING)

line 11381: Ignoring function call through function pointer *arg0: (*arg0)(arg1); (PredicateCPA:ExpressionToFormulaVisitor.visit, WARNING)

line 11590: Ignoring call via function pointer ldv_pm_ops_instance_thaw_noirq_4_11::arg0 for which no suitable target was found in line: (*arg0)(arg1); (FunctionPointerCPA:FunctionPointerTransferRelation.getAbstractSuccessorsForEdge, WARNING)

line 11590: Ignoring function call through function pointer *arg0: (*arg0)(arg1); (PredicateCPA:ExpressionToFormulaVisitor.visit, WARNING)

line 11568: Ignoring call via function pointer ldv_pm_ops_instance_thaw_4_10::arg0 for which no suitable target was found in line: (*arg0)(arg1); (FunctionPointerCPA:FunctionPointerTransferRelation.getAbstractSuccessorsForEdge, WARNING)

line 11568: Ignoring function call through function pointer *arg0: (*arg0)(arg1); (PredicateCPA:ExpressionToFormulaVisitor.visit, WARNING)

line 11392: Ignoring call via function pointer ldv_pm_ops_instance_poweroff_4_9::arg0 for which no suitable target was found in line: (*arg0)(arg1); (FunctionPointerCPA:FunctionPointerTransferRelation.getAbstractSuccessorsForEdge, WARNING)

line 11392: Ignoring function call through function pointer *arg0: (*arg0)(arg1); (PredicateCPA:ExpressionToFormulaVisitor.visit, WARNING)

line 11403: Ignoring call via function pointer ldv_pm_ops_instance_poweroff_late_4_8::arg0 for which no suitable target was found in line: (*arg0)(arg1); (FunctionPointerCPA:FunctionPointerTransferRelation.getAbstractSuccessorsForEdge, WARNING)

line 11403: Ignoring function call through function pointer *arg0: (*arg0)(arg1); (PredicateCPA:ExpressionToFormulaVisitor.visit, WARNING)

line 11447: Ignoring call via function pointer ldv_pm_ops_instance_restore_early_4_7::arg0 for which no suitable target was found in line: (*arg0)(arg1); (FunctionPointerCPA:FunctionPointerTransferRelation.getAbstractSuccessorsForEdge, WARNING)

line 11447: Ignoring function call through function pointer *arg0: (*arg0)(arg1); (PredicateCPA:ExpressionToFormulaVisitor.visit, WARNING)

line 11414: Ignoring call via function pointer ldv_pm_ops_instance_poweroff_noirq_4_6::arg0 for which no suitable target was found in line: (*arg0)(arg1); (FunctionPointerCPA:FunctionPointerTransferRelation.getAbstractSuccessorsForEdge, WARNING)

line 11414: Ignoring function call through function pointer *arg0: (*arg0)(arg1); (PredicateCPA:ExpressionToFormulaVisitor.visit, WARNING)

line 11458: Ignoring call via function pointer ldv_pm_ops_instance_restore_noirq_4_5::arg0 for which no suitable target was found in line: (*arg0)(arg1); (FunctionPointerCPA:FunctionPointerTransferRelation.getAbstractSuccessorsForEdge, WARNING)

line 11458: Ignoring function call through function pointer *arg0: (*arg0)(arg1); (PredicateCPA:ExpressionToFormulaVisitor.visit, WARNING)

line 11436: Ignoring call via function pointer ldv_pm_ops_instance_restore_4_4::arg0 for which no suitable target was found in line: (*arg0)(arg1); (FunctionPointerCPA:FunctionPointerTransferRelation.getAbstractSuccessorsForEdge, WARNING)

line 11436: Ignoring function call through function pointer *arg0: (*arg0)(arg1); (PredicateCPA:ExpressionToFormulaVisitor.visit, WARNING)

Shutdown requested (The CPU-time limit of 30s has elapsed.), waiting for termination. (ForceTerminationOnShutdown$1.shutdownRequested, WARNING)

Warning: Analysis interrupted (The CPU-time limit of 30s has elapsed.) (ShutdownNotifier.shutdownIfNecessary, WARNING)

PredicateCPA statistics
-----------------------
Number of abstractions:            28097 (20% of all post computations)
  Times abstraction was reused:    0
  Because of function entry/exit:  24777 (88%)
  Because of loop head:            3286 (12%)
  Because of join nodes:           0 (0%)
  Because of threshold:            0 (0%)
  Because of target state:         34 (0%)
  Times precision was empty:       17984 (64%)
  Times precision was {false}:     466 (2%)
  Times result was cached:         9111 (32%)
  Times cartesian abs was used:    0 (0%)
  Times boolean abs was used:      536 (2%)
  Times result was 'false':        399 (1%)
Number of strengthen sat checks:   0
Number of coverage checks:         9581
  BDD entailment checks:           4329
Number of SMT sat checks:          0
  trivial:                         0
  cached:                          0

Max ABE block size:                       53
Number of predicates discovered:          18
Number of abstraction locations:          37
Max number of predicates per location:    17
Avg number of predicates per location:    3
Total predicates per abstraction:         47716
Max number of predicates per abstraction: 17
Avg number of predicates per abstraction: 47.62
Number of irrelevant predicates:          40886 (86%)
Number of preds handled by boolean abs:   3396 (7%)
  Total number of models for allsat:      931
  Max number of models for allsat:        16
  Avg number of models for allsat:        1.74

Time for post operator:                  5.155s
  Time for path formula creation:        4.940s
Time for strengthen operator:            0.313s
Time for prec operator:                  7.527s
  Time for abstraction:                  6.678s (Max:     0.026s, Count: 28097)
    Boolean abstraction:                 1.436s
    Solving time:                        1.374s (Max:     0.022s)
    Model enumeration time:              0.146s
    Time for BDD construction:           0.162s (Max:     0.012s)
Time for merge operator:                 0.359s
Time for coverage check:                 0.041s
  Time for BDD entailment checks:        0.025s
Total time for SMT solver (w/o itp):     1.526s

Number of path formula cache hits:   118798 (72%)

Inside post operator:                  
  Inside path formula creation:        
    Time for path formula computation:     4.437s

Total number of created targets for pointer analysis: 0


Number of BDD nodes:                               1576
Size of BDD node table:                            270749
Size of BDD cache:                                 27073
Size of BDD node cleanup queue:                        2113 (count: 28463, min: 0, max: 119, avg: 0.07)
Time for BDD node cleanup:                             0.032s
Time for BDD garbage collection:                       0.000s (in 0 runs)

PrecisionBootstrap statistics
-----------------------------
Init. function predicates:                         0
Init. global predicates:                           0
Init. location predicates:                         0

Invariant Generation statistics
-------------------------------

AutomatonAnalysis (SVCOMP) statistics
-------------------------------------
Number of states:                                  1
Total time for successor computation:                  0.524s
  Time for transition matches:                         0.225s
  Time for transition assertions:                      0.002s
  Time for transition actions:                         0.001s
Automaton transfers with branching:                0
Automaton transfer successors:                       144068 (count: 144068, min: 1, max: 1, avg: 1.00) [1 x 144068]

CPA algorithm statistics
------------------------
Number of iterations:            114625
Max size of waitlist:            532
Average size of waitlist:        220
Number of computed successors:   133257
Max successors for one state:    2
Number of times merged:          2626
Number of times stopped:         4706
Number of times breaked:         34

Total time for CPA algorithm:        21.673s (Max:     1.670s)
  Time for choose from waitlist:      0.236s
  Time for precision adjustment:      9.167s
  Time for transfer relation:         9.392s
  Time for merge operator:            0.557s
  Time for stop operator:             0.438s
  Time for adding to reached set:     0.685s

Predicate-Abstraction Refiner statistics
----------------------------------------
Number of predicate refinements:                   34
Avg. length of target path (in blocks):                 702 (count: 34, min: 13, max: 25, avg: 20.65)
Number of infeasible sliced prefixes:                     0 (count: 0, min: 0, max: 0, avg: 0.00)

Time for refinement:                                   1.142s
  Counterexample analysis:                             0.539s (Max:     0.025s, Calls: 34)
    Refinement sat check:                              0.327s
    Interpolant computation:                           0.000s
  Path-formulas extraction:                            0.002s
  Error path post-processing:                          0.000s
  Predicate creation:                                  0.037s
  Precision update:                                    0.040s
  ARG update:                                          0.492s

Length of refined path (in blocks):                     391 (count: 34, min: 9, max: 14, avg: 11.50)
Number of affected states:                              221 (count: 34, min: 4, max: 9, avg: 6.50)
Length (states) of path with itp 'true':                136 (count: 34, min: 4, max: 4, avg: 4.00)
Length (states) of path with itp non-trivial itp:       221 (count: 34, min: 4, max: 9, avg: 6.50)
Length (states) of path with itp 'false':                34 (count: 34, min: 1, max: 1, avg: 1.00)
Different non-trivial interpolants along paths:           0 (count: 34, min: 0, max: 0, avg: 0.00)
Equal non-trivial interpolants along paths:             187 (count: 34, min: 3, max: 8, avg: 5.50)
Number of refs with location-based cutoff:                0

CEGAR algorithm statistics
--------------------------
Number of refinements:                34
Number of successful refinements:     34
Number of failed refinements:         0
Max. size of reached set before ref.: 5026
Max. size of reached set after ref.:  12
Avg. size of reached set before ref.: 3746.12
Avg. size of reached set after ref.:  12.00

Total time for CEGAR algorithm:      23.017s
Time for refinements:                 1.339s
Average time for refinement:          0.039s
Max time for refinement:              0.120s

Code Coverage
-----------------------------
  Function coverage:      0.257
  Visited lines:          1686
  Total lines:            4925
  Line coverage:          0.342
  Visited conditions:     290
  Total conditions:       1232
  Condition coverage:     0.235

CPAchecker general statistics
-----------------------------
Number of program locations:     7008
Number of CFA edges:             7970
Number of relevant variables:    1030
Number of functions:             300
Number of loops:                 19
Size of reached set:             1192
  Number of reached locations:   876 (13%)
    Avg states per location:     1
    Max states per location:     33 (at node N5795)
  Number of reached functions:   77 (26%)
  Number of partitions:          1189
    Avg size of partitions:      1
    Max size of partitions:      3 (with key [N3831 (before line 10232), Function main called from node N3814, stack depth 1 [7f85217c], stack [main]])
  Number of target states:       0
  Size of final wait list        132

Time for analysis setup:          7.217s
  Time for loading CPAs:          1.089s
  Time for loading parser:        0.723s
  Time for CFA construction:      5.245s
    Time for parsing file(s):     1.213s
    Time for AST to CFA:          1.942s
    Time for CFA sanity check:    0.475s
    Time for post-processing:     1.412s
      Time for var class.:        0.638s
Time for Analysis:               23.017s
CPU time for analysis:           23.020s
Total time for CPAchecker:       30.238s
Total CPU time for CPAchecker:   30.210s
Time for statistics:              0.117s

Time for Garbage Collector:       0.795s (in 61 runs)
Garbage Collector(s) used:    Copy, MarkSweepCompact
Used heap memory:                 82MB (    78 MiB) max;     53MB (    50 MiB) avg;     86MB (    82 MiB) peak
Used non-heap memory:             40MB (    38 MiB) max;     35MB (    33 MiB) avg;     41MB (    39 MiB) peak
Allocated heap memory:           127MB (   121 MiB) max;    127MB (   121 MiB) avg
Allocated non-heap memory:        42MB (    40 MiB) max;     37MB (    35 MiB) avg
Total process virtual memory:   8083MB (  7709 MiB) max;   8070MB (  7696 MiB) avg

Verification result: UNKNOWN, incomplete analysis.
More details about the verification run can be found in the directory "./output".
