scripts/cpa.sh -Dy-MySearchStrategy-PredAbs-ABElf -heap 5600000000 -timelimit 30 -preprocess -stats -noout -setprop cpa.predicate.memoryAllocationsAlwaysSucceed=true -spec ../sv-benchmarks/c/ReachSafety.prp ../sv-benchmarks/c/systemc/pipeline_true-unreach-call_false-termination.cil.c


--------------------------------------------------------------------------------


Running CPAchecker with Java heap of size 5600000000.
Running CPAchecker with default stack size (1024k). Specify a larger value with -stack if needed.
Running CPAchecker with the following extra VM options:  -Djava.io.tmpdir=/tmp/BenchExec_run_8zf093f9/tmp
Using the following resource limits: CPU-time limit of 30s (ResourceLimitChecker.fromConfiguration, INFO)

CPAchecker (unknown version) (OpenJDK 64-Bit Server VM 1.8.0_151) started (CPAchecker.run, INFO)

MathSAT5 is available for research and evaluation purposes only. It can not be used in a commercial environment, particularly as part of a commercial product, without written permission. MathSAT5 is provided as is, without any warranty. Please write to mathsat@fbk.eu for additional questions regarding licensing MathSAT5 or obtaining more up-to-date versions. (PredicateCPA:JavaSMT:Mathsat5SolverContext.<init>, WARNING)

Using predicate analysis with MathSAT5 version 5.3.14 (0b98b661254c) (Nov 17 2016 10:59:45, gmp 5.1.3, gcc 4.8.5, 64-bit) and JFactory 1.21. (PredicateCPA:PredicateCPA.<init>, INFO)

Using refinement for predicate analysis with PredicateAbstractionRefinementStrategy strategy. (PredicateCPA:PredicateCPARefiner.<init>, INFO)

Starting analysis ... (CPAchecker.runAlgorithm, INFO)

Shutdown requested (The CPU-time limit of 30s has elapsed.), waiting for termination. (ForceTerminationOnShutdown$1.shutdownRequested, WARNING)

Warning: Analysis interrupted (The CPU-time limit of 30s has elapsed.) (ShutdownNotifier.shutdownIfNecessary, WARNING)

PredicateCPA statistics
-----------------------
Number of abstractions:            9063 (6% of all post computations)
  Times abstraction was reused:    0
  Because of function entry/exit:  7385 (81%)
  Because of loop head:            1665 (18%)
  Because of join nodes:           0 (0%)
  Because of threshold:            0 (0%)
  Because of target state:         13 (0%)
  Times precision was empty:       912 (10%)
  Times precision was {false}:     1196 (13%)
  Times result was cached:         5117 (56%)
  Times cartesian abs was used:    0 (0%)
  Times boolean abs was used:      1838 (20%)
  Times result was 'false':        65 (1%)
Number of strengthen sat checks:   0
Number of coverage checks:         38632
  BDD entailment checks:           5318
Number of SMT sat checks:          0
  trivial:                         0
  cached:                          0

Max ABE block size:                       103
Number of predicates discovered:          13
Number of abstraction locations:          20
Max number of predicates per location:    11
Avg number of predicates per location:    4
Total predicates per abstraction:         20030
Max number of predicates per abstraction: 11
Avg number of predicates per abstraction: 6.60
Number of irrelevant predicates:          11312 (56%)
Number of preds handled by boolean abs:   4445 (22%)
  Total number of models for allsat:      11540
  Max number of models for allsat:        124
  Avg number of models for allsat:        6.28

Time for post operator:                  3.259s
  Time for path formula creation:        3.097s
Time for strengthen operator:            0.210s
Time for prec operator:                 15.433s
  Time for abstraction:                 15.003s (Max:     0.179s, Count: 9063)
    Boolean abstraction:                 6.542s
    Solving time:                        5.503s (Max:     0.028s)
    Model enumeration time:              2.684s
    Time for BDD construction:           0.383s (Max:     0.035s)
Time for merge operator:                 0.485s
Time for coverage check:                 0.067s
  Time for BDD entailment checks:        0.051s
Total time for SMT solver (w/o itp):     8.187s

Number of path formula cache hits:   106464 (68%)

Inside post operator:                  
  Inside path formula creation:        
    Time for path formula computation:     2.835s

Total number of created targets for pointer analysis: 0


Number of BDD nodes:                               6296
Size of BDD node table:                            270749
Size of BDD cache:                                 27073
Size of BDD node cleanup queue:                        4051 (count: 23496, min: 0, max: 436, avg: 0.17)
Time for BDD node cleanup:                             0.008s
Time for BDD garbage collection:                       0.000s (in 0 runs)

PrecisionBootstrap statistics
-----------------------------
Init. function predicates:                         0
Init. global predicates:                           0
Init. location predicates:                         0

Invariant Generation statistics
-------------------------------

AutomatonAnalysis (SVCOMP) statistics
-------------------------------------
Number of states:                                  1
Total time for successor computation:                  0.471s
Automaton transfers with branching:                0
Automaton transfer successors:                       140509 (count: 140509, min: 1, max: 1, avg: 1.00) [1 x 140509]

CPA algorithm statistics
------------------------
Number of iterations:            95720
Max size of waitlist:            140
Average size of waitlist:        41
Number of computed successors:   116451
Max successors for one state:    2
Number of times merged:          16657
Number of times stopped:         20080
Number of times breaked:         13

Total time for CPA algorithm:        25.715s (Max:     5.180s)
  Time for choose from waitlist:      0.166s
  Time for precision adjustment:     16.776s
  Time for transfer relation:         6.029s
  Time for merge operator:            1.036s
  Time for stop operator:             0.396s
  Time for adding to reached set:     0.426s

Predicate-Abstraction Refiner statistics
----------------------------------------
Number of predicate refinements:                   13
Avg. length of target path (in blocks):                 282 (count: 13, min: 15, max: 34, avg: 21.69)
Number of infeasible sliced prefixes:                     0 (count: 0, min: 0, max: 0, avg: 0.00)

Time for refinement:                                   1.283s
  Counterexample analysis:                             0.775s (Max:     0.167s, Calls: 13)
    Refinement sat check:                              0.615s
    Interpolant computation:                           0.000s
  Path-formulas extraction:                            0.000s
  Error path post-processing:                          0.000s
  Predicate creation:                                  0.039s
  Precision update:                                    0.039s
  ARG update:                                          0.316s

Length of refined path (in blocks):                     226 (count: 13, min: 8, max: 27, avg: 17.38)
Number of affected states:                              213 (count: 13, min: 7, max: 26, avg: 16.38)
Length (states) of path with itp 'true':                  0 (count: 13, min: 0, max: 0, avg: 0.00)
Length (states) of path with itp non-trivial itp:       213 (count: 13, min: 7, max: 26, avg: 16.38)
Length (states) of path with itp 'false':                13 (count: 13, min: 1, max: 1, avg: 1.00)
Different non-trivial interpolants along paths:           7 (count: 13, min: 0, max: 5, avg: 0.54)
Equal non-trivial interpolants along paths:             193 (count: 13, min: 4, max: 25, avg: 14.85)
Number of refs with location-based cutoff:                0

CEGAR algorithm statistics
--------------------------
Number of refinements:                13
Number of successful refinements:     13
Number of failed refinements:         0
Max. size of reached set before ref.: 13934
Max. size of reached set after ref.:  3
Avg. size of reached set before ref.: 6258.23
Avg. size of reached set after ref.:  3.00

Total time for CEGAR algorithm:      27.240s
Time for refinements:                 1.524s
Average time for refinement:          0.117s
Max time for refinement:              0.239s

Code Coverage
-----------------------------
  Function coverage:      0.889
  Visited lines:          384
  Total lines:            387
  Line coverage:          0.992
  Visited conditions:     222
  Total conditions:       222
  Condition coverage:     1.000

CPAchecker general statistics
-----------------------------
Number of program locations:     635
Number of CFA edges:             748
Number of relevant variables:    62
Number of functions:             9
Number of loops:                 3
Size of reached set:             14989
  Number of reached locations:   484 (76%)
    Avg states per location:     30
    Max states per location:     242 (at node N123)
  Number of reached functions:   8 (89%)
  Number of partitions:          14853
    Avg size of partitions:      1
    Max size of partitions:      4 (with key [N344 (before lines 492-741), Function start_simulation called from node N579, stack depth 2 [31d862de], stack [main, start_simulation]])
  Number of target states:       0
  Size of final wait list        74

Time for analysis setup:          3.042s
  Time for loading CPAs:          0.721s
  Time for loading parser:        0.793s
  Time for CFA construction:      1.339s
    Time for parsing file(s):     0.457s
    Time for AST to CFA:          0.295s
    Time for CFA sanity check:    0.111s
    Time for post-processing:     0.320s
      Time for var class.:        0.126s
Time for Analysis:               27.241s
CPU time for analysis:           27.220s
Total time for CPAchecker:       30.287s
Total CPU time for CPAchecker:   30.270s
Time for statistics:              0.375s

Time for Garbage Collector:       0.758s (in 47 runs)
Garbage Collector(s) used:    Copy, MarkSweepCompact
Used heap memory:                 93MB (    89 MiB) max;     51MB (    49 MiB) avg;     98MB (    93 MiB) peak
Used non-heap memory:             36MB (    34 MiB) max;     33MB (    32 MiB) avg;     37MB (    35 MiB) peak
Allocated heap memory:           127MB (   121 MiB) max;    127MB (   121 MiB) avg
Allocated non-heap memory:        38MB (    36 MiB) max;     36MB (    34 MiB) avg
Total process virtual memory:   8086MB (  7712 MiB) max;   8074MB (  7700 MiB) avg

Verification result: UNKNOWN, incomplete analysis.
More details about the verification run can be found in the directory "./output".
