scripts/cpa.sh -Dy-MySearchStrategy-PredAbs-ABElf -heap 5600000000 -timelimit 900 -preprocess -stats -noout -setprop cpa.predicate.memoryAllocationsAlwaysSucceed=true -spec ../sv-benchmarks/c/ReachSafety.prp ../sv-benchmarks/c/systemc/pipeline_true-unreach-call_false-termination.cil.c


--------------------------------------------------------------------------------


Running CPAchecker with Java heap of size 5600000000.
Running CPAchecker with default stack size (1024k). Specify a larger value with -stack if needed.
Running CPAchecker with the following extra VM options:  -Djava.io.tmpdir=/tmp/BenchExec_run_vmttlsds/tmp
Using the following resource limits: CPU-time limit of 900s (ResourceLimitChecker.fromConfiguration, INFO)

CPAchecker (unknown version) (OpenJDK 64-Bit Server VM 1.8.0_151) started (CPAchecker.run, INFO)

MathSAT5 is available for research and evaluation purposes only. It can not be used in a commercial environment, particularly as part of a commercial product, without written permission. MathSAT5 is provided as is, without any warranty. Please write to mathsat@fbk.eu for additional questions regarding licensing MathSAT5 or obtaining more up-to-date versions. (PredicateCPA:JavaSMT:Mathsat5SolverContext.<init>, WARNING)

Using predicate analysis with MathSAT5 version 5.3.14 (0b98b661254c) (Nov 17 2016 10:59:45, gmp 5.1.3, gcc 4.8.5, 64-bit) and JFactory 1.21. (PredicateCPA:PredicateCPA.<init>, INFO)

Using refinement for predicate analysis with PredicateAbstractionRefinementStrategy strategy. (PredicateCPA:PredicateCPARefiner.<init>, INFO)

Starting analysis ... (CPAchecker.runAlgorithm, INFO)

Shutdown requested (The CPU-time limit of 900s has elapsed.), waiting for termination. (ForceTerminationOnShutdown$1.shutdownRequested, WARNING)

Warning: Analysis interrupted (The CPU-time limit of 900s has elapsed.) (ShutdownNotifier.shutdownIfNecessary, WARNING)

PredicateCPA statistics
-----------------------
Number of abstractions:            64913 (9% of all post computations)
  Times abstraction was reused:    0
  Because of function entry/exit:  54900 (85%)
  Because of loop head:            9985 (15%)
  Because of join nodes:           0 (0%)
  Because of threshold:            0 (0%)
  Because of target state:         28 (0%)
  Times precision was empty:       686 (1%)
  Times precision was {false}:     890 (1%)
  Times result was cached:         31041 (48%)
  Times cartesian abs was used:    0 (0%)
  Times boolean abs was used:      32296 (50%)
  Times result was 'false':        1940 (3%)
Number of strengthen sat checks:   0
Number of coverage checks:         434173
  BDD entailment checks:           311505
Number of SMT sat checks:          0
  trivial:                         0
  cached:                          0

Max ABE block size:                       103
Number of predicates discovered:          41
Number of abstraction locations:          20
Max number of predicates per location:    35
Avg number of predicates per location:    22
Total predicates per abstraction:         835005
Max number of predicates per abstraction: 35
Avg number of predicates per abstraction: 25.16
Number of irrelevant predicates:          248802 (30%)
Number of preds handled by boolean abs:   399987 (48%)
  Total number of models for allsat:      1237690
  Max number of models for allsat:        24552
  Avg number of models for allsat:        38.32

Time for post operator:                  6.729s
  Time for path formula creation:        6.153s
Time for strengthen operator:            0.686s
Time for prec operator:                861.434s
  Time for abstraction:                860.223s (Max:   216.953s, Count: 64913)
    Boolean abstraction:               790.399s
    Solving time:                       63.980s (Max:     0.030s)
    Model enumeration time:            665.200s
    Time for BDD construction:          56.577s (Max:     1.824s)
Time for merge operator:                 0.830s
Time for coverage check:                 0.626s
  Time for BDD entailment checks:        0.559s
Total time for SMT solver (w/o itp):   729.185s

Number of path formula cache hits:   606909 (77%)

Inside post operator:                  
  Inside path formula creation:        
    Time for path formula computation:     5.289s

Total number of created targets for pointer analysis: 0


Number of BDD nodes:                               243138
Size of BDD node table:                            270749
Size of BDD cache:                                 27073
Size of BDD node cleanup queue:                      108070 (count: 528182, min: 0, max: 4409, avg: 0.20)
Time for BDD node cleanup:                             0.111s
Time for BDD garbage collection:                       0.237s (in 50 runs)

PrecisionBootstrap statistics
-----------------------------
Init. function predicates:                         0
Init. global predicates:                           0
Init. location predicates:                         0

Invariant Generation statistics
-------------------------------

AutomatonAnalysis (SVCOMP) statistics
-------------------------------------
Number of states:                                  1
Total time for successor computation:                  1.118s
  Time for transition matches:                         0.633s
  Time for transition assertions:                      0.000s
  Time for transition actions:                         0.001s
Automaton transfers with branching:                0
Automaton transfer successors:                       702018 (count: 702018, min: 1, max: 1, avg: 1.00) [1 x 702018]

CPA algorithm statistics
------------------------
Number of iterations:            450696
Max size of waitlist:            108
Average size of waitlist:        18
Number of computed successors:   540808
Max successors for one state:    2
Number of times merged:          61334
Number of times stopped:         87993
Number of times breaked:         28

Total time for CPA algorithm:       887.719s (Max:   710.630s)
  Time for choose from waitlist:      0.326s
  Time for precision adjustment:    865.718s
  Time for transfer relation:        14.767s
  Time for merge operator:            2.377s
  Time for stop operator:             1.576s
  Time for adding to reached set:     0.979s

Predicate-Abstraction Refiner statistics
----------------------------------------
Number of predicate refinements:                   28
Avg. length of target path (in blocks):                1056 (count: 28, min: 15, max: 122, avg: 37.71)
Number of infeasible sliced prefixes:                     0 (count: 0, min: 0, max: 0, avg: 0.00)

Time for refinement:                                   8.684s
  Counterexample analysis:                             7.566s (Max:     3.298s, Calls: 28)
    Refinement sat check:                              5.853s
    Interpolant computation:                           0.000s
  Path-formulas extraction:                            0.002s
  Error path post-processing:                          0.000s
  Predicate creation:                                  0.103s
  Precision update:                                    0.023s
  ARG update:                                          0.903s

Length of refined path (in blocks):                     902 (count: 28, min: 12, max: 121, avg: 32.21)
Number of affected states:                              870 (count: 28, min: 11, max: 120, avg: 31.07)
Length (states) of path with itp 'true':                  4 (count: 28, min: 0, max: 1, avg: 0.14)
Length (states) of path with itp non-trivial itp:       870 (count: 28, min: 11, max: 120, avg: 31.07)
Length (states) of path with itp 'false':                28 (count: 28, min: 1, max: 1, avg: 1.00)
Different non-trivial interpolants along paths:          81 (count: 28, min: 0, max: 37, avg: 2.89)
Equal non-trivial interpolants along paths:             761 (count: 28, min: 5, max: 92, avg: 27.18)
Number of refs with location-based cutoff:                0

CEGAR algorithm statistics
--------------------------
Number of refinements:                28
Number of successful refinements:     28
Number of failed refinements:         0
Max. size of reached set before ref.: 56656
Max. size of reached set after ref.:  199
Avg. size of reached set before ref.: 13599.68
Avg. size of reached set after ref.:  31.00

Total time for CEGAR algorithm:     897.193s
Time for refinements:                 9.467s
Average time for refinement:          0.338s
Max time for refinement:              3.562s

Code Coverage
-----------------------------
  Function coverage:      0.889
  Visited lines:          384
  Total lines:            387
  Line coverage:          0.992
  Visited conditions:     222
  Total conditions:       222
  Condition coverage:     1.000

CPAchecker general statistics
-----------------------------
Number of program locations:     635
Number of CFA edges:             748
Number of relevant variables:    62
Number of functions:             9
Number of loops:                 3
Size of reached set:             70952
  Number of reached locations:   484 (76%)
    Avg states per location:     146
    Max states per location:     1393 (at node N123)
  Number of reached functions:   8 (89%)
  Number of partitions:          69600
    Avg size of partitions:      1
    Max size of partitions:      138 (with key [N67 (before lines 136-234), Function eval called from node N348, stack depth 3 [2773c9eb], stack [main, start_simulation, eval]])
  Number of target states:       0
  Size of final wait list        16

Time for analysis setup:          3.080s
  Time for loading CPAs:          0.905s
  Time for loading parser:        0.661s
  Time for CFA construction:      1.377s
    Time for parsing file(s):     0.389s
    Time for AST to CFA:          0.344s
    Time for CFA sanity check:    0.125s
    Time for post-processing:     0.353s
      Time for var class.:        0.133s
Time for Analysis:              897.193s
CPU time for analysis:          897.020s
Total time for CPAchecker:      900.278s
Total CPU time for CPAchecker:  900.090s
Time for statistics:              0.863s

Time for Garbage Collector:       8.443s (in 500 runs)
Garbage Collector(s) used:    Copy, MarkSweepCompact
Used heap memory:                247MB (   235 MiB) max;    161MB (   154 MiB) avg;    268MB (   255 MiB) peak
Used non-heap memory:             37MB (    35 MiB) max;     35MB (    33 MiB) avg;     38MB (    36 MiB) peak
Allocated heap memory:           309MB (   295 MiB) max;    249MB (   237 MiB) avg
Allocated non-heap memory:        39MB (    37 MiB) max;     39MB (    37 MiB) avg
Total process virtual memory:  10039MB (  9574 MiB) max;   9431MB (  8994 MiB) avg

Verification result: UNKNOWN, incomplete analysis.
More details about the verification run can be found in the directory "./output".
