scripts/cpa.sh -Dy-MySearchStrategy-PredAbs-ABElf -heap 5600000000 -timelimit 900 -preprocess -stats -noout -setprop cpa.predicate.memoryAllocationsAlwaysSucceed=true -spec ../sv-benchmarks/c/ReachSafety.prp ../sv-benchmarks/c/ldv-linux-3.4-simple/32_1_cilled_true-unreach-call_ok_nondet_linux-3.4-32_1-drivers--scsi--qlogicfas408.ko-ldv_main0_sequence_infinite_withcheck_stateful.cil.out.c


--------------------------------------------------------------------------------


Running CPAchecker with Java heap of size 5600000000.
Running CPAchecker with default stack size (1024k). Specify a larger value with -stack if needed.
Running CPAchecker with the following extra VM options:  -Djava.io.tmpdir=/tmp/BenchExec_run_bpf6eyjy/tmp
Using the following resource limits: CPU-time limit of 900s (ResourceLimitChecker.fromConfiguration, INFO)

CPAchecker (unknown version) (OpenJDK 64-Bit Server VM 1.8.0_162) started (CPAchecker.run, INFO)

Inline assembler ignored, analysis is probably unsound! (CFABuilder.createCFA, WARNING)

line 5616: Function pointer *__cil_tmp41 with type void (*)(struct scsi_cmnd *) is called, but no possible target functions were found. (CFunctionPointerResolver.replaceFunctionPointerCall, WARNING)

line 5714: Function pointer *done with type void (*)(struct scsi_cmnd *) is called, but no possible target functions were found. (CFunctionPointerResolver.replaceFunctionPointerCall, WARNING)

MathSAT5 is available for research and evaluation purposes only. It can not be used in a commercial environment, particularly as part of a commercial product, without written permission. MathSAT5 is provided as is, without any warranty. Please write to mathsat@fbk.eu for additional questions regarding licensing MathSAT5 or obtaining more up-to-date versions. (PredicateCPA:JavaSMT:Mathsat5SolverContext.<init>, WARNING)

Using predicate analysis with MathSAT5 version 5.3.14 (0b98b661254c) (Nov 17 2016 10:59:45, gmp 5.1.3, gcc 4.8.5, 64-bit) and JFactory 1.21. (PredicateCPA:PredicateCPA.<init>, INFO)

Using refinement for predicate analysis with PredicateAbstractionRefinementStrategy strategy. (PredicateCPA:PredicateCPARefiner.<init>, INFO)

Starting analysis ... (CPAchecker.runAlgorithm, INFO)

Assuming external function ldv_initialize to be a constant function. (PredicateCPA:ExpressionToFormulaVisitor.visit, INFO)

Assuming external function _raw_spin_unlock_irqrestore to be a pure function. (PredicateCPA:ExpressionToFormulaVisitor.visit, INFO)

line 5616: Ignoring call via function pointer ql_ihandl::__cil_tmp41 for which no suitable target was found in line: (*__cil_tmp41)(icmd); (FunctionPointerCPA:FunctionPointerTransferRelation.getAbstractSuccessorsForEdge, WARNING)

line 5616: Ignoring function call through function pointer *__cil_tmp41: (*__cil_tmp41)(icmd); (PredicateCPA:ExpressionToFormulaVisitor.visit, WARNING)

Assuming external function sg_next to be a pure function. (PredicateCPA:ExpressionToFormulaVisitor.visit, INFO)

Stopping analysis ... (CPAchecker.runAlgorithm, INFO)

PredicateCPA statistics
-----------------------
Number of abstractions:            27985 (15% of all post computations)
  Times abstraction was reused:    0
  Because of function entry/exit:  24624 (88%)
  Because of loop head:            3316 (12%)
  Because of join nodes:           0 (0%)
  Because of threshold:            0 (0%)
  Because of target state:         45 (0%)
  Times precision was empty:       6540 (23%)
  Times precision was {false}:     703 (3%)
  Times result was cached:         20501 (73%)
  Times cartesian abs was used:    0 (0%)
  Times boolean abs was used:      241 (1%)
  Times result was 'false':        497 (2%)
Number of strengthen sat checks:   0
Number of coverage checks:         14765
  BDD entailment checks:           6461
Number of SMT sat checks:          0
  trivial:                         0
  cached:                          0

Max ABE block size:                       104
Number of predicates discovered:          4
Number of abstraction locations:          131
Max number of predicates per location:    3
Avg number of predicates per location:    1
Total predicates per abstraction:         22285
Max number of predicates per abstraction: 3
Avg number of predicates per abstraction: 23.61
Number of irrelevant predicates:          11456 (51%)
Number of preds handled by boolean abs:   259 (1%)
  Total number of models for allsat:      259
  Max number of models for allsat:        2
  Avg number of models for allsat:        1.07

Time for post operator:                  2.825s
  Time for path formula creation:        2.738s
Time for strengthen operator:            0.218s
Time for prec operator:                  3.723s
  Time for abstraction:                  3.233s (Max:     0.029s, Count: 27985)
    Boolean abstraction:                 0.176s
    Solving time:                        0.355s (Max:     0.014s)
    Model enumeration time:              0.008s
    Time for BDD construction:           0.020s (Max:     0.006s)
Time for merge operator:                 0.245s
Time for coverage check:                 0.065s
  Time for BDD entailment checks:        0.059s
Total time for SMT solver (w/o itp):     0.363s

Number of path formula cache hits:   159736 (77%)

Inside post operator:                  
  Inside path formula creation:        
    Time for path formula computation:     2.316s

Total number of created targets for pointer analysis: 0


Number of BDD nodes:                               210
Size of BDD node table:                            270749
Size of BDD cache:                                 27073
Size of BDD node cleanup queue:                         485 (count: 18057, min: 0, max: 44, avg: 0.03)
Time for BDD node cleanup:                             0.005s
Time for BDD garbage collection:                       0.000s (in 0 runs)

PrecisionBootstrap statistics
-----------------------------
Init. function predicates:                         0
Init. global predicates:                           0
Init. location predicates:                         0

Invariant Generation statistics
-------------------------------

AutomatonAnalysis (SVCOMP) statistics
-------------------------------------
Number of states:                                  1
Total time for successor computation:                  0.521s
  Time for transition matches:                         0.241s
  Time for transition assertions:                      0.000s
  Time for transition actions:                         0.002s
Automaton transfers with branching:                0
Automaton transfer successors:                       181901 (count: 181901, min: 1, max: 1, avg: 1.00) [1 x 181901]

CPA algorithm statistics
------------------------
Number of iterations:            99519
Max size of waitlist:            32
Average size of waitlist:        16
Number of computed successors:   108716
Max successors for one state:    2
Number of times merged:          4152
Number of times stopped:         8271
Number of times breaked:         45

Total time for CPA algorithm:        12.286s (Max:     0.995s)
  Time for choose from waitlist:      0.190s
  Time for precision adjustment:      4.595s
  Time for transfer relation:         6.001s
  Time for merge operator:            0.409s
  Time for stop operator:             0.308s
  Time for adding to reached set:     0.155s

Predicate-Abstraction Refiner statistics
----------------------------------------
Number of predicate refinements:                   45
Avg. length of target path (in blocks):                2918 (count: 45, min: 8, max: 90, avg: 64.84)
Number of infeasible sliced prefixes:                     0 (count: 0, min: 0, max: 0, avg: 0.00)

Time for refinement:                                   1.268s
  Counterexample analysis:                             0.776s (Max:     0.035s, Calls: 45)
    Refinement sat check:                              0.431s
    Interpolant computation:                           0.000s
  Path-formulas extraction:                            0.015s
  Error path post-processing:                          0.000s
  Predicate creation:                                  0.043s
  Precision update:                                    0.032s
  ARG update:                                          0.349s

Length of refined path (in blocks):                    2829 (count: 45, min: 7, max: 89, avg: 62.87)
Number of affected states:                             2664 (count: 45, min: 1, max: 88, avg: 59.20)
Length (states) of path with itp 'true':                120 (count: 45, min: 0, max: 60, avg: 2.67)
Length (states) of path with itp non-trivial itp:      2664 (count: 45, min: 1, max: 88, avg: 59.20)
Length (states) of path with itp 'false':                45 (count: 45, min: 1, max: 1, avg: 1.00)
Different non-trivial interpolants along paths:           0 (count: 45, min: 0, max: 0, avg: 0.00)
Equal non-trivial interpolants along paths:            2619 (count: 45, min: 0, max: 87, avg: 58.20)
Number of refs with location-based cutoff:                0

CEGAR algorithm statistics
--------------------------
Number of refinements:                45
Number of successful refinements:     45
Number of failed refinements:         0
Max. size of reached set before ref.: 2825
Max. size of reached set after ref.:  1466
Avg. size of reached set before ref.: 2255.36
Avg. size of reached set after ref.:  66.78

Total time for CEGAR algorithm:      13.729s
Time for refinements:                 1.434s
Average time for refinement:          0.031s
Max time for refinement:              0.049s

Code Coverage
-----------------------------
  Function coverage:      0.543
  Visited lines:          1676
  Total lines:            2344
  Line coverage:          0.715
  Visited conditions:     152
  Total conditions:       190
  Condition coverage:     0.800

CPAchecker general statistics
-----------------------------
Number of program locations:     2670
Number of CFA edges:             2883
Number of relevant variables:    359
Number of functions:             46
Number of loops:                 18
Size of reached set:             1463
  Number of reached locations:   625 (23%)
    Avg states per location:     2
    Max states per location:     63 (at node N33)
  Number of reached functions:   25 (54%)
  Number of partitions:          1461
    Avg size of partitions:      1
    Max size of partitions:      2 (with key [N403 (before lines 4330-4354), Function ql_pdma called from node N1149, stack depth 5 [1516536d], stack [main, qlogicfas408_ihandl, ql_ihandl, ql_pcmd, ql_pdma]])
  Number of target states:       0

Time for analysis setup:          3.425s
  Time for loading CPAs:          0.663s
  Time for loading parser:        0.463s
  Time for CFA construction:      2.189s
    Time for parsing file(s):     0.612s
    Time for AST to CFA:          0.684s
    Time for CFA sanity check:    0.176s
    Time for post-processing:     0.550s
      Time for var class.:        0.258s
Time for Analysis:               13.729s
CPU time for analysis:           13.730s
Time for analyzing result:        0.002s
Total time for CPAchecker:       17.157s
Total CPU time for CPAchecker:   17.160s
Time for statistics:              0.081s

Time for Garbage Collector:       0.445s (in 50 runs)
Garbage Collector(s) used:    Copy, MarkSweepCompact
Used heap memory:                 74MB (    70 MiB) max;     47MB (    45 MiB) avg;     78MB (    75 MiB) peak
Used non-heap memory:             38MB (    36 MiB) max;     33MB (    32 MiB) avg;     38MB (    37 MiB) peak
Allocated heap memory:           127MB (   121 MiB) max;    127MB (   121 MiB) avg
Allocated non-heap memory:        40MB (    38 MiB) max;     35MB (    33 MiB) avg
Total process virtual memory:   8020MB (  7648 MiB) max;   8006MB (  7635 MiB) avg

Verification result: TRUE. No property violation found by chosen configuration.
More details about the verification run can be found in the directory "./output".
