scripts/cpa.sh -Dy-MySearchStrategy-PredAbs-ABElf -heap 5600000000 -timelimit 30 -preprocess -stats -noout -setprop cpa.predicate.memoryAllocationsAlwaysSucceed=true -spec ../sv-benchmarks/c/ReachSafety.prp ../sv-benchmarks/c/product-lines/minepump_spec4_product56_true-unreach-call_false-termination.cil.c


--------------------------------------------------------------------------------


Running CPAchecker with Java heap of size 5600000000.
Running CPAchecker with default stack size (1024k). Specify a larger value with -stack if needed.
Running CPAchecker with the following extra VM options:  -Djava.io.tmpdir=/tmp/BenchExec_run_46c2hu01/tmp
Using the following resource limits: CPU-time limit of 30s (ResourceLimitChecker.fromConfiguration, INFO)

CPAchecker (unknown version) (OpenJDK 64-Bit Server VM 1.8.0_151) started (CPAchecker.run, INFO)

line 189: Dead code detected: return (retValue_acc); (CFACreationUtils.addEdgeToCFA, INFO)

line 198: Dead code detected: return (retValue_acc); (CFACreationUtils.addEdgeToCFA, INFO)

line 253: Dead code detected: return (retValue_acc); (CFACreationUtils.addEdgeToCFA, INFO)

line 272: Dead code detected: return (retValue_acc); (CFACreationUtils.addEdgeToCFA, INFO)

line 615: Dead code detected: return (retValue_acc); (CFACreationUtils.addEdgeToCFA, INFO)

line 661: Dead code detected: return (retValue_acc); (CFACreationUtils.addEdgeToCFA, INFO)

line 860: Dead code detected: return (retValue_acc); (CFACreationUtils.addEdgeToCFA, INFO)

line 917: Dead code detected: return (retValue_acc); (CFACreationUtils.addEdgeToCFA, INFO)

line 949: Dead code detected: return (retValue_acc); (CFACreationUtils.addEdgeToCFA, INFO)

line 963: Dead code detected: return (retValue_acc); (CFACreationUtils.addEdgeToCFA, INFO)

line 972: Dead code detected: return (retValue_acc); (CFACreationUtils.addEdgeToCFA, INFO)

line 984: Dead code detected: return (retValue_acc); (CFACreationUtils.addEdgeToCFA, INFO)

line 1007: Dead code detected: return (retValue_acc); (CFACreationUtils.addEdgeToCFA, INFO)

line 452: Function pointer *__cil_tmp10 with type int (*)(int, int) is called, but no possible target functions were found. (CFunctionPointerResolver.replaceFunctionPointerCall, WARNING)

MathSAT5 is available for research and evaluation purposes only. It can not be used in a commercial environment, particularly as part of a commercial product, without written permission. MathSAT5 is provided as is, without any warranty. Please write to mathsat@fbk.eu for additional questions regarding licensing MathSAT5 or obtaining more up-to-date versions. (PredicateCPA:JavaSMT:Mathsat5SolverContext.<init>, WARNING)

Using predicate analysis with MathSAT5 version 5.3.14 (0b98b661254c) (Nov 17 2016 10:59:45, gmp 5.1.3, gcc 4.8.5, 64-bit) and JFactory 1.21. (PredicateCPA:PredicateCPA.<init>, INFO)

Using refinement for predicate analysis with PredicateAbstractionRefinementStrategy strategy. (PredicateCPA:PredicateCPARefiner.<init>, INFO)

Starting analysis ... (CPAchecker.runAlgorithm, INFO)

Shutdown requested (The CPU-time limit of 30s has elapsed.), waiting for termination. (ForceTerminationOnShutdown$1.shutdownRequested, WARNING)

Warning: Analysis interrupted (The CPU-time limit of 30s has elapsed.) (ShutdownNotifier.shutdownIfNecessary, WARNING)

PredicateCPA statistics
-----------------------
Number of abstractions:            59570 (27% of all post computations)
  Times abstraction was reused:    0
  Because of function entry/exit:  58601 (98%)
  Because of loop head:            626 (1%)
  Because of join nodes:           0 (0%)
  Because of threshold:            0 (0%)
  Because of target state:         343 (1%)
  Times precision was empty:       3969 (7%)
  Times precision was {false}:     622 (1%)
  Times result was cached:         49267 (83%)
  Times cartesian abs was used:    0 (0%)
  Times boolean abs was used:      5712 (10%)
  Times result was 'false':        7486 (13%)
Number of strengthen sat checks:   0
Number of coverage checks:         46004
  BDD entailment checks:           38922
Number of SMT sat checks:          0
  trivial:                         0
  cached:                          0

Max ABE block size:                       9
Number of predicates discovered:          17
Number of abstraction locations:          63
Max number of predicates per location:    11
Avg number of predicates per location:    5
Total predicates per abstraction:         263267
Max number of predicates per abstraction: 11
Avg number of predicates per abstraction: 41.56
Number of irrelevant predicates:          132171 (50%)
Number of preds handled by boolean abs:   23144 (9%)
  Total number of models for allsat:      10571
  Max number of models for allsat:        6
  Avg number of models for allsat:        1.85

Time for post operator:                  1.824s
  Time for path formula creation:        1.692s
Time for strengthen operator:            0.180s
Time for prec operator:                 15.805s
  Time for abstraction:                 15.217s (Max:     0.018s, Count: 59570)
    Boolean abstraction:                 3.937s
    Solving time:                        2.926s (Max:     0.013s)
    Model enumeration time:              0.492s
    Time for BDD construction:           0.227s (Max:     0.010s)
Time for merge operator:                 0.071s
Time for coverage check:                 0.055s
  Time for BDD entailment checks:        0.038s
Total time for SMT solver (w/o itp):     3.418s

Number of path formula cache hits:   208439 (79%)

Inside post operator:                  
  Inside path formula creation:        
    Time for path formula computation:     1.323s

Total number of created targets for pointer analysis: 0


Number of BDD nodes:                               2503
Size of BDD node table:                            270749
Size of BDD cache:                                 27073
Size of BDD node cleanup queue:                       13741 (count: 83246, min: 0, max: 719, avg: 0.17)
Time for BDD node cleanup:                             0.009s
Time for BDD garbage collection:                       0.000s (in 0 runs)

PrecisionBootstrap statistics
-----------------------------
Init. function predicates:                         0
Init. global predicates:                           0
Init. location predicates:                         0

Invariant Generation statistics
-------------------------------

AutomatonAnalysis (SVCOMP) statistics
-------------------------------------
Number of states:                                  1
Total time for successor computation:                  0.528s
  Time for transition matches:                         0.232s
  Time for transition assertions:                      0.002s
  Time for transition actions:                         0.002s
Automaton transfers with branching:                0
Automaton transfer successors:                       221666 (count: 221666, min: 1, max: 1, avg: 1.00) [1 x 221666]

CPA algorithm statistics
------------------------
Number of iterations:            171748
Max size of waitlist:            100
Average size of waitlist:        50
Number of computed successors:   197461
Max successors for one state:    2
Number of times merged:          3541
Number of times stopped:         9551
Number of times breaked:         343

Total time for CPA algorithm:        22.898s (Max:     0.728s)
  Time for choose from waitlist:      0.147s
  Time for precision adjustment:     17.015s
  Time for transfer relation:         4.187s
  Time for merge operator:            0.228s
  Time for stop operator:             0.293s
  Time for adding to reached set:     0.345s

Predicate-Abstraction Refiner statistics
----------------------------------------
Number of predicate refinements:                   343
Avg. length of target path (in blocks):               23230 (count: 343, min: 19, max: 115, avg: 67.73)
Number of infeasible sliced prefixes:                     0 (count: 0, min: 0, max: 0, avg: 0.00)

Time for refinement:                                   3.568s
  Counterexample analysis:                             2.824s (Max:     0.043s, Calls: 343)
    Refinement sat check:                              1.295s
    Interpolant computation:                           0.000s
  Path-formulas extraction:                            0.017s
  Error path post-processing:                          0.000s
  Predicate creation:                                  0.067s
  Precision update:                                    0.172s
  ARG update:                                          0.350s

Length of refined path (in blocks):                   18232 (count: 343, min: 13, max: 107, avg: 53.15)
Number of affected states:                             2801 (count: 343, min: 2, max: 58, avg: 8.17)
Length (states) of path with itp 'true':              15088 (count: 343, min: 0, max: 96, avg: 43.99)
Length (states) of path with itp non-trivial itp:      2801 (count: 343, min: 2, max: 58, avg: 8.17)
Length (states) of path with itp 'false':               343 (count: 343, min: 1, max: 1, avg: 1.00)
Different non-trivial interpolants along paths:          44 (count: 343, min: 0, max: 6, avg: 0.13)
Equal non-trivial interpolants along paths:            2414 (count: 343, min: 1, max: 51, avg: 7.04)
Number of refs with location-based cutoff:                0

CEGAR algorithm statistics
--------------------------
Number of refinements:                343
Number of successful refinements:     343
Number of failed refinements:         0
Max. size of reached set before ref.: 4105
Max. size of reached set after ref.:  3707
Avg. size of reached set before ref.: 2520.94
Avg. size of reached set after ref.:  2002.99

Total time for CEGAR algorithm:      27.779s
Time for refinements:                 4.394s
Average time for refinement:          0.012s
Max time for refinement:              0.048s

Code Coverage
-----------------------------
  Function coverage:      0.725
  Visited lines:          163
  Total lines:            454
  Line coverage:          0.359
  Visited conditions:     48
  Total conditions:       78
  Condition coverage:     0.615

CPAchecker general statistics
-----------------------------
Number of program locations:     657
Number of CFA edges:             711
Number of relevant variables:    121
Number of functions:             40
Number of loops:                 5
Size of reached set:             2768
  Number of reached locations:   221 (34%)
    Avg states per location:     12
    Max states per location:     66 (at node N7)
  Number of reached functions:   29 (73%)
  Number of partitions:          2704
    Avg size of partitions:      1
    Max size of partitions:      10 (with key [N480 (after line 710), Function test called from node N552, stack depth 3 [298dc2e9], stack [main, runTest, test]])
  Number of target states:       0
  Size of final wait list        48

Time for analysis setup:          2.074s
  Time for loading CPAs:          0.540s
  Time for loading parser:        0.461s
  Time for CFA construction:      0.963s
    Time for parsing file(s):     0.327s
    Time for AST to CFA:          0.262s
    Time for CFA sanity check:    0.060s
    Time for post-processing:     0.206s
      Time for var class.:        0.081s
Time for Analysis:               27.779s
CPU time for analysis:           27.780s
Total time for CPAchecker:       29.856s
Total CPU time for CPAchecker:   29.850s
Time for statistics:              0.108s

Time for Garbage Collector:       0.789s (in 117 runs)
Garbage Collector(s) used:    Copy, MarkSweepCompact
Used heap memory:                 76MB (    73 MiB) max;     48MB (    46 MiB) avg;     80MB (    76 MiB) peak
Used non-heap memory:             36MB (    35 MiB) max;     34MB (    32 MiB) avg;     37MB (    35 MiB) peak
Allocated heap memory:           127MB (   121 MiB) max;    127MB (   121 MiB) avg
Allocated non-heap memory:        39MB (    37 MiB) max;     37MB (    35 MiB) avg
Total process virtual memory:   8019MB (  7648 MiB) max;   8012MB (  7641 MiB) avg

Verification result: UNKNOWN, incomplete analysis.
More details about the verification run can be found in the directory "./output".
