scripts/cpa.sh -Dy-MySearchStrategy-PredAbs-ABElf -heap 5600000000 -timelimit 30 -preprocess -stats -noout -setprop cpa.predicate.memoryAllocationsAlwaysSucceed=true -spec ../sv-benchmarks/c/ReachSafety.prp ../sv-benchmarks/c/loop-acceleration/nested_true-unreach-call1.i


--------------------------------------------------------------------------------


Running CPAchecker with Java heap of size 5600000000.
Running CPAchecker with default stack size (1024k). Specify a larger value with -stack if needed.
Running CPAchecker with the following extra VM options:  -Djava.io.tmpdir=/tmp/BenchExec_run_vtiku1tu/tmp
Using the following resource limits: CPU-time limit of 30s (ResourceLimitChecker.fromConfiguration, INFO)

CPAchecker (unknown version) (OpenJDK 64-Bit Server VM 1.8.0_151) started (CPAchecker.run, INFO)

MathSAT5 is available for research and evaluation purposes only. It can not be used in a commercial environment, particularly as part of a commercial product, without written permission. MathSAT5 is provided as is, without any warranty. Please write to mathsat@fbk.eu for additional questions regarding licensing MathSAT5 or obtaining more up-to-date versions. (PredicateCPA:JavaSMT:Mathsat5SolverContext.<init>, WARNING)

Using predicate analysis with MathSAT5 version 5.3.14 (0b98b661254c) (Nov 17 2016 10:59:45, gmp 5.1.3, gcc 4.8.5, 64-bit) and JFactory 1.21. (PredicateCPA:PredicateCPA.<init>, INFO)

Using refinement for predicate analysis with PredicateAbstractionRefinementStrategy strategy. (PredicateCPA:PredicateCPARefiner.<init>, INFO)

Starting analysis ... (CPAchecker.runAlgorithm, INFO)

Shutdown requested (The CPU-time limit of 30s has elapsed.), waiting for termination. (ForceTerminationOnShutdown$1.shutdownRequested, WARNING)

Warning: Analysis interrupted (The CPU-time limit of 30s has elapsed.) (ShutdownNotifier.shutdownIfNecessary, WARNING)

PredicateCPA statistics
-----------------------
Number of abstractions:            5274 (21% of all post computations)
  Times abstraction was reused:    0
  Because of function entry/exit:  261 (5%)
  Because of loop head:            4983 (94%)
  Because of join nodes:           0 (0%)
  Because of threshold:            0 (0%)
  Because of target state:         30 (1%)
  Times precision was empty:       36 (1%)
  Times precision was {false}:     214 (4%)
  Times result was cached:         46 (1%)
  Times cartesian abs was used:    0 (0%)
  Times boolean abs was used:      4978 (94%)
  Times result was 'false':        2337 (44%)
Number of strengthen sat checks:   0
Number of coverage checks:         173492
  BDD entailment checks:           173492
Number of SMT sat checks:          0
  trivial:                         0
  cached:                          0

Max ABE block size:                       2
Number of predicates discovered:          31
Number of abstraction locations:          3
Max number of predicates per location:    29
Avg number of predicates per location:    17
Total predicates per abstraction:         86957
Max number of predicates per abstraction: 29
Avg number of predicates per abstraction: 16.75
Number of irrelevant predicates:          2631 (3%)
Number of preds handled by boolean abs:   84326 (97%)
  Total number of models for allsat:      109224
  Max number of models for allsat:        209
  Avg number of models for allsat:        21.94

Time for post operator:                  0.579s
  Time for path formula creation:        0.548s
Time for strengthen operator:            0.032s
Time for prec operator:                 24.538s
  Time for abstraction:                 24.399s (Max:     0.045s, Count: 5274)
    Boolean abstraction:                15.642s
    Solving time:                        7.965s (Max:     0.014s)
    Model enumeration time:              3.675s
    Time for BDD construction:           3.305s (Max:     0.016s)
Time for merge operator:                 0.000s
Time for coverage check:                 0.387s
  Time for BDD entailment checks:        0.358s
Total time for SMT solver (w/o itp):    11.640s

Number of path formula cache hits:   23591 (86%)

Inside post operator:                  
  Inside path formula creation:        
    Time for path formula computation:     0.510s

Total number of created targets for pointer analysis: 0


Number of BDD nodes:                               222961
Size of BDD node table:                            270749
Size of BDD cache:                                 27073
Size of BDD node cleanup queue:                       86360 (count: 235961, min: 0, max: 1813, avg: 0.37)
Time for BDD node cleanup:                             0.050s
Time for BDD garbage collection:                       0.043s (in 2 runs)

PrecisionBootstrap statistics
-----------------------------
Init. function predicates:                         0
Init. global predicates:                           0
Init. location predicates:                         0

Invariant Generation statistics
-------------------------------

AutomatonAnalysis (SVCOMP) statistics
-------------------------------------
Number of states:                                  1
Total time for successor computation:                  0.116s
Automaton transfers with branching:                0
Automaton transfer successors:                        24953 (count: 24953, min: 1, max: 1, avg: 1.00) [1 x 24953]

CPA algorithm statistics
------------------------
Number of iterations:            12927
Max size of waitlist:            3
Average size of waitlist:        1
Number of computed successors:   15564
Max successors for one state:    2
Number of times merged:          0
Number of times stopped:         269
Number of times breaked:         30

Total time for CPA algorithm:        26.718s (Max:     2.778s)
  Time for choose from waitlist:      0.040s
  Time for precision adjustment:     24.774s
  Time for transfer relation:         1.080s
  Time for merge operator:            0.111s
  Time for stop operator:             0.482s
  Time for adding to reached set:     0.068s

Predicate-Abstraction Refiner statistics
----------------------------------------
Number of predicate refinements:                   30
Avg. length of target path (in blocks):                2627 (count: 30, min: 3, max: 231, avg: 87.57)
Number of infeasible sliced prefixes:                     0 (count: 0, min: 0, max: 0, avg: 0.00)

Time for refinement:                                   1.443s
  Counterexample analysis:                             1.233s (Max:     0.148s, Calls: 30)
    Refinement sat check:                              0.275s
    Interpolant computation:                           0.000s
  Path-formulas extraction:                            0.003s
  Error path post-processing:                          0.000s
  Predicate creation:                                  0.036s
  Precision update:                                    0.062s
  ARG update:                                          0.062s

Length of refined path (in blocks):                    2275 (count: 30, min: 2, max: 230, avg: 75.83)
Number of affected states:                             2235 (count: 30, min: 1, max: 229, avg: 74.50)
Length (states) of path with itp 'true':                 10 (count: 30, min: 0, max: 1, avg: 0.33)
Length (states) of path with itp non-trivial itp:      2235 (count: 30, min: 1, max: 229, avg: 74.50)
Length (states) of path with itp 'false':                30 (count: 30, min: 1, max: 1, avg: 1.00)
Different non-trivial interpolants along paths:         235 (count: 30, min: 0, max: 19, avg: 7.83)
Equal non-trivial interpolants along paths:            1970 (count: 30, min: 0, max: 209, avg: 65.67)
Number of refs with location-based cutoff:                0

CEGAR algorithm statistics
--------------------------
Number of refinements:                30
Number of successful refinements:     30
Number of failed refinements:         0
Max. size of reached set before ref.: 1134
Max. size of reached set after ref.:  7
Avg. size of reached set before ref.: 428.00
Avg. size of reached set after ref.:  4.33

Total time for CEGAR algorithm:      28.223s
Time for refinements:                 1.505s
Average time for refinement:          0.050s
Max time for refinement:              0.166s

Code Coverage
-----------------------------
  Function coverage:      0.500
  Visited lines:          7
  Total lines:            11
  Line coverage:          0.636
  Visited conditions:     4
  Total conditions:       6
  Condition coverage:     0.667

CPAchecker general statistics
-----------------------------
Number of program locations:     30
Number of CFA edges:             32
Number of relevant variables:    3
Number of functions:             2
Number of loops:                 2
Size of reached set:             248
  Number of reached locations:   12 (40%)
    Avg states per location:     20
    Max states per location:     45 (at node N17)
  Number of reached functions:   1 (50%)
  Number of partitions:          200
    Avg size of partitions:      1
    Max size of partitions:      45 (with key [N17 (before line 13), Function main called from node N9, stack depth 1 [2dc54ad4], stack [main]])
  Number of target states:       0
  Size of final wait list        1

Time for analysis setup:          1.623s
  Time for loading CPAs:          0.507s
  Time for loading parser:        0.452s
  Time for CFA construction:      0.578s
    Time for parsing file(s):     0.232s
    Time for AST to CFA:          0.105s
    Time for CFA sanity check:    0.010s
    Time for post-processing:     0.103s
      Time for var class.:        0.026s
Time for Analysis:               28.223s
CPU time for analysis:           28.220s
Total time for CPAchecker:       29.849s
Total CPU time for CPAchecker:   29.840s
Time for statistics:              0.050s

Time for Garbage Collector:       0.369s (in 69 runs)
Garbage Collector(s) used:    Copy, MarkSweepCompact
Used heap memory:                 64MB (    61 MiB) max;     43MB (    41 MiB) avg;     68MB (    64 MiB) peak
Used non-heap memory:             34MB (    33 MiB) max;     32MB (    31 MiB) avg;     36MB (    34 MiB) peak
Allocated heap memory:           127MB (   121 MiB) max;    127MB (   121 MiB) avg
Allocated non-heap memory:        37MB (    35 MiB) max;     35MB (    34 MiB) avg
Total process virtual memory:   8290MB (  7906 MiB) max;   8135MB (  7758 MiB) avg

Verification result: UNKNOWN, incomplete analysis.
More details about the verification run can be found in the directory "./output".
