scripts/cpa.sh -Dy-MySearchStrategy-PredAbs-ABElf -heap 5600000000 -timelimit 30 -preprocess -stats -noout -setprop cpa.predicate.memoryAllocationsAlwaysSucceed=true -spec ../sv-benchmarks/c/ReachSafety.prp ../sv-benchmarks/c/ldv-consumption/32_7a_cilled_true-unreach-call_linux-3.8-rc1-32_7a-drivers--staging--speakup--speakup.ko-ldv_main4_sequence_infinite_withcheck_stateful.cil.out.c


--------------------------------------------------------------------------------


Running CPAchecker with Java heap of size 5600000000.
Running CPAchecker with default stack size (1024k). Specify a larger value with -stack if needed.
Running CPAchecker with the following extra VM options:  -Djava.io.tmpdir=/tmp/BenchExec_run_bd30l9rn/tmp
Using the following resource limits: CPU-time limit of 30s (ResourceLimitChecker.fromConfiguration, INFO)

CPAchecker (unknown version) (OpenJDK 64-Bit Server VM 1.8.0_162) started (CPAchecker.run, INFO)

line 4300: Dead code detected: return (ldv_func_res); (CFACreationUtils.addEdgeToCFA, INFO)

lines 4456-4457: Dead code detected: __asm__ volatile ("xchgb %b0, %1\n": "+q" (__ret), "+m" (dev_opened): : "memory",
                       "cc"); (CFACreationUtils.addEdgeToCFA, INFO)

lines 4460-4461: Dead code detected: __asm__ volatile ("xchgw %w0, %1\n": "+r" (__ret), "+m" (dev_opened): : "memory",
                       "cc"); (CFACreationUtils.addEdgeToCFA, INFO)

lines 4468-4469: Dead code detected: __asm__ volatile ("xchgq %q0, %1\n": "+r" (__ret), "+m" (dev_opened): : "memory",
                       "cc"); (CFACreationUtils.addEdgeToCFA, INFO)

none: Dead code detected: switch (4UL) {
  case 1UL:
  __asm__ volatile ("xchgb %b0, %1\n": "+q" (__ret), "+m" (dev_opened): : "memory",
                       "cc");
  goto ldv_23939;
  case 2UL:
  __asm__ volatile ("xchgw %w0, %1\n": "+r" (__ret), "+m" (dev_opened): : "memory",
                       "cc");
  goto ldv_23939;
  case 4UL:
  __asm__ volatile ("xchgl %0, %1\n": "+r" (__ret), "+m" (dev_opened): : "memory",
                       "cc");
  goto ldv_23939;
  case 8UL:
  __asm__ volatile ("xchgq %q0, %1\n": "+r" (__ret), "+m" (dev_opened): : "memory",
                       "cc");
  goto ldv_23939;
  default:
  __xchg_wrong_size();
  } (CFACreationUtils.addEdgeToCFA, INFO)

line 4679: Dead code detected: return (ldv_func_res); (CFACreationUtils.addEdgeToCFA, INFO)

line 5216: Dead code detected: return (ldv_func_res); (CFACreationUtils.addEdgeToCFA, INFO)

line 5369: Dead code detected: __asm__ ("movb %%gs:%P1,%0": "=q" (pfo_ret__): "p" (& kernel_stack)); (CFACreationUtils.addEdgeToCFA, INFO)

line 5372: Dead code detected: __asm__ ("movw %%gs:%P1,%0": "=r" (pfo_ret__): "p" (& kernel_stack)); (CFACreationUtils.addEdgeToCFA, INFO)

line 5375: Dead code detected: __asm__ ("movl %%gs:%P1,%0": "=r" (pfo_ret__): "p" (& kernel_stack)); (CFACreationUtils.addEdgeToCFA, INFO)

none: Dead code detected: switch (8UL) {
  case 1UL:
  __asm__ ("movb %%gs:%P1,%0": "=q" (pfo_ret__): "p" (& kernel_stack));
  goto ldv_6159;
  case 2UL:
  __asm__ ("movw %%gs:%P1,%0": "=r" (pfo_ret__): "p" (& kernel_stack));
  goto ldv_6159;
  case 4UL:
  __asm__ ("movl %%gs:%P1,%0": "=r" (pfo_ret__): "p" (& kernel_stack));
  goto ldv_6159;
  case 8UL:
  __asm__ ("movq %%gs:%P1,%0": "=r" (pfo_ret__): "p" (& kernel_stack));
  goto ldv_6159;
  default:
  __bad_percpu_size();
  } (CFACreationUtils.addEdgeToCFA, INFO)

line 5480: Dead code detected: __asm__ ("movw %1,%%gs:%P0": "+m" (reporting_keystroke): "ri" (1)); (CFACreationUtils.addEdgeToCFA, INFO)

line 5483: Dead code detected: __asm__ ("movl %1,%%gs:%P0": "+m" (reporting_keystroke): "ri" (1)); (CFACreationUtils.addEdgeToCFA, INFO)

line 5486: Dead code detected: __asm__ ("movq %1,%%gs:%P0": "+m" (reporting_keystroke): "re" (1)); (CFACreationUtils.addEdgeToCFA, INFO)

none: Dead code detected: switch (1UL) {
  case 1UL:
  __asm__ ("movb %1,%%gs:%P0": "+m" (reporting_keystroke): "qi" (1));
  goto ldv_24716;
  case 2UL:
  __asm__ ("movw %1,%%gs:%P0": "+m" (reporting_keystroke): "ri" (1));
  goto ldv_24716;
  case 4UL:
  __asm__ ("movl %1,%%gs:%P0": "+m" (reporting_keystroke): "ri" (1));
  goto ldv_24716;
  case 8UL:
  __asm__ ("movq %1,%%gs:%P0": "+m" (reporting_keystroke): "re" (1));
  goto ldv_24716;
  default:
  __bad_percpu_size();
  } (CFACreationUtils.addEdgeToCFA, INFO)

lines 5494-5509: Dead code detected: switch (1UL) (CFACreationUtils.addEdgeToCFA, INFO)

line 5499: Dead code detected: __asm__ ("movw %1,%%gs:%P0": "+m" (reporting_keystroke): "ri" (1)); (CFACreationUtils.addEdgeToCFA, INFO)

line 5502: Dead code detected: __asm__ ("movl %1,%%gs:%P0": "+m" (reporting_keystroke): "ri" (1)); (CFACreationUtils.addEdgeToCFA, INFO)

line 5505: Dead code detected: __asm__ ("movq %1,%%gs:%P0": "+m" (reporting_keystroke): "re" (1)); (CFACreationUtils.addEdgeToCFA, INFO)

none: Dead code detected: switch (1UL) {
  case 1UL:
  __asm__ ("movb %1,%%gs:%P0": "+m" (reporting_keystroke): "qi" (1));
  goto ldv_24726;
  case 2UL:
  __asm__ ("movw %1,%%gs:%P0": "+m" (reporting_keystroke): "ri" (1));
  goto ldv_24726;
  case 4UL:
  __asm__ ("movl %1,%%gs:%P0": "+m" (reporting_keystroke): "ri" (1));
  goto ldv_24726;
  case 8UL:
  __asm__ ("movq %1,%%gs:%P0": "+m" (reporting_keystroke): "re" (1));
  goto ldv_24726;
  default:
  __bad_percpu_size();
  } (CFACreationUtils.addEdgeToCFA, INFO)

lines 5513-5528: Dead code detected: switch (1UL) (CFACreationUtils.addEdgeToCFA, INFO)

line 5518: Dead code detected: __asm__ ("movw %1,%%gs:%P0": "+m" (reporting_keystroke): "ri" (1)); (CFACreationUtils.addEdgeToCFA, INFO)

line 5521: Dead code detected: __asm__ ("movl %1,%%gs:%P0": "+m" (reporting_keystroke): "ri" (1)); (CFACreationUtils.addEdgeToCFA, INFO)

line 5524: Dead code detected: __asm__ ("movq %1,%%gs:%P0": "+m" (reporting_keystroke): "re" (1)); (CFACreationUtils.addEdgeToCFA, INFO)

none: Dead code detected: switch (1UL) {
  case 1UL:
  __asm__ ("movb %1,%%gs:%P0": "+m" (reporting_keystroke): "qi" (1));
  goto ldv_24735;
  case 2UL:
  __asm__ ("movw %1,%%gs:%P0": "+m" (reporting_keystroke): "ri" (1));
  goto ldv_24735;
  case 4UL:
  __asm__ ("movl %1,%%gs:%P0": "+m" (reporting_keystroke): "ri" (1));
  goto ldv_24735;
  case 8UL:
  __asm__ ("movq %1,%%gs:%P0": "+m" (reporting_keystroke): "re" (1));
  goto ldv_24735;
  default:
  __bad_percpu_size();
  } (CFACreationUtils.addEdgeToCFA, INFO)

lines 5532-5547: Dead code detected: switch (1UL) (CFACreationUtils.addEdgeToCFA, INFO)

line 5537: Dead code detected: __asm__ ("movw %1,%%gs:%P0": "+m" (reporting_keystroke): "ri" (1)); (CFACreationUtils.addEdgeToCFA, INFO)

line 5540: Dead code detected: __asm__ ("movl %1,%%gs:%P0": "+m" (reporting_keystroke): "ri" (1)); (CFACreationUtils.addEdgeToCFA, INFO)

line 5543: Dead code detected: __asm__ ("movq %1,%%gs:%P0": "+m" (reporting_keystroke): "re" (1)); (CFACreationUtils.addEdgeToCFA, INFO)

none: Dead code detected: switch (1UL) {
  case 1UL:
  __asm__ ("movb %1,%%gs:%P0": "+m" (reporting_keystroke): "qi" (1));
  goto ldv_24744;
  case 2UL:
  __asm__ ("movw %1,%%gs:%P0": "+m" (reporting_keystroke): "ri" (1));
  goto ldv_24744;
  case 4UL:
  __asm__ ("movl %1,%%gs:%P0": "+m" (reporting_keystroke): "ri" (1));
  goto ldv_24744;
  case 8UL:
  __asm__ ("movq %1,%%gs:%P0": "+m" (reporting_keystroke): "re" (1));
  goto ldv_24744;
  default:
  __bad_percpu_size();
  } (CFACreationUtils.addEdgeToCFA, INFO)

none: Dead code detected: switch (1UL) {
  case 1UL: ;
  switch (1UL) {
  case 1UL:
  __asm__ ("movb %1,%%gs:%P0": "+m" (reporting_keystroke): "qi" (1));
  goto ldv_24716;
  case 2UL:
  __asm__ ("movw %1,%%gs:%P0": "+m" (reporting_keystroke): "ri" (1));
  goto ldv_24716;
  case 4UL:
  __asm__ ("movl %1,%%gs:%P0": "+m" (reporting_keystroke): "ri" (1));
  goto ldv_24716;
  case 8UL:
  __asm__ ("movq %1,%%gs:%P0": "+m" (reporting_keystroke): "re" (1));
  goto ldv_24716;
  default:
  __bad_percpu_size();
  }
  ldv_24716: ;
  goto ldv_24721;
  case 2UL: ;
  switch (1UL) {
  case 1UL:
  __asm__ ("movb %1,%%gs:%P0": "+m" (reporting_keystroke): "qi" (1));
  goto ldv_24726;
  case 2UL:
  __asm__ ("movw %1,%%gs:%P0": "+m" (reporting_keystroke): "ri" (1));
  goto ldv_24726;
  case 4UL:
  __asm__ ("movl %1,%%gs:%P0": "+m" (reporting_keystroke): "ri" (1));
  goto ldv_24726;
  case 8UL:
  __asm__ ("movq %1,%%gs:%P0": "+m" (reporting_keystroke): "re" (1));
  goto ldv_24726;
  default:
  __bad_percpu_size();
  }
  ldv_24726: ;
  goto ldv_24721;
  case 4UL: ;
  switch (1UL) {
  case 1UL:
  __asm__ ("movb %1,%%gs:%P0": "+m" (reporting_keystroke): "qi" (1));
  goto ldv_24735;
  case 2UL:
  __asm__ ("movw %1,%%gs:%P0": "+m" (reporting_keystroke): "ri" (1));
  goto ldv_24735;
  case 4UL:
  __asm__ ("movl %1,%%gs:%P0": "+m" (reporting_keystroke): "ri" (1));
  goto ldv_24735;
  case 8UL:
  __asm__ ("movq %1,%%gs:%P0": "+m" (reporting_keystroke): "re" (1));
  goto ldv_24735;
  default:
  __bad_percpu_size();
  }
  ldv_24735: ;
  goto ldv_24721;
  case 8UL: ;
  switch (1UL) {
  case 1UL:
  __asm__ ("movb %1,%%gs:%P0": "+m" (reporting_keystroke): "qi" (1));
  goto ldv_24744;
  case 2UL:
  __asm__ ("movw %1,%%gs:%P0": "+m" (reporting_keystroke): "ri" (1));
  goto ldv_24744;
  case 4UL:
  __asm__ ("movl %1,%%gs:%P0": "+m" (reporting_keystroke): "ri" (1));
  goto ldv_24744;
  case 8UL:
  __asm__ ("movq %1,%%gs:%P0": "+m" (reporting_keystroke): "re" (1));
  goto ldv_24744;
  default:
  __bad_percpu_size();
  }
  ldv_24744: ;
  goto ldv_24721;
  default:
  __bad_size_call_parameter();
  goto ldv_24721;
  } (CFACreationUtils.addEdgeToCFA, INFO)

line 5565: Dead code detected: __asm__ ("movw %1,%%gs:%P0": "+m" (reporting_keystroke): "ri" (0)); (CFACreationUtils.addEdgeToCFA, INFO)

line 5568: Dead code detected: __asm__ ("movl %1,%%gs:%P0": "+m" (reporting_keystroke): "ri" (0)); (CFACreationUtils.addEdgeToCFA, INFO)

line 5571: Dead code detected: __asm__ ("movq %1,%%gs:%P0": "+m" (reporting_keystroke): "re" (0)); (CFACreationUtils.addEdgeToCFA, INFO)

none: Dead code detected: switch (1UL) {
  case 1UL:
  __asm__ ("movb %1,%%gs:%P0": "+m" (reporting_keystroke): "qi" (0));
  goto ldv_24755;
  case 2UL:
  __asm__ ("movw %1,%%gs:%P0": "+m" (reporting_keystroke): "ri" (0));
  goto ldv_24755;
  case 4UL:
  __asm__ ("movl %1,%%gs:%P0": "+m" (reporting_keystroke): "ri" (0));
  goto ldv_24755;
  case 8UL:
  __asm__ ("movq %1,%%gs:%P0": "+m" (reporting_keystroke): "re" (0));
  goto ldv_24755;
  default:
  __bad_percpu_size();
  } (CFACreationUtils.addEdgeToCFA, INFO)

lines 5579-5594: Dead code detected: switch (1UL) (CFACreationUtils.addEdgeToCFA, INFO)

line 5584: Dead code detected: __asm__ ("movw %1,%%gs:%P0": "+m" (reporting_keystroke): "ri" (0)); (CFACreationUtils.addEdgeToCFA, INFO)

line 5587: Dead code detected: __asm__ ("movl %1,%%gs:%P0": "+m" (reporting_keystroke): "ri" (0)); (CFACreationUtils.addEdgeToCFA, INFO)

line 5590: Dead code detected: __asm__ ("movq %1,%%gs:%P0": "+m" (reporting_keystroke): "re" (0)); (CFACreationUtils.addEdgeToCFA, INFO)

none: Dead code detected: switch (1UL) {
  case 1UL:
  __asm__ ("movb %1,%%gs:%P0": "+m" (reporting_keystroke): "qi" (0));
  goto ldv_24765;
  case 2UL:
  __asm__ ("movw %1,%%gs:%P0": "+m" (reporting_keystroke): "ri" (0));
  goto ldv_24765;
  case 4UL:
  __asm__ ("movl %1,%%gs:%P0": "+m" (reporting_keystroke): "ri" (0));
  goto ldv_24765;
  case 8UL:
  __asm__ ("movq %1,%%gs:%P0": "+m" (reporting_keystroke): "re" (0));
  goto ldv_24765;
  default:
  __bad_percpu_size();
  } (CFACreationUtils.addEdgeToCFA, INFO)

lines 5598-5613: Dead code detected: switch (1UL) (CFACreationUtils.addEdgeToCFA, INFO)

line 5603: Dead code detected: __asm__ ("movw %1,%%gs:%P0": "+m" (reporting_keystroke): "ri" (0)); (CFACreationUtils.addEdgeToCFA, INFO)

line 5606: Dead code detected: __asm__ ("movl %1,%%gs:%P0": "+m" (reporting_keystroke): "ri" (0)); (CFACreationUtils.addEdgeToCFA, INFO)

line 5609: Dead code detected: __asm__ ("movq %1,%%gs:%P0": "+m" (reporting_keystroke): "re" (0)); (CFACreationUtils.addEdgeToCFA, INFO)

none: Dead code detected: switch (1UL) {
  case 1UL:
  __asm__ ("movb %1,%%gs:%P0": "+m" (reporting_keystroke): "qi" (0));
  goto ldv_24774;
  case 2UL:
  __asm__ ("movw %1,%%gs:%P0": "+m" (reporting_keystroke): "ri" (0));
  goto ldv_24774;
  case 4UL:
  __asm__ ("movl %1,%%gs:%P0": "+m" (reporting_keystroke): "ri" (0));
  goto ldv_24774;
  case 8UL:
  __asm__ ("movq %1,%%gs:%P0": "+m" (reporting_keystroke): "re" (0));
  goto ldv_24774;
  default:
  __bad_percpu_size();
  } (CFACreationUtils.addEdgeToCFA, INFO)

lines 5617-5632: Dead code detected: switch (1UL) (CFACreationUtils.addEdgeToCFA, INFO)

line 5622: Dead code detected: __asm__ ("movw %1,%%gs:%P0": "+m" (reporting_keystroke): "ri" (0)); (CFACreationUtils.addEdgeToCFA, INFO)

line 5625: Dead code detected: __asm__ ("movl %1,%%gs:%P0": "+m" (reporting_keystroke): "ri" (0)); (CFACreationUtils.addEdgeToCFA, INFO)

line 5628: Dead code detected: __asm__ ("movq %1,%%gs:%P0": "+m" (reporting_keystroke): "re" (0)); (CFACreationUtils.addEdgeToCFA, INFO)

none: Dead code detected: switch (1UL) {
  case 1UL:
  __asm__ ("movb %1,%%gs:%P0": "+m" (reporting_keystroke): "qi" (0));
  goto ldv_24783;
  case 2UL:
  __asm__ ("movw %1,%%gs:%P0": "+m" (reporting_keystroke): "ri" (0));
  goto ldv_24783;
  case 4UL:
  __asm__ ("movl %1,%%gs:%P0": "+m" (reporting_keystroke): "ri" (0));
  goto ldv_24783;
  case 8UL:
  __asm__ ("movq %1,%%gs:%P0": "+m" (reporting_keystroke): "re" (0));
  goto ldv_24783;
  default:
  __bad_percpu_size();
  } (CFACreationUtils.addEdgeToCFA, INFO)

none: Dead code detected: switch (1UL) {
  case 1UL: ;
  switch (1UL) {
  case 1UL:
  __asm__ ("movb %1,%%gs:%P0": "+m" (reporting_keystroke): "qi" (0));
  goto ldv_24755;
  case 2UL:
  __asm__ ("movw %1,%%gs:%P0": "+m" (reporting_keystroke): "ri" (0));
  goto ldv_24755;
  case 4UL:
  __asm__ ("movl %1,%%gs:%P0": "+m" (reporting_keystroke): "ri" (0));
  goto ldv_24755;
  case 8UL:
  __asm__ ("movq %1,%%gs:%P0": "+m" (reporting_keystroke): "re" (0));
  goto ldv_24755;
  default:
  __bad_percpu_size();
  }
  ldv_24755: ;
  goto ldv_24760;
  case 2UL: ;
  switch (1UL) {
  case 1UL:
  __asm__ ("movb %1,%%gs:%P0": "+m" (reporting_keystroke): "qi" (0));
  goto ldv_24765;
  case 2UL:
  __asm__ ("movw %1,%%gs:%P0": "+m" (reporting_keystroke): "ri" (0));
  goto ldv_24765;
  case 4UL:
  __asm__ ("movl %1,%%gs:%P0": "+m" (reporting_keystroke): "ri" (0));
  goto ldv_24765;
  case 8UL:
  __asm__ ("movq %1,%%gs:%P0": "+m" (reporting_keystroke): "re" (0));
  goto ldv_24765;
  default:
  __bad_percpu_size();
  }
  ldv_24765: ;
  goto ldv_24760;
  case 4UL: ;
  switch (1UL) {
  case 1UL:
  __asm__ ("movb %1,%%gs:%P0": "+m" (reporting_keystroke): "qi" (0));
  goto ldv_24774;
  case 2UL:
  __asm__ ("movw %1,%%gs:%P0": "+m" (reporting_keystroke): "ri" (0));
  goto ldv_24774;
  case 4UL:
  __asm__ ("movl %1,%%gs:%P0": "+m" (reporting_keystroke): "ri" (0));
  goto ldv_24774;
  case 8UL:
  __asm__ ("movq %1,%%gs:%P0": "+m" (reporting_keystroke): "re" (0));
  goto ldv_24774;
  default:
  __bad_percpu_size();
  }
  ldv_24774: ;
  goto ldv_24760;
  case 8UL: ;
  switch (1UL) {
  case 1UL:
  __asm__ ("movb %1,%%gs:%P0": "+m" (reporting_keystroke): "qi" (0));
  goto ldv_24783;
  case 2UL:
  __asm__ ("movw %1,%%gs:%P0": "+m" (reporting_keystroke): "ri" (0));
  goto ldv_24783;
  case 4UL:
  __asm__ ("movl %1,%%gs:%P0": "+m" (reporting_keystroke): "ri" (0));
  goto ldv_24783;
  case 8UL:
  __asm__ ("movq %1,%%gs:%P0": "+m" (reporting_keystroke): "re" (0));
  goto ldv_24783;
  default:
  __bad_percpu_size();
  }
  ldv_24783: ;
  goto ldv_24760;
  default:
  __bad_size_call_parameter();
  goto ldv_24760;
  } (CFACreationUtils.addEdgeToCFA, INFO)

line 5673: Dead code detected: __asm__ ("movw %%gs:%P1,%0": "=r" (pfo_ret__): "m" (reporting_keystroke)); (CFACreationUtils.addEdgeToCFA, INFO)

line 5676: Dead code detected: __asm__ ("movl %%gs:%P1,%0": "=r" (pfo_ret__): "m" (reporting_keystroke)); (CFACreationUtils.addEdgeToCFA, INFO)

line 5679: Dead code detected: __asm__ ("movq %%gs:%P1,%0": "=r" (pfo_ret__): "m" (reporting_keystroke)); (CFACreationUtils.addEdgeToCFA, INFO)

none: Dead code detected: switch (1UL) {
  case 1UL:
  __asm__ ("movb %%gs:%P1,%0": "=q" (pfo_ret__): "m" (reporting_keystroke));
  goto ldv_24807;
  case 2UL:
  __asm__ ("movw %%gs:%P1,%0": "=r" (pfo_ret__): "m" (reporting_keystroke));
  goto ldv_24807;
  case 4UL:
  __asm__ ("movl %%gs:%P1,%0": "=r" (pfo_ret__): "m" (reporting_keystroke));
  goto ldv_24807;
  case 8UL:
  __asm__ ("movq %%gs:%P1,%0": "=r" (pfo_ret__): "m" (reporting_keystroke));
  goto ldv_24807;
  default:
  __bad_percpu_size();
  } (CFACreationUtils.addEdgeToCFA, INFO)

lines 5688-5703: Dead code detected: switch (1UL) (CFACreationUtils.addEdgeToCFA, INFO)

line 5693: Dead code detected: __asm__ ("movw %%gs:%P1,%0": "=r" (pfo_ret_____0): "m" (reporting_keystroke)); (CFACreationUtils.addEdgeToCFA, INFO)

line 5696: Dead code detected: __asm__ ("movl %%gs:%P1,%0": "=r" (pfo_ret_____0): "m" (reporting_keystroke)); (CFACreationUtils.addEdgeToCFA, INFO)

line 5699: Dead code detected: __asm__ ("movq %%gs:%P1,%0": "=r" (pfo_ret_____0): "m" (reporting_keystroke)); (CFACreationUtils.addEdgeToCFA, INFO)

none: Dead code detected: switch (1UL) {
  case 1UL:
  __asm__ ("movb %%gs:%P1,%0": "=q" (pfo_ret_____0): "m" (reporting_keystroke));
  goto ldv_24817;
  case 2UL:
  __asm__ ("movw %%gs:%P1,%0": "=r" (pfo_ret_____0): "m" (reporting_keystroke));
  goto ldv_24817;
  case 4UL:
  __asm__ ("movl %%gs:%P1,%0": "=r" (pfo_ret_____0): "m" (reporting_keystroke));
  goto ldv_24817;
  case 8UL:
  __asm__ ("movq %%gs:%P1,%0": "=r" (pfo_ret_____0): "m" (reporting_keystroke));
  goto ldv_24817;
  default:
  __bad_percpu_size();
  } (CFACreationUtils.addEdgeToCFA, INFO)

lines 5708-5723: Dead code detected: switch (1UL) (CFACreationUtils.addEdgeToCFA, INFO)

line 5713: Dead code detected: __asm__ ("movw %%gs:%P1,%0": "=r" (pfo_ret_____1): "m" (reporting_keystroke)); (CFACreationUtils.addEdgeToCFA, INFO)

line 5716: Dead code detected: __asm__ ("movl %%gs:%P1,%0": "=r" (pfo_ret_____1): "m" (reporting_keystroke)); (CFACreationUtils.addEdgeToCFA, INFO)

line 5719: Dead code detected: __asm__ ("movq %%gs:%P1,%0": "=r" (pfo_ret_____1): "m" (reporting_keystroke)); (CFACreationUtils.addEdgeToCFA, INFO)

none: Dead code detected: switch (1UL) {
  case 1UL:
  __asm__ ("movb %%gs:%P1,%0": "=q" (pfo_ret_____1): "m" (reporting_keystroke));
  goto ldv_24826;
  case 2UL:
  __asm__ ("movw %%gs:%P1,%0": "=r" (pfo_ret_____1): "m" (reporting_keystroke));
  goto ldv_24826;
  case 4UL:
  __asm__ ("movl %%gs:%P1,%0": "=r" (pfo_ret_____1): "m" (reporting_keystroke));
  goto ldv_24826;
  case 8UL:
  __asm__ ("movq %%gs:%P1,%0": "=r" (pfo_ret_____1): "m" (reporting_keystroke));
  goto ldv_24826;
  default:
  __bad_percpu_size();
  } (CFACreationUtils.addEdgeToCFA, INFO)

lines 5728-5743: Dead code detected: switch (1UL) (CFACreationUtils.addEdgeToCFA, INFO)

line 5733: Dead code detected: __asm__ ("movw %%gs:%P1,%0": "=r" (pfo_ret_____2): "m" (reporting_keystroke)); (CFACreationUtils.addEdgeToCFA, INFO)

line 5736: Dead code detected: __asm__ ("movl %%gs:%P1,%0": "=r" (pfo_ret_____2): "m" (reporting_keystroke)); (CFACreationUtils.addEdgeToCFA, INFO)

line 5739: Dead code detected: __asm__ ("movq %%gs:%P1,%0": "=r" (pfo_ret_____2): "m" (reporting_keystroke)); (CFACreationUtils.addEdgeToCFA, INFO)

none: Dead code detected: switch (1UL) {
  case 1UL:
  __asm__ ("movb %%gs:%P1,%0": "=q" (pfo_ret_____2): "m" (reporting_keystroke));
  goto ldv_24835;
  case 2UL:
  __asm__ ("movw %%gs:%P1,%0": "=r" (pfo_ret_____2): "m" (reporting_keystroke));
  goto ldv_24835;
  case 4UL:
  __asm__ ("movl %%gs:%P1,%0": "=r" (pfo_ret_____2): "m" (reporting_keystroke));
  goto ldv_24835;
  case 8UL:
  __asm__ ("movq %%gs:%P1,%0": "=r" (pfo_ret_____2): "m" (reporting_keystroke));
  goto ldv_24835;
  default:
  __bad_percpu_size();
  } (CFACreationUtils.addEdgeToCFA, INFO)

none: Dead code detected: switch (1UL) {
  case 1UL: ;
  switch (1UL) {
  case 1UL:
  __asm__ ("movb %%gs:%P1,%0": "=q" (pfo_ret__): "m" (reporting_keystroke));
  goto ldv_24807;
  case 2UL:
  __asm__ ("movw %%gs:%P1,%0": "=r" (pfo_ret__): "m" (reporting_keystroke));
  goto ldv_24807;
  case 4UL:
  __asm__ ("movl %%gs:%P1,%0": "=r" (pfo_ret__): "m" (reporting_keystroke));
  goto ldv_24807;
  case 8UL:
  __asm__ ("movq %%gs:%P1,%0": "=r" (pfo_ret__): "m" (reporting_keystroke));
  goto ldv_24807;
  default:
  __bad_percpu_size();
  }
  ldv_24807:
  pscr_ret__ = pfo_ret__;
  goto ldv_24813;
  case 2UL: ;
  switch (1UL) {
  case 1UL:
  __asm__ ("movb %%gs:%P1,%0": "=q" (pfo_ret_____0): "m" (reporting_keystroke));
  goto ldv_24817;
  case 2UL:
  __asm__ ("movw %%gs:%P1,%0": "=r" (pfo_ret_____0): "m" (reporting_keystroke));
  goto ldv_24817;
  case 4UL:
  __asm__ ("movl %%gs:%P1,%0": "=r" (pfo_ret_____0): "m" (reporting_keystroke));
  goto ldv_24817;
  case 8UL:
  __asm__ ("movq %%gs:%P1,%0": "=r" (pfo_ret_____0): "m" (reporting_keystroke));
  goto ldv_24817;
  default:
  __bad_percpu_size();
  }
  ldv_24817:
  pscr_ret__ = pfo_ret_____0;
  goto ldv_24813;
  case 4UL: ;
  switch (1UL) {
  case 1UL:
  __asm__ ("movb %%gs:%P1,%0": "=q" (pfo_ret_____1): "m" (reporting_keystroke));
  goto ldv_24826;
  case 2UL:
  __asm__ ("movw %%gs:%P1,%0": "=r" (pfo_ret_____1): "m" (reporting_keystroke));
  goto ldv_24826;
  case 4UL:
  __asm__ ("movl %%gs:%P1,%0": "=r" (pfo_ret_____1): "m" (reporting_keystroke));
  goto ldv_24826;
  case 8UL:
  __asm__ ("movq %%gs:%P1,%0": "=r" (pfo_ret_____1): "m" (reporting_keystroke));
  goto ldv_24826;
  default:
  __bad_percpu_size();
  }
  ldv_24826:
  pscr_ret__ = pfo_ret_____1;
  goto ldv_24813;
  case 8UL: ;
  switch (1UL) {
  case 1UL:
  __asm__ ("movb %%gs:%P1,%0": "=q" (pfo_ret_____2): "m" (reporting_keystroke));
  goto ldv_24835;
  case 2UL:
  __asm__ ("movw %%gs:%P1,%0": "=r" (pfo_ret_____2): "m" (reporting_keystroke));
  goto ldv_24835;
  case 4UL:
  __asm__ ("movl %%gs:%P1,%0": "=r" (pfo_ret_____2): "m" (reporting_keystroke));
  goto ldv_24835;
  case 8UL:
  __asm__ ("movq %%gs:%P1,%0": "=r" (pfo_ret_____2): "m" (reporting_keystroke));
  goto ldv_24835;
  default:
  __bad_percpu_size();
  }
  ldv_24835:
  pscr_ret__ = pfo_ret_____2;
  goto ldv_24813;
  default:
  __bad_size_call_parameter();
  goto ldv_24813;
  } (CFACreationUtils.addEdgeToCFA, INFO)

line 5796: Dead code detected: return (ldv_func_res); (CFACreationUtils.addEdgeToCFA, INFO)

line 9270: Dereferencing of non-pointer type spkup_hand  in expression *(spkup_handler[(int )value]) (ASTConverter.convert, WARNING)

line 9937: Dead code detected: return (ldv_func_res); (CFACreationUtils.addEdgeToCFA, INFO)

line 10447: Dead code detected: return (ldv_func_res); (CFACreationUtils.addEdgeToCFA, INFO)

line 11897: Dead code detected: return (ldv_func_res); (CFACreationUtils.addEdgeToCFA, INFO)

line 11926: Dead code detected: __asm__ ("movb %%gs:%P1,%0": "=q" (pfo_ret__): "p" (& current_task)); (CFACreationUtils.addEdgeToCFA, INFO)

line 11929: Dead code detected: __asm__ ("movw %%gs:%P1,%0": "=r" (pfo_ret__): "p" (& current_task)); (CFACreationUtils.addEdgeToCFA, INFO)

line 11932: Dead code detected: __asm__ ("movl %%gs:%P1,%0": "=r" (pfo_ret__): "p" (& current_task)); (CFACreationUtils.addEdgeToCFA, INFO)

none: Dead code detected: switch (8UL) {
  case 1UL:
  __asm__ ("movb %%gs:%P1,%0": "=q" (pfo_ret__): "p" (& current_task));
  goto ldv_2861;
  case 2UL:
  __asm__ ("movw %%gs:%P1,%0": "=r" (pfo_ret__): "p" (& current_task));
  goto ldv_2861;
  case 4UL:
  __asm__ ("movl %%gs:%P1,%0": "=r" (pfo_ret__): "p" (& current_task));
  goto ldv_2861;
  case 8UL:
  __asm__ ("movq %%gs:%P1,%0": "=r" (pfo_ret__): "p" (& current_task));
  goto ldv_2861;
  default:
  __bad_percpu_size();
  } (CFACreationUtils.addEdgeToCFA, INFO)

line 11959: Dead code detected: __asm__ ("movb %%gs:%P1,%0": "=q" (pfo_ret__): "p" (& kernel_stack)); (CFACreationUtils.addEdgeToCFA, INFO)

line 11962: Dead code detected: __asm__ ("movw %%gs:%P1,%0": "=r" (pfo_ret__): "p" (& kernel_stack)); (CFACreationUtils.addEdgeToCFA, INFO)

line 11965: Dead code detected: __asm__ ("movl %%gs:%P1,%0": "=r" (pfo_ret__): "p" (& kernel_stack)); (CFACreationUtils.addEdgeToCFA, INFO)

none: Dead code detected: switch (8UL) {
  case 1UL:
  __asm__ ("movb %%gs:%P1,%0": "=q" (pfo_ret__): "p" (& kernel_stack));
  goto ldv_6167;
  case 2UL:
  __asm__ ("movw %%gs:%P1,%0": "=r" (pfo_ret__): "p" (& kernel_stack));
  goto ldv_6167;
  case 4UL:
  __asm__ ("movl %%gs:%P1,%0": "=r" (pfo_ret__): "p" (& kernel_stack));
  goto ldv_6167;
  case 8UL:
  __asm__ ("movq %%gs:%P1,%0": "=r" (pfo_ret__): "p" (& kernel_stack));
  goto ldv_6167;
  default:
  __bad_percpu_size();
  } (CFACreationUtils.addEdgeToCFA, INFO)

line 12199: Dead code detected: tmp___0 = get_current(); (CFACreationUtils.addEdgeToCFA, INFO)

line 12204: Dead code detected: tmp___1 = get_current(); (CFACreationUtils.addEdgeToCFA, INFO)

line 12209: Dead code detected: tmp___2 = get_current(); (CFACreationUtils.addEdgeToCFA, INFO)

none: Dead code detected: switch (8UL) {
  case 1UL:
  tmp___0 = get_current();
  __asm__ volatile ("xchgb %b0, %1\n": "+q" (__ret), "+m" (tmp___0->state): : "memory",
                       "cc");
  goto ldv_28331;
  case 2UL:
  tmp___1 = get_current();
  __asm__ volatile ("xchgw %w0, %1\n": "+r" (__ret), "+m" (tmp___1->state): : "memory",
                       "cc");
  goto ldv_28331;
  case 4UL:
  tmp___2 = get_current();
  __asm__ volatile ("xchgl %0, %1\n": "+r" (__ret), "+m" (tmp___2->state): : "memory",
                       "cc");
  goto ldv_28331;
  case 8UL:
  tmp___3 = get_current();
  __asm__ volatile ("xchgq %q0, %1\n": "+r" (__ret), "+m" (tmp___3->state): : "memory",
                       "cc");
  goto ldv_28331;
  default:
  __xchg_wrong_size();
  } (CFACreationUtils.addEdgeToCFA, INFO)

line 12316: Dead code detected: return (ldv_func_res); (CFACreationUtils.addEdgeToCFA, INFO)

line 12480: Dead code detected: __ms = 1UL; (CFACreationUtils.addEdgeToCFA, INFO)

line 12750: Dead code detected: return (ldv_func_res); (CFACreationUtils.addEdgeToCFA, INFO)

line 12830: Dead code detected: __ms = 1UL; (CFACreationUtils.addEdgeToCFA, INFO)

line 12930: Dead code detected: tmp___3 = get_current(); (CFACreationUtils.addEdgeToCFA, INFO)

line 12935: Dead code detected: tmp___4 = get_current(); (CFACreationUtils.addEdgeToCFA, INFO)

line 12940: Dead code detected: tmp___5 = get_current(); (CFACreationUtils.addEdgeToCFA, INFO)

none: Dead code detected: switch (8UL) {
  case 1UL:
  tmp___3 = get_current();
  __asm__ volatile ("xchgb %b0, %1\n": "+q" (__ret), "+m" (tmp___3->state): : "memory",
                       "cc");
  goto ldv_28258;
  case 2UL:
  tmp___4 = get_current();
  __asm__ volatile ("xchgw %w0, %1\n": "+r" (__ret), "+m" (tmp___4->state): : "memory",
                       "cc");
  goto ldv_28258;
  case 4UL:
  tmp___5 = get_current();
  __asm__ volatile ("xchgl %0, %1\n": "+r" (__ret), "+m" (tmp___5->state): : "memory",
                       "cc");
  goto ldv_28258;
  case 8UL:
  tmp___6 = get_current();
  __asm__ volatile ("xchgq %q0, %1\n": "+r" (__ret), "+m" (tmp___6->state): : "memory",
                       "cc");
  goto ldv_28258;
  default:
  __xchg_wrong_size();
  } (CFACreationUtils.addEdgeToCFA, INFO)

line 12990: Dead code detected: tmp___13 = get_current(); (CFACreationUtils.addEdgeToCFA, INFO)

line 12995: Dead code detected: tmp___14 = get_current(); (CFACreationUtils.addEdgeToCFA, INFO)

line 13000: Dead code detected: tmp___15 = get_current(); (CFACreationUtils.addEdgeToCFA, INFO)

none: Dead code detected: switch (8UL) {
  case 1UL:
  tmp___13 = get_current();
  __asm__ volatile ("xchgb %b0, %1\n": "+q" (__ret___0), "+m" (tmp___13->state): : "memory",
                       "cc");
  goto ldv_28269;
  case 2UL:
  tmp___14 = get_current();
  __asm__ volatile ("xchgw %w0, %1\n": "+r" (__ret___0), "+m" (tmp___14->state): : "memory",
                       "cc");
  goto ldv_28269;
  case 4UL:
  tmp___15 = get_current();
  __asm__ volatile ("xchgl %0, %1\n": "+r" (__ret___0), "+m" (tmp___15->state): : "memory",
                       "cc");
  goto ldv_28269;
  case 8UL:
  tmp___16 = get_current();
  __asm__ volatile ("xchgq %q0, %1\n": "+r" (__ret___0), "+m" (tmp___16->state): : "memory",
                       "cc");
  goto ldv_28269;
  default:
  __xchg_wrong_size();
  } (CFACreationUtils.addEdgeToCFA, INFO)

line 13695: Dead code detected: return (ldv_func_res); (CFACreationUtils.addEdgeToCFA, INFO)

line 13972: Dead code detected: return (ldv_func_res); (CFACreationUtils.addEdgeToCFA, INFO)

line 14922: Dead code detected: return (ldv_func_res); (CFACreationUtils.addEdgeToCFA, INFO)

Inline assembler ignored, analysis is probably unsound! (CFABuilder.createCFA, WARNING)

line 13305: Function pointer *(synth->get_index) with type unsigned char (*)() is called, but no possible target functions were found. (CFunctionPointerResolver.replaceFunctionPointerCall, WARNING)

line 13254: Function pointer *(synth->get_index) with type unsigned char (*)() is called, but no possible target functions were found. (CFunctionPointerResolver.replaceFunctionPointerCall, WARNING)

line 12335: Function pointer *(pv_cpu_ops.io_delay) with type void (*)() is called, but no possible target functions were found. (CFunctionPointerResolver.replaceFunctionPointerCall, WARNING)

line 9462: Function pointer *special_handler with type int (*)(struct vc_data *, u_char , u_char , u_short ) is called, but no possible target functions were found. (CFunctionPointerResolver.replaceFunctionPointerCall, WARNING)

lines 12239-12240: Function pointer *(tty___0->ldisc->ops->receive_buf) with type void (*)(struct tty_struct *, const unsigned char *, char *, int) is called, but no possible target functions were found. (CFunctionPointerResolver.replaceFunctionPointerCall, WARNING)

line 13900: Function pointer *(synth->catch_up) with type void (*)(struct spk_synth *) is called, but no possible target functions were found. (CFunctionPointerResolver.replaceFunctionPointerCall, WARNING)

line 12913: Function pointer *(synth___0->flush) with type void (*)(struct spk_synth *) is called, but no possible target functions were found. (CFunctionPointerResolver.replaceFunctionPointerCall, WARNING)

line 13510: Function pointer *(synth->release) with type void (*)() is called, but no possible target functions were found. (CFunctionPointerResolver.replaceFunctionPointerCall, WARNING)

MathSAT5 is available for research and evaluation purposes only. It can not be used in a commercial environment, particularly as part of a commercial product, without written permission. MathSAT5 is provided as is, without any warranty. Please write to mathsat@fbk.eu for additional questions regarding licensing MathSAT5 or obtaining more up-to-date versions. (PredicateCPA:JavaSMT:Mathsat5SolverContext.<init>, WARNING)

Using predicate analysis with MathSAT5 version 5.3.14 (0b98b661254c) (Nov 17 2016 10:59:45, gmp 5.1.3, gcc 4.8.5, 64-bit) and JFactory 1.21. (PredicateCPA:PredicateCPA.<init>, INFO)

Using refinement for predicate analysis with PredicateAbstractionRefinementStrategy strategy. (PredicateCPA:PredicateCPARefiner.<init>, INFO)

Starting analysis ... (CPAchecker.runAlgorithm, INFO)

Assuming external function ldv_handler_precall to be a constant function. (PredicateCPA:ExpressionToFormulaVisitor.visit, INFO)

Assuming external function memset to be a pure function. (PredicateCPA:ExpressionToFormulaVisitor.visit, INFO)

line 14464: Ignoring parameters passed as varargs to function synth_printf: synth_printf("%s", cp) (PredicateCPA:CtoFormulaConverter.makeFunctionCall, WARNING)

line 14443: Ignoring function call through function pointer *(synth->synth_adjust): tmp___0 = (*(synth->synth_adjust))(var); (PredicateCPA:ExpressionToFormulaVisitor.visit, WARNING)

Assuming external function msecs_to_jiffies to be a pure function. (PredicateCPA:ExpressionToFormulaVisitor.visit, INFO)

Assuming external function strcpy to be a pure function. (PredicateCPA:ExpressionToFormulaVisitor.visit, INFO)

Assuming external function __builtin_va_start to be a pure function. (PredicateCPA:ExpressionToFormulaVisitor.visit, INFO)

Cannot get declaration of function __builtin_va_start, ignoring calls to it. (PredicateCPA:ExpressionToFormulaVisitor.visit, WARNING)

Assuming external function vsnprintf to be a pure function. (PredicateCPA:ExpressionToFormulaVisitor.visit, INFO)

line 13219: Return type of function __builtin_va_end is void, but result is used as type int: __builtin_va_end((__va_list_tag *)(&args)); (PredicateCPA:CtoFormulaConverter.getReturnType, WARNING)

Assuming external function __builtin_va_end to be a pure function. (PredicateCPA:ExpressionToFormulaVisitor.visit, INFO)

Assuming external function input_register_device to be a pure function. (PredicateCPA:ExpressionToFormulaVisitor.visit, INFO)

Assuming external function input_free_device to be a pure function. (PredicateCPA:ExpressionToFormulaVisitor.visit, INFO)

Assuming external function input_unregister_device to be a pure function. (PredicateCPA:ExpressionToFormulaVisitor.visit, INFO)

Assuming external function _raw_spin_unlock_irqrestore to be a pure function. (PredicateCPA:ExpressionToFormulaVisitor.visit, INFO)

Assuming external function mod_timer to be a pure function. (PredicateCPA:ExpressionToFormulaVisitor.visit, INFO)

Assuming external function stop_tty to be a pure function. (PredicateCPA:ExpressionToFormulaVisitor.visit, INFO)

Assuming external function kobject_create_and_add to be a pure function. (PredicateCPA:ExpressionToFormulaVisitor.visit, INFO)

Assuming external function sysfs_create_group to be a pure function. (PredicateCPA:ExpressionToFormulaVisitor.visit, INFO)

Assuming external function sysfs_remove_group to be a pure function. (PredicateCPA:ExpressionToFormulaVisitor.visit, INFO)

Assuming external function kobject_put to be a pure function. (PredicateCPA:ExpressionToFormulaVisitor.visit, INFO)

Shutdown requested (The CPU-time limit of 30s has elapsed.), waiting for termination. (ForceTerminationOnShutdown$1.shutdownRequested, WARNING)

Warning: Analysis interrupted (The CPU-time limit of 30s has elapsed.) (ShutdownNotifier.shutdownIfNecessary, WARNING)

PredicateCPA statistics
-----------------------
Number of abstractions:            7852 (10% of all post computations)
  Times abstraction was reused:    0
  Because of function entry/exit:  5725 (73%)
  Because of loop head:            2108 (27%)
  Because of join nodes:           0 (0%)
  Because of threshold:            0 (0%)
  Because of target state:         19 (0%)
  Times precision was empty:       5328 (68%)
  Times precision was {false}:     110 (1%)
  Times result was cached:         2214 (28%)
  Times cartesian abs was used:    0 (0%)
  Times boolean abs was used:      200 (3%)
  Times result was 'false':        169 (2%)
Number of strengthen sat checks:   0
Number of coverage checks:         16644
  BDD entailment checks:           2706
Number of SMT sat checks:          0
  trivial:                         0
  cached:                          0

Max ABE block size:                       176
Number of predicates discovered:          3
Number of abstraction locations:          30
Max number of predicates per location:    3
Avg number of predicates per location:    2
Total predicates per abstraction:         4779
Max number of predicates per abstraction: 3
Avg number of predicates per abstraction: 15.42
Number of irrelevant predicates:          2571 (54%)
Number of preds handled by boolean abs:   252 (5%)
  Total number of models for allsat:      235
  Max number of models for allsat:        2
  Avg number of models for allsat:        1.18

Time for post operator:                  5.400s
  Time for path formula creation:        5.305s
Time for strengthen operator:            0.117s
Time for prec operator:                  7.839s
  Time for abstraction:                  7.437s (Max:     0.361s, Count: 7852)
    Boolean abstraction:                 3.197s
    Solving time:                        4.516s (Max:     0.272s)
    Model enumeration time:              0.291s
    Time for BDD construction:           0.024s (Max:     0.002s)
Time for merge operator:                 1.322s
Time for coverage check:                 0.042s
  Time for BDD entailment checks:        0.037s
Total time for SMT solver (w/o itp):     4.807s

Number of path formula cache hits:   70277 (81%)

Inside post operator:                  
  Inside path formula creation:        
    Time for path formula computation:     4.147s

Total number of created targets for pointer analysis: 32656
   Number of created targets for uf: *unsigned_short_int is 87
   Number of created targets for uf: *(void)* is 1161
   Number of created targets for uf: *signed_int is 319
   Number of created targets for uf: *(char)* is 48
   Number of created targets for uf: *unsigned_char is 245
   Number of created targets for uf: *(struct_list_head)* is 3
   Number of created targets for uf: *(unsigned_char)* is 21
   Number of created targets for uf: *(struct_st_var_header)* is 581
   Number of created targets for uf: *char is 17
   Number of created targets for uf: *signed_short_int is 6
   Number of created targets for uf: *(struct_st_spk_t)* is 21
   Number of created targets for uf: *unsigned_long_int is 7


Number of BDD nodes:                               210
Size of BDD node table:                            270749
Size of BDD cache:                                 27073
Size of BDD node cleanup queue:                         411 (count: 9833, min: 0, max: 52, avg: 0.04)
Time for BDD node cleanup:                             0.005s
Time for BDD garbage collection:                       0.000s (in 0 runs)

PrecisionBootstrap statistics
-----------------------------
Init. function predicates:                         0
Init. global predicates:                           0
Init. location predicates:                         0

Invariant Generation statistics
-------------------------------

AutomatonAnalysis (SVCOMP) statistics
-------------------------------------
Number of states:                                  1
Total time for successor computation:                  0.422s
Automaton transfers with branching:                0
Automaton transfer successors:                        75176 (count: 75176, min: 1, max: 1, avg: 1.00) [1 x 75176]

CPA algorithm statistics
------------------------
Number of iterations:            47643
Max size of waitlist:            77
Average size of waitlist:        28
Number of computed successors:   57383
Max successors for one state:    2
Number of times merged:          6969
Number of times stopped:         8820
Number of times breaked:         19

Total time for CPA algorithm:        17.872s (Max:     2.567s)
  Time for choose from waitlist:      0.089s
  Time for precision adjustment:      8.359s
  Time for transfer relation:         7.116s
  Time for merge operator:            1.527s
  Time for stop operator:             0.207s
  Time for adding to reached set:     0.141s

Predicate-Abstraction Refiner statistics
----------------------------------------
Number of predicate refinements:                   19
Avg. length of target path (in blocks):                 604 (count: 19, min: 25, max: 37, avg: 31.79)
Number of infeasible sliced prefixes:                     0 (count: 0, min: 0, max: 0, avg: 0.00)

Time for refinement:                                   6.041s
  Counterexample analysis:                             5.802s (Max:     0.568s, Calls: 19)
    Refinement sat check:                              5.337s
    Interpolant computation:                           0.000s
  Path-formulas extraction:                            0.000s
  Error path post-processing:                          0.000s
  Predicate creation:                                  0.014s
  Precision update:                                    0.008s
  ARG update:                                          0.187s

Length of refined path (in blocks):                     458 (count: 18, min: 20, max: 33, avg: 25.44)
Number of affected states:                              440 (count: 18, min: 19, max: 32, avg: 24.44)
Length (states) of path with itp 'true':                  0 (count: 18, min: 0, max: 0, avg: 0.00)
Length (states) of path with itp non-trivial itp:       440 (count: 18, min: 19, max: 32, avg: 24.44)
Length (states) of path with itp 'false':                18 (count: 18, min: 1, max: 1, avg: 1.00)
Different non-trivial interpolants along paths:           0 (count: 18, min: 0, max: 0, avg: 0.00)
Equal non-trivial interpolants along paths:             422 (count: 18, min: 18, max: 31, avg: 23.44)
Number of refs with location-based cutoff:                0

CEGAR algorithm statistics
--------------------------
Number of refinements:                19
Number of successful refinements:     18
Number of failed refinements:         0
Max. size of reached set before ref.: 4786
Max. size of reached set after ref.:  3
Avg. size of reached set before ref.: 2549.95
Avg. size of reached set after ref.:  3.00

Total time for CEGAR algorithm:      24.039s
Time for refinements:                 6.167s
Average time for refinement:          0.324s
Max time for refinement:              0.589s

Code Coverage
-----------------------------
  Function coverage:      0.130
  Visited lines:          1464
  Total lines:            6398
  Line coverage:          0.229
  Visited conditions:     232
  Total conditions:       2080
  Condition coverage:     0.112

CPAchecker general statistics
-----------------------------
Number of program locations:     9513
Number of CFA edges:             11030
Number of relevant variables:    1705
Number of functions:             345
Number of loops:                 126
Size of reached set:             4786
  Number of reached locations:   678 (7%)
    Avg states per location:     7
    Max states per location:     66 (at node N8493)
  Number of reached functions:   45 (13%)
  Number of partitions:          4740
    Avg size of partitions:      1
    Max size of partitions:      4 (with key [N4898 (before lines 9678-9682), Function speakup_init called from node N5070, stack depth 2 [4696e669], stack [main, speakup_init]])
  Number of target states:       1
  Size of final wait list        75

Time for analysis setup:          6.425s
  Time for loading CPAs:          1.026s
  Time for loading parser:        0.623s
  Time for CFA construction:      4.658s
    Time for parsing file(s):     0.846s
    Time for AST to CFA:          1.674s
    Time for CFA sanity check:    0.480s
    Time for post-processing:     1.430s
      Time for var class.:        0.641s
Time for Analysis:               24.040s
CPU time for analysis:           24.040s
Total time for CPAchecker:       30.469s
Total CPU time for CPAchecker:   30.450s
Time for statistics:              0.190s

Time for Garbage Collector:       0.693s (in 54 runs)
Garbage Collector(s) used:    Copy, MarkSweepCompact
Used heap memory:                 82MB (    78 MiB) max;     56MB (    53 MiB) avg;     86MB (    82 MiB) peak
Used non-heap memory:             40MB (    38 MiB) max;     35MB (    34 MiB) avg;     41MB (    39 MiB) peak
Allocated heap memory:           127MB (   121 MiB) max;    127MB (   121 MiB) avg
Allocated non-heap memory:        42MB (    40 MiB) max;     37MB (    36 MiB) avg
Total process virtual memory:   8085MB (  7711 MiB) max;   8072MB (  7698 MiB) avg

Verification result: UNKNOWN, incomplete analysis.
More details about the verification run can be found in the directory "./output".
