scripts/cpa.sh -Dy-MySearchStrategy-PredAbs-ABElf -heap 5600000000 -timelimit 900 -preprocess -stats -noout -setprop cpa.predicate.memoryAllocationsAlwaysSucceed=true -spec ../sv-benchmarks/c/ReachSafety.prp ../sv-benchmarks/c/product-lines/minepump_spec2_product60_true-unreach-call_false-termination.cil.c


--------------------------------------------------------------------------------


Running CPAchecker with Java heap of size 5600000000.
Running CPAchecker with default stack size (1024k). Specify a larger value with -stack if needed.
Running CPAchecker with the following extra VM options:  -Djava.io.tmpdir=/tmp/BenchExec_run_wlmdp_p9/tmp
Using the following resource limits: CPU-time limit of 900s (ResourceLimitChecker.fromConfiguration, INFO)

CPAchecker (unknown version) (OpenJDK 64-Bit Server VM 1.8.0_151) started (CPAchecker.run, INFO)

line 92: Dead code detected: return (retValue_acc); (CFACreationUtils.addEdgeToCFA, INFO)

line 124: Dead code detected: return (retValue_acc); (CFACreationUtils.addEdgeToCFA, INFO)

line 138: Dead code detected: return (retValue_acc); (CFACreationUtils.addEdgeToCFA, INFO)

line 147: Dead code detected: return (retValue_acc); (CFACreationUtils.addEdgeToCFA, INFO)

line 260: Dead code detected: return (retValue_acc); (CFACreationUtils.addEdgeToCFA, INFO)

line 272: Dead code detected: return (retValue_acc); (CFACreationUtils.addEdgeToCFA, INFO)

line 295: Dead code detected: return (retValue_acc); (CFACreationUtils.addEdgeToCFA, INFO)

line 686: Dead code detected: return (retValue_acc); (CFACreationUtils.addEdgeToCFA, INFO)

line 732: Dead code detected: return (retValue_acc); (CFACreationUtils.addEdgeToCFA, INFO)

line 868: Dead code detected: return (retValue_acc); (CFACreationUtils.addEdgeToCFA, INFO)

line 877: Dead code detected: return (retValue_acc); (CFACreationUtils.addEdgeToCFA, INFO)

line 932: Dead code detected: return (retValue_acc); (CFACreationUtils.addEdgeToCFA, INFO)

line 951: Dead code detected: return (retValue_acc); (CFACreationUtils.addEdgeToCFA, INFO)

line 523: Function pointer *__cil_tmp10 with type int (*)(int, int) is called, but no possible target functions were found. (CFunctionPointerResolver.replaceFunctionPointerCall, WARNING)

MathSAT5 is available for research and evaluation purposes only. It can not be used in a commercial environment, particularly as part of a commercial product, without written permission. MathSAT5 is provided as is, without any warranty. Please write to mathsat@fbk.eu for additional questions regarding licensing MathSAT5 or obtaining more up-to-date versions. (PredicateCPA:JavaSMT:Mathsat5SolverContext.<init>, WARNING)

Using predicate analysis with MathSAT5 version 5.3.14 (0b98b661254c) (Nov 17 2016 10:59:45, gmp 5.1.3, gcc 4.8.5, 64-bit) and JFactory 1.21. (PredicateCPA:PredicateCPA.<init>, INFO)

Using refinement for predicate analysis with PredicateAbstractionRefinementStrategy strategy. (PredicateCPA:PredicateCPARefiner.<init>, INFO)

Starting analysis ... (CPAchecker.runAlgorithm, INFO)

Stopping analysis ... (CPAchecker.runAlgorithm, INFO)

PredicateCPA statistics
-----------------------
Number of abstractions:            31767 (25% of all post computations)
  Times abstraction was reused:    0
  Because of function entry/exit:  31294 (99%)
  Because of loop head:            381 (1%)
  Because of join nodes:           0 (0%)
  Because of threshold:            0 (0%)
  Because of target state:         92 (0%)
  Times precision was empty:       3198 (10%)
  Times precision was {false}:     190 (1%)
  Times result was cached:         23720 (75%)
  Times cartesian abs was used:    0 (0%)
  Times boolean abs was used:      4659 (15%)
  Times result was 'false':        4338 (14%)
Number of strengthen sat checks:   0
Number of coverage checks:         17580
  BDD entailment checks:           11374
Number of SMT sat checks:          0
  trivial:                         0
  cached:                          0

Max ABE block size:                       9
Number of predicates discovered:          18
Number of abstraction locations:          62
Max number of predicates per location:    9
Avg number of predicates per location:    6
Total predicates per abstraction:         132016
Max number of predicates per abstraction: 9
Avg number of predicates per abstraction: 27.23
Number of irrelevant predicates:          38356 (29%)
Number of preds handled by boolean abs:   19097 (14%)
  Total number of models for allsat:      4752
  Max number of models for allsat:        3
  Avg number of models for allsat:        1.02

Time for post operator:                  1.502s
  Time for path formula creation:        1.422s
Time for strengthen operator:            0.208s
Time for prec operator:                 10.988s
  Time for abstraction:                 10.554s (Max:     0.027s, Count: 31767)
    Boolean abstraction:                 2.669s
    Solving time:                        1.922s (Max:     0.013s)
    Model enumeration time:              0.239s
    Time for BDD construction:           0.166s (Max:     0.011s)
Time for merge operator:                 0.087s
Time for coverage check:                 0.052s
  Time for BDD entailment checks:        0.051s
Total time for SMT solver (w/o itp):     2.161s

Number of path formula cache hits:   115122 (77%)

Inside post operator:                  
  Inside path formula creation:        
    Time for path formula computation:     1.178s

Total number of created targets for pointer analysis: 0


Number of BDD nodes:                               2121
Size of BDD node table:                            270749
Size of BDD cache:                                 27073
Size of BDD node cleanup queue:                       12508 (count: 45789, min: 0, max: 900, avg: 0.27)
Time for BDD node cleanup:                             0.015s
Time for BDD garbage collection:                       0.000s (in 0 runs)

PrecisionBootstrap statistics
-----------------------------
Init. function predicates:                         0
Init. global predicates:                           0
Init. location predicates:                         0

Invariant Generation statistics
-------------------------------

AutomatonAnalysis (SVCOMP) statistics
-------------------------------------
Number of states:                                  1
Total time for successor computation:                  0.303s
Automaton transfers with branching:                0
Automaton transfer successors:                       125898 (count: 125898, min: 1, max: 1, avg: 1.00) [1 x 125898]

CPA algorithm statistics
------------------------
Number of iterations:            97730
Max size of waitlist:            66
Average size of waitlist:        16
Number of computed successors:   109381
Max successors for one state:    2
Number of times merged:          3103
Number of times stopped:         5836
Number of times breaked:         92

Total time for CPA algorithm:        16.115s (Max:     1.162s)
  Time for choose from waitlist:      0.100s
  Time for precision adjustment:     11.727s
  Time for transfer relation:         3.196s
  Time for merge operator:            0.185s
  Time for stop operator:             0.203s
  Time for adding to reached set:     0.238s

Predicate-Abstraction Refiner statistics
----------------------------------------
Number of predicate refinements:                   92
Avg. length of target path (in blocks):                4897 (count: 92, min: 21, max: 85, avg: 53.23)
Number of infeasible sliced prefixes:                     0 (count: 0, min: 0, max: 0, avg: 0.00)

Time for refinement:                                   1.314s
  Counterexample analysis:                             0.790s (Max:     0.027s, Calls: 92)
    Refinement sat check:                              0.383s
    Interpolant computation:                           0.000s
  Path-formulas extraction:                            0.001s
  Error path post-processing:                          0.000s
  Predicate creation:                                  0.049s
  Precision update:                                    0.092s
  ARG update:                                          0.315s

Length of refined path (in blocks):                    3680 (count: 92, min: 15, max: 69, avg: 40.00)
Number of affected states:                             1764 (count: 92, min: 2, max: 65, avg: 19.17)
Length (states) of path with itp 'true':               1824 (count: 92, min: 0, max: 65, avg: 19.83)
Length (states) of path with itp non-trivial itp:      1764 (count: 92, min: 2, max: 65, avg: 19.17)
Length (states) of path with itp 'false':                92 (count: 92, min: 1, max: 1, avg: 1.00)
Different non-trivial interpolants along paths:          26 (count: 92, min: 0, max: 5, avg: 0.28)
Equal non-trivial interpolants along paths:            1646 (count: 92, min: 1, max: 60, avg: 17.89)
Number of refs with location-based cutoff:                0

CEGAR algorithm statistics
--------------------------
Number of refinements:                92
Number of successful refinements:     92
Number of failed refinements:         0
Max. size of reached set before ref.: 6338
Max. size of reached set after ref.:  5437
Avg. size of reached set before ref.: 2361.04
Avg. size of reached set after ref.:  1334.61

Total time for CEGAR algorithm:      17.824s
Time for refinements:                 1.613s
Average time for refinement:          0.017s
Max time for refinement:              0.048s

Code Coverage
-----------------------------
  Function coverage:      0.707
  Visited lines:          167
  Total lines:            459
  Line coverage:          0.364
  Visited conditions:     48
  Total conditions:       78
  Condition coverage:     0.615

CPAchecker general statistics
-----------------------------
Number of program locations:     665
Number of CFA edges:             717
Number of relevant variables:    120
Number of functions:             41
Number of loops:                 5
Size of reached set:             4776
  Number of reached locations:   225 (34%)
    Avg states per location:     21
    Max states per location:     108 (at node N515)
  Number of reached functions:   29 (71%)
  Number of partitions:          4648
    Avg size of partitions:      1
    Max size of partitions:      9 (with key [N197 (after line 343), Function test called from node N123, stack depth 3 [feb0739], stack [main, runTest, test]])
  Number of target states:       0

Time for analysis setup:          1.979s
  Time for loading CPAs:          0.480s
  Time for loading parser:        0.434s
  Time for CFA construction:      0.920s
    Time for parsing file(s):     0.300s
    Time for AST to CFA:          0.243s
    Time for CFA sanity check:    0.074s
    Time for post-processing:     0.207s
      Time for var class.:        0.088s
Time for Analysis:               17.824s
CPU time for analysis:           17.820s
Time for analyzing result:        0.006s
Total time for CPAchecker:       19.805s
Total CPU time for CPAchecker:   19.810s
Time for statistics:              0.189s

Time for Garbage Collector:       0.558s (in 65 runs)
Garbage Collector(s) used:    Copy, MarkSweepCompact
Used heap memory:                 76MB (    72 MiB) max;     45MB (    43 MiB) avg;     84MB (    80 MiB) peak
Used non-heap memory:             36MB (    35 MiB) max;     33MB (    32 MiB) avg;     37MB (    35 MiB) peak
Allocated heap memory:           127MB (   121 MiB) max;    127MB (   121 MiB) avg
Allocated non-heap memory:        39MB (    37 MiB) max;     36MB (    34 MiB) avg
Total process virtual memory:   8087MB (  7712 MiB) max;   8075MB (  7701 MiB) avg

Verification result: TRUE. No property violation found by chosen configuration.
More details about the verification run can be found in the directory "./output".
