scripts/cpa.sh -Dy-MySearchStrategy-PredAbs-ABElf -heap 5600000000 -timelimit 900 -preprocess -stats -noout -setprop cpa.predicate.memoryAllocationsAlwaysSucceed=true -spec ../sv-benchmarks/c/ReachSafety.prp ../sv-benchmarks/c/ldv-linux-3.4-simple/43_1a_cilled_true-unreach-call_ok_nondet_linux-43_1a-drivers--regulator--max1586.ko-ldv_main0_sequence_infinite_withcheck_stateful.cil.out.c


--------------------------------------------------------------------------------


Running CPAchecker with Java heap of size 5600000000.
Running CPAchecker with default stack size (1024k). Specify a larger value with -stack if needed.
Running CPAchecker with the following extra VM options:  -Djava.io.tmpdir=/tmp/BenchExec_run_rmy45ro3/tmp
Using the following resource limits: CPU-time limit of 900s (ResourceLimitChecker.fromConfiguration, INFO)

CPAchecker (unknown version) (OpenJDK 64-Bit Server VM 1.8.0_151) started (CPAchecker.run, INFO)

Dead code detected: Label switch_break is not reachable. (CFAFunctionBuilder.leave, INFO)

MathSAT5 is available for research and evaluation purposes only. It can not be used in a commercial environment, particularly as part of a commercial product, without written permission. MathSAT5 is provided as is, without any warranty. Please write to mathsat@fbk.eu for additional questions regarding licensing MathSAT5 or obtaining more up-to-date versions. (PredicateCPA:JavaSMT:Mathsat5SolverContext.<init>, WARNING)

Using predicate analysis with MathSAT5 version 5.3.14 (0b98b661254c) (Nov 17 2016 10:59:45, gmp 5.1.3, gcc 4.8.5, 64-bit) and JFactory 1.21. (PredicateCPA:PredicateCPA.<init>, INFO)

Using refinement for predicate analysis with PredicateAbstractionRefinementStrategy strategy. (PredicateCPA:PredicateCPARefiner.<init>, INFO)

Starting analysis ... (CPAchecker.runAlgorithm, INFO)

Assuming external function ldv_initialize to be a constant function. (PredicateCPA:ExpressionToFormulaVisitor.visit, INFO)

Assuming external function i2c_register_driver to be a pure function. (PredicateCPA:ExpressionToFormulaVisitor.visit, INFO)

Assuming external function ldv_check_final_state to be a constant function. (PredicateCPA:ExpressionToFormulaVisitor.visit, INFO)

Assuming external function rdev_get_drvdata to be a pure function. (PredicateCPA:ExpressionToFormulaVisitor.visit, INFO)

Assuming external function i2c_del_driver to be a pure function. (PredicateCPA:ExpressionToFormulaVisitor.visit, INFO)

Assuming external function __dynamic_dev_dbg to be a pure function. (PredicateCPA:ExpressionToFormulaVisitor.visit, INFO)

Assuming external function regulator_register to be a pure function. (PredicateCPA:ExpressionToFormulaVisitor.visit, INFO)

Assuming external function dev_err to be a pure function. (PredicateCPA:ExpressionToFormulaVisitor.visit, INFO)

Assuming external function regulator_unregister to be a pure function. (PredicateCPA:ExpressionToFormulaVisitor.visit, INFO)

Assuming external function ldv_check_return_value to be a pure function. (PredicateCPA:ExpressionToFormulaVisitor.visit, INFO)

Assuming external function dev_set_drvdata to be a pure function. (PredicateCPA:ExpressionToFormulaVisitor.visit, INFO)

Assuming external function _dev_info to be a pure function. (PredicateCPA:ExpressionToFormulaVisitor.visit, INFO)

Stopping analysis ... (CPAchecker.runAlgorithm, INFO)

PredicateCPA statistics
-----------------------
Number of abstractions:            1508 (7% of all post computations)
  Times abstraction was reused:    0
  Because of function entry/exit:  1212 (80%)
  Because of loop head:            280 (19%)
  Because of join nodes:           0 (0%)
  Because of threshold:            0 (0%)
  Because of target state:         16 (1%)
  Times precision was empty:       556 (37%)
  Times precision was {false}:     95 (6%)
  Times result was cached:         802 (53%)
  Times cartesian abs was used:    0 (0%)
  Times boolean abs was used:      55 (4%)
  Times result was 'false':        16 (1%)
Number of strengthen sat checks:   0
Number of coverage checks:         1590
  BDD entailment checks:           626
Number of SMT sat checks:          0
  trivial:                         0
  cached:                          0

Max ABE block size:                       87
Number of predicates discovered:          2
Number of abstraction locations:          36
Max number of predicates per location:    1
Avg number of predicates per location:    1
Total predicates per abstraction:         952
Max number of predicates per abstraction: 1
Avg number of predicates per abstraction: 6.35
Number of irrelevant predicates:          440 (46%)
Number of preds handled by boolean abs:   55 (6%)
  Total number of models for allsat:      57
  Max number of models for allsat:        2
  Avg number of models for allsat:        1.04

Time for post operator:                  1.273s
  Time for path formula creation:        1.251s
Time for strengthen operator:            0.049s
Time for prec operator:                  0.758s
  Time for abstraction:                  0.661s (Max:     0.012s, Count: 1508)
    Boolean abstraction:                 0.077s
    Solving time:                        0.148s (Max:     0.010s)
    Model enumeration time:              0.002s
    Time for BDD construction:           0.022s (Max:     0.009s)
Time for merge operator:                 0.059s
Time for coverage check:                 0.017s
  Time for BDD entailment checks:        0.017s
Total time for SMT solver (w/o itp):     0.150s

Number of path formula cache hits:   14852 (61%)

Inside post operator:                  
  Inside path formula creation:        
    Time for path formula computation:     1.186s

Total number of created targets for pointer analysis: 672
   Number of created targets for uf: *signed_int is 169


Number of BDD nodes:                               202
Size of BDD node table:                            270749
Size of BDD cache:                                 27073
Size of BDD node cleanup queue:                          93 (count: 1992, min: 0, max: 26, avg: 0.05)
Time for BDD node cleanup:                             0.005s
Time for BDD garbage collection:                       0.000s (in 0 runs)

PrecisionBootstrap statistics
-----------------------------
Init. function predicates:                         0
Init. global predicates:                           0
Init. location predicates:                         0

Invariant Generation statistics
-------------------------------

AutomatonAnalysis (SVCOMP) statistics
-------------------------------------
Number of states:                                  1
Total time for successor computation:                  0.146s
Automaton transfers with branching:                0
Automaton transfer successors:                        22948 (count: 22980, min: 0, max: 1, avg: 1.00) [0 x 32, 1 x 22948]

CPA algorithm statistics
------------------------
Number of iterations:            6691
Max size of waitlist:            22
Average size of waitlist:        8
Number of computed successors:   7678
Max successors for one state:    2
Number of times merged:          482
Number of times stopped:         884
Number of times breaked:         16

Total time for CPA algorithm:         3.237s (Max:     0.568s)
  Time for choose from waitlist:      0.012s
  Time for precision adjustment:      0.909s
  Time for transfer relation:         2.036s
  Time for merge operator:            0.098s
  Time for stop operator:             0.058s
  Time for adding to reached set:     0.046s

Predicate-Abstraction Refiner statistics
----------------------------------------
Number of predicate refinements:                   16
Avg. length of target path (in blocks):                 229 (count: 16, min: 8, max: 21, avg: 14.31)
Number of infeasible sliced prefixes:                     0 (count: 0, min: 0, max: 0, avg: 0.00)

Time for refinement:                                   0.250s
  Counterexample analysis:                             0.149s (Max:     0.019s, Calls: 16)
    Refinement sat check:                              0.112s
    Interpolant computation:                           0.000s
  Path-formulas extraction:                            0.001s
  Error path post-processing:                          0.000s
  Predicate creation:                                  0.031s
  Precision update:                                    0.021s
  ARG update:                                          0.035s

Length of refined path (in blocks):                     213 (count: 16, min: 7, max: 20, avg: 13.31)
Number of affected states:                              197 (count: 16, min: 6, max: 19, avg: 12.31)
Length (states) of path with itp 'true':                  0 (count: 16, min: 0, max: 0, avg: 0.00)
Length (states) of path with itp non-trivial itp:       197 (count: 16, min: 6, max: 19, avg: 12.31)
Length (states) of path with itp 'false':                16 (count: 16, min: 1, max: 1, avg: 1.00)
Different non-trivial interpolants along paths:           0 (count: 16, min: 0, max: 0, avg: 0.00)
Equal non-trivial interpolants along paths:             181 (count: 16, min: 5, max: 18, avg: 11.31)
Number of refs with location-based cutoff:                0

CEGAR algorithm statistics
--------------------------
Number of refinements:                16
Number of successful refinements:     16
Number of failed refinements:         0
Max. size of reached set before ref.: 449
Max. size of reached set after ref.:  3
Avg. size of reached set before ref.: 409.44
Avg. size of reached set after ref.:  3.00

Total time for CEGAR algorithm:       3.515s
Time for refinements:                 0.278s
Average time for refinement:          0.017s
Max time for refinement:              0.044s

Code Coverage
-----------------------------
  Function coverage:      0.640
  Visited lines:          1079
  Total lines:            1161
  Line coverage:          0.929
  Visited conditions:     78
  Total conditions:       90
  Condition coverage:     0.867

CPAchecker general statistics
-----------------------------
Number of program locations:     1302
Number of CFA edges:             1346
Number of relevant variables:    247
Number of functions:             25
Number of loops:                 4
Size of reached set:             276
  Number of reached locations:   232 (18%)
    Avg states per location:     1
    Max states per location:     6 (at node N832)
  Number of reached functions:   16 (64%)
  Number of partitions:          276
    Avg size of partitions:      1
    Max size of partitions:      1
  Number of target states:       0

Time for analysis setup:          2.826s
  Time for loading CPAs:          0.565s
  Time for loading parser:        0.528s
  Time for CFA construction:      1.632s
    Time for parsing file(s):     0.523s
    Time for AST to CFA:          0.495s
    Time for CFA sanity check:    0.113s
    Time for post-processing:     0.381s
      Time for var class.:        0.155s
Time for Analysis:                3.515s
CPU time for analysis:            3.520s
Time for analyzing result:        0.000s
Total time for CPAchecker:        6.343s
Total CPU time for CPAchecker:    6.340s
Time for statistics:              0.054s

Time for Garbage Collector:       0.136s (in 10 runs)
Garbage Collector(s) used:    Copy, MarkSweepCompact
Used heap memory:                 61MB (    58 MiB) max;     36MB (    35 MiB) avg;     66MB (    63 MiB) peak
Used non-heap memory:             35MB (    34 MiB) max;     28MB (    27 MiB) avg;     36MB (    34 MiB) peak
Allocated heap memory:           127MB (   121 MiB) max;    127MB (   121 MiB) avg
Allocated non-heap memory:        37MB (    35 MiB) max;     30MB (    29 MiB) avg
Total process virtual memory:   8085MB (  7711 MiB) max;   8048MB (  7675 MiB) avg

Verification result: TRUE. No property violation found by chosen configuration.
More details about the verification run can be found in the directory "./output".
