scripts/cpa.sh -Dy-MySearchStrategy-PredAbs-ABElf -heap 5600000000 -timelimit 30 -preprocess -stats -noout -setprop cpa.predicate.memoryAllocationsAlwaysSucceed=true -spec ../sv-benchmarks/c/ReachSafety.prp ../sv-benchmarks/c/ldv-linux-3.4-simple/32_1_cilled_true-unreach-call_ok_nondet_linux-3_false-termination.4-32_1-drivers--usb--serial--mos7840.ko-ldv_main0_sequence_infinite_withcheck_stateful.cil.out.c


--------------------------------------------------------------------------------


Running CPAchecker with Java heap of size 5600000000.
Running CPAchecker with default stack size (1024k). Specify a larger value with -stack if needed.
Running CPAchecker with the following extra VM options:  -Djava.io.tmpdir=/tmp/BenchExec_run_w8o51mhe/tmp
Using the following resource limits: CPU-time limit of 30s (ResourceLimitChecker.fromConfiguration, INFO)

CPAchecker (unknown version) (OpenJDK 64-Bit Server VM 1.8.0_151) started (CPAchecker.run, INFO)

line 3692: Dead code detected: Goto: case_1 (CFACreationUtils.addEdgeToCFA, INFO)

line 3695: Dead code detected: Goto: case_2 (CFACreationUtils.addEdgeToCFA, INFO)

line 3698: Dead code detected: Goto: case_4 (CFACreationUtils.addEdgeToCFA, INFO)

line 3704: Dead code detected: Goto: switch_default (CFACreationUtils.addEdgeToCFA, INFO)

Dead code detected: Label switch_default is not reachable. (CFAFunctionBuilder.leave, INFO)

Dead code detected: Label case_4 is not reachable. (CFAFunctionBuilder.leave, INFO)

Dead code detected: Label case_1 is not reachable. (CFAFunctionBuilder.leave, INFO)

Dead code detected: Label case_2 is not reachable. (CFAFunctionBuilder.leave, INFO)

Dead code detected: Label while_break is not reachable. (CFAFunctionBuilder.leave, INFO)

Inline assembler ignored, analysis is probably unsound! (CFABuilder.createCFA, WARNING)

MathSAT5 is available for research and evaluation purposes only. It can not be used in a commercial environment, particularly as part of a commercial product, without written permission. MathSAT5 is provided as is, without any warranty. Please write to mathsat@fbk.eu for additional questions regarding licensing MathSAT5 or obtaining more up-to-date versions. (PredicateCPA:JavaSMT:Mathsat5SolverContext.<init>, WARNING)

Using predicate analysis with MathSAT5 version 5.3.14 (0b98b661254c) (Nov 17 2016 10:59:45, gmp 5.1.3, gcc 4.8.5, 64-bit) and JFactory 1.21. (PredicateCPA:PredicateCPA.<init>, INFO)

Using refinement for predicate analysis with PredicateAbstractionRefinementStrategy strategy. (PredicateCPA:PredicateCPARefiner.<init>, INFO)

Starting analysis ... (CPAchecker.runAlgorithm, INFO)

Assuming external function ldv_initialize to be a constant function. (PredicateCPA:ExpressionToFormulaVisitor.visit, INFO)

Assuming external function usb_submit_urb to be a pure function. (PredicateCPA:ExpressionToFormulaVisitor.visit, INFO)

Assuming external function dev_err to be a pure function. (PredicateCPA:ExpressionToFormulaVisitor.visit, INFO)

Assuming external function dev_get_drvdata to be a pure function. (PredicateCPA:ExpressionToFormulaVisitor.visit, INFO)

Assuming external function ldv_check_return_value to be a pure function. (PredicateCPA:ExpressionToFormulaVisitor.visit, INFO)

Assuming external function tty_port_tty_get to be a pure function. (PredicateCPA:ExpressionToFormulaVisitor.visit, INFO)

Assuming external function usb_control_msg to be a pure function. (PredicateCPA:ExpressionToFormulaVisitor.visit, INFO)

Assuming external function _raw_spin_lock to be a pure function. (PredicateCPA:ExpressionToFormulaVisitor.visit, INFO)

Assuming external function tty_flip_buffer_push to be a pure function. (PredicateCPA:ExpressionToFormulaVisitor.visit, INFO)

Assuming external function tty_kref_put to be a pure function. (PredicateCPA:ExpressionToFormulaVisitor.visit, INFO)

Assuming external function dev_set_drvdata to be a pure function. (PredicateCPA:ExpressionToFormulaVisitor.visit, INFO)

Assuming external function memset to be a pure function. (PredicateCPA:ExpressionToFormulaVisitor.visit, INFO)

Assuming external function _raw_spin_unlock to be a pure function. (PredicateCPA:ExpressionToFormulaVisitor.visit, INFO)

Assuming external function _raw_spin_unlock_irqrestore to be a pure function. (PredicateCPA:ExpressionToFormulaVisitor.visit, INFO)

Assuming external function __might_sleep to be a pure function. (PredicateCPA:ExpressionToFormulaVisitor.visit, INFO)

Assuming external function usb_kill_urb to be a pure function. (PredicateCPA:ExpressionToFormulaVisitor.visit, INFO)

Assuming external function usb_free_urb to be a pure function. (PredicateCPA:ExpressionToFormulaVisitor.visit, INFO)

Assuming external function prepare_to_wait to be a pure function. (PredicateCPA:ExpressionToFormulaVisitor.visit, INFO)

Assuming external function finish_wait to be a pure function. (PredicateCPA:ExpressionToFormulaVisitor.visit, INFO)

Assuming external function _copy_to_user to be a pure function. (PredicateCPA:ExpressionToFormulaVisitor.visit, INFO)

Assuming external function __raw_spin_lock_init to be a pure function. (PredicateCPA:ExpressionToFormulaVisitor.visit, INFO)

Assuming external function usb_clear_halt to be a pure function. (PredicateCPA:ExpressionToFormulaVisitor.visit, INFO)

Assuming external function usb_alloc_urb to be a pure function. (PredicateCPA:ExpressionToFormulaVisitor.visit, INFO)

Assuming external function interruptible_sleep_on_timeout to be a pure function. (PredicateCPA:ExpressionToFormulaVisitor.visit, INFO)

line 15919: Destroying the void* pointer mos7840_write::__cil_tmp68 produces garbage or the memory pointed by it is unused: mos7840_write(var_group1, var_group2, var_mos7840_write_24_p2, var_mos7840_write_24_p3); (PredicateCPA:DynamicMemoryHandler.handleDeferredAllocationInFunctionExit, WARNING)

Shutdown requested (The CPU-time limit of 30s has elapsed.), waiting for termination. (ForceTerminationOnShutdown$1.shutdownRequested, WARNING)

Warning: Analysis interrupted (The CPU-time limit of 30s has elapsed.) (ShutdownNotifier.shutdownIfNecessary, WARNING)

PredicateCPA statistics
-----------------------
Number of abstractions:            24818 (4% of all post computations)
  Times abstraction was reused:    0
  Because of function entry/exit:  21555 (87%)
  Because of loop head:            3201 (13%)
  Because of join nodes:           0 (0%)
  Because of threshold:            0 (0%)
  Because of target state:         62 (0%)
  Times precision was empty:       7913 (32%)
  Times precision was {false}:     948 (4%)
  Times result was cached:         15706 (63%)
  Times cartesian abs was used:    0 (0%)
  Times boolean abs was used:      251 (1%)
  Times result was 'false':        115 (0%)
Number of strengthen sat checks:   0
Number of coverage checks:         50168
  BDD entailment checks:           6512
Number of SMT sat checks:          0
  trivial:                         0
  cached:                          0

Max ABE block size:                       442
Number of predicates discovered:          2
Number of abstraction locations:          131
Max number of predicates per location:    1
Avg number of predicates per location:    1
Total predicates per abstraction:         16905
Max number of predicates per abstraction: 1
Avg number of predicates per abstraction: 14.10
Number of irrelevant predicates:          6972 (41%)
Number of preds handled by boolean abs:   251 (1%)
  Total number of models for allsat:      251
  Max number of models for allsat:        1
  Avg number of models for allsat:        1.00

Time for post operator:                  7.571s
  Time for path formula creation:        7.161s
Time for strengthen operator:            0.622s
Time for prec operator:                  5.539s
  Time for abstraction:                  5.010s (Max:     0.025s, Count: 24818)
    Boolean abstraction:                 0.354s
    Solving time:                        1.231s (Max:     0.015s)
    Model enumeration time:              0.028s
    Time for BDD construction:           0.035s (Max:     0.011s)
Time for merge operator:                 0.501s
Time for coverage check:                 0.042s
  Time for BDD entailment checks:        0.035s
Total time for SMT solver (w/o itp):     1.259s

Number of path formula cache hits:   527010 (73%)

Inside post operator:                  
  Inside path formula creation:        
    Time for path formula computation:     6.347s

Total number of created targets for pointer analysis: 1552
   Number of created targets for uf: *unsigned_short_int is 63
   Number of created targets for uf: *signed_int is 5
   Number of created targets for uf: *unsigned_char is 2
   Number of created targets for uf: *_Bool is 3
   Number of created targets for uf: *unsigned_int is 2


Number of BDD nodes:                               202
Size of BDD node table:                            270749
Size of BDD cache:                                 27073
Size of BDD node cleanup queue:                         505 (count: 20676, min: 0, max: 28, avg: 0.02)
Time for BDD node cleanup:                             0.009s
Time for BDD garbage collection:                       0.000s (in 0 runs)

PrecisionBootstrap statistics
-----------------------------
Init. function predicates:                         0
Init. global predicates:                           0
Init. location predicates:                         0

Invariant Generation statistics
-------------------------------

AutomatonAnalysis (SVCOMP) statistics
-------------------------------------
Number of states:                                  1
Total time for successor computation:                  1.143s
  Time for transition matches:                         0.595s
  Time for transition assertions:                      0.000s
  Time for transition actions:                         0.017s
Automaton transfers with branching:                0
Automaton transfer successors:                       685404 (count: 685404, min: 1, max: 1, avg: 1.00) [1 x 685404]

CPA algorithm statistics
------------------------
Number of iterations:            219080
Max size of waitlist:            63
Average size of waitlist:        33
Number of computed successors:   247903
Max successors for one state:    2
Number of times merged:          21828
Number of times stopped:         25947
Number of times breaked:         62

Total time for CPA algorithm:        23.918s (Max:     1.162s)
  Time for choose from waitlist:      0.137s
  Time for precision adjustment:      7.433s
  Time for transfer relation:        13.958s
  Time for merge operator:            0.915s
  Time for stop operator:             0.383s
  Time for adding to reached set:     0.348s

Predicate-Abstraction Refiner statistics
----------------------------------------
Number of predicate refinements:                   62
Avg. length of target path (in blocks):                 766 (count: 62, min: 4, max: 19, avg: 12.35)
Number of infeasible sliced prefixes:                     0 (count: 0, min: 0, max: 0, avg: 0.00)

Time for refinement:                                   1.100s
  Counterexample analysis:                             0.494s (Max:     0.021s, Calls: 62)
    Refinement sat check:                              0.354s
    Interpolant computation:                           0.000s
  Path-formulas extraction:                            0.003s
  Error path post-processing:                          0.000s
  Predicate creation:                                  0.033s
  Precision update:                                    0.023s
  ARG update:                                          0.524s

Length of refined path (in blocks):                     704 (count: 62, min: 3, max: 18, avg: 11.35)
Number of affected states:                              642 (count: 62, min: 2, max: 17, avg: 10.35)
Length (states) of path with itp 'true':                  0 (count: 62, min: 0, max: 0, avg: 0.00)
Length (states) of path with itp non-trivial itp:       642 (count: 62, min: 2, max: 17, avg: 10.35)
Length (states) of path with itp 'false':                62 (count: 62, min: 1, max: 1, avg: 1.00)
Different non-trivial interpolants along paths:           0 (count: 62, min: 0, max: 0, avg: 0.00)
Equal non-trivial interpolants along paths:             580 (count: 62, min: 1, max: 16, avg: 9.35)
Number of refs with location-based cutoff:                0

CEGAR algorithm statistics
--------------------------
Number of refinements:                62
Number of successful refinements:     62
Number of failed refinements:         0
Max. size of reached set before ref.: 5053
Max. size of reached set after ref.:  3
Avg. size of reached set before ref.: 3539.24
Avg. size of reached set after ref.:  3.00

Total time for CEGAR algorithm:      25.310s
Time for refinements:                 1.391s
Average time for refinement:          0.022s
Max time for refinement:              0.094s

Code Coverage
-----------------------------
  Function coverage:      0.649
  Visited lines:          5166
  Total lines:            8661
  Line coverage:          0.596
  Visited conditions:     432
  Total conditions:       998
  Condition coverage:     0.433

CPAchecker general statistics
-----------------------------
Number of program locations:     9928
Number of CFA edges:             10559
Number of relevant variables:    2363
Number of functions:             74
Number of loops:                 16
Size of reached set:             2595
  Number of reached locations:   1584 (16%)
    Avg states per location:     1
    Max states per location:     20 (at node N9778)
  Number of reached functions:   48 (65%)
  Number of partitions:          2594
    Avg size of partitions:      1
    Max size of partitions:      2 (with key [N5861 (before line 10979), Function mos7840_tiocmget called from node N9943, stack depth 2 [1b7de7f4], stack [main, mos7840_tiocmget]])
  Number of target states:       0
  Size of final wait list        24

Time for analysis setup:          5.015s
  Time for loading CPAs:          0.767s
  Time for loading parser:        0.459s
  Time for CFA construction:      3.699s
    Time for parsing file(s):     0.842s
    Time for AST to CFA:          1.207s
    Time for CFA sanity check:    0.397s
    Time for post-processing:     1.129s
      Time for var class.:        0.498s
Time for Analysis:               25.310s
CPU time for analysis:           25.310s
Total time for CPAchecker:       30.327s
Total CPU time for CPAchecker:   30.300s
Time for statistics:              0.104s

Time for Garbage Collector:       2.080s (in 106 runs)
Garbage Collector(s) used:    Copy, MarkSweepCompact
Used heap memory:                186MB (   177 MiB) max;     90MB (    86 MiB) avg;    196MB (   187 MiB) peak
Used non-heap memory:             39MB (    38 MiB) max;     35MB (    33 MiB) avg;     40MB (    38 MiB) peak
Allocated heap memory:           204MB (   194 MiB) max;    152MB (   145 MiB) avg
Allocated non-heap memory:        41MB (    39 MiB) max;     37MB (    35 MiB) avg
Total process virtual memory:   8086MB (  7711 MiB) max;   8075MB (  7701 MiB) avg

Verification result: UNKNOWN, incomplete analysis.
More details about the verification run can be found in the directory "./output".
