scripts/cpa.sh -Dy-MySearchStrategy-PredAbs-ABElf -heap 5600000000 -timelimit 30 -preprocess -stats -noout -setprop cpa.predicate.memoryAllocationsAlwaysSucceed=true -spec ../sv-benchmarks/c/ReachSafety.prp ../sv-benchmarks/c/ldv-linux-3.4-simple/43_1a_cilled_true-unreach-call_ok_nondet_linux-43_1a-drivers--rtc--rtc-v3020.ko-ldv_main0_sequence_infinite_withcheck_stateful.cil.out.c


--------------------------------------------------------------------------------


Running CPAchecker with Java heap of size 5600000000.
Running CPAchecker with default stack size (1024k). Specify a larger value with -stack if needed.
Running CPAchecker with the following extra VM options:  -Djava.io.tmpdir=/tmp/BenchExec_run_2ejmaf1c/tmp
Using the following resource limits: CPU-time limit of 30s (ResourceLimitChecker.fromConfiguration, INFO)

CPAchecker (unknown version) (OpenJDK 64-Bit Server VM 1.8.0_151) started (CPAchecker.run, INFO)

Dead code detected: Label switch_break is not reachable. (CFAFunctionBuilder.leave, INFO)

Inline assembler ignored, analysis is probably unsound! (CFABuilder.createCFA, WARNING)

MathSAT5 is available for research and evaluation purposes only. It can not be used in a commercial environment, particularly as part of a commercial product, without written permission. MathSAT5 is provided as is, without any warranty. Please write to mathsat@fbk.eu for additional questions regarding licensing MathSAT5 or obtaining more up-to-date versions. (PredicateCPA:JavaSMT:Mathsat5SolverContext.<init>, WARNING)

Using predicate analysis with MathSAT5 version 5.3.14 (0b98b661254c) (Nov 17 2016 10:59:45, gmp 5.1.3, gcc 4.8.5, 64-bit) and JFactory 1.21. (PredicateCPA:PredicateCPA.<init>, INFO)

Using refinement for predicate analysis with PredicateAbstractionRefinementStrategy strategy. (PredicateCPA:PredicateCPARefiner.<init>, INFO)

Starting analysis ... (CPAchecker.runAlgorithm, INFO)

Assuming external function ldv_initialize to be a constant function. (PredicateCPA:ExpressionToFormulaVisitor.visit, INFO)

Assuming external function ldv_check_final_state to be a constant function. (PredicateCPA:ExpressionToFormulaVisitor.visit, INFO)

Assuming external function ioremap_nocache to be a pure function. (PredicateCPA:ExpressionToFormulaVisitor.visit, INFO)

Assuming external function iounmap to be a pure function. (PredicateCPA:ExpressionToFormulaVisitor.visit, INFO)

Assuming external function gpio_request to be a pure function. (PredicateCPA:ExpressionToFormulaVisitor.visit, INFO)

Assuming external function gpio_direction_output to be a pure function. (PredicateCPA:ExpressionToFormulaVisitor.visit, INFO)

Assuming external function gpio_free to be a pure function. (PredicateCPA:ExpressionToFormulaVisitor.visit, INFO)

Assuming external function gpio_direction_input to be a pure function. (PredicateCPA:ExpressionToFormulaVisitor.visit, INFO)

Assuming external function __gpio_set_value to be a pure function. (PredicateCPA:ExpressionToFormulaVisitor.visit, INFO)

Assuming external function __const_udelay to be a pure function. (PredicateCPA:ExpressionToFormulaVisitor.visit, INFO)

Assuming external function __gpio_get_value to be a pure function. (PredicateCPA:ExpressionToFormulaVisitor.visit, INFO)

Assuming external function dev_get_drvdata to be a pure function. (PredicateCPA:ExpressionToFormulaVisitor.visit, INFO)

line 2455: Ignoring call via function pointer v3020_set_reg::__cil_tmp11 for which no suitable target was found in line: (*__cil_tmp11)(chip, __cil_tmp14); (FunctionPointerCPA:FunctionPointerTransferRelation.getAbstractSuccessorsForEdge, WARNING)

line 2455: Ignoring function call through function pointer *__cil_tmp11: (*__cil_tmp11)(chip, __cil_tmp14); (PredicateCPA:ExpressionToFormulaVisitor.visit, WARNING)

line 2544: Ignoring call via function pointer v3020_get_reg::__cil_tmp11 for which no suitable target was found in line: (*__cil_tmp11)(chip, __cil_tmp14); (FunctionPointerCPA:FunctionPointerTransferRelation.getAbstractSuccessorsForEdge, WARNING)

line 2544: Ignoring function call through function pointer *__cil_tmp11: (*__cil_tmp11)(chip, __cil_tmp14); (PredicateCPA:ExpressionToFormulaVisitor.visit, WARNING)

line 2569: Ignoring call via function pointer v3020_get_reg::__cil_tmp22 for which no suitable target was found in line: tmp = (*__cil_tmp22)(chip); (FunctionPointerCPA:FunctionPointerTransferRelation.getAbstractSuccessorsForEdge, WARNING)

line 2569: Ignoring function call through function pointer *__cil_tmp22: tmp = (*__cil_tmp22)(chip); (PredicateCPA:ExpressionToFormulaVisitor.visit, WARNING)

Assuming external function bcd2bin to be a pure function. (PredicateCPA:ExpressionToFormulaVisitor.visit, INFO)

Assuming external function __dynamic_dev_dbg to be a pure function. (PredicateCPA:ExpressionToFormulaVisitor.visit, INFO)

line 2485: Ignoring call via function pointer v3020_set_reg::__cil_tmp23 for which no suitable target was found in line: (*__cil_tmp23)(chip, __cil_tmp26); (FunctionPointerCPA:FunctionPointerTransferRelation.getAbstractSuccessorsForEdge, WARNING)

line 2485: Ignoring function call through function pointer *__cil_tmp23: (*__cil_tmp23)(chip, __cil_tmp26); (PredicateCPA:ExpressionToFormulaVisitor.visit, WARNING)

line 3664: Ignoring call via function pointer rtc_probe::__cil_tmp30 for which no suitable target was found in line: retval = (*__cil_tmp30)(chip, pdev, pdata); (FunctionPointerCPA:FunctionPointerTransferRelation.getAbstractSuccessorsForEdge, WARNING)

line 3664: Ignoring function call through function pointer *__cil_tmp30: retval = (*__cil_tmp30)(chip, pdev, pdata); (PredicateCPA:ExpressionToFormulaVisitor.visit, WARNING)

Assuming external function ldv_check_return_value to be a pure function. (PredicateCPA:ExpressionToFormulaVisitor.visit, INFO)

line 3681: Ignoring call via function pointer rtc_probe::__cil_tmp36 for which no suitable target was found in line: tmp___0 = (*__cil_tmp36)(chip); (FunctionPointerCPA:FunctionPointerTransferRelation.getAbstractSuccessorsForEdge, WARNING)

line 3805: Ignoring call via function pointer rtc_probe::__cil_tmp103 for which no suitable target was found in line: (*__cil_tmp103)(chip); (FunctionPointerCPA:FunctionPointerTransferRelation.getAbstractSuccessorsForEdge, WARNING)

line 3805: Ignoring function call through function pointer *__cil_tmp103: (*__cil_tmp103)(chip); (PredicateCPA:ExpressionToFormulaVisitor.visit, WARNING)

Assuming external function _dev_info to be a pure function. (PredicateCPA:ExpressionToFormulaVisitor.visit, INFO)

Assuming external function dev_set_drvdata to be a pure function. (PredicateCPA:ExpressionToFormulaVisitor.visit, INFO)

Assuming external function rtc_device_register to be a pure function. (PredicateCPA:ExpressionToFormulaVisitor.visit, INFO)

Assuming external function rtc_device_unregister to be a pure function. (PredicateCPA:ExpressionToFormulaVisitor.visit, INFO)

line 3861: Ignoring call via function pointer rtc_remove::__cil_tmp16 for which no suitable target was found in line: (*__cil_tmp16)(chip); (FunctionPointerCPA:FunctionPointerTransferRelation.getAbstractSuccessorsForEdge, WARNING)

line 3861: Ignoring function call through function pointer *__cil_tmp16: (*__cil_tmp16)(chip); (PredicateCPA:ExpressionToFormulaVisitor.visit, WARNING)

Stopping analysis ... (CPAchecker.runAlgorithm, INFO)

Shutdown requested (The CPU-time limit of 30s has elapsed.), waiting for termination. (ForceTerminationOnShutdown$1.shutdownRequested, WARNING)

PredicateCPA statistics
-----------------------
Number of abstractions:            48018 (9% of all post computations)
  Times abstraction was reused:    0
  Because of function entry/exit:  37944 (79%)
  Because of loop head:            10039 (21%)
  Because of join nodes:           0 (0%)
  Because of threshold:            0 (0%)
  Because of target state:         35 (0%)
  Times precision was empty:       10666 (22%)
  Times precision was {false}:     2058 (4%)
  Times result was cached:         34986 (73%)
  Times cartesian abs was used:    0 (0%)
  Times boolean abs was used:      308 (1%)
  Times result was 'false':        14 (0%)
Number of strengthen sat checks:   0
Number of coverage checks:         15429
  BDD entailment checks:           9533
Number of SMT sat checks:          0
  trivial:                         0
  cached:                          0

Max ABE block size:                       224
Number of predicates discovered:          2
Number of abstraction locations:          100
Max number of predicates per location:    1
Avg number of predicates per location:    1
Total predicates per abstraction:         37352
Max number of predicates per abstraction: 1
Avg number of predicates per abstraction: 15.79
Number of irrelevant predicates:          23682 (63%)
Number of preds handled by boolean abs:   308 (1%)
  Total number of models for allsat:      310
  Max number of models for allsat:        2
  Avg number of models for allsat:        1.01

Time for post operator:                  9.724s
  Time for path formula creation:        9.543s
Time for strengthen operator:            0.500s
Time for prec operator:                  7.317s
  Time for abstraction:                  6.630s (Max:     0.039s, Count: 48018)
    Boolean abstraction:                 0.279s
    Solving time:                        1.533s (Max:     0.025s)
    Model enumeration time:              0.050s
    Time for BDD construction:           0.019s (Max:     0.008s)
Time for merge operator:                 0.231s
Time for coverage check:                 0.086s
  Time for BDD entailment checks:        0.069s
Total time for SMT solver (w/o itp):     1.583s

Number of path formula cache hits:   192975 (36%)

Inside post operator:                  
  Inside path formula creation:        
    Time for path formula computation:     8.276s

Total number of created targets for pointer analysis: 0


Number of BDD nodes:                               202
Size of BDD node table:                            270749
Size of BDD cache:                                 27073
Size of BDD node cleanup queue:                         619 (count: 32342, min: 0, max: 204, avg: 0.02)
Time for BDD node cleanup:                             0.016s
Time for BDD garbage collection:                       0.000s (in 0 runs)

PrecisionBootstrap statistics
-----------------------------
Init. function predicates:                         0
Init. global predicates:                           0
Init. location predicates:                         0

Invariant Generation statistics
-------------------------------

AutomatonAnalysis (SVCOMP) statistics
-------------------------------------
Number of states:                                  1
Total time for successor computation:                  0.920s
  Time for transition matches:                         0.489s
  Time for transition assertions:                      0.000s
  Time for transition actions:                         0.000s
Automaton transfers with branching:                0
Automaton transfer successors:                       506066 (count: 506066, min: 1, max: 1, avg: 1.00) [1 x 506066]

CPA algorithm statistics
------------------------
Number of iterations:            147442
Max size of waitlist:            27
Average size of waitlist:        10
Number of computed successors:   159257
Max successors for one state:    2
Number of times merged:          2948
Number of times stopped:         11568
Number of times breaked:         35

Total time for CPA algorithm:        26.019s (Max:     2.251s)
  Time for choose from waitlist:      0.139s
  Time for precision adjustment:      8.678s
  Time for transfer relation:        15.217s
  Time for merge operator:            0.383s
  Time for stop operator:             0.429s
  Time for adding to reached set:     0.307s

Predicate-Abstraction Refiner statistics
----------------------------------------
Number of predicate refinements:                   35
Avg. length of target path (in blocks):                 894 (count: 35, min: 6, max: 53, avg: 25.54)
Number of infeasible sliced prefixes:                     0 (count: 0, min: 0, max: 0, avg: 0.00)

Time for refinement:                                   0.934s
  Counterexample analysis:                             0.449s (Max:     0.038s, Calls: 35)
    Refinement sat check:                              0.290s
    Interpolant computation:                           0.000s
  Path-formulas extraction:                            0.000s
  Error path post-processing:                          0.000s
  Predicate creation:                                  0.025s
  Precision update:                                    0.034s
  ARG update:                                          0.382s

Length of refined path (in blocks):                     859 (count: 35, min: 5, max: 52, avg: 24.54)
Number of affected states:                              824 (count: 35, min: 4, max: 51, avg: 23.54)
Length (states) of path with itp 'true':                  0 (count: 35, min: 0, max: 0, avg: 0.00)
Length (states) of path with itp non-trivial itp:       824 (count: 35, min: 4, max: 51, avg: 23.54)
Length (states) of path with itp 'false':                35 (count: 35, min: 1, max: 1, avg: 1.00)
Different non-trivial interpolants along paths:           0 (count: 35, min: 0, max: 0, avg: 0.00)
Equal non-trivial interpolants along paths:             789 (count: 35, min: 3, max: 50, avg: 22.54)
Number of refs with location-based cutoff:                0

CEGAR algorithm statistics
--------------------------
Number of refinements:                35
Number of successful refinements:     35
Number of failed refinements:         0
Max. size of reached set before ref.: 5433
Max. size of reached set after ref.:  3
Avg. size of reached set before ref.: 4144.14
Avg. size of reached set after ref.:  3.00

Total time for CEGAR algorithm:      27.167s
Time for refinements:                 1.137s
Average time for refinement:          0.032s
Max time for refinement:              0.076s

Code Coverage
-----------------------------
  Function coverage:      0.788
  Visited lines:          2109
  Total lines:            2133
  Line coverage:          0.989
  Visited conditions:     142
  Total conditions:       150
  Condition coverage:     0.947

CPAchecker general statistics
-----------------------------
Number of program locations:     2372
Number of CFA edges:             2483
Number of relevant variables:    491
Number of functions:             33
Number of loops:                 9
Size of reached set:             2736
  Number of reached locations:   490 (21%)
    Avg states per location:     5
    Max states per location:     164 (at node N66)
  Number of reached functions:   26 (79%)
  Number of partitions:          2736
    Avg size of partitions:      1
    Max size of partitions:      1
  Number of target states:       0

Time for analysis setup:          3.163s
  Time for loading CPAs:          0.668s
  Time for loading parser:        0.465s
  Time for CFA construction:      1.914s
    Time for parsing file(s):     0.575s
    Time for AST to CFA:          0.606s
    Time for CFA sanity check:    0.135s
    Time for post-processing:     0.460s
      Time for var class.:        0.232s
Time for Analysis:               27.167s
CPU time for analysis:           27.150s
Time for analyzing result:        0.004s
Total time for CPAchecker:       30.334s
Total CPU time for CPAchecker:   30.310s
Time for statistics:              0.110s

Time for Garbage Collector:       1.857s (in 85 runs)
Garbage Collector(s) used:    Copy, MarkSweepCompact
Used heap memory:                151MB (   144 MiB) max;     78MB (    74 MiB) avg;    162MB (   154 MiB) peak
Used non-heap memory:             39MB (    37 MiB) max;     36MB (    34 MiB) avg;     39MB (    38 MiB) peak
Allocated heap memory:           186MB (   178 MiB) max;    142MB (   136 MiB) avg
Allocated non-heap memory:        41MB (    39 MiB) max;     37MB (    36 MiB) avg
Total process virtual memory:   8087MB (  7712 MiB) max;   8077MB (  7703 MiB) avg

Verification result: TRUE. No property violation found by chosen configuration.
More details about the verification run can be found in the directory "./output".
