scripts/cpa.sh -Dy-MySearchStrategy-PredAbs-ABEl -heap 5600000000 -timelimit 900 -preprocess -stats -noout -setprop cpa.predicate.memoryAllocationsAlwaysSucceed=true -spec ../sv-benchmarks/c/ReachSafety.prp ../sv-benchmarks/c/product-lines/elevator_spec2_product19_true-unreach-call_true-termination.cil.c


--------------------------------------------------------------------------------


Running CPAchecker with Java heap of size 5600000000.
Running CPAchecker with default stack size (1024k). Specify a larger value with -stack if needed.
Running CPAchecker with the following extra VM options:  -Djava.io.tmpdir=/tmp/BenchExec_run_46hddney/tmp
Using the following resource limits: CPU-time limit of 900s (ResourceLimitChecker.fromConfiguration, INFO)

CPAchecker (unknown version) (OpenJDK 64-Bit Server VM 1.8.0_162) started (CPAchecker.run, INFO)

line 131: Dead code detected: return (retValue_acc); (CFACreationUtils.addEdgeToCFA, INFO)

line 289: Dead code detected: return (retValue_acc); (CFACreationUtils.addEdgeToCFA, INFO)

line 298: Dead code detected: return (retValue_acc); (CFACreationUtils.addEdgeToCFA, INFO)

line 332: Dead code detected: return (retValue_acc); (CFACreationUtils.addEdgeToCFA, INFO)

line 341: Dead code detected: return (retValue_acc); (CFACreationUtils.addEdgeToCFA, INFO)

line 381: Dead code detected: return (retValue_acc); (CFACreationUtils.addEdgeToCFA, INFO)

line 461: Dead code detected: return (retValue_acc); (CFACreationUtils.addEdgeToCFA, INFO)

line 474: Dead code detected: return (retValue_acc); (CFACreationUtils.addEdgeToCFA, INFO)

line 826: Dead code detected: return (retValue_acc); (CFACreationUtils.addEdgeToCFA, INFO)

line 855: Dead code detected: return (retValue_acc); (CFACreationUtils.addEdgeToCFA, INFO)

line 889: Dead code detected: return (retValue_acc); (CFACreationUtils.addEdgeToCFA, INFO)

line 945: Dead code detected: return (retValue_acc); (CFACreationUtils.addEdgeToCFA, INFO)

line 976: Dead code detected: return (retValue_acc); (CFACreationUtils.addEdgeToCFA, INFO)

line 990: Dead code detected: return (retValue_acc); (CFACreationUtils.addEdgeToCFA, INFO)

line 1563: Dead code detected: return (retValue_acc); (CFACreationUtils.addEdgeToCFA, INFO)

line 1574: Dead code detected: return (retValue_acc); (CFACreationUtils.addEdgeToCFA, INFO)

line 1583: Dead code detected: return (retValue_acc); (CFACreationUtils.addEdgeToCFA, INFO)

line 1707: Dead code detected: return (retValue_acc); (CFACreationUtils.addEdgeToCFA, INFO)

line 1943: Dead code detected: return (retValue_acc); (CFACreationUtils.addEdgeToCFA, INFO)

line 2254: Dead code detected: return (retValue_acc); (CFACreationUtils.addEdgeToCFA, INFO)

line 2490: Dead code detected: return (retValue_acc); (CFACreationUtils.addEdgeToCFA, INFO)

line 2529: Dead code detected: return (retValue_acc); (CFACreationUtils.addEdgeToCFA, INFO)

line 2568: Dead code detected: return (retValue_acc); (CFACreationUtils.addEdgeToCFA, INFO)

line 3013: Dead code detected: return (retValue_acc); (CFACreationUtils.addEdgeToCFA, INFO)

line 3333: Dead code detected: return (retValue_acc); (CFACreationUtils.addEdgeToCFA, INFO)

line 3379: Dead code detected: return (retValue_acc); (CFACreationUtils.addEdgeToCFA, INFO)

line 3391: Dead code detected: return (retValue_acc); (CFACreationUtils.addEdgeToCFA, INFO)

line 3414: Dead code detected: return (retValue_acc); (CFACreationUtils.addEdgeToCFA, INFO)

line 3170: Function pointer *__cil_tmp10 with type int (*)(int, int) is called, but no possible target functions were found. (CFunctionPointerResolver.replaceFunctionPointerCall, WARNING)

MathSAT5 is available for research and evaluation purposes only. It can not be used in a commercial environment, particularly as part of a commercial product, without written permission. MathSAT5 is provided as is, without any warranty. Please write to mathsat@fbk.eu for additional questions regarding licensing MathSAT5 or obtaining more up-to-date versions. (PredicateCPA:JavaSMT:Mathsat5SolverContext.<init>, WARNING)

Using predicate analysis with MathSAT5 version 5.3.14 (0b98b661254c) (Nov 17 2016 10:59:45, gmp 5.1.3, gcc 4.8.5, 64-bit) and JFactory 1.21. (PredicateCPA:PredicateCPA.<init>, INFO)

Using refinement for predicate analysis with PredicateAbstractionRefinementStrategy strategy. (PredicateCPA:PredicateCPARefiner.<init>, INFO)

Starting analysis ... (CPAchecker.runAlgorithm, INFO)

Stopping analysis ... (CPAchecker.runAlgorithm, INFO)

PredicateCPA statistics
-----------------------
Number of abstractions:            161 (0% of all post computations)
  Times abstraction was reused:    0
  Because of function entry/exit:  0 (0%)
  Because of loop head:            41 (25%)
  Because of join nodes:           0 (0%)
  Because of threshold:            0 (0%)
  Because of target state:         120 (75%)
  Times precision was empty:       3 (2%)
  Times precision was {false}:     119 (74%)
  Times result was cached:         0 (0%)
  Times cartesian abs was used:    0 (0%)
  Times boolean abs was used:      39 (24%)
  Times result was 'false':        110 (68%)
Number of strengthen sat checks:   0
Number of coverage checks:         65656
  BDD entailment checks:           58
Number of SMT sat checks:          0
  trivial:                         0
  cached:                          0

Max ABE block size:                       911
Number of predicates discovered:          100
Number of abstraction locations:          2
Max number of predicates per location:    100
Avg number of predicates per location:    50
Total predicates per abstraction:         1820
Max number of predicates per abstraction: 100
Avg number of predicates per abstraction: 11.52
Number of irrelevant predicates:          125 (7%)
Number of preds handled by boolean abs:   1695 (93%)
  Total number of models for allsat:      1560
  Max number of models for allsat:        600
  Avg number of models for allsat:        40.00

Time for post operator:                  3.322s
  Time for path formula creation:        3.098s
Time for strengthen operator:            0.282s
Time for prec operator:                 23.733s
  Time for abstraction:                 23.413s (Max:     3.698s, Count: 161)
    Boolean abstraction:                20.981s
    Solving time:                        7.929s (Max:     0.389s)
    Model enumeration time:             12.526s
    Time for BDD construction:           0.752s (Max:     0.377s)
Time for merge operator:                 0.773s
Time for coverage check:                 0.027s
  Time for BDD entailment checks:        0.021s
Total time for SMT solver (w/o itp):    20.455s

Number of path formula cache hits:   154799 (83%)

Inside post operator:                  
  Inside path formula creation:        
    Time for path formula computation:     2.786s

Total number of created targets for pointer analysis: 0


Number of BDD nodes:                               186125
Size of BDD node table:                            270749
Size of BDD cache:                                 27073
Size of BDD node cleanup queue:                       17163 (count: 7960, min: 0, max: 2261, avg: 2.16)
Time for BDD node cleanup:                             0.010s
Time for BDD garbage collection:                       0.095s (in 2 runs)

PrecisionBootstrap statistics
-----------------------------
Init. function predicates:                         0
Init. global predicates:                           0
Init. location predicates:                         0

Invariant Generation statistics
-------------------------------

AutomatonAnalysis (SVCOMP) statistics
-------------------------------------
Number of states:                                  1
Total time for successor computation:                  0.536s
  Time for transition matches:                         0.213s
  Time for transition assertions:                      0.000s
  Time for transition actions:                         0.001s
Automaton transfers with branching:                0
Automaton transfer successors:                       160860 (count: 160860, min: 1, max: 1, avg: 1.00) [1 x 160860]

CPA algorithm statistics
------------------------
Number of iterations:            120202
Max size of waitlist:            15
Average size of waitlist:        7
Number of computed successors:   153132
Max successors for one state:    2
Number of times merged:          32799
Number of times stopped:         32801
Number of times breaked:         11

Total time for CPA algorithm:        36.432s (Max:     8.238s)
  Time for choose from waitlist:      0.215s
  Time for precision adjustment:     25.563s
  Time for transfer relation:         6.864s
  Time for merge operator:            1.767s
  Time for stop operator:             0.384s
  Time for adding to reached set:     0.564s

Predicate-Abstraction Refiner statistics
----------------------------------------
Number of predicate refinements:                   11
Avg. length of target path (in blocks):                  35 (count: 11, min: 2, max: 6, avg: 3.18)
Number of infeasible sliced prefixes:                     0 (count: 0, min: 0, max: 0, avg: 0.00)

Time for refinement:                                  10.354s
  Counterexample analysis:                             9.673s (Max:     3.137s, Calls: 11)
    Refinement sat check:                              8.686s
    Interpolant computation:                           0.000s
  Path-formulas extraction:                            0.000s
  Error path post-processing:                          0.000s
  Predicate creation:                                  0.062s
  Precision update:                                    0.009s
  ARG update:                                          0.418s

Length of refined path (in blocks):                      35 (count: 11, min: 2, max: 6, avg: 3.18)
Number of affected states:                               24 (count: 11, min: 1, max: 5, avg: 2.18)
Length (states) of path with itp 'true':                  0 (count: 11, min: 0, max: 0, avg: 0.00)
Length (states) of path with itp non-trivial itp:        24 (count: 11, min: 1, max: 5, avg: 2.18)
Length (states) of path with itp 'false':                 0 (count: 11, min: 0, max: 0, avg: 0.00)
Different non-trivial interpolants along paths:          13 (count: 11, min: 0, max: 4, avg: 1.18)
Equal non-trivial interpolants along paths:               0 (count: 11, min: 0, max: 0, avg: 0.00)
Number of refs with location-based cutoff:                0

CEGAR algorithm statistics
--------------------------
Number of refinements:                11
Number of successful refinements:     11
Number of failed refinements:         0
Max. size of reached set before ref.: 24053
Max. size of reached set after ref.:  4009
Avg. size of reached set before ref.: 12749.27
Avg. size of reached set after ref.:  4009.00

Total time for CEGAR algorithm:      47.828s
Time for refinements:                11.347s
Average time for refinement:          1.031s
Max time for refinement:              3.705s

Code Coverage
-----------------------------
  Function coverage:      0.600
  Visited lines:          1022
  Total lines:            1719
  Line coverage:          0.595
  Visited conditions:     598
  Total conditions:       754
  Condition coverage:     0.793

CPAchecker general statistics
-----------------------------
Number of program locations:     2258
Number of CFA edges:             2750
Number of relevant variables:    298
Number of functions:             75
Number of loops:                 9
Size of reached set:             24079
  Number of reached locations:   1154 (51%)
    Avg states per location:     20
    Max states per location:     175 (at node N1261)
  Number of reached functions:   45 (60%)
  Number of partitions:          24075
    Avg size of partitions:      1
    Max size of partitions:      5 (with key [N2232 (before lines 2807-2835), Function cleanup called from node N1803, stack depth 4 [58a55449], stack [main, runTest, test, cleanup]])
  Number of target states:       0

Time for analysis setup:          4.595s
  Time for loading CPAs:          0.993s
  Time for loading parser:        0.847s
  Time for CFA construction:      2.533s
    Time for parsing file(s):     0.714s
    Time for AST to CFA:          0.771s
    Time for CFA sanity check:    0.290s
    Time for post-processing:     0.571s
      Time for var class.:        0.303s
Time for Analysis:               47.830s
CPU time for analysis:           47.820s
Time for analyzing result:        0.027s
Total time for CPAchecker:       52.434s
Total CPU time for CPAchecker:   52.410s
Time for statistics:              0.483s

Time for Garbage Collector:       1.522s (in 55 runs)
Garbage Collector(s) used:    Copy, MarkSweepCompact
Used heap memory:                130MB (   124 MiB) max;     67MB (    64 MiB) avg;    154MB (   147 MiB) peak
Used non-heap memory:             36MB (    34 MiB) max;     34MB (    32 MiB) avg;     37MB (    35 MiB) peak
Allocated heap memory:           177MB (   169 MiB) max;    133MB (   127 MiB) avg
Allocated non-heap memory:        38MB (    36 MiB) max;     36MB (    34 MiB) avg
Total process virtual memory:   8269MB (  7886 MiB) max;   8161MB (  7783 MiB) avg

Verification result: TRUE. No property violation found by chosen configuration.
More details about the verification run can be found in the directory "./output".
