scripts/cpa.sh -Dy-MySearchStrategy-PredAbs-ABElf -heap 5600000000 -timelimit 900 -preprocess -stats -noout -setprop cpa.predicate.memoryAllocationsAlwaysSucceed=true -spec ../sv-benchmarks/c/ReachSafety.prp ../sv-benchmarks/c/product-lines/email_spec8_product29_true-unreach-call_true-termination.cil.c


--------------------------------------------------------------------------------


Running CPAchecker with Java heap of size 5600000000.
Running CPAchecker with default stack size (1024k). Specify a larger value with -stack if needed.
Running CPAchecker with the following extra VM options:  -Djava.io.tmpdir=/tmp/BenchExec_run_qjzecbdz/tmp
Using the following resource limits: CPU-time limit of 900s (ResourceLimitChecker.fromConfiguration, INFO)

CPAchecker (unknown version) (OpenJDK 64-Bit Server VM 1.8.0_151) started (CPAchecker.run, INFO)

line 73: Dead code detected: return (retValue_acc); (CFACreationUtils.addEdgeToCFA, INFO)

line 94: Dead code detected: return (retValue_acc); (CFACreationUtils.addEdgeToCFA, INFO)

line 131: Dead code detected: return (retValue_acc); (CFACreationUtils.addEdgeToCFA, INFO)

line 168: Dead code detected: return (retValue_acc); (CFACreationUtils.addEdgeToCFA, INFO)

line 207: Dead code detected: return (retValue_acc); (CFACreationUtils.addEdgeToCFA, INFO)

line 246: Dead code detected: return (retValue_acc); (CFACreationUtils.addEdgeToCFA, INFO)

line 283: Dead code detected: return (retValue_acc); (CFACreationUtils.addEdgeToCFA, INFO)

line 320: Dead code detected: return (retValue_acc); (CFACreationUtils.addEdgeToCFA, INFO)

line 357: Dead code detected: return (retValue_acc); (CFACreationUtils.addEdgeToCFA, INFO)

line 394: Dead code detected: return (retValue_acc); (CFACreationUtils.addEdgeToCFA, INFO)

line 431: Dead code detected: return (retValue_acc); (CFACreationUtils.addEdgeToCFA, INFO)

line 473: Dead code detected: return (retValue_acc); (CFACreationUtils.addEdgeToCFA, INFO)

line 496: Dead code detected: return (retValue_acc); (CFACreationUtils.addEdgeToCFA, INFO)

line 591: Dead code detected: return (retValue_acc); (CFACreationUtils.addEdgeToCFA, INFO)

line 611: Dead code detected: return (retValue_acc); (CFACreationUtils.addEdgeToCFA, INFO)

line 620: Dead code detected: return (retValue_acc); (CFACreationUtils.addEdgeToCFA, INFO)

line 635: Dead code detected: return (retValue_acc); (CFACreationUtils.addEdgeToCFA, INFO)

line 999: Dead code detected: return (retValue_acc); (CFACreationUtils.addEdgeToCFA, INFO)

line 1045: Dead code detected: return (retValue_acc); (CFACreationUtils.addEdgeToCFA, INFO)

line 1062: Dead code detected: return (retValue_acc); (CFACreationUtils.addEdgeToCFA, INFO)

line 1514: Dead code detected: return (retValue_acc); (CFACreationUtils.addEdgeToCFA, INFO)

line 1546: Dead code detected: return (retValue_acc); (CFACreationUtils.addEdgeToCFA, INFO)

line 1555: Dead code detected: return (retValue_acc); (CFACreationUtils.addEdgeToCFA, INFO)

line 1564: Dead code detected: return (retValue_acc); (CFACreationUtils.addEdgeToCFA, INFO)

line 1589: Dead code detected: return (retValue_acc); (CFACreationUtils.addEdgeToCFA, INFO)

line 1991: Dead code detected: return (retValue_acc); (CFACreationUtils.addEdgeToCFA, INFO)

line 2020: Dead code detected: return (retValue_acc); (CFACreationUtils.addEdgeToCFA, INFO)

line 2068: Dead code detected: return (retValue_acc); (CFACreationUtils.addEdgeToCFA, INFO)

line 2115: Dead code detected: return (retValue_acc); (CFACreationUtils.addEdgeToCFA, INFO)

line 2160: Dead code detected: return (retValue_acc); (CFACreationUtils.addEdgeToCFA, INFO)

line 2238: Dead code detected: return (retValue_acc); (CFACreationUtils.addEdgeToCFA, INFO)

line 2307: Dead code detected: return (retValue_acc); (CFACreationUtils.addEdgeToCFA, INFO)

line 2441: Dead code detected: return (retValue_acc); (CFACreationUtils.addEdgeToCFA, INFO)

line 2524: Dead code detected: return (retValue_acc); (CFACreationUtils.addEdgeToCFA, INFO)

line 2571: Dead code detected: return (retValue_acc); (CFACreationUtils.addEdgeToCFA, INFO)

line 2618: Dead code detected: return (retValue_acc); (CFACreationUtils.addEdgeToCFA, INFO)

line 2663: Dead code detected: return (retValue_acc); (CFACreationUtils.addEdgeToCFA, INFO)

line 2726: Dead code detected: return (retValue_acc); (CFACreationUtils.addEdgeToCFA, INFO)

line 2833: Dead code detected: return (retValue_acc); (CFACreationUtils.addEdgeToCFA, INFO)

line 2887: Dead code detected: return (retValue_acc); (CFACreationUtils.addEdgeToCFA, INFO)

line 2959: Dead code detected: return (retValue_acc); (CFACreationUtils.addEdgeToCFA, INFO)

line 3006: Dead code detected: return (retValue_acc); (CFACreationUtils.addEdgeToCFA, INFO)

line 836: Function pointer *__cil_tmp10 with type int (*)(int, int) is called, but no possible target functions were found. (CFunctionPointerResolver.replaceFunctionPointerCall, WARNING)

MathSAT5 is available for research and evaluation purposes only. It can not be used in a commercial environment, particularly as part of a commercial product, without written permission. MathSAT5 is provided as is, without any warranty. Please write to mathsat@fbk.eu for additional questions regarding licensing MathSAT5 or obtaining more up-to-date versions. (PredicateCPA:JavaSMT:Mathsat5SolverContext.<init>, WARNING)

Using predicate analysis with MathSAT5 version 5.3.14 (0b98b661254c) (Nov 17 2016 10:59:45, gmp 5.1.3, gcc 4.8.5, 64-bit) and JFactory 1.21. (PredicateCPA:PredicateCPA.<init>, INFO)

Using refinement for predicate analysis with PredicateAbstractionRefinementStrategy strategy. (PredicateCPA:PredicateCPARefiner.<init>, INFO)

Starting analysis ... (CPAchecker.runAlgorithm, INFO)

Shutdown requested (The CPU-time limit of 900s has elapsed.), waiting for termination. (ForceTerminationOnShutdown$1.shutdownRequested, WARNING)

Warning: Analysis interrupted (The CPU-time limit of 900s has elapsed.) (ShutdownNotifier.shutdownIfNecessary, WARNING)

PredicateCPA statistics
-----------------------
Number of abstractions:            1022247 (14% of all post computations)
  Times abstraction was reused:    0
  Because of function entry/exit:  1015140 (99%)
  Because of loop head:            6470 (1%)
  Because of join nodes:           0 (0%)
  Because of threshold:            0 (0%)
  Because of target state:         637 (0%)
  Times precision was empty:       11704 (1%)
  Times precision was {false}:     375 (0%)
  Times result was cached:         978011 (96%)
  Times cartesian abs was used:    0 (0%)
  Times boolean abs was used:      32157 (3%)
  Times result was 'false':        49512 (5%)
Number of strengthen sat checks:   0
Number of coverage checks:         2014388
  BDD entailment checks:           253170
Number of SMT sat checks:          0
  trivial:                         0
  cached:                          0

Max ABE block size:                       65
Number of predicates discovered:          187
Number of abstraction locations:          177
Max number of predicates per location:    34
Avg number of predicates per location:    16
Total predicates per abstraction:         10525841
Max number of predicates per abstraction: 34
Avg number of predicates per abstraction: 323.55
Number of irrelevant predicates:          3599331 (34%)
Number of preds handled by boolean abs:   354417 (3%)
  Total number of models for allsat:      1382399
  Max number of models for allsat:        6112
  Avg number of models for allsat:        42.99

Time for post operator:                 36.348s
  Time for path formula creation:       32.928s
Time for strengthen operator:            5.508s
Time for prec operator:                649.032s
  Time for abstraction:                637.123s (Max:     2.395s, Count: 1022247)
    Boolean abstraction:               264.663s
    Solving time:                       58.543s (Max:     0.039s)
    Model enumeration time:            143.608s
    Time for BDD construction:          58.136s (Max:     0.264s)
Time for merge operator:                 5.310s
Time for coverage check:                 0.713s
  Time for BDD entailment checks:        0.507s
Total time for SMT solver (w/o itp):   202.152s

Number of path formula cache hits:   7670252 (88%)

Inside post operator:                  
  Inside path formula creation:        
    Time for path formula computation:    25.550s

Total number of created targets for pointer analysis: 0


Number of BDD nodes:                               149171
Size of BDD node table:                            270749
Size of BDD cache:                                 27073
Size of BDD node cleanup queue:                      354706 (count: 578547, min: 0, max: 10913, avg: 0.61)
Time for BDD node cleanup:                             0.163s
Time for BDD garbage collection:                       0.805s (in 163 runs)

PrecisionBootstrap statistics
-----------------------------
Init. function predicates:                         0
Init. global predicates:                           0
Init. location predicates:                         0

Invariant Generation statistics
-------------------------------

AutomatonAnalysis (SVCOMP) statistics
-------------------------------------
Number of states:                                  1
Total time for successor computation:                  9.244s
  Time for transition matches:                         4.951s
  Time for transition assertions:                      0.002s
  Time for transition actions:                         0.008s
Automaton transfers with branching:                0
Automaton transfer successors:                      7166790 (count: 7166790, min: 1, max: 1, avg: 1.00) [1 x 7166790]

CPA algorithm statistics
------------------------
Number of iterations:            5282257
Max size of waitlist:            1092
Average size of waitlist:        192
Number of computed successors:   6286257
Max successors for one state:    2
Number of times merged:          880609
Number of times stopped:         928319
Number of times breaked:         637

Total time for CPA algorithm:       830.002s (Max:    75.918s)
  Time for choose from waitlist:      2.241s
  Time for precision adjustment:    686.589s
  Time for transfer relation:        96.510s
  Time for merge operator:           14.337s
  Time for stop operator:             6.966s
  Time for adding to reached set:     9.088s

Predicate-Abstraction Refiner statistics
----------------------------------------
Number of predicate refinements:                   637
Avg. length of target path (in blocks):               87396 (count: 637, min: 66, max: 188, avg: 137.20)
Number of infeasible sliced prefixes:                     0 (count: 0, min: 0, max: 0, avg: 0.00)

Time for refinement:                                  51.961s
  Counterexample analysis:                            40.532s (Max:     0.483s, Calls: 637)
    Refinement sat check:                             16.605s
    Interpolant computation:                           0.000s
  Path-formulas extraction:                            0.051s
  Error path post-processing:                          0.000s
  Predicate creation:                                  0.314s
  Precision update:                                    0.457s
  ARG update:                                          9.978s

Length of refined path (in blocks):                   56271 (count: 637, min: 39, max: 166, avg: 88.34)
Number of affected states:                            13349 (count: 637, min: 1, max: 160, avg: 20.96)
Length (states) of path with itp 'true':              42285 (count: 637, min: 0, max: 108, avg: 66.38)
Length (states) of path with itp non-trivial itp:     13349 (count: 637, min: 1, max: 160, avg: 20.96)
Length (states) of path with itp 'false':               637 (count: 637, min: 1, max: 1, avg: 1.00)
Different non-trivial interpolants along paths:        1533 (count: 637, min: 0, max: 58, avg: 2.41)
Equal non-trivial interpolants along paths:           11179 (count: 637, min: 0, max: 158, avg: 17.55)
Number of refs with location-based cutoff:                0

CEGAR algorithm statistics
--------------------------
Number of refinements:                637
Number of successful refinements:     637
Number of failed refinements:         0
Max. size of reached set before ref.: 185033
Max. size of reached set after ref.:  169443
Avg. size of reached set before ref.: 17338.78
Avg. size of reached set after ref.:  9044.48

Total time for CEGAR algorithm:     894.972s
Time for refinements:                60.886s
Average time for refinement:          0.095s
Max time for refinement:              0.772s

Code Coverage
-----------------------------
  Function coverage:      0.327
  Visited lines:          511
  Total lines:            1453
  Line coverage:          0.352
  Visited conditions:     200
  Total conditions:       498
  Condition coverage:     0.402

CPAchecker general statistics
-----------------------------
Number of program locations:     1995
Number of CFA edges:             2265
Number of relevant variables:    361
Number of functions:             113
Number of loops:                 4
Size of reached set:             24954
  Number of reached locations:   491 (25%)
    Avg states per location:     50
    Max states per location:     237 (at node N1914)
  Number of reached functions:   37 (33%)
  Number of partitions:          24769
    Avg size of partitions:      1
    Max size of partitions:      28 (with key [N809 (before lines 1114-1281), Function test called from node N1274, stack depth 2 [66b41e06], stack [main, test]])
  Number of target states:       0
  Size of final wait list        65

Time for analysis setup:          5.272s
  Time for loading CPAs:          1.288s
  Time for loading parser:        0.663s
  Time for CFA construction:      3.087s
    Time for parsing file(s):     0.789s
    Time for AST to CFA:          0.956s
    Time for CFA sanity check:    0.318s
    Time for post-processing:     0.882s
      Time for var class.:        0.493s
Time for Analysis:              894.972s
CPU time for analysis:          894.890s
Total time for CPAchecker:      900.251s
Total CPU time for CPAchecker:  900.170s
Time for statistics:              0.537s

Time for Garbage Collector:      63.132s (in 1030 runs)
Garbage Collector(s) used:    Copy, MarkSweepCompact
Used heap memory:               1066MB (  1017 MiB) max;    567MB (   541 MiB) avg;   1100MB (  1049 MiB) peak
Used non-heap memory:             37MB (    36 MiB) max;     37MB (    35 MiB) avg;     38MB (    36 MiB) peak
Allocated heap memory:          1157MB (  1103 MiB) max;    815MB (   778 MiB) avg
Allocated non-heap memory:        39MB (    38 MiB) max;     39MB (    37 MiB) avg
Total process virtual memory:   9577MB (  9133 MiB) max;   8693MB (  8290 MiB) avg

Verification result: UNKNOWN, incomplete analysis.
More details about the verification run can be found in the directory "./output".
