scripts/cpa.sh -Dy-MySearchStrategy-PredAbs-ABElf -heap 5600000000 -timelimit 900 -preprocess -stats -noout -setprop cpa.predicate.memoryAllocationsAlwaysSucceed=true -spec ../sv-benchmarks/c/ReachSafety.prp ../sv-benchmarks/c/product-lines/email_spec8_product12_true-unreach-call_true-termination.cil.c


--------------------------------------------------------------------------------


Running CPAchecker with Java heap of size 5600000000.
Running CPAchecker with default stack size (1024k). Specify a larger value with -stack if needed.
Running CPAchecker with the following extra VM options:  -Djava.io.tmpdir=/tmp/BenchExec_run_y1ss91h4/tmp
Using the following resource limits: CPU-time limit of 900s (ResourceLimitChecker.fromConfiguration, INFO)

CPAchecker (unknown version) (OpenJDK 64-Bit Server VM 1.8.0_151) started (CPAchecker.run, INFO)

line 355: Dead code detected: return (retValue_acc); (CFACreationUtils.addEdgeToCFA, INFO)

line 401: Dead code detected: return (retValue_acc); (CFACreationUtils.addEdgeToCFA, INFO)

line 716: Dead code detected: return (retValue_acc); (CFACreationUtils.addEdgeToCFA, INFO)

line 739: Dead code detected: return (retValue_acc); (CFACreationUtils.addEdgeToCFA, INFO)

line 999: Dead code detected: return (retValue_acc); (CFACreationUtils.addEdgeToCFA, INFO)

line 1020: Dead code detected: return (retValue_acc); (CFACreationUtils.addEdgeToCFA, INFO)

line 1057: Dead code detected: return (retValue_acc); (CFACreationUtils.addEdgeToCFA, INFO)

line 1094: Dead code detected: return (retValue_acc); (CFACreationUtils.addEdgeToCFA, INFO)

line 1133: Dead code detected: return (retValue_acc); (CFACreationUtils.addEdgeToCFA, INFO)

line 1172: Dead code detected: return (retValue_acc); (CFACreationUtils.addEdgeToCFA, INFO)

line 1209: Dead code detected: return (retValue_acc); (CFACreationUtils.addEdgeToCFA, INFO)

line 1246: Dead code detected: return (retValue_acc); (CFACreationUtils.addEdgeToCFA, INFO)

line 1283: Dead code detected: return (retValue_acc); (CFACreationUtils.addEdgeToCFA, INFO)

line 1320: Dead code detected: return (retValue_acc); (CFACreationUtils.addEdgeToCFA, INFO)

line 1357: Dead code detected: return (retValue_acc); (CFACreationUtils.addEdgeToCFA, INFO)

line 1476: Dead code detected: return (retValue_acc); (CFACreationUtils.addEdgeToCFA, INFO)

line 1496: Dead code detected: return (retValue_acc); (CFACreationUtils.addEdgeToCFA, INFO)

line 1505: Dead code detected: return (retValue_acc); (CFACreationUtils.addEdgeToCFA, INFO)

line 1520: Dead code detected: return (retValue_acc); (CFACreationUtils.addEdgeToCFA, INFO)

line 1667: Dead code detected: return (retValue_acc); (CFACreationUtils.addEdgeToCFA, INFO)

line 1699: Dead code detected: return (retValue_acc); (CFACreationUtils.addEdgeToCFA, INFO)

line 1708: Dead code detected: return (retValue_acc); (CFACreationUtils.addEdgeToCFA, INFO)

line 1717: Dead code detected: return (retValue_acc); (CFACreationUtils.addEdgeToCFA, INFO)

line 1742: Dead code detected: return (retValue_acc); (CFACreationUtils.addEdgeToCFA, INFO)

line 1786: Dead code detected: return (retValue_acc); (CFACreationUtils.addEdgeToCFA, INFO)

line 1815: Dead code detected: return (retValue_acc); (CFACreationUtils.addEdgeToCFA, INFO)

line 1863: Dead code detected: return (retValue_acc); (CFACreationUtils.addEdgeToCFA, INFO)

line 1910: Dead code detected: return (retValue_acc); (CFACreationUtils.addEdgeToCFA, INFO)

line 1955: Dead code detected: return (retValue_acc); (CFACreationUtils.addEdgeToCFA, INFO)

line 2033: Dead code detected: return (retValue_acc); (CFACreationUtils.addEdgeToCFA, INFO)

line 2102: Dead code detected: return (retValue_acc); (CFACreationUtils.addEdgeToCFA, INFO)

line 2236: Dead code detected: return (retValue_acc); (CFACreationUtils.addEdgeToCFA, INFO)

line 2319: Dead code detected: return (retValue_acc); (CFACreationUtils.addEdgeToCFA, INFO)

line 2366: Dead code detected: return (retValue_acc); (CFACreationUtils.addEdgeToCFA, INFO)

line 2413: Dead code detected: return (retValue_acc); (CFACreationUtils.addEdgeToCFA, INFO)

line 2458: Dead code detected: return (retValue_acc); (CFACreationUtils.addEdgeToCFA, INFO)

line 2521: Dead code detected: return (retValue_acc); (CFACreationUtils.addEdgeToCFA, INFO)

line 2628: Dead code detected: return (retValue_acc); (CFACreationUtils.addEdgeToCFA, INFO)

line 2682: Dead code detected: return (retValue_acc); (CFACreationUtils.addEdgeToCFA, INFO)

line 2754: Dead code detected: return (retValue_acc); (CFACreationUtils.addEdgeToCFA, INFO)

line 2801: Dead code detected: return (retValue_acc); (CFACreationUtils.addEdgeToCFA, INFO)

line 2838: Dead code detected: return (retValue_acc); (CFACreationUtils.addEdgeToCFA, INFO)

line 192: Function pointer *__cil_tmp10 with type int (*)(int, int) is called, but no possible target functions were found. (CFunctionPointerResolver.replaceFunctionPointerCall, WARNING)

MathSAT5 is available for research and evaluation purposes only. It can not be used in a commercial environment, particularly as part of a commercial product, without written permission. MathSAT5 is provided as is, without any warranty. Please write to mathsat@fbk.eu for additional questions regarding licensing MathSAT5 or obtaining more up-to-date versions. (PredicateCPA:JavaSMT:Mathsat5SolverContext.<init>, WARNING)

Using predicate analysis with MathSAT5 version 5.3.14 (0b98b661254c) (Nov 17 2016 10:59:45, gmp 5.1.3, gcc 4.8.5, 64-bit) and JFactory 1.21. (PredicateCPA:PredicateCPA.<init>, INFO)

Using refinement for predicate analysis with PredicateAbstractionRefinementStrategy strategy. (PredicateCPA:PredicateCPARefiner.<init>, INFO)

Starting analysis ... (CPAchecker.runAlgorithm, INFO)

Stopping analysis ... (CPAchecker.runAlgorithm, INFO)

PredicateCPA statistics
-----------------------
Number of abstractions:            8600 (12% of all post computations)
  Times abstraction was reused:    0
  Because of function entry/exit:  8355 (97%)
  Because of loop head:            221 (3%)
  Because of join nodes:           0 (0%)
  Because of threshold:            0 (0%)
  Because of target state:         24 (0%)
  Times precision was empty:       1534 (18%)
  Times precision was {false}:     189 (2%)
  Times result was cached:         6558 (76%)
  Times cartesian abs was used:    0 (0%)
  Times boolean abs was used:      319 (4%)
  Times result was 'false':        75 (1%)
Number of strengthen sat checks:   0
Number of coverage checks:         20310
  BDD entailment checks:           576
Number of SMT sat checks:          0
  trivial:                         0
  cached:                          0

Max ABE block size:                       47
Number of predicates discovered:          4
Number of abstraction locations:          124
Max number of predicates per location:    2
Avg number of predicates per location:    1
Total predicates per abstraction:         10906
Max number of predicates per abstraction: 2
Avg number of predicates per abstraction: 21.47
Number of irrelevant predicates:          3904 (36%)
Number of preds handled by boolean abs:   412 (4%)
  Total number of models for allsat:      319
  Max number of models for allsat:        2
  Avg number of models for allsat:        1.00

Time for post operator:                  2.335s
  Time for path formula creation:        2.207s
Time for strengthen operator:            0.163s
Time for prec operator:                  4.182s
  Time for abstraction:                  3.779s (Max:     0.022s, Count: 8600)
    Boolean abstraction:                 0.695s
    Solving time:                        0.769s (Max:     0.016s)
    Model enumeration time:              0.037s
    Time for BDD construction:           0.063s (Max:     0.010s)
Time for merge operator:                 0.396s
Time for coverage check:                 0.037s
  Time for BDD entailment checks:        0.026s
Total time for SMT solver (w/o itp):     0.806s

Number of path formula cache hits:   64673 (77%)

Inside post operator:                  
  Inside path formula creation:        
    Time for path formula computation:     2.054s

Total number of created targets for pointer analysis: 0


Number of BDD nodes:                               204
Size of BDD node table:                            270749
Size of BDD cache:                                 27073
Size of BDD node cleanup queue:                         649 (count: 4981, min: 0, max: 135, avg: 0.13)
Time for BDD node cleanup:                             0.002s
Time for BDD garbage collection:                       0.000s (in 0 runs)

PrecisionBootstrap statistics
-----------------------------
Init. function predicates:                         0
Init. global predicates:                           0
Init. location predicates:                         0

Invariant Generation statistics
-------------------------------

AutomatonAnalysis (SVCOMP) statistics
-------------------------------------
Number of states:                                  1
Total time for successor computation:                  0.381s
Automaton transfers with branching:                0
Automaton transfer successors:                        70582 (count: 70582, min: 1, max: 1, avg: 1.00) [1 x 70582]

CPA algorithm statistics
------------------------
Number of iterations:            53212
Max size of waitlist:            45
Average size of waitlist:        17
Number of computed successors:   64072
Max successors for one state:    2
Number of times merged:          9867
Number of times stopped:         10292
Number of times breaked:         24

Total time for CPA algorithm:        12.454s (Max:     1.089s)
  Time for choose from waitlist:      0.198s
  Time for precision adjustment:      5.258s
  Time for transfer relation:         4.618s
  Time for merge operator:            0.880s
  Time for stop operator:             0.283s
  Time for adding to reached set:     0.327s

Predicate-Abstraction Refiner statistics
----------------------------------------
Number of predicate refinements:                   24
Avg. length of target path (in blocks):                2137 (count: 24, min: 58, max: 116, avg: 89.04)
Number of infeasible sliced prefixes:                     0 (count: 0, min: 0, max: 0, avg: 0.00)

Time for refinement:                                   1.644s
  Counterexample analysis:                             1.181s (Max:     0.077s, Calls: 24)
    Refinement sat check:                              0.563s
    Interpolant computation:                           0.000s
  Path-formulas extraction:                            0.002s
  Error path post-processing:                          0.000s
  Predicate creation:                                  0.072s
  Precision update:                                    0.047s
  ARG update:                                          0.283s

Length of refined path (in blocks):                    1857 (count: 24, min: 55, max: 97, avg: 77.38)
Number of affected states:                             1833 (count: 24, min: 54, max: 96, avg: 76.38)
Length (states) of path with itp 'true':                  0 (count: 24, min: 0, max: 0, avg: 0.00)
Length (states) of path with itp non-trivial itp:      1833 (count: 24, min: 54, max: 96, avg: 76.38)
Length (states) of path with itp 'false':                24 (count: 24, min: 1, max: 1, avg: 1.00)
Different non-trivial interpolants along paths:          13 (count: 24, min: 0, max: 1, avg: 0.54)
Equal non-trivial interpolants along paths:            1796 (count: 24, min: 53, max: 94, avg: 74.83)
Number of refs with location-based cutoff:                0

CEGAR algorithm statistics
--------------------------
Number of refinements:                24
Number of successful refinements:     24
Number of failed refinements:         0
Max. size of reached set before ref.: 2830
Max. size of reached set after ref.:  3
Avg. size of reached set before ref.: 2183.00
Avg. size of reached set after ref.:  3.00

Total time for CEGAR algorithm:      14.296s
Time for refinements:                 1.841s
Average time for refinement:          0.076s
Max time for refinement:              0.105s

Code Coverage
-----------------------------
  Function coverage:      0.500
  Visited lines:          643
  Total lines:            1366
  Line coverage:          0.471
  Visited conditions:     220
  Total conditions:       486
  Condition coverage:     0.453

CPAchecker general statistics
-----------------------------
Number of program locations:     1872
Number of CFA edges:             2111
Number of relevant variables:    296
Number of functions:             104
Number of loops:                 4
Size of reached set:             1386
  Number of reached locations:   611 (33%)
    Avg states per location:     2
    Max states per location:     10 (at node N1777)
  Number of reached functions:   52 (50%)
  Number of partitions:          1386
    Avg size of partitions:      1
    Max size of partitions:      1
  Number of target states:       0

Time for analysis setup:          4.117s
  Time for loading CPAs:          0.852s
  Time for loading parser:        0.732s
  Time for CFA construction:      2.332s
    Time for parsing file(s):     0.756s
    Time for AST to CFA:          0.647s
    Time for CFA sanity check:    0.199s
    Time for post-processing:     0.577s
      Time for var class.:        0.319s
Time for Analysis:               14.296s
CPU time for analysis:           14.300s
Time for analyzing result:        0.001s
Total time for CPAchecker:       18.417s
Total CPU time for CPAchecker:   18.410s
Time for statistics:              0.123s

Time for Garbage Collector:       0.317s (in 26 runs)
Garbage Collector(s) used:    Copy, MarkSweepCompact
Used heap memory:                 64MB (    61 MiB) max;     42MB (    40 MiB) avg;     69MB (    66 MiB) peak
Used non-heap memory:             36MB (    34 MiB) max;     32MB (    30 MiB) avg;     37MB (    35 MiB) peak
Allocated heap memory:           127MB (   121 MiB) max;    127MB (   121 MiB) avg
Allocated non-heap memory:        38MB (    36 MiB) max;     34MB (    32 MiB) avg
Total process virtual memory:   8086MB (  7712 MiB) max;   8066MB (  7692 MiB) avg

Verification result: TRUE. No property violation found by chosen configuration.
More details about the verification run can be found in the directory "./output".
