scripts/cpa.sh -Dy-MySearchStrategy-PredAbs-ABElf -heap 5600000000 -timelimit 900 -preprocess -stats -noout -setprop cpa.predicate.memoryAllocationsAlwaysSucceed=true -spec ../sv-benchmarks/c/ReachSafety.prp ../sv-benchmarks/c/forester-heap/sll-circular_true-unreach-call_true-valid-memsafety.i


--------------------------------------------------------------------------------


Running CPAchecker with Java heap of size 5600000000.
Running CPAchecker with default stack size (1024k). Specify a larger value with -stack if needed.
Running CPAchecker with the following extra VM options:  -Djava.io.tmpdir=/tmp/BenchExec_run_n3rlifpo/tmp
Using the following resource limits: CPU-time limit of 900s (ResourceLimitChecker.fromConfiguration, INFO)

CPAchecker (unknown version) (OpenJDK 64-Bit Server VM 1.8.0_151) started (CPAchecker.run, INFO)

MathSAT5 is available for research and evaluation purposes only. It can not be used in a commercial environment, particularly as part of a commercial product, without written permission. MathSAT5 is provided as is, without any warranty. Please write to mathsat@fbk.eu for additional questions regarding licensing MathSAT5 or obtaining more up-to-date versions. (PredicateCPA:JavaSMT:Mathsat5SolverContext.<init>, WARNING)

Using predicate analysis with MathSAT5 version 5.3.14 (0b98b661254c) (Nov 17 2016 10:59:45, gmp 5.1.3, gcc 4.8.5, 64-bit) and JFactory 1.21. (PredicateCPA:PredicateCPA.<init>, INFO)

Using refinement for predicate analysis with PredicateAbstractionRefinementStrategy strategy. (PredicateCPA:PredicateCPARefiner.<init>, INFO)

Starting analysis ... (CPAchecker.runAlgorithm, INFO)

Shutdown requested (The CPU-time limit of 900s has elapsed.), waiting for termination. (ForceTerminationOnShutdown$1.shutdownRequested, WARNING)

Warning: Analysis interrupted (The CPU-time limit of 900s has elapsed.) (ShutdownNotifier.shutdownIfNecessary, WARNING)

PredicateCPA statistics
-----------------------
Number of abstractions:            187 (10% of all post computations)
  Times abstraction was reused:    0
  Because of function entry/exit:  0 (0%)
  Because of loop head:            97 (52%)
  Because of join nodes:           0 (0%)
  Because of threshold:            0 (0%)
  Because of target state:         90 (48%)
  Times precision was empty:       12 (6%)
  Times precision was {false}:     87 (47%)
  Times result was cached:         0 (0%)
  Times cartesian abs was used:    0 (0%)
  Times boolean abs was used:      88 (47%)
  Times result was 'false':        82 (44%)
Number of strengthen sat checks:   0
Number of coverage checks:         584
  BDD entailment checks:           314
Number of SMT sat checks:          0
  trivial:                         0
  cached:                          0

Max ABE block size:                       14
Number of predicates discovered:          91
Number of abstraction locations:          5
Max number of predicates per location:    87
Avg number of predicates per location:    18
Total predicates per abstraction:         2088
Max number of predicates per abstraction: 87
Avg number of predicates per abstraction: 11.93
Number of irrelevant predicates:          148 (7%)
Number of preds handled by boolean abs:   1940 (93%)
  Total number of models for allsat:      64842
  Max number of models for allsat:        37179
  Avg number of models for allsat:        736.84

Time for post operator:                  0.541s
  Time for path formula creation:        0.530s
Time for strengthen operator:            0.020s
Time for prec operator:                895.678s
  Time for abstraction:                895.641s (Max:   857.667s, Count: 187)
    Boolean abstraction:               893.348s
    Solving time:                        1.845s (Max:     0.035s)
    Model enumeration time:            698.803s
    Time for BDD construction:         193.264s (Max:     4.686s)
Time for merge operator:                 0.044s
Time for coverage check:                 0.030s
  Time for BDD entailment checks:        0.030s
Total time for SMT solver (w/o itp):   700.649s

Number of path formula cache hits:   1289 (63%)

Inside post operator:                  
  Inside path formula creation:        
    Time for path formula computation:     0.500s

Total number of created targets for pointer analysis: 362
   Number of created targets for uf: *signed_int is 2
   Number of created targets for uf: *(struct_TSLL)* is 91


Number of BDD nodes:                               170833
Size of BDD node table:                            270749
Size of BDD cache:                                 27073
Size of BDD node cleanup queue:                       34087 (count: 15746, min: 0, max: 6495, avg: 2.16)
Time for BDD node cleanup:                             0.018s
Time for BDD garbage collection:                       3.710s (in 1359 runs)

PrecisionBootstrap statistics
-----------------------------
Init. function predicates:                         0
Init. global predicates:                           0
Init. location predicates:                         0

Invariant Generation statistics
-------------------------------

AutomatonAnalysis (SVCOMP) statistics
-------------------------------------
Number of states:                                  1
Total time for successor computation:                  0.073s
Automaton transfers with branching:                0
Automaton transfer successors:                         1899 (count: 1899, min: 1, max: 1, avg: 1.00) [1 x 1899]

CPA algorithm statistics
------------------------
Number of iterations:            942
Max size of waitlist:            11
Average size of waitlist:        5
Number of computed successors:   1216
Max successors for one state:    2
Number of times merged:          135
Number of times stopped:         159
Number of times breaked:         8

Total time for CPA algorithm:       896.891s (Max:   870.092s)
  Time for choose from waitlist:      0.018s
  Time for precision adjustment:    895.781s
  Time for transfer relation:         0.830s
  Time for merge operator:            0.085s
  Time for stop operator:             0.064s
  Time for adding to reached set:     0.026s

Predicate-Abstraction Refiner statistics
----------------------------------------
Number of predicate refinements:                   8
Avg. length of target path (in blocks):                  41 (count: 8, min: 2, max: 11, avg: 5.13)
Number of infeasible sliced prefixes:                     0 (count: 0, min: 0, max: 0, avg: 0.00)

Time for refinement:                                   0.469s
  Counterexample analysis:                             0.394s (Max:     0.173s, Calls: 8)
    Refinement sat check:                              0.154s
    Interpolant computation:                           0.000s
  Path-formulas extraction:                            0.000s
  Error path post-processing:                          0.000s
  Predicate creation:                                  0.033s
  Precision update:                                    0.014s
  ARG update:                                          0.022s

Length of refined path (in blocks):                      41 (count: 8, min: 2, max: 11, avg: 5.13)
Number of affected states:                               33 (count: 8, min: 1, max: 10, avg: 4.13)
Length (states) of path with itp 'true':                  0 (count: 8, min: 0, max: 0, avg: 0.00)
Length (states) of path with itp non-trivial itp:        33 (count: 8, min: 1, max: 10, avg: 4.13)
Length (states) of path with itp 'false':                 0 (count: 8, min: 0, max: 0, avg: 0.00)
Different non-trivial interpolants along paths:          25 (count: 8, min: 0, max: 9, avg: 3.13)
Equal non-trivial interpolants along paths:               0 (count: 8, min: 0, max: 0, avg: 0.00)
Number of refs with location-based cutoff:                0

CEGAR algorithm statistics
--------------------------
Number of refinements:                8
Number of successful refinements:     8
Number of failed refinements:         0
Max. size of reached set before ref.: 270
Max. size of reached set after ref.:  3
Avg. size of reached set before ref.: 122.38
Avg. size of reached set after ref.:  3.00

Total time for CEGAR algorithm:     897.388s
Time for refinements:                 0.496s
Average time for refinement:          0.062s
Max time for refinement:              0.190s

Code Coverage
-----------------------------
  Function coverage:      1.000
  Visited lines:          149
  Total lines:            162
  Line coverage:          0.920
  Visited conditions:     10
  Total conditions:       20
  Condition coverage:     0.500

CPAchecker general statistics
-----------------------------
Number of program locations:     317
Number of CFA edges:             326
Number of relevant variables:    7
Number of functions:             1
Number of loops:                 3
Size of reached set:             20
  Number of reached locations:   20 (6%)
    Avg states per location:     1
    Max states per location:     1 (at node N1)
  Number of reached functions:   1 (100%)
  Number of partitions:          20
    Avg size of partitions:      1
    Max size of partitions:      1
  Number of target states:       0
  Size of final wait list        2

Time for analysis setup:          3.003s
  Time for loading CPAs:          0.876s
  Time for loading parser:        0.709s
  Time for CFA construction:      1.306s
    Time for parsing file(s):     0.490s
    Time for AST to CFA:          0.352s
    Time for CFA sanity check:    0.089s
    Time for post-processing:     0.209s
      Time for var class.:        0.053s
Time for Analysis:              897.388s
CPU time for analysis:          897.280s
Total time for CPAchecker:      900.395s
Total CPU time for CPAchecker:  900.280s
Time for statistics:              0.072s

Time for Garbage Collector:       1.556s (in 924 runs)
Garbage Collector(s) used:    Copy, MarkSweepCompact
Used heap memory:                 61MB (    58 MiB) max;     44MB (    42 MiB) avg;     65MB (    62 MiB) peak
Used non-heap memory:             33MB (    31 MiB) max;     32MB (    31 MiB) avg;     34MB (    32 MiB) peak
Allocated heap memory:           127MB (   121 MiB) max;    127MB (   121 MiB) avg
Allocated non-heap memory:        35MB (    34 MiB) max;     35MB (    34 MiB) avg
Total process virtual memory:   8512MB (  8117 MiB) max;   8298MB (  7913 MiB) avg

Verification result: UNKNOWN, incomplete analysis.
More details about the verification run can be found in the directory "./output".
