scripts/cpa.sh -Dy-MySearchStrategy-PredAbs-ABElf -heap 5600000000 -timelimit 30 -preprocess -stats -noout -setprop cpa.predicate.memoryAllocationsAlwaysSucceed=true -spec ../sv-benchmarks/c/ReachSafety.prp ../sv-benchmarks/c/ldv-linux-3.14/linux-3.14__complex_emg__linux-alloc-spinlock__drivers-net-ethernet-marvell-skge_true-unreach-call.cil.c


--------------------------------------------------------------------------------


Running CPAchecker with Java heap of size 5600000000.
Running CPAchecker with default stack size (1024k). Specify a larger value with -stack if needed.
Running CPAchecker with the following extra VM options:  -Djava.io.tmpdir=/tmp/BenchExec_run_tzw6uxxr/tmp
Using the following resource limits: CPU-time limit of 30s (ResourceLimitChecker.fromConfiguration, INFO)

CPAchecker (unknown version) (OpenJDK 64-Bit Server VM 1.8.0_162) started (CPAchecker.run, INFO)

line 5467: Dead code detected: return (1); (CFACreationUtils.addEdgeToCFA, INFO)

line 7013: Dead code detected: Goto: case_1 (CFACreationUtils.addEdgeToCFA, INFO)

line 7036: Dead code detected: Goto: case_1___0 (CFACreationUtils.addEdgeToCFA, INFO)

line 7041: Dead code detected: Goto: case_2 (CFACreationUtils.addEdgeToCFA, INFO)

line 7051: Dead code detected: Goto: case_8 (CFACreationUtils.addEdgeToCFA, INFO)

line 7055: Dead code detected: Goto: switch_default (CFACreationUtils.addEdgeToCFA, INFO)

line 7018: Dead code detected: Goto: case_2___0 (CFACreationUtils.addEdgeToCFA, INFO)

line 7080: Dead code detected: Goto: case_1___1 (CFACreationUtils.addEdgeToCFA, INFO)

line 7085: Dead code detected: Goto: case_2___1 (CFACreationUtils.addEdgeToCFA, INFO)

line 7095: Dead code detected: Goto: case_8___0 (CFACreationUtils.addEdgeToCFA, INFO)

line 7099: Dead code detected: Goto: switch_default___0 (CFACreationUtils.addEdgeToCFA, INFO)

line 7124: Dead code detected: Goto: case_1___2 (CFACreationUtils.addEdgeToCFA, INFO)

line 7129: Dead code detected: Goto: case_2___2 (CFACreationUtils.addEdgeToCFA, INFO)

line 7139: Dead code detected: Goto: case_8___1 (CFACreationUtils.addEdgeToCFA, INFO)

line 7143: Dead code detected: Goto: switch_default___1 (CFACreationUtils.addEdgeToCFA, INFO)

line 7028: Dead code detected: Goto: case_8___2 (CFACreationUtils.addEdgeToCFA, INFO)

line 7168: Dead code detected: Goto: case_1___3 (CFACreationUtils.addEdgeToCFA, INFO)

line 7173: Dead code detected: Goto: case_2___3 (CFACreationUtils.addEdgeToCFA, INFO)

line 7183: Dead code detected: Goto: case_8___3 (CFACreationUtils.addEdgeToCFA, INFO)

line 7187: Dead code detected: Goto: switch_default___2 (CFACreationUtils.addEdgeToCFA, INFO)

line 7032: Dead code detected: Goto: switch_default___3 (CFACreationUtils.addEdgeToCFA, INFO)

Dead code detected: Label case_4___0 is not reachable. (CFAFunctionBuilder.leave, INFO)

Dead code detected: Label case_4___3 is not reachable. (CFAFunctionBuilder.leave, INFO)

Dead code detected: Label case_8___3 is not reachable. (CFAFunctionBuilder.leave, INFO)

Dead code detected: Label case_8___2 is not reachable. (CFAFunctionBuilder.leave, INFO)

Dead code detected: Label case_8___1 is not reachable. (CFAFunctionBuilder.leave, INFO)

Dead code detected: Label case_8 is not reachable. (CFAFunctionBuilder.leave, INFO)

Dead code detected: Label case_8___0 is not reachable. (CFAFunctionBuilder.leave, INFO)

Dead code detected: Label case_4 is not reachable. (CFAFunctionBuilder.leave, INFO)

Dead code detected: Label case_1 is not reachable. (CFAFunctionBuilder.leave, INFO)

Dead code detected: Label case_2 is not reachable. (CFAFunctionBuilder.leave, INFO)

Dead code detected: Label switch_break is not reachable. (CFAFunctionBuilder.leave, INFO)

Dead code detected: Label switch_default is not reachable. (CFAFunctionBuilder.leave, INFO)

Dead code detected: Label case_2___2 is not reachable. (CFAFunctionBuilder.leave, INFO)

Dead code detected: Label case_2___3 is not reachable. (CFAFunctionBuilder.leave, INFO)

Dead code detected: Label case_2___0 is not reachable. (CFAFunctionBuilder.leave, INFO)

Dead code detected: Label case_2___1 is not reachable. (CFAFunctionBuilder.leave, INFO)

Dead code detected: Label case_1___1 is not reachable. (CFAFunctionBuilder.leave, INFO)

Dead code detected: Label case_1___2 is not reachable. (CFAFunctionBuilder.leave, INFO)

Dead code detected: Label case_1___3 is not reachable. (CFAFunctionBuilder.leave, INFO)

Dead code detected: Label case_1___0 is not reachable. (CFAFunctionBuilder.leave, INFO)

line 7312: Dead code detected: Goto: case_1 (CFACreationUtils.addEdgeToCFA, INFO)

line 7335: Dead code detected: Goto: case_1___0 (CFACreationUtils.addEdgeToCFA, INFO)

line 7340: Dead code detected: Goto: case_2 (CFACreationUtils.addEdgeToCFA, INFO)

line 7350: Dead code detected: Goto: case_8 (CFACreationUtils.addEdgeToCFA, INFO)

line 7354: Dead code detected: Goto: switch_default (CFACreationUtils.addEdgeToCFA, INFO)

line 7317: Dead code detected: Goto: case_2___0 (CFACreationUtils.addEdgeToCFA, INFO)

line 7379: Dead code detected: Goto: case_1___1 (CFACreationUtils.addEdgeToCFA, INFO)

line 7384: Dead code detected: Goto: case_2___1 (CFACreationUtils.addEdgeToCFA, INFO)

line 7394: Dead code detected: Goto: case_8___0 (CFACreationUtils.addEdgeToCFA, INFO)

line 7398: Dead code detected: Goto: switch_default___0 (CFACreationUtils.addEdgeToCFA, INFO)

line 7423: Dead code detected: Goto: case_1___2 (CFACreationUtils.addEdgeToCFA, INFO)

line 7428: Dead code detected: Goto: case_2___2 (CFACreationUtils.addEdgeToCFA, INFO)

line 7438: Dead code detected: Goto: case_8___1 (CFACreationUtils.addEdgeToCFA, INFO)

line 7442: Dead code detected: Goto: switch_default___1 (CFACreationUtils.addEdgeToCFA, INFO)

line 7327: Dead code detected: Goto: case_8___2 (CFACreationUtils.addEdgeToCFA, INFO)

line 7467: Dead code detected: Goto: case_1___3 (CFACreationUtils.addEdgeToCFA, INFO)

line 7472: Dead code detected: Goto: case_2___3 (CFACreationUtils.addEdgeToCFA, INFO)

line 7482: Dead code detected: Goto: case_8___3 (CFACreationUtils.addEdgeToCFA, INFO)

line 7486: Dead code detected: Goto: switch_default___2 (CFACreationUtils.addEdgeToCFA, INFO)

line 7331: Dead code detected: Goto: switch_default___3 (CFACreationUtils.addEdgeToCFA, INFO)

Dead code detected: Label case_4___0 is not reachable. (CFAFunctionBuilder.leave, INFO)

Dead code detected: Label case_4___3 is not reachable. (CFAFunctionBuilder.leave, INFO)

Dead code detected: Label case_8___3 is not reachable. (CFAFunctionBuilder.leave, INFO)

Dead code detected: Label case_8___2 is not reachable. (CFAFunctionBuilder.leave, INFO)

Dead code detected: Label case_8___1 is not reachable. (CFAFunctionBuilder.leave, INFO)

Dead code detected: Label case_8 is not reachable. (CFAFunctionBuilder.leave, INFO)

Dead code detected: Label case_8___0 is not reachable. (CFAFunctionBuilder.leave, INFO)

Dead code detected: Label case_4 is not reachable. (CFAFunctionBuilder.leave, INFO)

Dead code detected: Label case_1 is not reachable. (CFAFunctionBuilder.leave, INFO)

Dead code detected: Label case_2 is not reachable. (CFAFunctionBuilder.leave, INFO)

Dead code detected: Label switch_break is not reachable. (CFAFunctionBuilder.leave, INFO)

Dead code detected: Label switch_default is not reachable. (CFAFunctionBuilder.leave, INFO)

Dead code detected: Label case_2___2 is not reachable. (CFAFunctionBuilder.leave, INFO)

Dead code detected: Label case_2___3 is not reachable. (CFAFunctionBuilder.leave, INFO)

Dead code detected: Label case_2___0 is not reachable. (CFAFunctionBuilder.leave, INFO)

Dead code detected: Label case_2___1 is not reachable. (CFAFunctionBuilder.leave, INFO)

Dead code detected: Label case_1___1 is not reachable. (CFAFunctionBuilder.leave, INFO)

Dead code detected: Label case_1___2 is not reachable. (CFAFunctionBuilder.leave, INFO)

Dead code detected: Label case_1___3 is not reachable. (CFAFunctionBuilder.leave, INFO)

Dead code detected: Label case_1___0 is not reachable. (CFAFunctionBuilder.leave, INFO)

Dead code detected: Label switch_break is not reachable. (CFAFunctionBuilder.leave, INFO)

Dead code detected: Label switch_break is not reachable. (CFAFunctionBuilder.leave, INFO)

Dead code detected: Label switch_break is not reachable. (CFAFunctionBuilder.leave, INFO)

Dead code detected: Label switch_break is not reachable. (CFAFunctionBuilder.leave, INFO)

Dead code detected: Label switch_break is not reachable. (CFAFunctionBuilder.leave, INFO)

Dead code detected: Label switch_break is not reachable. (CFAFunctionBuilder.leave, INFO)

Dead code detected: Label switch_break is not reachable. (CFAFunctionBuilder.leave, INFO)

line 15090: Dead code detected: return (arg0); (CFACreationUtils.addEdgeToCFA, INFO)

line 15110: Dead code detected: return (arg0); (CFACreationUtils.addEdgeToCFA, INFO)

line 15113: Dead code detected: return (arg0); (CFACreationUtils.addEdgeToCFA, INFO)

line 15115: Dead code detected: return (arg0); (CFACreationUtils.addEdgeToCFA, INFO)

line 15227: Dead code detected: return (arg0); (CFACreationUtils.addEdgeToCFA, INFO)

line 16430: Dead code detected: return; (CFACreationUtils.addEdgeToCFA, INFO)

line 16443: Dead code detected: return; (CFACreationUtils.addEdgeToCFA, INFO)

line 16575: Dead code detected: return (arg0); (CFACreationUtils.addEdgeToCFA, INFO)

line 17370: Dead code detected: return; (CFACreationUtils.addEdgeToCFA, INFO)

line 18295: Dead code detected: return (arg0); (CFACreationUtils.addEdgeToCFA, INFO)

line 18296: Dead code detected: return (arg0); (CFACreationUtils.addEdgeToCFA, INFO)

line 18333: Dead code detected: return (arg0); (CFACreationUtils.addEdgeToCFA, INFO)

line 18367: Dead code detected: return (arg0); (CFACreationUtils.addEdgeToCFA, INFO)

line 19121: Dead code detected: return; (CFACreationUtils.addEdgeToCFA, INFO)

line 19146: Dead code detected: return (arg0); (CFACreationUtils.addEdgeToCFA, INFO)

line 19317: Dead code detected: return (ldv_func_res); (CFACreationUtils.addEdgeToCFA, INFO)

line 19345: Dead code detected: return (ldv_func_res); (CFACreationUtils.addEdgeToCFA, INFO)

line 19373: Dead code detected: return (ldv_func_res); (CFACreationUtils.addEdgeToCFA, INFO)

line 19392: Dead code detected: return (ldv_func_res); (CFACreationUtils.addEdgeToCFA, INFO)

line 19432: Dead code detected: return (ldv_func_res); (CFACreationUtils.addEdgeToCFA, INFO)

line 19532: Dead code detected: return (ldv_func_res); (CFACreationUtils.addEdgeToCFA, INFO)

line 19548: Dead code detected: return (ldv_func_res); (CFACreationUtils.addEdgeToCFA, INFO)

line 19565: Dead code detected: return (ldv_func_res); (CFACreationUtils.addEdgeToCFA, INFO)

line 19581: Dead code detected: return (ldv_func_res); (CFACreationUtils.addEdgeToCFA, INFO)

line 19597: Dead code detected: return (ldv_func_res); (CFACreationUtils.addEdgeToCFA, INFO)

line 19616: Dead code detected: return (ldv_func_res); (CFACreationUtils.addEdgeToCFA, INFO)

line 19754: Dead code detected: return (ldv_func_res); (CFACreationUtils.addEdgeToCFA, INFO)

Inline assembler ignored, analysis is probably unsound! (CFABuilder.createCFA, WARNING)

line 6271: Function pointer *(ops->alloc) with type void *(*)(struct device *, size_t , dma_addr_t *, gfp_t , struct dma_attrs *) is called, but no possible target functions were found. (CFunctionPointerResolver.replaceFunctionPointerCall, WARNING)

line 6312: Function pointer *(ops->free) with type void (*)(struct device *, size_t , void *, dma_addr_t , struct dma_attrs *) is called, but no possible target functions were found. (CFunctionPointerResolver.replaceFunctionPointerCall, WARNING)

line 6044: Function pointer *(ops->map_page) with type dma_addr_t (*)(struct device *, struct page *, unsigned long, size_t , enum dma_data_direction , struct dma_attrs *) is called, but no possible target functions were found. (CFunctionPointerResolver.replaceFunctionPointerCall, WARNING)

lines 5965-5966: Function pointer *(ops->map_page) with type dma_addr_t (*)(struct device *, struct page *, unsigned long, size_t , enum dma_data_direction , struct dma_attrs *) is called, but no possible target functions were found. (CFunctionPointerResolver.replaceFunctionPointerCall, WARNING)

line 6185: Function pointer *(ops->mapping_error) with type int (*)(struct device *, dma_addr_t ) is called, but no possible target functions were found. (CFunctionPointerResolver.replaceFunctionPointerCall, WARNING)

line 6119: Function pointer *(ops->sync_single_for_cpu) with type void (*)(struct device *, dma_addr_t , size_t , enum dma_data_direction ) is called, but no possible target functions were found. (CFunctionPointerResolver.replaceFunctionPointerCall, WARNING)

line 6159: Function pointer *(ops->sync_single_for_device) with type void (*)(struct device *, dma_addr_t , size_t , enum dma_data_direction ) is called, but no possible target functions were found. (CFunctionPointerResolver.replaceFunctionPointerCall, WARNING)

line 6079: Function pointer *(ops->unmap_page) with type void (*)(struct device *, dma_addr_t , size_t , enum dma_data_direction , struct dma_attrs *) is called, but no possible target functions were found. (CFunctionPointerResolver.replaceFunctionPointerCall, WARNING)

line 6004: Function pointer *(ops->unmap_page) with type void (*)(struct device *, dma_addr_t , size_t , enum dma_data_direction , struct dma_attrs *) is called, but no possible target functions were found. (CFunctionPointerResolver.replaceFunctionPointerCall, WARNING)

line 16414: Function pointer *arg0 with type long int (*)(struct file *, char *, unsigned long, long long *) is called, but no possible target functions were found. (CFunctionPointerResolver.replaceFunctionPointerCall, WARNING)

line 17067: Function pointer *arg0 with type int (*)(struct pci_dev *) is called, but no possible target functions were found. (CFunctionPointerResolver.replaceFunctionPointerCall, WARNING)

line 17078: Function pointer *arg0 with type int (*)(struct pci_dev *) is called, but no possible target functions were found. (CFunctionPointerResolver.replaceFunctionPointerCall, WARNING)

line 17101: Function pointer *arg0 with type int (*)(struct pci_dev *, struct pm_message ) is called, but no possible target functions were found. (CFunctionPointerResolver.replaceFunctionPointerCall, WARNING)

line 17113: Function pointer *arg0 with type int (*)(struct pci_dev *, struct pm_message ) is called, but no possible target functions were found. (CFunctionPointerResolver.replaceFunctionPointerCall, WARNING)

line 17379: Function pointer *arg0 with type int (*)(struct platform_device *) is called, but no possible target functions were found. (CFunctionPointerResolver.replaceFunctionPointerCall, WARNING)

line 17390: Function pointer *arg0 with type int (*)(struct platform_device *) is called, but no possible target functions were found. (CFunctionPointerResolver.replaceFunctionPointerCall, WARNING)

line 17401: Function pointer *arg0 with type void (*)(struct device *) is called, but no possible target functions were found. (CFunctionPointerResolver.replaceFunctionPointerCall, WARNING)

MathSAT5 is available for research and evaluation purposes only. It can not be used in a commercial environment, particularly as part of a commercial product, without written permission. MathSAT5 is provided as is, without any warranty. Please write to mathsat@fbk.eu for additional questions regarding licensing MathSAT5 or obtaining more up-to-date versions. (PredicateCPA:JavaSMT:Mathsat5SolverContext.<init>, WARNING)

Using predicate analysis with MathSAT5 version 5.3.14 (0b98b661254c) (Nov 17 2016 10:59:45, gmp 5.1.3, gcc 4.8.5, 64-bit) and JFactory 1.21. (PredicateCPA:PredicateCPA.<init>, INFO)

Using refinement for predicate analysis with PredicateAbstractionRefinementStrategy strategy. (PredicateCPA:PredicateCPARefiner.<init>, INFO)

Starting analysis ... (CPAchecker.runAlgorithm, INFO)

Assuming external function ldv_initialize to be a constant function. (PredicateCPA:ExpressionToFormulaVisitor.visit, INFO)

Assuming external function external_allocated_data to be a constant function. (PredicateCPA:ExpressionToFormulaVisitor.visit, INFO)

Assuming external function pci_unregister_driver to be a pure function. (PredicateCPA:ExpressionToFormulaVisitor.visit, INFO)

Assuming external function ldv_assert to be a pure function. (PredicateCPA:ExpressionToFormulaVisitor.visit, INFO)

Assuming external function debugfs_remove to be a pure function. (PredicateCPA:ExpressionToFormulaVisitor.visit, INFO)

Assuming external function dmi_check_system to be a pure function. (PredicateCPA:ExpressionToFormulaVisitor.visit, INFO)

Assuming external function debugfs_create_dir to be a pure function. (PredicateCPA:ExpressionToFormulaVisitor.visit, INFO)

Assuming external function __pci_register_driver to be a pure function. (PredicateCPA:ExpressionToFormulaVisitor.visit, INFO)

Assuming external function register_netdevice_notifier to be a pure function. (PredicateCPA:ExpressionToFormulaVisitor.visit, INFO)

Assuming external function single_release to be a pure function. (PredicateCPA:ExpressionToFormulaVisitor.visit, INFO)

Assuming external function seq_lseek to be a pure function. (PredicateCPA:ExpressionToFormulaVisitor.visit, INFO)

Assuming external function single_open to be a pure function. (PredicateCPA:ExpressionToFormulaVisitor.visit, INFO)

line 16298: Destroying the void* pointer ldv_xmalloc::tmp produces garbage or the memory pointed by it is unused: tmp___6 = ldv_xmalloc(1UL); (PredicateCPA:DynamicMemoryHandler.handleDeferredAllocationInFunctionExit, WARNING)

line 16300: Destroying the void* pointer ldv_xmalloc::tmp produces garbage or the memory pointed by it is unused: tmp___7 = ldv_xmalloc(8UL); (PredicateCPA:DynamicMemoryHandler.handleDeferredAllocationInFunctionExit, WARNING)

line 16414: Ignoring call via function pointer ldv_file_operations_instance_write_0_4::arg0 for which no suitable target was found in line: (*arg0)(arg1, arg2, arg3, arg4); (FunctionPointerCPA:FunctionPointerTransferRelation.getAbstractSuccessorsForEdge, WARNING)

line 16414: Ignoring function call through function pointer *arg0: (*arg0)(arg1, arg2, arg3, arg4); (PredicateCPA:ExpressionToFormulaVisitor.visit, WARNING)

line 16335: Destroying the void* pointer ldv_xmalloc::tmp produces garbage or the memory pointed by it is unused: tmp___9 = ldv_xmalloc(1UL); (PredicateCPA:DynamicMemoryHandler.handleDeferredAllocationInFunctionExit, WARNING)

line 16337: Destroying the void* pointer ldv_xmalloc::tmp produces garbage or the memory pointed by it is unused: tmp___10 = ldv_xmalloc(8UL); (PredicateCPA:DynamicMemoryHandler.handleDeferredAllocationInFunctionExit, WARNING)

Assuming external function seq_read to be a pure function. (PredicateCPA:ExpressionToFormulaVisitor.visit, INFO)

line 16476: Ignoring call via function pointer ldv_interrupt_instance_thread_1_3::arg0 for which no suitable target was found in line: (*arg0)(arg1, arg2); (FunctionPointerCPA:FunctionPointerTransferRelation.getAbstractSuccessorsForEdge, WARNING)

line 16476: Ignoring function call through function pointer *arg0: (*arg0)(arg1, arg2); (PredicateCPA:ExpressionToFormulaVisitor.visit, WARNING)

Assuming external function _raw_spin_lock to be a pure function. (PredicateCPA:ExpressionToFormulaVisitor.visit, INFO)

Assuming external function _raw_spin_unlock to be a pure function. (PredicateCPA:ExpressionToFormulaVisitor.visit, INFO)

Assuming external function dev_err to be a pure function. (PredicateCPA:ExpressionToFormulaVisitor.visit, INFO)

Assuming external function dev_warn to be a pure function. (PredicateCPA:ExpressionToFormulaVisitor.visit, INFO)

Assuming external function netdev_printk to be a pure function. (PredicateCPA:ExpressionToFormulaVisitor.visit, INFO)

Assuming external function mod_timer to be a pure function. (PredicateCPA:ExpressionToFormulaVisitor.visit, INFO)

Assuming external function netif_carrier_off to be a pure function. (PredicateCPA:ExpressionToFormulaVisitor.visit, INFO)

Assuming external function warn_slowpath_null to be a pure function. (PredicateCPA:ExpressionToFormulaVisitor.visit, INFO)

Assuming external function netdev_info to be a pure function. (PredicateCPA:ExpressionToFormulaVisitor.visit, INFO)

Assuming external function __napi_schedule to be a pure function. (PredicateCPA:ExpressionToFormulaVisitor.visit, INFO)

Assuming external function __tasklet_schedule to be a pure function. (PredicateCPA:ExpressionToFormulaVisitor.visit, INFO)

Assuming external function ldv_switch_to_interrupt_context to be a constant function. (PredicateCPA:ExpressionToFormulaVisitor.visit, INFO)

Assuming external function ldv_switch_to_process_context to be a constant function. (PredicateCPA:ExpressionToFormulaVisitor.visit, INFO)

Assuming external function strlcpy to be a pure function. (PredicateCPA:ExpressionToFormulaVisitor.visit, INFO)

line 16803: Destroying the void* pointer ldv_xmalloc::tmp produces garbage or the memory pointed by it is unused: tmp = ldv_xmalloc(1UL); (PredicateCPA:DynamicMemoryHandler.handleDeferredAllocationInFunctionExit, WARNING)

Assuming external function pci_find_capability to be a pure function. (PredicateCPA:ExpressionToFormulaVisitor.visit, INFO)

Assuming external function memcpy to be a pure function. (PredicateCPA:ExpressionToFormulaVisitor.visit, INFO)

Assuming external function __const_udelay to be a pure function. (PredicateCPA:ExpressionToFormulaVisitor.visit, INFO)

Assuming external function ethtool_op_get_link to be a pure function. (PredicateCPA:ExpressionToFormulaVisitor.visit, INFO)

Assuming external function memset to be a pure function. (PredicateCPA:ExpressionToFormulaVisitor.visit, INFO)

line 16885: Destroying the void* pointer ldv_xmalloc::tmp produces garbage or the memory pointed by it is unused: tmp___1 = ldv_xmalloc(1UL); (PredicateCPA:DynamicMemoryHandler.handleDeferredAllocationInFunctionExit, WARNING)

Assuming external function dev_close to be a pure function. (PredicateCPA:ExpressionToFormulaVisitor.visit, INFO)

line 11853: Return type of function __builtin_unreachable is void, but result is used as type int: __builtin_unreachable(); (PredicateCPA:CtoFormulaConverter.getReturnType, WARNING)

Assuming external function __builtin_unreachable to be a constant function. (PredicateCPA:ExpressionToFormulaVisitor.visit, INFO)

line 5515: Return type of function __builtin_unreachable is void, but result is used as type int: __builtin_unreachable(); (PredicateCPA:CtoFormulaConverter.getReturnType, WARNING)

Assuming external function debug_dma_free_coherent to be a pure function. (PredicateCPA:ExpressionToFormulaVisitor.visit, INFO)

line 6312: Ignoring function call through function pointer *(ops->free): (*(ops->free))(dev, size, vaddr, bus, attrs); (PredicateCPA:ExpressionToFormulaVisitor.visit, WARNING)

Assuming external function ldv_after_alloc to be a pure function. (PredicateCPA:ExpressionToFormulaVisitor.visit, INFO)

line 5994: Return type of function __builtin_unreachable is void, but result is used as type int: __builtin_unreachable(); (PredicateCPA:CtoFormulaConverter.getReturnType, WARNING)

line 6004: Ignoring function call through function pointer *(ops->unmap_page): (*(ops->unmap_page))(dev, addr, size, dir, attrs); (PredicateCPA:ExpressionToFormulaVisitor.visit, WARNING)

Assuming external function debug_dma_unmap_page to be a pure function. (PredicateCPA:ExpressionToFormulaVisitor.visit, INFO)

Assuming external function consume_skb to be a pure function. (PredicateCPA:ExpressionToFormulaVisitor.visit, INFO)

Assuming external function _raw_spin_lock_bh to be a pure function. (PredicateCPA:ExpressionToFormulaVisitor.visit, INFO)

Assuming external function _raw_spin_unlock_bh to be a pure function. (PredicateCPA:ExpressionToFormulaVisitor.visit, INFO)

line 11936: Return type of function __builtin_unreachable is void, but result is used as type int: __builtin_unreachable(); (PredicateCPA:CtoFormulaConverter.getReturnType, WARNING)

Assuming external function _raw_spin_lock_irq to be a pure function. (PredicateCPA:ExpressionToFormulaVisitor.visit, INFO)

Assuming external function _raw_spin_unlock_irq to be a pure function. (PredicateCPA:ExpressionToFormulaVisitor.visit, INFO)

line 6612: Return type of function __builtin_unreachable is void, but result is used as type int: __builtin_unreachable(); (PredicateCPA:CtoFormulaConverter.getReturnType, WARNING)

Assuming external function crc32_le to be a pure function. (PredicateCPA:ExpressionToFormulaVisitor.visit, INFO)

Assuming external function bitrev32 to be a pure function. (PredicateCPA:ExpressionToFormulaVisitor.visit, INFO)

Assuming external function netdev_warn to be a pure function. (PredicateCPA:ExpressionToFormulaVisitor.visit, INFO)

Assuming external function netif_carrier_on to be a pure function. (PredicateCPA:ExpressionToFormulaVisitor.visit, INFO)

Assuming external function netpoll_trap to be a constant function. (PredicateCPA:ExpressionToFormulaVisitor.visit, INFO)

Assuming external function __netif_schedule to be a pure function. (PredicateCPA:ExpressionToFormulaVisitor.visit, INFO)

Assuming external function netdev_notice to be a pure function. (PredicateCPA:ExpressionToFormulaVisitor.visit, INFO)

Assuming external function request_threaded_irq to be a pure function. (PredicateCPA:ExpressionToFormulaVisitor.visit, INFO)

Assuming external function netdev_err to be a pure function. (PredicateCPA:ExpressionToFormulaVisitor.visit, INFO)

Shutdown requested (The CPU-time limit of 30s has elapsed.), waiting for termination. (ForceTerminationOnShutdown$1.shutdownRequested, WARNING)

Warning: Analysis interrupted (The CPU-time limit of 30s has elapsed.) (ShutdownNotifier.shutdownIfNecessary, WARNING)

PredicateCPA statistics
-----------------------
Number of abstractions:            28747 (28% of all post computations)
  Times abstraction was reused:    0
  Because of function entry/exit:  27669 (96%)
  Because of loop head:            1076 (4%)
  Because of join nodes:           0 (0%)
  Because of threshold:            0 (0%)
  Because of target state:         2 (0%)
  Times precision was empty:       28510 (99%)
  Times precision was {false}:     84 (0%)
  Times result was cached:         144 (1%)
  Times cartesian abs was used:    0 (0%)
  Times boolean abs was used:      9 (0%)
  Times result was 'false':        9 (0%)
Number of strengthen sat checks:   0
Number of coverage checks:         7329
  BDD entailment checks:           4465
Number of SMT sat checks:          0
  trivial:                         0
  cached:                          0

Max ABE block size:                       83
Number of predicates discovered:          3
Number of abstraction locations:          7
Max number of predicates per location:    2
Avg number of predicates per location:    1
Total predicates per abstraction:         245
Max number of predicates per abstraction: 2
Avg number of predicates per abstraction: 2.63
Number of irrelevant predicates:          233 (95%)
Number of preds handled by boolean abs:   12 (5%)
  Total number of models for allsat:      9
  Max number of models for allsat:        1
  Avg number of models for allsat:        1.00

Time for post operator:                  8.349s
  Time for path formula creation:        8.004s
Time for strengthen operator:            0.334s
Time for prec operator:                  1.685s
  Time for abstraction:                  0.747s (Max:     0.027s, Count: 28747)
    Boolean abstraction:                 0.029s
    Solving time:                        0.072s (Max:     0.016s)
    Model enumeration time:              0.001s
    Time for BDD construction:           0.002s (Max:     0.001s)
Time for merge operator:                 0.243s
Time for coverage check:                 0.102s
  Time for BDD entailment checks:        0.091s
Total time for SMT solver (w/o itp):     0.073s

Number of path formula cache hits:   72306 (59%)

Inside post operator:                  
  Inside path formula creation:        
    Time for path formula computation:     7.003s

Total number of created targets for pointer analysis: 932
   Number of created targets for uf: *unsigned_short_int is 5
   Number of created targets for uf: *unsigned_char is 57
   Number of created targets for uf: *unsigned_long_long_int is 3
   Number of created targets for uf: *unsigned_int is 17


Number of BDD nodes:                               203
Size of BDD node table:                            270749
Size of BDD cache:                                 27073
Size of BDD node cleanup queue:                          11 (count: 33466, min: 0, max: 11, avg: 0.00)
Time for BDD node cleanup:                             0.031s
Time for BDD garbage collection:                       0.000s (in 0 runs)

PrecisionBootstrap statistics
-----------------------------
Init. function predicates:                         0
Init. global predicates:                           0
Init. location predicates:                         0

Invariant Generation statistics
-------------------------------

AutomatonAnalysis (SVCOMP) statistics
-------------------------------------
Number of states:                                  1
Total time for successor computation:                  0.559s
  Time for transition matches:                         0.217s
  Time for transition assertions:                      0.000s
  Time for transition actions:                         0.000s
Automaton transfers with branching:                0
Automaton transfer successors:                       103166 (count: 103166, min: 1, max: 1, avg: 1.00) [1 x 103166]

CPA algorithm statistics
------------------------
Number of iterations:            76359
Max size of waitlist:            93
Average size of waitlist:        35
Number of computed successors:   82368
Max successors for one state:    2
Number of times merged:          1432
Number of times stopped:         5890
Number of times breaked:         2

Total time for CPA algorithm:        20.318s (Max:    12.201s)
  Time for choose from waitlist:      0.247s
  Time for precision adjustment:      3.658s
  Time for transfer relation:        13.134s
  Time for merge operator:            0.510s
  Time for stop operator:             0.731s
  Time for adding to reached set:     0.627s

Predicate-Abstraction Refiner statistics
----------------------------------------
Number of predicate refinements:                   2
Avg. length of target path (in blocks):                 143 (count: 2, min: 69, max: 74, avg: 71.50)
Number of infeasible sliced prefixes:                     0 (count: 0, min: 0, max: 0, avg: 0.00)

Time for refinement:                                   0.732s
  Counterexample analysis:                             0.132s (Max:     0.077s, Calls: 2)
    Refinement sat check:                              0.091s
    Interpolant computation:                           0.000s
  Path-formulas extraction:                            0.000s
  Error path post-processing:                          0.000s
  Predicate creation:                                  0.013s
  Precision update:                                    0.003s
  ARG update:                                          0.571s

Length of refined path (in blocks):                      18 (count: 2, min: 9, max: 9, avg: 9.00)
Number of affected states:                                8 (count: 2, min: 4, max: 4, avg: 4.00)
Length (states) of path with itp 'true':                  8 (count: 2, min: 4, max: 4, avg: 4.00)
Length (states) of path with itp non-trivial itp:         8 (count: 2, min: 4, max: 4, avg: 4.00)
Length (states) of path with itp 'false':                 2 (count: 2, min: 1, max: 1, avg: 1.00)
Different non-trivial interpolants along paths:           0 (count: 2, min: 0, max: 0, avg: 0.00)
Equal non-trivial interpolants along paths:               6 (count: 2, min: 3, max: 3, avg: 3.00)
Number of refs with location-based cutoff:                0

CEGAR algorithm statistics
--------------------------
Number of refinements:                2
Number of successful refinements:     2
Number of failed refinements:         0
Max. size of reached set before ref.: 38045
Max. size of reached set after ref.:  12
Avg. size of reached set before ref.: 37978.00
Avg. size of reached set after ref.:  12.00

Total time for CEGAR algorithm:      21.251s
Time for refinements:                 0.932s
Average time for refinement:          0.466s
Max time for refinement:              0.586s

Code Coverage
-----------------------------
  Function coverage:      0.066
  Visited lines:          1418
  Total lines:            7759
  Line coverage:          0.183
  Visited conditions:     60
  Total conditions:       1916
  Condition coverage:     0.031

CPAchecker general statistics
-----------------------------
Number of program locations:     11422
Number of CFA edges:             13340
Number of relevant variables:    1760
Number of functions:             587
Number of loops:                 50
Size of reached set:             538
  Number of reached locations:   268 (2%)
    Avg states per location:     2
    Max states per location:     18 (at node N10111)
  Number of reached functions:   39 (7%)
  Number of partitions:          536
    Avg size of partitions:      1
    Max size of partitions:      2 (with key [N7262 (before line 16023), Function main called from node N7245, stack depth 1 [4119346d], stack [main]])
  Number of target states:       0
  Size of final wait list        27

Time for analysis setup:          8.999s
  Time for loading CPAs:          1.411s
  Time for loading parser:        0.704s
  Time for CFA construction:      6.726s
    Time for parsing file(s):     1.374s
    Time for AST to CFA:          2.567s
    Time for CFA sanity check:    0.749s
    Time for post-processing:     1.859s
      Time for var class.:        0.852s
Time for Analysis:               21.251s
CPU time for analysis:           21.240s
Total time for CPAchecker:       30.260s
Total CPU time for CPAchecker:   30.230s
Time for statistics:              0.131s

Time for Garbage Collector:       1.631s (in 45 runs)
Garbage Collector(s) used:    Copy, MarkSweepCompact
Used heap memory:                161MB (   154 MiB) max;     82MB (    79 MiB) avg;    168MB (   160 MiB) peak
Used non-heap memory:             44MB (    42 MiB) max;     36MB (    35 MiB) avg;     44MB (    42 MiB) peak
Allocated heap memory:           185MB (   177 MiB) max;    145MB (   138 MiB) avg
Allocated non-heap memory:        46MB (    44 MiB) max;     39MB (    38 MiB) avg
Total process virtual memory:   8087MB (  7713 MiB) max;   8071MB (  7697 MiB) avg

Verification result: UNKNOWN, incomplete analysis.
More details about the verification run can be found in the directory "./output".
