scripts/cpa.sh -Dy-MySearchStrategy-PredAbs-ABEl -heap 5600000000 -timelimit 900 -preprocess -stats -noout -setprop cpa.predicate.memoryAllocationsAlwaysSucceed=true -spec ../sv-benchmarks/c/ReachSafety.prp ../sv-benchmarks/c/ldv-linux-3.4-simple/32_1_cilled_true-unreach-call_ok_nondet_linux-3.4-32_1-drivers--leds--leds-bd2802.ko-ldv_main0_sequence_infinite_withcheck_stateful.cil.out.c


--------------------------------------------------------------------------------


Running CPAchecker with Java heap of size 5600000000.
Running CPAchecker with default stack size (1024k). Specify a larger value with -stack if needed.
Running CPAchecker with the following extra VM options:  -Djava.io.tmpdir=/tmp/BenchExec_run_atrqj3ne/tmp
Using the following resource limits: CPU-time limit of 900s (ResourceLimitChecker.fromConfiguration, INFO)

CPAchecker (unknown version) (OpenJDK 64-Bit Server VM 1.8.0_162) started (CPAchecker.run, INFO)

line 2162: Dead code detected: tmp___0 = (int )_kstrtoul(s, base, res); (CFACreationUtils.addEdgeToCFA, INFO)

line 2168: Dead code detected: tmp___0 = (int )_kstrtoul(s, base, res); (CFACreationUtils.addEdgeToCFA, INFO)

Dead code detected: Label switch_break is not reachable. (CFAFunctionBuilder.leave, INFO)

MathSAT5 is available for research and evaluation purposes only. It can not be used in a commercial environment, particularly as part of a commercial product, without written permission. MathSAT5 is provided as is, without any warranty. Please write to mathsat@fbk.eu for additional questions regarding licensing MathSAT5 or obtaining more up-to-date versions. (PredicateCPA:JavaSMT:Mathsat5SolverContext.<init>, WARNING)

Using predicate analysis with MathSAT5 version 5.3.14 (0b98b661254c) (Nov 17 2016 10:59:45, gmp 5.1.3, gcc 4.8.5, 64-bit) and JFactory 1.21. (PredicateCPA:PredicateCPA.<init>, INFO)

Using refinement for predicate analysis with PredicateAbstractionRefinementStrategy strategy. (PredicateCPA:PredicateCPARefiner.<init>, INFO)

Starting analysis ... (CPAchecker.runAlgorithm, INFO)

Assuming external function ldv_initialize to be a constant function. (PredicateCPA:ExpressionToFormulaVisitor.visit, INFO)

Assuming external function dev_set_drvdata to be a pure function. (PredicateCPA:ExpressionToFormulaVisitor.visit, INFO)

Assuming external function gpio_request_one to be a pure function. (PredicateCPA:ExpressionToFormulaVisitor.visit, INFO)

Assuming external function __const_udelay to be a pure function. (PredicateCPA:ExpressionToFormulaVisitor.visit, INFO)

Assuming external function i2c_smbus_write_byte_data to be a pure function. (PredicateCPA:ExpressionToFormulaVisitor.visit, INFO)

Assuming external function dev_err to be a pure function. (PredicateCPA:ExpressionToFormulaVisitor.visit, INFO)

Assuming external function _dev_info to be a pure function. (PredicateCPA:ExpressionToFormulaVisitor.visit, INFO)

Assuming external function __gpio_set_value to be a pure function. (PredicateCPA:ExpressionToFormulaVisitor.visit, INFO)

Assuming external function __init_rwsem to be a pure function. (PredicateCPA:ExpressionToFormulaVisitor.visit, INFO)

Assuming external function ldv_check_return_value to be a pure function. (PredicateCPA:ExpressionToFormulaVisitor.visit, INFO)

Assuming external function dev_get_drvdata to be a pure function. (PredicateCPA:ExpressionToFormulaVisitor.visit, INFO)

Assuming external function down_write to be a pure function. (PredicateCPA:ExpressionToFormulaVisitor.visit, INFO)

Assuming external function up_write to be a pure function. (PredicateCPA:ExpressionToFormulaVisitor.visit, INFO)

Assuming external function down_read to be a pure function. (PredicateCPA:ExpressionToFormulaVisitor.visit, INFO)

Assuming external function up_read to be a pure function. (PredicateCPA:ExpressionToFormulaVisitor.visit, INFO)

Assuming external function __init_work to be a pure function. (PredicateCPA:ExpressionToFormulaVisitor.visit, INFO)

Assuming external function led_classdev_register to be a pure function. (PredicateCPA:ExpressionToFormulaVisitor.visit, INFO)

Assuming external function led_classdev_unregister to be a pure function. (PredicateCPA:ExpressionToFormulaVisitor.visit, INFO)

Assuming external function device_create_file to be a pure function. (PredicateCPA:ExpressionToFormulaVisitor.visit, INFO)

Assuming external function device_remove_file to be a pure function. (PredicateCPA:ExpressionToFormulaVisitor.visit, INFO)

Stopping analysis ... (CPAchecker.runAlgorithm, INFO)

PredicateCPA statistics
-----------------------
Number of abstractions:            123 (1% of all post computations)
  Times abstraction was reused:    0
  Because of function entry/exit:  0 (0%)
  Because of loop head:            101 (82%)
  Because of join nodes:           0 (0%)
  Because of threshold:            0 (0%)
  Because of target state:         22 (18%)
  Times precision was empty:       28 (23%)
  Times precision was {false}:     17 (14%)
  Times result was cached:         58 (47%)
  Times cartesian abs was used:    0 (0%)
  Times boolean abs was used:      20 (16%)
  Times result was 'false':        16 (13%)
Number of strengthen sat checks:   0
Number of coverage checks:         383
  BDD entailment checks:           53
Number of SMT sat checks:          0
  trivial:                         0
  cached:                          0

Max ABE block size:                       335
Number of predicates discovered:          2
Number of abstraction locations:          8
Max number of predicates per location:    1
Avg number of predicates per location:    1
Total predicates per abstraction:         95
Max number of predicates per abstraction: 1
Avg number of predicates per abstraction: 2.57
Number of irrelevant predicates:          30 (32%)
Number of preds handled by boolean abs:   20 (21%)
  Total number of models for allsat:      20
  Max number of models for allsat:        1
  Avg number of models for allsat:        1.00

Time for post operator:                  1.138s
  Time for path formula creation:        1.071s
Time for strengthen operator:            0.058s
Time for prec operator:                  0.879s
  Time for abstraction:                  0.837s (Max:     0.082s, Count: 123)
    Boolean abstraction:                 0.213s
    Solving time:                        0.301s (Max:     0.044s)
    Model enumeration time:              0.035s
    Time for BDD construction:           0.009s (Max:     0.007s)
Time for merge operator:                 0.107s
Time for coverage check:                 0.000s
  Time for BDD entailment checks:        0.000s
Total time for SMT solver (w/o itp):     0.336s

Number of path formula cache hits:   6975 (69%)

Inside post operator:                  
  Inside path formula creation:        
    Time for path formula computation:     0.956s

Total number of created targets for pointer analysis: 0


Number of BDD nodes:                               202
Size of BDD node table:                            270749
Size of BDD cache:                                 27073
Size of BDD node cleanup queue:                          29 (count: 298, min: 0, max: 22, avg: 0.10)
Time for BDD node cleanup:                             0.000s
Time for BDD garbage collection:                       0.000s (in 0 runs)

PrecisionBootstrap statistics
-----------------------------
Init. function predicates:                         0
Init. global predicates:                           0
Init. location predicates:                         0

Invariant Generation statistics
-------------------------------

AutomatonAnalysis (SVCOMP) statistics
-------------------------------------
Number of states:                                  1
Total time for successor computation:                  0.176s
Automaton transfers with branching:                0
Automaton transfer successors:                         9887 (count: 9887, min: 1, max: 1, avg: 1.00) [1 x 9887]

CPA algorithm statistics
------------------------
Number of iterations:            2461
Max size of waitlist:            11
Average size of waitlist:        5
Number of computed successors:   2735
Max successors for one state:    2
Number of times merged:          165
Number of times stopped:         214
Number of times breaked:         6

Total time for CPA algorithm:         3.421s (Max:     0.963s)
  Time for choose from waitlist:      0.014s
  Time for precision adjustment:      1.091s
  Time for transfer relation:         1.961s
  Time for merge operator:            0.149s
  Time for stop operator:             0.065s
  Time for adding to reached set:     0.075s

Predicate-Abstraction Refiner statistics
----------------------------------------
Number of predicate refinements:                   6
Avg. length of target path (in blocks):                  25 (count: 6, min: 2, max: 5, avg: 4.17)
Number of infeasible sliced prefixes:                     0 (count: 0, min: 0, max: 0, avg: 0.00)

Time for refinement:                                   0.211s
  Counterexample analysis:                             0.151s (Max:     0.031s, Calls: 6)
    Refinement sat check:                              0.122s
    Interpolant computation:                           0.000s
  Path-formulas extraction:                            0.000s
  Error path post-processing:                          0.000s
  Predicate creation:                                  0.011s
  Precision update:                                    0.003s
  ARG update:                                          0.040s

Length of refined path (in blocks):                      25 (count: 6, min: 2, max: 5, avg: 4.17)
Number of affected states:                               19 (count: 6, min: 1, max: 4, avg: 3.17)
Length (states) of path with itp 'true':                  0 (count: 6, min: 0, max: 0, avg: 0.00)
Length (states) of path with itp non-trivial itp:        19 (count: 6, min: 1, max: 4, avg: 3.17)
Length (states) of path with itp 'false':                 0 (count: 6, min: 0, max: 0, avg: 0.00)
Different non-trivial interpolants along paths:           0 (count: 6, min: 0, max: 0, avg: 0.00)
Equal non-trivial interpolants along paths:              13 (count: 6, min: 0, max: 3, avg: 2.17)
Number of refs with location-based cutoff:                0

CEGAR algorithm statistics
--------------------------
Number of refinements:                6
Number of successful refinements:     6
Number of failed refinements:         0
Max. size of reached set before ref.: 527
Max. size of reached set after ref.:  3
Avg. size of reached set before ref.: 346.83
Avg. size of reached set after ref.:  3.00

Total time for CEGAR algorithm:       3.699s
Time for refinements:                 0.266s
Average time for refinement:          0.044s
Max time for refinement:              0.086s

Code Coverage
-----------------------------
  Function coverage:      0.259
  Visited lines:          1645
  Total lines:            4568
  Line coverage:          0.360
  Visited conditions:     76
  Total conditions:       294
  Condition coverage:     0.259

CPAchecker general statistics
-----------------------------
Number of program locations:     5097
Number of CFA edges:             5318
Number of relevant variables:    1497
Number of functions:             85
Number of loops:                 10
Size of reached set:             443
  Number of reached locations:   321 (6%)
    Avg states per location:     1
    Max states per location:     6 (at node N4673)
  Number of reached functions:   22 (26%)
  Number of partitions:          443
    Avg size of partitions:      1
    Max size of partitions:      1
  Number of target states:       0

Time for analysis setup:          6.113s
  Time for loading CPAs:          1.049s
  Time for loading parser:        0.800s
  Time for CFA construction:      4.112s
    Time for parsing file(s):     1.114s
    Time for AST to CFA:          1.318s
    Time for CFA sanity check:    0.453s
    Time for post-processing:     1.070s
      Time for var class.:        0.600s
Time for Analysis:                3.699s
CPU time for analysis:            3.700s
Time for analyzing result:        0.001s
Total time for CPAchecker:        9.824s
Total CPU time for CPAchecker:    9.800s
Time for statistics:              0.104s

Time for Garbage Collector:       0.283s (in 11 runs)
Garbage Collector(s) used:    Copy, MarkSweepCompact
Used heap memory:                 66MB (    63 MiB) max;     36MB (    34 MiB) avg;     71MB (    68 MiB) peak
Used non-heap memory:             35MB (    33 MiB) max;     27MB (    26 MiB) avg;     35MB (    34 MiB) peak
Allocated heap memory:           127MB (   121 MiB) max;    127MB (   121 MiB) avg
Allocated non-heap memory:        37MB (    35 MiB) max;     29MB (    28 MiB) avg
Total process virtual memory:   8133MB (  7756 MiB) max;   8090MB (  7716 MiB) avg

Verification result: TRUE. No property violation found by chosen configuration.
More details about the verification run can be found in the directory "./output".
