scripts/cpa.sh -Dy-MySearchStrategy-PredAbs-ABElf -heap 5600000000 -timelimit 900 -preprocess -stats -noout -setprop cpa.predicate.memoryAllocationsAlwaysSucceed=true -spec ../sv-benchmarks/c/ReachSafety.prp ../sv-benchmarks/c/ldv-linux-3.4-simple/32_1_cilled_true-unreach-call_ok_nondet_linux-3.4-32_1-drivers--media--dvb--dvb-usb--dvb-usb-mxl111sf.ko-ldv_main0_sequence_infinite_withcheck_stateful.cil.out.c


--------------------------------------------------------------------------------


Running CPAchecker with Java heap of size 5600000000.
Running CPAchecker with default stack size (1024k). Specify a larger value with -stack if needed.
Running CPAchecker with the following extra VM options:  -Djava.io.tmpdir=/tmp/BenchExec_run_n5w3hgoa/tmp
Using the following resource limits: CPU-time limit of 900s (ResourceLimitChecker.fromConfiguration, INFO)

CPAchecker (unknown version) (OpenJDK 64-Bit Server VM 1.8.0_151) started (CPAchecker.run, INFO)

Dead code detected: Label switch_break is not reachable. (CFAFunctionBuilder.leave, INFO)

Dead code detected: Label switch_break is not reachable. (CFAFunctionBuilder.leave, INFO)

line 8570: Function pointer *__cil_tmp25 with type int (*)(struct dvb_frontend *fe, u16 *strength) is called, but no possible target functions were found. (CFunctionPointerResolver.replaceFunctionPointerCall, WARNING)

line 8578: Function pointer *__cil_tmp30 with type int (*)(struct dvb_frontend *fe, u16 *strength) is called, but no possible target functions were found. (CFunctionPointerResolver.replaceFunctionPointerCall, WARNING)

line 8586: Function pointer *__cil_tmp35 with type int (*)(struct dvb_frontend *fe, u16 *strength) is called, but no possible target functions were found. (CFunctionPointerResolver.replaceFunctionPointerCall, WARNING)

line 8594: Function pointer *__cil_tmp40 with type int (*)(struct dvb_frontend *fe, u16 *strength) is called, but no possible target functions were found. (CFunctionPointerResolver.replaceFunctionPointerCall, WARNING)

line 8363: Function pointer *__a with type struct dvb_frontend *(*)(struct mxl111sf_state *mxl_state, struct mxl111sf_demod_config *cfg) is called, but no possible target functions were found. (CFunctionPointerResolver.replaceFunctionPointerCall, WARNING)

line 8732: Function pointer *__a with type struct dvb_frontend *(*)(struct dvb_frontend *fe, struct mxl111sf_state *mxl_state, struct mxl111sf_tuner_config *cfg) is called, but no possible target functions were found. (CFunctionPointerResolver.replaceFunctionPointerCall, WARNING)

line 8812: Function pointer *__cil_tmp10 with type int (*)(struct dvb_frontend *fe, u16 *strength) is called, but no possible target functions were found. (CFunctionPointerResolver.replaceFunctionPointerCall, WARNING)

line 7949: Function pointer *__a with type struct dvb_frontend *(*)(const struct lgdt3305_config *config, struct i2c_adapter *i2c_adap) is called, but no possible target functions were found. (CFunctionPointerResolver.replaceFunctionPointerCall, WARNING)

MathSAT5 is available for research and evaluation purposes only. It can not be used in a commercial environment, particularly as part of a commercial product, without written permission. MathSAT5 is provided as is, without any warranty. Please write to mathsat@fbk.eu for additional questions regarding licensing MathSAT5 or obtaining more up-to-date versions. (PredicateCPA:JavaSMT:Mathsat5SolverContext.<init>, WARNING)

Using predicate analysis with MathSAT5 version 5.3.14 (0b98b661254c) (Nov 17 2016 10:59:45, gmp 5.1.3, gcc 4.8.5, 64-bit) and JFactory 1.21. (PredicateCPA:PredicateCPA.<init>, INFO)

Using refinement for predicate analysis with PredicateAbstractionRefinementStrategy strategy. (PredicateCPA:PredicateCPARefiner.<init>, INFO)

Starting analysis ... (CPAchecker.runAlgorithm, INFO)

Assuming external function ldv_initialize to be a constant function. (PredicateCPA:ExpressionToFormulaVisitor.visit, INFO)

line 8812: Ignoring call via function pointer mxl111sf_fe_ioctl_override::__cil_tmp10 for which no suitable target was found in line: err = (*__cil_tmp10)(fe, __cil_tmp11); (FunctionPointerCPA:FunctionPointerTransferRelation.getAbstractSuccessorsForEdge, WARNING)

line 8812: Ignoring function call through function pointer *__cil_tmp10: err = (*__cil_tmp10)(fe, __cil_tmp11); (PredicateCPA:ExpressionToFormulaVisitor.visit, WARNING)

Assuming external function __builtin_alloca to be a pure function. (PredicateCPA:ExpressionToFormulaVisitor.visit, INFO)

Cannot get declaration of function __builtin_alloca, ignoring calls to it. (PredicateCPA:ExpressionToFormulaVisitor.visit, WARNING)

Assuming external function memset to be a pure function. (PredicateCPA:ExpressionToFormulaVisitor.visit, INFO)

Assuming external function dvb_usb_generic_write to be a pure function. (PredicateCPA:ExpressionToFormulaVisitor.visit, INFO)

Assuming external function dvb_usb_generic_rw to be a pure function. (PredicateCPA:ExpressionToFormulaVisitor.visit, INFO)

Assuming external function __symbol_get to be a pure function. (PredicateCPA:ExpressionToFormulaVisitor.visit, INFO)

Assuming external function __request_module to be a pure function. (PredicateCPA:ExpressionToFormulaVisitor.visit, INFO)

line 8732: Ignoring call via function pointer mxl111sf_attach_tuner::__a for which no suitable target was found in line: tmp___11 = (*__a)(__cil_tmp24, state, &mxl_tuner_config); (FunctionPointerCPA:FunctionPointerTransferRelation.getAbstractSuccessorsForEdge, WARNING)

line 8732: Ignoring function call through function pointer *__a: tmp___11 = (*__a)(__cil_tmp24, state, &mxl_tuner_config); (PredicateCPA:ExpressionToFormulaVisitor.visit, WARNING)

Assuming external function __symbol_put to be a pure function. (PredicateCPA:ExpressionToFormulaVisitor.visit, INFO)

line 8570: Ignoring call via function pointer mxl111sf_ant_hunt::__cil_tmp25 for which no suitable target was found in line: (*__cil_tmp25)(fe, &rxPwrA); (FunctionPointerCPA:FunctionPointerTransferRelation.getAbstractSuccessorsForEdge, WARNING)

line 8570: Ignoring function call through function pointer *__cil_tmp25: (*__cil_tmp25)(fe, &rxPwrA); (PredicateCPA:ExpressionToFormulaVisitor.visit, WARNING)

Assuming external function msleep to be a pure function. (PredicateCPA:ExpressionToFormulaVisitor.visit, INFO)

line 8578: Ignoring call via function pointer mxl111sf_ant_hunt::__cil_tmp30 for which no suitable target was found in line: (*__cil_tmp30)(fe, &rxPwr0); (FunctionPointerCPA:FunctionPointerTransferRelation.getAbstractSuccessorsForEdge, WARNING)

line 8578: Ignoring function call through function pointer *__cil_tmp30: (*__cil_tmp30)(fe, &rxPwr0); (PredicateCPA:ExpressionToFormulaVisitor.visit, WARNING)

line 8586: Ignoring call via function pointer mxl111sf_ant_hunt::__cil_tmp35 for which no suitable target was found in line: (*__cil_tmp35)(fe, &rxPwr1); (FunctionPointerCPA:FunctionPointerTransferRelation.getAbstractSuccessorsForEdge, WARNING)

line 8586: Ignoring function call through function pointer *__cil_tmp35: (*__cil_tmp35)(fe, &rxPwr1); (PredicateCPA:ExpressionToFormulaVisitor.visit, WARNING)

line 8594: Ignoring call via function pointer mxl111sf_ant_hunt::__cil_tmp40 for which no suitable target was found in line: (*__cil_tmp40)(fe, &rxPwr2); (FunctionPointerCPA:FunctionPointerTransferRelation.getAbstractSuccessorsForEdge, WARNING)

line 8594: Ignoring function call through function pointer *__cil_tmp40: (*__cil_tmp40)(fe, &rxPwr2); (PredicateCPA:ExpressionToFormulaVisitor.visit, WARNING)

Assuming external function dvb_usb_device_init to be a pure function. (PredicateCPA:ExpressionToFormulaVisitor.visit, INFO)

Assuming external function __mutex_init to be a pure function. (PredicateCPA:ExpressionToFormulaVisitor.visit, INFO)

Assuming external function tveeprom_read to be a pure function. (PredicateCPA:ExpressionToFormulaVisitor.visit, INFO)

Assuming external function tveeprom_hauppauge_analog to be a pure function. (PredicateCPA:ExpressionToFormulaVisitor.visit, INFO)

Assuming external function usb_set_interface to be a pure function. (PredicateCPA:ExpressionToFormulaVisitor.visit, INFO)

Assuming external function i2c_transfer to be a pure function. (PredicateCPA:ExpressionToFormulaVisitor.visit, INFO)

line 8363: Ignoring call via function pointer mxl111sf_attach_demod::__a for which no suitable target was found in line: tmp___12 = (*__a)(state, &mxl_demod_config); (FunctionPointerCPA:FunctionPointerTransferRelation.getAbstractSuccessorsForEdge, WARNING)

line 8363: Ignoring function call through function pointer *__a: tmp___12 = (*__a)(state, &mxl_demod_config); (PredicateCPA:ExpressionToFormulaVisitor.visit, WARNING)

line 7949: Ignoring call via function pointer mxl111sf_lgdt3305_frontend_attach::__a for which no suitable target was found in line: tmp___12 = (*__a)(__cil_tmp77, __cil_tmp81); (FunctionPointerCPA:FunctionPointerTransferRelation.getAbstractSuccessorsForEdge, WARNING)

line 7949: Ignoring function call through function pointer *__a: tmp___12 = (*__a)(__cil_tmp77, __cil_tmp81); (PredicateCPA:ExpressionToFormulaVisitor.visit, WARNING)

Assuming external function ldv_check_return_value to be a pure function. (PredicateCPA:ExpressionToFormulaVisitor.visit, INFO)

Stopping analysis ... (CPAchecker.runAlgorithm, INFO)

PredicateCPA statistics
-----------------------
Number of abstractions:            617023 (2% of all post computations)
  Times abstraction was reused:    0
  Because of function entry/exit:  610161 (99%)
  Because of loop head:            6779 (1%)
  Because of join nodes:           0 (0%)
  Because of threshold:            0 (0%)
  Because of target state:         83 (0%)
  Times precision was empty:       184867 (30%)
  Times precision was {false}:     2304 (0%)
  Times result was cached:         428902 (70%)
  Times cartesian abs was used:    0 (0%)
  Times boolean abs was used:      950 (0%)
  Times result was 'false':        165 (0%)
Number of strengthen sat checks:   0
Number of coverage checks:         3310720
  BDD entailment checks:           134792
Number of SMT sat checks:          0
  trivial:                         0
  cached:                          0

Max ABE block size:                       745
Number of predicates discovered:          2
Number of abstraction locations:          150
Max number of predicates per location:    1
Avg number of predicates per location:    1
Total predicates per abstraction:         432156
Max number of predicates per abstraction: 1
Avg number of predicates per abstraction: 132.81
Number of irrelevant predicates:          309956 (72%)
Number of preds handled by boolean abs:   950 (0%)
  Total number of models for allsat:      950
  Max number of models for allsat:        1
  Avg number of models for allsat:        1.00

Time for post operator:                103.890s
  Time for path formula creation:       97.511s
Time for strengthen operator:           13.331s
Time for prec operator:                189.063s
  Time for abstraction:                178.991s (Max:     1.133s, Count: 617023)
    Boolean abstraction:                 5.227s
    Solving time:                       14.305s (Max:     0.693s)
    Model enumeration time:              0.992s
    Time for BDD construction:           0.031s (Max:     0.007s)
Time for merge operator:                 8.579s
Time for coverage check:                 0.335s
  Time for BDD entailment checks:        0.134s
Total time for SMT solver (w/o itp):    15.297s

Number of path formula cache hits:   30468973 (99%)

Inside post operator:                  
  Inside path formula creation:        
    Time for path formula computation:    14.389s

Total number of created targets for pointer analysis: 273244
   Number of created targets for uf: *signed_int is 7
   Number of created targets for uf: *unsigned_char is 69
   Number of created targets for uf: *(struct_dvb_usb_device)* is 2


Number of BDD nodes:                               202
Size of BDD node table:                            270749
Size of BDD cache:                                 27073
Size of BDD node cleanup queue:                        1903 (count: 336884, min: 0, max: 264, avg: 0.01)
Time for BDD node cleanup:                             0.047s
Time for BDD garbage collection:                       0.000s (in 0 runs)

PrecisionBootstrap statistics
-----------------------------
Init. function predicates:                         0
Init. global predicates:                           0
Init. location predicates:                         0

Invariant Generation statistics
-------------------------------

AutomatonAnalysis (SVCOMP) statistics
-------------------------------------
Number of states:                                  1
Total time for successor computation:                 24.386s
  Time for transition matches:                        12.971s
  Time for transition assertions:                      0.004s
  Time for transition actions:                         0.011s
Automaton transfers with branching:                0
Automaton transfer successors:                     28613424 (count: 28613424, min: 1, max: 1, avg: 1.00) [1 x 28613424]

CPA algorithm statistics
------------------------
Number of iterations:            9993389
Max size of waitlist:            48
Average size of waitlist:        32
Number of computed successors:   11712773
Max successors for one state:    2
Number of times merged:          1587964
Number of times stopped:         1717785
Number of times breaked:         83

Total time for CPA algorithm:       508.234s (Max:    16.643s)
  Time for choose from waitlist:      1.832s
  Time for precision adjustment:    228.439s
  Time for transfer relation:       232.594s
  Time for merge operator:           16.649s
  Time for stop operator:             6.579s
  Time for adding to reached set:     8.933s

Predicate-Abstraction Refiner statistics
----------------------------------------
Number of predicate refinements:                   83
Avg. length of target path (in blocks):                2773 (count: 83, min: 4, max: 74, avg: 33.41)
Number of infeasible sliced prefixes:                     0 (count: 0, min: 0, max: 0, avg: 0.00)

Time for refinement:                                  25.605s
  Counterexample analysis:                             8.919s (Max:     0.528s, Calls: 83)
    Refinement sat check:                              7.659s
    Interpolant computation:                           0.000s
  Path-formulas extraction:                            0.005s
  Error path post-processing:                          0.000s
  Predicate creation:                                  0.028s
  Precision update:                                    0.027s
  ARG update:                                         16.550s

Length of refined path (in blocks):                    2690 (count: 83, min: 3, max: 73, avg: 32.41)
Number of affected states:                             2607 (count: 83, min: 2, max: 72, avg: 31.41)
Length (states) of path with itp 'true':                  0 (count: 83, min: 0, max: 0, avg: 0.00)
Length (states) of path with itp non-trivial itp:      2607 (count: 83, min: 2, max: 72, avg: 31.41)
Length (states) of path with itp 'false':                83 (count: 83, min: 1, max: 1, avg: 1.00)
Different non-trivial interpolants along paths:           0 (count: 83, min: 0, max: 0, avg: 0.00)
Equal non-trivial interpolants along paths:            2524 (count: 83, min: 1, max: 71, avg: 30.41)
Number of refs with location-based cutoff:                0

CEGAR algorithm statistics
--------------------------
Number of refinements:                83
Number of successful refinements:     83
Number of failed refinements:         0
Max. size of reached set before ref.: 148087
Max. size of reached set after ref.:  3
Avg. size of reached set before ref.: 119089.66
Avg. size of reached set after ref.:  3.00

Total time for CEGAR algorithm:     537.867s
Time for refinements:                29.626s
Average time for refinement:          0.356s
Max time for refinement:              0.974s

Code Coverage
-----------------------------
  Function coverage:      0.473
  Visited lines:          6325
  Total lines:            10043
  Line coverage:          0.630
  Visited conditions:     662
  Total conditions:       1240
  Condition coverage:     0.534

CPAchecker general statistics
-----------------------------
Number of program locations:     11321
Number of CFA edges:             12097
Number of relevant variables:    3351
Number of functions:             74
Number of loops:                 25
Size of reached set:             110631
  Number of reached locations:   1715 (15%)
    Avg states per location:     64
    Max states per location:     1131 (at node N0)
  Number of reached functions:   35 (47%)
  Number of partitions:          110631
    Avg size of partitions:      1
    Max size of partitions:      1
  Number of target states:       0

Time for analysis setup:          5.473s
  Time for loading CPAs:          0.972s
  Time for loading parser:        0.461s
  Time for CFA construction:      3.932s
    Time for parsing file(s):     0.896s
    Time for AST to CFA:          1.380s
    Time for CFA sanity check:    0.422s
    Time for post-processing:     1.025s
      Time for var class.:        0.545s
Time for Analysis:              537.867s
CPU time for analysis:          537.830s
Time for analyzing result:        0.070s
Total time for CPAchecker:      543.343s
Total CPU time for CPAchecker:  543.290s
Time for statistics:              0.910s

Time for Garbage Collector:      71.507s (in 1846 runs)
Garbage Collector(s) used:    Copy, MarkSweepCompact
Used heap memory:                530MB (   506 MiB) max;    280MB (   267 MiB) avg;    544MB (   519 MiB) peak
Used non-heap memory:             44MB (    42 MiB) max;     38MB (    36 MiB) avg;     44MB (    42 MiB) peak
Allocated heap memory:           546MB (   521 MiB) max;    420MB (   400 MiB) avg
Allocated non-heap memory:        46MB (    43 MiB) max;     45MB (    43 MiB) avg
Total process virtual memory:   8158MB (  7780 MiB) max;   8142MB (  7765 MiB) avg

Verification result: TRUE. No property violation found by chosen configuration.
More details about the verification run can be found in the directory "./output".
