scripts/cpa.sh -Dy-MySearchStrategy-PredAbs-ABElf -heap 5600000000 -timelimit 900 -preprocess -stats -noout -setprop cpa.predicate.memoryAllocationsAlwaysSucceed=true -spec ../sv-benchmarks/c/ReachSafety.prp ../sv-benchmarks/c/ldv-challenges/linux-3.14__complex_emg__linux-alloc-spinlock__drivers-net-ethernet-intel-igb-igb_true-unreach-call.cil.c


--------------------------------------------------------------------------------


Running CPAchecker with Java heap of size 5600000000.
Running CPAchecker with default stack size (1024k). Specify a larger value with -stack if needed.
Running CPAchecker with the following extra VM options:  -Djava.io.tmpdir=/tmp/BenchExec_run_nj1ok5vr/tmp
Using the following resource limits: CPU-time limit of 900s (ResourceLimitChecker.fromConfiguration, INFO)

CPAchecker (unknown version) (OpenJDK 64-Bit Server VM 1.8.0_162) started (CPAchecker.run, INFO)

line 7086: Dead code detected: return (1); (CFACreationUtils.addEdgeToCFA, INFO)

line 7256: Dead code detected: Goto: case_1 (CFACreationUtils.addEdgeToCFA, INFO)

line 7261: Dead code detected: Goto: case_2 (CFACreationUtils.addEdgeToCFA, INFO)

line 7271: Dead code detected: Goto: case_8 (CFACreationUtils.addEdgeToCFA, INFO)

line 7275: Dead code detected: Goto: switch_default (CFACreationUtils.addEdgeToCFA, INFO)

Dead code detected: Label case_8 is not reachable. (CFAFunctionBuilder.leave, INFO)

Dead code detected: Label switch_break is not reachable. (CFAFunctionBuilder.leave, INFO)

Dead code detected: Label switch_default is not reachable. (CFAFunctionBuilder.leave, INFO)

Dead code detected: Label case_1 is not reachable. (CFAFunctionBuilder.leave, INFO)

Dead code detected: Label case_2 is not reachable. (CFAFunctionBuilder.leave, INFO)

line 7370: Dead code detected: Goto: case_1 (CFACreationUtils.addEdgeToCFA, INFO)

line 7375: Dead code detected: Goto: case_2 (CFACreationUtils.addEdgeToCFA, INFO)

line 7385: Dead code detected: Goto: case_8 (CFACreationUtils.addEdgeToCFA, INFO)

line 7389: Dead code detected: Goto: switch_default (CFACreationUtils.addEdgeToCFA, INFO)

Dead code detected: Label case_8 is not reachable. (CFAFunctionBuilder.leave, INFO)

Dead code detected: Label switch_break is not reachable. (CFAFunctionBuilder.leave, INFO)

Dead code detected: Label switch_default is not reachable. (CFAFunctionBuilder.leave, INFO)

Dead code detected: Label case_1 is not reachable. (CFAFunctionBuilder.leave, INFO)

Dead code detected: Label case_2 is not reachable. (CFAFunctionBuilder.leave, INFO)

line 7420: Dead code detected: Goto: case_1 (CFACreationUtils.addEdgeToCFA, INFO)

line 7425: Dead code detected: Goto: case_2 (CFACreationUtils.addEdgeToCFA, INFO)

line 7435: Dead code detected: Goto: case_8 (CFACreationUtils.addEdgeToCFA, INFO)

line 7439: Dead code detected: Goto: switch_default (CFACreationUtils.addEdgeToCFA, INFO)

Dead code detected: Label case_8 is not reachable. (CFAFunctionBuilder.leave, INFO)

Dead code detected: Label switch_break is not reachable. (CFAFunctionBuilder.leave, INFO)

Dead code detected: Label switch_default is not reachable. (CFAFunctionBuilder.leave, INFO)

Dead code detected: Label case_1 is not reachable. (CFAFunctionBuilder.leave, INFO)

Dead code detected: Label case_2 is not reachable. (CFAFunctionBuilder.leave, INFO)

line 7498: Dead code detected: Goto: case_1 (CFACreationUtils.addEdgeToCFA, INFO)

line 7503: Dead code detected: Goto: case_2 (CFACreationUtils.addEdgeToCFA, INFO)

line 7513: Dead code detected: Goto: case_8 (CFACreationUtils.addEdgeToCFA, INFO)

line 7517: Dead code detected: Goto: switch_default (CFACreationUtils.addEdgeToCFA, INFO)

Dead code detected: Label case_8 is not reachable. (CFAFunctionBuilder.leave, INFO)

Dead code detected: Label switch_break is not reachable. (CFAFunctionBuilder.leave, INFO)

Dead code detected: Label switch_default is not reachable. (CFAFunctionBuilder.leave, INFO)

Dead code detected: Label case_1 is not reachable. (CFAFunctionBuilder.leave, INFO)

Dead code detected: Label case_2 is not reachable. (CFAFunctionBuilder.leave, INFO)

line 7822: Dead code detected: Goto: case_1 (CFACreationUtils.addEdgeToCFA, INFO)

line 7845: Dead code detected: Goto: case_1___0 (CFACreationUtils.addEdgeToCFA, INFO)

line 7850: Dead code detected: Goto: case_2 (CFACreationUtils.addEdgeToCFA, INFO)

line 7860: Dead code detected: Goto: case_8 (CFACreationUtils.addEdgeToCFA, INFO)

line 7864: Dead code detected: Goto: switch_default (CFACreationUtils.addEdgeToCFA, INFO)

line 7827: Dead code detected: Goto: case_2___0 (CFACreationUtils.addEdgeToCFA, INFO)

line 7889: Dead code detected: Goto: case_1___1 (CFACreationUtils.addEdgeToCFA, INFO)

line 7894: Dead code detected: Goto: case_2___1 (CFACreationUtils.addEdgeToCFA, INFO)

line 7904: Dead code detected: Goto: case_8___0 (CFACreationUtils.addEdgeToCFA, INFO)

line 7908: Dead code detected: Goto: switch_default___0 (CFACreationUtils.addEdgeToCFA, INFO)

line 7933: Dead code detected: Goto: case_1___2 (CFACreationUtils.addEdgeToCFA, INFO)

line 7938: Dead code detected: Goto: case_2___2 (CFACreationUtils.addEdgeToCFA, INFO)

line 7948: Dead code detected: Goto: case_8___1 (CFACreationUtils.addEdgeToCFA, INFO)

line 7952: Dead code detected: Goto: switch_default___1 (CFACreationUtils.addEdgeToCFA, INFO)

line 7837: Dead code detected: Goto: case_8___2 (CFACreationUtils.addEdgeToCFA, INFO)

line 7977: Dead code detected: Goto: case_1___3 (CFACreationUtils.addEdgeToCFA, INFO)

line 7982: Dead code detected: Goto: case_2___3 (CFACreationUtils.addEdgeToCFA, INFO)

line 7992: Dead code detected: Goto: case_8___3 (CFACreationUtils.addEdgeToCFA, INFO)

line 7996: Dead code detected: Goto: switch_default___2 (CFACreationUtils.addEdgeToCFA, INFO)

line 7841: Dead code detected: Goto: switch_default___3 (CFACreationUtils.addEdgeToCFA, INFO)

Dead code detected: Label case_4___0 is not reachable. (CFAFunctionBuilder.leave, INFO)

Dead code detected: Label case_4___3 is not reachable. (CFAFunctionBuilder.leave, INFO)

Dead code detected: Label case_8___3 is not reachable. (CFAFunctionBuilder.leave, INFO)

Dead code detected: Label case_8___2 is not reachable. (CFAFunctionBuilder.leave, INFO)

Dead code detected: Label case_8___1 is not reachable. (CFAFunctionBuilder.leave, INFO)

Dead code detected: Label case_8 is not reachable. (CFAFunctionBuilder.leave, INFO)

Dead code detected: Label case_8___0 is not reachable. (CFAFunctionBuilder.leave, INFO)

Dead code detected: Label case_4 is not reachable. (CFAFunctionBuilder.leave, INFO)

Dead code detected: Label case_1 is not reachable. (CFAFunctionBuilder.leave, INFO)

Dead code detected: Label case_2 is not reachable. (CFAFunctionBuilder.leave, INFO)

Dead code detected: Label switch_break is not reachable. (CFAFunctionBuilder.leave, INFO)

Dead code detected: Label switch_default is not reachable. (CFAFunctionBuilder.leave, INFO)

Dead code detected: Label case_2___2 is not reachable. (CFAFunctionBuilder.leave, INFO)

Dead code detected: Label case_2___3 is not reachable. (CFAFunctionBuilder.leave, INFO)

Dead code detected: Label case_2___0 is not reachable. (CFAFunctionBuilder.leave, INFO)

Dead code detected: Label case_2___1 is not reachable. (CFAFunctionBuilder.leave, INFO)

Dead code detected: Label case_1___1 is not reachable. (CFAFunctionBuilder.leave, INFO)

Dead code detected: Label case_1___2 is not reachable. (CFAFunctionBuilder.leave, INFO)

Dead code detected: Label case_1___3 is not reachable. (CFAFunctionBuilder.leave, INFO)

Dead code detected: Label case_1___0 is not reachable. (CFAFunctionBuilder.leave, INFO)

Dead code detected: Label switch_break is not reachable. (CFAFunctionBuilder.leave, INFO)

Dead code detected: Label switch_break is not reachable. (CFAFunctionBuilder.leave, INFO)

Dead code detected: Label switch_break is not reachable. (CFAFunctionBuilder.leave, INFO)

Dead code detected: Label switch_break is not reachable. (CFAFunctionBuilder.leave, INFO)

Dead code detected: Label switch_break is not reachable. (CFAFunctionBuilder.leave, INFO)

Dead code detected: Label switch_break is not reachable. (CFAFunctionBuilder.leave, INFO)

Dead code detected: Label switch_break is not reachable. (CFAFunctionBuilder.leave, INFO)

Dead code detected: Label switch_break is not reachable. (CFAFunctionBuilder.leave, INFO)

Dead code detected: Label switch_break is not reachable. (CFAFunctionBuilder.leave, INFO)

Dead code detected: Label switch_break is not reachable. (CFAFunctionBuilder.leave, INFO)

Dead code detected: Label switch_break is not reachable. (CFAFunctionBuilder.leave, INFO)

Dead code detected: Label switch_break is not reachable. (CFAFunctionBuilder.leave, INFO)

Dead code detected: Label switch_break is not reachable. (CFAFunctionBuilder.leave, INFO)

Dead code detected: Label switch_break is not reachable. (CFAFunctionBuilder.leave, INFO)

Dead code detected: Label switch_break is not reachable. (CFAFunctionBuilder.leave, INFO)

line 16798: Dead code detected: f = 0U; (CFACreationUtils.addEdgeToCFA, INFO)

line 17673: Dead code detected: Goto: case_1 (CFACreationUtils.addEdgeToCFA, INFO)

line 17696: Dead code detected: Goto: case_1___0 (CFACreationUtils.addEdgeToCFA, INFO)

line 17701: Dead code detected: Goto: case_2 (CFACreationUtils.addEdgeToCFA, INFO)

line 17711: Dead code detected: Goto: case_8 (CFACreationUtils.addEdgeToCFA, INFO)

line 17715: Dead code detected: Goto: switch_default (CFACreationUtils.addEdgeToCFA, INFO)

line 17678: Dead code detected: Goto: case_2___0 (CFACreationUtils.addEdgeToCFA, INFO)

line 17740: Dead code detected: Goto: case_1___1 (CFACreationUtils.addEdgeToCFA, INFO)

line 17745: Dead code detected: Goto: case_2___1 (CFACreationUtils.addEdgeToCFA, INFO)

line 17755: Dead code detected: Goto: case_8___0 (CFACreationUtils.addEdgeToCFA, INFO)

line 17759: Dead code detected: Goto: switch_default___0 (CFACreationUtils.addEdgeToCFA, INFO)

line 17784: Dead code detected: Goto: case_1___2 (CFACreationUtils.addEdgeToCFA, INFO)

line 17789: Dead code detected: Goto: case_2___2 (CFACreationUtils.addEdgeToCFA, INFO)

line 17799: Dead code detected: Goto: case_8___1 (CFACreationUtils.addEdgeToCFA, INFO)

line 17803: Dead code detected: Goto: switch_default___1 (CFACreationUtils.addEdgeToCFA, INFO)

line 17688: Dead code detected: Goto: case_8___2 (CFACreationUtils.addEdgeToCFA, INFO)

line 17828: Dead code detected: Goto: case_1___3 (CFACreationUtils.addEdgeToCFA, INFO)

line 17833: Dead code detected: Goto: case_2___3 (CFACreationUtils.addEdgeToCFA, INFO)

line 17843: Dead code detected: Goto: case_8___3 (CFACreationUtils.addEdgeToCFA, INFO)

line 17847: Dead code detected: Goto: switch_default___2 (CFACreationUtils.addEdgeToCFA, INFO)

line 17692: Dead code detected: Goto: switch_default___3 (CFACreationUtils.addEdgeToCFA, INFO)

Dead code detected: Label case_4___0 is not reachable. (CFAFunctionBuilder.leave, INFO)

Dead code detected: Label case_4___3 is not reachable. (CFAFunctionBuilder.leave, INFO)

Dead code detected: Label case_8___3 is not reachable. (CFAFunctionBuilder.leave, INFO)

Dead code detected: Label case_8___2 is not reachable. (CFAFunctionBuilder.leave, INFO)

Dead code detected: Label case_8___1 is not reachable. (CFAFunctionBuilder.leave, INFO)

Dead code detected: Label case_8 is not reachable. (CFAFunctionBuilder.leave, INFO)

Dead code detected: Label case_8___0 is not reachable. (CFAFunctionBuilder.leave, INFO)

Dead code detected: Label case_4 is not reachable. (CFAFunctionBuilder.leave, INFO)

Dead code detected: Label case_1 is not reachable. (CFAFunctionBuilder.leave, INFO)

Dead code detected: Label case_2 is not reachable. (CFAFunctionBuilder.leave, INFO)

Dead code detected: Label switch_break is not reachable. (CFAFunctionBuilder.leave, INFO)

Dead code detected: Label switch_default is not reachable. (CFAFunctionBuilder.leave, INFO)

Dead code detected: Label case_2___2 is not reachable. (CFAFunctionBuilder.leave, INFO)

Dead code detected: Label case_2___3 is not reachable. (CFAFunctionBuilder.leave, INFO)

Dead code detected: Label case_2___0 is not reachable. (CFAFunctionBuilder.leave, INFO)

Dead code detected: Label case_2___1 is not reachable. (CFAFunctionBuilder.leave, INFO)

Dead code detected: Label case_1___1 is not reachable. (CFAFunctionBuilder.leave, INFO)

Dead code detected: Label case_1___2 is not reachable. (CFAFunctionBuilder.leave, INFO)

Dead code detected: Label case_1___3 is not reachable. (CFAFunctionBuilder.leave, INFO)

Dead code detected: Label case_1___0 is not reachable. (CFAFunctionBuilder.leave, INFO)

Dead code detected: Label switch_break is not reachable. (CFAFunctionBuilder.leave, INFO)

Dead code detected: Label switch_break is not reachable. (CFAFunctionBuilder.leave, INFO)

Dead code detected: Label switch_break is not reachable. (CFAFunctionBuilder.leave, INFO)

Dead code detected: Label switch_break is not reachable. (CFAFunctionBuilder.leave, INFO)

line 20939: Dead code detected: return (0); (CFACreationUtils.addEdgeToCFA, INFO)

Dead code detected: Label switch_break is not reachable. (CFAFunctionBuilder.leave, INFO)

Dead code detected: Label switch_break is not reachable. (CFAFunctionBuilder.leave, INFO)

line 22326: Dead code detected: return (arg0); (CFACreationUtils.addEdgeToCFA, INFO)

line 22346: Dead code detected: return (arg0); (CFACreationUtils.addEdgeToCFA, INFO)

line 22349: Dead code detected: return (arg0); (CFACreationUtils.addEdgeToCFA, INFO)

line 22351: Dead code detected: return (arg0); (CFACreationUtils.addEdgeToCFA, INFO)

line 22574: Dead code detected: return; (CFACreationUtils.addEdgeToCFA, INFO)

line 22588: Dead code detected: return; (CFACreationUtils.addEdgeToCFA, INFO)

line 23733: Dead code detected: return; (CFACreationUtils.addEdgeToCFA, INFO)

line 24161: Dead code detected: return (arg0); (CFACreationUtils.addEdgeToCFA, INFO)

line 25365: Dead code detected: return; (CFACreationUtils.addEdgeToCFA, INFO)

line 26275: Dead code detected: return (arg0); (CFACreationUtils.addEdgeToCFA, INFO)

line 26276: Dead code detected: return (arg0); (CFACreationUtils.addEdgeToCFA, INFO)

line 26321: Dead code detected: return (arg0); (CFACreationUtils.addEdgeToCFA, INFO)

line 27767: Dead code detected: return; (CFACreationUtils.addEdgeToCFA, INFO)

line 27867: Dead code detected: return (ldv_func_res); (CFACreationUtils.addEdgeToCFA, INFO)

line 27910: Dead code detected: return (ldv_func_res); (CFACreationUtils.addEdgeToCFA, INFO)

line 27929: Dead code detected: return (ldv_func_res); (CFACreationUtils.addEdgeToCFA, INFO)

line 27972: Dead code detected: return (ldv_func_res); (CFACreationUtils.addEdgeToCFA, INFO)

line 27991: Dead code detected: return (ldv_func_res); (CFACreationUtils.addEdgeToCFA, INFO)

line 28043: Dead code detected: return (ldv_func_res); (CFACreationUtils.addEdgeToCFA, INFO)

line 28059: Dead code detected: return (ldv_func_res); (CFACreationUtils.addEdgeToCFA, INFO)

line 28100: Dead code detected: return (ldv_func_res); (CFACreationUtils.addEdgeToCFA, INFO)

line 28116: Dead code detected: return (ldv_func_res); (CFACreationUtils.addEdgeToCFA, INFO)

line 28144: Dead code detected: return (ldv_func_res); (CFACreationUtils.addEdgeToCFA, INFO)

line 28160: Dead code detected: return (ldv_func_res); (CFACreationUtils.addEdgeToCFA, INFO)

line 28224: Dead code detected: return (ldv_func_res); (CFACreationUtils.addEdgeToCFA, INFO)

line 28240: Dead code detected: return (ldv_func_res); (CFACreationUtils.addEdgeToCFA, INFO)

line 28256: Dead code detected: return (ldv_func_res); (CFACreationUtils.addEdgeToCFA, INFO)

line 28272: Dead code detected: return (ldv_func_res); (CFACreationUtils.addEdgeToCFA, INFO)

line 28301: Dead code detected: return (ldv_func_res); (CFACreationUtils.addEdgeToCFA, INFO)

line 28328: Dead code detected: return (ldv_func_res); (CFACreationUtils.addEdgeToCFA, INFO)

line 28344: Dead code detected: return (ldv_func_res); (CFACreationUtils.addEdgeToCFA, INFO)

Dead code detected: Label switch_break is not reachable. (CFAFunctionBuilder.leave, INFO)

Dead code detected: Label switch_break is not reachable. (CFAFunctionBuilder.leave, INFO)

Dead code detected: Label switch_break is not reachable. (CFAFunctionBuilder.leave, INFO)

Dead code detected: Label switch_break is not reachable. (CFAFunctionBuilder.leave, INFO)

Dead code detected: Label switch_break is not reachable. (CFAFunctionBuilder.leave, INFO)

Dead code detected: Label switch_break is not reachable. (CFAFunctionBuilder.leave, INFO)

Dead code detected: Label switch_break is not reachable. (CFAFunctionBuilder.leave, INFO)

Dead code detected: Label switch_break is not reachable. (CFAFunctionBuilder.leave, INFO)

Dead code detected: Label switch_break is not reachable. (CFAFunctionBuilder.leave, INFO)

Dead code detected: Label switch_break is not reachable. (CFAFunctionBuilder.leave, INFO)

Dead code detected: Label switch_break is not reachable. (CFAFunctionBuilder.leave, INFO)

Dead code detected: Label switch_break is not reachable. (CFAFunctionBuilder.leave, INFO)

Dead code detected: Label switch_break is not reachable. (CFAFunctionBuilder.leave, INFO)

Dead code detected: Label switch_break is not reachable. (CFAFunctionBuilder.leave, INFO)

Dead code detected: Label switch_break is not reachable. (CFAFunctionBuilder.leave, INFO)

line 34299: Dead code detected: return; (CFACreationUtils.addEdgeToCFA, INFO)

line 34467: Dead code detected: return (ldv_func_res); (CFACreationUtils.addEdgeToCFA, INFO)

Dead code detected: Label switch_break is not reachable. (CFAFunctionBuilder.leave, INFO)

Dead code detected: Label switch_break is not reachable. (CFAFunctionBuilder.leave, INFO)

Dead code detected: Label switch_break is not reachable. (CFAFunctionBuilder.leave, INFO)

Dead code detected: Label switch_break is not reachable. (CFAFunctionBuilder.leave, INFO)

Dead code detected: Label switch_break is not reachable. (CFAFunctionBuilder.leave, INFO)

line 36291: Dead code detected: __ms = 5UL; (CFACreationUtils.addEdgeToCFA, INFO)

Dead code detected: Label switch_break is not reachable. (CFAFunctionBuilder.leave, INFO)

Dead code detected: Label switch_break is not reachable. (CFAFunctionBuilder.leave, INFO)

Dead code detected: Label switch_break is not reachable. (CFAFunctionBuilder.leave, INFO)

Dead code detected: Label switch_break is not reachable. (CFAFunctionBuilder.leave, INFO)

Dead code detected: Label switch_break is not reachable. (CFAFunctionBuilder.leave, INFO)

Dead code detected: Label switch_break is not reachable. (CFAFunctionBuilder.leave, INFO)

Dead code detected: Label switch_break is not reachable. (CFAFunctionBuilder.leave, INFO)

Dead code detected: Label switch_break is not reachable. (CFAFunctionBuilder.leave, INFO)

Dead code detected: Label switch_break is not reachable. (CFAFunctionBuilder.leave, INFO)

Dead code detected: Label switch_break is not reachable. (CFAFunctionBuilder.leave, INFO)

Dead code detected: Label switch_break is not reachable. (CFAFunctionBuilder.leave, INFO)

Dead code detected: Label switch_break is not reachable. (CFAFunctionBuilder.leave, INFO)

Dead code detected: Label switch_break is not reachable. (CFAFunctionBuilder.leave, INFO)

Dead code detected: Label switch_break is not reachable. (CFAFunctionBuilder.leave, INFO)

Dead code detected: Label switch_break is not reachable. (CFAFunctionBuilder.leave, INFO)

Dead code detected: Label switch_break is not reachable. (CFAFunctionBuilder.leave, INFO)

Dead code detected: Label switch_break is not reachable. (CFAFunctionBuilder.leave, INFO)

Dead code detected: Label switch_break is not reachable. (CFAFunctionBuilder.leave, INFO)

Dead code detected: Label switch_break is not reachable. (CFAFunctionBuilder.leave, INFO)

Dead code detected: Label switch_break is not reachable. (CFAFunctionBuilder.leave, INFO)

line 47864: Dead code detected: __ms = 5UL; (CFACreationUtils.addEdgeToCFA, INFO)

Dead code detected: Label switch_break is not reachable. (CFAFunctionBuilder.leave, INFO)

Dead code detected: Label switch_break is not reachable. (CFAFunctionBuilder.leave, INFO)

Dead code detected: Label switch_break is not reachable. (CFAFunctionBuilder.leave, INFO)

Dead code detected: Label switch_break is not reachable. (CFAFunctionBuilder.leave, INFO)

Dead code detected: Label switch_break is not reachable. (CFAFunctionBuilder.leave, INFO)

Dead code detected: Label switch_break is not reachable. (CFAFunctionBuilder.leave, INFO)

Dead code detected: Label switch_break is not reachable. (CFAFunctionBuilder.leave, INFO)

Dead code detected: Label switch_break is not reachable. (CFAFunctionBuilder.leave, INFO)

Inline assembler ignored, analysis is probably unsound! (CFABuilder.createCFA, WARNING)

line 38577: Function pointer *(hw->phy.ops.write_reg) with type s32 (*)(struct e1000_hw *, u32 , u16 ) is called, but no possible target functions were found. (CFunctionPointerResolver.replaceFunctionPointerCall, WARNING)

line 38590: Function pointer *(hw->phy.ops.write_reg) with type s32 (*)(struct e1000_hw *, u32 , u16 ) is called, but no possible target functions were found. (CFunctionPointerResolver.replaceFunctionPointerCall, WARNING)

line 48894: Function pointer *(hw->phy.ops.write_reg) with type s32 (*)(struct e1000_hw *, u32 , u16 ) is called, but no possible target functions were found. (CFunctionPointerResolver.replaceFunctionPointerCall, WARNING)

line 48902: Function pointer *(hw->phy.ops.write_reg) with type s32 (*)(struct e1000_hw *, u32 , u16 ) is called, but no possible target functions were found. (CFunctionPointerResolver.replaceFunctionPointerCall, WARNING)

line 48910: Function pointer *(hw->phy.ops.write_reg) with type s32 (*)(struct e1000_hw *, u32 , u16 ) is called, but no possible target functions were found. (CFunctionPointerResolver.replaceFunctionPointerCall, WARNING)

line 48932: Function pointer *(hw->phy.ops.write_reg) with type s32 (*)(struct e1000_hw *, u32 , u16 ) is called, but no possible target functions were found. (CFunctionPointerResolver.replaceFunctionPointerCall, WARNING)

line 48923: Function pointer *(hw->phy.ops.write_reg) with type s32 (*)(struct e1000_hw *, u32 , u16 ) is called, but no possible target functions were found. (CFunctionPointerResolver.replaceFunctionPointerCall, WARNING)

line 8661: Function pointer *(ops->alloc) with type void *(*)(struct device *, size_t , dma_addr_t *, gfp_t , struct dma_attrs *) is called, but no possible target functions were found. (CFunctionPointerResolver.replaceFunctionPointerCall, WARNING)

line 8702: Function pointer *(ops->free) with type void (*)(struct device *, size_t , void *, dma_addr_t , struct dma_attrs *) is called, but no possible target functions were found. (CFunctionPointerResolver.replaceFunctionPointerCall, WARNING)

line 8431: Function pointer *(ops->map_page) with type dma_addr_t (*)(struct device *, struct page *, unsigned long, size_t , enum dma_data_direction , struct dma_attrs *) is called, but no possible target functions were found. (CFunctionPointerResolver.replaceFunctionPointerCall, WARNING)

lines 8352-8353: Function pointer *(ops->map_page) with type dma_addr_t (*)(struct device *, struct page *, unsigned long, size_t , enum dma_data_direction , struct dma_attrs *) is called, but no possible target functions were found. (CFunctionPointerResolver.replaceFunctionPointerCall, WARNING)

line 8575: Function pointer *(ops->mapping_error) with type int (*)(struct device *, dma_addr_t ) is called, but no possible target functions were found. (CFunctionPointerResolver.replaceFunctionPointerCall, WARNING)

line 28410: Function pointer *(ops->sync_single_for_cpu) with type void (*)(struct device *, dma_addr_t , size_t , enum dma_data_direction ) is called, but no possible target functions were found. (CFunctionPointerResolver.replaceFunctionPointerCall, WARNING)

line 28450: Function pointer *(ops->sync_single_for_device) with type void (*)(struct device *, dma_addr_t , size_t , enum dma_data_direction ) is called, but no possible target functions were found. (CFunctionPointerResolver.replaceFunctionPointerCall, WARNING)

line 8507: Function pointer *(ops->sync_single_for_cpu) with type void (*)(struct device *, dma_addr_t , size_t , enum dma_data_direction ) is called, but no possible target functions were found. (CFunctionPointerResolver.replaceFunctionPointerCall, WARNING)

lines 8548-8549: Function pointer *(ops->sync_single_for_device) with type void (*)(struct device *, dma_addr_t , size_t , enum dma_data_direction ) is called, but no possible target functions were found. (CFunctionPointerResolver.replaceFunctionPointerCall, WARNING)

line 8466: Function pointer *(ops->unmap_page) with type void (*)(struct device *, dma_addr_t , size_t , enum dma_data_direction , struct dma_attrs *) is called, but no possible target functions were found. (CFunctionPointerResolver.replaceFunctionPointerCall, WARNING)

line 8391: Function pointer *(ops->unmap_page) with type void (*)(struct device *, dma_addr_t , size_t , enum dma_data_direction , struct dma_attrs *) is called, but no possible target functions were found. (CFunctionPointerResolver.replaceFunctionPointerCall, WARNING)

line 36210: Function pointer *(hw->mac.ops.acquire_swfw_sync) with type s32 (*)(struct e1000_hw *, u16 ) is called, but no possible target functions were found. (CFunctionPointerResolver.replaceFunctionPointerCall, WARNING)

line 35686: Function pointer *(hw->mac.ops.acquire_swfw_sync) with type s32 (*)(struct e1000_hw *, u16 ) is called, but no possible target functions were found. (CFunctionPointerResolver.replaceFunctionPointerCall, WARNING)

line 39848: Function pointer *(hw->nvm.ops.read) with type s32 (*)(struct e1000_hw *, u16 , u16 , u16 *) is called, but no possible target functions were found. (CFunctionPointerResolver.replaceFunctionPointerCall, WARNING)

line 39897: Function pointer *(hw->nvm.ops.read) with type s32 (*)(struct e1000_hw *, u16 , u16 , u16 *) is called, but no possible target functions were found. (CFunctionPointerResolver.replaceFunctionPointerCall, WARNING)

line 47260: Function pointer *(mbx->ops.check_for_ack) with type s32 (*)(struct e1000_hw *, u16 ) is called, but no possible target functions were found. (CFunctionPointerResolver.replaceFunctionPointerCall, WARNING)

line 34671: Function pointer *(phy->ops.write_reg) with type s32 (*)(struct e1000_hw *, u32 , u16 ) is called, but no possible target functions were found. (CFunctionPointerResolver.replaceFunctionPointerCall, WARNING)

line 34692: Function pointer *(phy->ops.write_reg) with type s32 (*)(struct e1000_hw *, u32 , u16 ) is called, but no possible target functions were found. (CFunctionPointerResolver.replaceFunctionPointerCall, WARNING)

line 34708: Function pointer *(phy->ops.write_reg) with type s32 (*)(struct e1000_hw *, u32 , u16 ) is called, but no possible target functions were found. (CFunctionPointerResolver.replaceFunctionPointerCall, WARNING)

line 47241: Function pointer *(mbx->ops.check_for_msg) with type s32 (*)(struct e1000_hw *, u16 ) is called, but no possible target functions were found. (CFunctionPointerResolver.replaceFunctionPointerCall, WARNING)

line 47279: Function pointer *(mbx->ops.check_for_rst) with type s32 (*)(struct e1000_hw *, u16 ) is called, but no possible target functions were found. (CFunctionPointerResolver.replaceFunctionPointerCall, WARNING)

line 44785: Function pointer *(phy->ops.write_reg) with type s32 (*)(struct e1000_hw *, u32 , u16 ) is called, but no possible target functions were found. (CFunctionPointerResolver.replaceFunctionPointerCall, WARNING)

line 44086: Function pointer *(phy->ops.write_reg) with type s32 (*)(struct e1000_hw *, u32 , u16 ) is called, but no possible target functions were found. (CFunctionPointerResolver.replaceFunctionPointerCall, WARNING)

line 44132: Function pointer *(hw->phy.ops.write_reg) with type s32 (*)(struct e1000_hw *, u32 , u16 ) is called, but no possible target functions were found. (CFunctionPointerResolver.replaceFunctionPointerCall, WARNING)

line 44523: Function pointer *(phy->ops.set_d0_lplu_state) with type s32 (*)(struct e1000_hw *, bool ) is called, but no possible target functions were found. (CFunctionPointerResolver.replaceFunctionPointerCall, WARNING)

line 44588: Function pointer *(phy->ops.write_reg) with type s32 (*)(struct e1000_hw *, u32 , u16 ) is called, but no possible target functions were found. (CFunctionPointerResolver.replaceFunctionPointerCall, WARNING)

line 44675: Function pointer *(phy->ops.write_reg) with type s32 (*)(struct e1000_hw *, u32 , u16 ) is called, but no possible target functions were found. (CFunctionPointerResolver.replaceFunctionPointerCall, WARNING)

line 44607: Function pointer *(phy->ops.write_reg) with type s32 (*)(struct e1000_hw *, u32 , u16 ) is called, but no possible target functions were found. (CFunctionPointerResolver.replaceFunctionPointerCall, WARNING)

line 44624: Function pointer *(phy->ops.write_reg) with type s32 (*)(struct e1000_hw *, u32 , u16 ) is called, but no possible target functions were found. (CFunctionPointerResolver.replaceFunctionPointerCall, WARNING)

line 44491: Function pointer *(phy->ops.set_d3_lplu_state) with type s32 (*)(struct e1000_hw *, bool ) is called, but no possible target functions were found. (CFunctionPointerResolver.replaceFunctionPointerCall, WARNING)

line 44210: Function pointer *(phy->ops.write_reg) with type s32 (*)(struct e1000_hw *, u32 , u16 ) is called, but no possible target functions were found. (CFunctionPointerResolver.replaceFunctionPointerCall, WARNING)

line 44235: Function pointer *(phy->ops.write_reg) with type s32 (*)(struct e1000_hw *, u32 , u16 ) is called, but no possible target functions were found. (CFunctionPointerResolver.replaceFunctionPointerCall, WARNING)

line 44392: Function pointer *(phy->ops.write_reg) with type s32 (*)(struct e1000_hw *, u32 , u16 ) is called, but no possible target functions were found. (CFunctionPointerResolver.replaceFunctionPointerCall, WARNING)

line 44353: Function pointer *(phy->ops.write_reg) with type s32 (*)(struct e1000_hw *, u32 , u16 ) is called, but no possible target functions were found. (CFunctionPointerResolver.replaceFunctionPointerCall, WARNING)

line 46273: Function pointer *(phy->ops.write_reg) with type s32 (*)(struct e1000_hw *, u32 , u16 ) is called, but no possible target functions were found. (CFunctionPointerResolver.replaceFunctionPointerCall, WARNING)

line 46299: Function pointer *(phy->ops.write_reg) with type s32 (*)(struct e1000_hw *, u32 , u16 ) is called, but no possible target functions were found. (CFunctionPointerResolver.replaceFunctionPointerCall, WARNING)

line 46227: Function pointer *(phy->ops.write_reg) with type s32 (*)(struct e1000_hw *, u32 , u16 ) is called, but no possible target functions were found. (CFunctionPointerResolver.replaceFunctionPointerCall, WARNING)

line 46255: Function pointer *(phy->ops.write_reg) with type s32 (*)(struct e1000_hw *, u32 , u16 ) is called, but no possible target functions were found. (CFunctionPointerResolver.replaceFunctionPointerCall, WARNING)

line 29951: Function pointer *(hw->nvm.ops.read) with type s32 (*)(struct e1000_hw *, u16 , u16 , u16 *) is called, but no possible target functions were found. (CFunctionPointerResolver.replaceFunctionPointerCall, WARNING)

lines 29943-29944: Function pointer *(hw->nvm.ops.read) with type s32 (*)(struct e1000_hw *, u16 , u16 , u16 *) is called, but no possible target functions were found. (CFunctionPointerResolver.replaceFunctionPointerCall, WARNING)

line 43030: Function pointer *(hw->nvm.ops.read) with type s32 (*)(struct e1000_hw *, u16 , u16 , u16 *) is called, but no possible target functions were found. (CFunctionPointerResolver.replaceFunctionPointerCall, WARNING)

line 43103: Function pointer *(hw->nvm.ops.read) with type s32 (*)(struct e1000_hw *, u16 , u16 , u16 *) is called, but no possible target functions were found. (CFunctionPointerResolver.replaceFunctionPointerCall, WARNING)

line 43128: Function pointer *(hw->nvm.ops.read) with type s32 (*)(struct e1000_hw *, u16 , u16 , u16 *) is called, but no possible target functions were found. (CFunctionPointerResolver.replaceFunctionPointerCall, WARNING)

line 43144: Function pointer *(hw->nvm.ops.read) with type s32 (*)(struct e1000_hw *, u16 , u16 , u16 *) is called, but no possible target functions were found. (CFunctionPointerResolver.replaceFunctionPointerCall, WARNING)

line 43145: Function pointer *(hw->nvm.ops.read) with type s32 (*)(struct e1000_hw *, u16 , u16 , u16 *) is called, but no possible target functions were found. (CFunctionPointerResolver.replaceFunctionPointerCall, WARNING)

line 43107: Function pointer *(hw->nvm.ops.read) with type s32 (*)(struct e1000_hw *, u16 , u16 , u16 *) is called, but no possible target functions were found. (CFunctionPointerResolver.replaceFunctionPointerCall, WARNING)

line 43108: Function pointer *(hw->nvm.ops.read) with type s32 (*)(struct e1000_hw *, u16 , u16 , u16 *) is called, but no possible target functions were found. (CFunctionPointerResolver.replaceFunctionPointerCall, WARNING)

line 43074: Function pointer *(hw->nvm.ops.read) with type s32 (*)(struct e1000_hw *, u16 , u16 , u16 *) is called, but no possible target functions were found. (CFunctionPointerResolver.replaceFunctionPointerCall, WARNING)

line 38802: Function pointer *(hw->nvm.ops.read) with type s32 (*)(struct e1000_hw *, u16 , u16 , u16 *) is called, but no possible target functions were found. (CFunctionPointerResolver.replaceFunctionPointerCall, WARNING)

line 38810: Function pointer *(hw->nvm.ops.read) with type s32 (*)(struct e1000_hw *, u16 , u16 , u16 *) is called, but no possible target functions were found. (CFunctionPointerResolver.replaceFunctionPointerCall, WARNING)

line 38827: Function pointer *(hw->nvm.ops.read) with type s32 (*)(struct e1000_hw *, u16 , u16 , u16 *) is called, but no possible target functions were found. (CFunctionPointerResolver.replaceFunctionPointerCall, WARNING)

lines 38833-38834: Function pointer *(hw->phy.ops.read_i2c_byte) with type s32 (*)(struct e1000_hw *, u8 , u8 , u8 *) is called, but no possible target functions were found. (CFunctionPointerResolver.replaceFunctionPointerCall, WARNING)

line 12971: Function pointer *(hw->nvm.ops.read) with type s32 (*)(struct e1000_hw *, u16 , u16 , u16 *) is called, but no possible target functions were found. (CFunctionPointerResolver.replaceFunctionPointerCall, WARNING)

line 34899: Function pointer *(phy->ops.write_reg) with type s32 (*)(struct e1000_hw *, u32 , u16 ) is called, but no possible target functions were found. (CFunctionPointerResolver.replaceFunctionPointerCall, WARNING)

line 38881: Function pointer *(hw->nvm.ops.read) with type s32 (*)(struct e1000_hw *, u16 , u16 , u16 *) is called, but no possible target functions were found. (CFunctionPointerResolver.replaceFunctionPointerCall, WARNING)

line 38889: Function pointer *(hw->nvm.ops.read) with type s32 (*)(struct e1000_hw *, u16 , u16 , u16 *) is called, but no possible target functions were found. (CFunctionPointerResolver.replaceFunctionPointerCall, WARNING)

line 38902: Function pointer *(hw->nvm.ops.read) with type s32 (*)(struct e1000_hw *, u16 , u16 , u16 *) is called, but no possible target functions were found. (CFunctionPointerResolver.replaceFunctionPointerCall, WARNING)

lines 38906-38907: Function pointer *(hw->phy.ops.write_i2c_byte) with type s32 (*)(struct e1000_hw *, u8 , u8 , u8 ) is called, but no possible target functions were found. (CFunctionPointerResolver.replaceFunctionPointerCall, WARNING)

line 46837: Function pointer *(phy->ops.write_reg) with type s32 (*)(struct e1000_hw *, u32 , u16 ) is called, but no possible target functions were found. (CFunctionPointerResolver.replaceFunctionPointerCall, WARNING)

line 46854: Function pointer *(phy->ops.write_reg) with type s32 (*)(struct e1000_hw *, u32 , u16 ) is called, but no possible target functions were found. (CFunctionPointerResolver.replaceFunctionPointerCall, WARNING)

line 45298: Function pointer *(phy->ops.write_reg) with type s32 (*)(struct e1000_hw *, u32 , u16 ) is called, but no possible target functions were found. (CFunctionPointerResolver.replaceFunctionPointerCall, WARNING)

line 45316: Function pointer *(phy->ops.write_reg) with type s32 (*)(struct e1000_hw *, u32 , u16 ) is called, but no possible target functions were found. (CFunctionPointerResolver.replaceFunctionPointerCall, WARNING)

line 45476: Function pointer *(phy->ops.write_reg) with type s32 (*)(struct e1000_hw *, u32 , u16 ) is called, but no possible target functions were found. (CFunctionPointerResolver.replaceFunctionPointerCall, WARNING)

line 45618: Function pointer *(phy->ops.write_reg) with type s32 (*)(struct e1000_hw *, u32 , u16 ) is called, but no possible target functions were found. (CFunctionPointerResolver.replaceFunctionPointerCall, WARNING)

line 45635: Function pointer *(phy->ops.write_reg) with type s32 (*)(struct e1000_hw *, u32 , u16 ) is called, but no possible target functions were found. (CFunctionPointerResolver.replaceFunctionPointerCall, WARNING)

line 45573: Function pointer *(phy->ops.write_reg) with type s32 (*)(struct e1000_hw *, u32 , u16 ) is called, but no possible target functions were found. (CFunctionPointerResolver.replaceFunctionPointerCall, WARNING)

line 45438: Function pointer *(phy->ops.write_reg) with type s32 (*)(struct e1000_hw *, u32 , u16 ) is called, but no possible target functions were found. (CFunctionPointerResolver.replaceFunctionPointerCall, WARNING)

line 36033: Function pointer *(hw->phy.ops.write_reg) with type s32 (*)(struct e1000_hw *, u32 , u16 ) is called, but no possible target functions were found. (CFunctionPointerResolver.replaceFunctionPointerCall, WARNING)

line 46699: Function pointer *(hw->phy.ops.write_reg) with type s32 (*)(struct e1000_hw *, u32 , u16 ) is called, but no possible target functions were found. (CFunctionPointerResolver.replaceFunctionPointerCall, WARNING)

line 46700: Function pointer *(hw->phy.ops.write_reg) with type s32 (*)(struct e1000_hw *, u32 , u16 ) is called, but no possible target functions were found. (CFunctionPointerResolver.replaceFunctionPointerCall, WARNING)

line 46701: Function pointer *(hw->phy.ops.write_reg) with type s32 (*)(struct e1000_hw *, u32 , u16 ) is called, but no possible target functions were found. (CFunctionPointerResolver.replaceFunctionPointerCall, WARNING)

line 46702: Function pointer *(hw->phy.ops.write_reg) with type s32 (*)(struct e1000_hw *, u32 , u16 ) is called, but no possible target functions were found. (CFunctionPointerResolver.replaceFunctionPointerCall, WARNING)

line 46703: Function pointer *(hw->phy.ops.write_reg) with type s32 (*)(struct e1000_hw *, u32 , u16 ) is called, but no possible target functions were found. (CFunctionPointerResolver.replaceFunctionPointerCall, WARNING)

line 46704: Function pointer *(hw->phy.ops.write_reg) with type s32 (*)(struct e1000_hw *, u32 , u16 ) is called, but no possible target functions were found. (CFunctionPointerResolver.replaceFunctionPointerCall, WARNING)

line 46705: Function pointer *(hw->phy.ops.write_reg) with type s32 (*)(struct e1000_hw *, u32 , u16 ) is called, but no possible target functions were found. (CFunctionPointerResolver.replaceFunctionPointerCall, WARNING)

line 46706: Function pointer *(hw->phy.ops.write_reg) with type s32 (*)(struct e1000_hw *, u32 , u16 ) is called, but no possible target functions were found. (CFunctionPointerResolver.replaceFunctionPointerCall, WARNING)

line 46707: Function pointer *(hw->phy.ops.write_reg) with type s32 (*)(struct e1000_hw *, u32 , u16 ) is called, but no possible target functions were found. (CFunctionPointerResolver.replaceFunctionPointerCall, WARNING)

line 46708: Function pointer *(hw->phy.ops.write_reg) with type s32 (*)(struct e1000_hw *, u32 , u16 ) is called, but no possible target functions were found. (CFunctionPointerResolver.replaceFunctionPointerCall, WARNING)

line 46709: Function pointer *(hw->phy.ops.write_reg) with type s32 (*)(struct e1000_hw *, u32 , u16 ) is called, but no possible target functions were found. (CFunctionPointerResolver.replaceFunctionPointerCall, WARNING)

line 46710: Function pointer *(hw->phy.ops.write_reg) with type s32 (*)(struct e1000_hw *, u32 , u16 ) is called, but no possible target functions were found. (CFunctionPointerResolver.replaceFunctionPointerCall, WARNING)

line 46711: Function pointer *(hw->phy.ops.write_reg) with type s32 (*)(struct e1000_hw *, u32 , u16 ) is called, but no possible target functions were found. (CFunctionPointerResolver.replaceFunctionPointerCall, WARNING)

line 46712: Function pointer *(hw->phy.ops.write_reg) with type s32 (*)(struct e1000_hw *, u32 , u16 ) is called, but no possible target functions were found. (CFunctionPointerResolver.replaceFunctionPointerCall, WARNING)

line 46713: Function pointer *(hw->phy.ops.write_reg) with type s32 (*)(struct e1000_hw *, u32 , u16 ) is called, but no possible target functions were found. (CFunctionPointerResolver.replaceFunctionPointerCall, WARNING)

line 46714: Function pointer *(hw->phy.ops.write_reg) with type s32 (*)(struct e1000_hw *, u32 , u16 ) is called, but no possible target functions were found. (CFunctionPointerResolver.replaceFunctionPointerCall, WARNING)

line 46715: Function pointer *(hw->phy.ops.write_reg) with type s32 (*)(struct e1000_hw *, u32 , u16 ) is called, but no possible target functions were found. (CFunctionPointerResolver.replaceFunctionPointerCall, WARNING)

line 46716: Function pointer *(hw->phy.ops.write_reg) with type s32 (*)(struct e1000_hw *, u32 , u16 ) is called, but no possible target functions were found. (CFunctionPointerResolver.replaceFunctionPointerCall, WARNING)

line 46717: Function pointer *(hw->phy.ops.write_reg) with type s32 (*)(struct e1000_hw *, u32 , u16 ) is called, but no possible target functions were found. (CFunctionPointerResolver.replaceFunctionPointerCall, WARNING)

line 46718: Function pointer *(hw->phy.ops.write_reg) with type s32 (*)(struct e1000_hw *, u32 , u16 ) is called, but no possible target functions were found. (CFunctionPointerResolver.replaceFunctionPointerCall, WARNING)

line 46719: Function pointer *(hw->phy.ops.write_reg) with type s32 (*)(struct e1000_hw *, u32 , u16 ) is called, but no possible target functions were found. (CFunctionPointerResolver.replaceFunctionPointerCall, WARNING)

line 46720: Function pointer *(hw->phy.ops.write_reg) with type s32 (*)(struct e1000_hw *, u32 , u16 ) is called, but no possible target functions were found. (CFunctionPointerResolver.replaceFunctionPointerCall, WARNING)

line 46721: Function pointer *(hw->phy.ops.write_reg) with type s32 (*)(struct e1000_hw *, u32 , u16 ) is called, but no possible target functions were found. (CFunctionPointerResolver.replaceFunctionPointerCall, WARNING)

line 46722: Function pointer *(hw->phy.ops.write_reg) with type s32 (*)(struct e1000_hw *, u32 , u16 ) is called, but no possible target functions were found. (CFunctionPointerResolver.replaceFunctionPointerCall, WARNING)

line 46723: Function pointer *(hw->phy.ops.write_reg) with type s32 (*)(struct e1000_hw *, u32 , u16 ) is called, but no possible target functions were found. (CFunctionPointerResolver.replaceFunctionPointerCall, WARNING)

line 46724: Function pointer *(hw->phy.ops.write_reg) with type s32 (*)(struct e1000_hw *, u32 , u16 ) is called, but no possible target functions were found. (CFunctionPointerResolver.replaceFunctionPointerCall, WARNING)

line 46725: Function pointer *(hw->phy.ops.write_reg) with type s32 (*)(struct e1000_hw *, u32 , u16 ) is called, but no possible target functions were found. (CFunctionPointerResolver.replaceFunctionPointerCall, WARNING)

line 46726: Function pointer *(hw->phy.ops.write_reg) with type s32 (*)(struct e1000_hw *, u32 , u16 ) is called, but no possible target functions were found. (CFunctionPointerResolver.replaceFunctionPointerCall, WARNING)

line 46727: Function pointer *(hw->phy.ops.write_reg) with type s32 (*)(struct e1000_hw *, u32 , u16 ) is called, but no possible target functions were found. (CFunctionPointerResolver.replaceFunctionPointerCall, WARNING)

line 46728: Function pointer *(hw->phy.ops.write_reg) with type s32 (*)(struct e1000_hw *, u32 , u16 ) is called, but no possible target functions were found. (CFunctionPointerResolver.replaceFunctionPointerCall, WARNING)

line 46729: Function pointer *(hw->phy.ops.write_reg) with type s32 (*)(struct e1000_hw *, u32 , u16 ) is called, but no possible target functions were found. (CFunctionPointerResolver.replaceFunctionPointerCall, WARNING)

line 46730: Function pointer *(hw->phy.ops.write_reg) with type s32 (*)(struct e1000_hw *, u32 , u16 ) is called, but no possible target functions were found. (CFunctionPointerResolver.replaceFunctionPointerCall, WARNING)

line 43248: Function pointer *(hw->phy.ops.write_reg) with type s32 (*)(struct e1000_hw *, u32 , u16 ) is called, but no possible target functions were found. (CFunctionPointerResolver.replaceFunctionPointerCall, WARNING)

line 43256: Function pointer *(hw->phy.ops.write_reg) with type s32 (*)(struct e1000_hw *, u32 , u16 ) is called, but no possible target functions were found. (CFunctionPointerResolver.replaceFunctionPointerCall, WARNING)

line 45102: Function pointer *(phy->ops.write_reg) with type s32 (*)(struct e1000_hw *, u32 , u16 ) is called, but no possible target functions were found. (CFunctionPointerResolver.replaceFunctionPointerCall, WARNING)

line 45129: Function pointer *(phy->ops.write_reg) with type s32 (*)(struct e1000_hw *, u32 , u16 ) is called, but no possible target functions were found. (CFunctionPointerResolver.replaceFunctionPointerCall, WARNING)

line 46620: Function pointer *(hw->phy.ops.write_reg) with type s32 (*)(struct e1000_hw *, u32 , u16 ) is called, but no possible target functions were found. (CFunctionPointerResolver.replaceFunctionPointerCall, WARNING)

line 47365: Function pointer *(mbx->ops.check_for_ack) with type s32 (*)(struct e1000_hw *, u16 ) is called, but no possible target functions were found. (CFunctionPointerResolver.replaceFunctionPointerCall, WARNING)

line 47316: Function pointer *(mbx->ops.check_for_msg) with type s32 (*)(struct e1000_hw *, u16 ) is called, but no possible target functions were found. (CFunctionPointerResolver.replaceFunctionPointerCall, WARNING)

line 46784: Function pointer *(hw->phy.ops.write_reg) with type s32 (*)(struct e1000_hw *, u32 , u16 ) is called, but no possible target functions were found. (CFunctionPointerResolver.replaceFunctionPointerCall, WARNING)

line 46778: Function pointer *(hw->phy.ops.write_reg) with type s32 (*)(struct e1000_hw *, u32 , u16 ) is called, but no possible target functions were found. (CFunctionPointerResolver.replaceFunctionPointerCall, WARNING)

line 46757: Function pointer *(hw->phy.ops.write_reg) with type s32 (*)(struct e1000_hw *, u32 , u16 ) is called, but no possible target functions were found. (CFunctionPointerResolver.replaceFunctionPointerCall, WARNING)

line 46751: Function pointer *(hw->phy.ops.write_reg) with type s32 (*)(struct e1000_hw *, u32 , u16 ) is called, but no possible target functions were found. (CFunctionPointerResolver.replaceFunctionPointerCall, WARNING)

line 13544: Function pointer *(hw->nvm.ops.read) with type s32 (*)(struct e1000_hw *, u16 , u16 , u16 *) is called, but no possible target functions were found. (CFunctionPointerResolver.replaceFunctionPointerCall, WARNING)

line 13407: Function pointer *(hw->nvm.ops.read) with type s32 (*)(struct e1000_hw *, u16 , u16 , u16 *) is called, but no possible target functions were found. (CFunctionPointerResolver.replaceFunctionPointerCall, WARNING)

lines 13401-13402: Function pointer *(hw->nvm.ops.read) with type s32 (*)(struct e1000_hw *, u16 , u16 , u16 *) is called, but no possible target functions were found. (CFunctionPointerResolver.replaceFunctionPointerCall, WARNING)

line 21586: Function pointer *(hw->mac.ops.acquire_swfw_sync) with type s32 (*)(struct e1000_hw *, u16 ) is called, but no possible target functions were found. (CFunctionPointerResolver.replaceFunctionPointerCall, WARNING)

line 47200: Function pointer *(mbx->ops.read) with type s32 (*)(struct e1000_hw *, u32 *, u16 , u16 ) is called, but no possible target functions were found. (CFunctionPointerResolver.replaceFunctionPointerCall, WARNING)

line 42555: Function pointer *(hw->nvm.ops.read) with type s32 (*)(struct e1000_hw *, u16 , u16 , u16 *) is called, but no possible target functions were found. (CFunctionPointerResolver.replaceFunctionPointerCall, WARNING)

line 42581: Function pointer *(hw->nvm.ops.read) with type s32 (*)(struct e1000_hw *, u16 , u16 , u16 *) is called, but no possible target functions were found. (CFunctionPointerResolver.replaceFunctionPointerCall, WARNING)

line 42683: Function pointer *(hw->nvm.ops.read) with type s32 (*)(struct e1000_hw *, u16 , u16 , u16 *) is called, but no possible target functions were found. (CFunctionPointerResolver.replaceFunctionPointerCall, WARNING)

line 42762: Function pointer *(hw->nvm.ops.read) with type s32 (*)(struct e1000_hw *, u16 , u16 , u16 *) is called, but no possible target functions were found. (CFunctionPointerResolver.replaceFunctionPointerCall, WARNING)

line 47404: Function pointer *(mbx->ops.read) with type s32 (*)(struct e1000_hw *, u32 *, u16 , u16 ) is called, but no possible target functions were found. (CFunctionPointerResolver.replaceFunctionPointerCall, WARNING)

line 38069: Function pointer *(hw->mac.ops.acquire_swfw_sync) with type s32 (*)(struct e1000_hw *, u16 ) is called, but no possible target functions were found. (CFunctionPointerResolver.replaceFunctionPointerCall, WARNING)

lines 37942-37943: Function pointer *(hw->nvm.ops.read) with type s32 (*)(struct e1000_hw *, u16 , u16 , u16 *) is called, but no possible target functions were found. (CFunctionPointerResolver.replaceFunctionPointerCall, WARNING)

line 36066: Function pointer *(phy->ops.write_reg) with type s32 (*)(struct e1000_hw *, u32 , u16 ) is called, but no possible target functions were found. (CFunctionPointerResolver.replaceFunctionPointerCall, WARNING)

line 36076: Function pointer *(phy->ops.write_reg) with type s32 (*)(struct e1000_hw *, u32 , u16 ) is called, but no possible target functions were found. (CFunctionPointerResolver.replaceFunctionPointerCall, WARNING)

line 36086: Function pointer *(phy->ops.write_reg) with type s32 (*)(struct e1000_hw *, u32 , u16 ) is called, but no possible target functions were found. (CFunctionPointerResolver.replaceFunctionPointerCall, WARNING)

line 36118: Function pointer *(phy->ops.write_reg) with type s32 (*)(struct e1000_hw *, u32 , u16 ) is called, but no possible target functions were found. (CFunctionPointerResolver.replaceFunctionPointerCall, WARNING)

line 36099: Function pointer *(phy->ops.write_reg) with type s32 (*)(struct e1000_hw *, u32 , u16 ) is called, but no possible target functions were found. (CFunctionPointerResolver.replaceFunctionPointerCall, WARNING)

line 45839: Function pointer *(phy->ops.write_reg) with type s32 (*)(struct e1000_hw *, u32 , u16 ) is called, but no possible target functions were found. (CFunctionPointerResolver.replaceFunctionPointerCall, WARNING)

line 45856: Function pointer *(phy->ops.write_reg) with type s32 (*)(struct e1000_hw *, u32 , u16 ) is called, but no possible target functions were found. (CFunctionPointerResolver.replaceFunctionPointerCall, WARNING)

line 45788: Function pointer *(phy->ops.write_reg) with type s32 (*)(struct e1000_hw *, u32 , u16 ) is called, but no possible target functions were found. (CFunctionPointerResolver.replaceFunctionPointerCall, WARNING)

line 45825: Function pointer *(phy->ops.write_reg) with type s32 (*)(struct e1000_hw *, u32 , u16 ) is called, but no possible target functions were found. (CFunctionPointerResolver.replaceFunctionPointerCall, WARNING)

line 45806: Function pointer *(phy->ops.write_reg) with type s32 (*)(struct e1000_hw *, u32 , u16 ) is called, but no possible target functions were found. (CFunctionPointerResolver.replaceFunctionPointerCall, WARNING)

line 40377: Function pointer *(hw->nvm.ops.read) with type s32 (*)(struct e1000_hw *, u16 , u16 , u16 *) is called, but no possible target functions were found. (CFunctionPointerResolver.replaceFunctionPointerCall, WARNING)

lines 40372-40373: Function pointer *(hw->nvm.ops.read) with type s32 (*)(struct e1000_hw *, u16 , u16 , u16 *) is called, but no possible target functions were found. (CFunctionPointerResolver.replaceFunctionPointerCall, WARNING)

line 38687: Function pointer *(phy->ops.write_reg) with type s32 (*)(struct e1000_hw *, u32 , u16 ) is called, but no possible target functions were found. (CFunctionPointerResolver.replaceFunctionPointerCall, WARNING)

line 38704: Function pointer *(phy->ops.write_reg) with type s32 (*)(struct e1000_hw *, u32 , u16 ) is called, but no possible target functions were found. (CFunctionPointerResolver.replaceFunctionPointerCall, WARNING)

line 38712: Function pointer *(phy->ops.write_reg) with type s32 (*)(struct e1000_hw *, u32 , u16 ) is called, but no possible target functions were found. (CFunctionPointerResolver.replaceFunctionPointerCall, WARNING)

line 30051: Function pointer *(hw->nvm.ops.read) with type s32 (*)(struct e1000_hw *, u16 , u16 , u16 *) is called, but no possible target functions were found. (CFunctionPointerResolver.replaceFunctionPointerCall, WARNING)

lines 30089-30090: Function pointer *(hw->nvm.ops.write) with type s32 (*)(struct e1000_hw *, u16 , u16 , u16 *) is called, but no possible target functions were found. (CFunctionPointerResolver.replaceFunctionPointerCall, WARNING)

line 30059: Function pointer *(hw->nvm.ops.read) with type s32 (*)(struct e1000_hw *, u16 , u16 , u16 *) is called, but no possible target functions were found. (CFunctionPointerResolver.replaceFunctionPointerCall, WARNING)

line 47179: Function pointer *(hw->phy.ops.write_reg) with type s32 (*)(struct e1000_hw *, u32 , u16 ) is called, but no possible target functions were found. (CFunctionPointerResolver.replaceFunctionPointerCall, WARNING)

line 37251: Function pointer *(hw->nvm.ops.read) with type s32 (*)(struct e1000_hw *, u16 , u16 , u16 *) is called, but no possible target functions were found. (CFunctionPointerResolver.replaceFunctionPointerCall, WARNING)

line 42983: Function pointer *(hw->nvm.ops.write) with type s32 (*)(struct e1000_hw *, u16 , u16 , u16 *) is called, but no possible target functions were found. (CFunctionPointerResolver.replaceFunctionPointerCall, WARNING)

line 42949: Function pointer *(hw->nvm.ops.read) with type s32 (*)(struct e1000_hw *, u16 , u16 , u16 *) is called, but no possible target functions were found. (CFunctionPointerResolver.replaceFunctionPointerCall, WARNING)

line 38427: Function pointer *(hw->nvm.ops.read) with type s32 (*)(struct e1000_hw *, u16 , u16 , u16 *) is called, but no possible target functions were found. (CFunctionPointerResolver.replaceFunctionPointerCall, WARNING)

line 38454: Function pointer *(hw->nvm.ops.write) with type s32 (*)(struct e1000_hw *, u16 , u16 , u16 *) is called, but no possible target functions were found. (CFunctionPointerResolver.replaceFunctionPointerCall, WARNING)

line 38316: Function pointer *(hw->nvm.ops.write) with type s32 (*)(struct e1000_hw *, u16 , u16 , u16 *) is called, but no possible target functions were found. (CFunctionPointerResolver.replaceFunctionPointerCall, WARNING)

line 38282: Function pointer *(hw->nvm.ops.read) with type s32 (*)(struct e1000_hw *, u16 , u16 , u16 *) is called, but no possible target functions were found. (CFunctionPointerResolver.replaceFunctionPointerCall, WARNING)

line 41357: Function pointer *(hw->nvm.ops.read) with type s32 (*)(struct e1000_hw *, u16 , u16 , u16 *) is called, but no possible target functions were found. (CFunctionPointerResolver.replaceFunctionPointerCall, WARNING)

line 48832: Function pointer *(hw->nvm.ops.read) with type s32 (*)(struct e1000_hw *, u16 , u16 , u16 *) is called, but no possible target functions were found. (CFunctionPointerResolver.replaceFunctionPointerCall, WARNING)

line 42869: Function pointer *(hw->nvm.ops.read) with type s32 (*)(struct e1000_hw *, u16 , u16 , u16 *) is called, but no possible target functions were found. (CFunctionPointerResolver.replaceFunctionPointerCall, WARNING)

line 38359: Function pointer *(hw->nvm.ops.read) with type s32 (*)(struct e1000_hw *, u16 , u16 , u16 *) is called, but no possible target functions were found. (CFunctionPointerResolver.replaceFunctionPointerCall, WARNING)

line 38202: Function pointer *(hw->nvm.ops.read) with type s32 (*)(struct e1000_hw *, u16 , u16 , u16 *) is called, but no possible target functions were found. (CFunctionPointerResolver.replaceFunctionPointerCall, WARNING)

line 21625: Function pointer *(hw->mac.ops.acquire_swfw_sync) with type s32 (*)(struct e1000_hw *, u16 ) is called, but no possible target functions were found. (CFunctionPointerResolver.replaceFunctionPointerCall, WARNING)

line 47222: Function pointer *(mbx->ops.write) with type s32 (*)(struct e1000_hw *, u32 *, u16 , u16 ) is called, but no possible target functions were found. (CFunctionPointerResolver.replaceFunctionPointerCall, WARNING)

line 28568: Function pointer *(hw->phy.ops.write_reg) with type s32 (*)(struct e1000_hw *, u32 , u16 ) is called, but no possible target functions were found. (CFunctionPointerResolver.replaceFunctionPointerCall, WARNING)

line 47428: Function pointer *(mbx->ops.write) with type s32 (*)(struct e1000_hw *, u32 *, u16 , u16 ) is called, but no possible target functions were found. (CFunctionPointerResolver.replaceFunctionPointerCall, WARNING)

line 25057: Function pointer *arg0 with type int (*)(struct pci_dev *, struct pm_message ) is called, but no possible target functions were found. (CFunctionPointerResolver.replaceFunctionPointerCall, WARNING)

line 25069: Function pointer *arg0 with type int (*)(struct pci_dev *, struct pm_message ) is called, but no possible target functions were found. (CFunctionPointerResolver.replaceFunctionPointerCall, WARNING)

line 25396: Function pointer *arg0 with type void (*)(struct device *) is called, but no possible target functions were found. (CFunctionPointerResolver.replaceFunctionPointerCall, WARNING)

MathSAT5 is available for research and evaluation purposes only. It can not be used in a commercial environment, particularly as part of a commercial product, without written permission. MathSAT5 is provided as is, without any warranty. Please write to mathsat@fbk.eu for additional questions regarding licensing MathSAT5 or obtaining more up-to-date versions. (PredicateCPA:JavaSMT:Mathsat5SolverContext.<init>, WARNING)

Using predicate analysis with MathSAT5 version 5.3.14 (0b98b661254c) (Nov 17 2016 10:59:45, gmp 5.1.3, gcc 4.8.5, 64-bit) and JFactory 1.21. (PredicateCPA:PredicateCPA.<init>, INFO)

Using refinement for predicate analysis with PredicateAbstractionRefinementStrategy strategy. (PredicateCPA:PredicateCPARefiner.<init>, INFO)

Starting analysis ... (CPAchecker.runAlgorithm, INFO)

Assuming external function ldv_initialize to be a constant function. (PredicateCPA:ExpressionToFormulaVisitor.visit, INFO)

Assuming external function external_allocated_data to be a constant function. (PredicateCPA:ExpressionToFormulaVisitor.visit, INFO)

Assuming external function ldv_switch_to_interrupt_context to be a constant function. (PredicateCPA:ExpressionToFormulaVisitor.visit, INFO)

Assuming external function ldv_switch_to_process_context to be a constant function. (PredicateCPA:ExpressionToFormulaVisitor.visit, INFO)

line 27706: Ignoring call via function pointer ldv_timer_instance_callback_12_2::arg0 for which no suitable target was found in line: (*arg0)(arg1); (FunctionPointerCPA:FunctionPointerTransferRelation.getAbstractSuccessorsForEdge, WARNING)

line 27706: Ignoring function call through function pointer *arg0: (*arg0)(arg1); (PredicateCPA:ExpressionToFormulaVisitor.visit, WARNING)

Assuming external function memset to be a pure function. (PredicateCPA:ExpressionToFormulaVisitor.visit, INFO)

line 36210: Ignoring function call through function pointer *(hw->mac.ops.acquire_swfw_sync): ret_val = (*(hw->mac.ops.acquire_swfw_sync))(hw, 1); (PredicateCPA:ExpressionToFormulaVisitor.visit, WARNING)

Assuming external function __const_udelay to be a pure function. (PredicateCPA:ExpressionToFormulaVisitor.visit, INFO)

Assuming external function __dynamic_netdev_dbg to be a pure function. (PredicateCPA:ExpressionToFormulaVisitor.visit, INFO)

line 36222: Ignoring function call through function pointer *(hw->mac.ops.release_swfw_sync): (*(hw->mac.ops.release_swfw_sync))(hw, 1); (PredicateCPA:ExpressionToFormulaVisitor.visit, WARNING)

line 46828: Ignoring function call through function pointer *(phy->ops.read_reg): ret_val = (*(phy->ops.read_reg))(hw, 0U, &phy_data); (PredicateCPA:ExpressionToFormulaVisitor.visit, WARNING)

line 35747: Ignoring function call through function pointer *(hw->phy.ops.acquire): ret_val = (*(hw->phy.ops.acquire))(hw); (PredicateCPA:ExpressionToFormulaVisitor.visit, WARNING)

Recursion detected, aborting. To ignore recursion, add -skipRecursion to the command line. (CallstackCPA:CallstackTransferRelation.getAbstractSuccessorsForEdge, INFO)

Error: line 35747: Unsupported feature (recursion): ret_val = igb_phy_force_speed_duplex_82580(hw); (line was originally pointer call(igb_phy_force_speed_duplex_82580) ret_val = (*(hw->phy.ops.acquire))(hw);) (CallstackTransferRelation.getAbstractSuccessorsForEdge, SEVERE)

PredicateCPA statistics
-----------------------
Number of abstractions:            135 (3% of all post computations)
  Times abstraction was reused:    0
  Because of function entry/exit:  129 (96%)
  Because of loop head:            6 (4%)
  Because of join nodes:           0 (0%)
  Because of threshold:            0 (0%)
  Because of target state:         0 (0%)
  Times precision was empty:       135 (100%)
  Times precision was {false}:     0 (0%)
  Times result was cached:         0 (0%)
  Times cartesian abs was used:    0 (0%)
  Times boolean abs was used:      0 (0%)
  Times result was 'false':        0 (0%)
Number of strengthen sat checks:   0
Number of coverage checks:         88
  BDD entailment checks:           6
Number of SMT sat checks:          0
  trivial:                         0
  cached:                          0

Max ABE block size:                       153
Number of predicates discovered:          0

Time for post operator:                  2.360s
  Time for path formula creation:        2.334s
Time for strengthen operator:            0.027s
Time for prec operator:                  0.036s
  Time for abstraction:                  0.011s (Max:     0.006s, Count: 135)
    Solving time:                        0.000s (Max:     0.000s)
    Model enumeration time:              0.000s
    Time for BDD construction:           0.000s (Max:     0.000s)
Time for merge operator:                 0.075s
Time for coverage check:                 0.008s
  Time for BDD entailment checks:        0.008s
Total time for SMT solver (w/o itp):     0.000s

Number of path formula cache hits:   3 (0%)

Inside post operator:                  
  Inside path formula creation:        
    Time for path formula computation:     2.285s

Total number of created targets for pointer analysis: 0


Number of BDD nodes:                               202
Size of BDD node table:                            270749
Size of BDD cache:                                 27073
Size of BDD node cleanup queue:                           0 (count: 142, min: 0, max: 0, avg: 0.00)
Time for BDD node cleanup:                             0.001s
Time for BDD garbage collection:                       0.000s (in 0 runs)

PrecisionBootstrap statistics
-----------------------------
Init. function predicates:                         0
Init. global predicates:                           0
Init. location predicates:                         0

Invariant Generation statistics
-------------------------------

AutomatonAnalysis (SVCOMP) statistics
-------------------------------------
Number of states:                                  1
Total time for successor computation:                  0.087s
Automaton transfers with branching:                0
Automaton transfer successors:                         3895 (count: 3895, min: 1, max: 1, avg: 1.00) [1 x 3895]

CPA algorithm statistics
------------------------
Number of iterations:            592
Max size of waitlist:            103
Average size of waitlist:        55
Number of computed successors:   740
Max successors for one state:    2
Number of times merged:          41
Number of times stopped:         47
Number of times breaked:         0

Total time for CPA algorithm:         3.201s (Max:     3.201s)
  Time for choose from waitlist:      0.002s
  Time for precision adjustment:      0.135s
  Time for transfer relation:         2.883s
  Time for merge operator:            0.086s
  Time for stop operator:             0.024s
  Time for adding to reached set:     0.025s

Predicate-Abstraction Refiner statistics
----------------------------------------
Number of predicate refinements:                   0

CEGAR algorithm statistics
--------------------------
Number of refinements:                0

Code Coverage
-----------------------------
  Function coverage:      0.067
  Visited lines:          2072
  Total lines:            22991
  Line coverage:          0.090
  Visited conditions:     298
  Total conditions:       10858
  Condition coverage:     0.027

CPAchecker general statistics
-----------------------------
Number of program locations:     39094
Number of CFA edges:             48857
Number of relevant variables:    4809
Number of functions:             1101
Number of loops:                 266
Size of reached set:             694
  Number of reached locations:   632 (2%)
    Avg states per location:     1
    Max states per location:     10 (at node N488)
  Number of reached functions:   74 (7%)
  Number of partitions:          694
    Avg size of partitions:      1
    Max size of partitions:      1
  Number of target states:       0
  Size of final wait list        103

Time for analysis setup:         17.713s
  Time for loading CPAs:          1.475s
  Time for loading parser:        0.691s
  Time for CFA construction:     15.416s
    Time for parsing file(s):     2.119s
    Time for AST to CFA:          5.646s
    Time for CFA sanity check:    1.599s
    Time for post-processing:     5.865s
      Time for var class.:        2.942s
Time for Analysis:                3.202s
CPU time for analysis:            3.210s
Total time for CPAchecker:       20.922s
Total CPU time for CPAchecker:   20.880s
Time for statistics:              0.217s

Time for Garbage Collector:       1.198s (in 42 runs)
Garbage Collector(s) used:    Copy, MarkSweepCompact
Used heap memory:                198MB (   189 MiB) max;    104MB (    99 MiB) avg;    210MB (   200 MiB) peak
Used non-heap memory:             44MB (    42 MiB) max;     30MB (    29 MiB) avg;     44MB (    42 MiB) peak
Allocated heap memory:           238MB (   227 MiB) max;    176MB (   167 MiB) avg
Allocated non-heap memory:        45MB (    43 MiB) max;     31MB (    30 MiB) avg
Total process virtual memory:   8086MB (  7711 MiB) max;   8054MB (  7681 MiB) avg

Verification result: UNKNOWN, incomplete analysis.
More details about the verification run can be found in the directory "./output".
