scripts/cpa.sh -Dy-MySearchStrategy-PredAbs-ABEl -heap 5600000000 -timelimit 30 -preprocess -stats -noout -setprop cpa.predicate.memoryAllocationsAlwaysSucceed=true -spec ../sv-benchmarks/c/ReachSafety.prp ../sv-benchmarks/c/reducercommutativity/avg40_true-unreach-call.i


--------------------------------------------------------------------------------


Running CPAchecker with Java heap of size 5600000000.
Running CPAchecker with default stack size (1024k). Specify a larger value with -stack if needed.
Running CPAchecker with the following extra VM options:  -Djava.io.tmpdir=/tmp/BenchExec_run_ad823gc2/tmp
Using the following resource limits: CPU-time limit of 30s (ResourceLimitChecker.fromConfiguration, INFO)

CPAchecker (unknown version) (OpenJDK 64-Bit Server VM 1.8.0_162) started (CPAchecker.run, INFO)

MathSAT5 is available for research and evaluation purposes only. It can not be used in a commercial environment, particularly as part of a commercial product, without written permission. MathSAT5 is provided as is, without any warranty. Please write to mathsat@fbk.eu for additional questions regarding licensing MathSAT5 or obtaining more up-to-date versions. (PredicateCPA:JavaSMT:Mathsat5SolverContext.<init>, WARNING)

Using predicate analysis with MathSAT5 version 5.3.14 (0b98b661254c) (Nov 17 2016 10:59:45, gmp 5.1.3, gcc 4.8.5, 64-bit) and JFactory 1.21. (PredicateCPA:PredicateCPA.<init>, INFO)

Using refinement for predicate analysis with PredicateAbstractionRefinementStrategy strategy. (PredicateCPA:PredicateCPARefiner.<init>, INFO)

Starting analysis ... (CPAchecker.runAlgorithm, INFO)

Shutdown requested (The CPU-time limit of 30s has elapsed.), waiting for termination. (ForceTerminationOnShutdown$1.shutdownRequested, WARNING)

Warning: Analysis interrupted (The CPU-time limit of 30s has elapsed.) (ShutdownNotifier.shutdownIfNecessary, WARNING)

PredicateCPA statistics
-----------------------
Number of abstractions:            5173 (15% of all post computations)
  Times abstraction was reused:    0
  Because of function entry/exit:  0 (0%)
  Because of loop head:            5100 (99%)
  Because of join nodes:           0 (0%)
  Because of threshold:            0 (0%)
  Because of target state:         73 (1%)
  Times precision was empty:       87 (2%)
  Times precision was {false}:     10 (0%)
  Times result was cached:         301 (6%)
  Times cartesian abs was used:    0 (0%)
  Times boolean abs was used:      4775 (92%)
  Times result was 'false':        2280 (44%)
Number of strengthen sat checks:   0
Number of coverage checks:         21996
  BDD entailment checks:           21850
Number of SMT sat checks:          0
  trivial:                         0
  cached:                          0

Max ABE block size:                       11
Number of predicates discovered:          74
Number of abstraction locations:          3
Max number of predicates per location:    25
Avg number of predicates per location:    25
Total predicates per abstraction:         85196
Max number of predicates per abstraction: 25
Avg number of predicates per abstraction: 17.80
Number of irrelevant predicates:          4738 (6%)
Number of preds handled by boolean abs:   75559 (89%)
  Total number of models for allsat:      13526
  Max number of models for allsat:        25
  Avg number of models for allsat:        2.83

Time for post operator:                  2.405s
  Time for path formula creation:        2.357s
Time for strengthen operator:            0.052s
Time for prec operator:                 19.315s
  Time for abstraction:                 19.189s (Max:     0.034s, Count: 5173)
    Boolean abstraction:                11.475s
    Solving time:                        9.461s (Max:     0.019s)
    Model enumeration time:              0.693s
    Time for BDD construction:           0.372s (Max:     0.012s)
Time for merge operator:                 0.015s
Time for coverage check:                 0.061s
  Time for BDD entailment checks:        0.052s
Total time for SMT solver (w/o itp):    10.154s

Number of path formula cache hits:   16355 (47%)

Inside post operator:                  
  Inside path formula creation:        
    Time for path formula computation:     2.273s

Total number of created targets for pointer analysis: 37850
   Number of created targets for uf: *signed_int is 501


Number of BDD nodes:                               41726
Size of BDD node table:                            270749
Size of BDD cache:                                 27073
Size of BDD node cleanup queue:                       48875 (count: 67179, min: 0, max: 2924, avg: 0.73)
Time for BDD node cleanup:                             0.040s
Time for BDD garbage collection:                       0.000s (in 0 runs)

PrecisionBootstrap statistics
-----------------------------
Init. function predicates:                         0
Init. global predicates:                           0
Init. location predicates:                         0

Invariant Generation statistics
-------------------------------

AutomatonAnalysis (SVCOMP) statistics
-------------------------------------
Number of states:                                  1
Total time for successor computation:                  0.146s
Automaton transfers with branching:                0
Automaton transfer successors:                        33459 (count: 33459, min: 1, max: 1, avg: 1.00) [1 x 33459]

CPA algorithm statistics
------------------------
Number of iterations:            18923
Max size of waitlist:            4
Average size of waitlist:        1
Number of computed successors:   21619
Max successors for one state:    2
Number of times merged:          73
Number of times stopped:         271
Number of times breaked:         73

Total time for CPA algorithm:        23.302s (Max:     0.873s)
  Time for choose from waitlist:      0.034s
  Time for precision adjustment:     19.524s
  Time for transfer relation:         3.257s
  Time for merge operator:            0.066s
  Time for stop operator:             0.111s
  Time for adding to reached set:     0.091s

Predicate-Abstraction Refiner statistics
----------------------------------------
Number of predicate refinements:                   73
Avg. length of target path (in blocks):                3848 (count: 73, min: 6, max: 101, avg: 52.71)
Number of infeasible sliced prefixes:                     0 (count: 0, min: 0, max: 0, avg: 0.00)

Time for refinement:                                   4.538s
  Counterexample analysis:                             4.323s (Max:     0.168s, Calls: 73)
    Refinement sat check:                              2.849s
    Interpolant computation:                           0.000s
  Path-formulas extraction:                            0.002s
  Error path post-processing:                          0.000s
  Predicate creation:                                  0.051s
  Precision update:                                    0.023s
  ARG update:                                          0.072s

Length of refined path (in blocks):                    2174 (count: 72, min: 2, max: 96, avg: 30.19)
Number of affected states:                              877 (count: 72, min: 1, max: 24, avg: 12.18)
Length (states) of path with itp 'true':               1225 (count: 72, min: 0, max: 72, avg: 17.01)
Length (states) of path with itp non-trivial itp:       877 (count: 72, min: 1, max: 24, avg: 12.18)
Length (states) of path with itp 'false':                72 (count: 72, min: 1, max: 1, avg: 1.00)
Different non-trivial interpolants along paths:         805 (count: 72, min: 0, max: 23, avg: 11.18)
Equal non-trivial interpolants along paths:               0 (count: 72, min: 0, max: 0, avg: 0.00)
Number of refs with location-based cutoff:                0

CEGAR algorithm statistics
--------------------------
Number of refinements:                73
Number of successful refinements:     72
Number of failed refinements:         0
Max. size of reached set before ref.: 732
Max. size of reached set after ref.:  531
Avg. size of reached set before ref.: 381.33
Avg. size of reached set after ref.:  121.78

Total time for CEGAR algorithm:      27.952s
Time for refinements:                 4.641s
Average time for refinement:          0.063s
Max time for refinement:              0.177s

Code Coverage
-----------------------------
  Function coverage:      1.000
  Visited lines:          23
  Total lines:            24
  Line coverage:          0.958
  Visited conditions:     10
  Total conditions:       10
  Condition coverage:     1.000

CPAchecker general statistics
-----------------------------
Number of program locations:     49
Number of CFA edges:             55
Number of relevant variables:    12
Number of functions:             2
Number of loops:                 3
Size of reached set:             732
  Number of reached locations:   28 (57%)
    Avg states per location:     26
    Max states per location:     74 (at node N1)
  Number of reached functions:   2 (100%)
  Number of partitions:          636
    Avg size of partitions:      1
    Max size of partitions:      25 (with key [N22 (before line 23), Function main called from node N14, stack depth 1 [5677323c], stack [main]])
  Number of target states:       1
  Size of final wait list        3

Time for analysis setup:          1.860s
  Time for loading CPAs:          0.596s
  Time for loading parser:        0.534s
  Time for CFA construction:      0.632s
    Time for parsing file(s):     0.253s
    Time for AST to CFA:          0.134s
    Time for CFA sanity check:    0.016s
    Time for post-processing:     0.103s
      Time for var class.:        0.036s
Time for Analysis:               27.953s
CPU time for analysis:           27.960s
Total time for CPAchecker:       29.816s
Total CPU time for CPAchecker:   29.810s
Time for statistics:              0.088s

Time for Garbage Collector:       0.384s (in 51 runs)
Garbage Collector(s) used:    Copy, MarkSweepCompact
Used heap memory:                 67MB (    64 MiB) max;     44MB (    42 MiB) avg;     70MB (    66 MiB) peak
Used non-heap memory:             38MB (    36 MiB) max;     34MB (    33 MiB) avg;     38MB (    36 MiB) peak
Allocated heap memory:           127MB (   121 MiB) max;    127MB (   121 MiB) avg
Allocated non-heap memory:        40MB (    38 MiB) max;     37MB (    35 MiB) avg
Total process virtual memory:   8267MB (  7884 MiB) max;   8158MB (  7780 MiB) avg

Verification result: UNKNOWN, incomplete analysis.
More details about the verification run can be found in the directory "./output".
