scripts/cpa.sh -Dy-MySearchStrategy-PredAbs-ABElf -heap 5600000000 -timelimit 900 -preprocess -stats -noout -setprop cpa.predicate.memoryAllocationsAlwaysSucceed=true -spec ../sv-benchmarks/c/ReachSafety.prp ../sv-benchmarks/c/product-lines/minepump_spec5_product17_true-unreach-call_false-termination.cil.c


--------------------------------------------------------------------------------


Running CPAchecker with Java heap of size 5600000000.
Running CPAchecker with default stack size (1024k). Specify a larger value with -stack if needed.
Running CPAchecker with the following extra VM options:  -Djava.io.tmpdir=/tmp/BenchExec_run_3tlzu435/tmp
Using the following resource limits: CPU-time limit of 900s (ResourceLimitChecker.fromConfiguration, INFO)

CPAchecker (unknown version) (OpenJDK 64-Bit Server VM 1.8.0_151) started (CPAchecker.run, INFO)

line 142: Dead code detected: return (retValue_acc); (CFACreationUtils.addEdgeToCFA, INFO)

line 462: Dead code detected: return (retValue_acc); (CFACreationUtils.addEdgeToCFA, INFO)

line 508: Dead code detected: return (retValue_acc); (CFACreationUtils.addEdgeToCFA, INFO)

line 529: Dead code detected: return (retValue_acc); (CFACreationUtils.addEdgeToCFA, INFO)

line 552: Dead code detected: return (retValue_acc); (CFACreationUtils.addEdgeToCFA, INFO)

line 655: Dead code detected: return (retValue_acc); (CFACreationUtils.addEdgeToCFA, INFO)

line 687: Dead code detected: return (retValue_acc); (CFACreationUtils.addEdgeToCFA, INFO)

line 696: Dead code detected: return (retValue_acc); (CFACreationUtils.addEdgeToCFA, INFO)

line 789: Dead code detected: return (retValue_acc); (CFACreationUtils.addEdgeToCFA, INFO)

line 798: Dead code detected: return (retValue_acc); (CFACreationUtils.addEdgeToCFA, INFO)

line 853: Dead code detected: return (retValue_acc); (CFACreationUtils.addEdgeToCFA, INFO)

line 299: Function pointer *__cil_tmp10 with type int (*)(int, int) is called, but no possible target functions were found. (CFunctionPointerResolver.replaceFunctionPointerCall, WARNING)

MathSAT5 is available for research and evaluation purposes only. It can not be used in a commercial environment, particularly as part of a commercial product, without written permission. MathSAT5 is provided as is, without any warranty. Please write to mathsat@fbk.eu for additional questions regarding licensing MathSAT5 or obtaining more up-to-date versions. (PredicateCPA:JavaSMT:Mathsat5SolverContext.<init>, WARNING)

Using predicate analysis with MathSAT5 version 5.3.14 (0b98b661254c) (Nov 17 2016 10:59:45, gmp 5.1.3, gcc 4.8.5, 64-bit) and JFactory 1.21. (PredicateCPA:PredicateCPA.<init>, INFO)

Using refinement for predicate analysis with PredicateAbstractionRefinementStrategy strategy. (PredicateCPA:PredicateCPARefiner.<init>, INFO)

Starting analysis ... (CPAchecker.runAlgorithm, INFO)

Stopping analysis ... (CPAchecker.runAlgorithm, INFO)

PredicateCPA statistics
-----------------------
Number of abstractions:            1882 (25% of all post computations)
  Times abstraction was reused:    0
  Because of function entry/exit:  1837 (98%)
  Because of loop head:            31 (2%)
  Because of join nodes:           0 (0%)
  Because of threshold:            0 (0%)
  Because of target state:         14 (1%)
  Times precision was empty:       282 (15%)
  Times precision was {false}:     64 (3%)
  Times result was cached:         1347 (72%)
  Times cartesian abs was used:    0 (0%)
  Times boolean abs was used:      189 (10%)
  Times result was 'false':        186 (10%)
Number of strengthen sat checks:   0
Number of coverage checks:         814
  BDD entailment checks:           274
Number of SMT sat checks:          0
  trivial:                         0
  cached:                          0

Max ABE block size:                       9
Number of predicates discovered:          5
Number of abstraction locations:          39
Max number of predicates per location:    4
Avg number of predicates per location:    2
Total predicates per abstraction:         3045
Max number of predicates per abstraction: 4
Avg number of predicates per abstraction: 12.04
Number of irrelevant predicates:          1048 (34%)
Number of preds handled by boolean abs:   326 (11%)
  Total number of models for allsat:      199
  Max number of models for allsat:        2
  Avg number of models for allsat:        1.05

Time for post operator:                  0.466s
  Time for path formula creation:        0.452s
Time for strengthen operator:            0.027s
Time for prec operator:                  0.968s
  Time for abstraction:                  0.899s (Max:     0.013s, Count: 1882)
    Boolean abstraction:                 0.197s
    Solving time:                        0.109s (Max:     0.013s)
    Model enumeration time:              0.020s
    Time for BDD construction:           0.022s (Max:     0.006s)
Time for merge operator:                 0.041s
Time for coverage check:                 0.009s
  Time for BDD entailment checks:        0.009s
Total time for SMT solver (w/o itp):     0.129s

Number of path formula cache hits:   5786 (66%)

Inside post operator:                  
  Inside path formula creation:        
    Time for path formula computation:     0.413s

Total number of created targets for pointer analysis: 0


Number of BDD nodes:                               223
Size of BDD node table:                            270749
Size of BDD cache:                                 27073
Size of BDD node cleanup queue:                         279 (count: 2064, min: 0, max: 181, avg: 0.14)
Time for BDD node cleanup:                             0.009s
Time for BDD garbage collection:                       0.000s (in 0 runs)

PrecisionBootstrap statistics
-----------------------------
Init. function predicates:                         0
Init. global predicates:                           0
Init. location predicates:                         0

Invariant Generation statistics
-------------------------------

AutomatonAnalysis (SVCOMP) statistics
-------------------------------------
Number of states:                                  1
Total time for successor computation:                  0.058s
Automaton transfers with branching:                0
Automaton transfer successors:                         7504 (count: 7504, min: 1, max: 1, avg: 1.00) [1 x 7504]

CPA algorithm statistics
------------------------
Number of iterations:            5764
Max size of waitlist:            19
Average size of waitlist:        5
Number of computed successors:   6483
Max successors for one state:    2
Number of times merged:          270
Number of times stopped:         412
Number of times breaked:         14

Total time for CPA algorithm:         2.295s (Max:     0.291s)
  Time for choose from waitlist:      0.037s
  Time for precision adjustment:      1.147s
  Time for transfer relation:         0.827s
  Time for merge operator:            0.077s
  Time for stop operator:             0.042s
  Time for adding to reached set:     0.052s

Predicate-Abstraction Refiner statistics
----------------------------------------
Number of predicate refinements:                   14
Avg. length of target path (in blocks):                 543 (count: 14, min: 26, max: 58, avg: 38.79)
Number of infeasible sliced prefixes:                     0 (count: 0, min: 0, max: 0, avg: 0.00)

Time for refinement:                                   0.227s
  Counterexample analysis:                             0.114s (Max:     0.018s, Calls: 14)
    Refinement sat check:                              0.051s
    Interpolant computation:                           0.000s
  Path-formulas extraction:                            0.000s
  Error path post-processing:                          0.000s
  Predicate creation:                                  0.027s
  Precision update:                                    0.007s
  ARG update:                                          0.043s

Length of refined path (in blocks):                     406 (count: 14, min: 20, max: 50, avg: 29.00)
Number of affected states:                              334 (count: 14, min: 13, max: 49, avg: 23.86)
Length (states) of path with itp 'true':                 58 (count: 14, min: 0, max: 19, avg: 4.14)
Length (states) of path with itp non-trivial itp:       334 (count: 14, min: 13, max: 49, avg: 23.86)
Length (states) of path with itp 'false':                14 (count: 14, min: 1, max: 1, avg: 1.00)
Different non-trivial interpolants along paths:           1 (count: 14, min: 0, max: 1, avg: 0.07)
Equal non-trivial interpolants along paths:             319 (count: 14, min: 12, max: 48, avg: 22.79)
Number of refs with location-based cutoff:                0

CEGAR algorithm statistics
--------------------------
Number of refinements:                14
Number of successful refinements:     14
Number of failed refinements:         0
Max. size of reached set before ref.: 744
Max. size of reached set after ref.:  471
Avg. size of reached set before ref.: 479.29
Avg. size of reached set after ref.:  113.36

Total time for CEGAR algorithm:       2.549s
Time for refinements:                 0.253s
Average time for refinement:          0.018s
Max time for refinement:              0.060s

Code Coverage
-----------------------------
  Function coverage:      0.500
  Visited lines:          104
  Total lines:            423
  Line coverage:          0.246
  Visited conditions:     30
  Total conditions:       66
  Condition coverage:     0.455

CPAchecker general statistics
-----------------------------
Number of program locations:     604
Number of CFA edges:             647
Number of relevant variables:    110
Number of functions:             36
Number of loops:                 5
Size of reached set:             763
  Number of reached locations:   139 (23%)
    Avg states per location:     5
    Max states per location:     28 (at node N406)
  Number of reached functions:   18 (50%)
  Number of partitions:          750
    Avg size of partitions:      1
    Max size of partitions:      3 (with key [N582 (before lines 867-912), Function test called from node N47, stack depth 3 [57fbc06f], stack [main, runTest, test]])
  Number of target states:       0

Time for analysis setup:          2.152s
  Time for loading CPAs:          0.583s
  Time for loading parser:        0.507s
  Time for CFA construction:      0.973s
    Time for parsing file(s):     0.327s
    Time for AST to CFA:          0.260s
    Time for CFA sanity check:    0.049s
    Time for post-processing:     0.198s
      Time for var class.:        0.085s
Time for Analysis:                2.549s
CPU time for analysis:            2.550s
Time for analyzing result:        0.007s
Total time for CPAchecker:        4.704s
Total CPU time for CPAchecker:    4.710s
Time for statistics:              0.072s

Time for Garbage Collector:       0.084s (in 6 runs)
Garbage Collector(s) used:    Copy, MarkSweepCompact
Used heap memory:                 59MB (    56 MiB) max;     35MB (    33 MiB) avg;     62MB (    60 MiB) peak
Used non-heap memory:             34MB (    33 MiB) max;     27MB (    25 MiB) avg;     36MB (    34 MiB) peak
Allocated heap memory:           127MB (   121 MiB) max;    127MB (   121 MiB) avg
Allocated non-heap memory:        37MB (    35 MiB) max;     29MB (    27 MiB) avg
Total process virtual memory:   8085MB (  7711 MiB) max;   8040MB (  7668 MiB) avg

Verification result: TRUE. No property violation found by chosen configuration.
More details about the verification run can be found in the directory "./output".
