scripts/cpa.sh -Dy-MySearchStrategy-PredAbs-ABElf -heap 5600000000 -timelimit 30 -preprocess -stats -noout -setprop cpa.predicate.memoryAllocationsAlwaysSucceed=true -spec ../sv-benchmarks/c/ReachSafety.prp ../sv-benchmarks/c/array-tiling/rewrev_true-unreach-call.i


--------------------------------------------------------------------------------


Running CPAchecker with Java heap of size 5600000000.
Running CPAchecker with default stack size (1024k). Specify a larger value with -stack if needed.
Running CPAchecker with the following extra VM options:  -Djava.io.tmpdir=/tmp/BenchExec_run_2l_maz60/tmp
Using the following resource limits: CPU-time limit of 30s (ResourceLimitChecker.fromConfiguration, INFO)

CPAchecker (unknown version) (OpenJDK 64-Bit Server VM 1.8.0_151) started (CPAchecker.run, INFO)

MathSAT5 is available for research and evaluation purposes only. It can not be used in a commercial environment, particularly as part of a commercial product, without written permission. MathSAT5 is provided as is, without any warranty. Please write to mathsat@fbk.eu for additional questions regarding licensing MathSAT5 or obtaining more up-to-date versions. (PredicateCPA:JavaSMT:Mathsat5SolverContext.<init>, WARNING)

Using predicate analysis with MathSAT5 version 5.3.14 (0b98b661254c) (Nov 17 2016 10:59:45, gmp 5.1.3, gcc 4.8.5, 64-bit) and JFactory 1.21. (PredicateCPA:PredicateCPA.<init>, INFO)

Using refinement for predicate analysis with PredicateAbstractionRefinementStrategy strategy. (PredicateCPA:PredicateCPARefiner.<init>, INFO)

Starting analysis ... (CPAchecker.runAlgorithm, INFO)

Shutdown requested (The CPU-time limit of 30s has elapsed.), waiting for termination. (ForceTerminationOnShutdown$1.shutdownRequested, WARNING)

Warning: Analysis interrupted (The CPU-time limit of 30s has elapsed.) (ShutdownNotifier.shutdownIfNecessary, WARNING)

PredicateCPA statistics
-----------------------
Number of abstractions:            700 (25% of all post computations)
  Times abstraction was reused:    0
  Because of function entry/exit:  286 (41%)
  Because of loop head:            277 (40%)
  Because of join nodes:           0 (0%)
  Because of threshold:            0 (0%)
  Because of target state:         137 (20%)
  Times precision was empty:       10 (1%)
  Times precision was {false}:     139 (20%)
  Times result was cached:         0 (0%)
  Times cartesian abs was used:    0 (0%)
  Times boolean abs was used:      551 (79%)
  Times result was 'false':        175 (25%)
Number of strengthen sat checks:   0
Number of coverage checks:         2830
  BDD entailment checks:           2690
Number of SMT sat checks:          0
  trivial:                         0
  cached:                          0

Max ABE block size:                       9
Number of predicates discovered:          45
Number of abstraction locations:          5
Max number of predicates per location:    33
Avg number of predicates per location:    25
Total predicates per abstraction:         11183
Max number of predicates per abstraction: 33
Avg number of predicates per abstraction: 16.21
Number of irrelevant predicates:          480 (4%)
Number of preds handled by boolean abs:   10703 (96%)
  Total number of models for allsat:      25212
  Max number of models for allsat:        1488
  Avg number of models for allsat:        45.76

Time for post operator:                  0.377s
  Time for path formula creation:        0.360s
Time for strengthen operator:            0.012s
Time for prec operator:                 25.499s
  Time for abstraction:                 25.375s (Max:     1.339s, Count: 700)
    Boolean abstraction:                23.095s
    Solving time:                        1.959s (Max:     0.020s)
    Model enumeration time:             18.943s
    Time for BDD construction:           1.635s (Max:     0.153s)
Time for merge operator:                 0.052s
Time for coverage check:                 0.032s
  Time for BDD entailment checks:        0.032s
Total time for SMT solver (w/o itp):    20.903s

Number of path formula cache hits:   2711 (83%)

Inside post operator:                  
  Inside path formula creation:        
    Time for path formula computation:     0.286s

Total number of created targets for pointer analysis: 320
   Number of created targets for uf: *signed_int is 161


Number of BDD nodes:                               159630
Size of BDD node table:                            270749
Size of BDD cache:                                 27073
Size of BDD node cleanup queue:                       30229 (count: 18731, min: 0, max: 3297, avg: 1.61)
Time for BDD node cleanup:                             0.033s
Time for BDD garbage collection:                       0.094s (in 1 runs)

PrecisionBootstrap statistics
-----------------------------
Init. function predicates:                         0
Init. global predicates:                           0
Init. location predicates:                         0

Invariant Generation statistics
-------------------------------

AutomatonAnalysis (SVCOMP) statistics
-------------------------------------
Number of states:                                  1
Total time for successor computation:                  0.113s
Automaton transfers with branching:                0
Automaton transfer successors:                         2793 (count: 2793, min: 1, max: 1, avg: 1.00) [1 x 2793]

CPA algorithm statistics
------------------------
Number of iterations:            2434
Max size of waitlist:            8
Average size of waitlist:        3
Number of computed successors:   2711
Max successors for one state:    2
Number of times merged:          70
Number of times stopped:         84
Number of times breaked:         14

Total time for CPA algorithm:        26.636s (Max:     6.331s)
  Time for choose from waitlist:      0.025s
  Time for precision adjustment:     25.649s
  Time for transfer relation:         0.713s
  Time for merge operator:            0.078s
  Time for stop operator:             0.079s
  Time for adding to reached set:     0.036s

Predicate-Abstraction Refiner statistics
----------------------------------------
Number of predicate refinements:                   14
Avg. length of target path (in blocks):                 229 (count: 14, min: 4, max: 29, avg: 16.36)
Number of infeasible sliced prefixes:                     0 (count: 0, min: 0, max: 0, avg: 0.00)

Time for refinement:                                   0.721s
  Counterexample analysis:                             0.621s (Max:     0.136s, Calls: 14)
    Refinement sat check:                              0.390s
    Interpolant computation:                           0.000s
  Path-formulas extraction:                            0.001s
  Error path post-processing:                          0.000s
  Predicate creation:                                  0.045s
  Precision update:                                    0.013s
  ARG update:                                          0.020s

Length of refined path (in blocks):                     220 (count: 14, min: 2, max: 29, avg: 15.71)
Number of affected states:                              206 (count: 14, min: 1, max: 28, avg: 14.71)
Length (states) of path with itp 'true':                  0 (count: 14, min: 0, max: 0, avg: 0.00)
Length (states) of path with itp non-trivial itp:       206 (count: 14, min: 1, max: 28, avg: 14.71)
Length (states) of path with itp 'false':                 7 (count: 14, min: 0, max: 1, avg: 0.50)
Different non-trivial interpolants along paths:         110 (count: 14, min: 0, max: 15, avg: 7.86)
Equal non-trivial interpolants along paths:              82 (count: 14, min: 0, max: 12, avg: 5.86)
Number of refs with location-based cutoff:                0

CEGAR algorithm statistics
--------------------------
Number of refinements:                14
Number of successful refinements:     14
Number of failed refinements:         0
Max. size of reached set before ref.: 445
Max. size of reached set after ref.:  7
Avg. size of reached set before ref.: 175.86
Avg. size of reached set after ref.:  7.00

Total time for CEGAR algorithm:      27.396s
Time for refinements:                 0.760s
Average time for refinement:          0.054s
Max time for refinement:              0.143s

Code Coverage
-----------------------------
  Function coverage:      1.000
  Visited lines:          16
  Total lines:            16
  Line coverage:          1.000
  Visited conditions:     10
  Total conditions:       10
  Condition coverage:     1.000

CPAchecker general statistics
-----------------------------
Number of program locations:     40
Number of CFA edges:             44
Number of relevant variables:    8
Number of functions:             2
Number of loops:                 2
Size of reached set:             88
  Number of reached locations:   26 (65%)
    Avg states per location:     3
    Max states per location:     6 (at node N19)
  Number of reached functions:   2 (100%)
  Number of partitions:          78
    Avg size of partitions:      1
    Max size of partitions:      6 (with key [N19 (before line 21), Function main called from node N8, stack depth 1 [534a5a98], stack [main]])
  Number of target states:       0
  Size of final wait list        5

Time for analysis setup:          2.348s
  Time for loading CPAs:          0.704s
  Time for loading parser:        0.690s
  Time for CFA construction:      0.823s
    Time for parsing file(s):     0.387s
    Time for AST to CFA:          0.154s
    Time for CFA sanity check:    0.014s
    Time for post-processing:     0.118s
      Time for var class.:        0.036s
Time for Analysis:               27.396s
CPU time for analysis:           27.400s
Total time for CPAchecker:       29.752s
Total CPU time for CPAchecker:   29.750s
Time for statistics:              0.070s

Time for Garbage Collector:       0.191s (in 19 runs)
Garbage Collector(s) used:    Copy, MarkSweepCompact
Used heap memory:                 60MB (    57 MiB) max;     40MB (    38 MiB) avg;     63MB (    60 MiB) peak
Used non-heap memory:             34MB (    32 MiB) max;     31MB (    30 MiB) avg;     35MB (    33 MiB) peak
Allocated heap memory:           127MB (   121 MiB) max;    127MB (   121 MiB) avg
Allocated non-heap memory:        36MB (    34 MiB) max;     34MB (    32 MiB) avg
Total process virtual memory:   8085MB (  7711 MiB) max;   8075MB (  7701 MiB) avg

Verification result: UNKNOWN, incomplete analysis.
More details about the verification run can be found in the directory "./output".
