scripts/cpa.sh -Dy-MySearchStrategy-PredAbs-ABElf -heap 5600000000 -timelimit 900 -preprocess -stats -noout -setprop cpa.predicate.memoryAllocationsAlwaysSucceed=true -spec ../sv-benchmarks/c/ReachSafety.prp ../sv-benchmarks/c/seq-mthreaded/rekh_aso_true-unreach-call.1.M4.c


--------------------------------------------------------------------------------


Running CPAchecker with Java heap of size 5600000000.
Running CPAchecker with default stack size (1024k). Specify a larger value with -stack if needed.
Running CPAchecker with the following extra VM options:  -Djava.io.tmpdir=/tmp/BenchExec_run_08hen0lm/tmp
Using the following resource limits: CPU-time limit of 900s (ResourceLimitChecker.fromConfiguration, INFO)

CPAchecker (unknown version) (OpenJDK 64-Bit Server VM 1.8.0_162) started (CPAchecker.run, INFO)

MathSAT5 is available for research and evaluation purposes only. It can not be used in a commercial environment, particularly as part of a commercial product, without written permission. MathSAT5 is provided as is, without any warranty. Please write to mathsat@fbk.eu for additional questions regarding licensing MathSAT5 or obtaining more up-to-date versions. (PredicateCPA:JavaSMT:Mathsat5SolverContext.<init>, WARNING)

Using predicate analysis with MathSAT5 version 5.3.14 (0b98b661254c) (Nov 17 2016 10:59:45, gmp 5.1.3, gcc 4.8.5, 64-bit) and JFactory 1.21. (PredicateCPA:PredicateCPA.<init>, INFO)

Using refinement for predicate analysis with PredicateAbstractionRefinementStrategy strategy. (PredicateCPA:PredicateCPARefiner.<init>, INFO)

Starting analysis ... (CPAchecker.runAlgorithm, INFO)

Assuming external function nxt_motor_set_speed to be a pure function. (PredicateCPA:ExpressionToFormulaVisitor.visit, INFO)

Assuming external function ecrobot_sound_tone to be a pure function. (PredicateCPA:ExpressionToFormulaVisitor.visit, INFO)

Assuming external function nxt_motor_set_count to be a pure function. (PredicateCPA:ExpressionToFormulaVisitor.visit, INFO)

Assuming external function ecrobot_bt_data_logger to be a pure function. (PredicateCPA:ExpressionToFormulaVisitor.visit, INFO)

Shutdown requested (The CPU-time limit of 900s has elapsed.), waiting for termination. (ForceTerminationOnShutdown$1.shutdownRequested, WARNING)

Warning: Analysis interrupted (The CPU-time limit of 900s has elapsed.) (ShutdownNotifier.shutdownIfNecessary, WARNING)

PredicateCPA statistics
-----------------------
Number of abstractions:            4764 (5% of all post computations)
  Times abstraction was reused:    0
  Because of function entry/exit:  4678 (98%)
  Because of loop head:            14 (0%)
  Because of join nodes:           0 (0%)
  Because of threshold:            0 (0%)
  Because of target state:         72 (2%)
  Times precision was empty:       1444 (30%)
  Times precision was {false}:     146 (3%)
  Times result was cached:         2240 (47%)
  Times cartesian abs was used:    0 (0%)
  Times boolean abs was used:      934 (20%)
  Times result was 'false':        698 (15%)
Number of strengthen sat checks:   0
Number of coverage checks:         26101
  BDD entailment checks:           1345
Number of SMT sat checks:          0
  trivial:                         0
  cached:                          0

Max ABE block size:                       394
Number of predicates discovered:          77
Number of abstraction locations:          83
Max number of predicates per location:    50
Avg number of predicates per location:    17
Total predicates per abstraction:         24043
Max number of predicates per abstraction: 50
Avg number of predicates per abstraction: 22.26
Number of irrelevant predicates:          10144 (42%)
Number of preds handled by boolean abs:   8321 (35%)
  Total number of models for allsat:      197499
  Max number of models for allsat:        49824
  Avg number of models for allsat:        211.46

Time for post operator:                  8.214s
  Time for path formula creation:        8.010s
Time for strengthen operator:            0.207s
Time for prec operator:                620.422s
  Time for abstraction:                620.098s (Max:   163.513s, Count: 4764)
    Boolean abstraction:               614.520s
    Solving time:                       50.188s (Max:     8.897s)
    Model enumeration time:            553.313s
    Time for BDD construction:          10.956s (Max:     3.628s)
Time for merge operator:                 0.315s
Time for coverage check:                 0.053s
  Time for BDD entailment checks:        0.050s
Total time for SMT solver (w/o itp):   603.501s

Number of path formula cache hits:   55391 (55%)

Inside post operator:                  
  Inside path formula creation:        
    Time for path formula computation:     7.564s

Total number of created targets for pointer analysis: 50414
   Number of created targets for uf: *unsigned_char is 122
   Number of created targets for uf: *_Bool is 40
   Number of created targets for uf: *char is 80
   Number of created targets for uf: *unsigned_int is 287


Number of BDD nodes:                               118158
Size of BDD node table:                            270749
Size of BDD cache:                                 27073
Size of BDD node cleanup queue:                       38086 (count: 24910, min: 0, max: 11338, avg: 1.53)
Time for BDD node cleanup:                             0.016s
Time for BDD garbage collection:                       0.196s (in 25 runs)

PrecisionBootstrap statistics
-----------------------------
Init. function predicates:                         0
Init. global predicates:                           0
Init. location predicates:                         0

Invariant Generation statistics
-------------------------------

AutomatonAnalysis (SVCOMP) statistics
-------------------------------------
Number of states:                                  1
Total time for successor computation:                  0.416s
Automaton transfers with branching:                0
Automaton transfer successors:                        91937 (count: 91937, min: 1, max: 1, avg: 1.00) [1 x 91937]

CPA algorithm statistics
------------------------
Number of iterations:            67101
Max size of waitlist:            452
Average size of waitlist:        100
Number of computed successors:   83551
Max successors for one state:    2
Number of times merged:          12378
Number of times stopped:         13057
Number of times breaked:         30

Total time for CPA algorithm:       634.607s (Max:   249.885s)
  Time for choose from waitlist:      0.099s
  Time for precision adjustment:    621.484s
  Time for transfer relation:        10.756s
  Time for merge operator:            0.822s
  Time for stop operator:             0.263s
  Time for adding to reached set:     0.325s

Predicate-Abstraction Refiner statistics
----------------------------------------
Number of predicate refinements:                   30
Avg. length of target path (in blocks):                1216 (count: 30, min: 17, max: 85, avg: 40.53)
Number of infeasible sliced prefixes:                     0 (count: 0, min: 0, max: 0, avg: 0.00)

Time for refinement:                                 260.687s
  Counterexample analysis:                           260.220s (Max:    81.341s, Calls: 30)
    Refinement sat check:                            251.574s
    Interpolant computation:                           0.000s
  Path-formulas extraction:                            0.009s
  Error path post-processing:                          0.000s
  Predicate creation:                                  0.060s
  Precision update:                                    0.024s
  ARG update:                                          0.305s

Length of refined path (in blocks):                    1002 (count: 30, min: 13, max: 84, avg: 33.40)
Number of affected states:                              578 (count: 30, min: 3, max: 83, avg: 19.27)
Length (states) of path with itp 'true':                394 (count: 30, min: 0, max: 41, avg: 13.13)
Length (states) of path with itp non-trivial itp:       578 (count: 30, min: 3, max: 83, avg: 19.27)
Length (states) of path with itp 'false':                21 (count: 30, min: 0, max: 1, avg: 0.70)
Different non-trivial interpolants along paths:          50 (count: 30, min: 0, max: 15, avg: 1.67)
Equal non-trivial interpolants along paths:             498 (count: 30, min: 2, max: 67, avg: 16.60)
Number of refs with location-based cutoff:                0

CEGAR algorithm statistics
--------------------------
Number of refinements:                30
Number of successful refinements:     30
Number of failed refinements:         0
Max. size of reached set before ref.: 9081
Max. size of reached set after ref.:  4332
Avg. size of reached set before ref.: 3149.37
Avg. size of reached set after ref.:  877.93

Total time for CEGAR algorithm:     895.582s
Time for refinements:               260.945s
Average time for refinement:          8.698s
Max time for refinement:             81.375s

Code Coverage
-----------------------------
  Function coverage:      0.595
  Visited lines:          916
  Total lines:            2164
  Line coverage:          0.423
  Visited conditions:     770
  Total conditions:       2190
  Condition coverage:     0.352

CPAchecker general statistics
-----------------------------
Number of program locations:     3296
Number of CFA edges:             3651
Number of relevant variables:    119
Number of functions:             37
Number of loops:                 1
Size of reached set:             1653
  Number of reached locations:   914 (28%)
    Avg states per location:     1
    Max states per location:     6 (at node N1054)
  Number of reached functions:   22 (59%)
  Number of partitions:          1646
    Avg size of partitions:      1
    Max size of partitions:      3 (with key [N272 (before line 439), Function __startrek_entry_pt_OSEK_Task_ts2 called from node N1226, stack depth 3 [7f13a29e], stack [main, __startrek_hyperperiod, __startrek_entry_pt_OSEK_Task_ts2]])
  Number of target states:       0
  Size of final wait list        32

Time for analysis setup:          4.657s
  Time for loading CPAs:          0.863s
  Time for loading parser:        0.799s
  Time for CFA construction:      2.832s
    Time for parsing file(s):     0.738s
    Time for AST to CFA:          0.849s
    Time for CFA sanity check:    0.303s
    Time for post-processing:     0.746s
      Time for var class.:        0.444s
Time for Analysis:              895.583s
CPU time for analysis:          895.560s
Total time for CPAchecker:      900.246s
Total CPU time for CPAchecker:  900.210s
Time for statistics:              0.155s

Time for Garbage Collector:       0.985s (in 108 runs)
Garbage Collector(s) used:    Copy, MarkSweepCompact
Used heap memory:                 88MB (    84 MiB) max;     60MB (    57 MiB) avg;     91MB (    87 MiB) peak
Used non-heap memory:             38MB (    36 MiB) max;     37MB (    36 MiB) avg;     38MB (    37 MiB) peak
Allocated heap memory:           127MB (   121 MiB) max;    127MB (   121 MiB) avg
Allocated non-heap memory:        40MB (    38 MiB) max;     39MB (    37 MiB) avg
Total process virtual memory:   8400MB (  8011 MiB) max;   8327MB (  7941 MiB) avg

Verification result: UNKNOWN, incomplete analysis.
More details about the verification run can be found in the directory "./output".
