scripts/cpa.sh -Dy-MySearchStrategy-PredAbs-ABElf -heap 5600000000 -timelimit 900 -preprocess -stats -noout -setprop cpa.predicate.memoryAllocationsAlwaysSucceed=true -spec ../sv-benchmarks/c/ReachSafety.prp ../sv-benchmarks/c/ntdrivers/floppy2_true-unreach-call_true-termination.i.cil.c


--------------------------------------------------------------------------------


Running CPAchecker with Java heap of size 5600000000.
Running CPAchecker with default stack size (1024k). Specify a larger value with -stack if needed.
Running CPAchecker with the following extra VM options:  -Djava.io.tmpdir=/tmp/BenchExec_run_xpgafvjg/tmp
Using the following resource limits: CPU-time limit of 900s (ResourceLimitChecker.fromConfiguration, INFO)

CPAchecker (unknown version) (OpenJDK 64-Bit Server VM 1.8.0_151) started (CPAchecker.run, INFO)

line 2019: Dereferencing of non-pointer type PULONG  in expression *Remainder (ASTConverter.convert, WARNING)

line 2270: Function pointer *__cil_tmp28 with type PVOID (*)(POOL_TYPE PoolType, SIZE_T NumberOfBytes, ULONG Tag) is called, but no possible target functions were found. (CFunctionPointerResolver.replaceFunctionPointerCall, WARNING)

MathSAT5 is available for research and evaluation purposes only. It can not be used in a commercial environment, particularly as part of a commercial product, without written permission. MathSAT5 is provided as is, without any warranty. Please write to mathsat@fbk.eu for additional questions regarding licensing MathSAT5 or obtaining more up-to-date versions. (PredicateCPA:JavaSMT:Mathsat5SolverContext.<init>, WARNING)

Using predicate analysis with MathSAT5 version 5.3.14 (0b98b661254c) (Nov 17 2016 10:59:45, gmp 5.1.3, gcc 4.8.5, 64-bit) and JFactory 1.21. (PredicateCPA:PredicateCPA.<init>, INFO)

Using refinement for predicate analysis with PredicateAbstractionRefinementStrategy strategy. (PredicateCPA:PredicateCPARefiner.<init>, INFO)

Starting analysis ... (CPAchecker.runAlgorithm, INFO)

Assuming external function memcpy to be a pure function. (PredicateCPA:ExpressionToFormulaVisitor.visit, INFO)

Assuming external function InterlockedExchange to be a pure function. (PredicateCPA:ExpressionToFormulaVisitor.visit, INFO)

Assuming external function memset to be a pure function. (PredicateCPA:ExpressionToFormulaVisitor.visit, INFO)

Shutdown requested (The CPU-time limit of 900s has elapsed.), waiting for termination. (ForceTerminationOnShutdown$1.shutdownRequested, WARNING)

Warning: Analysis interrupted (The CPU-time limit of 900s has elapsed.) (ShutdownNotifier.shutdownIfNecessary, WARNING)

PredicateCPA statistics
-----------------------
Number of abstractions:            776272 (5% of all post computations)
  Times abstraction was reused:    0
  Because of function entry/exit:  695680 (90%)
  Because of loop head:            68934 (9%)
  Because of join nodes:           0 (0%)
  Because of threshold:            0 (0%)
  Because of target state:         11658 (2%)
  Times precision was empty:       302309 (39%)
  Times precision was {false}:     828 (0%)
  Times result was cached:         470580 (61%)
  Times cartesian abs was used:    0 (0%)
  Times boolean abs was used:      2555 (0%)
  Times result was 'false':        146782 (19%)
Number of strengthen sat checks:   0
Number of coverage checks:         2219666
  BDD entailment checks:           1370496
Number of SMT sat checks:          0
  trivial:                         0
  cached:                          0

Max ABE block size:                       562
Number of predicates discovered:          61
Number of abstraction locations:          179
Max number of predicates per location:    19
Avg number of predicates per location:    3
Total predicates per abstraction:         3096281
Max number of predicates per abstraction: 19
Avg number of predicates per abstraction: 915.25
Number of irrelevant predicates:          695637 (22%)
Number of preds handled by boolean abs:   15880 (1%)
  Total number of models for allsat:      8823
  Max number of models for allsat:        17
  Avg number of models for allsat:        3.45

Time for post operator:                 51.808s
  Time for path formula creation:       47.008s
Time for strengthen operator:            9.749s
Time for prec operator:                161.315s
  Time for abstraction:                151.229s (Max:     0.186s, Count: 776272)
    Boolean abstraction:                 5.457s
    Solving time:                        4.694s (Max:     0.063s)
    Model enumeration time:              0.730s
    Time for BDD construction:           0.306s (Max:     0.014s)
Time for merge operator:                 2.835s
Time for coverage check:                 1.459s
  Time for BDD entailment checks:        1.113s
Total time for SMT solver (w/o itp):     5.424s

Number of path formula cache hits:   15868134 (100%)

Inside post operator:                  
  Inside path formula creation:        
    Time for path formula computation:     3.583s

Total number of created targets for pointer analysis: 42
   Number of created targets for uf: *unsigned_short_int is 11
   Number of created targets for uf: *enum__CONFIGURATION_TYPE is 3
   Number of created targets for uf: *char is 2


Number of BDD nodes:                               20673
Size of BDD node table:                            270749
Size of BDD cache:                                 27073
Size of BDD node cleanup queue:                       11201 (count: 1700086, min: 0, max: 902, avg: 0.01)
Time for BDD node cleanup:                             0.211s
Time for BDD garbage collection:                       0.000s (in 0 runs)

PrecisionBootstrap statistics
-----------------------------
Init. function predicates:                         0
Init. global predicates:                           0
Init. location predicates:                         0

Invariant Generation statistics
-------------------------------

AutomatonAnalysis (SVCOMP) statistics
-------------------------------------
Number of states:                                  1
Total time for successor computation:                 17.210s
  Time for transition matches:                         9.830s
  Time for transition assertions:                      0.006s
  Time for transition actions:                         0.045s
Automaton transfers with branching:                0
Automaton transfer successors:                     14854521 (count: 14854778, min: 0, max: 1, avg: 1.00) [0 x 257, 1 x 14854521]

CPA algorithm statistics
------------------------
Number of iterations:            5588226
Max size of waitlist:            22
Average size of waitlist:        10
Number of computed successors:   6331758
Max successors for one state:    2
Number of times merged:          424585
Number of times stopped:         558559
Number of times breaked:         11658

Total time for CPA algorithm:       376.531s (Max:     0.796s)
  Time for choose from waitlist:      1.936s
  Time for precision adjustment:    190.203s
  Time for transfer relation:       150.763s
  Time for merge operator:            7.552s
  Time for stop operator:             7.800s
  Time for adding to reached set:     7.233s

Predicate-Abstraction Refiner statistics
----------------------------------------
Number of predicate refinements:                   11658
Avg. length of target path (in blocks):              635568 (count: 11658, min: 8, max: 102, avg: 54.52)
Number of infeasible sliced prefixes:                     0 (count: 0, min: 0, max: 0, avg: 0.00)

Time for refinement:                                 469.167s
  Counterexample analysis:                           452.664s (Max:     0.158s, Calls: 11658)
    Refinement sat check:                            255.464s
    Interpolant computation:                           0.000s
  Path-formulas extraction:                            0.271s
  Error path post-processing:                          0.000s
  Predicate creation:                                  1.524s
  Precision update:                                    3.508s
  ARG update:                                          7.788s

Length of refined path (in blocks):                  597424 (count: 11658, min: 6, max: 101, avg: 51.25)
Number of affected states:                           199509 (count: 11658, min: 0, max: 53, avg: 17.11)
Length (states) of path with itp 'true':             386257 (count: 11658, min: 0, max: 53, avg: 33.13)
Length (states) of path with itp non-trivial itp:    199509 (count: 11658, min: 0, max: 53, avg: 17.11)
Length (states) of path with itp 'false':             11658 (count: 11658, min: 1, max: 1, avg: 1.00)
Different non-trivial interpolants along paths:       50561 (count: 11658, min: 0, max: 15, avg: 4.34)
Equal non-trivial interpolants along paths:          137299 (count: 11658, min: 0, max: 50, avg: 11.78)
Number of refs with location-based cutoff:                0

CEGAR algorithm statistics
--------------------------
Number of refinements:                11658
Number of successful refinements:     11658
Number of failed refinements:         0
Max. size of reached set before ref.: 8257
Max. size of reached set after ref.:  8191
Avg. size of reached set before ref.: 3516.52
Avg. size of reached set after ref.:  3034.51

Total time for CEGAR algorithm:     891.567s
Time for refinements:               496.901s
Average time for refinement:          0.042s
Max time for refinement:              0.172s

Code Coverage
-----------------------------
  Function coverage:      0.393
  Visited lines:          3665
  Total lines:            15947
  Line coverage:          0.230
  Visited conditions:     267
  Total conditions:       1208
  Condition coverage:     0.221

CPAchecker general statistics
-----------------------------
Number of program locations:     17348
Number of CFA edges:             18212
Number of relevant variables:    5714
Number of functions:             122
Number of loops:                 19
Size of reached set:             7234
  Number of reached locations:   940 (5%)
    Avg states per location:     7
    Max states per location:     96 (at node N5550)
  Number of reached functions:   48 (39%)
  Number of partitions:          7109
    Avg size of partitions:      1
    Max size of partitions:      28 (with key [N5617 (before lines 8438-8480), Function FloppyStartDevice called from node N4545, stack depth 3 [4ae9bdc2], stack [main, FloppyPnp, FloppyStartDevice]])
  Number of target states:       0
  Size of final wait list        11

Time for analysis setup:          8.678s
  Time for loading CPAs:          1.163s
  Time for loading parser:        0.721s
  Time for CFA construction:      6.624s
    Time for parsing file(s):     1.527s
    Time for AST to CFA:          2.267s
    Time for CFA sanity check:    0.660s
    Time for post-processing:     1.940s
      Time for var class.:        0.974s
Time for Analysis:              891.567s
CPU time for analysis:          891.460s
Total time for CPAchecker:      900.257s
Total CPU time for CPAchecker:  900.130s
Time for statistics:              0.328s

Time for Garbage Collector:      13.827s (in 3185 runs)
Garbage Collector(s) used:    Copy, MarkSweepCompact
Used heap memory:                133MB (   127 MiB) max;     89MB (    85 MiB) avg;    137MB (   131 MiB) peak
Used non-heap memory:             41MB (    39 MiB) max;     40MB (    38 MiB) avg;     41MB (    39 MiB) peak
Allocated heap memory:           137MB (   131 MiB) max;    133MB (   127 MiB) avg
Allocated non-heap memory:        43MB (    41 MiB) max;     43MB (    41 MiB) avg
Total process virtual memory:   8220MB (  7839 MiB) max;   8162MB (  7784 MiB) avg

Verification result: UNKNOWN, incomplete analysis.
More details about the verification run can be found in the directory "./output".
