scripts/cpa.sh -Dy-MySearchStrategy-PredAbs-ABElf -heap 5600000000 -timelimit 900 -preprocess -stats -noout -setprop cpa.predicate.memoryAllocationsAlwaysSucceed=true -spec ../sv-benchmarks/c/ReachSafety.prp ../sv-benchmarks/c/ldv-regression/test_union_cast_true-termination.c_true-unreach-call.i


--------------------------------------------------------------------------------


Running CPAchecker with Java heap of size 5600000000.
Running CPAchecker with default stack size (1024k). Specify a larger value with -stack if needed.
Running CPAchecker with the following extra VM options:  -Djava.io.tmpdir=/tmp/BenchExec_run_q_iasd8s/tmp
Using the following resource limits: CPU-time limit of 900s (ResourceLimitChecker.fromConfiguration, INFO)

CPAchecker (unknown version) (OpenJDK 64-Bit Server VM 1.8.0_151) started (CPAchecker.run, INFO)

MathSAT5 is available for research and evaluation purposes only. It can not be used in a commercial environment, particularly as part of a commercial product, without written permission. MathSAT5 is provided as is, without any warranty. Please write to mathsat@fbk.eu for additional questions regarding licensing MathSAT5 or obtaining more up-to-date versions. (PredicateCPA:JavaSMT:Mathsat5SolverContext.<init>, WARNING)

Using predicate analysis with MathSAT5 version 5.3.14 (0b98b661254c) (Nov 17 2016 10:59:45, gmp 5.1.3, gcc 4.8.5, 64-bit) and JFactory 1.21. (PredicateCPA:PredicateCPA.<init>, INFO)

Using refinement for predicate analysis with PredicateAbstractionRefinementStrategy strategy. (PredicateCPA:PredicateCPARefiner.<init>, INFO)

Starting analysis ... (CPAchecker.runAlgorithm, INFO)

Stopping analysis ... (CPAchecker.runAlgorithm, INFO)

PredicateCPA statistics
-----------------------
Number of abstractions:            4 (21% of all post computations)
  Times abstraction was reused:    0
  Because of function entry/exit:  3 (75%)
  Because of loop head:            0 (0%)
  Because of join nodes:           0 (0%)
  Because of threshold:            0 (0%)
  Because of target state:         1 (25%)
  Times precision was empty:       3 (75%)
  Times precision was {false}:     1 (25%)
  Times result was cached:         0 (0%)
  Times cartesian abs was used:    0 (0%)
  Times boolean abs was used:      0 (0%)
  Times result was 'false':        1 (25%)
Number of strengthen sat checks:   0
Number of coverage checks:         0
  BDD entailment checks:           0
Number of SMT sat checks:          0
  trivial:                         0
  cached:                          0

Max ABE block size:                       4
Number of predicates discovered:          1
Number of abstraction locations:          1
Max number of predicates per location:    1
Avg number of predicates per location:    1
Total predicates per abstraction:         1
Max number of predicates per abstraction: 1
Avg number of predicates per abstraction: 1.00
Number of irrelevant predicates:          1 (100%)

Time for post operator:                  0.046s
  Time for path formula creation:        0.038s
Time for strengthen operator:            0.000s
Time for prec operator:                  0.012s
  Time for abstraction:                  0.010s (Max:     0.009s, Count: 4)
    Solving time:                        0.000s (Max:     0.000s)
    Model enumeration time:              0.000s
    Time for BDD construction:           0.000s (Max:     0.000s)
Time for merge operator:                 0.000s
Time for coverage check:                 0.000s
Total time for SMT solver (w/o itp):     0.000s

Number of path formula cache hits:   1 (5%)

Inside post operator:                  
  Inside path formula creation:        
    Time for path formula computation:     0.038s

Total number of created targets for pointer analysis: 1
   Number of created targets for uf: *double is 2


Number of BDD nodes:                               202
Size of BDD node table:                            270749
Size of BDD cache:                                 27073
Size of BDD node cleanup queue:                           0 (count: 11, min: 0, max: 0, avg: 0.00)
Time for BDD node cleanup:                             0.000s
Time for BDD garbage collection:                       0.000s (in 0 runs)

PrecisionBootstrap statistics
-----------------------------
Init. function predicates:                         0
Init. global predicates:                           0
Init. location predicates:                         0

Invariant Generation statistics
-------------------------------

AutomatonAnalysis (SVCOMP) statistics
-------------------------------------
Number of states:                                  1
Total time for successor computation:                  0.037s
Automaton transfers with branching:                0
Automaton transfer successors:                           19 (count: 19, min: 1, max: 1, avg: 1.00) [1 x 19]

CPA algorithm statistics
------------------------
Number of iterations:            12
Max size of waitlist:            2
Average size of waitlist:        1
Number of computed successors:   12
Max successors for one state:    2
Number of times merged:          0
Number of times stopped:         0
Number of times breaked:         1

Total time for CPA algorithm:         0.109s (Max:     0.098s)
  Time for choose from waitlist:      0.002s
  Time for precision adjustment:      0.019s
  Time for transfer relation:         0.087s
  Time for stop operator:             0.001s
  Time for adding to reached set:     0.000s

Predicate-Abstraction Refiner statistics
----------------------------------------
Number of predicate refinements:                   1
Avg. length of target path (in blocks):                   2 (count: 1, min: 2, max: 2, avg: 2.00)
Number of infeasible sliced prefixes:                     0 (count: 0, min: 0, max: 0, avg: 0.00)

Time for refinement:                                   0.011s
  Counterexample analysis:                             0.007s (Max:     0.007s, Calls: 1)
    Refinement sat check:                              0.002s
    Interpolant computation:                           0.000s
  Path-formulas extraction:                            0.000s
  Error path post-processing:                          0.000s
  Predicate creation:                                  0.000s
  Precision update:                                    0.000s
  ARG update:                                          0.001s

Length of refined path (in blocks):                       1 (count: 1, min: 1, max: 1, avg: 1.00)
Number of affected states:                                0 (count: 1, min: 0, max: 0, avg: 0.00)
Length (states) of path with itp 'true':                  0 (count: 1, min: 0, max: 0, avg: 0.00)
Length (states) of path with itp non-trivial itp:         0 (count: 1, min: 0, max: 0, avg: 0.00)
Length (states) of path with itp 'false':                 1 (count: 1, min: 1, max: 1, avg: 1.00)
Different non-trivial interpolants along paths:           0 (count: 1, min: 0, max: 0, avg: 0.00)
Equal non-trivial interpolants along paths:               0 (count: 1, min: 0, max: 0, avg: 0.00)
Number of refs with location-based cutoff:                0

CEGAR algorithm statistics
--------------------------
Number of refinements:                1
Number of successful refinements:     1
Number of failed refinements:         0
Max. size of reached set before ref.: 10
Max. size of reached set after ref.:  6
Avg. size of reached set before ref.: 10.00
Avg. size of reached set after ref.:  6.00

Total time for CEGAR algorithm:       0.131s
Time for refinements:                 0.022s
Average time for refinement:          0.022s
Max time for refinement:              0.022s

Code Coverage
-----------------------------
  Function coverage:      0.500
  Visited lines:          6
  Total lines:            7
  Line coverage:          0.857
  Visited conditions:     2
  Total conditions:       2
  Condition coverage:     1.000

CPAchecker general statistics
-----------------------------
Number of program locations:     20
Number of CFA edges:             20
Number of relevant variables:    1
Number of functions:             2
Number of loops:                 0
Size of reached set:             8
  Number of reached locations:   8 (40%)
    Avg states per location:     1
    Max states per location:     1 (at node N5)
  Number of reached functions:   1 (50%)
  Number of partitions:          8
    Avg size of partitions:      1
    Max size of partitions:      1
  Number of target states:       0

Time for analysis setup:          1.626s
  Time for loading CPAs:          0.467s
  Time for loading parser:        0.454s
  Time for CFA construction:      0.623s
    Time for parsing file(s):     0.227s
    Time for AST to CFA:          0.197s
    Time for CFA sanity check:    0.010s
    Time for post-processing:     0.075s
      Time for var class.:        0.036s
Time for Analysis:                0.131s
CPU time for analysis:            0.130s
Time for analyzing result:        0.000s
Total time for CPAchecker:        1.760s
Total CPU time for CPAchecker:    1.760s
Time for statistics:              0.035s

Time for Garbage Collector:       0.072s (in 4 runs)
Garbage Collector(s) used:    Copy, MarkSweepCompact
Used heap memory:                 40MB (    38 MiB) max;     25MB (    24 MiB) avg;     62MB (    59 MiB) peak
Used non-heap memory:             28MB (    27 MiB) max;     20MB (    19 MiB) avg;     29MB (    27 MiB) peak
Allocated heap memory:           127MB (   121 MiB) max;    127MB (   121 MiB) avg
Allocated non-heap memory:        29MB (    28 MiB) max;     21MB (    20 MiB) avg
Total process virtual memory:   8085MB (  7711 MiB) max;   7974MB (  7605 MiB) avg

Verification result: TRUE. No property violation found by chosen configuration.
More details about the verification run can be found in the directory "./output".
