scripts/cpa.sh -Dy-MySearchStrategy-PredAbs-ABElf -heap 5600000000 -timelimit 30 -preprocess -stats -noout -setprop cpa.predicate.memoryAllocationsAlwaysSucceed=true -spec ../sv-benchmarks/c/ReachSafety.prp ../sv-benchmarks/c/ldv-consumption/32_7a_cilled_true-unreach-call_linux-3.8-rc1-32_7a-drivers--media--pci--bt8xx--dst.ko-ldv_main0_sequence_infinite_withcheck_stateful.cil.out.c


--------------------------------------------------------------------------------


Running CPAchecker with Java heap of size 5600000000.
Running CPAchecker with default stack size (1024k). Specify a larger value with -stack if needed.
Running CPAchecker with the following extra VM options:  -Djava.io.tmpdir=/tmp/BenchExec_run_rqxdzytj/tmp
Using the following resource limits: CPU-time limit of 30s (ResourceLimitChecker.fromConfiguration, INFO)

CPAchecker (unknown version) (OpenJDK 64-Bit Server VM 1.8.0_151) started (CPAchecker.run, INFO)

line 6345: Dead code detected: __ms = 3UL; (CFACreationUtils.addEdgeToCFA, INFO)

line 6443: Dead code detected: __ms___0 = 3UL; (CFACreationUtils.addEdgeToCFA, INFO)

line 8083: Dead code detected: return (ldv_func_res); (CFACreationUtils.addEdgeToCFA, INFO)

MathSAT5 is available for research and evaluation purposes only. It can not be used in a commercial environment, particularly as part of a commercial product, without written permission. MathSAT5 is provided as is, without any warranty. Please write to mathsat@fbk.eu for additional questions regarding licensing MathSAT5 or obtaining more up-to-date versions. (PredicateCPA:JavaSMT:Mathsat5SolverContext.<init>, WARNING)

Using predicate analysis with MathSAT5 version 5.3.14 (0b98b661254c) (Nov 17 2016 10:59:45, gmp 5.1.3, gcc 4.8.5, 64-bit) and JFactory 1.21. (PredicateCPA:PredicateCPA.<init>, INFO)

Using refinement for predicate analysis with PredicateAbstractionRefinementStrategy strategy. (PredicateCPA:PredicateCPARefiner.<init>, INFO)

Starting analysis ... (CPAchecker.runAlgorithm, INFO)

Assuming external function ldv_handler_precall to be a constant function. (PredicateCPA:ExpressionToFormulaVisitor.visit, INFO)

Assuming external function mutex_lock to be a pure function. (PredicateCPA:ExpressionToFormulaVisitor.visit, INFO)

Assuming external function bt878_device_control to be a pure function. (PredicateCPA:ExpressionToFormulaVisitor.visit, INFO)

Assuming external function __const_udelay to be a pure function. (PredicateCPA:ExpressionToFormulaVisitor.visit, INFO)

Assuming external function msleep to be a pure function. (PredicateCPA:ExpressionToFormulaVisitor.visit, INFO)

Assuming external function mutex_unlock to be a pure function. (PredicateCPA:ExpressionToFormulaVisitor.visit, INFO)

Assuming external function i2c_transfer to be a pure function. (PredicateCPA:ExpressionToFormulaVisitor.visit, INFO)

Assuming external function dvb_unregister_device to be a pure function. (PredicateCPA:ExpressionToFormulaVisitor.visit, INFO)

Assuming external function __symbol_put to be a pure function. (PredicateCPA:ExpressionToFormulaVisitor.visit, INFO)

Shutdown requested (The CPU-time limit of 30s has elapsed.), waiting for termination. (ForceTerminationOnShutdown$1.shutdownRequested, WARNING)

Warning: Analysis interrupted (The CPU-time limit of 30s has elapsed.) (ShutdownNotifier.shutdownIfNecessary, WARNING)

PredicateCPA statistics
-----------------------
Number of abstractions:            21707 (3% of all post computations)
  Times abstraction was reused:    0
  Because of function entry/exit:  19957 (92%)
  Because of loop head:            1598 (7%)
  Because of join nodes:           0 (0%)
  Because of threshold:            0 (0%)
  Because of target state:         152 (1%)
  Times precision was empty:       4572 (21%)
  Times precision was {false}:     171 (1%)
  Times result was cached:         16796 (77%)
  Times cartesian abs was used:    0 (0%)
  Times boolean abs was used:      168 (1%)
  Times result was 'false':        608 (3%)
Number of strengthen sat checks:   0
Number of coverage checks:         327571
  BDD entailment checks:           2651
Number of SMT sat checks:          0
  trivial:                         0
  cached:                          0

Max ABE block size:                       48
Number of predicates discovered:          6
Number of abstraction locations:          64
Max number of predicates per location:    4
Avg number of predicates per location:    1
Total predicates per abstraction:         17204
Max number of predicates per abstraction: 4
Avg number of predicates per abstraction: 50.75
Number of irrelevant predicates:          4239 (25%)
Number of preds handled by boolean abs:   193 (1%)
  Total number of models for allsat:      168
  Max number of models for allsat:        1
  Avg number of models for allsat:        1.00

Time for post operator:                  3.684s
  Time for path formula creation:        3.429s
Time for strengthen operator:            0.439s
Time for prec operator:                  3.784s
  Time for abstraction:                  3.198s (Max:     0.022s, Count: 21707)
    Boolean abstraction:                 0.249s
    Solving time:                        0.339s (Max:     0.017s)
    Model enumeration time:              0.017s
    Time for BDD construction:           0.023s (Max:     0.005s)
Time for merge operator:                 0.784s
Time for coverage check:                 0.045s
  Time for BDD entailment checks:        0.024s
Total time for SMT solver (w/o itp):     0.356s

Number of path formula cache hits:   798465 (97%)

Inside post operator:                  
  Inside path formula creation:        
    Time for path formula computation:     2.330s

Total number of created targets for pointer analysis: 2227
   Number of created targets for uf: *unsigned_char is 47
   Number of created targets for uf: *unsigned_int is 66
   Number of created targets for uf: *unsigned_long_int is 5


Number of BDD nodes:                               209
Size of BDD node table:                            270749
Size of BDD cache:                                 27073
Size of BDD node cleanup queue:                         384 (count: 9121, min: 0, max: 74, avg: 0.04)
Time for BDD node cleanup:                             0.009s
Time for BDD garbage collection:                       0.000s (in 0 runs)

PrecisionBootstrap statistics
-----------------------------
Init. function predicates:                         0
Init. global predicates:                           0
Init. location predicates:                         0

Invariant Generation statistics
-------------------------------

AutomatonAnalysis (SVCOMP) statistics
-------------------------------------
Number of states:                                  1
Total time for successor computation:                  0.817s
  Time for transition matches:                         0.370s
  Time for transition assertions:                      0.000s
  Time for transition actions:                         0.003s
Automaton transfers with branching:                0
Automaton transfer successors:                       643742 (count: 643742, min: 1, max: 1, avg: 1.00) [1 x 643742]

CPA algorithm statistics
------------------------
Number of iterations:            440581
Max size of waitlist:            63
Average size of waitlist:        50
Number of computed successors:   606911
Max successors for one state:    2
Number of times merged:          162460
Number of times stopped:         164748
Number of times breaked:         152

Total time for CPA algorithm:        19.023s (Max:     0.835s)
  Time for choose from waitlist:      0.199s
  Time for precision adjustment:      6.160s
  Time for transfer relation:         8.384s
  Time for merge operator:            1.986s
  Time for stop operator:             0.566s
  Time for adding to reached set:     0.598s

Predicate-Abstraction Refiner statistics
----------------------------------------
Number of predicate refinements:                   152
Avg. length of target path (in blocks):                5225 (count: 152, min: 6, max: 49, avg: 34.38)
Number of infeasible sliced prefixes:                     0 (count: 0, min: 0, max: 0, avg: 0.00)

Time for refinement:                                   5.491s
  Counterexample analysis:                             4.277s (Max:     0.081s, Calls: 152)
    Refinement sat check:                              3.482s
    Interpolant computation:                           0.000s
  Path-formulas extraction:                            0.019s
  Error path post-processing:                          0.000s
  Predicate creation:                                  0.079s
  Precision update:                                    0.057s
  ARG update:                                          0.956s

Length of refined path (in blocks):                    5042 (count: 151, min: 5, max: 48, avg: 33.39)
Number of affected states:                             3732 (count: 151, min: 3, max: 39, avg: 24.72)
Length (states) of path with itp 'true':               1159 (count: 151, min: 1, max: 8, avg: 7.68)
Length (states) of path with itp non-trivial itp:      3732 (count: 151, min: 3, max: 39, avg: 24.72)
Length (states) of path with itp 'false':               151 (count: 151, min: 1, max: 1, avg: 1.00)
Different non-trivial interpolants along paths:           0 (count: 151, min: 0, max: 0, avg: 0.00)
Equal non-trivial interpolants along paths:            3581 (count: 151, min: 2, max: 38, avg: 23.72)
Number of refs with location-based cutoff:                0

CEGAR algorithm statistics
--------------------------
Number of refinements:                152
Number of successful refinements:     151
Number of failed refinements:         0
Max. size of reached set before ref.: 16203
Max. size of reached set after ref.:  12054
Avg. size of reached set before ref.: 7716.08
Avg. size of reached set after ref.:  4842.97

Total time for CEGAR algorithm:      26.090s
Time for refinements:                 6.651s
Average time for refinement:          0.043s
Max time for refinement:              0.108s

Code Coverage
-----------------------------
  Function coverage:      0.390
  Visited lines:          1690
  Total lines:            3269
  Line coverage:          0.517
  Visited conditions:     940
  Total conditions:       2328
  Condition coverage:     0.404

CPAchecker general statistics
-----------------------------
Number of program locations:     4977
Number of CFA edges:             6246
Number of relevant variables:    374
Number of functions:             100
Number of loops:                 11
Size of reached set:             14534
  Number of reached locations:   1385 (28%)
    Avg states per location:     10
    Max states per location:     92 (at node N7)
  Number of reached functions:   39 (39%)
  Number of partitions:          14534
    Avg size of partitions:      1
    Max size of partitions:      1
  Number of target states:       1
  Size of final wait list        51

Time for analysis setup:          4.268s
  Time for loading CPAs:          0.789s
  Time for loading parser:        0.451s
  Time for CFA construction:      2.926s
    Time for parsing file(s):     0.735s
    Time for AST to CFA:          0.985s
    Time for CFA sanity check:    0.336s
    Time for post-processing:     0.771s
      Time for var class.:        0.409s
Time for Analysis:               26.090s
CPU time for analysis:           26.090s
Total time for CPAchecker:       30.361s
Total CPU time for CPAchecker:   30.350s
Time for statistics:              0.296s

Time for Garbage Collector:       1.196s (in 170 runs)
Garbage Collector(s) used:    Copy, MarkSweepCompact
Used heap memory:                 90MB (    86 MiB) max;     56MB (    53 MiB) avg;     93MB (    89 MiB) peak
Used non-heap memory:             38MB (    36 MiB) max;     35MB (    34 MiB) avg;     39MB (    37 MiB) peak
Allocated heap memory:           127MB (   121 MiB) max;    127MB (   121 MiB) avg
Allocated non-heap memory:        40MB (    38 MiB) max;     37MB (    36 MiB) avg
Total process virtual memory:   8086MB (  7711 MiB) max;   8076MB (  7702 MiB) avg

Verification result: UNKNOWN, incomplete analysis.
More details about the verification run can be found in the directory "./output".
