scripts/cpa.sh -Dy-MySearchStrategy-PredAbs-ABElf -heap 5600000000 -timelimit 900 -preprocess -stats -noout -setprop cpa.predicate.memoryAllocationsAlwaysSucceed=true -spec ../sv-benchmarks/c/ReachSafety.prp ../sv-benchmarks/c/ldv-linux-4.2-rc1/linux-4.2-rc1.tar.xz-43_2a-drivers--usb--gadget--udc--bdc--bdc.ko-entry_point_true-unreach-call.cil.out.c


--------------------------------------------------------------------------------


Running CPAchecker with Java heap of size 5600000000.
Running CPAchecker with default stack size (1024k). Specify a larger value with -stack if needed.
Running CPAchecker with the following extra VM options:  -Djava.io.tmpdir=/tmp/BenchExec_run_cwz_er4n/tmp
Using the following resource limits: CPU-time limit of 900s (ResourceLimitChecker.fromConfiguration, INFO)

CPAchecker (unknown version) (OpenJDK 64-Bit Server VM 1.8.0_162) started (CPAchecker.run, INFO)

Inline assembler ignored, analysis is probably unsound! (CFABuilder.createCFA, WARNING)

line 9665: Function pointer *(bdc->gadget_driver->disconnect) with type void (*)(struct usb_gadget *) is called, but no possible target functions were found. (CFunctionPointerResolver.replaceFunctionPointerCall, WARNING)

line 8298: Function pointer *(bdc->gadget_driver->setup) with type int (*)(struct usb_gadget *, const struct usb_ctrlrequest *) is called, but no possible target functions were found. (CFunctionPointerResolver.replaceFunctionPointerCall, WARNING)

line 9821: Function pointer *(bdc->gadget_driver->resume) with type void (*)(struct usb_gadget *) is called, but no possible target functions were found. (CFunctionPointerResolver.replaceFunctionPointerCall, WARNING)

line 9774: Function pointer *(bdc->gadget_driver->suspend) with type void (*)(struct usb_gadget *) is called, but no possible target functions were found. (CFunctionPointerResolver.replaceFunctionPointerCall, WARNING)

MathSAT5 is available for research and evaluation purposes only. It can not be used in a commercial environment, particularly as part of a commercial product, without written permission. MathSAT5 is provided as is, without any warranty. Please write to mathsat@fbk.eu for additional questions regarding licensing MathSAT5 or obtaining more up-to-date versions. (PredicateCPA:JavaSMT:Mathsat5SolverContext.<init>, WARNING)

Using predicate analysis with MathSAT5 version 5.3.14 (0b98b661254c) (Nov 17 2016 10:59:45, gmp 5.1.3, gcc 4.8.5, 64-bit) and JFactory 1.21. (PredicateCPA:PredicateCPA.<init>, INFO)

Using refinement for predicate analysis with PredicateAbstractionRefinementStrategy strategy. (PredicateCPA:PredicateCPARefiner.<init>, INFO)

Starting analysis ... (CPAchecker.runAlgorithm, INFO)

Assuming external function ldv_initialize to be a constant function. (PredicateCPA:ExpressionToFormulaVisitor.visit, INFO)

Assuming external function __platform_driver_register to be a pure function. (PredicateCPA:ExpressionToFormulaVisitor.visit, INFO)

Assuming external function dev_warn to be a pure function. (PredicateCPA:ExpressionToFormulaVisitor.visit, INFO)

Assuming external function platform_driver_unregister to be a pure function. (PredicateCPA:ExpressionToFormulaVisitor.visit, INFO)

Assuming external function __dynamic_dev_dbg to be a pure function. (PredicateCPA:ExpressionToFormulaVisitor.visit, INFO)

Assuming external function devm_kmalloc to be a pure function. (PredicateCPA:ExpressionToFormulaVisitor.visit, INFO)

Assuming external function platform_get_resource to be a pure function. (PredicateCPA:ExpressionToFormulaVisitor.visit, INFO)

Assuming external function devm_ioremap_resource to be a pure function. (PredicateCPA:ExpressionToFormulaVisitor.visit, INFO)

Assuming external function ldv_check_final_state to be a constant function. (PredicateCPA:ExpressionToFormulaVisitor.visit, INFO)

Assuming external function dev_err to be a pure function. (PredicateCPA:ExpressionToFormulaVisitor.visit, INFO)

Assuming external function list_del to be a pure function. (PredicateCPA:ExpressionToFormulaVisitor.visit, INFO)

Assuming external function usb_gadget_unmap_request to be a pure function. (PredicateCPA:ExpressionToFormulaVisitor.visit, INFO)

Assuming external function _raw_spin_unlock to be a pure function. (PredicateCPA:ExpressionToFormulaVisitor.visit, INFO)

Assuming external function usb_gadget_giveback_request to be a pure function. (PredicateCPA:ExpressionToFormulaVisitor.visit, INFO)

Assuming external function _raw_spin_lock to be a pure function. (PredicateCPA:ExpressionToFormulaVisitor.visit, INFO)

Assuming external function __dynamic_pr_debug to be a pure function. (PredicateCPA:ExpressionToFormulaVisitor.visit, INFO)

Assuming external function _raw_spin_unlock_irqrestore to be a pure function. (PredicateCPA:ExpressionToFormulaVisitor.visit, INFO)

Assuming external function usb_gadget_map_request to be a pure function. (PredicateCPA:ExpressionToFormulaVisitor.visit, INFO)

Assuming external function __list_add to be a pure function. (PredicateCPA:ExpressionToFormulaVisitor.visit, INFO)

Assuming external function ___ratelimit to be a pure function. (PredicateCPA:ExpressionToFormulaVisitor.visit, INFO)

Assuming external function __const_udelay to be a pure function. (PredicateCPA:ExpressionToFormulaVisitor.visit, INFO)

Assuming external function platform_get_irq to be a pure function. (PredicateCPA:ExpressionToFormulaVisitor.visit, INFO)

Assuming external function __raw_spin_lock_init to be a pure function. (PredicateCPA:ExpressionToFormulaVisitor.visit, INFO)

Assuming external function dma_set_mask to be a pure function. (PredicateCPA:ExpressionToFormulaVisitor.visit, INFO)

Assuming external function dma_supported to be a pure function. (PredicateCPA:ExpressionToFormulaVisitor.visit, INFO)

Assuming external function devm_request_threaded_irq to be a pure function. (PredicateCPA:ExpressionToFormulaVisitor.visit, INFO)

Assuming external function dma_free_attrs to be a pure function. (PredicateCPA:ExpressionToFormulaVisitor.visit, INFO)

Assuming external function dma_pool_destroy to be a pure function. (PredicateCPA:ExpressionToFormulaVisitor.visit, INFO)

Assuming external function dma_pool_create to be a pure function. (PredicateCPA:ExpressionToFormulaVisitor.visit, INFO)

Assuming external function memset to be a pure function. (PredicateCPA:ExpressionToFormulaVisitor.visit, INFO)

Assuming external function snprintf to be a pure function. (PredicateCPA:ExpressionToFormulaVisitor.visit, INFO)

Assuming external function usb_add_gadget_udc to be a pure function. (PredicateCPA:ExpressionToFormulaVisitor.visit, INFO)

Assuming external function usb_gadget_set_state to be a pure function. (PredicateCPA:ExpressionToFormulaVisitor.visit, INFO)

Assuming external function dma_pool_free to be a pure function. (PredicateCPA:ExpressionToFormulaVisitor.visit, INFO)

Assuming external function __init_work to be a pure function. (PredicateCPA:ExpressionToFormulaVisitor.visit, INFO)

Assuming external function lockdep_init_map to be a pure function. (PredicateCPA:ExpressionToFormulaVisitor.visit, INFO)

Assuming external function usb_del_gadget_udc to be a pure function. (PredicateCPA:ExpressionToFormulaVisitor.visit, INFO)

Assuming external function init_timer_key to be a pure function. (PredicateCPA:ExpressionToFormulaVisitor.visit, INFO)

Shutdown requested (The CPU-time limit of 900s has elapsed.), waiting for termination. (ForceTerminationOnShutdown$1.shutdownRequested, WARNING)

Warning: Analysis interrupted (The CPU-time limit of 900s has elapsed.) (ShutdownNotifier.shutdownIfNecessary, WARNING)

PredicateCPA statistics
-----------------------
Number of abstractions:            1861251 (16% of all post computations)
  Times abstraction was reused:    0
  Because of function entry/exit:  1767524 (95%)
  Because of loop head:            85537 (5%)
  Because of join nodes:           0 (0%)
  Because of threshold:            0 (0%)
  Because of target state:         8190 (0%)
  Times precision was empty:       404101 (22%)
  Times precision was {false}:     3479 (0%)
  Times result was cached:         1441712 (77%)
  Times cartesian abs was used:    0 (0%)
  Times boolean abs was used:      11959 (1%)
  Times result was 'false':        24398 (1%)
Number of strengthen sat checks:   0
Number of coverage checks:         1670691
  BDD entailment checks:           664153
Number of SMT sat checks:          0
  trivial:                         0
  cached:                          0

Max ABE block size:                       33
Number of predicates discovered:          32
Number of abstraction locations:          350
Max number of predicates per location:    16
Avg number of predicates per location:    2
Total predicates per abstraction:         5411703
Max number of predicates per abstraction: 16
Avg number of predicates per abstraction: 350.54
Number of irrelevant predicates:          4295603 (79%)
Number of preds handled by boolean abs:   34452 (1%)
  Total number of models for allsat:      23914
  Max number of models for allsat:        72
  Avg number of models for allsat:        2.00

Time for post operator:                 75.958s
  Time for path formula creation:       71.678s
Time for strengthen operator:            8.858s
Time for prec operator:                202.338s
  Time for abstraction:                183.936s (Max:     1.495s, Count: 1861251)
    Boolean abstraction:                11.148s
    Solving time:                        9.656s (Max:     0.017s)
    Model enumeration time:              1.974s
    Time for BDD construction:           0.486s (Max:     0.010s)
Time for merge operator:                 4.223s
Time for coverage check:                 0.731s
  Time for BDD entailment checks:        0.494s
Total time for SMT solver (w/o itp):    11.630s

Number of path formula cache hits:   12980983 (92%)

Inside post operator:                  
  Inside path formula creation:        
    Time for path formula computation:    37.715s

Total number of created targets for pointer analysis: 11598
   Number of created targets for uf: *unsigned_short_int is 131
   Number of created targets for uf: *(void)* is 65
   Number of created targets for uf: *(struct_usb_ss_ep_comp_descriptor)* is 97
   Number of created targets for uf: *unsigned_char is 298
   Number of created targets for uf: *(struct_list_head)* is 179
   Number of created targets for uf: *(struct_usb_ep)* is 97
   Number of created targets for uf: *enum_usb_device_speed is 33
   Number of created targets for uf: *(Return_type:_[void],_Parameters:_2,_Parameter_1_type:_[(struct_usb_ep)*],_Parameter_2_type:_[(struct_usb_request)*],_VarArgs:_false)* is 71
   Number of created targets for uf: *(struct_usb_endpoint_descriptor)* is 116
   Number of created targets for uf: *unsigned_long_long_int is 33
   Number of created targets for uf: *unsigned_int is 81


Number of BDD nodes:                               15590
Size of BDD node table:                            270749
Size of BDD cache:                                 27073
Size of BDD node cleanup queue:                       29480 (count: 1160940, min: 0, max: 1192, avg: 0.03)
Time for BDD node cleanup:                             0.171s
Time for BDD garbage collection:                       0.000s (in 0 runs)

PrecisionBootstrap statistics
-----------------------------
Init. function predicates:                         0
Init. global predicates:                           0
Init. location predicates:                         0

Invariant Generation statistics
-------------------------------

AutomatonAnalysis (SVCOMP) statistics
-------------------------------------
Number of states:                                  1
Total time for successor computation:                 18.317s
  Time for transition matches:                         9.081s
  Time for transition assertions:                      0.001s
  Time for transition actions:                         0.023s
Automaton transfers with branching:                0
Automaton transfer successors:                     11991484 (count: 11991484, min: 1, max: 1, avg: 1.00) [1 x 11991484]

CPA algorithm statistics
------------------------
Number of iterations:            6318967
Max size of waitlist:            430
Average size of waitlist:        145
Number of computed successors:   7252047
Max successors for one state:    2
Number of times merged:          503269
Number of times stopped:         678285
Number of times breaked:         8190

Total time for CPA algorithm:       506.586s (Max:     3.774s)
  Time for choose from waitlist:      2.381s
  Time for precision adjustment:    246.350s
  Time for transfer relation:       213.880s
  Time for merge operator:           10.395s
  Time for stop operator:             7.900s
  Time for adding to reached set:     9.550s

Predicate-Abstraction Refiner statistics
----------------------------------------
Number of predicate refinements:                   8190
Avg. length of target path (in blocks):              750499 (count: 8190, min: 17, max: 243, avg: 91.64)
Number of infeasible sliced prefixes:                     0 (count: 0, min: 0, max: 0, avg: 0.00)

Time for refinement:                                 184.426s
  Counterexample analysis:                           164.616s (Max:     0.096s, Calls: 8190)
    Refinement sat check:                             88.152s
    Interpolant computation:                           0.000s
  Path-formulas extraction:                            0.366s
  Error path post-processing:                          0.000s
  Predicate creation:                                  1.240s
  Precision update:                                    4.889s
  ARG update:                                         10.593s

Length of refined path (in blocks):                  690963 (count: 8190, min: 4, max: 190, avg: 84.37)
Number of affected states:                           198480 (count: 8190, min: 1, max: 189, avg: 24.23)
Length (states) of path with itp 'true':             484293 (count: 8190, min: 0, max: 120, avg: 59.13)
Length (states) of path with itp non-trivial itp:    198480 (count: 8190, min: 1, max: 189, avg: 24.23)
Length (states) of path with itp 'false':              8190 (count: 8190, min: 1, max: 1, avg: 1.00)
Different non-trivial interpolants along paths:         331 (count: 8190, min: 0, max: 2, avg: 0.04)
Equal non-trivial interpolants along paths:          189959 (count: 8190, min: 0, max: 188, avg: 23.19)
Number of refs with location-based cutoff:                0

CEGAR algorithm statistics
--------------------------
Number of refinements:                8190
Number of successful refinements:     8190
Number of failed refinements:         0
Max. size of reached set before ref.: 82604
Max. size of reached set after ref.:  67612
Avg. size of reached set before ref.: 17711.82
Avg. size of reached set after ref.:  16916.30

Total time for CEGAR algorithm:     893.172s
Time for refinements:               297.664s
Average time for refinement:          0.036s
Max time for refinement:              2.357s

Code Coverage
-----------------------------
  Function coverage:      0.601
  Visited lines:          3370
  Total lines:            5250
  Line coverage:          0.642
  Visited conditions:     682
  Total conditions:       1286
  Condition coverage:     0.530

CPAchecker general statistics
-----------------------------
Number of program locations:     7188
Number of CFA edges:             8216
Number of relevant variables:    1041
Number of functions:             198
Number of loops:                 17
Size of reached set:             34041
  Number of reached locations:   2090 (29%)
    Avg states per location:     16
    Max states per location:     1022 (at node N74)
  Number of reached functions:   119 (60%)
  Number of partitions:          33939
    Avg size of partitions:      1
    Max size of partitions:      12 (with key [N1137 (after line 4901), Function main called from node N1010, stack depth 1 [73e4bb60], stack [main]])
  Number of target states:       0
  Size of final wait list        128

Time for analysis setup:          7.083s
  Time for loading CPAs:          1.105s
  Time for loading parser:        0.750s
  Time for CFA construction:      5.062s
    Time for parsing file(s):     1.155s
    Time for AST to CFA:          1.879s
    Time for CFA sanity check:    0.428s
    Time for post-processing:     1.406s
      Time for var class.:        0.776s
Time for Analysis:              893.172s
CPU time for analysis:          893.100s
Total time for CPAchecker:      900.259s
Total CPU time for CPAchecker:  900.180s
Time for statistics:              0.642s

Time for Garbage Collector:      49.941s (in 1611 runs)
Garbage Collector(s) used:    Copy, MarkSweepCompact
Used heap memory:                942MB (   898 MiB) max;    340MB (   324 MiB) avg;   1014MB (   967 MiB) peak
Used non-heap memory:             41MB (    40 MiB) max;     41MB (    39 MiB) avg;     42MB (    40 MiB) peak
Allocated heap memory:          1151MB (  1097 MiB) max;    496MB (   473 MiB) avg
Allocated non-heap memory:        44MB (    42 MiB) max;     43MB (    41 MiB) avg
Total process virtual memory:   8286MB (  7902 MiB) max;   8155MB (  7778 MiB) avg

Verification result: UNKNOWN, incomplete analysis.
More details about the verification run can be found in the directory "./output".
