scripts/cpa.sh -Dy-MySearchStrategy-PredAbs-ABElf -heap 5600000000 -timelimit 30 -preprocess -stats -noout -setprop cpa.predicate.memoryAllocationsAlwaysSucceed=true -spec ../sv-benchmarks/c/ReachSafety.prp ../sv-benchmarks/c/eca-rers2012/Problem04_label22_true-unreach-call.c


--------------------------------------------------------------------------------


Running CPAchecker with Java heap of size 5600000000.
Running CPAchecker with default stack size (1024k). Specify a larger value with -stack if needed.
Running CPAchecker with the following extra VM options:  -Djava.io.tmpdir=/tmp/BenchExec_run_d7zqithh/tmp
Using the following resource limits: CPU-time limit of 30s (ResourceLimitChecker.fromConfiguration, INFO)

CPAchecker (unknown version) (OpenJDK 64-Bit Server VM 1.8.0_162) started (CPAchecker.run, INFO)

MathSAT5 is available for research and evaluation purposes only. It can not be used in a commercial environment, particularly as part of a commercial product, without written permission. MathSAT5 is provided as is, without any warranty. Please write to mathsat@fbk.eu for additional questions regarding licensing MathSAT5 or obtaining more up-to-date versions. (PredicateCPA:JavaSMT:Mathsat5SolverContext.<init>, WARNING)

Using predicate analysis with MathSAT5 version 5.3.14 (0b98b661254c) (Nov 17 2016 10:59:45, gmp 5.1.3, gcc 4.8.5, 64-bit) and JFactory 1.21. (PredicateCPA:PredicateCPA.<init>, INFO)

Using refinement for predicate analysis with PredicateAbstractionRefinementStrategy strategy. (PredicateCPA:PredicateCPARefiner.<init>, INFO)

Starting analysis ... (CPAchecker.runAlgorithm, INFO)

Shutdown requested (The CPU-time limit of 30s has elapsed.), waiting for termination. (ForceTerminationOnShutdown$1.shutdownRequested, WARNING)

Warning: Analysis interrupted (The CPU-time limit of 30s has elapsed.) (ShutdownNotifier.shutdownIfNecessary, WARNING)

PredicateCPA statistics
-----------------------
Number of abstractions:            125 (0% of all post computations)
  Times abstraction was reused:    0
  Because of function entry/exit:  101 (81%)
  Because of loop head:            19 (15%)
  Because of join nodes:           0 (0%)
  Because of threshold:            0 (0%)
  Because of target state:         5 (4%)
  Times precision was empty:       28 (22%)
  Times precision was {false}:     15 (12%)
  Times result was cached:         14 (11%)
  Times cartesian abs was used:    0 (0%)
  Times boolean abs was used:      68 (54%)
  Times result was 'false':        0 (0%)
Number of strengthen sat checks:   0
Number of coverage checks:         177160
  BDD entailment checks:           98
Number of SMT sat checks:          0
  trivial:                         0
  cached:                          0

Max ABE block size:                       2518
Number of predicates discovered:          19
Number of abstraction locations:          8
Max number of predicates per location:    19
Avg number of predicates per location:    13
Total predicates per abstraction:         1268
Max number of predicates per abstraction: 19
Avg number of predicates per abstraction: 15.28
Number of irrelevant predicates:          263 (21%)
Number of preds handled by boolean abs:   843 (66%)
  Total number of models for allsat:      13444
  Max number of models for allsat:        2304
  Avg number of models for allsat:        197.71

Time for post operator:                  4.287s
  Time for path formula creation:        4.131s
Time for strengthen operator:            0.287s
Time for prec operator:                 10.227s
  Time for abstraction:                  9.923s (Max:     1.107s, Count: 125)
    Boolean abstraction:                 8.730s
    Solving time:                        1.295s (Max:     0.068s)
    Model enumeration time:              6.957s
    Time for BDD construction:           0.476s (Max:     0.091s)
Time for merge operator:                 0.656s
Time for coverage check:                 0.024s
  Time for BDD entailment checks:        0.005s
Total time for SMT solver (w/o itp):     8.252s

Number of path formula cache hits:   110721 (44%)

Inside post operator:                  
  Inside path formula creation:        
    Time for path formula computation:     3.968s

Total number of created targets for pointer analysis: 0


Number of BDD nodes:                               49022
Size of BDD node table:                            270749
Size of BDD cache:                                 27073
Size of BDD node cleanup queue:                        3626 (count: 2047, min: 0, max: 1069, avg: 1.77)
Time for BDD node cleanup:                             0.009s
Time for BDD garbage collection:                       0.000s (in 0 runs)

PrecisionBootstrap statistics
-----------------------------
Init. function predicates:                         0
Init. global predicates:                           0
Init. location predicates:                         0

Invariant Generation statistics
-------------------------------

AutomatonAnalysis (SVCOMP) statistics
-------------------------------------
Number of states:                                  1
Total time for successor computation:                  0.460s
Automaton transfers with branching:                0
Automaton transfer successors:                       217173 (count: 217458, min: 0, max: 1, avg: 1.00) [0 x 285, 1 x 217173]

CPA algorithm statistics
------------------------
Number of iterations:            104958
Max size of waitlist:            78
Average size of waitlist:        39
Number of computed successors:   193667
Max successors for one state:    2
Number of times merged:          88531
Number of times stopped:         88551
Number of times breaked:         5

Total time for CPA algorithm:        21.734s (Max:     6.462s)
  Time for choose from waitlist:      0.137s
  Time for precision adjustment:     11.639s
  Time for transfer relation:         6.662s
  Time for merge operator:            1.962s
  Time for stop operator:             0.421s
  Time for adding to reached set:     0.204s

Predicate-Abstraction Refiner statistics
----------------------------------------
Number of predicate refinements:                   5
Avg. length of target path (in blocks):                  79 (count: 5, min: 6, max: 24, avg: 15.80)
Number of infeasible sliced prefixes:                     0 (count: 0, min: 0, max: 0, avg: 0.00)

Time for refinement:                                   2.443s
  Counterexample analysis:                             1.965s (Max:     0.813s, Calls: 5)
    Refinement sat check:                              1.258s
    Interpolant computation:                           0.000s
  Path-formulas extraction:                            0.000s
  Error path post-processing:                          0.000s
  Predicate creation:                                  0.031s
  Precision update:                                    0.010s
  ARG update:                                          0.337s

Length of refined path (in blocks):                      44 (count: 4, min: 6, max: 17, avg: 11.00)
Number of affected states:                               40 (count: 4, min: 5, max: 16, avg: 10.00)
Length (states) of path with itp 'true':                  0 (count: 4, min: 0, max: 0, avg: 0.00)
Length (states) of path with itp non-trivial itp:        40 (count: 4, min: 5, max: 16, avg: 10.00)
Length (states) of path with itp 'false':                 1 (count: 4, min: 0, max: 1, avg: 0.25)
Different non-trivial interpolants along paths:           5 (count: 4, min: 0, max: 3, avg: 1.25)
Equal non-trivial interpolants along paths:              31 (count: 4, min: 4, max: 14, avg: 7.75)
Number of refs with location-based cutoff:                0

CEGAR algorithm statistics
--------------------------
Number of refinements:                5
Number of successful refinements:     4
Number of failed refinements:         0
Max. size of reached set before ref.: 30975
Max. size of reached set after ref.:  3
Avg. size of reached set before ref.: 21025.80
Avg. size of reached set after ref.:  3.00

Total time for CEGAR algorithm:      24.789s
Time for refinements:                 3.055s
Average time for refinement:          0.611s
Max time for refinement:              1.123s

Code Coverage
-----------------------------
  Function coverage:      1.000
  Visited lines:          4586
  Total lines:            4723
  Line coverage:          0.971
  Visited conditions:     17860
  Total conditions:       17908
  Condition coverage:     0.997

CPAchecker general statistics
-----------------------------
Number of program locations:     13023
Number of CFA edges:             21976
Number of relevant variables:    14
Number of functions:             5
Number of loops:                 1
Size of reached set:             30975
  Number of reached locations:   10540 (81%)
    Avg states per location:     2
    Max states per location:     10 (at node N0)
  Number of reached functions:   5 (100%)
  Number of partitions:          30966
    Avg size of partitions:      1
    Max size of partitions:      5 (with key [N14474 (before lines 4816-4826), Function main called from node N14471, stack depth 1 [20608ef4], stack [main]])
  Number of target states:       1
  Size of final wait list        34

Time for analysis setup:          5.119s
  Time for loading CPAs:          0.761s
  Time for loading parser:        0.529s
  Time for CFA construction:      3.627s
    Time for parsing file(s):     0.571s
    Time for AST to CFA:          1.077s
    Time for CFA sanity check:    0.989s
    Time for post-processing:     0.996s
      Time for var class.:        0.482s
Time for Analysis:               24.789s
CPU time for analysis:           24.780s
Total time for CPAchecker:       29.912s
Total CPU time for CPAchecker:   29.900s
Time for statistics:              0.989s

Time for Garbage Collector:       2.024s (in 92 runs)
Garbage Collector(s) used:    Copy, MarkSweepCompact
Used heap memory:                146MB (   139 MiB) max;     83MB (    79 MiB) avg;    194MB (   185 MiB) peak
Used non-heap memory:             35MB (    33 MiB) max;     32MB (    30 MiB) avg;     36MB (    34 MiB) peak
Allocated heap memory:           166MB (   158 MiB) max;    140MB (   133 MiB) avg
Allocated non-heap memory:        37MB (    35 MiB) max;     34MB (    32 MiB) avg
Total process virtual memory:   8103MB (  7728 MiB) max;   8030MB (  7658 MiB) avg

Verification result: UNKNOWN, incomplete analysis.
More details about the verification run can be found in the directory "./output".
