scripts/cpa.sh -Dy-MySearchStrategy-PredAbs-ABElf -heap 5600000000 -timelimit 30 -preprocess -stats -noout -setprop cpa.predicate.memoryAllocationsAlwaysSucceed=true -spec ../sv-benchmarks/c/ReachSafety.prp ../sv-benchmarks/c/ldv-linux-4.0-rc1-mav/linux-4.0-rc1---drivers--media--usb--dvb-usb-v2--dvb-usb-mxl111sf.ko_true-unreach-call.cil.c


--------------------------------------------------------------------------------


Running CPAchecker with Java heap of size 5600000000.
Running CPAchecker with default stack size (1024k). Specify a larger value with -stack if needed.
Running CPAchecker with the following extra VM options:  -Djava.io.tmpdir=/tmp/BenchExec_run_tt5oy7im/tmp
Using the following resource limits: CPU-time limit of 30s (ResourceLimitChecker.fromConfiguration, INFO)

CPAchecker (unknown version) (OpenJDK 64-Bit Server VM 1.8.0_162) started (CPAchecker.run, INFO)

Dead code detected: Label switch_break is not reachable. (CFAFunctionBuilder.leave, INFO)

line 12146: Dead code detected: return; (CFACreationUtils.addEdgeToCFA, INFO)

line 12185: Dead code detected: return; (CFACreationUtils.addEdgeToCFA, INFO)

line 12243: Dead code detected: goto ldv_call_0; (CFACreationUtils.addEdgeToCFA, INFO)

line 12251: Dead code detected: goto ldv_call_0; (CFACreationUtils.addEdgeToCFA, INFO)

line 12252: Dead code detected: goto ldv_call_0; (CFACreationUtils.addEdgeToCFA, INFO)

line 12258: Dead code detected: goto ldv_call_0; (CFACreationUtils.addEdgeToCFA, INFO)

line 12259: Dead code detected: goto ldv_call_0; (CFACreationUtils.addEdgeToCFA, INFO)

line 12260: Dead code detected: goto ldv_call_0; (CFACreationUtils.addEdgeToCFA, INFO)

line 12270: Dead code detected: goto ldv_call_0; (CFACreationUtils.addEdgeToCFA, INFO)

line 12271: Dead code detected: goto ldv_call_0; (CFACreationUtils.addEdgeToCFA, INFO)

line 12272: Dead code detected: goto ldv_call_0; (CFACreationUtils.addEdgeToCFA, INFO)

line 12273: Dead code detected: goto ldv_call_0; (CFACreationUtils.addEdgeToCFA, INFO)

line 12279: Dead code detected: goto ldv_call_0; (CFACreationUtils.addEdgeToCFA, INFO)

line 12280: Dead code detected: goto ldv_call_0; (CFACreationUtils.addEdgeToCFA, INFO)

line 12281: Dead code detected: goto ldv_call_0; (CFACreationUtils.addEdgeToCFA, INFO)

line 12282: Dead code detected: goto ldv_call_0; (CFACreationUtils.addEdgeToCFA, INFO)

line 12283: Dead code detected: goto ldv_call_0; (CFACreationUtils.addEdgeToCFA, INFO)

line 12289: Dead code detected: goto ldv_call_0; (CFACreationUtils.addEdgeToCFA, INFO)

line 12290: Dead code detected: goto ldv_call_0; (CFACreationUtils.addEdgeToCFA, INFO)

line 12291: Dead code detected: goto ldv_call_0; (CFACreationUtils.addEdgeToCFA, INFO)

line 12292: Dead code detected: goto ldv_call_0; (CFACreationUtils.addEdgeToCFA, INFO)

line 12293: Dead code detected: goto ldv_call_0; (CFACreationUtils.addEdgeToCFA, INFO)

line 12294: Dead code detected: goto ldv_call_0; (CFACreationUtils.addEdgeToCFA, INFO)

line 12330: Dead code detected: return; (CFACreationUtils.addEdgeToCFA, INFO)

line 12388: Dead code detected: goto ldv_call_1; (CFACreationUtils.addEdgeToCFA, INFO)

line 12396: Dead code detected: goto ldv_call_1; (CFACreationUtils.addEdgeToCFA, INFO)

line 12397: Dead code detected: goto ldv_call_1; (CFACreationUtils.addEdgeToCFA, INFO)

line 12403: Dead code detected: goto ldv_call_1; (CFACreationUtils.addEdgeToCFA, INFO)

line 12404: Dead code detected: goto ldv_call_1; (CFACreationUtils.addEdgeToCFA, INFO)

line 12405: Dead code detected: goto ldv_call_1; (CFACreationUtils.addEdgeToCFA, INFO)

line 12415: Dead code detected: goto ldv_call_1; (CFACreationUtils.addEdgeToCFA, INFO)

line 12416: Dead code detected: goto ldv_call_1; (CFACreationUtils.addEdgeToCFA, INFO)

line 12417: Dead code detected: goto ldv_call_1; (CFACreationUtils.addEdgeToCFA, INFO)

line 12418: Dead code detected: goto ldv_call_1; (CFACreationUtils.addEdgeToCFA, INFO)

line 12424: Dead code detected: goto ldv_call_1; (CFACreationUtils.addEdgeToCFA, INFO)

line 12425: Dead code detected: goto ldv_call_1; (CFACreationUtils.addEdgeToCFA, INFO)

line 12426: Dead code detected: goto ldv_call_1; (CFACreationUtils.addEdgeToCFA, INFO)

line 12427: Dead code detected: goto ldv_call_1; (CFACreationUtils.addEdgeToCFA, INFO)

line 12428: Dead code detected: goto ldv_call_1; (CFACreationUtils.addEdgeToCFA, INFO)

line 12434: Dead code detected: goto ldv_call_1; (CFACreationUtils.addEdgeToCFA, INFO)

line 12435: Dead code detected: goto ldv_call_1; (CFACreationUtils.addEdgeToCFA, INFO)

line 12436: Dead code detected: goto ldv_call_1; (CFACreationUtils.addEdgeToCFA, INFO)

line 12437: Dead code detected: goto ldv_call_1; (CFACreationUtils.addEdgeToCFA, INFO)

line 12438: Dead code detected: goto ldv_call_1; (CFACreationUtils.addEdgeToCFA, INFO)

line 12439: Dead code detected: goto ldv_call_1; (CFACreationUtils.addEdgeToCFA, INFO)

line 12475: Dead code detected: return; (CFACreationUtils.addEdgeToCFA, INFO)

line 12533: Dead code detected: goto ldv_call_2; (CFACreationUtils.addEdgeToCFA, INFO)

line 12541: Dead code detected: goto ldv_call_2; (CFACreationUtils.addEdgeToCFA, INFO)

line 12542: Dead code detected: goto ldv_call_2; (CFACreationUtils.addEdgeToCFA, INFO)

line 12548: Dead code detected: goto ldv_call_2; (CFACreationUtils.addEdgeToCFA, INFO)

line 12549: Dead code detected: goto ldv_call_2; (CFACreationUtils.addEdgeToCFA, INFO)

line 12550: Dead code detected: goto ldv_call_2; (CFACreationUtils.addEdgeToCFA, INFO)

line 12560: Dead code detected: goto ldv_call_2; (CFACreationUtils.addEdgeToCFA, INFO)

line 12561: Dead code detected: goto ldv_call_2; (CFACreationUtils.addEdgeToCFA, INFO)

line 12562: Dead code detected: goto ldv_call_2; (CFACreationUtils.addEdgeToCFA, INFO)

line 12563: Dead code detected: goto ldv_call_2; (CFACreationUtils.addEdgeToCFA, INFO)

line 12569: Dead code detected: goto ldv_call_2; (CFACreationUtils.addEdgeToCFA, INFO)

line 12570: Dead code detected: goto ldv_call_2; (CFACreationUtils.addEdgeToCFA, INFO)

line 12571: Dead code detected: goto ldv_call_2; (CFACreationUtils.addEdgeToCFA, INFO)

line 12572: Dead code detected: goto ldv_call_2; (CFACreationUtils.addEdgeToCFA, INFO)

line 12573: Dead code detected: goto ldv_call_2; (CFACreationUtils.addEdgeToCFA, INFO)

line 12579: Dead code detected: goto ldv_call_2; (CFACreationUtils.addEdgeToCFA, INFO)

line 12580: Dead code detected: goto ldv_call_2; (CFACreationUtils.addEdgeToCFA, INFO)

line 12581: Dead code detected: goto ldv_call_2; (CFACreationUtils.addEdgeToCFA, INFO)

line 12582: Dead code detected: goto ldv_call_2; (CFACreationUtils.addEdgeToCFA, INFO)

line 12583: Dead code detected: goto ldv_call_2; (CFACreationUtils.addEdgeToCFA, INFO)

line 12584: Dead code detected: goto ldv_call_2; (CFACreationUtils.addEdgeToCFA, INFO)

line 12620: Dead code detected: return; (CFACreationUtils.addEdgeToCFA, INFO)

line 12678: Dead code detected: goto ldv_call_3; (CFACreationUtils.addEdgeToCFA, INFO)

line 12686: Dead code detected: goto ldv_call_3; (CFACreationUtils.addEdgeToCFA, INFO)

line 12687: Dead code detected: goto ldv_call_3; (CFACreationUtils.addEdgeToCFA, INFO)

line 12693: Dead code detected: goto ldv_call_3; (CFACreationUtils.addEdgeToCFA, INFO)

line 12694: Dead code detected: goto ldv_call_3; (CFACreationUtils.addEdgeToCFA, INFO)

line 12695: Dead code detected: goto ldv_call_3; (CFACreationUtils.addEdgeToCFA, INFO)

line 12705: Dead code detected: goto ldv_call_3; (CFACreationUtils.addEdgeToCFA, INFO)

line 12706: Dead code detected: goto ldv_call_3; (CFACreationUtils.addEdgeToCFA, INFO)

line 12707: Dead code detected: goto ldv_call_3; (CFACreationUtils.addEdgeToCFA, INFO)

line 12708: Dead code detected: goto ldv_call_3; (CFACreationUtils.addEdgeToCFA, INFO)

line 12714: Dead code detected: goto ldv_call_3; (CFACreationUtils.addEdgeToCFA, INFO)

line 12715: Dead code detected: goto ldv_call_3; (CFACreationUtils.addEdgeToCFA, INFO)

line 12716: Dead code detected: goto ldv_call_3; (CFACreationUtils.addEdgeToCFA, INFO)

line 12717: Dead code detected: goto ldv_call_3; (CFACreationUtils.addEdgeToCFA, INFO)

line 12718: Dead code detected: goto ldv_call_3; (CFACreationUtils.addEdgeToCFA, INFO)

line 12724: Dead code detected: goto ldv_call_3; (CFACreationUtils.addEdgeToCFA, INFO)

line 12725: Dead code detected: goto ldv_call_3; (CFACreationUtils.addEdgeToCFA, INFO)

line 12726: Dead code detected: goto ldv_call_3; (CFACreationUtils.addEdgeToCFA, INFO)

line 12727: Dead code detected: goto ldv_call_3; (CFACreationUtils.addEdgeToCFA, INFO)

line 12728: Dead code detected: goto ldv_call_3; (CFACreationUtils.addEdgeToCFA, INFO)

line 12729: Dead code detected: goto ldv_call_3; (CFACreationUtils.addEdgeToCFA, INFO)

line 12765: Dead code detected: return; (CFACreationUtils.addEdgeToCFA, INFO)

line 12823: Dead code detected: goto ldv_call_4; (CFACreationUtils.addEdgeToCFA, INFO)

line 12831: Dead code detected: goto ldv_call_4; (CFACreationUtils.addEdgeToCFA, INFO)

line 12832: Dead code detected: goto ldv_call_4; (CFACreationUtils.addEdgeToCFA, INFO)

line 12838: Dead code detected: goto ldv_call_4; (CFACreationUtils.addEdgeToCFA, INFO)

line 12839: Dead code detected: goto ldv_call_4; (CFACreationUtils.addEdgeToCFA, INFO)

line 12840: Dead code detected: goto ldv_call_4; (CFACreationUtils.addEdgeToCFA, INFO)

line 12850: Dead code detected: goto ldv_call_4; (CFACreationUtils.addEdgeToCFA, INFO)

line 12851: Dead code detected: goto ldv_call_4; (CFACreationUtils.addEdgeToCFA, INFO)

line 12852: Dead code detected: goto ldv_call_4; (CFACreationUtils.addEdgeToCFA, INFO)

line 12853: Dead code detected: goto ldv_call_4; (CFACreationUtils.addEdgeToCFA, INFO)

line 12859: Dead code detected: goto ldv_call_4; (CFACreationUtils.addEdgeToCFA, INFO)

line 12860: Dead code detected: goto ldv_call_4; (CFACreationUtils.addEdgeToCFA, INFO)

line 12861: Dead code detected: goto ldv_call_4; (CFACreationUtils.addEdgeToCFA, INFO)

line 12862: Dead code detected: goto ldv_call_4; (CFACreationUtils.addEdgeToCFA, INFO)

line 12863: Dead code detected: goto ldv_call_4; (CFACreationUtils.addEdgeToCFA, INFO)

line 12869: Dead code detected: goto ldv_call_4; (CFACreationUtils.addEdgeToCFA, INFO)

line 12870: Dead code detected: goto ldv_call_4; (CFACreationUtils.addEdgeToCFA, INFO)

line 12871: Dead code detected: goto ldv_call_4; (CFACreationUtils.addEdgeToCFA, INFO)

line 12872: Dead code detected: goto ldv_call_4; (CFACreationUtils.addEdgeToCFA, INFO)

line 12873: Dead code detected: goto ldv_call_4; (CFACreationUtils.addEdgeToCFA, INFO)

line 12874: Dead code detected: goto ldv_call_4; (CFACreationUtils.addEdgeToCFA, INFO)

line 12910: Dead code detected: return; (CFACreationUtils.addEdgeToCFA, INFO)

line 12968: Dead code detected: goto ldv_call_5; (CFACreationUtils.addEdgeToCFA, INFO)

line 12976: Dead code detected: goto ldv_call_5; (CFACreationUtils.addEdgeToCFA, INFO)

line 12977: Dead code detected: goto ldv_call_5; (CFACreationUtils.addEdgeToCFA, INFO)

line 12983: Dead code detected: goto ldv_call_5; (CFACreationUtils.addEdgeToCFA, INFO)

line 12984: Dead code detected: goto ldv_call_5; (CFACreationUtils.addEdgeToCFA, INFO)

line 12985: Dead code detected: goto ldv_call_5; (CFACreationUtils.addEdgeToCFA, INFO)

line 12995: Dead code detected: goto ldv_call_5; (CFACreationUtils.addEdgeToCFA, INFO)

line 12996: Dead code detected: goto ldv_call_5; (CFACreationUtils.addEdgeToCFA, INFO)

line 12997: Dead code detected: goto ldv_call_5; (CFACreationUtils.addEdgeToCFA, INFO)

line 12998: Dead code detected: goto ldv_call_5; (CFACreationUtils.addEdgeToCFA, INFO)

line 13004: Dead code detected: goto ldv_call_5; (CFACreationUtils.addEdgeToCFA, INFO)

line 13005: Dead code detected: goto ldv_call_5; (CFACreationUtils.addEdgeToCFA, INFO)

line 13006: Dead code detected: goto ldv_call_5; (CFACreationUtils.addEdgeToCFA, INFO)

line 13007: Dead code detected: goto ldv_call_5; (CFACreationUtils.addEdgeToCFA, INFO)

line 13008: Dead code detected: goto ldv_call_5; (CFACreationUtils.addEdgeToCFA, INFO)

line 13014: Dead code detected: goto ldv_call_5; (CFACreationUtils.addEdgeToCFA, INFO)

line 13015: Dead code detected: goto ldv_call_5; (CFACreationUtils.addEdgeToCFA, INFO)

line 13016: Dead code detected: goto ldv_call_5; (CFACreationUtils.addEdgeToCFA, INFO)

line 13017: Dead code detected: goto ldv_call_5; (CFACreationUtils.addEdgeToCFA, INFO)

line 13018: Dead code detected: goto ldv_call_5; (CFACreationUtils.addEdgeToCFA, INFO)

line 13019: Dead code detected: goto ldv_call_5; (CFACreationUtils.addEdgeToCFA, INFO)

line 13051: Dead code detected: return; (CFACreationUtils.addEdgeToCFA, INFO)

line 13101: Dead code detected: goto ldv_call_6; (CFACreationUtils.addEdgeToCFA, INFO)

line 13112: Dead code detected: goto ldv_call_6; (CFACreationUtils.addEdgeToCFA, INFO)

line 13113: Dead code detected: goto ldv_call_6; (CFACreationUtils.addEdgeToCFA, INFO)

line 13120: Dead code detected: goto ldv_call_6; (CFACreationUtils.addEdgeToCFA, INFO)

line 13121: Dead code detected: goto ldv_call_6; (CFACreationUtils.addEdgeToCFA, INFO)

line 13122: Dead code detected: goto ldv_call_6; (CFACreationUtils.addEdgeToCFA, INFO)

line 13128: Dead code detected: goto ldv_call_6; (CFACreationUtils.addEdgeToCFA, INFO)

line 13129: Dead code detected: goto ldv_call_6; (CFACreationUtils.addEdgeToCFA, INFO)

line 13130: Dead code detected: goto ldv_call_6; (CFACreationUtils.addEdgeToCFA, INFO)

line 13131: Dead code detected: goto ldv_call_6; (CFACreationUtils.addEdgeToCFA, INFO)

line 13153: Dead code detected: return; (CFACreationUtils.addEdgeToCFA, INFO)

line 13176: Dead code detected: return; (CFACreationUtils.addEdgeToCFA, INFO)

line 13271: Dead code detected: return (arg0); (CFACreationUtils.addEdgeToCFA, INFO)

line 13396: Dead code detected: return; (CFACreationUtils.addEdgeToCFA, INFO)

line 13435: Dead code detected: return (ldv_func_res); (CFACreationUtils.addEdgeToCFA, INFO)

Dead code detected: Label switch_break is not reachable. (CFAFunctionBuilder.leave, INFO)

Dead code detected: Label switch_break is not reachable. (CFAFunctionBuilder.leave, INFO)

Dead code detected: Label switch_break is not reachable. (CFAFunctionBuilder.leave, INFO)

Dead code detected: Label switch_break is not reachable. (CFAFunctionBuilder.leave, INFO)

Dead code detected: Label switch_break is not reachable. (CFAFunctionBuilder.leave, INFO)

Dead code detected: Label switch_break is not reachable. (CFAFunctionBuilder.leave, INFO)

line 19442: Function pointer *function with type void (*)(void *) is called, but no possible target functions were found. (CFunctionPointerResolver.replaceFunctionPointerCall, WARNING)

line 19461: Function pointer *function with type void (*)(void *) is called, but no possible target functions were found. (CFunctionPointerResolver.replaceFunctionPointerCall, WARNING)

line 13185: Function pointer *arg0 with type int (*)(struct usb_interface *) is called, but no possible target functions were found. (CFunctionPointerResolver.replaceFunctionPointerCall, WARNING)

line 13196: Function pointer *arg0 with type int (*)(struct usb_interface *) is called, but no possible target functions were found. (CFunctionPointerResolver.replaceFunctionPointerCall, WARNING)

line 10020: Function pointer *(fe->ops.tuner_ops.get_rf_strength) with type int (*)(struct dvb_frontend *, u16 *) is called, but no possible target functions were found. (CFunctionPointerResolver.replaceFunctionPointerCall, WARNING)

line 10023: Function pointer *(fe->ops.tuner_ops.get_rf_strength) with type int (*)(struct dvb_frontend *, u16 *) is called, but no possible target functions were found. (CFunctionPointerResolver.replaceFunctionPointerCall, WARNING)

line 10026: Function pointer *(fe->ops.tuner_ops.get_rf_strength) with type int (*)(struct dvb_frontend *, u16 *) is called, but no possible target functions were found. (CFunctionPointerResolver.replaceFunctionPointerCall, WARNING)

line 10029: Function pointer *(fe->ops.tuner_ops.get_rf_strength) with type int (*)(struct dvb_frontend *, u16 *) is called, but no possible target functions were found. (CFunctionPointerResolver.replaceFunctionPointerCall, WARNING)

line 9959: Function pointer *__a with type struct dvb_frontend *(*)(struct mxl111sf_state *, struct mxl111sf_demod_config *) is called, but no possible target functions were found. (CFunctionPointerResolver.replaceFunctionPointerCall, WARNING)

line 10111: Function pointer *__a with type struct dvb_frontend *(*)(struct dvb_frontend *, struct mxl111sf_state *, struct mxl111sf_tuner_config *) is called, but no possible target functions were found. (CFunctionPointerResolver.replaceFunctionPointerCall, WARNING)

lines 9164-9165: Function pointer *__a with type struct dvb_frontend *(*)(const struct lg2160_config *, struct i2c_adapter *) is called, but no possible target functions were found. (CFunctionPointerResolver.replaceFunctionPointerCall, WARNING)

lines 9766-9767: Function pointer *__a with type struct dvb_frontend *(*)(const struct lg2160_config *, struct i2c_adapter *) is called, but no possible target functions were found. (CFunctionPointerResolver.replaceFunctionPointerCall, WARNING)

lines 9465-9466: Function pointer *__a with type struct dvb_frontend *(*)(const struct lg2160_config *, struct i2c_adapter *) is called, but no possible target functions were found. (CFunctionPointerResolver.replaceFunctionPointerCall, WARNING)

lines 8864-8865: Function pointer *__a with type struct dvb_frontend *(*)(const struct lgdt3305_config *, struct i2c_adapter *) is called, but no possible target functions were found. (CFunctionPointerResolver.replaceFunctionPointerCall, WARNING)

MathSAT5 is available for research and evaluation purposes only. It can not be used in a commercial environment, particularly as part of a commercial product, without written permission. MathSAT5 is provided as is, without any warranty. Please write to mathsat@fbk.eu for additional questions regarding licensing MathSAT5 or obtaining more up-to-date versions. (PredicateCPA:JavaSMT:Mathsat5SolverContext.<init>, WARNING)

Using predicate analysis with MathSAT5 version 5.3.14 (0b98b661254c) (Nov 17 2016 10:59:45, gmp 5.1.3, gcc 4.8.5, 64-bit) and JFactory 1.21. (PredicateCPA:PredicateCPA.<init>, INFO)

Using refinement for predicate analysis with PredicateAbstractionRefinementStrategy strategy. (PredicateCPA:PredicateCPARefiner.<init>, INFO)

Starting analysis ... (CPAchecker.runAlgorithm, INFO)

Assuming external function usb_register_driver to be a pure function. (PredicateCPA:ExpressionToFormulaVisitor.visit, INFO)

line 13305: Destroying the void* pointer ldv_xmalloc::tmp produces garbage or the memory pointed by it is unused: tmp___0 = ldv_xmalloc(2024UL); (PredicateCPA:DynamicMemoryHandler.handleDeferredAllocationInFunctionExit, WARNING)

Assuming external function ldv_pre_probe to be a constant function. (PredicateCPA:ExpressionToFormulaVisitor.visit, INFO)

Assuming external function dvb_usbv2_probe to be a pure function. (PredicateCPA:ExpressionToFormulaVisitor.visit, INFO)

Assuming external function dvb_usbv2_disconnect to be a pure function. (PredicateCPA:ExpressionToFormulaVisitor.visit, INFO)

line 13348: Destroying the void* pointer ldv_xmalloc::tmp produces garbage or the memory pointed by it is unused: tmp___3 = ldv_xmalloc(4UL); (PredicateCPA:DynamicMemoryHandler.handleDeferredAllocationInFunctionExit, WARNING)

line 13185: Ignoring call via function pointer ldv_usb_instance_post_7_9::arg0 for which no suitable target was found in line: (*arg0)(arg1); (FunctionPointerCPA:FunctionPointerTransferRelation.getAbstractSuccessorsForEdge, WARNING)

line 13185: Ignoring function call through function pointer *arg0: (*arg0)(arg1); (PredicateCPA:ExpressionToFormulaVisitor.visit, WARNING)

line 13196: Ignoring call via function pointer ldv_usb_instance_pre_7_10::arg0 for which no suitable target was found in line: (*arg0)(arg1); (FunctionPointerCPA:FunctionPointerTransferRelation.getAbstractSuccessorsForEdge, WARNING)

line 13196: Ignoring function call through function pointer *arg0: (*arg0)(arg1); (PredicateCPA:ExpressionToFormulaVisitor.visit, WARNING)

Assuming external function dvb_usbv2_suspend to be a pure function. (PredicateCPA:ExpressionToFormulaVisitor.visit, INFO)

Assuming external function dvb_usbv2_resume to be a pure function. (PredicateCPA:ExpressionToFormulaVisitor.visit, INFO)

Assuming external function usb_deregister to be a pure function. (PredicateCPA:ExpressionToFormulaVisitor.visit, INFO)

line 11496: Destroying the void* pointer ldv_xmalloc::tmp produces garbage or the memory pointed by it is unused: tmp = ldv_xmalloc(4UL); (PredicateCPA:DynamicMemoryHandler.handleDeferredAllocationInFunctionExit, WARNING)

Assuming external function __dynamic_pr_debug to be a pure function. (PredicateCPA:ExpressionToFormulaVisitor.visit, INFO)

Assuming external function __memset to be a pure function. (PredicateCPA:ExpressionToFormulaVisitor.visit, INFO)

Assuming external function __memcpy to be a pure function. (PredicateCPA:ExpressionToFormulaVisitor.visit, INFO)

Assuming external function dvb_usbv2_generic_rw to be a pure function. (PredicateCPA:ExpressionToFormulaVisitor.visit, INFO)

Assuming external function dvb_usbv2_generic_write to be a pure function. (PredicateCPA:ExpressionToFormulaVisitor.visit, INFO)

line 10020: Ignoring function call through function pointer *(fe->ops.tuner_ops.get_rf_strength): (*(fe->ops.tuner_ops.get_rf_strength))(fe, &rxPwrA); (PredicateCPA:ExpressionToFormulaVisitor.visit, WARNING)

Assuming external function msleep to be a pure function. (PredicateCPA:ExpressionToFormulaVisitor.visit, INFO)

line 10023: Ignoring function call through function pointer *(fe->ops.tuner_ops.get_rf_strength): (*(fe->ops.tuner_ops.get_rf_strength))(fe, &rxPwr0); (PredicateCPA:ExpressionToFormulaVisitor.visit, WARNING)

line 10026: Ignoring function call through function pointer *(fe->ops.tuner_ops.get_rf_strength): (*(fe->ops.tuner_ops.get_rf_strength))(fe, &rxPwr1); (PredicateCPA:ExpressionToFormulaVisitor.visit, WARNING)

line 10029: Ignoring function call through function pointer *(fe->ops.tuner_ops.get_rf_strength): (*(fe->ops.tuner_ops.get_rf_strength))(fe, &rxPwr2); (PredicateCPA:ExpressionToFormulaVisitor.visit, WARNING)

line 11467: Destroying the void* pointer ldv_xmalloc::tmp produces garbage or the memory pointed by it is unused: tmp = ldv_xmalloc(4UL); (PredicateCPA:DynamicMemoryHandler.handleDeferredAllocationInFunctionExit, WARNING)

Assuming external function __symbol_get to be a pure function. (PredicateCPA:ExpressionToFormulaVisitor.visit, INFO)

Assuming external function __request_module to be a pure function. (PredicateCPA:ExpressionToFormulaVisitor.visit, INFO)

line 10111: Ignoring call via function pointer mxl111sf_attach_tuner::__a for which no suitable target was found in line: tmp___4 = (*__a)((adap->fe)[i], state, &mxl_tuner_config); (FunctionPointerCPA:FunctionPointerTransferRelation.getAbstractSuccessorsForEdge, WARNING)

line 10111: Ignoring function call through function pointer *__a: tmp___4 = (*__a)((adap->fe)[i], state, &mxl_tuner_config); (PredicateCPA:ExpressionToFormulaVisitor.visit, WARNING)

Assuming external function __symbol_put to be a pure function. (PredicateCPA:ExpressionToFormulaVisitor.visit, INFO)

Shutdown requested (The CPU-time limit of 30s has elapsed.), waiting for termination. (ForceTerminationOnShutdown$1.shutdownRequested, WARNING)

Warning: Analysis interrupted (The CPU-time limit of 30s has elapsed.) (ShutdownNotifier.shutdownIfNecessary, WARNING)

PredicateCPA statistics
-----------------------
Number of abstractions:            9860 (14% of all post computations)
  Times abstraction was reused:    0
  Because of function entry/exit:  8672 (88%)
  Because of loop head:            1170 (12%)
  Because of join nodes:           0 (0%)
  Because of threshold:            0 (0%)
  Because of target state:         18 (0%)
  Times precision was empty:       5862 (59%)
  Times precision was {false}:     425 (4%)
  Times result was cached:         3413 (35%)
  Times cartesian abs was used:    0 (0%)
  Times boolean abs was used:      160 (2%)
  Times result was 'false':        48 (0%)
Number of strengthen sat checks:   0
Number of coverage checks:         11928
  BDD entailment checks:           1490
Number of SMT sat checks:          0
  trivial:                         0
  cached:                          0

Max ABE block size:                       100
Number of predicates discovered:          5
Number of abstraction locations:          134
Max number of predicates per location:    3
Avg number of predicates per location:    1
Total predicates per abstraction:         4410
Max number of predicates per abstraction: 3
Avg number of predicates per abstraction: 7.54
Number of irrelevant predicates:          2261 (51%)
Number of preds handled by boolean abs:   184 (4%)
  Total number of models for allsat:      161
  Max number of models for allsat:        2
  Avg number of models for allsat:        1.01

Time for post operator:                 10.170s
  Time for path formula creation:       10.020s
Time for strengthen operator:            0.177s
Time for prec operator:                  3.514s
  Time for abstraction:                  2.931s (Max:     0.025s, Count: 9860)
    Boolean abstraction:                 0.222s
    Solving time:                        0.754s (Max:     0.017s)
    Model enumeration time:              0.009s
    Time for BDD construction:           0.054s (Max:     0.010s)
Time for merge operator:                 0.913s
Time for coverage check:                 0.058s
  Time for BDD entailment checks:        0.043s
Total time for SMT solver (w/o itp):     0.763s

Number of path formula cache hits:   28966 (39%)

Inside post operator:                  
  Inside path formula creation:        
    Time for path formula computation:     9.315s

Total number of created targets for pointer analysis: 59639
   Number of created targets for uf: *(struct_usb_driver)* is 2
   Number of created targets for uf: *unsigned_char is 931


Number of BDD nodes:                               206
Size of BDD node table:                            270749
Size of BDD cache:                                 27073
Size of BDD node cleanup queue:                         345 (count: 10457, min: 0, max: 81, avg: 0.03)
Time for BDD node cleanup:                             0.005s
Time for BDD garbage collection:                       0.000s (in 0 runs)

PrecisionBootstrap statistics
-----------------------------
Init. function predicates:                         0
Init. global predicates:                           0
Init. location predicates:                         0

Invariant Generation statistics
-------------------------------

AutomatonAnalysis (SVCOMP) statistics
-------------------------------------
Number of states:                                  1
Total time for successor computation:                  0.480s
Automaton transfers with branching:                0
Automaton transfer successors:                        68959 (count: 68959, min: 1, max: 1, avg: 1.00) [1 x 68959]

CPA algorithm statistics
------------------------
Number of iterations:            42414
Max size of waitlist:            16
Average size of waitlist:        10
Number of computed successors:   49261
Max successors for one state:    2
Number of times merged:          5219
Number of times stopped:         6662
Number of times breaked:         18

Total time for CPA algorithm:        20.450s (Max:     2.665s)
  Time for choose from waitlist:      0.195s
  Time for precision adjustment:      4.395s
  Time for transfer relation:        13.173s
  Time for merge operator:            1.253s
  Time for stop operator:             0.344s
  Time for adding to reached set:     0.278s

Predicate-Abstraction Refiner statistics
----------------------------------------
Number of predicate refinements:                   18
Avg. length of target path (in blocks):                2076 (count: 18, min: 75, max: 181, avg: 115.33)
Number of infeasible sliced prefixes:                     0 (count: 0, min: 0, max: 0, avg: 0.00)

Time for refinement:                                   1.574s
  Counterexample analysis:                             1.200s (Max:     0.110s, Calls: 18)
    Refinement sat check:                              0.513s
    Interpolant computation:                           0.000s
  Path-formulas extraction:                            0.003s
  Error path post-processing:                          0.000s
  Predicate creation:                                  0.082s
  Precision update:                                    0.032s
  ARG update:                                          0.216s

Length of refined path (in blocks):                    2068 (count: 18, min: 74, max: 181, avg: 114.89)
Number of affected states:                             1514 (count: 18, min: 8, max: 180, avg: 84.11)
Length (states) of path with itp 'true':                536 (count: 18, min: 0, max: 69, avg: 29.78)
Length (states) of path with itp non-trivial itp:      1514 (count: 18, min: 8, max: 180, avg: 84.11)
Length (states) of path with itp 'false':                 8 (count: 18, min: 0, max: 1, avg: 0.44)
Different non-trivial interpolants along paths:          10 (count: 18, min: 0, max: 1, avg: 0.56)
Equal non-trivial interpolants along paths:            1486 (count: 18, min: 7, max: 178, avg: 82.56)
Number of refs with location-based cutoff:                0

CEGAR algorithm statistics
--------------------------
Number of refinements:                18
Number of successful refinements:     18
Number of failed refinements:         0
Max. size of reached set before ref.: 5137
Max. size of reached set after ref.:  598
Avg. size of reached set before ref.: 2366.00
Avg. size of reached set after ref.:  188.11

Total time for CEGAR algorithm:      22.234s
Time for refinements:                 1.767s
Average time for refinement:          0.098s
Max time for refinement:              0.155s

Code Coverage
-----------------------------
  Function coverage:      0.105
  Visited lines:          1729
  Total lines:            6908
  Line coverage:          0.250
  Visited conditions:     126
  Total conditions:       2170
  Condition coverage:     0.058

CPAchecker general statistics
-----------------------------
Number of program locations:     10282
Number of CFA edges:             11759
Number of relevant variables:    1361
Number of functions:             545
Number of loops:                 35
Size of reached set:             3350
  Number of reached locations:   531 (5%)
    Avg states per location:     6
    Max states per location:     66 (at node N7700)
  Number of reached functions:   57 (10%)
  Number of partitions:          3346
    Avg size of partitions:      1
    Max size of partitions:      2 (with key [N3475 (before lines 13052-13055), Function ldv_struct_mxl111sf_tuner_config_dummy_resourceless_instance_6 called from node N2465, stack depth 4 [1a5fa7e3], stack [main, ldv_entry_EMGentry_11, ldv_dispatch_register_dummy_resourceless_instance_4_11_7, ldv_struct_mxl111sf_tuner_config_dummy_resourceless_instance_6]])
  Number of target states:       0
  Size of final wait list        13

Time for analysis setup:          8.031s
  Time for loading CPAs:          1.177s
  Time for loading parser:        0.694s
  Time for CFA construction:      6.050s
    Time for parsing file(s):     1.505s
    Time for AST to CFA:          2.324s
    Time for CFA sanity check:    0.610s
    Time for post-processing:     1.375s
      Time for var class.:        0.708s
Time for Analysis:               22.234s
CPU time for analysis:           22.230s
Total time for CPAchecker:       30.269s
Total CPU time for CPAchecker:   30.240s
Time for statistics:              0.167s

Time for Garbage Collector:       0.788s (in 42 runs)
Garbage Collector(s) used:    Copy, MarkSweepCompact
Used heap memory:                 96MB (    92 MiB) max;     59MB (    56 MiB) avg;     98MB (    94 MiB) peak
Used non-heap memory:             42MB (    40 MiB) max;     35MB (    34 MiB) avg;     42MB (    40 MiB) peak
Allocated heap memory:           127MB (   121 MiB) max;    127MB (   121 MiB) avg
Allocated non-heap memory:        43MB (    41 MiB) max;     37MB (    35 MiB) avg
Total process virtual memory:   8087MB (  7712 MiB) max;   8071MB (  7697 MiB) avg

Verification result: UNKNOWN, incomplete analysis.
More details about the verification run can be found in the directory "./output".
