scripts/cpa.sh -Dy-MySearchStrategy-PredAbs-ABElf -heap 5600000000 -timelimit 30 -preprocess -stats -noout -setprop cpa.predicate.memoryAllocationsAlwaysSucceed=true -spec ../sv-benchmarks/c/ReachSafety.prp ../sv-benchmarks/c/ldv-linux-4.0-rc1-mav/linux-4_true-termination.0-rc1---drivers--media--rc--lirc_dev.ko_true-unreach-call.cil.c


--------------------------------------------------------------------------------


Running CPAchecker with Java heap of size 5600000000.
Running CPAchecker with default stack size (1024k). Specify a larger value with -stack if needed.
Running CPAchecker with the following extra VM options:  -Djava.io.tmpdir=/tmp/BenchExec_run_ztbs1_1w/tmp
Using the following resource limits: CPU-time limit of 30s (ResourceLimitChecker.fromConfiguration, INFO)

CPAchecker (unknown version) (OpenJDK 64-Bit Server VM 1.8.0_151) started (CPAchecker.run, INFO)

line 4163: Dead code detected: Goto: case_1 (CFACreationUtils.addEdgeToCFA, INFO)

line 4168: Dead code detected: Goto: case_2 (CFACreationUtils.addEdgeToCFA, INFO)

line 4173: Dead code detected: Goto: case_4 (CFACreationUtils.addEdgeToCFA, INFO)

line 4182: Dead code detected: Goto: switch_default (CFACreationUtils.addEdgeToCFA, INFO)

Dead code detected: Label switch_break is not reachable. (CFAFunctionBuilder.leave, INFO)

Dead code detected: Label switch_default is not reachable. (CFAFunctionBuilder.leave, INFO)

Dead code detected: Label case_4 is not reachable. (CFAFunctionBuilder.leave, INFO)

Dead code detected: Label case_1 is not reachable. (CFAFunctionBuilder.leave, INFO)

Dead code detected: Label case_2 is not reachable. (CFAFunctionBuilder.leave, INFO)

line 4743: Dead code detected: Goto: case_1 (CFACreationUtils.addEdgeToCFA, INFO)

line 4748: Dead code detected: Goto: case_2 (CFACreationUtils.addEdgeToCFA, INFO)

line 4753: Dead code detected: Goto: case_4 (CFACreationUtils.addEdgeToCFA, INFO)

line 4762: Dead code detected: Goto: switch_default (CFACreationUtils.addEdgeToCFA, INFO)

line 4830: Dead code detected: Goto: case_1___0 (CFACreationUtils.addEdgeToCFA, INFO)

line 4835: Dead code detected: Goto: case_2___0 (CFACreationUtils.addEdgeToCFA, INFO)

line 4840: Dead code detected: Goto: case_4___0 (CFACreationUtils.addEdgeToCFA, INFO)

line 4849: Dead code detected: Goto: switch_default___0 (CFACreationUtils.addEdgeToCFA, INFO)

Dead code detected: Label case_4___0 is not reachable. (CFAFunctionBuilder.leave, INFO)

Dead code detected: Label switch_break is not reachable. (CFAFunctionBuilder.leave, INFO)

Dead code detected: Label switch_default is not reachable. (CFAFunctionBuilder.leave, INFO)

Dead code detected: Label case_2___0 is not reachable. (CFAFunctionBuilder.leave, INFO)

Dead code detected: Label case_4 is not reachable. (CFAFunctionBuilder.leave, INFO)

Dead code detected: Label case_1 is not reachable. (CFAFunctionBuilder.leave, INFO)

Dead code detected: Label case_2 is not reachable. (CFAFunctionBuilder.leave, INFO)

Dead code detected: Label case_1___0 is not reachable. (CFAFunctionBuilder.leave, INFO)

line 5851: Dead code detected: Goto: case_1 (CFACreationUtils.addEdgeToCFA, INFO)

line 5856: Dead code detected: Goto: case_2 (CFACreationUtils.addEdgeToCFA, INFO)

line 5866: Dead code detected: Goto: case_8 (CFACreationUtils.addEdgeToCFA, INFO)

line 5870: Dead code detected: Goto: switch_default (CFACreationUtils.addEdgeToCFA, INFO)

line 5904: Dead code detected: Goto: case_1___0 (CFACreationUtils.addEdgeToCFA, INFO)

line 5909: Dead code detected: Goto: case_2___0 (CFACreationUtils.addEdgeToCFA, INFO)

line 5919: Dead code detected: Goto: case_8___0 (CFACreationUtils.addEdgeToCFA, INFO)

line 5923: Dead code detected: Goto: switch_default___0 (CFACreationUtils.addEdgeToCFA, INFO)

line 5976: Dead code detected: Goto: case_1___1 (CFACreationUtils.addEdgeToCFA, INFO)

line 5981: Dead code detected: Goto: case_2___1 (CFACreationUtils.addEdgeToCFA, INFO)

line 5991: Dead code detected: Goto: case_8___1 (CFACreationUtils.addEdgeToCFA, INFO)

line 5995: Dead code detected: Goto: switch_default___1 (CFACreationUtils.addEdgeToCFA, INFO)

line 6034: Dead code detected: Goto: case_1___2 (CFACreationUtils.addEdgeToCFA, INFO)

line 6039: Dead code detected: Goto: case_2___2 (CFACreationUtils.addEdgeToCFA, INFO)

line 6049: Dead code detected: Goto: case_8___2 (CFACreationUtils.addEdgeToCFA, INFO)

line 6053: Dead code detected: Goto: switch_default___2 (CFACreationUtils.addEdgeToCFA, INFO)

line 6092: Dead code detected: Goto: case_1___3 (CFACreationUtils.addEdgeToCFA, INFO)

line 6097: Dead code detected: Goto: case_2___3 (CFACreationUtils.addEdgeToCFA, INFO)

line 6107: Dead code detected: Goto: case_8___3 (CFACreationUtils.addEdgeToCFA, INFO)

line 6111: Dead code detected: Goto: switch_default___3 (CFACreationUtils.addEdgeToCFA, INFO)

Dead code detected: Label case_8___3 is not reachable. (CFAFunctionBuilder.leave, INFO)

Dead code detected: Label case_8___2 is not reachable. (CFAFunctionBuilder.leave, INFO)

Dead code detected: Label case_8___1 is not reachable. (CFAFunctionBuilder.leave, INFO)

Dead code detected: Label case_8 is not reachable. (CFAFunctionBuilder.leave, INFO)

Dead code detected: Label case_8___0 is not reachable. (CFAFunctionBuilder.leave, INFO)

Dead code detected: Label case_1 is not reachable. (CFAFunctionBuilder.leave, INFO)

Dead code detected: Label case_2 is not reachable. (CFAFunctionBuilder.leave, INFO)

Dead code detected: Label switch_default is not reachable. (CFAFunctionBuilder.leave, INFO)

Dead code detected: Label case_2___2 is not reachable. (CFAFunctionBuilder.leave, INFO)

Dead code detected: Label case_2___3 is not reachable. (CFAFunctionBuilder.leave, INFO)

Dead code detected: Label case_2___0 is not reachable. (CFAFunctionBuilder.leave, INFO)

Dead code detected: Label case_2___1 is not reachable. (CFAFunctionBuilder.leave, INFO)

Dead code detected: Label case_1___1 is not reachable. (CFAFunctionBuilder.leave, INFO)

Dead code detected: Label case_1___2 is not reachable. (CFAFunctionBuilder.leave, INFO)

Dead code detected: Label case_1___3 is not reachable. (CFAFunctionBuilder.leave, INFO)

Dead code detected: Label case_1___0 is not reachable. (CFAFunctionBuilder.leave, INFO)

line 6296: Dead code detected: Goto: case_1 (CFACreationUtils.addEdgeToCFA, INFO)

line 6301: Dead code detected: Goto: case_2 (CFACreationUtils.addEdgeToCFA, INFO)

line 6306: Dead code detected: Goto: case_4 (CFACreationUtils.addEdgeToCFA, INFO)

line 6315: Dead code detected: Goto: switch_default (CFACreationUtils.addEdgeToCFA, INFO)

line 6387: Dead code detected: Goto: case_1___0 (CFACreationUtils.addEdgeToCFA, INFO)

line 6392: Dead code detected: Goto: case_2___0 (CFACreationUtils.addEdgeToCFA, INFO)

line 6397: Dead code detected: Goto: case_4___0 (CFACreationUtils.addEdgeToCFA, INFO)

line 6406: Dead code detected: Goto: switch_default___0 (CFACreationUtils.addEdgeToCFA, INFO)

line 6455: Dead code detected: Goto: case_1___1 (CFACreationUtils.addEdgeToCFA, INFO)

line 6460: Dead code detected: Goto: case_2___1 (CFACreationUtils.addEdgeToCFA, INFO)

line 6465: Dead code detected: Goto: case_4___1 (CFACreationUtils.addEdgeToCFA, INFO)

line 6474: Dead code detected: Goto: switch_default___1 (CFACreationUtils.addEdgeToCFA, INFO)

line 6548: Dead code detected: Goto: case_1___2 (CFACreationUtils.addEdgeToCFA, INFO)

line 6553: Dead code detected: Goto: case_2___2 (CFACreationUtils.addEdgeToCFA, INFO)

line 6558: Dead code detected: Goto: case_4___2 (CFACreationUtils.addEdgeToCFA, INFO)

line 6567: Dead code detected: Goto: switch_default___2 (CFACreationUtils.addEdgeToCFA, INFO)

Dead code detected: Label case_4___1 is not reachable. (CFAFunctionBuilder.leave, INFO)

Dead code detected: Label case_4___0 is not reachable. (CFAFunctionBuilder.leave, INFO)

Dead code detected: Label case_4___2 is not reachable. (CFAFunctionBuilder.leave, INFO)

Dead code detected: Label case_4 is not reachable. (CFAFunctionBuilder.leave, INFO)

Dead code detected: Label case_1 is not reachable. (CFAFunctionBuilder.leave, INFO)

Dead code detected: Label case_2 is not reachable. (CFAFunctionBuilder.leave, INFO)

Dead code detected: Label switch_break is not reachable. (CFAFunctionBuilder.leave, INFO)

Dead code detected: Label switch_default is not reachable. (CFAFunctionBuilder.leave, INFO)

Dead code detected: Label case_2___2 is not reachable. (CFAFunctionBuilder.leave, INFO)

Dead code detected: Label case_2___0 is not reachable. (CFAFunctionBuilder.leave, INFO)

Dead code detected: Label case_2___1 is not reachable. (CFAFunctionBuilder.leave, INFO)

Dead code detected: Label case_1___1 is not reachable. (CFAFunctionBuilder.leave, INFO)

Dead code detected: Label case_1___2 is not reachable. (CFAFunctionBuilder.leave, INFO)

Dead code detected: Label case_1___0 is not reachable. (CFAFunctionBuilder.leave, INFO)

line 6839: Dead code detected: return; (CFACreationUtils.addEdgeToCFA, INFO)

line 6855: Dead code detected: return; (CFACreationUtils.addEdgeToCFA, INFO)

line 6910: Dead code detected: return; (CFACreationUtils.addEdgeToCFA, INFO)

line 6979: Dead code detected: return; (CFACreationUtils.addEdgeToCFA, INFO)

line 7010: Dead code detected: return; (CFACreationUtils.addEdgeToCFA, INFO)

line 7137: Dead code detected: goto ldv_call_0; (CFACreationUtils.addEdgeToCFA, INFO)

line 7138: Dead code detected: return; (CFACreationUtils.addEdgeToCFA, INFO)

line 7648: Dead code detected: return (ldv_func_res); (CFACreationUtils.addEdgeToCFA, INFO)

Inline assembler ignored, analysis is probably unsound! (CFABuilder.createCFA, WARNING)

line 10064: Function pointer *function with type void (*)(void *) is called, but no possible target functions were found. (CFunctionPointerResolver.replaceFunctionPointerCall, WARNING)

line 10083: Function pointer *function with type void (*)(void *) is called, but no possible target functions were found. (CFunctionPointerResolver.replaceFunctionPointerCall, WARNING)

line 4668: Function pointer *(ir->d.add_to_buf) with type int (*)(void *, struct lirc_buffer *) is called, but no possible target functions were found. (CFunctionPointerResolver.replaceFunctionPointerCall, WARNING)

line 5614: Function pointer *(ir->d.set_use_dec) with type void (*)(void *) is called, but no possible target functions were found. (CFunctionPointerResolver.replaceFunctionPointerCall, WARNING)

line 5371: Function pointer *(ir->d.set_use_dec) with type void (*)(void *) is called, but no possible target functions were found. (CFunctionPointerResolver.replaceFunctionPointerCall, WARNING)

line 4385: Function pointer *(p->_qproc) with type void (*)(struct file *, wait_queue_head_t *, struct poll_table_struct *) is called, but no possible target functions were found. (CFunctionPointerResolver.replaceFunctionPointerCall, WARNING)

MathSAT5 is available for research and evaluation purposes only. It can not be used in a commercial environment, particularly as part of a commercial product, without written permission. MathSAT5 is provided as is, without any warranty. Please write to mathsat@fbk.eu for additional questions regarding licensing MathSAT5 or obtaining more up-to-date versions. (PredicateCPA:JavaSMT:Mathsat5SolverContext.<init>, WARNING)

Using predicate analysis with MathSAT5 version 5.3.14 (0b98b661254c) (Nov 17 2016 10:59:45, gmp 5.1.3, gcc 4.8.5, 64-bit) and JFactory 1.21. (PredicateCPA:PredicateCPA.<init>, INFO)

Using refinement for predicate analysis with PredicateAbstractionRefinementStrategy strategy. (PredicateCPA:PredicateCPARefiner.<init>, INFO)

Starting analysis ... (CPAchecker.runAlgorithm, INFO)

Assuming external function unregister_chrdev_region to be a pure function. (PredicateCPA:ExpressionToFormulaVisitor.visit, INFO)

Shutdown requested (The CPU-time limit of 30s has elapsed.), waiting for termination. (ForceTerminationOnShutdown$1.shutdownRequested, WARNING)

Warning: Analysis interrupted (The CPU-time limit of 30s has elapsed.) (ShutdownNotifier.shutdownIfNecessary, WARNING)

PredicateCPA statistics
-----------------------
Number of abstractions:            17503 (36% of all post computations)
  Times abstraction was reused:    0
  Because of function entry/exit:  14192 (81%)
  Because of loop head:            2496 (14%)
  Because of join nodes:           0 (0%)
  Because of threshold:            0 (0%)
  Because of target state:         815 (5%)
  Times precision was empty:       3276 (19%)
  Times precision was {false}:     163 (1%)
  Times result was cached:         11562 (66%)
  Times cartesian abs was used:    0 (0%)
  Times boolean abs was used:      2502 (14%)
  Times result was 'false':        1553 (9%)
Number of strengthen sat checks:   0
Number of coverage checks:         5026
  BDD entailment checks:           5026
Number of SMT sat checks:          0
  trivial:                         0
  cached:                          0

Max ABE block size:                       56
Number of predicates discovered:          106
Number of abstraction locations:          153
Max number of predicates per location:    26
Avg number of predicates per location:    8
Total predicates per abstraction:         117793
Max number of predicates per abstraction: 26
Avg number of predicates per abstraction: 44.20
Number of irrelevant predicates:          33957 (29%)
Number of preds handled by boolean abs:   16952 (14%)
  Total number of models for allsat:      5728
  Max number of models for allsat:        32
  Avg number of models for allsat:        2.29

Time for post operator:                  1.261s
  Time for path formula creation:        1.186s
Time for strengthen operator:            0.109s
Time for prec operator:                 13.834s
  Time for abstraction:                 13.403s (Max:     0.030s, Count: 17503)
    Boolean abstraction:                 3.677s
    Solving time:                        2.197s (Max:     0.018s)
    Model enumeration time:              0.553s
    Time for BDD construction:           0.339s (Max:     0.012s)
Time for merge operator:                 0.000s
Time for coverage check:                 0.059s
  Time for BDD entailment checks:        0.055s
Total time for SMT solver (w/o itp):     2.750s

Number of path formula cache hits:   59758 (93%)

Inside post operator:                  
  Inside path formula creation:        
    Time for path formula computation:     1.029s

Total number of created targets for pointer analysis: 0


Number of BDD nodes:                               23945
Size of BDD node table:                            270749
Size of BDD cache:                                 27073
Size of BDD node cleanup queue:                       26509 (count: 33017, min: 0, max: 2062, avg: 0.80)
Time for BDD node cleanup:                             0.019s
Time for BDD garbage collection:                       0.000s (in 0 runs)

PrecisionBootstrap statistics
-----------------------------
Init. function predicates:                         0
Init. global predicates:                           0
Init. location predicates:                         0

Invariant Generation statistics
-------------------------------

AutomatonAnalysis (SVCOMP) statistics
-------------------------------------
Number of states:                                  1
Total time for successor computation:                  0.378s
Automaton transfers with branching:                0
Automaton transfer successors:                        49159 (count: 49159, min: 1, max: 1, avg: 1.00) [1 x 49159]

CPA algorithm statistics
------------------------
Number of iterations:            39929
Max size of waitlist:            9
Average size of waitlist:        4
Number of computed successors:   43461
Max successors for one state:    2
Number of times merged:          0
Number of times stopped:         1734
Number of times breaked:         88

Total time for CPA algorithm:        18.854s (Max:     0.757s)
  Time for choose from waitlist:      0.112s
  Time for precision adjustment:     14.527s
  Time for transfer relation:         3.248s
  Time for merge operator:            0.054s
  Time for stop operator:             0.206s
  Time for adding to reached set:     0.198s

Predicate-Abstraction Refiner statistics
----------------------------------------
Number of predicate refinements:                   88
Avg. length of target path (in blocks):                7234 (count: 88, min: 19, max: 103, avg: 82.20)
Number of infeasible sliced prefixes:                     0 (count: 0, min: 0, max: 0, avg: 0.00)

Time for refinement:                                   3.484s
  Counterexample analysis:                             2.930s (Max:     0.090s, Calls: 88)
    Refinement sat check:                              1.129s
    Interpolant computation:                           0.000s
  Path-formulas extraction:                            0.008s
  Error path post-processing:                          0.000s
  Predicate creation:                                  0.152s
  Precision update:                                    0.110s
  ARG update:                                          0.196s

Length of refined path (in blocks):                    6917 (count: 88, min: 19, max: 103, avg: 78.60)
Number of affected states:                             4522 (count: 88, min: 12, max: 98, avg: 51.39)
Length (states) of path with itp 'true':               2307 (count: 88, min: 0, max: 47, avg: 26.22)
Length (states) of path with itp non-trivial itp:      4522 (count: 88, min: 12, max: 98, avg: 51.39)
Length (states) of path with itp 'false':                33 (count: 88, min: 0, max: 1, avg: 0.38)
Different non-trivial interpolants along paths:         386 (count: 88, min: 1, max: 19, avg: 4.39)
Equal non-trivial interpolants along paths:            4048 (count: 88, min: 7, max: 95, avg: 46.00)
Number of refs with location-based cutoff:                0

CEGAR algorithm statistics
--------------------------
Number of refinements:                88
Number of successful refinements:     88
Number of failed refinements:         0
Max. size of reached set before ref.: 1587
Max. size of reached set after ref.:  1300
Avg. size of reached set before ref.: 1004.35
Avg. size of reached set after ref.:  548.61

Total time for CEGAR algorithm:      22.639s
Time for refinements:                 3.746s
Average time for refinement:          0.042s
Max time for refinement:              0.101s

Code Coverage
-----------------------------
  Function coverage:      0.029
  Visited lines:          801
  Total lines:            3619
  Line coverage:          0.221
  Visited conditions:     6
  Total conditions:       788
  Condition coverage:     0.008

CPAchecker general statistics
-----------------------------
Number of program locations:     5617
Number of CFA edges:             6200
Number of relevant variables:    703
Number of functions:             455
Number of loops:                 10
Size of reached set:             69
  Number of reached locations:   54 (1%)
    Avg states per location:     1
    Max states per location:     2 (at node N27)
  Number of reached functions:   13 (3%)
  Number of partitions:          68
    Avg size of partitions:      1
    Max size of partitions:      2 (with key [N27 (before line 4072), Function ldv_create_class called from node N1862, stack depth 5 [6b62d8c1], stack [main, ldv_entry_EMGentry_3, ldv_EMGentry_init_lirc_dev_init_3_7, lirc_dev_init, ldv_create_class]])
  Number of target states:       0
  Size of final wait list        2

Time for analysis setup:          7.099s
  Time for loading CPAs:          1.144s
  Time for loading parser:        0.816s
  Time for CFA construction:      4.965s
    Time for parsing file(s):     1.271s
    Time for AST to CFA:          1.951s
    Time for CFA sanity check:    0.464s
    Time for post-processing:     1.017s
      Time for var class.:        0.540s
Time for Analysis:               22.639s
CPU time for analysis:           22.630s
Total time for CPAchecker:       29.743s
Total CPU time for CPAchecker:   29.720s
Time for statistics:              0.078s

Time for Garbage Collector:       0.551s (in 57 runs)
Garbage Collector(s) used:    Copy, MarkSweepCompact
Used heap memory:                 71MB (    68 MiB) max;     47MB (    44 MiB) avg;     74MB (    71 MiB) peak
Used non-heap memory:             39MB (    37 MiB) max;     34MB (    32 MiB) avg;     39MB (    37 MiB) peak
Allocated heap memory:           127MB (   121 MiB) max;    127MB (   121 MiB) avg
Allocated non-heap memory:        40MB (    38 MiB) max;     36MB (    34 MiB) avg
Total process virtual memory:   8086MB (  7711 MiB) max;   8070MB (  7696 MiB) avg

Verification result: UNKNOWN, incomplete analysis.
More details about the verification run can be found in the directory "./output".
