scripts/cpa.sh -Dy-MySearchStrategy-PredAbs-ABElf -heap 5600000000 -timelimit 900 -preprocess -stats -noout -setprop cpa.predicate.memoryAllocationsAlwaysSucceed=true -spec ../sv-benchmarks/c/ReachSafety.prp ../sv-benchmarks/c/seq-mthreaded/rekh_nxt_true-unreach-call.2.M1.c


--------------------------------------------------------------------------------


Running CPAchecker with Java heap of size 5600000000.
Running CPAchecker with default stack size (1024k). Specify a larger value with -stack if needed.
Running CPAchecker with the following extra VM options:  -Djava.io.tmpdir=/tmp/BenchExec_run_cp8st8cl/tmp
Using the following resource limits: CPU-time limit of 900s (ResourceLimitChecker.fromConfiguration, INFO)

CPAchecker (unknown version) (OpenJDK 64-Bit Server VM 1.8.0_162) started (CPAchecker.run, INFO)

MathSAT5 is available for research and evaluation purposes only. It can not be used in a commercial environment, particularly as part of a commercial product, without written permission. MathSAT5 is provided as is, without any warranty. Please write to mathsat@fbk.eu for additional questions regarding licensing MathSAT5 or obtaining more up-to-date versions. (PredicateCPA:JavaSMT:Mathsat5SolverContext.<init>, WARNING)

Using predicate analysis with MathSAT5 version 5.3.14 (0b98b661254c) (Nov 17 2016 10:59:45, gmp 5.1.3, gcc 4.8.5, 64-bit) and JFactory 1.21. (PredicateCPA:PredicateCPA.<init>, INFO)

Using refinement for predicate analysis with PredicateAbstractionRefinementStrategy strategy. (PredicateCPA:PredicateCPARefiner.<init>, INFO)

Starting analysis ... (CPAchecker.runAlgorithm, INFO)

Assuming external function nxt_motor_set_speed to be a pure function. (PredicateCPA:ExpressionToFormulaVisitor.visit, INFO)

Assuming external function nxt_motor_set_count to be a pure function. (PredicateCPA:ExpressionToFormulaVisitor.visit, INFO)

Assuming external function ecrobot_sound_tone to be a pure function. (PredicateCPA:ExpressionToFormulaVisitor.visit, INFO)

Assuming external function ecrobot_bt_data_logger to be a pure function. (PredicateCPA:ExpressionToFormulaVisitor.visit, INFO)

Assuming external function ecrobot_status_monitor to be a pure function. (PredicateCPA:ExpressionToFormulaVisitor.visit, INFO)

Assuming external function write_mode_on_lcd to be a pure function. (PredicateCPA:ExpressionToFormulaVisitor.visit, INFO)

Shutdown requested (The CPU-time limit of 900s has elapsed.), waiting for termination. (ForceTerminationOnShutdown$1.shutdownRequested, WARNING)

Warning: Analysis interrupted (The CPU-time limit of 900s has elapsed.) (ShutdownNotifier.shutdownIfNecessary, WARNING)

PredicateCPA statistics
-----------------------
Number of abstractions:            2426 (6% of all post computations)
  Times abstraction was reused:    0
  Because of function entry/exit:  2285 (94%)
  Because of loop head:            94 (4%)
  Because of join nodes:           0 (0%)
  Because of threshold:            0 (0%)
  Because of target state:         47 (2%)
  Times precision was empty:       455 (19%)
  Times precision was {false}:     62 (3%)
  Times result was cached:         1107 (46%)
  Times cartesian abs was used:    0 (0%)
  Times boolean abs was used:      802 (33%)
  Times result was 'false':        520 (21%)
Number of strengthen sat checks:   0
Number of coverage checks:         10074
  BDD entailment checks:           320
Number of SMT sat checks:          0
  trivial:                         0
  cached:                          0

Max ABE block size:                       338
Number of predicates discovered:          70
Number of abstraction locations:          60
Max number of predicates per location:    39
Avg number of predicates per location:    15
Total predicates per abstraction:         28133
Max number of predicates per abstraction: 39
Avg number of predicates per abstraction: 32.56
Number of irrelevant predicates:          6641 (24%)
Number of preds handled by boolean abs:   10333 (37%)
  Total number of models for allsat:      275556
  Max number of models for allsat:        70800
  Avg number of models for allsat:        343.59

Time for post operator:                  4.787s
  Time for path formula creation:        4.701s
Time for strengthen operator:            0.128s
Time for prec operator:                584.252s
  Time for abstraction:                584.050s (Max:   101.289s, Count: 2426)
    Boolean abstraction:               578.707s
    Solving time:                       33.831s (Max:     7.910s)
    Model enumeration time:            523.140s
    Time for BDD construction:          21.591s (Max:     6.351s)
Time for merge operator:                 0.191s
Time for coverage check:                 0.046s
  Time for BDD entailment checks:        0.027s
Total time for SMT solver (w/o itp):   556.972s

Number of path formula cache hits:   29672 (67%)

Inside post operator:                  
  Inside path formula creation:        
    Time for path formula computation:     4.504s

Total number of created targets for pointer analysis: 31856
   Number of created targets for uf: *unsigned_char is 122
   Number of created targets for uf: *_Bool is 41
   Number of created targets for uf: *unsigned_int is 12
   Number of created targets for uf: *char is 3


Number of BDD nodes:                               68150
Size of BDD node table:                            270749
Size of BDD cache:                                 27073
Size of BDD node cleanup queue:                       44320 (count: 23684, min: 0, max: 7643, avg: 1.87)
Time for BDD node cleanup:                             0.038s
Time for BDD garbage collection:                       0.307s (in 68 runs)

PrecisionBootstrap statistics
-----------------------------
Init. function predicates:                         0
Init. global predicates:                           0
Init. location predicates:                         0

Invariant Generation statistics
-------------------------------

AutomatonAnalysis (SVCOMP) statistics
-------------------------------------
Number of states:                                  1
Total time for successor computation:                  0.302s
Automaton transfers with branching:                0
Automaton transfer successors:                        40082 (count: 40082, min: 1, max: 1, avg: 1.00) [1 x 40082]

CPA algorithm statistics
------------------------
Number of iterations:            30546
Max size of waitlist:            223
Average size of waitlist:        22
Number of computed successors:   36207
Max successors for one state:    2
Number of times merged:          4877
Number of times stopped:         5017
Number of times breaked:         25

Total time for CPA algorithm:       592.425s (Max:   191.308s)
  Time for choose from waitlist:      0.097s
  Time for precision adjustment:    584.889s
  Time for transfer relation:         6.263s
  Time for merge operator:            0.494s
  Time for stop operator:             0.143s
  Time for adding to reached set:     0.178s

Predicate-Abstraction Refiner statistics
----------------------------------------
Number of predicate refinements:                   25
Avg. length of target path (in blocks):                1285 (count: 25, min: 19, max: 72, avg: 51.40)
Number of infeasible sliced prefixes:                     0 (count: 0, min: 0, max: 0, avg: 0.00)

Time for refinement:                                 302.918s
  Counterexample analysis:                           302.529s (Max:    75.816s, Calls: 25)
    Refinement sat check:                            296.721s
    Interpolant computation:                           0.000s
  Path-formulas extraction:                            0.001s
  Error path post-processing:                          0.000s
  Predicate creation:                                  0.070s
  Precision update:                                    0.048s
  ARG update:                                          0.180s

Length of refined path (in blocks):                    1081 (count: 25, min: 13, max: 72, avg: 43.24)
Number of affected states:                              503 (count: 25, min: 1, max: 60, avg: 20.12)
Length (states) of path with itp 'true':                553 (count: 25, min: 0, max: 52, avg: 22.12)
Length (states) of path with itp non-trivial itp:       503 (count: 25, min: 1, max: 60, avg: 20.12)
Length (states) of path with itp 'false':                16 (count: 25, min: 0, max: 1, avg: 0.64)
Different non-trivial interpolants along paths:          53 (count: 25, min: 0, max: 13, avg: 2.12)
Equal non-trivial interpolants along paths:             425 (count: 25, min: 0, max: 49, avg: 17.00)
Number of refs with location-based cutoff:                0

CEGAR algorithm statistics
--------------------------
Number of refinements:                25
Number of successful refinements:     25
Number of failed refinements:         0
Max. size of reached set before ref.: 3167
Max. size of reached set after ref.:  2779
Avg. size of reached set before ref.: 1975.16
Avg. size of reached set after ref.:  851.84

Total time for CEGAR algorithm:     895.650s
Time for refinements:               303.188s
Average time for refinement:         12.127s
Max time for refinement:             75.870s

Code Coverage
-----------------------------
  Function coverage:      0.758
  Visited lines:          1008
  Total lines:            1634
  Line coverage:          0.617
  Visited conditions:     1026
  Total conditions:       1550
  Condition coverage:     0.662

CPAchecker general statistics
-----------------------------
Number of program locations:     2438
Number of CFA edges:             2725
Number of relevant variables:    100
Number of functions:             33
Number of loops:                 1
Size of reached set:             2587
  Number of reached locations:   1192 (49%)
    Avg states per location:     2
    Max states per location:     18 (at node N1889)
  Number of reached functions:   25 (76%)
  Number of partitions:          2579
    Avg size of partitions:      1
    Max size of partitions:      3 (with key [N137 (before line 269), Function OSEK_Task_ts1 called from node N222, stack depth 4 [3dbf2603], stack [main, __startrek_hyperperiod, __startrek_entry_pt_OSEK_Task_ts1, OSEK_Task_ts1]])
  Number of target states:       0
  Size of final wait list        4

Time for analysis setup:          4.598s
  Time for loading CPAs:          0.973s
  Time for loading parser:        0.767s
  Time for CFA construction:      2.692s
    Time for parsing file(s):     0.748s
    Time for AST to CFA:          0.815s
    Time for CFA sanity check:    0.296s
    Time for post-processing:     0.663s
      Time for var class.:        0.377s
Time for Analysis:              895.650s
CPU time for analysis:          895.580s
Total time for CPAchecker:      900.252s
Total CPU time for CPAchecker:  900.170s
Time for statistics:              0.172s

Time for Garbage Collector:       0.805s (in 137 runs)
Garbage Collector(s) used:    Copy, MarkSweepCompact
Used heap memory:                 71MB (    68 MiB) max;     50MB (    48 MiB) avg;     75MB (    71 MiB) peak
Used non-heap memory:             38MB (    36 MiB) max;     36MB (    35 MiB) avg;     38MB (    36 MiB) peak
Allocated heap memory:           127MB (   121 MiB) max;    127MB (   121 MiB) avg
Allocated non-heap memory:        40MB (    38 MiB) max;     39MB (    37 MiB) avg
Total process virtual memory:   8353MB (  7966 MiB) max;   8323MB (  7938 MiB) avg

Verification result: UNKNOWN, incomplete analysis.
More details about the verification run can be found in the directory "./output".
