scripts/cpa.sh -Dy-MySearchStrategy-PredAbs-ABElf -heap 5600000000 -timelimit 900 -preprocess -stats -noout -setprop cpa.predicate.memoryAllocationsAlwaysSucceed=true -spec ../sv-benchmarks/c/ReachSafety.prp ../sv-benchmarks/c/product-lines/elevator_spec9_product29_true-unreach-call_true-termination.cil.c


--------------------------------------------------------------------------------


Running CPAchecker with Java heap of size 5600000000.
Running CPAchecker with default stack size (1024k). Specify a larger value with -stack if needed.
Running CPAchecker with the following extra VM options:  -Djava.io.tmpdir=/tmp/BenchExec_run_6xua1oyg/tmp
Using the following resource limits: CPU-time limit of 900s (ResourceLimitChecker.fromConfiguration, INFO)

CPAchecker (unknown version) (OpenJDK 64-Bit Server VM 1.8.0_151) started (CPAchecker.run, INFO)

line 343: Dead code detected: return (retValue_acc); (CFACreationUtils.addEdgeToCFA, INFO)

line 579: Dead code detected: return (retValue_acc); (CFACreationUtils.addEdgeToCFA, INFO)

line 890: Dead code detected: return (retValue_acc); (CFACreationUtils.addEdgeToCFA, INFO)

line 1250: Dead code detected: return (retValue_acc); (CFACreationUtils.addEdgeToCFA, INFO)

line 1354: Dead code detected: return (retValue_acc); (CFACreationUtils.addEdgeToCFA, INFO)

line 1377: Dead code detected: return (retValue_acc); (CFACreationUtils.addEdgeToCFA, INFO)

line 1697: Dead code detected: return (retValue_acc); (CFACreationUtils.addEdgeToCFA, INFO)

line 1743: Dead code detected: return (retValue_acc); (CFACreationUtils.addEdgeToCFA, INFO)

line 1819: Dead code detected: return (retValue_acc); (CFACreationUtils.addEdgeToCFA, INFO)

line 1996: Dead code detected: return (retValue_acc); (CFACreationUtils.addEdgeToCFA, INFO)

line 2005: Dead code detected: return (retValue_acc); (CFACreationUtils.addEdgeToCFA, INFO)

line 2039: Dead code detected: return (retValue_acc); (CFACreationUtils.addEdgeToCFA, INFO)

line 2048: Dead code detected: return (retValue_acc); (CFACreationUtils.addEdgeToCFA, INFO)

line 2088: Dead code detected: return (retValue_acc); (CFACreationUtils.addEdgeToCFA, INFO)

line 2168: Dead code detected: return (retValue_acc); (CFACreationUtils.addEdgeToCFA, INFO)

line 2181: Dead code detected: return (retValue_acc); (CFACreationUtils.addEdgeToCFA, INFO)

line 2533: Dead code detected: return (retValue_acc); (CFACreationUtils.addEdgeToCFA, INFO)

line 2572: Dead code detected: return (retValue_acc); (CFACreationUtils.addEdgeToCFA, INFO)

line 2606: Dead code detected: return (retValue_acc); (CFACreationUtils.addEdgeToCFA, INFO)

line 2662: Dead code detected: return (retValue_acc); (CFACreationUtils.addEdgeToCFA, INFO)

line 2690: Dead code detected: return (retValue_acc); (CFACreationUtils.addEdgeToCFA, INFO)

line 2704: Dead code detected: return (retValue_acc); (CFACreationUtils.addEdgeToCFA, INFO)

line 3276: Dead code detected: return (retValue_acc); (CFACreationUtils.addEdgeToCFA, INFO)

line 3316: Dead code detected: return (retValue_acc); (CFACreationUtils.addEdgeToCFA, INFO)

line 3355: Dead code detected: return (retValue_acc); (CFACreationUtils.addEdgeToCFA, INFO)

line 3394: Dead code detected: return (retValue_acc); (CFACreationUtils.addEdgeToCFA, INFO)

line 1534: Function pointer *__cil_tmp10 with type int (*)(int, int) is called, but no possible target functions were found. (CFunctionPointerResolver.replaceFunctionPointerCall, WARNING)

MathSAT5 is available for research and evaluation purposes only. It can not be used in a commercial environment, particularly as part of a commercial product, without written permission. MathSAT5 is provided as is, without any warranty. Please write to mathsat@fbk.eu for additional questions regarding licensing MathSAT5 or obtaining more up-to-date versions. (PredicateCPA:JavaSMT:Mathsat5SolverContext.<init>, WARNING)

Using predicate analysis with MathSAT5 version 5.3.14 (0b98b661254c) (Nov 17 2016 10:59:45, gmp 5.1.3, gcc 4.8.5, 64-bit) and JFactory 1.21. (PredicateCPA:PredicateCPA.<init>, INFO)

Using refinement for predicate analysis with PredicateAbstractionRefinementStrategy strategy. (PredicateCPA:PredicateCPARefiner.<init>, INFO)

Starting analysis ... (CPAchecker.runAlgorithm, INFO)

Shutdown requested (The CPU-time limit of 900s has elapsed.), waiting for termination. (ForceTerminationOnShutdown$1.shutdownRequested, WARNING)

Warning: Analysis interrupted (The CPU-time limit of 900s has elapsed.) (ShutdownNotifier.shutdownIfNecessary, WARNING)

PredicateCPA statistics
-----------------------
Number of abstractions:            409246 (4% of all post computations)
  Times abstraction was reused:    0
  Because of function entry/exit:  408224 (100%)
  Because of loop head:            602 (0%)
  Because of join nodes:           0 (0%)
  Because of threshold:            0 (0%)
  Because of target state:         420 (0%)
  Times precision was empty:       44858 (11%)
  Times precision was {false}:     529 (0%)
  Times result was cached:         355772 (87%)
  Times cartesian abs was used:    0 (0%)
  Times boolean abs was used:      8087 (2%)
  Times result was 'false':        4969 (1%)
Number of strengthen sat checks:   0
Number of coverage checks:         5158363
  BDD entailment checks:           80821
Number of SMT sat checks:          0
  trivial:                         0
  cached:                          0

Max ABE block size:                       59
Number of predicates discovered:          132
Number of abstraction locations:          123
Max number of predicates per location:    41
Avg number of predicates per location:    19
Total predicates per abstraction:         5303030
Max number of predicates per abstraction: 41
Avg number of predicates per abstraction: 615.49
Number of irrelevant predicates:          3379457 (64%)
Number of preds handled by boolean abs:   72532 (1%)
  Total number of models for allsat:      63230
  Max number of models for allsat:        2794
  Avg number of models for allsat:        7.82

Time for post operator:                178.560s
  Time for path formula creation:      169.954s
Time for strengthen operator:           10.092s
Time for prec operator:                311.169s
  Time for abstraction:                293.685s (Max:     4.919s, Count: 409246)
    Boolean abstraction:                21.343s
    Solving time:                       11.568s (Max:     0.017s)
    Model enumeration time:              6.000s
    Time for BDD construction:           2.583s (Max:     0.283s)
Time for merge operator:                43.100s
Time for coverage check:                 0.706s
  Time for BDD entailment checks:        0.211s
Total time for SMT solver (w/o itp):    17.568s

Number of path formula cache hits:   11903120 (85%)

Inside post operator:                  
  Inside path formula creation:        
    Time for path formula computation:    73.223s

Total number of created targets for pointer analysis: 0


Number of BDD nodes:                               194407
Size of BDD node table:                            270749
Size of BDD cache:                                 27073
Size of BDD node cleanup queue:                       89355 (count: 206834, min: 0, max: 5628, avg: 0.43)
Time for BDD node cleanup:                             0.062s
Time for BDD garbage collection:                       0.039s (in 1 runs)

PrecisionBootstrap statistics
-----------------------------
Init. function predicates:                         0
Init. global predicates:                           0
Init. location predicates:                         0

Invariant Generation statistics
-------------------------------

AutomatonAnalysis (SVCOMP) statistics
-------------------------------------
Number of states:                                  1
Total time for successor computation:                 18.475s
  Time for transition matches:                         8.231s
  Time for transition assertions:                      0.000s
  Time for transition actions:                         0.001s
Automaton transfers with branching:                0
Automaton transfer successors:                     11514126 (count: 11514126, min: 1, max: 1, avg: 1.00) [1 x 11514126]

CPA algorithm statistics
------------------------
Number of iterations:            8744676
Max size of waitlist:            436
Average size of waitlist:        218
Number of computed successors:   11327853
Max successors for one state:    2
Number of times merged:          2538771
Number of times stopped:         2564246
Number of times breaked:         420

Total time for CPA algorithm:       803.745s (Max:    40.463s)
  Time for choose from waitlist:      3.796s
  Time for precision adjustment:    380.214s
  Time for transfer relation:       292.031s
  Time for merge operator:           73.533s
  Time for stop operator:            12.309s
  Time for adding to reached set:    16.814s

Predicate-Abstraction Refiner statistics
----------------------------------------
Number of predicate refinements:                   420
Avg. length of target path (in blocks):               34954 (count: 420, min: 49, max: 148, avg: 83.22)
Number of infeasible sliced prefixes:                     0 (count: 0, min: 0, max: 0, avg: 0.00)

Time for refinement:                                  43.357s
  Counterexample analysis:                            20.277s (Max:     0.330s, Calls: 420)
    Refinement sat check:                             12.022s
    Interpolant computation:                           0.000s
  Path-formulas extraction:                            0.025s
  Error path post-processing:                          0.000s
  Predicate creation:                                  0.237s
  Precision update:                                    0.303s
  ARG update:                                         21.852s

Length of refined path (in blocks):                   32856 (count: 420, min: 27, max: 145, avg: 78.23)
Number of affected states:                            10357 (count: 420, min: 1, max: 139, avg: 24.66)
Length (states) of path with itp 'true':              22079 (count: 420, min: 0, max: 122, avg: 52.57)
Length (states) of path with itp non-trivial itp:     10357 (count: 420, min: 1, max: 139, avg: 24.66)
Length (states) of path with itp 'false':               420 (count: 420, min: 1, max: 1, avg: 1.00)
Different non-trivial interpolants along paths:         349 (count: 420, min: 0, max: 18, avg: 0.83)
Equal non-trivial interpolants along paths:            9588 (count: 420, min: 0, max: 121, avg: 22.83)
Number of refs with location-based cutoff:                0

CEGAR algorithm statistics
--------------------------
Number of refinements:                420
Number of successful refinements:     420
Number of failed refinements:         0
Max. size of reached set before ref.: 292496
Max. size of reached set after ref.:  292300
Avg. size of reached set before ref.: 71821.10
Avg. size of reached set after ref.:  51181.99

Total time for CEGAR algorithm:     895.408s
Time for refinements:                72.677s
Average time for refinement:          0.173s
Max time for refinement:              1.162s

Code Coverage
-----------------------------
  Function coverage:      0.608
  Visited lines:          990
  Total lines:            1720
  Line coverage:          0.576
  Visited conditions:     582
  Total conditions:       750
  Condition coverage:     0.776

CPAchecker general statistics
-----------------------------
Number of program locations:     2255
Number of CFA edges:             2744
Number of relevant variables:    307
Number of functions:             74
Number of loops:                 9
Size of reached set:             90208
  Number of reached locations:   1117 (50%)
    Avg states per location:     80
    Max states per location:     452 (at node N255)
  Number of reached functions:   45 (61%)
  Number of partitions:          89843
    Avg size of partitions:      1
    Max size of partitions:      4 (with key [N2200 (before line 2764), Function processWaitingOnFloor called from node N2285, stack depth 6 [31a69ab8], stack [main, runTest, test, cleanup, timeShift, processWaitingOnFloor]])
  Number of target states:       0
  Size of final wait list        196

Time for analysis setup:          4.804s
  Time for loading CPAs:          0.906s
  Time for loading parser:        0.834s
  Time for CFA construction:      2.837s
    Time for parsing file(s):     0.787s
    Time for AST to CFA:          0.903s
    Time for CFA sanity check:    0.294s
    Time for post-processing:     0.661s
      Time for var class.:        0.384s
Time for Analysis:              895.408s
CPU time for analysis:          895.330s
Total time for CPAchecker:      900.218s
Total CPU time for CPAchecker:  900.130s
Time for statistics:              1.101s

Time for Garbage Collector:     106.841s (in 685 runs)
Garbage Collector(s) used:    Copy, MarkSweepCompact
Used heap memory:               1903MB (  1815 MiB) max;    873MB (   832 MiB) avg;   1948MB (  1858 MiB) peak
Used non-heap memory:             37MB (    35 MiB) max;     36MB (    34 MiB) avg;     38MB (    36 MiB) peak
Allocated heap memory:          1962MB (  1871 MiB) max;   1266MB (  1208 MiB) avg
Allocated non-heap memory:        40MB (    38 MiB) max;     39MB (    38 MiB) avg
Total process virtual memory:   8221MB (  7840 MiB) max;   8138MB (  7761 MiB) avg

Verification result: UNKNOWN, incomplete analysis.
More details about the verification run can be found in the directory "./output".
