scripts/cpa.sh -Dy-MySearchStrategy-PredAbs-ABElf -heap 5600000000 -timelimit 900 -preprocess -stats -noout -setprop cpa.predicate.memoryAllocationsAlwaysSucceed=true -spec ../sv-benchmarks/c/ReachSafety.prp ../sv-benchmarks/c/product-lines/email_spec9_product29_true-unreach-call_true-termination.cil.c


--------------------------------------------------------------------------------


Running CPAchecker with Java heap of size 5600000000.
Running CPAchecker with default stack size (1024k). Specify a larger value with -stack if needed.
Running CPAchecker with the following extra VM options:  -Djava.io.tmpdir=/tmp/BenchExec_run_j8wkcs_a/tmp
Using the following resource limits: CPU-time limit of 900s (ResourceLimitChecker.fromConfiguration, INFO)

CPAchecker (unknown version) (OpenJDK 64-Bit Server VM 1.8.0_151) started (CPAchecker.run, INFO)

line 61: Dead code detected: return (retValue_acc); (CFACreationUtils.addEdgeToCFA, INFO)

line 84: Dead code detected: return (retValue_acc); (CFACreationUtils.addEdgeToCFA, INFO)

line 189: Dead code detected: return (retValue_acc); (CFACreationUtils.addEdgeToCFA, INFO)

line 209: Dead code detected: return (retValue_acc); (CFACreationUtils.addEdgeToCFA, INFO)

line 218: Dead code detected: return (retValue_acc); (CFACreationUtils.addEdgeToCFA, INFO)

line 233: Dead code detected: return (retValue_acc); (CFACreationUtils.addEdgeToCFA, INFO)

line 500: Dead code detected: return (retValue_acc); (CFACreationUtils.addEdgeToCFA, INFO)

line 532: Dead code detected: return (retValue_acc); (CFACreationUtils.addEdgeToCFA, INFO)

line 541: Dead code detected: return (retValue_acc); (CFACreationUtils.addEdgeToCFA, INFO)

line 550: Dead code detected: return (retValue_acc); (CFACreationUtils.addEdgeToCFA, INFO)

line 575: Dead code detected: return (retValue_acc); (CFACreationUtils.addEdgeToCFA, INFO)

line 678: Dead code detected: return (retValue_acc); (CFACreationUtils.addEdgeToCFA, INFO)

line 998: Dead code detected: return (retValue_acc); (CFACreationUtils.addEdgeToCFA, INFO)

line 1044: Dead code detected: return (retValue_acc); (CFACreationUtils.addEdgeToCFA, INFO)

line 1292: Dead code detected: return (retValue_acc); (CFACreationUtils.addEdgeToCFA, INFO)

line 1313: Dead code detected: return (retValue_acc); (CFACreationUtils.addEdgeToCFA, INFO)

line 1350: Dead code detected: return (retValue_acc); (CFACreationUtils.addEdgeToCFA, INFO)

line 1387: Dead code detected: return (retValue_acc); (CFACreationUtils.addEdgeToCFA, INFO)

line 1426: Dead code detected: return (retValue_acc); (CFACreationUtils.addEdgeToCFA, INFO)

line 1465: Dead code detected: return (retValue_acc); (CFACreationUtils.addEdgeToCFA, INFO)

line 1502: Dead code detected: return (retValue_acc); (CFACreationUtils.addEdgeToCFA, INFO)

line 1539: Dead code detected: return (retValue_acc); (CFACreationUtils.addEdgeToCFA, INFO)

line 1576: Dead code detected: return (retValue_acc); (CFACreationUtils.addEdgeToCFA, INFO)

line 1613: Dead code detected: return (retValue_acc); (CFACreationUtils.addEdgeToCFA, INFO)

line 1650: Dead code detected: return (retValue_acc); (CFACreationUtils.addEdgeToCFA, INFO)

line 1704: Dead code detected: return (retValue_acc); (CFACreationUtils.addEdgeToCFA, INFO)

line 1733: Dead code detected: return (retValue_acc); (CFACreationUtils.addEdgeToCFA, INFO)

line 1781: Dead code detected: return (retValue_acc); (CFACreationUtils.addEdgeToCFA, INFO)

line 1828: Dead code detected: return (retValue_acc); (CFACreationUtils.addEdgeToCFA, INFO)

line 1873: Dead code detected: return (retValue_acc); (CFACreationUtils.addEdgeToCFA, INFO)

line 1951: Dead code detected: return (retValue_acc); (CFACreationUtils.addEdgeToCFA, INFO)

line 2020: Dead code detected: return (retValue_acc); (CFACreationUtils.addEdgeToCFA, INFO)

line 2154: Dead code detected: return (retValue_acc); (CFACreationUtils.addEdgeToCFA, INFO)

line 2237: Dead code detected: return (retValue_acc); (CFACreationUtils.addEdgeToCFA, INFO)

line 2284: Dead code detected: return (retValue_acc); (CFACreationUtils.addEdgeToCFA, INFO)

line 2331: Dead code detected: return (retValue_acc); (CFACreationUtils.addEdgeToCFA, INFO)

line 2376: Dead code detected: return (retValue_acc); (CFACreationUtils.addEdgeToCFA, INFO)

line 2439: Dead code detected: return (retValue_acc); (CFACreationUtils.addEdgeToCFA, INFO)

line 2546: Dead code detected: return (retValue_acc); (CFACreationUtils.addEdgeToCFA, INFO)

line 2600: Dead code detected: return (retValue_acc); (CFACreationUtils.addEdgeToCFA, INFO)

line 2672: Dead code detected: return (retValue_acc); (CFACreationUtils.addEdgeToCFA, INFO)

line 2719: Dead code detected: return (retValue_acc); (CFACreationUtils.addEdgeToCFA, INFO)

line 835: Function pointer *__cil_tmp10 with type int (*)(int, int) is called, but no possible target functions were found. (CFunctionPointerResolver.replaceFunctionPointerCall, WARNING)

MathSAT5 is available for research and evaluation purposes only. It can not be used in a commercial environment, particularly as part of a commercial product, without written permission. MathSAT5 is provided as is, without any warranty. Please write to mathsat@fbk.eu for additional questions regarding licensing MathSAT5 or obtaining more up-to-date versions. (PredicateCPA:JavaSMT:Mathsat5SolverContext.<init>, WARNING)

Using predicate analysis with MathSAT5 version 5.3.14 (0b98b661254c) (Nov 17 2016 10:59:45, gmp 5.1.3, gcc 4.8.5, 64-bit) and JFactory 1.21. (PredicateCPA:PredicateCPA.<init>, INFO)

Using refinement for predicate analysis with PredicateAbstractionRefinementStrategy strategy. (PredicateCPA:PredicateCPARefiner.<init>, INFO)

Starting analysis ... (CPAchecker.runAlgorithm, INFO)

Shutdown requested (The CPU-time limit of 900s has elapsed.), waiting for termination. (ForceTerminationOnShutdown$1.shutdownRequested, WARNING)

Warning: Analysis interrupted (The CPU-time limit of 900s has elapsed.) (ShutdownNotifier.shutdownIfNecessary, WARNING)

PredicateCPA statistics
-----------------------
Number of abstractions:            532041 (17% of all post computations)
  Times abstraction was reused:    0
  Because of function entry/exit:  529681 (100%)
  Because of loop head:            2209 (0%)
  Because of join nodes:           0 (0%)
  Because of threshold:            0 (0%)
  Because of target state:         151 (0%)
  Times precision was empty:       3355 (1%)
  Times precision was {false}:     324 (0%)
  Times result was cached:         506699 (95%)
  Times cartesian abs was used:    0 (0%)
  Times boolean abs was used:      21663 (4%)
  Times result was 'false':        38888 (7%)
Number of strengthen sat checks:   0
Number of coverage checks:         808126
  BDD entailment checks:           115006
Number of SMT sat checks:          0
  trivial:                         0
  cached:                          0

Max ABE block size:                       65
Number of predicates discovered:          225
Number of abstraction locations:          177
Max number of predicates per location:    48
Avg number of predicates per location:    21
Total predicates per abstraction:         6880129
Max number of predicates per abstraction: 48
Avg number of predicates per abstraction: 312.92
Number of irrelevant predicates:          2462406 (36%)
Number of preds handled by boolean abs:   294543 (4%)
  Total number of models for allsat:      2291528
  Max number of models for allsat:        119808
  Avg number of models for allsat:        105.78

Time for post operator:                 32.874s
  Time for path formula creation:       31.074s
Time for strengthen operator:            2.924s
Time for prec operator:                748.080s
  Time for abstraction:                741.674s (Max:    45.561s, Count: 532041)
    Boolean abstraction:               490.420s
    Solving time:                       42.658s (Max:     0.018s)
    Model enumeration time:            317.538s
    Time for BDD construction:         125.915s (Max:     7.893s)
Time for merge operator:                 4.563s
Time for coverage check:                 0.390s
  Time for BDD entailment checks:        0.301s
Total time for SMT solver (w/o itp):   360.196s

Number of path formula cache hits:   2752527 (72%)

Inside post operator:                  
  Inside path formula creation:        
    Time for path formula computation:    26.255s

Total number of created targets for pointer analysis: 0


Number of BDD nodes:                               234714
Size of BDD node table:                            270749
Size of BDD cache:                                 27073
Size of BDD node cleanup queue:                      353150 (count: 376041, min: 0, max: 5534, avg: 0.94)
Time for BDD node cleanup:                             0.159s
Time for BDD garbage collection:                       1.846s (in 409 runs)

PrecisionBootstrap statistics
-----------------------------
Init. function predicates:                         0
Init. global predicates:                           0
Init. location predicates:                         0

Invariant Generation statistics
-------------------------------

AutomatonAnalysis (SVCOMP) statistics
-------------------------------------
Number of states:                                  1
Total time for successor computation:                  4.945s
  Time for transition matches:                         2.854s
  Time for transition assertions:                      0.001s
  Time for transition actions:                         0.003s
Automaton transfers with branching:                0
Automaton transfer successors:                      3219508 (count: 3219508, min: 1, max: 1, avg: 1.00) [1 x 3219508]

CPA algorithm statistics
------------------------
Number of iterations:            2417342
Max size of waitlist:            78
Average size of waitlist:        37
Number of computed successors:   2846253
Max successors for one state:    2
Number of times merged:          346560
Number of times stopped:         385262
Number of times breaked:         151

Total time for CPA algorithm:       857.988s (Max:   127.583s)
  Time for choose from waitlist:      1.188s
  Time for precision adjustment:    765.123s
  Time for transfer relation:        66.480s
  Time for merge operator:            8.905s
  Time for stop operator:             3.501s
  Time for adding to reached set:     4.855s

Predicate-Abstraction Refiner statistics
----------------------------------------
Number of predicate refinements:                   151
Avg. length of target path (in blocks):               24402 (count: 151, min: 70, max: 241, avg: 161.60)
Number of infeasible sliced prefixes:                     0 (count: 0, min: 0, max: 0, avg: 0.00)

Time for refinement:                                  35.794s
  Counterexample analysis:                            29.657s (Max:     0.751s, Calls: 151)
    Refinement sat check:                              7.748s
    Interpolant computation:                           0.000s
  Path-formulas extraction:                            0.010s
  Error path post-processing:                          0.000s
  Predicate creation:                                  0.511s
  Precision update:                                    0.290s
  ARG update:                                          5.065s

Length of refined path (in blocks):                   16568 (count: 151, min: 39, max: 231, avg: 109.72)
Number of affected states:                            14602 (count: 151, min: 1, max: 223, avg: 96.70)
Length (states) of path with itp 'true':               1815 (count: 151, min: 0, max: 89, avg: 12.02)
Length (states) of path with itp non-trivial itp:     14602 (count: 151, min: 1, max: 223, avg: 96.70)
Length (states) of path with itp 'false':               151 (count: 151, min: 1, max: 1, avg: 1.00)
Different non-trivial interpolants along paths:        1852 (count: 151, min: 0, max: 64, avg: 12.26)
Equal non-trivial interpolants along paths:           12599 (count: 151, min: 0, max: 186, avg: 83.44)
Number of refs with location-based cutoff:                0

CEGAR algorithm statistics
--------------------------
Number of refinements:                151
Number of successful refinements:     151
Number of failed refinements:         0
Max. size of reached set before ref.: 125261
Max. size of reached set after ref.:  15533
Avg. size of reached set before ref.: 16314.97
Avg. size of reached set after ref.:  445.62

Total time for CEGAR algorithm:     896.127s
Time for refinements:                38.081s
Average time for refinement:          0.252s
Max time for refinement:              0.986s

Code Coverage
-----------------------------
  Function coverage:      0.637
  Visited lines:          868
  Total lines:            1453
  Line coverage:          0.597
  Visited conditions:     344
  Total conditions:       498
  Condition coverage:     0.691

CPAchecker general statistics
-----------------------------
Number of program locations:     1995
Number of CFA edges:             2265
Number of relevant variables:    361
Number of functions:             113
Number of loops:                 4
Size of reached set:             25831
  Number of reached locations:   905 (45%)
    Avg states per location:     28
    Max states per location:     461 (at node N361)
  Number of reached functions:   72 (64%)
  Number of partitions:          25487
    Avg size of partitions:      1
    Max size of partitions:      15 (with key [N743 (before lines 1096-1263), Function test called from node N2154, stack depth 2 [106f9ca4], stack [main, test]])
  Number of target states:       0
  Size of final wait list        47

Time for analysis setup:          4.104s
  Time for loading CPAs:          0.861s
  Time for loading parser:        0.683s
  Time for CFA construction:      2.386s
    Time for parsing file(s):     0.704s
    Time for AST to CFA:          0.700s
    Time for CFA sanity check:    0.232s
    Time for post-processing:     0.584s
      Time for var class.:        0.305s
Time for Analysis:              896.127s
CPU time for analysis:          896.010s
Total time for CPAchecker:      900.240s
Total CPU time for CPAchecker:  900.120s
Time for statistics:              0.452s

Time for Garbage Collector:      38.108s (in 835 runs)
Garbage Collector(s) used:    Copy, MarkSweepCompact
Used heap memory:                859MB (   820 MiB) max;    404MB (   385 MiB) avg;    917MB (   875 MiB) peak
Used non-heap memory:             37MB (    36 MiB) max;     36MB (    35 MiB) avg;     38MB (    36 MiB) peak
Allocated heap memory:          1084MB (  1034 MiB) max;    602MB (   574 MiB) avg
Allocated non-heap memory:        40MB (    38 MiB) max;     40MB (    38 MiB) avg
Total process virtual memory:   9242MB (  8814 MiB) max;   8589MB (  8191 MiB) avg

Verification result: UNKNOWN, incomplete analysis.
More details about the verification run can be found in the directory "./output".
