scripts/cpa.sh -Dy-MySearchStrategy-PredAbs-ABElf -heap 5600000000 -timelimit 30 -preprocess -stats -noout -setprop cpa.predicate.memoryAllocationsAlwaysSucceed=true -spec ../sv-benchmarks/c/ReachSafety.prp ../sv-benchmarks/c/product-lines/elevator_spec3_product18_true-unreach-call_true-termination.cil.c


--------------------------------------------------------------------------------


Running CPAchecker with Java heap of size 5600000000.
Running CPAchecker with default stack size (1024k). Specify a larger value with -stack if needed.
Running CPAchecker with the following extra VM options:  -Djava.io.tmpdir=/tmp/BenchExec_run_c_gav_qp/tmp
Using the following resource limits: CPU-time limit of 30s (ResourceLimitChecker.fromConfiguration, INFO)

CPAchecker (unknown version) (OpenJDK 64-Bit Server VM 1.8.0_151) started (CPAchecker.run, INFO)

line 50: Dead code detected: return (retValue_acc); (CFACreationUtils.addEdgeToCFA, INFO)

line 73: Dead code detected: return (retValue_acc); (CFACreationUtils.addEdgeToCFA, INFO)

line 393: Dead code detected: return (retValue_acc); (CFACreationUtils.addEdgeToCFA, INFO)

line 439: Dead code detected: return (retValue_acc); (CFACreationUtils.addEdgeToCFA, INFO)

line 560: Dead code detected: return (retValue_acc); (CFACreationUtils.addEdgeToCFA, INFO)

line 796: Dead code detected: return (retValue_acc); (CFACreationUtils.addEdgeToCFA, INFO)

line 1107: Dead code detected: return (retValue_acc); (CFACreationUtils.addEdgeToCFA, INFO)

line 1463: Dead code detected: return (retValue_acc); (CFACreationUtils.addEdgeToCFA, INFO)

line 1555: Dead code detected: return (retValue_acc); (CFACreationUtils.addEdgeToCFA, INFO)

line 1708: Dead code detected: return (retValue_acc); (CFACreationUtils.addEdgeToCFA, INFO)

line 1717: Dead code detected: return (retValue_acc); (CFACreationUtils.addEdgeToCFA, INFO)

line 1751: Dead code detected: return (retValue_acc); (CFACreationUtils.addEdgeToCFA, INFO)

line 1760: Dead code detected: return (retValue_acc); (CFACreationUtils.addEdgeToCFA, INFO)

line 1800: Dead code detected: return (retValue_acc); (CFACreationUtils.addEdgeToCFA, INFO)

line 1880: Dead code detected: return (retValue_acc); (CFACreationUtils.addEdgeToCFA, INFO)

line 1893: Dead code detected: return (retValue_acc); (CFACreationUtils.addEdgeToCFA, INFO)

line 2245: Dead code detected: return (retValue_acc); (CFACreationUtils.addEdgeToCFA, INFO)

line 2279: Dead code detected: return (retValue_acc); (CFACreationUtils.addEdgeToCFA, INFO)

line 2335: Dead code detected: return (retValue_acc); (CFACreationUtils.addEdgeToCFA, INFO)

line 2349: Dead code detected: return (retValue_acc); (CFACreationUtils.addEdgeToCFA, INFO)

line 2971: Dead code detected: return (retValue_acc); (CFACreationUtils.addEdgeToCFA, INFO)

line 3011: Dead code detected: return (retValue_acc); (CFACreationUtils.addEdgeToCFA, INFO)

line 3050: Dead code detected: return (retValue_acc); (CFACreationUtils.addEdgeToCFA, INFO)

line 3089: Dead code detected: return (retValue_acc); (CFACreationUtils.addEdgeToCFA, INFO)

line 230: Function pointer *__cil_tmp10 with type int (*)(int, int) is called, but no possible target functions were found. (CFunctionPointerResolver.replaceFunctionPointerCall, WARNING)

MathSAT5 is available for research and evaluation purposes only. It can not be used in a commercial environment, particularly as part of a commercial product, without written permission. MathSAT5 is provided as is, without any warranty. Please write to mathsat@fbk.eu for additional questions regarding licensing MathSAT5 or obtaining more up-to-date versions. (PredicateCPA:JavaSMT:Mathsat5SolverContext.<init>, WARNING)

Using predicate analysis with MathSAT5 version 5.3.14 (0b98b661254c) (Nov 17 2016 10:59:45, gmp 5.1.3, gcc 4.8.5, 64-bit) and JFactory 1.21. (PredicateCPA:PredicateCPA.<init>, INFO)

Using refinement for predicate analysis with PredicateAbstractionRefinementStrategy strategy. (PredicateCPA:PredicateCPARefiner.<init>, INFO)

Starting analysis ... (CPAchecker.runAlgorithm, INFO)

Shutdown requested (The CPU-time limit of 30s has elapsed.), waiting for termination. (ForceTerminationOnShutdown$1.shutdownRequested, WARNING)

Warning: Analysis interrupted (The CPU-time limit of 30s has elapsed.) (ShutdownNotifier.shutdownIfNecessary, WARNING)

PredicateCPA statistics
-----------------------
Number of abstractions:            7158 (3% of all post computations)
  Times abstraction was reused:    0
  Because of function entry/exit:  7154 (100%)
  Because of loop head:            0 (0%)
  Because of join nodes:           0 (0%)
  Because of threshold:            0 (0%)
  Because of target state:         4 (0%)
  Times precision was empty:       6767 (95%)
  Times precision was {false}:     72 (1%)
  Times result was cached:         238 (3%)
  Times cartesian abs was used:    0 (0%)
  Times boolean abs was used:      81 (1%)
  Times result was 'false':        89 (1%)
Number of strengthen sat checks:   0
Number of coverage checks:         117799
  BDD entailment checks:           1275
Number of SMT sat checks:          0
  trivial:                         0
  cached:                          0

Max ABE block size:                       56
Number of predicates discovered:          5
Number of abstraction locations:          45
Max number of predicates per location:    4
Avg number of predicates per location:    1
Total predicates per abstraction:         513
Max number of predicates per abstraction: 4
Avg number of predicates per abstraction: 3.35
Number of irrelevant predicates:          321 (63%)
Number of preds handled by boolean abs:   128 (25%)
  Total number of models for allsat:      121
  Max number of models for allsat:        6
  Avg number of models for allsat:        1.49

Time for post operator:                  6.975s
  Time for path formula creation:        6.697s
Time for strengthen operator:            0.468s
Time for prec operator:                  1.407s
  Time for abstraction:                  0.713s (Max:     0.021s, Count: 7158)
    Boolean abstraction:                 0.165s
    Solving time:                        0.142s (Max:     0.012s)
    Model enumeration time:              0.011s
    Time for BDD construction:           0.030s (Max:     0.008s)
Time for merge operator:                 1.332s
Time for coverage check:                 0.079s
  Time for BDD entailment checks:        0.053s
Total time for SMT solver (w/o itp):     0.153s

Number of path formula cache hits:   274221 (87%)

Inside post operator:                  
  Inside path formula creation:        
    Time for path formula computation:     4.366s

Total number of created targets for pointer analysis: 0


Number of BDD nodes:                               219
Size of BDD node table:                            270749
Size of BDD cache:                                 27073
Size of BDD node cleanup queue:                         207 (count: 8934, min: 0, max: 67, avg: 0.02)
Time for BDD node cleanup:                             0.017s
Time for BDD garbage collection:                       0.000s (in 0 runs)

PrecisionBootstrap statistics
-----------------------------
Init. function predicates:                         0
Init. global predicates:                           0
Init. location predicates:                         0

Invariant Generation statistics
-------------------------------

AutomatonAnalysis (SVCOMP) statistics
-------------------------------------
Number of states:                                  1
Total time for successor computation:                  0.964s
  Time for transition matches:                         0.283s
  Time for transition assertions:                      0.000s
  Time for transition actions:                         0.000s
Automaton transfers with branching:                0
Automaton transfer successors:                       262254 (count: 262254, min: 1, max: 1, avg: 1.00) [1 x 262254]

CPA algorithm statistics
------------------------
Number of iterations:            196725
Max size of waitlist:            297
Average size of waitlist:        149
Number of computed successors:   257152
Max successors for one state:    2
Number of times merged:          58262
Number of times stopped:         59500
Number of times breaked:         4

Total time for CPA algorithm:        24.285s (Max:     8.537s)
  Time for choose from waitlist:      0.236s
  Time for precision adjustment:      5.212s
  Time for transfer relation:        12.528s
  Time for merge operator:            2.960s
  Time for stop operator:             0.854s
  Time for adding to reached set:     0.820s

Predicate-Abstraction Refiner statistics
----------------------------------------
Number of predicate refinements:                   4
Avg. length of target path (in blocks):                 170 (count: 4, min: 37, max: 49, avg: 42.50)
Number of infeasible sliced prefixes:                     0 (count: 0, min: 0, max: 0, avg: 0.00)

Time for refinement:                                   1.103s
  Counterexample analysis:                             0.134s (Max:     0.047s, Calls: 4)
    Refinement sat check:                              0.078s
    Interpolant computation:                           0.000s
  Path-formulas extraction:                            0.002s
  Error path post-processing:                          0.000s
  Predicate creation:                                  0.022s
  Precision update:                                    0.002s
  ARG update:                                          0.934s

Length of refined path (in blocks):                     152 (count: 4, min: 34, max: 46, avg: 38.00)
Number of affected states:                               73 (count: 4, min: 8, max: 37, avg: 18.25)
Length (states) of path with itp 'true':                 75 (count: 4, min: 0, max: 25, avg: 18.75)
Length (states) of path with itp non-trivial itp:        73 (count: 4, min: 8, max: 37, avg: 18.25)
Length (states) of path with itp 'false':                 4 (count: 4, min: 1, max: 1, avg: 1.00)
Different non-trivial interpolants along paths:           1 (count: 4, min: 0, max: 1, avg: 0.25)
Equal non-trivial interpolants along paths:              68 (count: 4, min: 7, max: 35, avg: 17.00)
Number of refs with location-based cutoff:                0

CEGAR algorithm statistics
--------------------------
Number of refinements:                4
Number of successful refinements:     4
Number of failed refinements:         0
Max. size of reached set before ref.: 59993
Max. size of reached set after ref.:  199
Avg. size of reached set before ref.: 49491.25
Avg. size of reached set after ref.:  150.00

Total time for CEGAR algorithm:      25.698s
Time for refinements:                 1.404s
Average time for refinement:          0.351s
Max time for refinement:              0.513s

Code Coverage
-----------------------------
  Function coverage:      0.225
  Visited lines:          251
  Total lines:            1712
  Line coverage:          0.147
  Visited conditions:     94
  Total conditions:       754
  Condition coverage:     0.125

CPAchecker general statistics
-----------------------------
Number of program locations:     2246
Number of CFA edges:             2745
Number of relevant variables:    295
Number of functions:             71
Number of loops:                 9
Size of reached set:             199
  Number of reached locations:   199 (9%)
    Avg states per location:     1
    Max states per location:     1 (at node N9)
  Number of reached functions:   16 (23%)
  Number of partitions:          199
    Avg size of partitions:      1
    Max size of partitions:      1
  Number of target states:       0
  Size of final wait list        1

Time for analysis setup:          4.170s
  Time for loading CPAs:          0.875s
  Time for loading parser:        0.713s
  Time for CFA construction:      2.397s
    Time for parsing file(s):     0.659s
    Time for AST to CFA:          0.744s
    Time for CFA sanity check:    0.240s
    Time for post-processing:     0.571s
      Time for var class.:        0.308s
Time for Analysis:               25.698s
CPU time for analysis:           25.700s
Total time for CPAchecker:       29.873s
Total CPU time for CPAchecker:   29.870s
Time for statistics:              0.104s

Time for Garbage Collector:       2.077s (in 70 runs)
Garbage Collector(s) used:    Copy, MarkSweepCompact
Used heap memory:                123MB (   118 MiB) max;     65MB (    62 MiB) avg;    139MB (   133 MiB) peak
Used non-heap memory:             36MB (    34 MiB) max;     32MB (    31 MiB) avg;     36MB (    35 MiB) peak
Allocated heap memory:           153MB (   146 MiB) max;    128MB (   122 MiB) avg
Allocated non-heap memory:        38MB (    36 MiB) max;     35MB (    33 MiB) avg
Total process virtual memory:   8087MB (  7713 MiB) max;   8074MB (  7699 MiB) avg

Verification result: UNKNOWN, incomplete analysis.
More details about the verification run can be found in the directory "./output".
