scripts/cpa.sh -Dy-MySearchStrategy-PredAbs-ABElf -heap 5600000000 -timelimit 900 -preprocess -stats -noout -setprop cpa.predicate.memoryAllocationsAlwaysSucceed=true -spec ../sv-benchmarks/c/ReachSafety.prp ../sv-benchmarks/c/product-lines/elevator_spec3_product25_true-unreach-call_true-termination.cil.c


--------------------------------------------------------------------------------


Running CPAchecker with Java heap of size 5600000000.
Running CPAchecker with default stack size (1024k). Specify a larger value with -stack if needed.
Running CPAchecker with the following extra VM options:  -Djava.io.tmpdir=/tmp/BenchExec_run_kow7vuep/tmp
Using the following resource limits: CPU-time limit of 900s (ResourceLimitChecker.fromConfiguration, INFO)

CPAchecker (unknown version) (OpenJDK 64-Bit Server VM 1.8.0_151) started (CPAchecker.run, INFO)

line 355: Dead code detected: return (retValue_acc); (CFACreationUtils.addEdgeToCFA, INFO)

line 401: Dead code detected: return (retValue_acc); (CFACreationUtils.addEdgeToCFA, INFO)

line 522: Dead code detected: return (retValue_acc); (CFACreationUtils.addEdgeToCFA, INFO)

line 758: Dead code detected: return (retValue_acc); (CFACreationUtils.addEdgeToCFA, INFO)

line 1069: Dead code detected: return (retValue_acc); (CFACreationUtils.addEdgeToCFA, INFO)

line 1084: Dead code detected: return (retValue_acc); (CFACreationUtils.addEdgeToCFA, INFO)

line 1107: Dead code detected: return (retValue_acc); (CFACreationUtils.addEdgeToCFA, INFO)

line 1472: Dead code detected: return (retValue_acc); (CFACreationUtils.addEdgeToCFA, INFO)

line 1660: Dead code detected: return (retValue_acc); (CFACreationUtils.addEdgeToCFA, INFO)

line 1833: Dead code detected: return (retValue_acc); (CFACreationUtils.addEdgeToCFA, INFO)

line 1842: Dead code detected: return (retValue_acc); (CFACreationUtils.addEdgeToCFA, INFO)

line 1876: Dead code detected: return (retValue_acc); (CFACreationUtils.addEdgeToCFA, INFO)

line 1885: Dead code detected: return (retValue_acc); (CFACreationUtils.addEdgeToCFA, INFO)

line 1925: Dead code detected: return (retValue_acc); (CFACreationUtils.addEdgeToCFA, INFO)

line 2005: Dead code detected: return (retValue_acc); (CFACreationUtils.addEdgeToCFA, INFO)

line 2018: Dead code detected: return (retValue_acc); (CFACreationUtils.addEdgeToCFA, INFO)

line 2370: Dead code detected: return (retValue_acc); (CFACreationUtils.addEdgeToCFA, INFO)

line 2404: Dead code detected: return (retValue_acc); (CFACreationUtils.addEdgeToCFA, INFO)

line 2460: Dead code detected: return (retValue_acc); (CFACreationUtils.addEdgeToCFA, INFO)

line 2474: Dead code detected: return (retValue_acc); (CFACreationUtils.addEdgeToCFA, INFO)

line 3049: Dead code detected: return (retValue_acc); (CFACreationUtils.addEdgeToCFA, INFO)

line 3275: Dead code detected: return (retValue_acc); (CFACreationUtils.addEdgeToCFA, INFO)

line 3314: Dead code detected: return (retValue_acc); (CFACreationUtils.addEdgeToCFA, INFO)

line 3353: Dead code detected: return (retValue_acc); (CFACreationUtils.addEdgeToCFA, INFO)

line 192: Function pointer *__cil_tmp10 with type int (*)(int, int) is called, but no possible target functions were found. (CFunctionPointerResolver.replaceFunctionPointerCall, WARNING)

MathSAT5 is available for research and evaluation purposes only. It can not be used in a commercial environment, particularly as part of a commercial product, without written permission. MathSAT5 is provided as is, without any warranty. Please write to mathsat@fbk.eu for additional questions regarding licensing MathSAT5 or obtaining more up-to-date versions. (PredicateCPA:JavaSMT:Mathsat5SolverContext.<init>, WARNING)

Using predicate analysis with MathSAT5 version 5.3.14 (0b98b661254c) (Nov 17 2016 10:59:45, gmp 5.1.3, gcc 4.8.5, 64-bit) and JFactory 1.21. (PredicateCPA:PredicateCPA.<init>, INFO)

Using refinement for predicate analysis with PredicateAbstractionRefinementStrategy strategy. (PredicateCPA:PredicateCPARefiner.<init>, INFO)

Starting analysis ... (CPAchecker.runAlgorithm, INFO)

Shutdown requested (The CPU-time limit of 900s has elapsed.), waiting for termination. (ForceTerminationOnShutdown$1.shutdownRequested, WARNING)

Warning: Analysis interrupted (The CPU-time limit of 900s has elapsed.) (ShutdownNotifier.shutdownIfNecessary, WARNING)

PredicateCPA statistics
-----------------------
Number of abstractions:            575132 (4% of all post computations)
  Times abstraction was reused:    0
  Because of function entry/exit:  574680 (100%)
  Because of loop head:            34 (0%)
  Because of join nodes:           0 (0%)
  Because of threshold:            0 (0%)
  Because of target state:         418 (0%)
  Times precision was empty:       100970 (18%)
  Times precision was {false}:     4864 (1%)
  Times result was cached:         422047 (73%)
  Times cartesian abs was used:    0 (0%)
  Times boolean abs was used:      47251 (8%)
  Times result was 'false':        106170 (18%)
Number of strengthen sat checks:   0
Number of coverage checks:         5835275
  BDD entailment checks:           382043
Number of SMT sat checks:          0
  trivial:                         0
  cached:                          0

Max ABE block size:                       53
Number of predicates discovered:          75
Number of abstraction locations:          106
Max number of predicates per location:    37
Avg number of predicates per location:    12
Total predicates per abstraction:         7440882
Max number of predicates per abstraction: 37
Avg number of predicates per abstraction: 142.78
Number of irrelevant predicates:          2835969 (38%)
Number of preds handled by boolean abs:   663187 (9%)
  Total number of models for allsat:      372867
  Max number of models for allsat:        1536
  Avg number of models for allsat:        7.89

Time for post operator:                101.441s
  Time for path formula creation:       94.889s
Time for strengthen operator:           10.106s
Time for prec operator:                452.097s
  Time for abstraction:                438.091s (Max:     3.308s, Count: 575132)
    Boolean abstraction:               132.853s
    Solving time:                       83.634s (Max:     0.077s)
    Model enumeration time:             29.132s
    Time for BDD construction:          15.373s (Max:     1.302s)
Time for merge operator:                22.367s
Time for coverage check:                 1.170s
  Time for BDD entailment checks:        0.572s
Total time for SMT solver (w/o itp):   112.766s

Number of path formula cache hits:   13901988 (87%)

Inside post operator:                  
  Inside path formula creation:        
    Time for path formula computation:    50.580s

Total number of created targets for pointer analysis: 0


Number of BDD nodes:                               92679
Size of BDD node table:                            270749
Size of BDD cache:                                 27073
Size of BDD node cleanup queue:                      255359 (count: 882424, min: 0, max: 4804, avg: 0.29)
Time for BDD node cleanup:                             0.202s
Time for BDD garbage collection:                       0.160s (in 6 runs)

PrecisionBootstrap statistics
-----------------------------
Init. function predicates:                         0
Init. global predicates:                           0
Init. location predicates:                         0

Invariant Generation statistics
-------------------------------

AutomatonAnalysis (SVCOMP) statistics
-------------------------------------
Number of states:                                  1
Total time for successor computation:                 15.431s
  Time for transition matches:                         7.722s
  Time for transition assertions:                      0.001s
  Time for transition actions:                         0.002s
Automaton transfers with branching:                0
Automaton transfer successors:                     13224345 (count: 13224345, min: 1, max: 1, avg: 1.00) [1 x 13224345]

CPA algorithm statistics
------------------------
Number of iterations:            9784275
Max size of waitlist:            1601
Average size of waitlist:        427
Number of computed successors:   12764158
Max successors for one state:    2
Number of times merged:          2726616
Number of times stopped:         2808727
Number of times breaked:         418

Total time for CPA algorithm:       839.068s (Max:    28.630s)
  Time for choose from waitlist:      3.426s
  Time for precision adjustment:    525.336s
  Time for transfer relation:       202.522s
  Time for merge operator:           48.680s
  Time for stop operator:            15.309s
  Time for adding to reached set:    19.922s

Predicate-Abstraction Refiner statistics
----------------------------------------
Number of predicate refinements:                   418
Avg. length of target path (in blocks):               30564 (count: 418, min: 43, max: 180, avg: 73.12)
Number of infeasible sliced prefixes:                     0 (count: 0, min: 0, max: 0, avg: 0.00)

Time for refinement:                                  36.420s
  Counterexample analysis:                            16.007s (Max:     0.372s, Calls: 418)
    Refinement sat check:                              8.802s
    Interpolant computation:                           0.000s
  Path-formulas extraction:                            0.023s
  Error path post-processing:                          0.000s
  Predicate creation:                                  0.171s
  Precision update:                                    0.316s
  ARG update:                                         19.536s

Length of refined path (in blocks):                   27135 (count: 418, min: 30, max: 173, avg: 64.92)
Number of affected states:                             9370 (count: 418, min: 2, max: 161, avg: 22.42)
Length (states) of path with itp 'true':              17347 (count: 418, min: 0, max: 141, avg: 41.50)
Length (states) of path with itp non-trivial itp:      9370 (count: 418, min: 2, max: 161, avg: 22.42)
Length (states) of path with itp 'false':               418 (count: 418, min: 1, max: 1, avg: 1.00)
Different non-trivial interpolants along paths:         599 (count: 418, min: 0, max: 13, avg: 1.43)
Equal non-trivial interpolants along paths:            8353 (count: 418, min: 1, max: 155, avg: 19.98)
Number of refs with location-based cutoff:                0

CEGAR algorithm statistics
--------------------------
Number of refinements:                418
Number of successful refinements:     418
Number of failed refinements:         0
Max. size of reached set before ref.: 240703
Max. size of reached set after ref.:  206414
Avg. size of reached set before ref.: 43698.31
Avg. size of reached set after ref.:  20249.23

Total time for CEGAR algorithm:     896.326s
Time for refinements:                50.530s
Average time for refinement:          0.120s
Max time for refinement:              0.801s

Code Coverage
-----------------------------
  Function coverage:      0.514
  Visited lines:          889
  Total lines:            1703
  Line coverage:          0.522
  Visited conditions:     514
  Total conditions:       750
  Condition coverage:     0.685

CPAchecker general statistics
-----------------------------
Number of program locations:     2230
Number of CFA edges:             2725
Number of relevant variables:    288
Number of functions:             70
Number of loops:                 9
Size of reached set:             47545
  Number of reached locations:   939 (42%)
    Avg states per location:     50
    Max states per location:     297 (at node N2623)
  Number of reached functions:   36 (51%)
  Number of partitions:          47405
    Avg size of partitions:      1
    Max size of partitions:      8 (with key [N2068 (before line 2594), Function timeShift called from node N1002, stack depth 5 [7dd30996], stack [main, runTest, test, threeTS, timeShift]])
  Number of target states:       0
  Size of final wait list        350

Time for analysis setup:          3.960s
  Time for loading CPAs:          0.774s
  Time for loading parser:        0.645s
  Time for CFA construction:      2.304s
    Time for parsing file(s):     0.685s
    Time for AST to CFA:          0.683s
    Time for CFA sanity check:    0.235s
    Time for post-processing:     0.519s
      Time for var class.:        0.274s
Time for Analysis:              896.326s
CPU time for analysis:          896.240s
Total time for CPAchecker:      900.290s
Total CPU time for CPAchecker:  900.200s
Time for statistics:              0.718s

Time for Garbage Collector:     100.166s (in 1219 runs)
Garbage Collector(s) used:    Copy, MarkSweepCompact
Used heap memory:               1742MB (  1661 MiB) max;    649MB (   618 MiB) avg;   1857MB (  1771 MiB) peak
Used non-heap memory:             37MB (    35 MiB) max;     36MB (    35 MiB) avg;     37MB (    36 MiB) peak
Allocated heap memory:          2048MB (  1953 MiB) max;    952MB (   908 MiB) avg
Allocated non-heap memory:        39MB (    37 MiB) max;     39MB (    37 MiB) avg
Total process virtual memory:  10721MB ( 10224 MiB) max;   9008MB (  8591 MiB) avg

Verification result: UNKNOWN, incomplete analysis.
More details about the verification run can be found in the directory "./output".
