scripts/cpa.sh -Dy-MySearchStrategy-PredAbs-ABElf -heap 5600000000 -timelimit 900 -preprocess -stats -noout -setprop cpa.predicate.memoryAllocationsAlwaysSucceed=true -spec ../sv-benchmarks/c/ReachSafety.prp ../sv-benchmarks/c/ldv-consumption/32_7a_cilled_true-unreach-call_linux-3.8-rc1-drivers--isdn--mISDN--l1oip.ko-main.cil.out.c


--------------------------------------------------------------------------------


Running CPAchecker with Java heap of size 5600000000.
Running CPAchecker with default stack size (1024k). Specify a larger value with -stack if needed.
Running CPAchecker with the following extra VM options:  -Djava.io.tmpdir=/tmp/BenchExec_run_bq2nfxcz/tmp
Using the following resource limits: CPU-time limit of 900s (ResourceLimitChecker.fromConfiguration, INFO)

CPAchecker (unknown version) (OpenJDK 64-Bit Server VM 1.8.0_162) started (CPAchecker.run, INFO)

line 5354: Dead code detected: __asm__ ("movb %%gs:%P1,%0": "=q" (pfo_ret__): "p" (& current_task)); (CFACreationUtils.addEdgeToCFA, INFO)

line 5357: Dead code detected: __asm__ ("movw %%gs:%P1,%0": "=r" (pfo_ret__): "p" (& current_task)); (CFACreationUtils.addEdgeToCFA, INFO)

line 5360: Dead code detected: __asm__ ("movl %%gs:%P1,%0": "=r" (pfo_ret__): "p" (& current_task)); (CFACreationUtils.addEdgeToCFA, INFO)

none: Dead code detected: switch (8UL) {
  case 1:
  __asm__ ("movb %%gs:%P1,%0": "=q" (pfo_ret__): "p" (& current_task));
  goto ldv_2861;
  case 2:
  __asm__ ("movw %%gs:%P1,%0": "=r" (pfo_ret__): "p" (& current_task));
  goto ldv_2861;
  case 4:
  __asm__ ("movl %%gs:%P1,%0": "=r" (pfo_ret__): "p" (& current_task));
  goto ldv_2861;
  case 8:
  __asm__ ("movq %%gs:%P1,%0": "=r" (pfo_ret__): "p" (& current_task));
  goto ldv_2861;
  default:
  __bad_percpu_size();
  } (CFACreationUtils.addEdgeToCFA, INFO)

line 7396: Dead code detected: return (ldv_func_res); (CFACreationUtils.addEdgeToCFA, INFO)

line 7980: Dead code detected: return (ldv_func_res); (CFACreationUtils.addEdgeToCFA, INFO)

Inline assembler ignored, analysis is probably unsound! (CFABuilder.createCFA, WARNING)

lines 6166-6167: Function pointer *(socket->ops->bind) with type int (*)(struct socket *, struct sockaddr *, int) is called, but no possible target functions were found. (CFunctionPointerResolver.replaceFunctionPointerCall, WARNING)

MathSAT5 is available for research and evaluation purposes only. It can not be used in a commercial environment, particularly as part of a commercial product, without written permission. MathSAT5 is provided as is, without any warranty. Please write to mathsat@fbk.eu for additional questions regarding licensing MathSAT5 or obtaining more up-to-date versions. (PredicateCPA:JavaSMT:Mathsat5SolverContext.<init>, WARNING)

Using predicate analysis with MathSAT5 version 5.3.14 (0b98b661254c) (Nov 17 2016 10:59:45, gmp 5.1.3, gcc 4.8.5, 64-bit) and JFactory 1.21. (PredicateCPA:PredicateCPA.<init>, INFO)

Using refinement for predicate analysis with PredicateAbstractionRefinementStrategy strategy. (PredicateCPA:PredicateCPARefiner.<init>, INFO)

Starting analysis ... (CPAchecker.runAlgorithm, INFO)

Assuming external function __raw_spin_lock_init to be a pure function. (PredicateCPA:ExpressionToFormulaVisitor.visit, INFO)

Assuming external function vzalloc to be a pure function. (PredicateCPA:ExpressionToFormulaVisitor.visit, INFO)

Assuming external function vfree to be a pure function. (PredicateCPA:ExpressionToFormulaVisitor.visit, INFO)

Assuming external function del_timer to be a pure function. (PredicateCPA:ExpressionToFormulaVisitor.visit, INFO)

Assuming external function cancel_work_sync to be a pure function. (PredicateCPA:ExpressionToFormulaVisitor.visit, INFO)

Assuming external function send_sig to be a pure function. (PredicateCPA:ExpressionToFormulaVisitor.visit, INFO)

Assuming external function wait_for_completion to be a pure function. (PredicateCPA:ExpressionToFormulaVisitor.visit, INFO)

Assuming external function __alloc_skb to be a pure function. (PredicateCPA:ExpressionToFormulaVisitor.visit, INFO)

line 5623: Ignoring function call through function pointer *(ch->recv): tmp = (*(ch->recv))(ch->peer, skb); (PredicateCPA:ExpressionToFormulaVisitor.visit, WARNING)

Assuming external function skb_trim to be a pure function. (PredicateCPA:ExpressionToFormulaVisitor.visit, INFO)

Assuming external function queue_ch_frame to be a pure function. (PredicateCPA:ExpressionToFormulaVisitor.visit, INFO)

Assuming external function memchr_inv to be a pure function. (PredicateCPA:ExpressionToFormulaVisitor.visit, INFO)

Assuming external function __builtin_alloca to be a pure function. (PredicateCPA:ExpressionToFormulaVisitor.visit, INFO)

Cannot get declaration of function __builtin_alloca, ignoring calls to it. (PredicateCPA:ExpressionToFormulaVisitor.visit, WARNING)

Assuming external function add_timer to be a pure function. (PredicateCPA:ExpressionToFormulaVisitor.visit, INFO)

Assuming external function _raw_spin_lock to be a pure function. (PredicateCPA:ExpressionToFormulaVisitor.visit, INFO)

Assuming external function _raw_spin_unlock to be a pure function. (PredicateCPA:ExpressionToFormulaVisitor.visit, INFO)

Assuming external function kernel_sendmsg to be a pure function. (PredicateCPA:ExpressionToFormulaVisitor.visit, INFO)

Assuming external function consume_skb to be a pure function. (PredicateCPA:ExpressionToFormulaVisitor.visit, INFO)

Assuming external function mISDN_unregister_device to be a pure function. (PredicateCPA:ExpressionToFormulaVisitor.visit, INFO)

Assuming external function list_del to be a pure function. (PredicateCPA:ExpressionToFormulaVisitor.visit, INFO)

Assuming external function mISDN_freedchannel to be a pure function. (PredicateCPA:ExpressionToFormulaVisitor.visit, INFO)

Assuming external function mISDN_freebchannel to be a pure function. (PredicateCPA:ExpressionToFormulaVisitor.visit, INFO)

Assuming external function __init_work to be a pure function. (PredicateCPA:ExpressionToFormulaVisitor.visit, INFO)

Assuming external function lockdep_init_map to be a pure function. (PredicateCPA:ExpressionToFormulaVisitor.visit, INFO)

Assuming external function __list_add to be a pure function. (PredicateCPA:ExpressionToFormulaVisitor.visit, INFO)

Assuming external function mISDN_initdchannel to be a pure function. (PredicateCPA:ExpressionToFormulaVisitor.visit, INFO)

Assuming external function mISDN_register_device to be a pure function. (PredicateCPA:ExpressionToFormulaVisitor.visit, INFO)

Assuming external function __init_waitqueue_head to be a pure function. (PredicateCPA:ExpressionToFormulaVisitor.visit, INFO)

Assuming external function kthread_create_on_node to be a pure function. (PredicateCPA:ExpressionToFormulaVisitor.visit, INFO)

Assuming external function wake_up_process to be a pure function. (PredicateCPA:ExpressionToFormulaVisitor.visit, INFO)

Assuming external function sock_release to be a pure function. (PredicateCPA:ExpressionToFormulaVisitor.visit, INFO)

Assuming external function init_timer_key to be a pure function. (PredicateCPA:ExpressionToFormulaVisitor.visit, INFO)

Assuming external function mISDN_initbchannel to be a pure function. (PredicateCPA:ExpressionToFormulaVisitor.visit, INFO)

Shutdown requested (The CPU-time limit of 900s has elapsed.), waiting for termination. (ForceTerminationOnShutdown$1.shutdownRequested, WARNING)

Warning: Analysis interrupted (The CPU-time limit of 900s has elapsed.) (ShutdownNotifier.shutdownIfNecessary, WARNING)

PredicateCPA statistics
-----------------------
Number of abstractions:            308403 (12% of all post computations)
  Times abstraction was reused:    0
  Because of function entry/exit:  255698 (83%)
  Because of loop head:            52622 (17%)
  Because of join nodes:           0 (0%)
  Because of threshold:            0 (0%)
  Because of target state:         83 (0%)
  Times precision was empty:       87755 (28%)
  Times precision was {false}:     3866 (1%)
  Times result was cached:         212397 (69%)
  Times cartesian abs was used:    0 (0%)
  Times boolean abs was used:      4385 (1%)
  Times result was 'false':        465 (0%)
Number of strengthen sat checks:   0
Number of coverage checks:         453974
  BDD entailment checks:           104246
Number of SMT sat checks:          0
  trivial:                         0
  cached:                          0

Max ABE block size:                       66
Number of predicates discovered:          5
Number of abstraction locations:          106
Max number of predicates per location:    4
Avg number of predicates per location:    3
Total predicates per abstraction:         783280
Max number of predicates per abstraction: 4
Avg number of predicates per abstraction: 94.93
Number of irrelevant predicates:          619227 (79%)
Number of preds handled by boolean abs:   8309 (1%)
  Total number of models for allsat:      5318
  Max number of models for allsat:        2
  Avg number of models for allsat:        1.21

Time for post operator:                 60.602s
  Time for path formula creation:       59.786s
Time for strengthen operator:            1.942s
Time for prec operator:                777.659s
  Time for abstraction:                773.637s (Max:     1.421s, Count: 308403)
    Boolean abstraction:               418.847s
    Solving time:                      557.720s (Max:     1.201s)
    Model enumeration time:             61.237s
    Time for BDD construction:           0.205s (Max:     0.012s)
Time for merge operator:                 5.652s
Time for coverage check:                 0.146s
  Time for BDD entailment checks:        0.093s
Total time for SMT solver (w/o itp):   618.957s

Number of path formula cache hits:   2544304 (84%)

Inside post operator:                  
  Inside path formula creation:        
    Time for path formula computation:    51.352s

Total number of created targets for pointer analysis: 2009461
   Number of created targets for uf: *unsigned_short_int is 152
   Number of created targets for uf: *(void)* is 121
   Number of created targets for uf: *(struct_bchannel)* is 41
   Number of created targets for uf: *signed_int is 754
   Number of created targets for uf: *unsigned_char is 4721
   Number of created targets for uf: *(struct_list_head)* is 182
   Number of created targets for uf: *(unsigned_char)* is 231
   Number of created targets for uf: *(struct_task_struct)* is 86
   Number of created targets for uf: *(struct_socket)* is 706
   Number of created targets for uf: *unsigned_int is 54624
   Number of created targets for uf: *(struct_dchannel)* is 41
   Number of created targets for uf: *unsigned_long_int is 1627


Number of BDD nodes:                               226
Size of BDD node table:                            270749
Size of BDD cache:                                 27073
Size of BDD node cleanup queue:                        8815 (count: 237679, min: 0, max: 152, avg: 0.04)
Time for BDD node cleanup:                             0.039s
Time for BDD garbage collection:                       0.000s (in 0 runs)

PrecisionBootstrap statistics
-----------------------------
Init. function predicates:                         0
Init. global predicates:                           0
Init. location predicates:                         0

Invariant Generation statistics
-------------------------------

AutomatonAnalysis (SVCOMP) statistics
-------------------------------------
Number of states:                                  1
Total time for successor computation:                  2.786s
  Time for transition matches:                         1.638s
  Time for transition assertions:                      0.001s
  Time for transition actions:                         0.000s
Automaton transfers with branching:                0
Automaton transfer successors:                      2648531 (count: 2648531, min: 1, max: 1, avg: 1.00) [1 x 2648531]

CPA algorithm statistics
------------------------
Number of iterations:            1595867
Max size of waitlist:            51
Average size of waitlist:        27
Number of computed successors:   1857885
Max successors for one state:    2
Number of times merged:          174864
Number of times stopped:         261228
Number of times breaked:         83

Total time for CPA algorithm:       881.249s (Max:   156.096s)
  Time for choose from waitlist:      0.550s
  Time for precision adjustment:    786.157s
  Time for transfer relation:        79.764s
  Time for merge operator:            7.388s
  Time for stop operator:             1.692s
  Time for adding to reached set:     1.905s

Predicate-Abstraction Refiner statistics
----------------------------------------
Number of predicate refinements:                   83
Avg. length of target path (in blocks):                4428 (count: 83, min: 17, max: 103, avg: 53.35)
Number of infeasible sliced prefixes:                     0 (count: 0, min: 0, max: 0, avg: 0.00)

Time for refinement:                                  14.426s
  Counterexample analysis:                            11.699s (Max:     0.387s, Calls: 83)
    Refinement sat check:                             10.550s
    Interpolant computation:                           0.000s
  Path-formulas extraction:                            0.004s
  Error path post-processing:                          0.000s
  Predicate creation:                                  0.037s
  Precision update:                                    0.067s
  ARG update:                                          2.551s

Length of refined path (in blocks):                    3889 (count: 83, min: 16, max: 78, avg: 46.86)
Number of affected states:                             3742 (count: 83, min: 14, max: 77, avg: 45.08)
Length (states) of path with itp 'true':                 64 (count: 83, min: 0, max: 1, avg: 0.77)
Length (states) of path with itp non-trivial itp:      3742 (count: 83, min: 14, max: 77, avg: 45.08)
Length (states) of path with itp 'false':                83 (count: 83, min: 1, max: 1, avg: 1.00)
Different non-trivial interpolants along paths:           0 (count: 83, min: 0, max: 0, avg: 0.00)
Equal non-trivial interpolants along paths:            3659 (count: 83, min: 13, max: 76, avg: 44.08)
Number of refs with location-based cutoff:                0

CEGAR algorithm statistics
--------------------------
Number of refinements:                83
Number of successful refinements:     83
Number of failed refinements:         0
Max. size of reached set before ref.: 39594
Max. size of reached set after ref.:  6
Avg. size of reached set before ref.: 18854.61
Avg. size of reached set after ref.:  5.31

Total time for CEGAR algorithm:     896.553s
Time for refinements:                15.302s
Average time for refinement:          0.184s
Max time for refinement:              0.427s

Code Coverage
-----------------------------
  Function coverage:      0.388
  Visited lines:          1682
  Total lines:            2451
  Line coverage:          0.686
  Visited conditions:     276
  Total conditions:       574
  Condition coverage:     0.481

CPAchecker general statistics
-----------------------------
Number of program locations:     3224
Number of CFA edges:             3556
Number of relevant variables:    379
Number of functions:             98
Number of loops:                 18
Size of reached set:             31700
  Number of reached locations:   752 (23%)
    Avg states per location:     42
    Max states per location:     457 (at node N100)
  Number of reached functions:   38 (39%)
  Number of partitions:          31387
    Avg size of partitions:      1
    Max size of partitions:      3 (with key [N1816 (before line 7308), Function main called from node N1809, stack depth 1 [55e3d6c3], stack [main]])
  Number of target states:       0
  Size of final wait list        38

Time for analysis setup:          3.814s
  Time for loading CPAs:          0.716s
  Time for loading parser:        0.431s
  Time for CFA construction:      2.596s
    Time for parsing file(s):     0.652s
    Time for AST to CFA:          0.874s
    Time for CFA sanity check:    0.166s
    Time for post-processing:     0.722s
      Time for var class.:        0.400s
Time for Analysis:              896.553s
CPU time for analysis:          896.540s
Total time for CPAchecker:      900.371s
Total CPU time for CPAchecker:  900.350s
Time for statistics:              0.485s

Time for Garbage Collector:      24.101s (in 1231 runs)
Garbage Collector(s) used:    Copy, MarkSweepCompact
Used heap memory:                446MB (   425 MiB) max;    241MB (   230 MiB) avg;    449MB (   429 MiB) peak
Used non-heap memory:             39MB (    37 MiB) max;     39MB (    37 MiB) avg;     40MB (    38 MiB) peak
Allocated heap memory:           487MB (   464 MiB) max;    341MB (   325 MiB) avg
Allocated non-heap memory:        41MB (    39 MiB) max;     41MB (    39 MiB) avg
Total process virtual memory:   8553MB (  8157 MiB) max;   8336MB (  7949 MiB) avg

Verification result: UNKNOWN, incomplete analysis.
More details about the verification run can be found in the directory "./output".
