scripts/cpa.sh -Dy-MySearchStrategy-PredAbs-ABElf -heap 5600000000 -timelimit 30 -preprocess -stats -noout -setprop cpa.predicate.memoryAllocationsAlwaysSucceed=true -spec ../sv-benchmarks/c/ReachSafety.prp ../sv-benchmarks/c/seq-mthreaded/rekh_aso_true-unreach-call.3.M4.c


--------------------------------------------------------------------------------


Running CPAchecker with Java heap of size 5600000000.
Running CPAchecker with default stack size (1024k). Specify a larger value with -stack if needed.
Running CPAchecker with the following extra VM options:  -Djava.io.tmpdir=/tmp/BenchExec_run__q85x2mb/tmp
Using the following resource limits: CPU-time limit of 30s (ResourceLimitChecker.fromConfiguration, INFO)

CPAchecker (unknown version) (OpenJDK 64-Bit Server VM 1.8.0_162) started (CPAchecker.run, INFO)

MathSAT5 is available for research and evaluation purposes only. It can not be used in a commercial environment, particularly as part of a commercial product, without written permission. MathSAT5 is provided as is, without any warranty. Please write to mathsat@fbk.eu for additional questions regarding licensing MathSAT5 or obtaining more up-to-date versions. (PredicateCPA:JavaSMT:Mathsat5SolverContext.<init>, WARNING)

Using predicate analysis with MathSAT5 version 5.3.14 (0b98b661254c) (Nov 17 2016 10:59:45, gmp 5.1.3, gcc 4.8.5, 64-bit) and JFactory 1.21. (PredicateCPA:PredicateCPA.<init>, INFO)

Using refinement for predicate analysis with PredicateAbstractionRefinementStrategy strategy. (PredicateCPA:PredicateCPARefiner.<init>, INFO)

Starting analysis ... (CPAchecker.runAlgorithm, INFO)

Assuming external function nxt_motor_set_speed to be a pure function. (PredicateCPA:ExpressionToFormulaVisitor.visit, INFO)

Shutdown requested (The CPU-time limit of 30s has elapsed.), waiting for termination. (ForceTerminationOnShutdown$1.shutdownRequested, WARNING)

Warning: Analysis interrupted (The CPU-time limit of 30s has elapsed.) (ShutdownNotifier.shutdownIfNecessary, WARNING)

PredicateCPA statistics
-----------------------
Number of abstractions:            64 (3% of all post computations)
  Times abstraction was reused:    0
  Because of function entry/exit:  61 (95%)
  Because of loop head:            0 (0%)
  Because of join nodes:           0 (0%)
  Because of threshold:            0 (0%)
  Because of target state:         3 (5%)
  Times precision was empty:       59 (92%)
  Times precision was {false}:     3 (5%)
  Times result was cached:         0 (0%)
  Times cartesian abs was used:    0 (0%)
  Times boolean abs was used:      2 (3%)
  Times result was 'false':        2 (3%)
Number of strengthen sat checks:   0
Number of coverage checks:         242
  BDD entailment checks:           0
Number of SMT sat checks:          0
  trivial:                         0
  cached:                          0

Max ABE block size:                       474
Number of predicates discovered:          2
Number of abstraction locations:          3
Max number of predicates per location:    1
Avg number of predicates per location:    1
Total predicates per abstraction:         5
Max number of predicates per abstraction: 1
Avg number of predicates per abstraction: 1.00
Number of irrelevant predicates:          3 (60%)
Number of preds handled by boolean abs:   2 (40%)
  Total number of models for allsat:      2
  Max number of models for allsat:        1
  Avg number of models for allsat:        1.00

Time for post operator:                  4.059s
  Time for path formula creation:        4.038s
Time for strengthen operator:            0.032s
Time for prec operator:                  0.054s
  Time for abstraction:                  0.027s (Max:     0.011s, Count: 64)
    Boolean abstraction:                 0.003s
    Solving time:                        0.002s (Max:     0.001s)
    Model enumeration time:              0.000s
    Time for BDD construction:           0.001s (Max:     0.001s)
Time for merge operator:                 0.033s
Time for coverage check:                 0.000s
Total time for SMT solver (w/o itp):     0.002s

Number of path formula cache hits:   37 (2%)

Inside post operator:                  
  Inside path formula creation:        
    Time for path formula computation:     3.988s

Total number of created targets for pointer analysis: 89996
   Number of created targets for uf: *unsigned_char is 162
   Number of created targets for uf: *_Bool is 41
   Number of created targets for uf: *char is 201


Number of BDD nodes:                               202
Size of BDD node table:                            270749
Size of BDD cache:                                 27073
Size of BDD node cleanup queue:                           0 (count: 92, min: 0, max: 0, avg: 0.00)
Time for BDD node cleanup:                             0.001s
Time for BDD garbage collection:                       0.000s (in 0 runs)

PrecisionBootstrap statistics
-----------------------------
Init. function predicates:                         0
Init. global predicates:                           0
Init. location predicates:                         0

Invariant Generation statistics
-------------------------------

AutomatonAnalysis (SVCOMP) statistics
-------------------------------------
Number of states:                                  1
Total time for successor computation:                  0.084s
Automaton transfers with branching:                0
Automaton transfer successors:                         2116 (count: 2116, min: 1, max: 1, avg: 1.00) [1 x 2116]

CPA algorithm statistics
------------------------
Number of iterations:            1233
Max size of waitlist:            292
Average size of waitlist:        105
Number of computed successors:   1383
Max successors for one state:    2
Number of times merged:          121
Number of times stopped:         121
Number of times breaked:         3

Total time for CPA algorithm:         4.880s (Max:     4.589s)
  Time for choose from waitlist:      0.012s
  Time for precision adjustment:      0.212s
  Time for transfer relation:         4.460s
  Time for merge operator:            0.063s
  Time for stop operator:             0.044s
  Time for adding to reached set:     0.044s

Predicate-Abstraction Refiner statistics
----------------------------------------
Number of predicate refinements:                   3
Avg. length of target path (in blocks):                  59 (count: 3, min: 15, max: 27, avg: 19.67)
Number of infeasible sliced prefixes:                     0 (count: 0, min: 0, max: 0, avg: 0.00)

Time for refinement:                                  20.218s
  Counterexample analysis:                            20.170s (Max:     6.753s, Calls: 3)
    Refinement sat check:                             18.527s
    Interpolant computation:                           0.000s
  Path-formulas extraction:                            0.000s
  Error path post-processing:                          0.000s
  Predicate creation:                                  0.004s
  Precision update:                                    0.003s
  ARG update:                                          0.011s

Length of refined path (in blocks):                      25 (count: 2, min: 12, max: 13, avg: 12.50)
Number of affected states:                                2 (count: 2, min: 0, max: 2, avg: 1.00)
Length (states) of path with itp 'true':                 21 (count: 2, min: 9, max: 12, avg: 10.50)
Length (states) of path with itp non-trivial itp:         2 (count: 2, min: 0, max: 2, avg: 1.00)
Length (states) of path with itp 'false':                 2 (count: 2, min: 1, max: 1, avg: 1.00)
Different non-trivial interpolants along paths:           0 (count: 2, min: 0, max: 0, avg: 0.00)
Equal non-trivial interpolants along paths:               1 (count: 2, min: 0, max: 1, avg: 0.50)
Number of refs with location-based cutoff:                0

CEGAR algorithm statistics
--------------------------
Number of refinements:                3
Number of successful refinements:     2
Number of failed refinements:         0
Max. size of reached set before ref.: 992
Max. size of reached set after ref.:  801
Avg. size of reached set before ref.: 945.00
Avg. size of reached set after ref.:  787.00

Total time for CEGAR algorithm:      25.153s
Time for refinements:                20.271s
Average time for refinement:          6.757s
Max time for refinement:              6.805s

Code Coverage
-----------------------------
  Function coverage:      0.289
  Visited lines:          1124
  Total lines:            3166
  Line coverage:          0.355
  Visited conditions:     928
  Total conditions:       3402
  Condition coverage:     0.273

CPAchecker general statistics
-----------------------------
Number of program locations:     4918
Number of CFA edges:             5370
Number of relevant variables:    157
Number of functions:             45
Number of loops:                 1
Size of reached set:             992
  Number of reached locations:   989 (20%)
    Avg states per location:     1
    Max states per location:     2 (at node N3271)
  Number of reached functions:   13 (29%)
  Number of partitions:          992
    Avg size of partitions:      1
    Max size of partitions:      1
  Number of target states:       1
  Size of final wait list        5

Time for analysis setup:          5.452s
  Time for loading CPAs:          1.053s
  Time for loading parser:        0.705s
  Time for CFA construction:      3.518s
    Time for parsing file(s):     0.911s
    Time for AST to CFA:          1.189s
    Time for CFA sanity check:    0.301s
    Time for post-processing:     0.919s
      Time for var class.:        0.566s
Time for Analysis:               25.153s
CPU time for analysis:           25.150s
Total time for CPAchecker:       30.610s
Total CPU time for CPAchecker:   30.600s
Time for statistics:              0.149s

Time for Garbage Collector:       0.226s (in 16 runs)
Garbage Collector(s) used:    Copy, MarkSweepCompact
Used heap memory:                 64MB (    61 MiB) max;     42MB (    40 MiB) avg;     68MB (    65 MiB) peak
Used non-heap memory:             34MB (    32 MiB) max;     31MB (    30 MiB) avg;     34MB (    33 MiB) peak
Allocated heap memory:           127MB (   121 MiB) max;    127MB (   121 MiB) avg
Allocated non-heap memory:        35MB (    34 MiB) max;     33MB (    32 MiB) avg
Total process virtual memory:   8562MB (  8165 MiB) max;   8336MB (  7949 MiB) avg

Verification result: UNKNOWN, incomplete analysis.
More details about the verification run can be found in the directory "./output".
