scripts/cpa.sh -Dy-MySearchStrategy-PredAbs-ABEl -heap 5600000000 -timelimit 30 -preprocess -stats -noout -setprop cpa.predicate.memoryAllocationsAlwaysSucceed=true -spec ../sv-benchmarks/c/ReachSafety.prp ../sv-benchmarks/c/array-tiling/poly2_true-unreach-call.i


--------------------------------------------------------------------------------


Running CPAchecker with Java heap of size 5600000000.
Running CPAchecker with default stack size (1024k). Specify a larger value with -stack if needed.
Running CPAchecker with the following extra VM options:  -Djava.io.tmpdir=/tmp/BenchExec_run_apjri1_8/tmp
Using the following resource limits: CPU-time limit of 30s (ResourceLimitChecker.fromConfiguration, INFO)

CPAchecker (unknown version) (OpenJDK 64-Bit Server VM 1.8.0_162) started (CPAchecker.run, INFO)

MathSAT5 is available for research and evaluation purposes only. It can not be used in a commercial environment, particularly as part of a commercial product, without written permission. MathSAT5 is provided as is, without any warranty. Please write to mathsat@fbk.eu for additional questions regarding licensing MathSAT5 or obtaining more up-to-date versions. (PredicateCPA:JavaSMT:Mathsat5SolverContext.<init>, WARNING)

Using predicate analysis with MathSAT5 version 5.3.14 (0b98b661254c) (Nov 17 2016 10:59:45, gmp 5.1.3, gcc 4.8.5, 64-bit) and JFactory 1.21. (PredicateCPA:PredicateCPA.<init>, INFO)

Using refinement for predicate analysis with PredicateAbstractionRefinementStrategy strategy. (PredicateCPA:PredicateCPARefiner.<init>, INFO)

Starting analysis ... (CPAchecker.runAlgorithm, INFO)

Shutdown requested (The CPU-time limit of 30s has elapsed.), waiting for termination. (ForceTerminationOnShutdown$1.shutdownRequested, WARNING)

Warning: Analysis interrupted (The CPU-time limit of 30s has elapsed.) (ShutdownNotifier.shutdownIfNecessary, WARNING)

PredicateCPA statistics
-----------------------
Number of abstractions:            561 (21% of all post computations)
  Times abstraction was reused:    0
  Because of function entry/exit:  0 (0%)
  Because of loop head:            455 (81%)
  Because of join nodes:           0 (0%)
  Because of threshold:            0 (0%)
  Because of target state:         106 (19%)
  Times precision was empty:       11 (2%)
  Times precision was {false}:     111 (20%)
  Times result was cached:         6 (1%)
  Times cartesian abs was used:    0 (0%)
  Times boolean abs was used:      433 (77%)
  Times result was 'false':        207 (37%)
Number of strengthen sat checks:   0
Number of coverage checks:         1888
  BDD entailment checks:           1888
Number of SMT sat checks:          0
  trivial:                         0
  cached:                          0

Max ABE block size:                       6
Number of predicates discovered:          71
Number of abstraction locations:          4
Max number of predicates per location:    47
Avg number of predicates per location:    30
Total predicates per abstraction:         12253
Max number of predicates per abstraction: 47
Avg number of predicates per abstraction: 22.52
Number of irrelevant predicates:          480 (4%)
Number of preds handled by boolean abs:   11749 (96%)
  Total number of models for allsat:      47466
  Max number of models for allsat:        13122
  Avg number of models for allsat:        109.62

Time for post operator:                  0.508s
  Time for path formula creation:        0.500s
Time for strengthen operator:            0.031s
Time for prec operator:                 24.975s
  Time for abstraction:                 24.925s (Max:     3.928s, Count: 561)
    Boolean abstraction:                21.988s
    Solving time:                        3.020s (Max:     0.050s)
    Model enumeration time:             12.916s
    Time for BDD construction:           5.641s (Max:     1.366s)
Time for merge operator:                 0.000s
Time for coverage check:                 0.026s
  Time for BDD entailment checks:        0.025s
Total time for SMT solver (w/o itp):    15.937s

Number of path formula cache hits:   2427 (82%)

Inside post operator:                  
  Inside path formula creation:        
    Time for path formula computation:     0.436s

Total number of created targets for pointer analysis: 400
   Number of created targets for uf: *signed_long_long_int is 261


Number of BDD nodes:                               32606
Size of BDD node table:                            270749
Size of BDD cache:                                 27073
Size of BDD node cleanup queue:                       32649 (count: 18067, min: 0, max: 3411, avg: 1.81)
Time for BDD node cleanup:                             0.025s
Time for BDD garbage collection:                       0.177s (in 22 runs)

PrecisionBootstrap statistics
-----------------------------
Init. function predicates:                         0
Init. global predicates:                           0
Init. location predicates:                         0

Invariant Generation statistics
-------------------------------

AutomatonAnalysis (SVCOMP) statistics
-------------------------------------
Number of states:                                  1
Total time for successor computation:                  0.086s
Automaton transfers with branching:                0
Automaton transfer successors:                         2676 (count: 2676, min: 1, max: 1, avg: 1.00) [1 x 2676]

CPA algorithm statistics
------------------------
Number of iterations:            2213
Max size of waitlist:            3
Average size of waitlist:        1
Number of computed successors:   2493
Max successors for one state:    2
Number of times merged:          0
Number of times stopped:         58
Number of times breaked:         14

Total time for CPA algorithm:        26.178s (Max:     9.369s)
  Time for choose from waitlist:      0.017s
  Time for precision adjustment:     25.094s
  Time for transfer relation:         0.862s
  Time for merge operator:            0.029s
  Time for stop operator:             0.057s
  Time for adding to reached set:     0.045s

Predicate-Abstraction Refiner statistics
----------------------------------------
Number of predicate refinements:                   14
Avg. length of target path (in blocks):                 163 (count: 14, min: 4, max: 21, avg: 11.64)
Number of infeasible sliced prefixes:                     0 (count: 0, min: 0, max: 0, avg: 0.00)

Time for refinement:                                   1.131s
  Counterexample analysis:                             1.037s (Max:     0.275s, Calls: 14)
    Refinement sat check:                              0.808s
    Interpolant computation:                           0.000s
  Path-formulas extraction:                            0.000s
  Error path post-processing:                          0.000s
  Predicate creation:                                  0.047s
  Precision update:                                    0.014s
  ARG update:                                          0.016s

Length of refined path (in blocks):                     156 (count: 14, min: 2, max: 21, avg: 11.14)
Number of affected states:                              142 (count: 14, min: 1, max: 20, avg: 10.14)
Length (states) of path with itp 'true':                  0 (count: 14, min: 0, max: 0, avg: 0.00)
Length (states) of path with itp non-trivial itp:       142 (count: 14, min: 1, max: 20, avg: 10.14)
Length (states) of path with itp 'false':                 4 (count: 14, min: 0, max: 1, avg: 0.29)
Different non-trivial interpolants along paths:         111 (count: 14, min: 0, max: 19, avg: 7.93)
Equal non-trivial interpolants along paths:              17 (count: 14, min: 0, max: 5, avg: 1.21)
Number of refs with location-based cutoff:                0

CEGAR algorithm statistics
--------------------------
Number of refinements:                14
Number of successful refinements:     14
Number of failed refinements:         0
Max. size of reached set before ref.: 477
Max. size of reached set after ref.:  7
Avg. size of reached set before ref.: 162.50
Avg. size of reached set after ref.:  7.00

Total time for CEGAR algorithm:      27.328s
Time for refinements:                 1.150s
Average time for refinement:          0.082s
Max time for refinement:              0.286s

Code Coverage
-----------------------------
  Function coverage:      1.000
  Visited lines:          13
  Total lines:            13
  Line coverage:          1.000
  Visited conditions:     10
  Total conditions:       10
  Condition coverage:     1.000

CPAchecker general statistics
-----------------------------
Number of program locations:     40
Number of CFA edges:             44
Number of relevant variables:    5
Number of functions:             2
Number of loops:                 3
Size of reached set:             51
  Number of reached locations:   28 (70%)
    Avg states per location:     1
    Max states per location:     4 (at node N16)
  Number of reached functions:   2 (100%)
  Number of partitions:          46
    Avg size of partitions:      1
    Max size of partitions:      4 (with key [N16 (before line 18), Function main called from node N8, stack depth 1 [273e7444], stack [main]])
  Number of target states:       0
  Size of final wait list        2

Time for analysis setup:          2.419s
  Time for loading CPAs:          0.835s
  Time for loading parser:        0.680s
  Time for CFA construction:      0.740s
    Time for parsing file(s):     0.314s
    Time for AST to CFA:          0.114s
    Time for CFA sanity check:    0.018s
    Time for post-processing:     0.118s
      Time for var class.:        0.040s
Time for Analysis:               27.328s
CPU time for analysis:           27.320s
Total time for CPAchecker:       29.752s
Total CPU time for CPAchecker:   29.740s
Time for statistics:              0.067s

Time for Garbage Collector:       0.228s (in 37 runs)
Garbage Collector(s) used:    Copy, MarkSweepCompact
Used heap memory:                 60MB (    57 MiB) max;     40MB (    39 MiB) avg;     64MB (    61 MiB) peak
Used non-heap memory:             33MB (    32 MiB) max;     31MB (    30 MiB) avg;     35MB (    33 MiB) peak
Allocated heap memory:           127MB (   121 MiB) max;    127MB (   121 MiB) avg
Allocated non-heap memory:        36MB (    34 MiB) max;     34MB (    32 MiB) avg
Total process virtual memory:   8132MB (  7756 MiB) max;   8122MB (  7746 MiB) avg

Verification result: UNKNOWN, incomplete analysis.
More details about the verification run can be found in the directory "./output".
