scripts/cpa.sh -Dy-MySearchStrategy-PredAbs-ABEl -heap 5600000000 -timelimit 900 -preprocess -stats -noout -setprop cpa.predicate.memoryAllocationsAlwaysSucceed=true -spec ../sv-benchmarks/c/ReachSafety.prp ../sv-benchmarks/c/list-properties/simple_true-unreach-call_false-valid-memtrack.i


--------------------------------------------------------------------------------


Running CPAchecker with Java heap of size 5600000000.
Running CPAchecker with default stack size (1024k). Specify a larger value with -stack if needed.
Running CPAchecker with the following extra VM options:  -Djava.io.tmpdir=/tmp/BenchExec_run_bxbwq4to/tmp
Using the following resource limits: CPU-time limit of 900s (ResourceLimitChecker.fromConfiguration, INFO)

CPAchecker (unknown version) (OpenJDK 64-Bit Server VM 1.8.0_162) started (CPAchecker.run, INFO)

MathSAT5 is available for research and evaluation purposes only. It can not be used in a commercial environment, particularly as part of a commercial product, without written permission. MathSAT5 is provided as is, without any warranty. Please write to mathsat@fbk.eu for additional questions regarding licensing MathSAT5 or obtaining more up-to-date versions. (PredicateCPA:JavaSMT:Mathsat5SolverContext.<init>, WARNING)

Using predicate analysis with MathSAT5 version 5.3.14 (0b98b661254c) (Nov 17 2016 10:59:45, gmp 5.1.3, gcc 4.8.5, 64-bit) and JFactory 1.21. (PredicateCPA:PredicateCPA.<init>, INFO)

Using refinement for predicate analysis with PredicateAbstractionRefinementStrategy strategy. (PredicateCPA:PredicateCPARefiner.<init>, INFO)

Starting analysis ... (CPAchecker.runAlgorithm, INFO)

Shutdown requested (The CPU-time limit of 900s has elapsed.), waiting for termination. (ForceTerminationOnShutdown$1.shutdownRequested, WARNING)

Warning: Analysis interrupted (The CPU-time limit of 900s has elapsed.) (ShutdownNotifier.shutdownIfNecessary, WARNING)

PredicateCPA statistics
-----------------------
Number of abstractions:            184 (13% of all post computations)
  Times abstraction was reused:    0
  Because of function entry/exit:  0 (0%)
  Because of loop head:            134 (73%)
  Because of join nodes:           0 (0%)
  Because of threshold:            0 (0%)
  Because of target state:         50 (27%)
  Times precision was empty:       4 (2%)
  Times precision was {false}:     37 (20%)
  Times result was cached:         28 (15%)
  Times cartesian abs was used:    0 (0%)
  Times boolean abs was used:      115 (63%)
  Times result was 'false':        42 (23%)
Number of strengthen sat checks:   0
Number of coverage checks:         409
  BDD entailment checks:           409
Number of SMT sat checks:          0
  trivial:                         0
  cached:                          0

Max ABE block size:                       8
Number of predicates discovered:          65
Number of abstraction locations:          3
Max number of predicates per location:    58
Avg number of predicates per location:    21
Total predicates per abstraction:         1420
Max number of predicates per abstraction: 58
Avg number of predicates per abstraction: 9.34
Number of irrelevant predicates:          99 (7%)
Number of preds handled by boolean abs:   1202 (85%)
  Total number of models for allsat:      215337
  Max number of models for allsat:        124416
  Avg number of models for allsat:        1872.50

Time for post operator:                  0.462s
  Time for path formula creation:        0.440s
Time for strengthen operator:            0.008s
Time for prec operator:                896.130s
  Time for abstraction:                896.106s (Max:   802.524s, Count: 184)
    Boolean abstraction:               895.154s
    Solving time:                        0.577s (Max:     0.020s)
    Model enumeration time:            806.963s
    Time for BDD construction:          87.546s (Max:    11.268s)
Time for merge operator:                 0.000s
Time for coverage check:                 0.023s
  Time for BDD entailment checks:        0.023s
Total time for SMT solver (w/o itp):   807.541s

Number of path formula cache hits:   892 (59%)

Inside post operator:                  
  Inside path formula creation:        
    Time for path formula computation:     0.413s

Total number of created targets for pointer analysis: 377
   Number of created targets for uf: *signed_int is 92
   Number of created targets for uf: *(struct_node)* is 105


Number of BDD nodes:                               34032
Size of BDD node table:                            270749
Size of BDD cache:                                 27073
Size of BDD node cleanup queue:                        5595 (count: 3562, min: 0, max: 1530, avg: 1.57)
Time for BDD node cleanup:                             0.017s
Time for BDD garbage collection:                       0.493s (in 197 runs)

PrecisionBootstrap statistics
-----------------------------
Init. function predicates:                         0
Init. global predicates:                           0
Init. location predicates:                         0

Invariant Generation statistics
-------------------------------

AutomatonAnalysis (SVCOMP) statistics
-------------------------------------
Number of states:                                  1
Total time for successor computation:                  0.083s
Automaton transfers with branching:                0
Automaton transfer successors:                         1383 (count: 1430, min: 0, max: 1, avg: 0.97) [0 x 47, 1 x 1383]

CPA algorithm statistics
------------------------
Number of iterations:            800
Max size of waitlist:            15
Average size of waitlist:        5
Number of computed successors:   896
Max successors for one state:    2
Number of times merged:          0
Number of times stopped:         35
Number of times breaked:         10

Total time for CPA algorithm:       897.097s (Max:   802.536s)
  Time for choose from waitlist:      0.005s
  Time for precision adjustment:    896.220s
  Time for transfer relation:         0.734s
  Time for merge operator:            0.012s
  Time for stop operator:             0.040s
  Time for adding to reached set:     0.026s

Predicate-Abstraction Refiner statistics
----------------------------------------
Number of predicate refinements:                   10
Avg. length of target path (in blocks):                  71 (count: 10, min: 3, max: 16, avg: 7.10)
Number of infeasible sliced prefixes:                     0 (count: 0, min: 0, max: 0, avg: 0.00)

Time for refinement:                                   0.438s
  Counterexample analysis:                             0.361s (Max:     0.164s, Calls: 10)
    Refinement sat check:                              0.182s
    Interpolant computation:                           0.000s
  Path-formulas extraction:                            0.000s
  Error path post-processing:                          0.000s
  Predicate creation:                                  0.032s
  Precision update:                                    0.013s
  ARG update:                                          0.012s

Length of refined path (in blocks):                      71 (count: 10, min: 3, max: 16, avg: 7.10)
Number of affected states:                               61 (count: 10, min: 2, max: 15, avg: 6.10)
Length (states) of path with itp 'true':                  0 (count: 10, min: 0, max: 0, avg: 0.00)
Length (states) of path with itp non-trivial itp:        61 (count: 10, min: 2, max: 15, avg: 6.10)
Length (states) of path with itp 'false':                 0 (count: 10, min: 0, max: 0, avg: 0.00)
Different non-trivial interpolants along paths:          51 (count: 10, min: 1, max: 14, avg: 5.10)
Equal non-trivial interpolants along paths:               0 (count: 10, min: 0, max: 0, avg: 0.00)
Number of refs with location-based cutoff:                0

CEGAR algorithm statistics
--------------------------
Number of refinements:                10
Number of successful refinements:     10
Number of failed refinements:         0
Max. size of reached set before ref.: 195
Max. size of reached set after ref.:  6
Avg. size of reached set before ref.: 87.30
Avg. size of reached set after ref.:  6.00

Total time for CEGAR algorithm:     897.555s
Time for refinements:                 0.458s
Average time for refinement:          0.045s
Max time for refinement:              0.172s

Code Coverage
-----------------------------
  Function coverage:      0.500
  Visited lines:          135
  Total lines:            149
  Line coverage:          0.906
  Visited conditions:     2
  Total conditions:       10
  Condition coverage:     0.200

CPAchecker general statistics
-----------------------------
Number of program locations:     291
Number of CFA edges:             293
Number of relevant variables:    7
Number of functions:             2
Number of loops:                 3
Size of reached set:             6
  Number of reached locations:   6 (2%)
    Avg states per location:     1
    Max states per location:     1 (at node N6)
  Number of reached functions:   1 (50%)
  Number of partitions:          6
    Avg size of partitions:      1
    Max size of partitions:      1
  Number of target states:       0
  Size of final wait list        1

Time for analysis setup:          2.830s
  Time for loading CPAs:          0.767s
  Time for loading parser:        0.710s
  Time for CFA construction:      1.187s
    Time for parsing file(s):     0.507s
    Time for AST to CFA:          0.247s
    Time for CFA sanity check:    0.062s
    Time for post-processing:     0.225s
      Time for var class.:        0.066s
Time for Analysis:              897.555s
CPU time for analysis:          897.520s
Total time for CPAchecker:      900.390s
Total CPU time for CPAchecker:  900.350s
Time for statistics:              0.065s

Time for Garbage Collector:       0.846s (in 493 runs)
Garbage Collector(s) used:    Copy, MarkSweepCompact
Used heap memory:                 60MB (    57 MiB) max;     42MB (    40 MiB) avg;     64MB (    61 MiB) peak
Used non-heap memory:             33MB (    31 MiB) max;     32MB (    30 MiB) avg;     34MB (    32 MiB) peak
Allocated heap memory:           127MB (   121 MiB) max;    127MB (   121 MiB) avg
Allocated non-heap memory:        35MB (    34 MiB) max;     35MB (    34 MiB) avg
Total process virtual memory:   8318MB (  7932 MiB) max;   8247MB (  7865 MiB) avg

Verification result: UNKNOWN, incomplete analysis.
More details about the verification run can be found in the directory "./output".
