scripts/cpa.sh -Dy-MySearchStrategy-PredAbs-ABElf -heap 5600000000 -timelimit 900 -preprocess -stats -noout -setprop cpa.predicate.memoryAllocationsAlwaysSucceed=true -spec ../sv-benchmarks/c/ReachSafety.prp ../sv-benchmarks/c/systemc/mem_slave_tlm.5_true-unreach-call_false-termination.cil.c


--------------------------------------------------------------------------------


Running CPAchecker with Java heap of size 5600000000.
Running CPAchecker with default stack size (1024k). Specify a larger value with -stack if needed.
Running CPAchecker with the following extra VM options:  -Djava.io.tmpdir=/tmp/BenchExec_run_tbj5fprl/tmp
Using the following resource limits: CPU-time limit of 900s (ResourceLimitChecker.fromConfiguration, INFO)

CPAchecker (unknown version) (OpenJDK 64-Bit Server VM 1.8.0_151) started (CPAchecker.run, INFO)

MathSAT5 is available for research and evaluation purposes only. It can not be used in a commercial environment, particularly as part of a commercial product, without written permission. MathSAT5 is provided as is, without any warranty. Please write to mathsat@fbk.eu for additional questions regarding licensing MathSAT5 or obtaining more up-to-date versions. (PredicateCPA:JavaSMT:Mathsat5SolverContext.<init>, WARNING)

Using predicate analysis with MathSAT5 version 5.3.14 (0b98b661254c) (Nov 17 2016 10:59:45, gmp 5.1.3, gcc 4.8.5, 64-bit) and JFactory 1.21. (PredicateCPA:PredicateCPA.<init>, INFO)

Using refinement for predicate analysis with PredicateAbstractionRefinementStrategy strategy. (PredicateCPA:PredicateCPARefiner.<init>, INFO)

Starting analysis ... (CPAchecker.runAlgorithm, INFO)

Shutdown requested (The CPU-time limit of 900s has elapsed.), waiting for termination. (ForceTerminationOnShutdown$1.shutdownRequested, WARNING)

Warning: Analysis interrupted (The CPU-time limit of 900s has elapsed.) (ShutdownNotifier.shutdownIfNecessary, WARNING)

PredicateCPA statistics
-----------------------
Number of abstractions:            21440 (5% of all post computations)
  Times abstraction was reused:    0
  Because of function entry/exit:  10750 (50%)
  Because of loop head:            10584 (49%)
  Because of join nodes:           0 (0%)
  Because of threshold:            0 (0%)
  Because of target state:         106 (0%)
  Times precision was empty:       935 (4%)
  Times precision was {false}:     568 (3%)
  Times result was cached:         13312 (62%)
  Times cartesian abs was used:    0 (0%)
  Times boolean abs was used:      6625 (31%)
  Times result was 'false':        10811 (50%)
Number of strengthen sat checks:   0
Number of coverage checks:         183786
  BDD entailment checks:           64112
Number of SMT sat checks:          0
  trivial:                         0
  cached:                          0

Max ABE block size:                       49
Number of predicates discovered:          146
Number of abstraction locations:          24
Max number of predicates per location:    62
Avg number of predicates per location:    35
Total predicates per abstraction:         713241
Max number of predicates per abstraction: 62
Avg number of predicates per abstraction: 99.16
Number of irrelevant predicates:          132720 (19%)
Number of preds handled by boolean abs:   168903 (24%)
  Total number of models for allsat:      2063622
  Max number of models for allsat:        161280
  Avg number of models for allsat:        311.49

Time for post operator:                  2.908s
  Time for path formula creation:        2.713s
Time for strengthen operator:            0.460s
Time for prec operator:                860.675s
  Time for abstraction:                859.952s (Max:    77.127s, Count: 21440)
    Boolean abstraction:               823.772s
    Solving time:                       12.998s (Max:     0.055s)
    Model enumeration time:            601.729s
    Time for BDD construction:         206.377s (Max:    17.075s)
Time for merge operator:                 0.411s
Time for coverage check:                 0.237s
  Time for BDD entailment checks:        0.214s
Total time for SMT solver (w/o itp):   614.727s

Number of path formula cache hits:   452626 (88%)

Inside post operator:                  
  Inside path formula creation:        
    Time for path formula computation:     2.272s

Total number of created targets for pointer analysis: 0


Number of BDD nodes:                               181654
Size of BDD node table:                            270749
Size of BDD cache:                                 27073
Size of BDD node cleanup queue:                      275376 (count: 215121, min: 0, max: 4084, avg: 1.28)
Time for BDD node cleanup:                             0.095s
Time for BDD garbage collection:                       4.320s (in 971 runs)

PrecisionBootstrap statistics
-----------------------------
Init. function predicates:                         0
Init. global predicates:                           0
Init. location predicates:                         0

Invariant Generation statistics
-------------------------------

AutomatonAnalysis (SVCOMP) statistics
-------------------------------------
Number of states:                                  1
Total time for successor computation:                  0.739s
  Time for transition matches:                         0.380s
  Time for transition assertions:                      0.000s
  Time for transition actions:                         0.000s
Automaton transfers with branching:                0
Automaton transfer successors:                       453490 (count: 453490, min: 1, max: 1, avg: 1.00) [1 x 453490]

CPA algorithm statistics
------------------------
Number of iterations:            281078
Max size of waitlist:            42
Average size of waitlist:        20
Number of computed successors:   354528
Max successors for one state:    2
Number of times merged:          59837
Number of times stopped:         61835
Number of times breaked:         106

Total time for CPA algorithm:       875.563s (Max:   123.034s)
  Time for choose from waitlist:      0.261s
  Time for precision adjustment:    863.051s
  Time for transfer relation:         7.922s
  Time for merge operator:            1.432s
  Time for stop operator:             0.827s
  Time for adding to reached set:     0.718s

Predicate-Abstraction Refiner statistics
----------------------------------------
Number of predicate refinements:                   106
Avg. length of target path (in blocks):                8021 (count: 106, min: 8, max: 167, avg: 75.67)
Number of infeasible sliced prefixes:                     0 (count: 0, min: 0, max: 0, avg: 0.00)

Time for refinement:                                  20.188s
  Counterexample analysis:                            18.774s (Max:     1.301s, Calls: 106)
    Refinement sat check:                              4.602s
    Interpolant computation:                           0.000s
  Path-formulas extraction:                            0.005s
  Error path post-processing:                          0.000s
  Predicate creation:                                  0.274s
  Precision update:                                    0.094s
  ARG update:                                          0.718s

Length of refined path (in blocks):                    7745 (count: 106, min: 6, max: 165, avg: 73.07)
Number of affected states:                             2666 (count: 106, min: 5, max: 122, avg: 25.15)
Length (states) of path with itp 'true':               4973 (count: 106, min: 0, max: 155, avg: 46.92)
Length (states) of path with itp non-trivial itp:      2666 (count: 106, min: 5, max: 122, avg: 25.15)
Length (states) of path with itp 'false':               106 (count: 106, min: 1, max: 1, avg: 1.00)
Different non-trivial interpolants along paths:        1046 (count: 106, min: 0, max: 71, avg: 9.87)
Equal non-trivial interpolants along paths:            1514 (count: 106, min: 4, max: 50, avg: 14.28)
Number of refs with location-based cutoff:                0

CEGAR algorithm statistics
--------------------------
Number of refinements:                106
Number of successful refinements:     106
Number of failed refinements:         0
Max. size of reached set before ref.: 13051
Max. size of reached set after ref.:  10900
Avg. size of reached set before ref.: 5735.43
Avg. size of reached set after ref.:  3195.97

Total time for CEGAR algorithm:     898.620s
Time for refinements:                22.786s
Average time for refinement:          0.214s
Max time for refinement:              1.393s

Code Coverage
-----------------------------
  Function coverage:      0.875
  Visited lines:          796
  Total lines:            805
  Line coverage:          0.989
  Visited conditions:     410
  Total conditions:       410
  Condition coverage:     1.000

CPAchecker general statistics
-----------------------------
Number of program locations:     1108
Number of CFA edges:             1316
Number of relevant variables:    55
Number of functions:             8
Number of loops:                 5
Size of reached set:             12699
  Number of reached locations:   761 (69%)
    Avg states per location:     16
    Max states per location:     81 (at node N772)
  Number of reached functions:   7 (88%)
  Number of partitions:          12580
    Avg size of partitions:      1
    Max size of partitions:      35 (with key [N1022 (before lines 1128-1169), Function eval called from node N1141, stack depth 3 [6c17a4a3], stack [main, start_simulation, eval]])
  Number of target states:       0
  Size of final wait list        11

Time for analysis setup:          3.578s
  Time for loading CPAs:          0.852s
  Time for loading parser:        0.806s
  Time for CFA construction:      1.770s
    Time for parsing file(s):     0.504s
    Time for AST to CFA:          0.413s
    Time for CFA sanity check:    0.138s
    Time for post-processing:     0.495s
      Time for var class.:        0.196s
Time for Analysis:              898.621s
CPU time for analysis:          898.490s
Total time for CPAchecker:      902.203s
Total CPU time for CPAchecker:  902.060s
Time for statistics:              0.300s

Time for Garbage Collector:       5.628s (in 1333 runs)
Garbage Collector(s) used:    Copy, MarkSweepCompact
Used heap memory:                127MB (   121 MiB) max;     89MB (    85 MiB) avg;    133MB (   127 MiB) peak
Used non-heap memory:             37MB (    35 MiB) max;     35MB (    34 MiB) avg;     38MB (    36 MiB) peak
Allocated heap memory:           138MB (   131 MiB) max;    136MB (   130 MiB) avg
Allocated non-heap memory:        39MB (    37 MiB) max;     39MB (    37 MiB) avg
Total process virtual memory:   8366MB (  7979 MiB) max;   8283MB (  7899 MiB) avg

Verification result: UNKNOWN, incomplete analysis.
More details about the verification run can be found in the directory "./output".
