scripts/cpa.sh -Dy-MySearchStrategy-PredAbs-ABEl -heap 5600000000 -timelimit 900 -preprocess -stats -noout -setprop cpa.predicate.memoryAllocationsAlwaysSucceed=true -spec ../sv-benchmarks/c/ReachSafety.prp ../sv-benchmarks/c/seq-mthreaded/pals_lcr.6_true-unreach-call.ufo.UNBOUNDED.pals.c


--------------------------------------------------------------------------------


Running CPAchecker with Java heap of size 5600000000.
Running CPAchecker with default stack size (1024k). Specify a larger value with -stack if needed.
Running CPAchecker with the following extra VM options:  -Djava.io.tmpdir=/tmp/BenchExec_run_m7vj0a2l/tmp
Using the following resource limits: CPU-time limit of 900s (ResourceLimitChecker.fromConfiguration, INFO)

CPAchecker (unknown version) (OpenJDK 64-Bit Server VM 1.8.0_162) started (CPAchecker.run, INFO)

line 539: Dead code detected: return 0; (CFACreationUtils.addEdgeToCFA, INFO)

MathSAT5 is available for research and evaluation purposes only. It can not be used in a commercial environment, particularly as part of a commercial product, without written permission. MathSAT5 is provided as is, without any warranty. Please write to mathsat@fbk.eu for additional questions regarding licensing MathSAT5 or obtaining more up-to-date versions. (PredicateCPA:JavaSMT:Mathsat5SolverContext.<init>, WARNING)

Using predicate analysis with MathSAT5 version 5.3.14 (0b98b661254c) (Nov 17 2016 10:59:45, gmp 5.1.3, gcc 4.8.5, 64-bit) and JFactory 1.21. (PredicateCPA:PredicateCPA.<init>, INFO)

Using refinement for predicate analysis with PredicateAbstractionRefinementStrategy strategy. (PredicateCPA:PredicateCPARefiner.<init>, INFO)

Starting analysis ... (CPAchecker.runAlgorithm, INFO)

Shutdown requested (The CPU-time limit of 900s has elapsed.), waiting for termination. (ForceTerminationOnShutdown$1.shutdownRequested, WARNING)

Warning: Analysis interrupted (The CPU-time limit of 900s has elapsed.) (ShutdownNotifier.shutdownIfNecessary, WARNING)

PredicateCPA statistics
-----------------------
Number of abstractions:            45 (1% of all post computations)
  Times abstraction was reused:    0
  Because of function entry/exit:  0 (0%)
  Because of loop head:            23 (51%)
  Because of join nodes:           0 (0%)
  Because of threshold:            0 (0%)
  Because of target state:         22 (49%)
  Times precision was empty:       2 (4%)
  Times precision was {false}:     21 (47%)
  Times result was cached:         0 (0%)
  Times cartesian abs was used:    0 (0%)
  Times boolean abs was used:      22 (49%)
  Times result was 'false':        17 (38%)
Number of strengthen sat checks:   0
Number of coverage checks:         1968
  BDD entailment checks:           40
Number of SMT sat checks:          0
  trivial:                         0
  cached:                          0

Max ABE block size:                       124
Number of predicates discovered:          140
Number of abstraction locations:          2
Max number of predicates per location:    139
Avg number of predicates per location:    70
Total predicates per abstraction:         1764
Max number of predicates per abstraction: 139
Avg number of predicates per abstraction: 41.02
Number of irrelevant predicates:          21 (1%)
Number of preds handled by boolean abs:   1743 (99%)
  Total number of models for allsat:      397440
  Max number of models for allsat:        215691
  Avg number of models for allsat:        18065.45

Time for post operator:                  0.356s
  Time for path formula creation:        0.341s
Time for strengthen operator:            0.049s
Time for prec operator:                896.781s
  Time for abstraction:                896.749s (Max:   367.708s, Count: 45)
    Boolean abstraction:               891.459s
    Solving time:                        2.623s (Max:     0.405s)
    Model enumeration time:            595.592s
    Time for BDD construction:         294.721s (Max:   101.578s)
Time for merge operator:                 0.026s
Time for coverage check:                 0.160s
  Time for BDD entailment checks:        0.156s
Total time for SMT solver (w/o itp):   598.216s

Number of path formula cache hits:   4742 (72%)

Inside post operator:                  
  Inside path formula creation:        
    Time for path formula computation:     0.329s

Total number of created targets for pointer analysis: 0


Number of BDD nodes:                               392289
Size of BDD node table:                            520679
Size of BDD cache:                                 52067
Size of BDD node cleanup queue:                      896922 (count: 378907, min: 0, max: 335546, avg: 2.37)
Time for BDD node cleanup:                             0.169s
Time for BDD garbage collection:                      79.972s (in 8827 runs)

PrecisionBootstrap statistics
-----------------------------
Init. function predicates:                         0
Init. global predicates:                           0
Init. location predicates:                         0

Invariant Generation statistics
-------------------------------

AutomatonAnalysis (SVCOMP) statistics
-------------------------------------
Number of states:                                  1
Total time for successor computation:                  0.070s
Automaton transfers with branching:                0
Automaton transfer successors:                         5894 (count: 5894, min: 1, max: 1, avg: 1.00) [1 x 5894]

CPA algorithm statistics
------------------------
Number of iterations:            3989
Max size of waitlist:            41
Average size of waitlist:        3
Number of computed successors:   4975
Max successors for one state:    2
Number of times merged:          964
Number of times stopped:         964
Number of times breaked:         5

Total time for CPA algorithm:       898.050s (Max:   672.850s)
  Time for choose from waitlist:      0.015s
  Time for precision adjustment:    896.873s
  Time for transfer relation:         0.740s
  Time for merge operator:            0.102s
  Time for stop operator:             0.211s
  Time for adding to reached set:     0.018s

Predicate-Abstraction Refiner statistics
----------------------------------------
Number of predicate refinements:                   5
Avg. length of target path (in blocks):                  21 (count: 5, min: 2, max: 7, avg: 4.20)
Number of infeasible sliced prefixes:                     0 (count: 0, min: 0, max: 0, avg: 0.00)

Time for refinement:                                   0.456s
  Counterexample analysis:                             0.383s (Max:     0.130s, Calls: 5)
    Refinement sat check:                              0.274s
    Interpolant computation:                           0.000s
  Path-formulas extraction:                            0.000s
  Error path post-processing:                          0.000s
  Predicate creation:                                  0.021s
  Precision update:                                    0.018s
  ARG update:                                          0.023s

Length of refined path (in blocks):                      21 (count: 5, min: 2, max: 7, avg: 4.20)
Number of affected states:                               16 (count: 5, min: 1, max: 6, avg: 3.20)
Length (states) of path with itp 'true':                  0 (count: 5, min: 0, max: 0, avg: 0.00)
Length (states) of path with itp non-trivial itp:        16 (count: 5, min: 1, max: 6, avg: 3.20)
Length (states) of path with itp 'false':                 0 (count: 5, min: 0, max: 0, avg: 0.00)
Different non-trivial interpolants along paths:          11 (count: 5, min: 0, max: 5, avg: 2.20)
Equal non-trivial interpolants along paths:               0 (count: 5, min: 0, max: 0, avg: 0.00)
Number of refs with location-based cutoff:                0

CEGAR algorithm statistics
--------------------------
Number of refinements:                5
Number of successful refinements:     5
Number of failed refinements:         0
Max. size of reached set before ref.: 1214
Max. size of reached set after ref.:  171
Avg. size of reached set before ref.: 726.80
Avg. size of reached set after ref.:  171.00

Total time for CEGAR algorithm:     898.556s
Time for refinements:                 0.505s
Average time for refinement:          0.101s
Max time for refinement:              0.151s

Code Coverage
-----------------------------
  Function coverage:      1.000
  Visited lines:          297
  Total lines:            297
  Line coverage:          1.000
  Visited conditions:     168
  Total conditions:       168
  Condition coverage:     1.000

CPAchecker general statistics
-----------------------------
Number of program locations:     488
Number of CFA edges:             571
Number of relevant variables:    60
Number of functions:             10
Number of loops:                 1
Size of reached set:             1215
  Number of reached locations:   345 (71%)
    Avg states per location:     3
    Max states per location:     6 (at node N0)
  Number of reached functions:   10 (100%)
  Number of partitions:          1210
    Avg size of partitions:      1
    Max size of partitions:      6 (with key [N411 (before lines 514-537), Function main called from node N366, stack depth 1 [e25951c], stack [main]])
  Number of target states:       0
  Size of final wait list        1

Time for analysis setup:          1.895s
  Time for loading CPAs:          0.540s
  Time for loading parser:        0.420s
  Time for CFA construction:      0.815s
    Time for parsing file(s):     0.277s
    Time for AST to CFA:          0.169s
    Time for CFA sanity check:    0.064s
    Time for post-processing:     0.200s
      Time for var class.:        0.118s
Time for Analysis:              898.556s
CPU time for analysis:          898.530s
Total time for CPAchecker:      900.455s
Total CPU time for CPAchecker:  900.430s
Time for statistics:              0.095s

Time for Garbage Collector:       2.712s (in 907 runs)
Garbage Collector(s) used:    Copy, MarkSweepCompact
Used heap memory:                161MB (   154 MiB) max;     92MB (    88 MiB) avg;    174MB (   166 MiB) peak
Used non-heap memory:             34MB (    32 MiB) max;     32MB (    31 MiB) avg;     35MB (    33 MiB) peak
Allocated heap memory:           172MB (   164 MiB) max;    150MB (   143 MiB) avg
Allocated non-heap memory:        36MB (    34 MiB) max;     36MB (    34 MiB) avg
Total process virtual memory:   8472MB (  8080 MiB) max;   8284MB (  7900 MiB) avg

Verification result: UNKNOWN, incomplete analysis.
More details about the verification run can be found in the directory "./output".
