scripts/cpa.sh -Dy-MySearchStrategy-PredAbs-ABEl -heap 5600000000 -timelimit 900 -preprocess -stats -noout -setprop cpa.predicate.memoryAllocationsAlwaysSucceed=true -spec ../sv-benchmarks/c/ReachSafety.prp ../sv-benchmarks/c/ldv-linux-3.4-simple/32_1_cilled_true-unreach-call_ok_nondet_linux-3.4-32_1-drivers--gpu--stub--poulsbo.ko-ldv_main0_sequence_infinite_withcheck_stateful.cil.out.c


--------------------------------------------------------------------------------


Running CPAchecker with Java heap of size 5600000000.
Running CPAchecker with default stack size (1024k). Specify a larger value with -stack if needed.
Running CPAchecker with the following extra VM options:  -Djava.io.tmpdir=/tmp/BenchExec_run_gp79ne3x/tmp
Using the following resource limits: CPU-time limit of 900s (ResourceLimitChecker.fromConfiguration, INFO)

CPAchecker (unknown version) (OpenJDK 64-Bit Server VM 1.8.0_162) started (CPAchecker.run, INFO)

MathSAT5 is available for research and evaluation purposes only. It can not be used in a commercial environment, particularly as part of a commercial product, without written permission. MathSAT5 is provided as is, without any warranty. Please write to mathsat@fbk.eu for additional questions regarding licensing MathSAT5 or obtaining more up-to-date versions. (PredicateCPA:JavaSMT:Mathsat5SolverContext.<init>, WARNING)

Using predicate analysis with MathSAT5 version 5.3.14 (0b98b661254c) (Nov 17 2016 10:59:45, gmp 5.1.3, gcc 4.8.5, 64-bit) and JFactory 1.21. (PredicateCPA:PredicateCPA.<init>, INFO)

Using refinement for predicate analysis with PredicateAbstractionRefinementStrategy strategy. (PredicateCPA:PredicateCPARefiner.<init>, INFO)

Starting analysis ... (CPAchecker.runAlgorithm, INFO)

Assuming external function ldv_initialize to be a constant function. (PredicateCPA:ExpressionToFormulaVisitor.visit, INFO)

Assuming external function __pci_register_driver to be a pure function. (PredicateCPA:ExpressionToFormulaVisitor.visit, INFO)

Assuming external function acpi_video_unregister to be a constant function. (PredicateCPA:ExpressionToFormulaVisitor.visit, INFO)

Assuming external function acpi_video_register to be a constant function. (PredicateCPA:ExpressionToFormulaVisitor.visit, INFO)

Assuming external function ldv_check_return_value to be a pure function. (PredicateCPA:ExpressionToFormulaVisitor.visit, INFO)

Assuming external function pci_unregister_driver to be a pure function. (PredicateCPA:ExpressionToFormulaVisitor.visit, INFO)

Stopping analysis ... (CPAchecker.runAlgorithm, INFO)

PredicateCPA statistics
-----------------------
Number of abstractions:            7 (1% of all post computations)
  Times abstraction was reused:    0
  Because of function entry/exit:  0 (0%)
  Because of loop head:            3 (43%)
  Because of join nodes:           0 (0%)
  Because of threshold:            0 (0%)
  Because of target state:         4 (57%)
  Times precision was empty:       3 (43%)
  Times precision was {false}:     2 (29%)
  Times result was cached:         0 (0%)
  Times cartesian abs was used:    0 (0%)
  Times boolean abs was used:      2 (29%)
  Times result was 'false':        2 (29%)
Number of strengthen sat checks:   0
Number of coverage checks:         17
  BDD entailment checks:           1
Number of SMT sat checks:          0
  trivial:                         0
  cached:                          0

Max ABE block size:                       17
Number of predicates discovered:          2
Number of abstraction locations:          2
Max number of predicates per location:    1
Avg number of predicates per location:    1
Total predicates per abstraction:         4
Max number of predicates per abstraction: 1
Avg number of predicates per abstraction: 1.00
Number of irrelevant predicates:          2 (50%)
Number of preds handled by boolean abs:   2 (50%)
  Total number of models for allsat:      2
  Max number of models for allsat:        1
  Avg number of models for allsat:        1.00

Time for post operator:                  0.302s
  Time for path formula creation:        0.280s
Time for strengthen operator:            0.010s
Time for prec operator:                  0.044s
  Time for abstraction:                  0.042s (Max:     0.018s, Count: 7)
    Boolean abstraction:                 0.007s
    Solving time:                        0.005s (Max:     0.003s)
    Model enumeration time:              0.000s
    Time for BDD construction:           0.001s (Max:     0.001s)
Time for merge operator:                 0.021s
Time for coverage check:                 0.000s
  Time for BDD entailment checks:        0.000s
Total time for SMT solver (w/o itp):     0.005s

Number of path formula cache hits:   64 (9%)

Inside post operator:                  
  Inside path formula creation:        
    Time for path formula computation:     0.268s

Total number of created targets for pointer analysis: 0


Number of BDD nodes:                               202
Size of BDD node table:                            270749
Size of BDD cache:                                 27073
Size of BDD node cleanup queue:                           0 (count: 32, min: 0, max: 0, avg: 0.00)
Time for BDD node cleanup:                             0.000s
Time for BDD garbage collection:                       0.000s (in 0 runs)

PrecisionBootstrap statistics
-----------------------------
Init. function predicates:                         0
Init. global predicates:                           0
Init. location predicates:                         0

Invariant Generation statistics
-------------------------------

AutomatonAnalysis (SVCOMP) statistics
-------------------------------------
Number of states:                                  1
Total time for successor computation:                  0.029s
Automaton transfers with branching:                0
Automaton transfer successors:                          711 (count: 711, min: 1, max: 1, avg: 1.00) [1 x 711]

CPA algorithm statistics
------------------------
Number of iterations:            128
Max size of waitlist:            5
Average size of waitlist:        3
Number of computed successors:   142
Max successors for one state:    2
Number of times merged:          8
Number of times stopped:         9
Number of times breaked:         2

Total time for CPA algorithm:         0.571s (Max:     0.402s)
  Time for choose from waitlist:      0.001s
  Time for precision adjustment:      0.094s
  Time for transfer relation:         0.441s
  Time for merge operator:            0.022s
  Time for stop operator:             0.003s
  Time for adding to reached set:     0.003s

Predicate-Abstraction Refiner statistics
----------------------------------------
Number of predicate refinements:                   2
Avg. length of target path (in blocks):                   3 (count: 2, min: 1, max: 2, avg: 1.50)
Number of infeasible sliced prefixes:                     0 (count: 0, min: 0, max: 0, avg: 0.00)

Time for refinement:                                   0.049s
  Counterexample analysis:                             0.015s (Max:     0.013s, Calls: 2)
    Refinement sat check:                              0.004s
    Interpolant computation:                           0.000s
  Path-formulas extraction:                            0.000s
  Error path post-processing:                          0.000s
  Predicate creation:                                  0.017s
  Precision update:                                    0.001s
  ARG update:                                          0.002s

Length of refined path (in blocks):                       3 (count: 2, min: 1, max: 2, avg: 1.50)
Number of affected states:                                1 (count: 2, min: 0, max: 1, avg: 0.50)
Length (states) of path with itp 'true':                  0 (count: 2, min: 0, max: 0, avg: 0.00)
Length (states) of path with itp non-trivial itp:         1 (count: 2, min: 0, max: 1, avg: 0.50)
Length (states) of path with itp 'false':                 0 (count: 2, min: 0, max: 0, avg: 0.00)
Different non-trivial interpolants along paths:           0 (count: 2, min: 0, max: 0, avg: 0.00)
Equal non-trivial interpolants along paths:               0 (count: 2, min: 0, max: 0, avg: 0.00)
Number of refs with location-based cutoff:                0

CEGAR algorithm statistics
--------------------------
Number of refinements:                2
Number of successful refinements:     2
Number of failed refinements:         0
Max. size of reached set before ref.: 74
Max. size of reached set after ref.:  22
Avg. size of reached set before ref.: 47.00
Avg. size of reached set after ref.:  20.50

Total time for CEGAR algorithm:       0.643s
Time for refinements:                 0.072s
Average time for refinement:          0.036s
Max time for refinement:              0.051s

Code Coverage
-----------------------------
  Function coverage:      0.438
  Visited lines:          581
  Total lines:            627
  Line coverage:          0.927
  Visited conditions:     16
  Total conditions:       36
  Condition coverage:     0.444

CPAchecker general statistics
-----------------------------
Number of program locations:     712
Number of CFA edges:             728
Number of relevant variables:    21
Number of functions:             16
Number of loops:                 1
Size of reached set:             79
  Number of reached locations:   67 (9%)
    Avg states per location:     1
    Max states per location:     2 (at node N35)
  Number of reached functions:   7 (44%)
  Number of partitions:          79
    Avg size of partitions:      1
    Max size of partitions:      1
  Number of target states:       0

Time for analysis setup:          3.912s
  Time for loading CPAs:          0.878s
  Time for loading parser:        0.705s
  Time for CFA construction:      2.148s
    Time for parsing file(s):     0.797s
    Time for AST to CFA:          0.649s
    Time for CFA sanity check:    0.127s
    Time for post-processing:     0.421s
      Time for var class.:        0.129s
Time for Analysis:                0.643s
CPU time for analysis:            0.650s
Time for analyzing result:        0.000s
Total time for CPAchecker:        4.560s
Total CPU time for CPAchecker:    4.550s
Time for statistics:              0.067s

Time for Garbage Collector:       0.136s (in 5 runs)
Garbage Collector(s) used:    Copy, MarkSweepCompact
Used heap memory:                 40MB (    38 MiB) max;     26MB (    25 MiB) avg;     63MB (    60 MiB) peak
Used non-heap memory:             32MB (    30 MiB) max;     23MB (    22 MiB) avg;     33MB (    32 MiB) peak
Allocated heap memory:           127MB (   121 MiB) max;    127MB (   121 MiB) avg
Allocated non-heap memory:        34MB (    33 MiB) max;     25MB (    23 MiB) avg
Total process virtual memory:   8132MB (  7756 MiB) max;   8063MB (  7689 MiB) avg

Verification result: TRUE. No property violation found by chosen configuration.
More details about the verification run can be found in the directory "./output".
