scripts/cpa.sh -Dy-MySearchStrategy-PredAbs-ABElf -heap 5600000000 -timelimit 900 -preprocess -stats -noout -setprop cpa.predicate.memoryAllocationsAlwaysSucceed=true -spec ../sv-benchmarks/c/ReachSafety.prp ../sv-benchmarks/c/ntdrivers-simplified/floppy_simpl3_true-unreach-call_true-valid-memsafety_true-termination.cil.c


--------------------------------------------------------------------------------


Running CPAchecker with Java heap of size 5600000000.
Running CPAchecker with default stack size (1024k). Specify a larger value with -stack if needed.
Running CPAchecker with the following extra VM options:  -Djava.io.tmpdir=/tmp/BenchExec_run_ga9ql8ah/tmp
Using the following resource limits: CPU-time limit of 900s (ResourceLimitChecker.fromConfiguration, INFO)

CPAchecker (unknown version) (OpenJDK 64-Bit Server VM 1.8.0_151) started (CPAchecker.run, INFO)

MathSAT5 is available for research and evaluation purposes only. It can not be used in a commercial environment, particularly as part of a commercial product, without written permission. MathSAT5 is provided as is, without any warranty. Please write to mathsat@fbk.eu for additional questions regarding licensing MathSAT5 or obtaining more up-to-date versions. (PredicateCPA:JavaSMT:Mathsat5SolverContext.<init>, WARNING)

Using predicate analysis with MathSAT5 version 5.3.14 (0b98b661254c) (Nov 17 2016 10:59:45, gmp 5.1.3, gcc 4.8.5, 64-bit) and JFactory 1.21. (PredicateCPA:PredicateCPA.<init>, INFO)

Using refinement for predicate analysis with PredicateAbstractionRefinementStrategy strategy. (PredicateCPA:PredicateCPARefiner.<init>, INFO)

Starting analysis ... (CPAchecker.runAlgorithm, INFO)

Stopping analysis ... (CPAchecker.runAlgorithm, INFO)

PredicateCPA statistics
-----------------------
Number of abstractions:            9186 (9% of all post computations)
  Times abstraction was reused:    0
  Because of function entry/exit:  8786 (96%)
  Because of loop head:            100 (1%)
  Because of join nodes:           0 (0%)
  Because of threshold:            0 (0%)
  Because of target state:         300 (3%)
  Times precision was empty:       969 (11%)
  Times precision was {false}:     445 (5%)
  Times result was cached:         6927 (75%)
  Times cartesian abs was used:    0 (0%)
  Times boolean abs was used:      845 (9%)
  Times result was 'false':        2361 (26%)
Number of strengthen sat checks:   0
Number of coverage checks:         21044
  BDD entailment checks:           2636
Number of SMT sat checks:          0
  trivial:                         0
  cached:                          0

Max ABE block size:                       37
Number of predicates discovered:          35
Number of abstraction locations:          58
Max number of predicates per location:    15
Avg number of predicates per location:    5
Total predicates per abstraction:         30731
Max number of predicates per abstraction: 15
Avg number of predicates per abstraction: 23.82
Number of irrelevant predicates:          8579 (28%)
Number of preds handled by boolean abs:   3590 (12%)
  Total number of models for allsat:      3955
  Max number of models for allsat:        244
  Avg number of models for allsat:        4.68

Time for post operator:                  0.705s
  Time for path formula creation:        0.658s
Time for strengthen operator:            0.159s
Time for prec operator:                  5.305s
  Time for abstraction:                  5.102s (Max:     0.046s, Count: 9186)
    Boolean abstraction:                 1.497s
    Solving time:                        1.063s (Max:     0.017s)
    Model enumeration time:              0.299s
    Time for BDD construction:           0.238s (Max:     0.026s)
Time for merge operator:                 0.074s
Time for coverage check:                 0.037s
  Time for BDD entailment checks:        0.020s
Total time for SMT solver (w/o itp):     1.362s

Number of path formula cache hits:   106370 (94%)

Inside post operator:                  
  Inside path formula creation:        
    Time for path formula computation:     0.555s

Total number of created targets for pointer analysis: 0


Number of BDD nodes:                               8060
Size of BDD node table:                            270749
Size of BDD cache:                                 27073
Size of BDD node cleanup queue:                        5174 (count: 12720, min: 0, max: 581, avg: 0.41)
Time for BDD node cleanup:                             0.006s
Time for BDD garbage collection:                       0.000s (in 0 runs)

PrecisionBootstrap statistics
-----------------------------
Init. function predicates:                         0
Init. global predicates:                           0
Init. location predicates:                         0

Invariant Generation statistics
-------------------------------

AutomatonAnalysis (SVCOMP) statistics
-------------------------------------
Number of states:                                  1
Total time for successor computation:                  0.362s
Automaton transfers with branching:                0
Automaton transfer successors:                        98866 (count: 98866, min: 1, max: 1, avg: 1.00) [1 x 98866]

CPA algorithm statistics
------------------------
Number of iterations:            63435
Max size of waitlist:            37
Average size of waitlist:        11
Number of computed successors:   76888
Max successors for one state:    2
Number of times merged:          9204
Number of times stopped:         10031
Number of times breaked:         300

Total time for CPA algorithm:         9.350s (Max:     0.263s)
  Time for choose from waitlist:      0.091s
  Time for precision adjustment:      5.897s
  Time for transfer relation:         2.342s
  Time for merge operator:            0.314s
  Time for stop operator:             0.184s
  Time for adding to reached set:     0.160s

Predicate-Abstraction Refiner statistics
----------------------------------------
Number of predicate refinements:                   300
Avg. length of target path (in blocks):                5331 (count: 300, min: 4, max: 40, avg: 17.77)
Number of infeasible sliced prefixes:                     0 (count: 0, min: 0, max: 0, avg: 0.00)

Time for refinement:                                   3.412s
  Counterexample analysis:                             2.746s (Max:     0.046s, Calls: 300)
    Refinement sat check:                              1.578s
    Interpolant computation:                           0.000s
  Path-formulas extraction:                            0.006s
  Error path post-processing:                          0.000s
  Predicate creation:                                  0.083s
  Precision update:                                    0.180s
  ARG update:                                          0.235s

Length of refined path (in blocks):                    4877 (count: 300, min: 3, max: 39, avg: 16.26)
Number of affected states:                             1489 (count: 300, min: 1, max: 35, avg: 4.96)
Length (states) of path with itp 'true':               3088 (count: 300, min: 0, max: 31, avg: 10.29)
Length (states) of path with itp non-trivial itp:      1489 (count: 300, min: 1, max: 35, avg: 4.96)
Length (states) of path with itp 'false':               300 (count: 300, min: 1, max: 1, avg: 1.00)
Different non-trivial interpolants along paths:         246 (count: 300, min: 0, max: 5, avg: 0.82)
Equal non-trivial interpolants along paths:             943 (count: 300, min: 0, max: 31, avg: 3.14)
Number of refs with location-based cutoff:                0

CEGAR algorithm statistics
--------------------------
Number of refinements:                300
Number of successful refinements:     300
Number of failed refinements:         0
Max. size of reached set before ref.: 1571
Max. size of reached set after ref.:  1421
Avg. size of reached set before ref.: 958.42
Avg. size of reached set after ref.:  748.34

Total time for CEGAR algorithm:      13.378s
Time for refinements:                 3.818s
Average time for refinement:          0.012s
Max time for refinement:              0.049s

Code Coverage
-----------------------------
  Function coverage:      0.840
  Visited lines:          579
  Total lines:            620
  Line coverage:          0.934
  Visited conditions:     170
  Total conditions:       174
  Condition coverage:     0.977

CPAchecker general statistics
-----------------------------
Number of program locations:     867
Number of CFA edges:             984
Number of relevant variables:    73
Number of functions:             25
Number of loops:                 1
Size of reached set:             1472
  Number of reached locations:   424 (49%)
    Avg states per location:     3
    Max states per location:     18 (at node N783)
  Number of reached functions:   21 (84%)
  Number of partitions:          1469
    Avg size of partitions:      1
    Max size of partitions:      4 (with key [N617 (before line 741), Function main called from node N548, stack depth 1 [1f53a5dc], stack [main]])
  Number of target states:       0

Time for analysis setup:          2.594s
  Time for loading CPAs:          0.636s
  Time for loading parser:        0.584s
  Time for CFA construction:      1.221s
    Time for parsing file(s):     0.407s
    Time for AST to CFA:          0.319s
    Time for CFA sanity check:    0.117s
    Time for post-processing:     0.250s
      Time for var class.:        0.124s
Time for Analysis:               13.379s
CPU time for analysis:           13.380s
Time for analyzing result:        0.001s
Total time for CPAchecker:       15.975s
Total CPU time for CPAchecker:   15.980s
Time for statistics:              0.092s

Time for Garbage Collector:       0.247s (in 37 runs)
Garbage Collector(s) used:    Copy, MarkSweepCompact
Used heap memory:                 60MB (    58 MiB) max;     39MB (    37 MiB) avg;     64MB (    61 MiB) peak
Used non-heap memory:             37MB (    35 MiB) max;     33MB (    31 MiB) avg;     38MB (    36 MiB) peak
Allocated heap memory:           127MB (   121 MiB) max;    127MB (   121 MiB) avg
Allocated non-heap memory:        39MB (    37 MiB) max;     35MB (    33 MiB) avg
Total process virtual memory:   8086MB (  7711 MiB) max;   8069MB (  7695 MiB) avg

Verification result: TRUE. No property violation found by chosen configuration.
More details about the verification run can be found in the directory "./output".
