scripts/cpa.sh -Dy-MySearchStrategy-PredAbs-ABElf -heap 5600000000 -timelimit 900 -preprocess -stats -noout -setprop cpa.predicate.memoryAllocationsAlwaysSucceed=true -spec ../sv-benchmarks/c/ReachSafety.prp ../sv-benchmarks/c/ldv-linux-4.2-rc1/linux-4.2-rc1.tar.xz-43_2a-drivers--usb--host--oxu210hp-hcd.ko-entry_point_true-unreach-call.cil.out.c


--------------------------------------------------------------------------------


Running CPAchecker with Java heap of size 5600000000.
Running CPAchecker with default stack size (1024k). Specify a larger value with -stack if needed.
Running CPAchecker with the following extra VM options:  -Djava.io.tmpdir=/tmp/BenchExec_run_m6wjlxr1/tmp
Using the following resource limits: CPU-time limit of 900s (ResourceLimitChecker.fromConfiguration, INFO)

CPAchecker (unknown version) (OpenJDK 64-Bit Server VM 1.8.0_162) started (CPAchecker.run, INFO)

lines 4100-4101: Dead code detected: __asm__ volatile (".pushsection .smp_locks,\"a\"\n.balign 4\n.long 671f - .\n.popsection\n671:\n\tlock; xaddb %b0, %1\n": "+q" (__ret),
                       "+m" (v->counter): : "memory", "cc"); (CFACreationUtils.addEdgeToCFA, INFO)

lines 4104-4105: Dead code detected: __asm__ volatile (".pushsection .smp_locks,\"a\"\n.balign 4\n.long 671f - .\n.popsection\n671:\n\tlock; xaddw %w0, %1\n": "+r" (__ret),
                       "+m" (v->counter): : "memory", "cc"); (CFACreationUtils.addEdgeToCFA, INFO)

lines 4112-4113: Dead code detected: __asm__ volatile (".pushsection .smp_locks,\"a\"\n.balign 4\n.long 671f - .\n.popsection\n671:\n\tlock; xaddq %q0, %1\n": "+r" (__ret),
                       "+m" (v->counter): : "memory", "cc"); (CFACreationUtils.addEdgeToCFA, INFO)

none: Dead code detected: switch (4UL) {
  case 1UL:
  __asm__ volatile (".pushsection .smp_locks,\"a\"\n.balign 4\n.long 671f - .\n.popsection\n671:\n\tlock; xaddb %b0, %1\n": "+q" (__ret),
                       "+m" (v->counter): : "memory", "cc");
  goto ldv_5763;
  case 2UL:
  __asm__ volatile (".pushsection .smp_locks,\"a\"\n.balign 4\n.long 671f - .\n.popsection\n671:\n\tlock; xaddw %w0, %1\n": "+r" (__ret),
                       "+m" (v->counter): : "memory", "cc");
  goto ldv_5763;
  case 4UL:
  __asm__ volatile (".pushsection .smp_locks,\"a\"\n.balign 4\n.long 671f - .\n.popsection\n671:\n\tlock; xaddl %0, %1\n": "+r" (__ret),
                       "+m" (v->counter): : "memory", "cc");
  goto ldv_5763;
  case 8UL:
  __asm__ volatile (".pushsection .smp_locks,\"a\"\n.balign 4\n.long 671f - .\n.popsection\n671:\n\tlock; xaddq %q0, %1\n": "+r" (__ret),
                       "+m" (v->counter): : "memory", "cc");
  goto ldv_5763;
  default:
  __xadd_wrong_size();
  } (CFACreationUtils.addEdgeToCFA, INFO)

line 8744: Dead code detected: *((u8 *)__gu_p) = (unsigned char )status; (CFACreationUtils.addEdgeToCFA, INFO)

line 8747: Dead code detected: put_unaligned_le16((int )((unsigned short )status), __gu_p); (CFACreationUtils.addEdgeToCFA, INFO)

line 8753: Dead code detected: put_unaligned_le64((unsigned long long )status, __gu_p); (CFACreationUtils.addEdgeToCFA, INFO)

none: Dead code detected: switch (4UL) {
  case 1UL:
  *((u8 *)__gu_p) = (unsigned char )status;
  goto ldv_35329;
  case 2UL:
  put_unaligned_le16((int )((unsigned short )status), __gu_p);
  goto ldv_35329;
  case 4UL:
  put_unaligned_le32(status, __gu_p);
  goto ldv_35329;
  case 8UL:
  put_unaligned_le64((unsigned long long )status, __gu_p);
  goto ldv_35329;
  default:
  __bad_unaligned_access_size();
  goto ldv_35329;
  } (CFACreationUtils.addEdgeToCFA, INFO)

Inline assembler ignored, analysis is probably unsound! (CFABuilder.createCFA, WARNING)

MathSAT5 is available for research and evaluation purposes only. It can not be used in a commercial environment, particularly as part of a commercial product, without written permission. MathSAT5 is provided as is, without any warranty. Please write to mathsat@fbk.eu for additional questions regarding licensing MathSAT5 or obtaining more up-to-date versions. (PredicateCPA:JavaSMT:Mathsat5SolverContext.<init>, WARNING)

Using predicate analysis with MathSAT5 version 5.3.14 (0b98b661254c) (Nov 17 2016 10:59:45, gmp 5.1.3, gcc 4.8.5, 64-bit) and JFactory 1.21. (PredicateCPA:PredicateCPA.<init>, INFO)

Using refinement for predicate analysis with PredicateAbstractionRefinementStrategy strategy. (PredicateCPA:PredicateCPARefiner.<init>, INFO)

Starting analysis ... (CPAchecker.runAlgorithm, INFO)

Assuming external function ldv_initialize to be a constant function. (PredicateCPA:ExpressionToFormulaVisitor.visit, INFO)

Assuming external function ldv_suspend_2 to be a constant function. (PredicateCPA:ExpressionToFormulaVisitor.visit, INFO)

Assuming external function ldv_resume_2 to be a constant function. (PredicateCPA:ExpressionToFormulaVisitor.visit, INFO)

Assuming external function usb_disabled to be a constant function. (PredicateCPA:ExpressionToFormulaVisitor.visit, INFO)

Assuming external function platform_get_resource to be a pure function. (PredicateCPA:ExpressionToFormulaVisitor.visit, INFO)

Assuming external function __platform_driver_register to be a pure function. (PredicateCPA:ExpressionToFormulaVisitor.visit, INFO)

Assuming external function platform_driver_unregister to be a pure function. (PredicateCPA:ExpressionToFormulaVisitor.visit, INFO)

Assuming external function __dynamic_dev_dbg to be a pure function. (PredicateCPA:ExpressionToFormulaVisitor.visit, INFO)

Assuming external function devm_ioremap_resource to be a pure function. (PredicateCPA:ExpressionToFormulaVisitor.visit, INFO)

Assuming external function dev_err to be a pure function. (PredicateCPA:ExpressionToFormulaVisitor.visit, INFO)

Assuming external function msleep to be a pure function. (PredicateCPA:ExpressionToFormulaVisitor.visit, INFO)

Assuming external function ldv_check_final_state to be a constant function. (PredicateCPA:ExpressionToFormulaVisitor.visit, INFO)

Assuming external function memset to be a pure function. (PredicateCPA:ExpressionToFormulaVisitor.visit, INFO)

Assuming external function __raw_spin_lock_init to be a pure function. (PredicateCPA:ExpressionToFormulaVisitor.visit, INFO)

Assuming external function usb_remove_hcd to be a pure function. (PredicateCPA:ExpressionToFormulaVisitor.visit, INFO)

Assuming external function usb_put_hcd to be a pure function. (PredicateCPA:ExpressionToFormulaVisitor.visit, INFO)

Assuming external function _raw_spin_lock_irq to be a pure function. (PredicateCPA:ExpressionToFormulaVisitor.visit, INFO)

Assuming external function __msecs_to_jiffies to be a pure function. (PredicateCPA:ExpressionToFormulaVisitor.visit, INFO)

Assuming external function irq_set_irq_type to be a pure function. (PredicateCPA:ExpressionToFormulaVisitor.visit, INFO)

Assuming external function _raw_spin_unlock_irqrestore to be a pure function. (PredicateCPA:ExpressionToFormulaVisitor.visit, INFO)

Assuming external function devm_kmalloc to be a pure function. (PredicateCPA:ExpressionToFormulaVisitor.visit, INFO)

Assuming external function _raw_spin_lock to be a pure function. (PredicateCPA:ExpressionToFormulaVisitor.visit, INFO)

Assuming external function schedule_timeout_uninterruptible to be a pure function. (PredicateCPA:ExpressionToFormulaVisitor.visit, INFO)

Assuming external function __const_udelay to be a pure function. (PredicateCPA:ExpressionToFormulaVisitor.visit, INFO)

Assuming external function warn_slowpath_null to be a pure function. (PredicateCPA:ExpressionToFormulaVisitor.visit, INFO)

Assuming external function _raw_spin_unlock to be a pure function. (PredicateCPA:ExpressionToFormulaVisitor.visit, INFO)

Assuming external function memcpy to be a pure function. (PredicateCPA:ExpressionToFormulaVisitor.visit, INFO)

Assuming external function list_del to be a pure function. (PredicateCPA:ExpressionToFormulaVisitor.visit, INFO)

Assuming external function schedule to be a constant function. (PredicateCPA:ExpressionToFormulaVisitor.visit, INFO)

Assuming external function __phys_addr to be a pure function. (PredicateCPA:ExpressionToFormulaVisitor.visit, INFO)

Assuming external function usb_hcd_giveback_urb to be a pure function. (PredicateCPA:ExpressionToFormulaVisitor.visit, INFO)

Assuming external function __list_add to be a pure function. (PredicateCPA:ExpressionToFormulaVisitor.visit, INFO)

Assuming external function __udelay to be a pure function. (PredicateCPA:ExpressionToFormulaVisitor.visit, INFO)

Recursion detected, aborting. To ignore recursion, add -skipRecursion to the command line. (CallstackCPA:CallstackTransferRelation.getAbstractSuccessorsForEdge, INFO)

Error: line 6443: Unsupported feature (recursion): qh_completions(oxu, qh); (CallstackTransferRelation.getAbstractSuccessorsForEdge, SEVERE)

PredicateCPA statistics
-----------------------
Number of abstractions:            286005 (18% of all post computations)
  Times abstraction was reused:    0
  Because of function entry/exit:  262179 (92%)
  Because of loop head:            23820 (8%)
  Because of join nodes:           0 (0%)
  Because of threshold:            0 (0%)
  Because of target state:         6 (0%)
  Times precision was empty:       285422 (100%)
  Times precision was {false}:     100 (0%)
  Times result was cached:         437 (0%)
  Times cartesian abs was used:    0 (0%)
  Times boolean abs was used:      46 (0%)
  Times result was 'false':        76 (0%)
Number of strengthen sat checks:   0
Number of coverage checks:         213253
  BDD entailment checks:           34167
Number of SMT sat checks:          0
  trivial:                         0
  cached:                          0

Max ABE block size:                       64
Number of predicates discovered:          4
Number of abstraction locations:          8
Max number of predicates per location:    3
Avg number of predicates per location:    1
Total predicates per abstraction:         1161
Max number of predicates per abstraction: 3
Avg number of predicates per abstraction: 7.95
Number of irrelevant predicates:          788 (68%)
Number of preds handled by boolean abs:   70 (6%)
  Total number of models for allsat:      79
  Max number of models for allsat:        8
  Avg number of models for allsat:        1.72

Time for post operator:                 23.468s
  Time for path formula creation:       21.843s
Time for strengthen operator:            1.606s
Time for prec operator:                  6.519s
  Time for abstraction:                  1.789s (Max:     0.045s, Count: 286005)
    Boolean abstraction:                 0.140s
    Solving time:                        0.136s (Max:     0.016s)
    Model enumeration time:              0.020s
    Time for BDD construction:           0.006s (Max:     0.001s)
Time for merge operator:                 2.763s
Time for coverage check:                 0.100s
  Time for BDD entailment checks:        0.071s
Total time for SMT solver (w/o itp):     0.156s

Number of path formula cache hits:   1700906 (90%)

Inside post operator:                  
  Inside path formula creation:        
    Time for path formula computation:    13.988s

Total number of created targets for pointer analysis: 2478
   Number of created targets for uf: *(void)* is 85
   Number of created targets for uf: *unsigned_short_int is 81
   Number of created targets for uf: *(struct_ehci_qh)* is 29
   Number of created targets for uf: *unsigned_char is 49
   Number of created targets for uf: *(struct_list_head)* is 161
   Number of created targets for uf: *(unsigned_int)* is 29
   Number of created targets for uf: *char is 57
   Number of created targets for uf: *unsigned_int is 27


Number of BDD nodes:                               231
Size of BDD node table:                            270749
Size of BDD cache:                                 27073
Size of BDD node cleanup queue:                         123 (count: 320425, min: 0, max: 25, avg: 0.00)
Time for BDD node cleanup:                             0.080s
Time for BDD garbage collection:                       0.000s (in 0 runs)

PrecisionBootstrap statistics
-----------------------------
Init. function predicates:                         0
Init. global predicates:                           0
Init. location predicates:                         0

Invariant Generation statistics
-------------------------------

AutomatonAnalysis (SVCOMP) statistics
-------------------------------------
Number of states:                                  1
Total time for successor computation:                  3.238s
  Time for transition matches:                         1.746s
  Time for transition assertions:                      0.000s
  Time for transition actions:                         0.001s
Automaton transfers with branching:                0
Automaton transfer successors:                      1547716 (count: 1547716, min: 1, max: 1, avg: 1.00) [1 x 1547716]

CPA algorithm statistics
------------------------
Number of iterations:            1014583
Max size of waitlist:            4622
Average size of waitlist:        1962
Number of computed successors:   1156733
Max successors for one state:    2
Number of times merged:          89543
Number of times stopped:         123007
Number of times breaked:         6

Total time for CPA algorithm:        79.838s (Max:    15.966s)
  Time for choose from waitlist:      0.789s
  Time for precision adjustment:     17.039s
  Time for transfer relation:        48.660s
  Time for merge operator:            4.462s
  Time for stop operator:             1.795s
  Time for adding to reached set:     2.703s

Predicate-Abstraction Refiner statistics
----------------------------------------
Number of predicate refinements:                   6
Avg. length of target path (in blocks):                 416 (count: 6, min: 67, max: 72, avg: 69.33)
Number of infeasible sliced prefixes:                     0 (count: 0, min: 0, max: 0, avg: 0.00)

Time for refinement:                                   2.887s
  Counterexample analysis:                             0.178s (Max:     0.048s, Calls: 6)
    Refinement sat check:                              0.106s
    Interpolant computation:                           0.000s
  Path-formulas extraction:                            0.001s
  Error path post-processing:                          0.000s
  Predicate creation:                                  0.018s
  Precision update:                                    0.005s
  ARG update:                                          2.669s

Length of refined path (in blocks):                     246 (count: 6, min: 40, max: 43, avg: 41.00)
Number of affected states:                               16 (count: 6, min: 1, max: 6, avg: 2.67)
Length (states) of path with itp 'true':                224 (count: 6, min: 36, max: 38, avg: 37.33)
Length (states) of path with itp non-trivial itp:        16 (count: 6, min: 1, max: 6, avg: 2.67)
Length (states) of path with itp 'false':                 6 (count: 6, min: 1, max: 1, avg: 1.00)
Different non-trivial interpolants along paths:           0 (count: 6, min: 0, max: 0, avg: 0.00)
Equal non-trivial interpolants along paths:              10 (count: 6, min: 0, max: 5, avg: 1.67)
Number of refs with location-based cutoff:                0

CEGAR algorithm statistics
--------------------------
Number of refinements:                6
Number of successful refinements:     6
Number of failed refinements:         0
Max. size of reached set before ref.: 253884
Max. size of reached set after ref.:  99
Avg. size of reached set before ref.: 142368.17
Avg. size of reached set after ref.:  97.33

Total time for CEGAR algorithm:      83.839s
Time for refinements:                 3.982s
Average time for refinement:          0.663s
Max time for refinement:              0.983s

Code Coverage
-----------------------------
  Function coverage:      0.832
  Visited lines:          3666
  Total lines:            4611
  Line coverage:          0.795
  Visited conditions:     1144
  Total conditions:       1454
  Condition coverage:     0.787

CPAchecker general statistics
-----------------------------
Number of program locations:     6501
Number of CFA edges:             7752
Number of relevant variables:    977
Number of functions:             190
Number of loops:                 55
Size of reached set:             180026
  Number of reached locations:   3058 (47%)
    Avg states per location:     58
    Max states per location:     3211 (at node N105)
  Number of reached functions:   158 (83%)
  Number of partitions:          180023
    Avg size of partitions:      1
    Max size of partitions:      3 (with key [N5360 (before line 9743), Function main called from node N5297, stack depth 1 [3db432c2], stack [main]])
  Number of target states:       0
  Size of final wait list        3293

Time for analysis setup:          6.822s
  Time for loading CPAs:          1.113s
  Time for loading parser:        0.725s
  Time for CFA construction:      4.844s
    Time for parsing file(s):     1.099s
    Time for AST to CFA:          1.786s
    Time for CFA sanity check:    0.466s
    Time for post-processing:     1.312s
      Time for var class.:        0.680s
Time for Analysis:               83.840s
CPU time for analysis:           83.840s
Total time for CPAchecker:       90.666s
Total CPU time for CPAchecker:   90.660s
Time for statistics:              1.964s

Time for Garbage Collector:      11.847s (in 150 runs)
Garbage Collector(s) used:    Copy, MarkSweepCompact
Used heap memory:                574MB (   547 MiB) max;    208MB (   199 MiB) avg;    602MB (   574 MiB) peak
Used non-heap memory:             44MB (    42 MiB) max;     38MB (    36 MiB) avg;     45MB (    42 MiB) peak
Allocated heap memory:           620MB (   591 MiB) max;    320MB (   305 MiB) avg
Allocated non-heap memory:        46MB (    44 MiB) max;     44MB (    42 MiB) avg
Total process virtual memory:   8086MB (  7711 MiB) max;   8081MB (  7706 MiB) avg

Verification result: UNKNOWN, incomplete analysis.
More details about the verification run can be found in the directory "./output".
