scripts/cpa.sh -Dy-MySearchStrategy-PredAbs-ABEl -heap 5600000000 -timelimit 30 -preprocess -stats -noout -setprop cpa.predicate.memoryAllocationsAlwaysSucceed=true -spec ../sv-benchmarks/c/ReachSafety.prp ../sv-benchmarks/c/eca-rers2012/Problem03_label42_true-unreach-call.c


--------------------------------------------------------------------------------


Running CPAchecker with Java heap of size 5600000000.
Running CPAchecker with default stack size (1024k). Specify a larger value with -stack if needed.
Running CPAchecker with the following extra VM options:  -Djava.io.tmpdir=/tmp/BenchExec_run_ki4y8_37/tmp
Using the following resource limits: CPU-time limit of 30s (ResourceLimitChecker.fromConfiguration, INFO)

CPAchecker (unknown version) (OpenJDK 64-Bit Server VM 1.8.0_162) started (CPAchecker.run, INFO)

MathSAT5 is available for research and evaluation purposes only. It can not be used in a commercial environment, particularly as part of a commercial product, without written permission. MathSAT5 is provided as is, without any warranty. Please write to mathsat@fbk.eu for additional questions regarding licensing MathSAT5 or obtaining more up-to-date versions. (PredicateCPA:JavaSMT:Mathsat5SolverContext.<init>, WARNING)

Using predicate analysis with MathSAT5 version 5.3.14 (0b98b661254c) (Nov 17 2016 10:59:45, gmp 5.1.3, gcc 4.8.5, 64-bit) and JFactory 1.21. (PredicateCPA:PredicateCPA.<init>, INFO)

Using refinement for predicate analysis with PredicateAbstractionRefinementStrategy strategy. (PredicateCPA:PredicateCPARefiner.<init>, INFO)

Starting analysis ... (CPAchecker.runAlgorithm, INFO)

Shutdown requested (The CPU-time limit of 30s has elapsed.), waiting for termination. (ForceTerminationOnShutdown$1.shutdownRequested, WARNING)

Warning: Analysis interrupted (The CPU-time limit of 30s has elapsed.) (ShutdownNotifier.shutdownIfNecessary, WARNING)

PredicateCPA statistics
-----------------------
Number of abstractions:            27 (0% of all post computations)
  Times abstraction was reused:    0
  Because of function entry/exit:  0 (0%)
  Because of loop head:            14 (52%)
  Because of join nodes:           0 (0%)
  Because of threshold:            0 (0%)
  Because of target state:         13 (48%)
  Times precision was empty:       2 (7%)
  Times precision was {false}:     12 (44%)
  Times result was cached:         0 (0%)
  Times cartesian abs was used:    0 (0%)
  Times boolean abs was used:      13 (48%)
  Times result was 'false':        11 (41%)
Number of strengthen sat checks:   0
Number of coverage checks:         77918
  BDD entailment checks:           46
Number of SMT sat checks:          0
  trivial:                         0
  cached:                          0

Max ABE block size:                       3054
Number of predicates discovered:          19
Number of abstraction locations:          2
Max number of predicates per location:    18
Avg number of predicates per location:    9
Total predicates per abstraction:         212
Max number of predicates per abstraction: 18
Avg number of predicates per abstraction: 8.48
Number of irrelevant predicates:          12 (6%)
Number of preds handled by boolean abs:   200 (94%)
  Total number of models for allsat:      1674
  Max number of models for allsat:        302
  Avg number of models for allsat:        128.77

Time for post operator:                  5.876s
  Time for path formula creation:        5.727s
Time for strengthen operator:            0.215s
Time for prec operator:                  9.235s
  Time for abstraction:                  9.034s (Max:     1.504s, Count: 27)
    Boolean abstraction:                 7.644s
    Solving time:                        1.265s (Max:     0.128s)
    Model enumeration time:              6.602s
    Time for BDD construction:           0.231s (Max:     0.037s)
Time for merge operator:                 0.965s
Time for coverage check:                 0.015s
  Time for BDD entailment checks:        0.002s
Total time for SMT solver (w/o itp):     7.867s

Number of path formula cache hits:   31151 (29%)

Inside post operator:                  
  Inside path formula creation:        
    Time for path formula computation:     5.507s

Total number of created targets for pointer analysis: 0


Number of BDD nodes:                               22543
Size of BDD node table:                            270749
Size of BDD cache:                                 27073
Size of BDD node cleanup queue:                        5028 (count: 2244, min: 0, max: 744, avg: 2.24)
Time for BDD node cleanup:                             0.002s
Time for BDD garbage collection:                       0.000s (in 0 runs)

PrecisionBootstrap statistics
-----------------------------
Init. function predicates:                         0
Init. global predicates:                           0
Init. location predicates:                         0

Invariant Generation statistics
-------------------------------

AutomatonAnalysis (SVCOMP) statistics
-------------------------------------
Number of states:                                  1
Total time for successor computation:                  0.491s
Automaton transfers with branching:                0
Automaton transfer successors:                        96739 (count: 97503, min: 0, max: 1, avg: 0.99) [0 x 764, 1 x 96739]

CPA algorithm statistics
------------------------
Number of iterations:            45602
Max size of waitlist:            8
Average size of waitlist:        4
Number of computed successors:   84558
Max successors for one state:    2
Number of times merged:          38936
Number of times stopped:         38936
Number of times breaked:         2

Total time for CPA algorithm:        23.537s (Max:    16.623s)
  Time for choose from waitlist:      0.194s
  Time for precision adjustment:     10.567s
  Time for transfer relation:         8.815s
  Time for merge operator:            2.573s
  Time for stop operator:             0.375s
  Time for adding to reached set:     0.203s

Predicate-Abstraction Refiner statistics
----------------------------------------
Number of predicate refinements:                   2
Avg. length of target path (in blocks):                   5 (count: 2, min: 2, max: 3, avg: 2.50)
Number of infeasible sliced prefixes:                     0 (count: 0, min: 0, max: 0, avg: 0.00)

Time for refinement:                                   0.429s
  Counterexample analysis:                             0.264s (Max:     0.173s, Calls: 2)
    Refinement sat check:                              0.218s
    Interpolant computation:                           0.000s
  Path-formulas extraction:                            0.004s
  Error path post-processing:                          0.000s
  Predicate creation:                                  0.015s
  Precision update:                                    0.005s
  ARG update:                                          0.105s

Length of refined path (in blocks):                       5 (count: 2, min: 2, max: 3, avg: 2.50)
Number of affected states:                                3 (count: 2, min: 1, max: 2, avg: 1.50)
Length (states) of path with itp 'true':                  0 (count: 2, min: 0, max: 0, avg: 0.00)
Length (states) of path with itp non-trivial itp:         3 (count: 2, min: 1, max: 2, avg: 1.50)
Length (states) of path with itp 'false':                 0 (count: 2, min: 0, max: 0, avg: 0.00)
Different non-trivial interpolants along paths:           1 (count: 2, min: 0, max: 1, avg: 0.50)
Equal non-trivial interpolants along paths:               0 (count: 2, min: 0, max: 0, avg: 0.00)
Number of refs with location-based cutoff:                0

CEGAR algorithm statistics
--------------------------
Number of refinements:                2
Number of successful refinements:     2
Number of failed refinements:         0
Max. size of reached set before ref.: 6963
Max. size of reached set after ref.:  3
Avg. size of reached set before ref.: 5202.50
Avg. size of reached set after ref.:  3.00

Total time for CEGAR algorithm:      24.063s
Time for refinements:                 0.526s
Average time for refinement:          0.263s
Max time for refinement:              0.295s

Code Coverage
-----------------------------
  Function coverage:      1.000
  Visited lines:          1549
  Total lines:            1549
  Line coverage:          1.000
  Visited conditions:     6132
  Total conditions:       6132
  Condition coverage:     1.000

CPAchecker general statistics
-----------------------------
Number of program locations:     4568
Number of CFA edges:             7633
Number of relevant variables:    30
Number of functions:             2
Number of loops:                 1
Size of reached set:             35212
  Number of reached locations:   3524 (77%)
    Avg states per location:     9
    Max states per location:     10 (at node N0)
  Number of reached functions:   2 (100%)
  Number of partitions:          35203
    Avg size of partitions:      1
    Max size of partitions:      10 (with key [N4782 (before lines 1658-1668), Function main called from node N4779, stack depth 1 [2ddb3ae8], stack [main]])
  Number of target states:       0
  Size of final wait list        2

Time for analysis setup:          5.703s
  Time for loading CPAs:          1.056s
  Time for loading parser:        0.787s
  Time for CFA construction:      3.539s
    Time for parsing file(s):     0.931s
    Time for AST to CFA:          1.078s
    Time for CFA sanity check:    0.590s
    Time for post-processing:     0.833s
      Time for var class.:        0.423s
Time for Analysis:               24.063s
CPU time for analysis:           24.060s
Total time for CPAchecker:       29.771s
Total CPU time for CPAchecker:   29.760s
Time for statistics:              0.850s

Time for Garbage Collector:       0.987s (in 44 runs)
Garbage Collector(s) used:    Copy, MarkSweepCompact
Used heap memory:                103MB (    98 MiB) max;     59MB (    56 MiB) avg;    113MB (   108 MiB) peak
Used non-heap memory:             39MB (    37 MiB) max;     35MB (    33 MiB) avg;     39MB (    38 MiB) peak
Allocated heap memory:           127MB (   121 MiB) max;    127MB (   121 MiB) avg
Allocated non-heap memory:        40MB (    38 MiB) max;     36MB (    34 MiB) avg
Total process virtual memory:   8134MB (  7757 MiB) max;   8119MB (  7743 MiB) avg

Verification result: UNKNOWN, incomplete analysis.
More details about the verification run can be found in the directory "./output".
