scripts/cpa.sh -Dy-MySearchStrategy-PredAbs-ABElf -heap 5600000000 -timelimit 900 -preprocess -stats -noout -setprop cpa.predicate.memoryAllocationsAlwaysSucceed=true -spec ../sv-benchmarks/c/ReachSafety.prp ../sv-benchmarks/c/seq-mthreaded/rekh_nxt_true-unreach-call.2.M4.c


--------------------------------------------------------------------------------


Running CPAchecker with Java heap of size 5600000000.
Running CPAchecker with default stack size (1024k). Specify a larger value with -stack if needed.
Running CPAchecker with the following extra VM options:  -Djava.io.tmpdir=/tmp/BenchExec_run_7ihjqn07/tmp
Using the following resource limits: CPU-time limit of 900s (ResourceLimitChecker.fromConfiguration, INFO)

CPAchecker (unknown version) (OpenJDK 64-Bit Server VM 1.8.0_151) started (CPAchecker.run, INFO)

MathSAT5 is available for research and evaluation purposes only. It can not be used in a commercial environment, particularly as part of a commercial product, without written permission. MathSAT5 is provided as is, without any warranty. Please write to mathsat@fbk.eu for additional questions regarding licensing MathSAT5 or obtaining more up-to-date versions. (PredicateCPA:JavaSMT:Mathsat5SolverContext.<init>, WARNING)

Using predicate analysis with MathSAT5 version 5.3.14 (0b98b661254c) (Nov 17 2016 10:59:45, gmp 5.1.3, gcc 4.8.5, 64-bit) and JFactory 1.21. (PredicateCPA:PredicateCPA.<init>, INFO)

Using refinement for predicate analysis with PredicateAbstractionRefinementStrategy strategy. (PredicateCPA:PredicateCPARefiner.<init>, INFO)

Starting analysis ... (CPAchecker.runAlgorithm, INFO)

Assuming external function nxt_motor_set_speed to be a pure function. (PredicateCPA:ExpressionToFormulaVisitor.visit, INFO)

Assuming external function nxt_motor_set_count to be a pure function. (PredicateCPA:ExpressionToFormulaVisitor.visit, INFO)

Assuming external function ecrobot_sound_tone to be a pure function. (PredicateCPA:ExpressionToFormulaVisitor.visit, INFO)

Assuming external function ecrobot_bt_data_logger to be a pure function. (PredicateCPA:ExpressionToFormulaVisitor.visit, INFO)

Assuming external function ecrobot_status_monitor to be a pure function. (PredicateCPA:ExpressionToFormulaVisitor.visit, INFO)

Assuming external function write_mode_on_lcd to be a pure function. (PredicateCPA:ExpressionToFormulaVisitor.visit, INFO)

Shutdown requested (The CPU-time limit of 900s has elapsed.), waiting for termination. (ForceTerminationOnShutdown$1.shutdownRequested, WARNING)

Warning: Analysis interrupted (The CPU-time limit of 900s has elapsed.) (ShutdownNotifier.shutdownIfNecessary, WARNING)

PredicateCPA statistics
-----------------------
Number of abstractions:            1505 (6% of all post computations)
  Times abstraction was reused:    0
  Because of function entry/exit:  1435 (95%)
  Because of loop head:            50 (3%)
  Because of join nodes:           0 (0%)
  Because of threshold:            0 (0%)
  Because of target state:         20 (1%)
  Times precision was empty:       634 (42%)
  Times precision was {false}:     46 (3%)
  Times result was cached:         437 (29%)
  Times cartesian abs was used:    0 (0%)
  Times boolean abs was used:      388 (26%)
  Times result was 'false':        193 (13%)
Number of strengthen sat checks:   0
Number of coverage checks:         6901
  BDD entailment checks:           249
Number of SMT sat checks:          0
  trivial:                         0
  cached:                          0

Max ABE block size:                       338
Number of predicates discovered:          79
Number of abstraction locations:          57
Max number of predicates per location:    53
Avg number of predicates per location:    19
Total predicates per abstraction:         5549
Max number of predicates per abstraction: 37
Avg number of predicates per abstraction: 12.79
Number of irrelevant predicates:          1508 (27%)
Number of preds handled by boolean abs:   3024 (54%)
  Total number of models for allsat:      73782
  Max number of models for allsat:        22646
  Avg number of models for allsat:        190.16

Time for post operator:                  5.077s
  Time for path formula creation:        4.992s
Time for strengthen operator:            0.077s
Time for prec operator:                667.989s
  Time for abstraction:                667.828s (Max:   437.144s, Count: 1505)
    Boolean abstraction:               665.400s
    Solving time:                       21.888s (Max:     7.658s)
    Model enumeration time:            637.772s
    Time for BDD construction:           5.674s (Max:     2.228s)
Time for merge operator:                 0.209s
Time for coverage check:                 0.019s
  Time for BDD entailment checks:        0.016s
Total time for SMT solver (w/o itp):   659.665s

Number of path formula cache hits:   9398 (34%)

Inside post operator:                  
  Inside path formula creation:        
    Time for path formula computation:     4.826s

Total number of created targets for pointer analysis: 37410
   Number of created targets for uf: *unsigned_char is 122
   Number of created targets for uf: *_Bool is 40
   Number of created targets for uf: *char is 23
   Number of created targets for uf: *unsigned_int is 89


Number of BDD nodes:                               210149
Size of BDD node table:                            270749
Size of BDD cache:                                 27073
Size of BDD node cleanup queue:                       23946 (count: 13975, min: 0, max: 9491, avg: 1.71)
Time for BDD node cleanup:                             0.004s
Time for BDD garbage collection:                       0.158s (in 16 runs)

PrecisionBootstrap statistics
-----------------------------
Init. function predicates:                         0
Init. global predicates:                           0
Init. location predicates:                         0

Invariant Generation statistics
-------------------------------

AutomatonAnalysis (SVCOMP) statistics
-------------------------------------
Number of states:                                  1
Total time for successor computation:                  0.286s
Automaton transfers with branching:                0
Automaton transfer successors:                        26628 (count: 26628, min: 1, max: 1, avg: 1.00) [1 x 26628]

CPA algorithm statistics
------------------------
Number of iterations:            19663
Max size of waitlist:            223
Average size of waitlist:        25
Number of computed successors:   23401
Max successors for one state:    2
Number of times merged:          3326
Number of times stopped:         3512
Number of times breaked:         16

Total time for CPA algorithm:       676.150s (Max:   653.180s)
  Time for choose from waitlist:      0.082s
  Time for precision adjustment:    668.518s
  Time for transfer relation:         6.409s
  Time for merge operator:            0.491s
  Time for stop operator:             0.149s
  Time for adding to reached set:     0.134s

Predicate-Abstraction Refiner statistics
----------------------------------------
Number of predicate refinements:                   16
Avg. length of target path (in blocks):                 671 (count: 16, min: 19, max: 64, avg: 41.94)
Number of infeasible sliced prefixes:                     0 (count: 0, min: 0, max: 0, avg: 0.00)

Time for refinement:                                 219.627s
  Counterexample analysis:                           219.310s (Max:    77.070s, Calls: 16)
    Refinement sat check:                            214.584s
    Interpolant computation:                           0.000s
  Path-formulas extraction:                            0.001s
  Error path post-processing:                          0.000s
  Predicate creation:                                  0.098s
  Precision update:                                    0.021s
  ARG update:                                          0.127s

Length of refined path (in blocks):                     494 (count: 16, min: 13, max: 64, avg: 30.88)
Number of affected states:                              239 (count: 16, min: 1, max: 62, avg: 14.94)
Length (states) of path with itp 'true':                239 (count: 16, min: 0, max: 50, avg: 14.94)
Length (states) of path with itp non-trivial itp:       239 (count: 16, min: 1, max: 62, avg: 14.94)
Length (states) of path with itp 'false':                13 (count: 16, min: 0, max: 1, avg: 0.81)
Different non-trivial interpolants along paths:          43 (count: 16, min: 0, max: 17, avg: 2.69)
Equal non-trivial interpolants along paths:             180 (count: 16, min: 0, max: 45, avg: 11.25)
Number of refs with location-based cutoff:                0

CEGAR algorithm statistics
--------------------------
Number of refinements:                16
Number of successful refinements:     16
Number of failed refinements:         0
Max. size of reached set before ref.: 2778
Max. size of reached set after ref.:  2424
Avg. size of reached set before ref.: 1823.38
Avg. size of reached set after ref.:  592.56

Total time for CEGAR algorithm:     895.965s
Time for refinements:               219.810s
Average time for refinement:         13.738s
Max time for refinement:             77.148s

Code Coverage
-----------------------------
  Function coverage:      0.030
  Visited lines:          54
  Total lines:            1644
  Line coverage:          0.033
  Visited conditions:     0
  Total conditions:       1546
  Condition coverage:     0.000

CPAchecker general statistics
-----------------------------
Number of program locations:     2446
Number of CFA edges:             2736
Number of relevant variables:    100
Number of functions:             33
Number of loops:                 1
Size of reached set:             3
  Number of reached locations:   3 (0%)
    Avg states per location:     1
    Max states per location:     1 (at node N1879)
  Number of reached functions:   1 (3%)
  Number of partitions:          3
    Avg size of partitions:      1
    Max size of partitions:      1
  Number of target states:       0
  Size of final wait list        1

Time for analysis setup:          4.316s
  Time for loading CPAs:          0.813s
  Time for loading parser:        0.767s
  Time for CFA construction:      2.542s
    Time for parsing file(s):     0.780s
    Time for AST to CFA:          0.754s
    Time for CFA sanity check:    0.230s
    Time for post-processing:     0.576s
      Time for var class.:        0.368s
Time for Analysis:              895.966s
CPU time for analysis:          895.890s
Total time for CPAchecker:      900.286s
Total CPU time for CPAchecker:  900.210s
Time for statistics:              0.079s

Time for Garbage Collector:       0.444s (in 49 runs)
Garbage Collector(s) used:    Copy, MarkSweepCompact
Used heap memory:                 69MB (    66 MiB) max;     48MB (    45 MiB) avg;     72MB (    69 MiB) peak
Used non-heap memory:             38MB (    36 MiB) max;     37MB (    35 MiB) avg;     38MB (    36 MiB) peak
Allocated heap memory:           127MB (   121 MiB) max;    127MB (   121 MiB) avg
Allocated non-heap memory:        39MB (    37 MiB) max;     39MB (    37 MiB) avg
Total process virtual memory:   8437MB (  8047 MiB) max;   8304MB (  7919 MiB) avg

Verification result: UNKNOWN, incomplete analysis.
More details about the verification run can be found in the directory "./output".
