scripts/cpa.sh -Dy-MySearchStrategy-PredAbs-ABElf -heap 5600000000 -timelimit 30 -preprocess -stats -noout -setprop cpa.predicate.memoryAllocationsAlwaysSucceed=true -spec ../sv-benchmarks/c/ReachSafety.prp ../sv-benchmarks/c/ldv-linux-3.16-rc1/205_9a_array_safes_linux-3.16-rc1.tar.xz-205_9a-drivers--net--usb--rtl8150.ko-entry_point_true-unreach-call.cil.out.c


--------------------------------------------------------------------------------


Running CPAchecker with Java heap of size 5600000000.
Running CPAchecker with default stack size (1024k). Specify a larger value with -stack if needed.
Running CPAchecker with the following extra VM options:  -Djava.io.tmpdir=/tmp/BenchExec_run_9rhysefs/tmp
Using the following resource limits: CPU-time limit of 30s (ResourceLimitChecker.fromConfiguration, INFO)

CPAchecker (unknown version) (OpenJDK 64-Bit Server VM 1.8.0_162) started (CPAchecker.run, INFO)

Inline assembler ignored, analysis is probably unsound! (CFABuilder.createCFA, WARNING)

MathSAT5 is available for research and evaluation purposes only. It can not be used in a commercial environment, particularly as part of a commercial product, without written permission. MathSAT5 is provided as is, without any warranty. Please write to mathsat@fbk.eu for additional questions regarding licensing MathSAT5 or obtaining more up-to-date versions. (PredicateCPA:JavaSMT:Mathsat5SolverContext.<init>, WARNING)

Using predicate analysis with MathSAT5 version 5.3.14 (0b98b661254c) (Nov 17 2016 10:59:45, gmp 5.1.3, gcc 4.8.5, 64-bit) and JFactory 1.21. (PredicateCPA:PredicateCPA.<init>, INFO)

Using refinement for predicate analysis with PredicateAbstractionRefinementStrategy strategy. (PredicateCPA:PredicateCPARefiner.<init>, INFO)

Starting analysis ... (CPAchecker.runAlgorithm, INFO)

line 7290: Destroying the void* pointer ldv_zalloc::tmp produces garbage or the memory pointed by it is unused: tmp = ldv_zalloc(32UL); (PredicateCPA:DynamicMemoryHandler.handleDeferredAllocationInFunctionExit, WARNING)

line 7292: Destroying the void* pointer ldv_zalloc::tmp produces garbage or the memory pointed by it is unused: tmp___0 = ldv_zalloc(44UL); (PredicateCPA:DynamicMemoryHandler.handleDeferredAllocationInFunctionExit, WARNING)

line 7300: Destroying the void* pointer ldv_zalloc::tmp produces garbage or the memory pointed by it is unused: tmp___4 = ldv_zalloc(1UL); (PredicateCPA:DynamicMemoryHandler.handleDeferredAllocationInFunctionExit, WARNING)

Assuming external function memset to be a pure function. (PredicateCPA:ExpressionToFormulaVisitor.visit, INFO)

Assuming external function ldv_ndo_uninit_2 to be a constant function. (PredicateCPA:ExpressionToFormulaVisitor.visit, INFO)

Assuming external function ldv_ndo_init_2 to be a constant function. (PredicateCPA:ExpressionToFormulaVisitor.visit, INFO)

Assuming external function eth_change_mtu to be a pure function. (PredicateCPA:ExpressionToFormulaVisitor.visit, INFO)

Assuming external function eth_validate_addr to be a pure function. (PredicateCPA:ExpressionToFormulaVisitor.visit, INFO)

Assuming external function ethtool_op_get_link to be a pure function. (PredicateCPA:ExpressionToFormulaVisitor.visit, INFO)

Assuming external function ldv_reset_resume_1 to be a constant function. (PredicateCPA:ExpressionToFormulaVisitor.visit, INFO)

Assuming external function usb_register_driver to be a pure function. (PredicateCPA:ExpressionToFormulaVisitor.visit, INFO)

Assuming external function alloc_etherdev_mqs to be a pure function. (PredicateCPA:ExpressionToFormulaVisitor.visit, INFO)

Assuming external function usb_deregister to be a pure function. (PredicateCPA:ExpressionToFormulaVisitor.visit, INFO)

Assuming external function capable to be a pure function. (PredicateCPA:ExpressionToFormulaVisitor.visit, INFO)

Assuming external function dev_warn to be a pure function. (PredicateCPA:ExpressionToFormulaVisitor.visit, INFO)

Assuming external function usb_unlink_urb to be a pure function. (PredicateCPA:ExpressionToFormulaVisitor.visit, INFO)

Assuming external function strlcpy to be a pure function. (PredicateCPA:ExpressionToFormulaVisitor.visit, INFO)

Assuming external function snprintf to be a pure function. (PredicateCPA:ExpressionToFormulaVisitor.visit, INFO)

Assuming external function tasklet_init to be a pure function. (PredicateCPA:ExpressionToFormulaVisitor.visit, INFO)

Assuming external function free_netdev to be a pure function. (PredicateCPA:ExpressionToFormulaVisitor.visit, INFO)

Assuming external function __raw_spin_lock_init to be a pure function. (PredicateCPA:ExpressionToFormulaVisitor.visit, INFO)

Assuming external function usb_alloc_urb to be a pure function. (PredicateCPA:ExpressionToFormulaVisitor.visit, INFO)

Assuming external function usb_free_urb to be a pure function. (PredicateCPA:ExpressionToFormulaVisitor.visit, INFO)

Assuming external function dev_err to be a pure function. (PredicateCPA:ExpressionToFormulaVisitor.visit, INFO)

Assuming external function usb_submit_urb to be a pure function. (PredicateCPA:ExpressionToFormulaVisitor.visit, INFO)

Assuming external function netif_device_detach to be a pure function. (PredicateCPA:ExpressionToFormulaVisitor.visit, INFO)

Assuming external function usb_kill_urb to be a pure function. (PredicateCPA:ExpressionToFormulaVisitor.visit, INFO)

Assuming external function warn_slowpath_null to be a pure function. (PredicateCPA:ExpressionToFormulaVisitor.visit, INFO)

Assuming external function netif_device_attach to be a pure function. (PredicateCPA:ExpressionToFormulaVisitor.visit, INFO)

Assuming external function __dynamic_netdev_dbg to be a pure function. (PredicateCPA:ExpressionToFormulaVisitor.visit, INFO)

Assuming external function _dev_info to be a pure function. (PredicateCPA:ExpressionToFormulaVisitor.visit, INFO)

Assuming external function __netif_schedule to be a pure function. (PredicateCPA:ExpressionToFormulaVisitor.visit, INFO)

Shutdown requested (The CPU-time limit of 30s has elapsed.), waiting for termination. (ForceTerminationOnShutdown$1.shutdownRequested, WARNING)

Warning: Analysis interrupted (The CPU-time limit of 30s has elapsed.) (ShutdownNotifier.shutdownIfNecessary, WARNING)

PredicateCPA statistics
-----------------------
Number of abstractions:            29438 (21% of all post computations)
  Times abstraction was reused:    0
  Because of function entry/exit:  27244 (93%)
  Because of loop head:            2168 (7%)
  Because of join nodes:           0 (0%)
  Because of threshold:            0 (0%)
  Because of target state:         26 (0%)
  Times precision was empty:       22698 (77%)
  Times precision was {false}:     551 (2%)
  Times result was cached:         5860 (20%)
  Times cartesian abs was used:    0 (0%)
  Times boolean abs was used:      329 (1%)
  Times result was 'false':        532 (2%)
Number of strengthen sat checks:   0
Number of coverage checks:         16568
  BDD entailment checks:           3910
Number of SMT sat checks:          0
  trivial:                         0
  cached:                          0

Max ABE block size:                       38
Number of predicates discovered:          8
Number of abstraction locations:          68
Max number of predicates per location:    5
Avg number of predicates per location:    1
Total predicates per abstraction:         11473
Max number of predicates per abstraction: 5
Avg number of predicates per abstraction: 13.04
Number of irrelevant predicates:          8324 (73%)
Number of preds handled by boolean abs:   488 (4%)
  Total number of models for allsat:      610
  Max number of models for allsat:        16
  Avg number of models for allsat:        1.85

Time for post operator:                  8.441s
  Time for path formula creation:        8.180s
Time for strengthen operator:            0.218s
Time for prec operator:                  5.144s
  Time for abstraction:                  4.138s (Max:     0.037s, Count: 29438)
    Boolean abstraction:                 0.772s
    Solving time:                        0.661s (Max:     0.016s)
    Model enumeration time:              0.193s
    Time for BDD construction:           0.111s (Max:     0.011s)
Time for merge operator:                 0.478s
Time for coverage check:                 0.074s
  Time for BDD entailment checks:        0.065s
Total time for SMT solver (w/o itp):     0.854s

Number of path formula cache hits:   113670 (69%)

Inside post operator:                  
  Inside path formula creation:        
    Time for path formula computation:     7.332s

Total number of created targets for pointer analysis: 3864
   Number of created targets for uf: *(void)* is 562
   Number of created targets for uf: *unsigned_short_int is 2
   Number of created targets for uf: *signed_int is 19
   Number of created targets for uf: *unsigned_char is 76
   Number of created targets for uf: *(unsigned_char)* is 35


Number of BDD nodes:                               325
Size of BDD node table:                            270749
Size of BDD cache:                                 27073
Size of BDD node cleanup queue:                         752 (count: 31494, min: 0, max: 67, avg: 0.02)
Time for BDD node cleanup:                             0.029s
Time for BDD garbage collection:                       0.000s (in 0 runs)

PrecisionBootstrap statistics
-----------------------------
Init. function predicates:                         0
Init. global predicates:                           0
Init. location predicates:                         0

Invariant Generation statistics
-------------------------------

AutomatonAnalysis (SVCOMP) statistics
-------------------------------------
Number of states:                                  1
Total time for successor computation:                  0.668s
  Time for transition matches:                         0.339s
  Time for transition assertions:                      0.000s
  Time for transition actions:                         0.000s
Automaton transfers with branching:                0
Automaton transfer successors:                       140118 (count: 140118, min: 1, max: 1, avg: 1.00) [1 x 140118]

CPA algorithm statistics
------------------------
Number of iterations:            96390
Max size of waitlist:            139
Average size of waitlist:        76
Number of computed successors:   107915
Max successors for one state:    2
Number of times merged:          6329
Number of times stopped:         9155
Number of times breaked:         26

Total time for CPA algorithm:        23.279s (Max:     2.213s)
  Time for choose from waitlist:      0.269s
  Time for precision adjustment:      7.069s
  Time for transfer relation:        12.527s
  Time for merge operator:            0.913s
  Time for stop operator:             0.454s
  Time for adding to reached set:     0.641s

Predicate-Abstraction Refiner statistics
----------------------------------------
Number of predicate refinements:                   26
Avg. length of target path (in blocks):                1152 (count: 26, min: 26, max: 67, avg: 44.31)
Number of infeasible sliced prefixes:                     0 (count: 0, min: 0, max: 0, avg: 0.00)

Time for refinement:                                   1.375s
  Counterexample analysis:                             0.777s (Max:     0.041s, Calls: 26)
    Refinement sat check:                              0.460s
    Interpolant computation:                           0.000s
  Path-formulas extraction:                            0.001s
  Error path post-processing:                          0.000s
  Predicate creation:                                  0.052s
  Precision update:                                    0.047s
  ARG update:                                          0.461s

Length of refined path (in blocks):                     906 (count: 26, min: 18, max: 66, avg: 34.85)
Number of affected states:                              425 (count: 26, min: 1, max: 51, avg: 16.35)
Length (states) of path with itp 'true':                455 (count: 26, min: 14, max: 42, avg: 17.50)
Length (states) of path with itp non-trivial itp:       425 (count: 26, min: 1, max: 51, avg: 16.35)
Length (states) of path with itp 'false':                26 (count: 26, min: 1, max: 1, avg: 1.00)
Different non-trivial interpolants along paths:           9 (count: 26, min: 0, max: 1, avg: 0.35)
Equal non-trivial interpolants along paths:             390 (count: 26, min: 0, max: 49, avg: 15.00)
Number of refs with location-based cutoff:                0

CEGAR algorithm statistics
--------------------------
Number of refinements:                26
Number of successful refinements:     26
Number of failed refinements:         0
Max. size of reached set before ref.: 5581
Max. size of reached set after ref.:  1444
Avg. size of reached set before ref.: 3816.58
Avg. size of reached set after ref.:  197.35

Total time for CEGAR algorithm:      24.858s
Time for refinements:                 1.562s
Average time for refinement:          0.060s
Max time for refinement:              0.126s

Code Coverage
-----------------------------
  Function coverage:      0.595
  Visited lines:          1683
  Total lines:            2175
  Line coverage:          0.774
  Visited conditions:     258
  Total conditions:       404
  Condition coverage:     0.639

CPAchecker general statistics
-----------------------------
Number of program locations:     2926
Number of CFA edges:             3205
Number of relevant variables:    336
Number of functions:             116
Number of loops:                 12
Size of reached set:             4128
  Number of reached locations:   785 (27%)
    Avg states per location:     5
    Max states per location:     72 (at node N327)
  Number of reached functions:   69 (59%)
  Number of partitions:          4121
    Avg size of partitions:      1
    Max size of partitions:      4 (with key [N1474 (before line 7314), Function main called from node N1427, stack depth 1 [31e32ea2], stack [main]])
  Number of target states:       0
  Size of final wait list        75

Time for analysis setup:          5.404s
  Time for loading CPAs:          0.881s
  Time for loading parser:        0.751s
  Time for CFA construction:      3.693s
    Time for parsing file(s):     1.087s
    Time for AST to CFA:          1.290s
    Time for CFA sanity check:    0.209s
    Time for post-processing:     0.875s
      Time for var class.:        0.395s
Time for Analysis:               24.858s
CPU time for analysis:           24.850s
Total time for CPAchecker:       30.268s
Total CPU time for CPAchecker:   30.250s
Time for statistics:              0.180s

Time for Garbage Collector:       0.677s (in 46 runs)
Garbage Collector(s) used:    Copy, MarkSweepCompact
Used heap memory:                 79MB (    76 MiB) max;     51MB (    48 MiB) avg;     85MB (    81 MiB) peak
Used non-heap memory:             40MB (    38 MiB) max;     35MB (    33 MiB) avg;     41MB (    39 MiB) peak
Allocated heap memory:           127MB (   121 MiB) max;    127MB (   121 MiB) avg
Allocated non-heap memory:        42MB (    40 MiB) max;     37MB (    35 MiB) avg
Total process virtual memory:   8087MB (  7713 MiB) max;   8072MB (  7698 MiB) avg

Verification result: UNKNOWN, incomplete analysis.
More details about the verification run can be found in the directory "./output".
