scripts/cpa.sh -Dy-MySearchStrategy-PredAbs-ABElf -heap 5600000000 -timelimit 30 -preprocess -stats -noout -setprop cpa.predicate.memoryAllocationsAlwaysSucceed=true -spec ../sv-benchmarks/c/ReachSafety.prp ../sv-benchmarks/c/ldv-linux-3.4-simple/32_1_cilled_true-unreach-call_ok_nondet_linux-3.4-32_1-drivers--media--common--tuners--tda9887.ko-ldv_main0_sequence_infinite_withcheck_stateful.cil.out.c


--------------------------------------------------------------------------------


Running CPAchecker with Java heap of size 5600000000.
Running CPAchecker with default stack size (1024k). Specify a larger value with -stack if needed.
Running CPAchecker with the following extra VM options:  -Djava.io.tmpdir=/tmp/BenchExec_run_nvgk6lp3/tmp
Using the following resource limits: CPU-time limit of 30s (ResourceLimitChecker.fromConfiguration, INFO)

CPAchecker (unknown version) (OpenJDK 64-Bit Server VM 1.8.0_151) started (CPAchecker.run, INFO)

MathSAT5 is available for research and evaluation purposes only. It can not be used in a commercial environment, particularly as part of a commercial product, without written permission. MathSAT5 is provided as is, without any warranty. Please write to mathsat@fbk.eu for additional questions regarding licensing MathSAT5 or obtaining more up-to-date versions. (PredicateCPA:JavaSMT:Mathsat5SolverContext.<init>, WARNING)

Using predicate analysis with MathSAT5 version 5.3.14 (0b98b661254c) (Nov 17 2016 10:59:45, gmp 5.1.3, gcc 4.8.5, 64-bit) and JFactory 1.21. (PredicateCPA:PredicateCPA.<init>, INFO)

Using refinement for predicate analysis with PredicateAbstractionRefinementStrategy strategy. (PredicateCPA:PredicateCPARefiner.<init>, INFO)

Starting analysis ... (CPAchecker.runAlgorithm, INFO)

Assuming external function ldv_initialize to be a constant function. (PredicateCPA:ExpressionToFormulaVisitor.visit, INFO)

Assuming external function memset to be a pure function. (PredicateCPA:ExpressionToFormulaVisitor.visit, INFO)

Assuming external function i2c_transfer to be a pure function. (PredicateCPA:ExpressionToFormulaVisitor.visit, INFO)

Assuming external function list_del to be a pure function. (PredicateCPA:ExpressionToFormulaVisitor.visit, INFO)

Assuming external function msleep_interruptible to be a pure function. (PredicateCPA:ExpressionToFormulaVisitor.visit, INFO)

Shutdown requested (The CPU-time limit of 30s has elapsed.), waiting for termination. (ForceTerminationOnShutdown$1.shutdownRequested, WARNING)

Warning: Analysis interrupted (The CPU-time limit of 30s has elapsed.) (ShutdownNotifier.shutdownIfNecessary, WARNING)

PredicateCPA statistics
-----------------------
Number of abstractions:            21457 (3% of all post computations)
  Times abstraction was reused:    0
  Because of function entry/exit:  21020 (98%)
  Because of loop head:            391 (2%)
  Because of join nodes:           0 (0%)
  Because of threshold:            0 (0%)
  Because of target state:         46 (0%)
  Times precision was empty:       2517 (12%)
  Times precision was {false}:     537 (3%)
  Times result was cached:         18272 (85%)
  Times cartesian abs was used:    0 (0%)
  Times boolean abs was used:      131 (1%)
  Times result was 'false':        12952 (60%)
Number of strengthen sat checks:   0
Number of coverage checks:         31509
  BDD entailment checks:           2851
Number of SMT sat checks:          0
  trivial:                         0
  cached:                          0

Max ABE block size:                       388
Number of predicates discovered:          3
Number of abstraction locations:          56
Max number of predicates per location:    2
Avg number of predicates per location:    1
Total predicates per abstraction:         27398
Max number of predicates per abstraction: 2
Avg number of predicates per abstraction: 41.01
Number of irrelevant predicates:          15172 (55%)
Number of preds handled by boolean abs:   167 (1%)
  Total number of models for allsat:      131
  Max number of models for allsat:        1
  Avg number of models for allsat:        1.00

Time for post operator:                  6.104s
  Time for path formula creation:        5.806s
Time for strengthen operator:            0.583s
Time for prec operator:                  9.678s
  Time for abstraction:                  9.308s (Max:     0.160s, Count: 21457)
    Boolean abstraction:                 0.392s
    Solving time:                        2.248s (Max:     0.038s)
    Model enumeration time:              0.029s
    Time for BDD construction:           0.006s (Max:     0.002s)
Time for merge operator:                 0.357s
Time for coverage check:                 0.023s
  Time for BDD entailment checks:        0.017s
Total time for SMT solver (w/o itp):     2.277s

Number of path formula cache hits:   696362 (85%)

Inside post operator:                  
  Inside path formula creation:        
    Time for path formula computation:     4.117s

Total number of created targets for pointer analysis: 243
   Number of created targets for uf: *unsigned_char is 28
   Number of created targets for uf: *unsigned_int is 73


Number of BDD nodes:                               204
Size of BDD node table:                            270749
Size of BDD cache:                                 27073
Size of BDD node cleanup queue:                         282 (count: 13548, min: 0, max: 32, avg: 0.02)
Time for BDD node cleanup:                             0.003s
Time for BDD garbage collection:                       0.000s (in 0 runs)

PrecisionBootstrap statistics
-----------------------------
Init. function predicates:                         0
Init. global predicates:                           0
Init. location predicates:                         0

Invariant Generation statistics
-------------------------------

AutomatonAnalysis (SVCOMP) statistics
-------------------------------------
Number of states:                                  1
Total time for successor computation:                  0.852s
  Time for transition matches:                         0.440s
  Time for transition assertions:                      0.000s
  Time for transition actions:                         0.000s
Automaton transfers with branching:                0
Automaton transfer successors:                       798074 (count: 798074, min: 1, max: 1, avg: 1.00) [1 x 798074]

CPA algorithm statistics
------------------------
Number of iterations:            315974
Max size of waitlist:            45
Average size of waitlist:        23
Number of computed successors:   345916
Max successors for one state:    2
Number of times merged:          14329
Number of times stopped:         16241
Number of times breaked:         46

Total time for CPA algorithm:        24.504s (Max:     2.207s)
  Time for choose from waitlist:      0.148s
  Time for precision adjustment:     11.099s
  Time for transfer relation:        11.373s
  Time for merge operator:            0.564s
  Time for stop operator:             0.295s
  Time for adding to reached set:     0.374s

Predicate-Abstraction Refiner statistics
----------------------------------------
Number of predicate refinements:                   46
Avg. length of target path (in blocks):                 608 (count: 46, min: 4, max: 29, avg: 13.22)
Number of infeasible sliced prefixes:                     0 (count: 0, min: 0, max: 0, avg: 0.00)

Time for refinement:                                   1.435s
  Counterexample analysis:                             0.656s (Max:     0.048s, Calls: 46)
    Refinement sat check:                              0.493s
    Interpolant computation:                           0.000s
  Path-formulas extraction:                            0.009s
  Error path post-processing:                          0.000s
  Predicate creation:                                  0.034s
  Precision update:                                    0.020s
  ARG update:                                          0.689s

Length of refined path (in blocks):                     562 (count: 46, min: 3, max: 28, avg: 12.22)
Number of affected states:                              445 (count: 46, min: 2, max: 27, avg: 9.67)
Length (states) of path with itp 'true':                 71 (count: 46, min: 0, max: 5, avg: 1.54)
Length (states) of path with itp non-trivial itp:       445 (count: 46, min: 2, max: 27, avg: 9.67)
Length (states) of path with itp 'false':                46 (count: 46, min: 1, max: 1, avg: 1.00)
Different non-trivial interpolants along paths:           0 (count: 46, min: 0, max: 0, avg: 0.00)
Equal non-trivial interpolants along paths:             399 (count: 46, min: 1, max: 26, avg: 8.67)
Number of refs with location-based cutoff:                0

CEGAR algorithm statistics
--------------------------
Number of refinements:                46
Number of successful refinements:     46
Number of failed refinements:         0
Max. size of reached set before ref.: 25414
Max. size of reached set after ref.:  13248
Avg. size of reached set before ref.: 7853.80
Avg. size of reached set after ref.:  1126.46

Total time for CEGAR algorithm:      26.297s
Time for refinements:                 1.761s
Average time for refinement:          0.038s
Max time for refinement:              0.226s

Code Coverage
-----------------------------
  Function coverage:      0.667
  Visited lines:          3209
  Total lines:            3979
  Line coverage:          0.806
  Visited conditions:     198
  Total conditions:       260
  Condition coverage:     0.762

CPAchecker general statistics
-----------------------------
Number of program locations:     4390
Number of CFA edges:             4563
Number of relevant variables:    919
Number of functions:             30
Number of loops:                 3
Size of reached set:             7265
  Number of reached locations:   847 (19%)
    Avg states per location:     8
    Max states per location:     38 (at node N12)
  Number of reached functions:   20 (67%)
  Number of partitions:          7265
    Avg size of partitions:      1
    Max size of partitions:      1
  Number of target states:       0
  Size of final wait list        16

Time for analysis setup:          3.566s
  Time for loading CPAs:          0.612s
  Time for loading parser:        0.414s
  Time for CFA construction:      2.452s
    Time for parsing file(s):     0.685s
    Time for AST to CFA:          0.850s
    Time for CFA sanity check:    0.195s
    Time for post-processing:     0.612s
      Time for var class.:        0.326s
Time for Analysis:               26.298s
CPU time for analysis:           26.300s
Total time for CPAchecker:       29.866s
Total CPU time for CPAchecker:   29.850s
Time for statistics:              0.197s

Time for Garbage Collector:       2.409s (in 172 runs)
Garbage Collector(s) used:    Copy, MarkSweepCompact
Used heap memory:                148MB (   141 MiB) max;     77MB (    74 MiB) avg;    155MB (   148 MiB) peak
Used non-heap memory:             38MB (    36 MiB) max;     35MB (    33 MiB) avg;     38MB (    36 MiB) peak
Allocated heap memory:           160MB (   153 MiB) max;    135MB (   129 MiB) avg
Allocated non-heap memory:        40MB (    38 MiB) max;     37MB (    35 MiB) avg
Total process virtual memory:   8087MB (  7712 MiB) max;   8077MB (  7703 MiB) avg

Verification result: UNKNOWN, incomplete analysis.
More details about the verification run can be found in the directory "./output".
