scripts/cpa.sh -Dy-MySearchStrategy-PredAbs-ABEl -heap 5600000000 -timelimit 900 -preprocess -stats -noout -setprop cpa.predicate.memoryAllocationsAlwaysSucceed=true -spec ../sv-benchmarks/c/ReachSafety.prp ../sv-benchmarks/c/ldv-linux-3.4-simple/43_1a_cilled_true-unreach-call_ok_nondet_linux-43_1a-drivers--net--wireless--ath--ath6kl--ath6kl_usb.ko-ldv_main0_sequence_infinite_withcheck_stateful.cil.out.c


--------------------------------------------------------------------------------


Running CPAchecker with Java heap of size 5600000000.
Running CPAchecker with default stack size (1024k). Specify a larger value with -stack if needed.
Running CPAchecker with the following extra VM options:  -Djava.io.tmpdir=/tmp/BenchExec_run_impeuycu/tmp
Using the following resource limits: CPU-time limit of 900s (ResourceLimitChecker.fromConfiguration, INFO)

CPAchecker (unknown version) (OpenJDK 64-Bit Server VM 1.8.0_162) started (CPAchecker.run, INFO)

Dead code detected: Label switch_break is not reachable. (CFAFunctionBuilder.leave, INFO)

MathSAT5 is available for research and evaluation purposes only. It can not be used in a commercial environment, particularly as part of a commercial product, without written permission. MathSAT5 is provided as is, without any warranty. Please write to mathsat@fbk.eu for additional questions regarding licensing MathSAT5 or obtaining more up-to-date versions. (PredicateCPA:JavaSMT:Mathsat5SolverContext.<init>, WARNING)

Using predicate analysis with MathSAT5 version 5.3.14 (0b98b661254c) (Nov 17 2016 10:59:45, gmp 5.1.3, gcc 4.8.5, 64-bit) and JFactory 1.21. (PredicateCPA:PredicateCPA.<init>, INFO)

Using refinement for predicate analysis with PredicateAbstractionRefinementStrategy strategy. (PredicateCPA:PredicateCPARefiner.<init>, INFO)

Starting analysis ... (CPAchecker.runAlgorithm, INFO)

Assuming external function ldv_initialize to be a constant function. (PredicateCPA:ExpressionToFormulaVisitor.visit, INFO)

Assuming external function usb_register_driver to be a pure function. (PredicateCPA:ExpressionToFormulaVisitor.visit, INFO)

Assuming external function ldv_check_final_state to be a constant function. (PredicateCPA:ExpressionToFormulaVisitor.visit, INFO)

Assuming external function usb_put_dev to be a pure function. (PredicateCPA:ExpressionToFormulaVisitor.visit, INFO)

Assuming external function dev_get_drvdata to be a pure function. (PredicateCPA:ExpressionToFormulaVisitor.visit, INFO)

Assuming external function ath6kl_stop_txrx to be a pure function. (PredicateCPA:ExpressionToFormulaVisitor.visit, INFO)

Assuming external function ath6kl_core_cleanup to be a pure function. (PredicateCPA:ExpressionToFormulaVisitor.visit, INFO)

Assuming external function dev_set_drvdata to be a pure function. (PredicateCPA:ExpressionToFormulaVisitor.visit, INFO)

Assuming external function usb_get_dev to be a pure function. (PredicateCPA:ExpressionToFormulaVisitor.visit, INFO)

Assuming external function ath6kl_dbg to be a pure function. (PredicateCPA:ExpressionToFormulaVisitor.visit, INFO)

Assuming external function memset to be a pure function. (PredicateCPA:ExpressionToFormulaVisitor.visit, INFO)

Assuming external function ath6kl_core_create to be a pure function. (PredicateCPA:ExpressionToFormulaVisitor.visit, INFO)

Assuming external function ath6kl_core_init to be a pure function. (PredicateCPA:ExpressionToFormulaVisitor.visit, INFO)

Assuming external function ath6kl_printk to be a pure function. (PredicateCPA:ExpressionToFormulaVisitor.visit, INFO)

Assuming external function ath6kl_core_destroy to be a pure function. (PredicateCPA:ExpressionToFormulaVisitor.visit, INFO)

Assuming external function ldv_check_return_value to be a pure function. (PredicateCPA:ExpressionToFormulaVisitor.visit, INFO)

Assuming external function usb_deregister to be a pure function. (PredicateCPA:ExpressionToFormulaVisitor.visit, INFO)

Assuming external function usb_control_msg to be a pure function. (PredicateCPA:ExpressionToFormulaVisitor.visit, INFO)

Stopping analysis ... (CPAchecker.runAlgorithm, INFO)

PredicateCPA statistics
-----------------------
Number of abstractions:            13 (0% of all post computations)
  Times abstraction was reused:    0
  Because of function entry/exit:  0 (0%)
  Because of loop head:            3 (23%)
  Because of join nodes:           0 (0%)
  Because of threshold:            0 (0%)
  Because of target state:         10 (77%)
  Times precision was empty:       2 (15%)
  Times precision was {false}:     9 (69%)
  Times result was cached:         0 (0%)
  Times cartesian abs was used:    0 (0%)
  Times boolean abs was used:      2 (15%)
  Times result was 'false':        9 (69%)
Number of strengthen sat checks:   0
Number of coverage checks:         125
  BDD entailment checks:           1
Number of SMT sat checks:          0
  trivial:                         0
  cached:                          0

Max ABE block size:                       232
Number of predicates discovered:          2
Number of abstraction locations:          2
Max number of predicates per location:    1
Avg number of predicates per location:    1
Total predicates per abstraction:         11
Max number of predicates per abstraction: 1
Avg number of predicates per abstraction: 1.00
Number of irrelevant predicates:          9 (82%)
Number of preds handled by boolean abs:   2 (18%)
  Total number of models for allsat:      2
  Max number of models for allsat:        1
  Avg number of models for allsat:        1.00

Time for post operator:                  0.602s
  Time for path formula creation:        0.592s
Time for strengthen operator:            0.030s
Time for prec operator:                  0.172s
  Time for abstraction:                  0.171s (Max:     0.099s, Count: 13)
    Boolean abstraction:                 0.089s
    Solving time:                        0.085s (Max:     0.072s)
    Model enumeration time:              0.002s
    Time for BDD construction:           0.013s (Max:     0.013s)
Time for merge operator:                 0.070s
Time for coverage check:                 0.000s
  Time for BDD entailment checks:        0.000s
Total time for SMT solver (w/o itp):     0.087s

Number of path formula cache hits:   353 (12%)

Inside post operator:                  
  Inside path formula creation:        
    Time for path formula computation:     0.580s

Total number of created targets for pointer analysis: 2
   Number of created targets for uf: *unsigned_int is 2


Number of BDD nodes:                               202
Size of BDD node table:                            270749
Size of BDD cache:                                 27073
Size of BDD node cleanup queue:                           5 (count: 73, min: 0, max: 5, avg: 0.07)
Time for BDD node cleanup:                             0.000s
Time for BDD garbage collection:                       0.000s (in 0 runs)

PrecisionBootstrap statistics
-----------------------------
Init. function predicates:                         0
Init. global predicates:                           0
Init. location predicates:                         0

Invariant Generation statistics
-------------------------------

AutomatonAnalysis (SVCOMP) statistics
-------------------------------------
Number of states:                                  1
Total time for successor computation:                  0.064s
Automaton transfers with branching:                0
Automaton transfer successors:                         2818 (count: 2818, min: 1, max: 1, avg: 1.00) [1 x 2818]

CPA algorithm statistics
------------------------
Number of iterations:            675
Max size of waitlist:            14
Average size of waitlist:        7
Number of computed successors:   757
Max successors for one state:    2
Number of times merged:          62
Number of times stopped:         63
Number of times breaked:         1

Total time for CPA algorithm:         1.373s (Max:     0.737s)
  Time for choose from waitlist:      0.016s
  Time for precision adjustment:      0.292s
  Time for transfer relation:         0.913s
  Time for merge operator:            0.077s
  Time for stop operator:             0.004s
  Time for adding to reached set:     0.022s

Predicate-Abstraction Refiner statistics
----------------------------------------
Number of predicate refinements:                   1
Avg. length of target path (in blocks):                   2 (count: 1, min: 2, max: 2, avg: 2.00)
Number of infeasible sliced prefixes:                     0 (count: 0, min: 0, max: 0, avg: 0.00)

Time for refinement:                                   0.033s
  Counterexample analysis:                             0.013s (Max:     0.013s, Calls: 1)
    Refinement sat check:                              0.007s
    Interpolant computation:                           0.000s
  Path-formulas extraction:                            0.000s
  Error path post-processing:                          0.000s
  Predicate creation:                                  0.007s
  Precision update:                                    0.001s
  ARG update:                                          0.009s

Length of refined path (in blocks):                       2 (count: 1, min: 2, max: 2, avg: 2.00)
Number of affected states:                                1 (count: 1, min: 1, max: 1, avg: 1.00)
Length (states) of path with itp 'true':                  0 (count: 1, min: 0, max: 0, avg: 0.00)
Length (states) of path with itp non-trivial itp:         1 (count: 1, min: 1, max: 1, avg: 1.00)
Length (states) of path with itp 'false':                 0 (count: 1, min: 0, max: 0, avg: 0.00)
Different non-trivial interpolants along paths:           0 (count: 1, min: 0, max: 0, avg: 0.00)
Equal non-trivial interpolants along paths:               0 (count: 1, min: 0, max: 0, avg: 0.00)
Number of refs with location-based cutoff:                0

CEGAR algorithm statistics
--------------------------
Number of refinements:                1
Number of successful refinements:     1
Number of failed refinements:         0
Max. size of reached set before ref.: 122
Max. size of reached set after ref.:  13
Avg. size of reached set before ref.: 122.00
Avg. size of reached set after ref.:  13.00

Total time for CEGAR algorithm:       1.440s
Time for refinements:                 0.067s
Average time for refinement:          0.067s
Max time for refinement:              0.067s

Code Coverage
-----------------------------
  Function coverage:      0.703
  Visited lines:          1593
  Total lines:            1635
  Line coverage:          0.974
  Visited conditions:     74
  Total conditions:       82
  Condition coverage:     0.902

CPAchecker general statistics
-----------------------------
Number of program locations:     1822
Number of CFA edges:             1872
Number of relevant variables:    273
Number of functions:             37
Number of loops:                 1
Size of reached set:             577
  Number of reached locations:   291 (16%)
    Avg states per location:     1
    Max states per location:     9 (at node N897)
  Number of reached functions:   26 (70%)
  Number of partitions:          577
    Avg size of partitions:      1
    Max size of partitions:      1
  Number of target states:       0

Time for analysis setup:          3.771s
  Time for loading CPAs:          0.903s
  Time for loading parser:        0.485s
  Time for CFA construction:      2.273s
    Time for parsing file(s):     0.801s
    Time for AST to CFA:          0.720s
    Time for CFA sanity check:    0.123s
    Time for post-processing:     0.459s
      Time for var class.:        0.159s
Time for Analysis:                1.440s
CPU time for analysis:            1.440s
Time for analyzing result:        0.001s
Total time for CPAchecker:        5.216s
Total CPU time for CPAchecker:    5.200s
Time for statistics:              0.084s

Time for Garbage Collector:       0.179s (in 8 runs)
Garbage Collector(s) used:    Copy, MarkSweepCompact
Used heap memory:                 61MB (    58 MiB) max;     33MB (    32 MiB) avg;     65MB (    62 MiB) peak
Used non-heap memory:             32MB (    31 MiB) max;     25MB (    24 MiB) avg;     33MB (    32 MiB) peak
Allocated heap memory:           127MB (   121 MiB) max;    127MB (   121 MiB) avg
Allocated non-heap memory:        35MB (    33 MiB) max;     27MB (    26 MiB) avg
Total process virtual memory:   8132MB (  7756 MiB) max;   8084MB (  7709 MiB) avg

Verification result: TRUE. No property violation found by chosen configuration.
More details about the verification run can be found in the directory "./output".
