scripts/cpa.sh -Dy-MySearchStrategy-PredAbs-ABEl -heap 5600000000 -timelimit 900 -preprocess -stats -noout -setprop cpa.predicate.memoryAllocationsAlwaysSucceed=true -spec ../sv-benchmarks/c/ReachSafety.prp ../sv-benchmarks/c/ssh/s3_srvr.blast.11_true-unreach-call.i.cil.c


--------------------------------------------------------------------------------


Running CPAchecker with Java heap of size 5600000000.
Running CPAchecker with default stack size (1024k). Specify a larger value with -stack if needed.
Running CPAchecker with the following extra VM options:  -Djava.io.tmpdir=/tmp/BenchExec_run_s7h1sjof/tmp
Using the following resource limits: CPU-time limit of 900s (ResourceLimitChecker.fromConfiguration, INFO)

CPAchecker (unknown version) (OpenJDK 64-Bit Server VM 1.8.0_162) started (CPAchecker.run, INFO)

MathSAT5 is available for research and evaluation purposes only. It can not be used in a commercial environment, particularly as part of a commercial product, without written permission. MathSAT5 is provided as is, without any warranty. Please write to mathsat@fbk.eu for additional questions regarding licensing MathSAT5 or obtaining more up-to-date versions. (PredicateCPA:JavaSMT:Mathsat5SolverContext.<init>, WARNING)

Using predicate analysis with MathSAT5 version 5.3.14 (0b98b661254c) (Nov 17 2016 10:59:45, gmp 5.1.3, gcc 4.8.5, 64-bit) and JFactory 1.21. (PredicateCPA:PredicateCPA.<init>, INFO)

Using refinement for predicate analysis with PredicateAbstractionRefinementStrategy strategy. (PredicateCPA:PredicateCPARefiner.<init>, INFO)

Starting analysis ... (CPAchecker.runAlgorithm, INFO)

Stopping analysis ... (CPAchecker.runAlgorithm, INFO)

PredicateCPA statistics
-----------------------
Number of abstractions:            197 (0% of all post computations)
  Times abstraction was reused:    0
  Because of function entry/exit:  0 (0%)
  Because of loop head:            99 (50%)
  Because of join nodes:           0 (0%)
  Because of threshold:            0 (0%)
  Because of target state:         98 (50%)
  Times precision was empty:       2 (1%)
  Times precision was {false}:     97 (49%)
  Times result was cached:         0 (0%)
  Times cartesian abs was used:    0 (0%)
  Times boolean abs was used:      98 (50%)
  Times result was 'false':        90 (46%)
Number of strengthen sat checks:   0
Number of coverage checks:         19694
  BDD entailment checks:           1724
Number of SMT sat checks:          0
  trivial:                         0
  cached:                          0

Max ABE block size:                       53
Number of predicates discovered:          157
Number of abstraction locations:          2
Max number of predicates per location:    156
Avg number of predicates per location:    78
Total predicates per abstraction:         10518
Max number of predicates per abstraction: 156
Avg number of predicates per abstraction: 53.94
Number of irrelevant predicates:          97 (1%)
Number of preds handled by boolean abs:   10421 (99%)
  Total number of models for allsat:      15580
  Max number of models for allsat:        1248
  Avg number of models for allsat:        158.98

Time for post operator:                  3.836s
  Time for path formula creation:        3.746s
Time for strengthen operator:            0.124s
Time for prec operator:                 68.530s
  Time for abstraction:                 68.412s (Max:     3.800s, Count: 197)
    Boolean abstraction:                63.877s
    Solving time:                        6.340s (Max:     0.113s)
    Model enumeration time:             42.488s
    Time for BDD construction:          15.541s (Max:     1.235s)
Time for merge operator:                 1.195s
Time for coverage check:                 0.128s
  Time for BDD entailment checks:        0.125s
Total time for SMT solver (w/o itp):    48.828s

Number of path formula cache hits:   24208 (44%)

Inside post operator:                  
  Inside path formula creation:        
    Time for path formula computation:     3.487s

Total number of created targets for pointer analysis: 14293
   Number of created targets for uf: *signed_int is 444
   Number of created targets for uf: *(struct_buf_mem_st)* is 57
   Number of created targets for uf: *(struct_ssl_session_st)* is 2
   Number of created targets for uf: *(struct_ssl3_state_st)* is 2


Number of BDD nodes:                               261342
Size of BDD node table:                            270749
Size of BDD cache:                                 27073
Size of BDD node cleanup queue:                      103102 (count: 44351, min: 0, max: 13103, avg: 2.32)
Time for BDD node cleanup:                             0.025s
Time for BDD garbage collection:                       0.788s (in 234 runs)

PrecisionBootstrap statistics
-----------------------------
Init. function predicates:                         0
Init. global predicates:                           0
Init. location predicates:                         0

Invariant Generation statistics
-------------------------------

AutomatonAnalysis (SVCOMP) statistics
-------------------------------------
Number of states:                                  1
Total time for successor computation:                  0.297s
Automaton transfers with branching:                0
Automaton transfer successors:                        50777 (count: 50777, min: 1, max: 1, avg: 1.00) [1 x 50777]

CPA algorithm statistics
------------------------
Number of iterations:            36094
Max size of waitlist:            38
Average size of waitlist:        20
Number of computed successors:   45337
Max successors for one state:    2
Number of times merged:          8985
Number of times stopped:         8986
Number of times breaked:         8

Total time for CPA algorithm:        77.502s (Max:    61.367s)
  Time for choose from waitlist:      0.097s
  Time for precision adjustment:     69.230s
  Time for transfer relation:         5.471s
  Time for merge operator:            1.630s
  Time for stop operator:             0.294s
  Time for adding to reached set:     0.261s

Predicate-Abstraction Refiner statistics
----------------------------------------
Number of predicate refinements:                   8
Avg. length of target path (in blocks):                  50 (count: 8, min: 2, max: 13, avg: 6.25)
Number of infeasible sliced prefixes:                     0 (count: 0, min: 0, max: 0, avg: 0.00)

Time for refinement:                                   5.713s
  Counterexample analysis:                             5.498s (Max:     4.109s, Calls: 8)
    Refinement sat check:                              2.975s
    Interpolant computation:                           0.000s
  Path-formulas extraction:                            0.000s
  Error path post-processing:                          0.000s
  Predicate creation:                                  0.064s
  Precision update:                                    0.007s
  ARG update:                                          0.102s

Length of refined path (in blocks):                      50 (count: 8, min: 2, max: 13, avg: 6.25)
Number of affected states:                               42 (count: 8, min: 1, max: 12, avg: 5.25)
Length (states) of path with itp 'true':                  0 (count: 8, min: 0, max: 0, avg: 0.00)
Length (states) of path with itp non-trivial itp:        42 (count: 8, min: 1, max: 12, avg: 5.25)
Length (states) of path with itp 'false':                 0 (count: 8, min: 0, max: 0, avg: 0.00)
Different non-trivial interpolants along paths:          34 (count: 8, min: 0, max: 11, avg: 4.25)
Equal non-trivial interpolants along paths:               0 (count: 8, min: 0, max: 0, avg: 0.00)
Number of refs with location-based cutoff:                0

CEGAR algorithm statistics
--------------------------
Number of refinements:                8
Number of successful refinements:     8
Number of failed refinements:         0
Max. size of reached set before ref.: 4451
Max. size of reached set after ref.:  16
Avg. size of reached set before ref.: 1865.75
Avg. size of reached set after ref.:  16.00

Total time for CEGAR algorithm:      83.302s
Time for refinements:                 5.798s
Average time for refinement:          0.724s
Max time for refinement:              4.192s

Code Coverage
-----------------------------
  Function coverage:      0.400
  Visited lines:          561
  Total lines:            591
  Line coverage:          0.949
  Visited conditions:     200
  Total conditions:       208
  Condition coverage:     0.962

CPAchecker general statistics
-----------------------------
Number of program locations:     734
Number of CFA edges:             835
Number of relevant variables:    33
Number of functions:             5
Number of loops:                 1
Size of reached set:             21464
  Number of reached locations:   396 (54%)
    Avg states per location:     54
    Max states per location:     57 (at node N25)
  Number of reached functions:   2 (40%)
  Number of partitions:          21409
    Avg size of partitions:      1
    Max size of partitions:      56 (with key [N97 (before lines 1141-1720), Function ssl3_accept called from node N33, stack depth 2 [5ddf0d24], stack [main, ssl3_accept]])
  Number of target states:       0

Time for analysis setup:          3.856s
  Time for loading CPAs:          0.824s
  Time for loading parser:        0.812s
  Time for CFA construction:      2.033s
    Time for parsing file(s):     0.690s
    Time for AST to CFA:          0.538s
    Time for CFA sanity check:    0.117s
    Time for post-processing:     0.492s
      Time for var class.:        0.240s
Time for Analysis:               83.302s
CPU time for analysis:           83.300s
Time for analyzing result:        0.017s
Total time for CPAchecker:       87.163s
Total CPU time for CPAchecker:   87.150s
Time for statistics:              0.377s

Time for Garbage Collector:       0.790s (in 71 runs)
Garbage Collector(s) used:    Copy, MarkSweepCompact
Used heap memory:                 83MB (    79 MiB) max;     53MB (    50 MiB) avg;     87MB (    83 MiB) peak
Used non-heap memory:             36MB (    34 MiB) max;     35MB (    33 MiB) avg;     36MB (    35 MiB) peak
Allocated heap memory:           127MB (   121 MiB) max;    127MB (   121 MiB) avg
Allocated non-heap memory:        39MB (    37 MiB) max;     37MB (    36 MiB) avg
Total process virtual memory:   8206MB (  7826 MiB) max;   8179MB (  7800 MiB) avg

Verification result: TRUE. No property violation found by chosen configuration.
More details about the verification run can be found in the directory "./output".
