scripts/cpa.sh -Dy-MySearchStrategy-PredAbs-ABElf -heap 5600000000 -timelimit 900 -preprocess -stats -noout -setprop cpa.predicate.memoryAllocationsAlwaysSucceed=true -spec ../sv-benchmarks/c/ReachSafety.prp ../sv-benchmarks/c/ldv-linux-3.12-rc1/linux-3.12-rc1.tar.xz-144_2a-drivers--net--arcnet--com90xx.ko-entry_point_true-unreach-call.cil.out.c


--------------------------------------------------------------------------------


Running CPAchecker with Java heap of size 5600000000.
Running CPAchecker with default stack size (1024k). Specify a larger value with -stack if needed.
Running CPAchecker with the following extra VM options:  -Djava.io.tmpdir=/tmp/BenchExec_run_qcoji1pp/tmp
Using the following resource limits: CPU-time limit of 900s (ResourceLimitChecker.fromConfiguration, INFO)

CPAchecker (unknown version) (OpenJDK 64-Bit Server VM 1.8.0_151) started (CPAchecker.run, INFO)

Inline assembler ignored, analysis is probably unsound! (CFABuilder.createCFA, WARNING)

line 6748: Function pointer *completeFnBulk with type void (*)(struct urb *) is called, but no possible target functions were found. (CFunctionPointerResolver.replaceFunctionPointerCall, WARNING)

line 6742: Function pointer *completeFnInt with type void (*)(struct urb *) is called, but no possible target functions were found. (CFunctionPointerResolver.replaceFunctionPointerCall, WARNING)

MathSAT5 is available for research and evaluation purposes only. It can not be used in a commercial environment, particularly as part of a commercial product, without written permission. MathSAT5 is provided as is, without any warranty. Please write to mathsat@fbk.eu for additional questions regarding licensing MathSAT5 or obtaining more up-to-date versions. (PredicateCPA:JavaSMT:Mathsat5SolverContext.<init>, WARNING)

Using predicate analysis with MathSAT5 version 5.3.14 (0b98b661254c) (Nov 17 2016 10:59:45, gmp 5.1.3, gcc 4.8.5, 64-bit) and JFactory 1.21. (PredicateCPA:PredicateCPA.<init>, INFO)

Using refinement for predicate analysis with PredicateAbstractionRefinementStrategy strategy. (PredicateCPA:PredicateCPARefiner.<init>, INFO)

Starting analysis ... (CPAchecker.runAlgorithm, INFO)

Assuming external function ldv_initialize to be a constant function. (PredicateCPA:ExpressionToFormulaVisitor.visit, INFO)

Assuming external function unregister_netdev to be a pure function. (PredicateCPA:ExpressionToFormulaVisitor.visit, INFO)

Assuming external function free_irq to be a pure function. (PredicateCPA:ExpressionToFormulaVisitor.visit, INFO)

Assuming external function iounmap to be a pure function. (PredicateCPA:ExpressionToFormulaVisitor.visit, INFO)

Assuming external function __release_region to be a pure function. (PredicateCPA:ExpressionToFormulaVisitor.visit, INFO)

Assuming external function free_netdev to be a pure function. (PredicateCPA:ExpressionToFormulaVisitor.visit, INFO)

Assuming external function __request_region to be a pure function. (PredicateCPA:ExpressionToFormulaVisitor.visit, INFO)

Assuming external function __const_udelay to be a pure function. (PredicateCPA:ExpressionToFormulaVisitor.visit, INFO)

Assuming external function ioremap_nocache to be a pure function. (PredicateCPA:ExpressionToFormulaVisitor.visit, INFO)

Assuming external function probe_irq_on to be a constant function. (PredicateCPA:ExpressionToFormulaVisitor.visit, INFO)

Assuming external function alloc_arcdev to be a pure function. (PredicateCPA:ExpressionToFormulaVisitor.visit, INFO)

Assuming external function request_threaded_irq to be a pure function. (PredicateCPA:ExpressionToFormulaVisitor.visit, INFO)

Assuming external function register_netdev to be a pure function. (PredicateCPA:ExpressionToFormulaVisitor.visit, INFO)

Assuming external function probe_irq_off to be a pure function. (PredicateCPA:ExpressionToFormulaVisitor.visit, INFO)

Stopping analysis ... (CPAchecker.runAlgorithm, INFO)

PredicateCPA statistics
-----------------------
Number of abstractions:            70991 (13% of all post computations)
  Times abstraction was reused:    0
  Because of function entry/exit:  49294 (69%)
  Because of loop head:            21465 (30%)
  Because of join nodes:           0 (0%)
  Because of threshold:            0 (0%)
  Because of target state:         232 (0%)
  Times precision was empty:       14225 (20%)
  Times precision was {false}:     531 (1%)
  Times result was cached:         50622 (71%)
  Times cartesian abs was used:    0 (0%)
  Times boolean abs was used:      5613 (8%)
  Times result was 'false':        2398 (3%)
Number of strengthen sat checks:   0
Number of coverage checks:         116003
  BDD entailment checks:           29949
Number of SMT sat checks:          0
  trivial:                         0
  cached:                          0

Max ABE block size:                       47
Number of predicates discovered:          10
Number of abstraction locations:          88
Max number of predicates per location:    9
Avg number of predicates per location:    7
Total predicates per abstraction:         343249
Max number of predicates per abstraction: 9
Avg number of predicates per abstraction: 55.87
Number of irrelevant predicates:          68745 (20%)
Number of preds handled by boolean abs:   27735 (8%)
  Total number of models for allsat:      5693
  Max number of models for allsat:        4
  Avg number of models for allsat:        1.01

Time for post operator:                  5.706s
  Time for path formula creation:        5.480s
Time for strengthen operator:            0.448s
Time for prec operator:                 20.752s
  Time for abstraction:                 19.996s (Max:     0.051s, Count: 70991)
    Boolean abstraction:                 5.305s
    Solving time:                        4.852s (Max:     0.047s)
    Model enumeration time:              0.367s
    Time for BDD construction:           0.135s (Max:     0.013s)
Time for merge operator:                 0.369s
Time for coverage check:                 0.058s
  Time for BDD entailment checks:        0.043s
Total time for SMT solver (w/o itp):     5.219s

Number of path formula cache hits:   519894 (82%)

Inside post operator:                  
  Inside path formula creation:        
    Time for path formula computation:     4.849s

Total number of created targets for pointer analysis: 39044
   Number of created targets for uf: *(struct_net_device)* is 1073
   Number of created targets for uf: *signed_int is 1621
   Number of created targets for uf: *unsigned_long_int is 966


Number of BDD nodes:                               527
Size of BDD node table:                            270749
Size of BDD cache:                                 27073
Size of BDD node cleanup queue:                       11716 (count: 81317, min: 0, max: 318, avg: 0.14)
Time for BDD node cleanup:                             0.011s
Time for BDD garbage collection:                       0.000s (in 0 runs)

PrecisionBootstrap statistics
-----------------------------
Init. function predicates:                         0
Init. global predicates:                           0
Init. location predicates:                         0

Invariant Generation statistics
-------------------------------

AutomatonAnalysis (SVCOMP) statistics
-------------------------------------
Number of states:                                  1
Total time for successor computation:                  0.779s
  Time for transition matches:                         0.356s
  Time for transition assertions:                      0.000s
  Time for transition actions:                         0.015s
Automaton transfers with branching:                0
Automaton transfer successors:                       543619 (count: 543619, min: 1, max: 1, avg: 1.00) [1 x 543619]

CPA algorithm statistics
------------------------
Number of iterations:            366478
Max size of waitlist:            45
Average size of waitlist:        15
Number of computed successors:   434330
Max successors for one state:    2
Number of times merged:          43027
Number of times stopped:         60828
Number of times breaked:         232

Total time for CPA algorithm:        35.615s (Max:     1.338s)
  Time for choose from waitlist:      0.184s
  Time for precision adjustment:     22.615s
  Time for transfer relation:        10.210s
  Time for merge operator:            0.756s
  Time for stop operator:             0.465s
  Time for adding to reached set:     0.431s

Predicate-Abstraction Refiner statistics
----------------------------------------
Number of predicate refinements:                   232
Avg. length of target path (in blocks):               12416 (count: 232, min: 7, max: 140, avg: 53.52)
Number of infeasible sliced prefixes:                     0 (count: 0, min: 0, max: 0, avg: 0.00)

Time for refinement:                                   5.307s
  Counterexample analysis:                             4.277s (Max:     0.064s, Calls: 232)
    Refinement sat check:                              2.927s
    Interpolant computation:                           0.000s
  Path-formulas extraction:                            0.006s
  Error path post-processing:                          0.000s
  Predicate creation:                                  0.120s
  Precision update:                                    0.090s
  ARG update:                                          0.657s

Length of refined path (in blocks):                   10602 (count: 232, min: 5, max: 85, avg: 45.70)
Number of affected states:                            10304 (count: 232, min: 4, max: 84, avg: 44.41)
Length (states) of path with itp 'true':                 66 (count: 232, min: 0, max: 22, avg: 0.28)
Length (states) of path with itp non-trivial itp:     10304 (count: 232, min: 4, max: 84, avg: 44.41)
Length (states) of path with itp 'false':               232 (count: 232, min: 1, max: 1, avg: 1.00)
Different non-trivial interpolants along paths:           0 (count: 232, min: 0, max: 0, avg: 0.00)
Equal non-trivial interpolants along paths:           10072 (count: 232, min: 3, max: 83, avg: 43.41)
Number of refs with location-based cutoff:                0

CEGAR algorithm statistics
--------------------------
Number of refinements:                232
Number of successful refinements:     232
Number of failed refinements:         0
Max. size of reached set before ref.: 3915
Max. size of reached set after ref.:  502
Avg. size of reached set before ref.: 1575.66
Avg. size of reached set after ref.:  9.45

Total time for CEGAR algorithm:      41.398s
Time for refinements:                 5.773s
Average time for refinement:          0.024s
Max time for refinement:              0.091s

Code Coverage
-----------------------------
  Function coverage:      0.439
  Visited lines:          1592
  Total lines:            1795
  Line coverage:          0.887
  Visited conditions:     323
  Total conditions:       392
  Condition coverage:     0.824

CPAchecker general statistics
-----------------------------
Number of program locations:     2319
Number of CFA edges:             2523
Number of relevant variables:    200
Number of functions:             57
Number of loops:                 20
Size of reached set:             7744
  Number of reached locations:   792 (34%)
    Avg states per location:     9
    Max states per location:     72 (at node N790)
  Number of reached functions:   25 (44%)
  Number of partitions:          7599
    Avg size of partitions:      1
    Max size of partitions:      10 (with key [N522 (before line 5704), Function com90xx_probe called from node N1055, stack depth 3 [5165b71a], stack [main, com90xx_init, com90xx_probe]])
  Number of target states:       0

Time for analysis setup:          3.205s
  Time for loading CPAs:          0.598s
  Time for loading parser:        0.474s
  Time for CFA construction:      2.026s
    Time for parsing file(s):     0.607s
    Time for AST to CFA:          0.699s
    Time for CFA sanity check:    0.117s
    Time for post-processing:     0.471s
      Time for var class.:        0.171s
Time for Analysis:               41.398s
CPU time for analysis:           41.400s
Time for analyzing result:        0.005s
Total time for CPAchecker:       44.605s
Total CPU time for CPAchecker:   44.600s
Time for statistics:              0.124s

Time for Garbage Collector:       1.461s (in 230 runs)
Garbage Collector(s) used:    Copy, MarkSweepCompact
Used heap memory:                100MB (    95 MiB) max;     57MB (    55 MiB) avg;    105MB (   100 MiB) peak
Used non-heap memory:             39MB (    38 MiB) max;     37MB (    35 MiB) avg;     40MB (    38 MiB) peak
Allocated heap memory:           127MB (   121 MiB) max;    127MB (   121 MiB) avg
Allocated non-heap memory:        42MB (    40 MiB) max;     39MB (    37 MiB) avg
Total process virtual memory:   8017MB (  7646 MiB) max;   8013MB (  7642 MiB) avg

Verification result: TRUE. No property violation found by chosen configuration.
More details about the verification run can be found in the directory "./output".
