scripts/cpa.sh -Dy-MySearchStrategy-PredAbs-ABElf -heap 5600000000 -timelimit 900 -preprocess -stats -noout -setprop cpa.predicate.memoryAllocationsAlwaysSucceed=true -spec ../sv-benchmarks/c/ReachSafety.prp ../sv-benchmarks/c/ntdrivers/cdaudio_true-unreach-call.i.cil.c


--------------------------------------------------------------------------------


Running CPAchecker with Java heap of size 5600000000.
Running CPAchecker with default stack size (1024k). Specify a larger value with -stack if needed.
Running CPAchecker with the following extra VM options:  -Djava.io.tmpdir=/tmp/BenchExec_run_8kkqhhtm/tmp
Using the following resource limits: CPU-time limit of 900s (ResourceLimitChecker.fromConfiguration, INFO)

CPAchecker (unknown version) (OpenJDK 64-Bit Server VM 1.8.0_162) started (CPAchecker.run, INFO)

line 7415: Dead code detected: return (-1073741823L); (CFACreationUtils.addEdgeToCFA, INFO)

MathSAT5 is available for research and evaluation purposes only. It can not be used in a commercial environment, particularly as part of a commercial product, without written permission. MathSAT5 is provided as is, without any warranty. Please write to mathsat@fbk.eu for additional questions regarding licensing MathSAT5 or obtaining more up-to-date versions. (PredicateCPA:JavaSMT:Mathsat5SolverContext.<init>, WARNING)

Using predicate analysis with MathSAT5 version 5.3.14 (0b98b661254c) (Nov 17 2016 10:59:45, gmp 5.1.3, gcc 4.8.5, 64-bit) and JFactory 1.21. (PredicateCPA:PredicateCPA.<init>, INFO)

Using refinement for predicate analysis with PredicateAbstractionRefinementStrategy strategy. (PredicateCPA:PredicateCPARefiner.<init>, INFO)

Starting analysis ... (CPAchecker.runAlgorithm, INFO)

Assuming external function memcpy to be a pure function. (PredicateCPA:ExpressionToFormulaVisitor.visit, INFO)

Assuming external function InterlockedIncrement to be a pure function. (PredicateCPA:ExpressionToFormulaVisitor.visit, INFO)

Assuming external function InterlockedDecrement to be a pure function. (PredicateCPA:ExpressionToFormulaVisitor.visit, INFO)

Assuming external function memset to be a pure function. (PredicateCPA:ExpressionToFormulaVisitor.visit, INFO)

Assuming external function memcmp to be a pure function. (PredicateCPA:ExpressionToFormulaVisitor.visit, INFO)

Assuming external function MmLockPagableDataSection to be a pure function. (PredicateCPA:ExpressionToFormulaVisitor.visit, INFO)

Assuming external function IoOpenDeviceRegistryKey to be a pure function. (PredicateCPA:ExpressionToFormulaVisitor.visit, INFO)

Assuming external function RtlWriteRegistryValue to be a pure function. (PredicateCPA:ExpressionToFormulaVisitor.visit, INFO)

Stopping analysis ... (CPAchecker.runAlgorithm, INFO)

PredicateCPA statistics
-----------------------
Number of abstractions:            75570 (10% of all post computations)
  Times abstraction was reused:    0
  Because of function entry/exit:  72974 (97%)
  Because of loop head:            778 (1%)
  Because of join nodes:           0 (0%)
  Because of threshold:            0 (0%)
  Because of target state:         1818 (2%)
  Times precision was empty:       5810 (8%)
  Times precision was {false}:     520 (1%)
  Times result was cached:         67612 (89%)
  Times cartesian abs was used:    0 (0%)
  Times boolean abs was used:      1628 (2%)
  Times result was 'false':        21156 (28%)
Number of strengthen sat checks:   0
Number of coverage checks:         167079
  BDD entailment checks:           30875
Number of SMT sat checks:          0
  trivial:                         0
  cached:                          0

Max ABE block size:                       93
Number of predicates discovered:          67
Number of abstraction locations:          105
Max number of predicates per location:    15
Avg number of predicates per location:    5
Total predicates per abstraction:         281573
Max number of predicates per abstraction: 15
Avg number of predicates per abstraction: 131.09
Number of irrelevant predicates:          84717 (30%)
Number of preds handled by boolean abs:   6893 (2%)
  Total number of models for allsat:      5231
  Max number of models for allsat:        70
  Avg number of models for allsat:        3.21

Time for post operator:                  5.054s
  Time for path formula creation:        4.693s
Time for strengthen operator:            0.665s
Time for prec operator:                 27.737s
  Time for abstraction:                 26.456s (Max:     0.101s, Count: 75570)
    Boolean abstraction:                 5.325s
    Solving time:                        5.091s (Max:     0.094s)
    Model enumeration time:              0.708s
    Time for BDD construction:           0.254s (Max:     0.016s)
Time for merge operator:                 0.640s
Time for coverage check:                 0.078s
  Time for BDD entailment checks:        0.046s
Total time for SMT solver (w/o itp):     5.799s

Number of path formula cache hits:   881856 (99%)

Inside post operator:                  
  Inside path formula creation:        
    Time for path formula computation:     2.226s

Total number of created targets for pointer analysis: 3982
   Number of created targets for uf: *unsigned_char is 19
   Number of created targets for uf: *signed_long_int is 2
   Number of created targets for uf: *unsigned_long_int is 59
   Number of created targets for uf: *(struct__IO_STACK_LOCATION)* is 2


Number of BDD nodes:                               13316
Size of BDD node table:                            270749
Size of BDD cache:                                 27073
Size of BDD node cleanup queue:                        9565 (count: 55052, min: 0, max: 543, avg: 0.17)
Time for BDD node cleanup:                             0.017s
Time for BDD garbage collection:                       0.000s (in 0 runs)

PrecisionBootstrap statistics
-----------------------------
Init. function predicates:                         0
Init. global predicates:                           0
Init. location predicates:                         0

Invariant Generation statistics
-------------------------------

AutomatonAnalysis (SVCOMP) statistics
-------------------------------------
Number of states:                                  1
Total time for successor computation:                  1.312s
  Time for transition matches:                         0.607s
  Time for transition assertions:                      0.002s
  Time for transition actions:                         0.017s
Automaton transfers with branching:                0
Automaton transfer successors:                       771095 (count: 771095, min: 1, max: 1, avg: 1.00) [1 x 771095]

CPA algorithm statistics
------------------------
Number of iterations:            484552
Max size of waitlist:            143
Average size of waitlist:        35
Number of computed successors:   596483
Max successors for one state:    2
Number of times merged:          68102
Number of times stopped:         85812
Number of times breaked:         1818

Total time for CPA algorithm:        52.250s (Max:     0.714s)
  Time for choose from waitlist:      0.262s
  Time for precision adjustment:     32.224s
  Time for transfer relation:        14.191s
  Time for merge operator:            1.709s
  Time for stop operator:             0.949s
  Time for adding to reached set:     1.137s

Predicate-Abstraction Refiner statistics
----------------------------------------
Number of predicate refinements:                   1818
Avg. length of target path (in blocks):               29220 (count: 1818, min: 4, max: 36, avg: 16.07)
Number of infeasible sliced prefixes:                     0 (count: 0, min: 0, max: 0, avg: 0.00)

Time for refinement:                                  27.690s
  Counterexample analysis:                            25.410s (Max:     0.093s, Calls: 1818)
    Refinement sat check:                             19.330s
    Interpolant computation:                           0.000s
  Path-formulas extraction:                            0.018s
  Error path post-processing:                          0.000s
  Predicate creation:                                  0.174s
  Precision update:                                    0.765s
  ARG update:                                          0.883s

Length of refined path (in blocks):                   27085 (count: 1818, min: 3, max: 35, avg: 14.90)
Number of affected states:                             6761 (count: 1818, min: 1, max: 31, avg: 3.72)
Length (states) of path with itp 'true':              18506 (count: 1818, min: 0, max: 22, avg: 10.18)
Length (states) of path with itp non-trivial itp:      6761 (count: 1818, min: 1, max: 31, avg: 3.72)
Length (states) of path with itp 'false':              1818 (count: 1818, min: 1, max: 1, avg: 1.00)
Different non-trivial interpolants along paths:        1813 (count: 1818, min: 0, max: 5, avg: 1.00)
Equal non-trivial interpolants along paths:            3130 (count: 1818, min: 0, max: 30, avg: 1.72)
Number of refs with location-based cutoff:                0

CEGAR algorithm statistics
--------------------------
Number of refinements:                1818
Number of successful refinements:     1818
Number of failed refinements:         0
Max. size of reached set before ref.: 3925
Max. size of reached set after ref.:  3882
Avg. size of reached set before ref.: 2932.01
Avg. size of reached set after ref.:  2664.80

Total time for CEGAR algorithm:      86.192s
Time for refinements:                31.139s
Average time for refinement:          0.017s
Max time for refinement:              0.098s

Code Coverage
-----------------------------
  Function coverage:      0.333
  Visited lines:          1767
  Total lines:            3564
  Line coverage:          0.496
  Visited conditions:     456
  Total conditions:       924
  Condition coverage:     0.494

CPAchecker general statistics
-----------------------------
Number of program locations:     4548
Number of CFA edges:             5100
Number of relevant variables:    362
Number of functions:             87
Number of loops:                 19
Size of reached set:             3721
  Number of reached locations:   1047 (23%)
    Avg states per location:     3
    Max states per location:     32 (at node N4409)
  Number of reached functions:   29 (33%)
  Number of partitions:          3706
    Avg size of partitions:      1
    Max size of partitions:      6 (with key [N3951 (before line 7598), Function main called from node N3893, stack depth 1 [6d074b14], stack [main]])
  Number of target states:       0

Time for analysis setup:          5.911s
  Time for loading CPAs:          0.901s
  Time for loading parser:        0.744s
  Time for CFA construction:      4.099s
    Time for parsing file(s):     0.988s
    Time for AST to CFA:          1.432s
    Time for CFA sanity check:    0.424s
    Time for post-processing:     1.145s
      Time for var class.:        0.586s
Time for Analysis:               86.193s
CPU time for analysis:           86.190s
Time for analyzing result:        0.011s
Total time for CPAchecker:       92.117s
Total CPU time for CPAchecker:   92.100s
Time for statistics:              0.135s

Time for Garbage Collector:       2.193s (in 316 runs)
Garbage Collector(s) used:    Copy, MarkSweepCompact
Used heap memory:                103MB (    98 MiB) max;     62MB (    60 MiB) avg;    106MB (   101 MiB) peak
Used non-heap memory:             40MB (    38 MiB) max;     38MB (    36 MiB) avg;     41MB (    39 MiB) peak
Allocated heap memory:           127MB (   121 MiB) max;    127MB (   121 MiB) avg
Allocated non-heap memory:        42MB (    40 MiB) max;     40MB (    38 MiB) avg
Total process virtual memory:   8133MB (  7756 MiB) max;   8127MB (  7751 MiB) avg

Verification result: TRUE. No property violation found by chosen configuration.
More details about the verification run can be found in the directory "./output".
