scripts/cpa.sh -Dy-MySearchStrategy-PredAbs-ABElf -heap 5600000000 -timelimit 30 -preprocess -stats -noout -setprop cpa.predicate.memoryAllocationsAlwaysSucceed=true -spec ../sv-benchmarks/c/ReachSafety.prp ../sv-benchmarks/c/product-lines/minepump_spec4_product26_true-unreach-call_false-termination.cil.c


--------------------------------------------------------------------------------


Running CPAchecker with Java heap of size 5600000000.
Running CPAchecker with default stack size (1024k). Specify a larger value with -stack if needed.
Running CPAchecker with the following extra VM options:  -Djava.io.tmpdir=/tmp/BenchExec_run_34ipp_8f/tmp
Using the following resource limits: CPU-time limit of 30s (ResourceLimitChecker.fromConfiguration, INFO)

CPAchecker (unknown version) (OpenJDK 64-Bit Server VM 1.8.0_151) started (CPAchecker.run, INFO)

line 232: Dead code detected: return (retValue_acc); (CFACreationUtils.addEdgeToCFA, INFO)

line 241: Dead code detected: return (retValue_acc); (CFACreationUtils.addEdgeToCFA, INFO)

line 296: Dead code detected: return (retValue_acc); (CFACreationUtils.addEdgeToCFA, INFO)

line 353: Dead code detected: return (retValue_acc); (CFACreationUtils.addEdgeToCFA, INFO)

line 385: Dead code detected: return (retValue_acc); (CFACreationUtils.addEdgeToCFA, INFO)

line 394: Dead code detected: return (retValue_acc); (CFACreationUtils.addEdgeToCFA, INFO)

line 435: Dead code detected: return (retValue_acc); (CFACreationUtils.addEdgeToCFA, INFO)

line 458: Dead code detected: return (retValue_acc); (CFACreationUtils.addEdgeToCFA, INFO)

line 778: Dead code detected: return (retValue_acc); (CFACreationUtils.addEdgeToCFA, INFO)

line 824: Dead code detected: return (retValue_acc); (CFACreationUtils.addEdgeToCFA, INFO)

line 920: Dead code detected: return (retValue_acc); (CFACreationUtils.addEdgeToCFA, INFO)

line 615: Function pointer *__cil_tmp10 with type int (*)(int, int) is called, but no possible target functions were found. (CFunctionPointerResolver.replaceFunctionPointerCall, WARNING)

MathSAT5 is available for research and evaluation purposes only. It can not be used in a commercial environment, particularly as part of a commercial product, without written permission. MathSAT5 is provided as is, without any warranty. Please write to mathsat@fbk.eu for additional questions regarding licensing MathSAT5 or obtaining more up-to-date versions. (PredicateCPA:JavaSMT:Mathsat5SolverContext.<init>, WARNING)

Using predicate analysis with MathSAT5 version 5.3.14 (0b98b661254c) (Nov 17 2016 10:59:45, gmp 5.1.3, gcc 4.8.5, 64-bit) and JFactory 1.21. (PredicateCPA:PredicateCPA.<init>, INFO)

Using refinement for predicate analysis with PredicateAbstractionRefinementStrategy strategy. (PredicateCPA:PredicateCPARefiner.<init>, INFO)

Starting analysis ... (CPAchecker.runAlgorithm, INFO)

Stopping analysis ... (CPAchecker.runAlgorithm, INFO)

PredicateCPA statistics
-----------------------
Number of abstractions:            2394 (27% of all post computations)
  Times abstraction was reused:    0
  Because of function entry/exit:  2302 (96%)
  Because of loop head:            68 (3%)
  Because of join nodes:           0 (0%)
  Because of threshold:            0 (0%)
  Because of target state:         24 (1%)
  Times precision was empty:       385 (16%)
  Times precision was {false}:     74 (3%)
  Times result was cached:         1717 (72%)
  Times cartesian abs was used:    0 (0%)
  Times boolean abs was used:      218 (9%)
  Times result was 'false':        354 (15%)
Number of strengthen sat checks:   0
Number of coverage checks:         576
  BDD entailment checks:           306
Number of SMT sat checks:          0
  trivial:                         0
  cached:                          0

Max ABE block size:                       9
Number of predicates discovered:          7
Number of abstraction locations:          36
Max number of predicates per location:    4
Avg number of predicates per location:    2
Total predicates per abstraction:         5192
Max number of predicates per abstraction: 5
Avg number of predicates per abstraction: 17.78
Number of irrelevant predicates:          1296 (25%)
Number of preds handled by boolean abs:   456 (9%)
  Total number of models for allsat:      232
  Max number of models for allsat:        2
  Avg number of models for allsat:        1.06

Time for post operator:                  0.444s
  Time for path formula creation:        0.412s
Time for strengthen operator:            0.043s
Time for prec operator:                  1.272s
  Time for abstraction:                  1.185s (Max:     0.017s, Count: 2394)
    Boolean abstraction:                 0.247s
    Solving time:                        0.165s (Max:     0.013s)
    Model enumeration time:              0.017s
    Time for BDD construction:           0.026s (Max:     0.006s)
Time for merge operator:                 0.010s
Time for coverage check:                 0.019s
  Time for BDD entailment checks:        0.018s
Total time for SMT solver (w/o itp):     0.182s

Number of path formula cache hits:   7879 (76%)

Inside post operator:                  
  Inside path formula creation:        
    Time for path formula computation:     0.373s

Total number of created targets for pointer analysis: 0


Number of BDD nodes:                               253
Size of BDD node table:                            270749
Size of BDD cache:                                 27073
Size of BDD node cleanup queue:                         460 (count: 2512, min: 0, max: 226, avg: 0.18)
Time for BDD node cleanup:                             0.010s
Time for BDD garbage collection:                       0.000s (in 0 runs)

PrecisionBootstrap statistics
-----------------------------
Init. function predicates:                         0
Init. global predicates:                           0
Init. location predicates:                         0

Invariant Generation statistics
-------------------------------

AutomatonAnalysis (SVCOMP) statistics
-------------------------------------
Number of states:                                  1
Total time for successor computation:                  0.098s
Automaton transfers with branching:                0
Automaton transfer successors:                         8760 (count: 8760, min: 1, max: 1, avg: 1.00) [1 x 8760]

CPA algorithm statistics
------------------------
Number of iterations:            6870
Max size of waitlist:            11
Average size of waitlist:        5
Number of computed successors:   7656
Max successors for one state:    2
Number of times merged:          135
Number of times stopped:         277
Number of times breaked:         24

Total time for CPA algorithm:         2.689s (Max:     0.294s)
  Time for choose from waitlist:      0.026s
  Time for precision adjustment:      1.503s
  Time for transfer relation:         0.921s
  Time for merge operator:            0.031s
  Time for stop operator:             0.054s
  Time for adding to reached set:     0.069s

Predicate-Abstraction Refiner statistics
----------------------------------------
Number of predicate refinements:                   24
Avg. length of target path (in blocks):                 681 (count: 24, min: 19, max: 46, avg: 28.38)
Number of infeasible sliced prefixes:                     0 (count: 0, min: 0, max: 0, avg: 0.00)

Time for refinement:                                   0.271s
  Counterexample analysis:                             0.158s (Max:     0.016s, Calls: 24)
    Refinement sat check:                              0.053s
    Interpolant computation:                           0.000s
  Path-formulas extraction:                            0.000s
  Error path post-processing:                          0.000s
  Predicate creation:                                  0.024s
  Precision update:                                    0.021s
  ARG update:                                          0.058s

Length of refined path (in blocks):                     524 (count: 24, min: 13, max: 43, avg: 21.83)
Number of affected states:                              451 (count: 24, min: 2, max: 42, avg: 18.79)
Length (states) of path with itp 'true':                 49 (count: 24, min: 0, max: 13, avg: 2.04)
Length (states) of path with itp non-trivial itp:       451 (count: 24, min: 2, max: 42, avg: 18.79)
Length (states) of path with itp 'false':                24 (count: 24, min: 1, max: 1, avg: 1.00)
Different non-trivial interpolants along paths:           7 (count: 24, min: 0, max: 1, avg: 0.29)
Equal non-trivial interpolants along paths:             420 (count: 24, min: 1, max: 40, avg: 17.50)
Number of refs with location-based cutoff:                0

CEGAR algorithm statistics
--------------------------
Number of refinements:                24
Number of successful refinements:     24
Number of failed refinements:         0
Max. size of reached set before ref.: 784
Max. size of reached set after ref.:  398
Avg. size of reached set before ref.: 292.79
Avg. size of reached set after ref.:  36.29

Total time for CEGAR algorithm:       3.002s
Time for refinements:                 0.311s
Average time for refinement:          0.012s
Max time for refinement:              0.036s

Code Coverage
-----------------------------
  Function coverage:      0.472
  Visited lines:          99
  Total lines:            423
  Line coverage:          0.234
  Visited conditions:     28
  Total conditions:       66
  Condition coverage:     0.424

CPAchecker general statistics
-----------------------------
Number of program locations:     604
Number of CFA edges:             647
Number of relevant variables:    114
Number of functions:             36
Number of loops:                 5
Size of reached set:             870
  Number of reached locations:   131 (22%)
    Avg states per location:     6
    Max states per location:     32 (at node N210)
  Number of reached functions:   17 (47%)
  Number of partitions:          854
    Avg size of partitions:      1
    Max size of partitions:      3 (with key [N32 (after line 86), Function test called from node N595, stack depth 3 [77429040], stack [main, runTest, test]])
  Number of target states:       0

Time for analysis setup:          2.242s
  Time for loading CPAs:          0.564s
  Time for loading parser:        0.514s
  Time for CFA construction:      1.050s
    Time for parsing file(s):     0.375s
    Time for AST to CFA:          0.273s
    Time for CFA sanity check:    0.069s
    Time for post-processing:     0.206s
      Time for var class.:        0.084s
Time for Analysis:                3.002s
CPU time for analysis:            3.010s
Time for analyzing result:        0.001s
Total time for CPAchecker:        5.254s
Total CPU time for CPAchecker:    5.260s
Time for statistics:              0.074s

Time for Garbage Collector:       0.120s (in 7 runs)
Garbage Collector(s) used:    Copy, MarkSweepCompact
Used heap memory:                 59MB (    56 MiB) max;     35MB (    33 MiB) avg;     62MB (    60 MiB) peak
Used non-heap memory:             34MB (    33 MiB) max;     27MB (    26 MiB) avg;     36MB (    34 MiB) peak
Allocated heap memory:           127MB (   121 MiB) max;    127MB (   121 MiB) avg
Allocated non-heap memory:        37MB (    35 MiB) max;     29MB (    28 MiB) avg
Total process virtual memory:   8085MB (  7711 MiB) max;   8044MB (  7671 MiB) avg

Verification result: TRUE. No property violation found by chosen configuration.
More details about the verification run can be found in the directory "./output".
