scripts/cpa.sh -Dy-MySearchStrategy-PredAbs-ABElf -heap 5600000000 -timelimit 900 -preprocess -stats -noout -setprop cpa.predicate.memoryAllocationsAlwaysSucceed=true -spec ../sv-benchmarks/c/ReachSafety.prp ../sv-benchmarks/c/product-lines/minepump_spec5_productSimulator_true-unreach-call_false-termination.cil.c


--------------------------------------------------------------------------------


Running CPAchecker with Java heap of size 5600000000.
Running CPAchecker with default stack size (1024k). Specify a larger value with -stack if needed.
Running CPAchecker with the following extra VM options:  -Djava.io.tmpdir=/tmp/BenchExec_run_fvrpzw0a/tmp
Using the following resource limits: CPU-time limit of 900s (ResourceLimitChecker.fromConfiguration, INFO)

CPAchecker (unknown version) (OpenJDK 64-Bit Server VM 1.8.0_151) started (CPAchecker.run, INFO)

line 100: Dead code detected: return (retValue_acc); (CFACreationUtils.addEdgeToCFA, INFO)

line 132: Dead code detected: return (retValue_acc); (CFACreationUtils.addEdgeToCFA, INFO)

line 146: Dead code detected: return (retValue_acc); (CFACreationUtils.addEdgeToCFA, INFO)

line 155: Dead code detected: return (retValue_acc); (CFACreationUtils.addEdgeToCFA, INFO)

line 259: Dead code detected: return (retValue_acc); (CFACreationUtils.addEdgeToCFA, INFO)

line 271: Dead code detected: return (retValue_acc); (CFACreationUtils.addEdgeToCFA, INFO)

line 304: Dead code detected: return (retValue_acc); (CFACreationUtils.addEdgeToCFA, INFO)

line 633: Dead code detected: return (retValue_acc); (CFACreationUtils.addEdgeToCFA, INFO)

line 679: Dead code detected: return (retValue_acc); (CFACreationUtils.addEdgeToCFA, INFO)

line 991: Dead code detected: return (retValue_acc); (CFACreationUtils.addEdgeToCFA, INFO)

line 1000: Dead code detected: return (retValue_acc); (CFACreationUtils.addEdgeToCFA, INFO)

line 1055: Dead code detected: return (retValue_acc); (CFACreationUtils.addEdgeToCFA, INFO)

line 1074: Dead code detected: return (retValue_acc); (CFACreationUtils.addEdgeToCFA, INFO)

line 470: Function pointer *__cil_tmp10 with type int (*)(int, int) is called, but no possible target functions were found. (CFunctionPointerResolver.replaceFunctionPointerCall, WARNING)

MathSAT5 is available for research and evaluation purposes only. It can not be used in a commercial environment, particularly as part of a commercial product, without written permission. MathSAT5 is provided as is, without any warranty. Please write to mathsat@fbk.eu for additional questions regarding licensing MathSAT5 or obtaining more up-to-date versions. (PredicateCPA:JavaSMT:Mathsat5SolverContext.<init>, WARNING)

Using predicate analysis with MathSAT5 version 5.3.14 (0b98b661254c) (Nov 17 2016 10:59:45, gmp 5.1.3, gcc 4.8.5, 64-bit) and JFactory 1.21. (PredicateCPA:PredicateCPA.<init>, INFO)

Using refinement for predicate analysis with PredicateAbstractionRefinementStrategy strategy. (PredicateCPA:PredicateCPARefiner.<init>, INFO)

Starting analysis ... (CPAchecker.runAlgorithm, INFO)

Stopping analysis ... (CPAchecker.runAlgorithm, INFO)

PredicateCPA statistics
-----------------------
Number of abstractions:            967938 (30% of all post computations)
  Times abstraction was reused:    0
  Because of function entry/exit:  963497 (100%)
  Because of loop head:            3553 (0%)
  Because of join nodes:           0 (0%)
  Because of threshold:            0 (0%)
  Because of target state:         888 (0%)
  Times precision was empty:       27265 (3%)
  Times precision was {false}:     2991 (0%)
  Times result was cached:         818661 (85%)
  Times cartesian abs was used:    0 (0%)
  Times boolean abs was used:      119021 (12%)
  Times result was 'false':        98926 (10%)
Number of strengthen sat checks:   0
Number of coverage checks:         2010614
  BDD entailment checks:           1859360
Number of SMT sat checks:          0
  trivial:                         0
  cached:                          0

Max ABE block size:                       15
Number of predicates discovered:          31
Number of abstraction locations:          87
Max number of predicates per location:    17
Avg number of predicates per location:    10
Total predicates per abstraction:         8378112
Max number of predicates per abstraction: 17
Avg number of predicates per abstraction: 68.67
Number of irrelevant predicates:          2776957 (33%)
Number of preds handled by boolean abs:   982308 (12%)
  Total number of models for allsat:      174035
  Max number of models for allsat:        8
  Avg number of models for allsat:        1.46

Time for post operator:                 25.762s
  Time for path formula creation:       24.710s
Time for strengthen operator:            2.172s
Time for prec operator:                357.280s
  Time for abstraction:                345.315s (Max:     0.931s, Count: 967938)
    Boolean abstraction:                94.200s
    Solving time:                       73.795s (Max:     0.040s)
    Model enumeration time:              7.679s
    Time for BDD construction:           3.052s (Max:     0.046s)
Time for merge operator:                 0.509s
Time for coverage check:                 1.496s
  Time for BDD entailment checks:        1.192s
Total time for SMT solver (w/o itp):    81.474s

Number of path formula cache hits:   3010047 (75%)

Inside post operator:                  
  Inside path formula creation:        
    Time for path formula computation:    10.885s

Total number of created targets for pointer analysis: 0


Number of BDD nodes:                               90877
Size of BDD node table:                            270749
Size of BDD cache:                                 27073
Size of BDD node cleanup queue:                      312066 (count: 2666122, min: 0, max: 1987, avg: 0.12)
Time for BDD node cleanup:                             0.274s
Time for BDD garbage collection:                       0.000s (in 0 runs)

PrecisionBootstrap statistics
-----------------------------
Init. function predicates:                         0
Init. global predicates:                           0
Init. location predicates:                         0

Invariant Generation statistics
-------------------------------

AutomatonAnalysis (SVCOMP) statistics
-------------------------------------
Number of states:                                  1
Total time for successor computation:                  3.150s
  Time for transition matches:                         1.700s
  Time for transition assertions:                      0.000s
  Time for transition actions:                         0.003s
Automaton transfers with branching:                0
Automaton transfer successors:                      3266725 (count: 3266725, min: 1, max: 1, avg: 1.00) [1 x 3266725]

CPA algorithm statistics
------------------------
Number of iterations:            2614669
Max size of waitlist:            659
Average size of waitlist:        198
Number of computed successors:   2903353
Max successors for one state:    2
Number of times merged:          75627
Number of times stopped:         168906
Number of times breaked:         888

Total time for CPA algorithm:       430.799s (Max:     6.468s)
  Time for choose from waitlist:      0.845s
  Time for precision adjustment:    368.822s
  Time for transfer relation:        46.534s
  Time for merge operator:            2.493s
  Time for stop operator:             4.616s
  Time for adding to reached set:     2.534s

Predicate-Abstraction Refiner statistics
----------------------------------------
Number of predicate refinements:                   888
Avg. length of target path (in blocks):               81743 (count: 888, min: 37, max: 162, avg: 92.05)
Number of infeasible sliced prefixes:                     0 (count: 0, min: 0, max: 0, avg: 0.00)

Time for refinement:                                  15.111s
  Counterexample analysis:                            10.204s (Max:     0.063s, Calls: 888)
    Refinement sat check:                              3.980s
    Interpolant computation:                           0.000s
  Path-formulas extraction:                            0.037s
  Error path post-processing:                          0.000s
  Predicate creation:                                  0.199s
  Precision update:                                    0.358s
  ARG update:                                          3.975s

Length of refined path (in blocks):                   68026 (count: 888, min: 26, max: 149, avg: 76.61)
Number of affected states:                            26498 (count: 888, min: 1, max: 111, avg: 29.84)
Length (states) of path with itp 'true':              40640 (count: 888, min: 0, max: 113, avg: 45.77)
Length (states) of path with itp non-trivial itp:     26498 (count: 888, min: 1, max: 111, avg: 29.84)
Length (states) of path with itp 'false':               888 (count: 888, min: 1, max: 1, avg: 1.00)
Different non-trivial interpolants along paths:         418 (count: 888, min: 0, max: 5, avg: 0.47)
Equal non-trivial interpolants along paths:           25192 (count: 888, min: 0, max: 110, avg: 28.37)
Number of refs with location-based cutoff:                0

CEGAR algorithm statistics
--------------------------
Number of refinements:                888
Number of successful refinements:     888
Number of failed refinements:         0
Max. size of reached set before ref.: 44384
Max. size of reached set after ref.:  38697
Avg. size of reached set before ref.: 16678.53
Avg. size of reached set after ref.:  13751.20

Total time for CEGAR algorithm:     465.021s
Time for refinements:                26.012s
Average time for refinement:          0.029s
Max time for refinement:              0.126s

Code Coverage
-----------------------------
  Function coverage:      0.766
  Visited lines:          203
  Total lines:            505
  Line coverage:          0.402
  Visited conditions:     62
  Total conditions:       94
  Condition coverage:     0.660

CPAchecker general statistics
-----------------------------
Number of program locations:     737
Number of CFA edges:             811
Number of relevant variables:    133
Number of functions:             47
Number of loops:                 5
Size of reached set:             36059
  Number of reached locations:   264 (36%)
    Avg states per location:     136
    Max states per location:     874 (at node N732)
  Number of reached functions:   36 (77%)
  Number of partitions:          34616
    Avg size of partitions:      1
    Max size of partitions:      72 (with key [N500 (after line 717), Function test called from node N117, stack depth 3 [39c2b1da], stack [main, runTest, test]])
  Number of target states:       0

Time for analysis setup:          2.137s
  Time for loading CPAs:          0.531s
  Time for loading parser:        0.462s
  Time for CFA construction:      0.985s
    Time for parsing file(s):     0.307s
    Time for AST to CFA:          0.292s
    Time for CFA sanity check:    0.059s
    Time for post-processing:     0.211s
      Time for var class.:        0.095s
Time for Analysis:              465.022s
CPU time for analysis:          464.960s
Time for analyzing result:        0.024s
Total time for CPAchecker:      467.162s
Total CPU time for CPAchecker:  467.090s
Time for statistics:              0.392s

Time for Garbage Collector:      32.062s (in 1425 runs)
Garbage Collector(s) used:    Copy, MarkSweepCompact
Used heap memory:                588MB (   560 MiB) max;    257MB (   245 MiB) avg;    595MB (   567 MiB) peak
Used non-heap memory:             36MB (    34 MiB) max;     36MB (    34 MiB) avg;     37MB (    35 MiB) peak
Allocated heap memory:           604MB (   576 MiB) max;    370MB (   353 MiB) avg
Allocated non-heap memory:        38MB (    36 MiB) max;     38MB (    36 MiB) avg
Total process virtual memory:  10519MB ( 10031 MiB) max;   8781MB (  8374 MiB) avg

Verification result: TRUE. No property violation found by chosen configuration.
More details about the verification run can be found in the directory "./output".
