scripts/cpa.sh -Dy-MySearchStrategy-PredAbs-ABElf -heap 5600000000 -timelimit 900 -preprocess -stats -noout -setprop cpa.predicate.memoryAllocationsAlwaysSucceed=true -spec ../sv-benchmarks/c/ReachSafety.prp ../sv-benchmarks/c/ldv-linux-3.14/linux-3.14__linux-kernel-locking-spinlock__drivers-net-fddi-skfp-skfp_true-unreach-call.cil.c


--------------------------------------------------------------------------------


Running CPAchecker with Java heap of size 5600000000.
Running CPAchecker with default stack size (1024k). Specify a larger value with -stack if needed.
Running CPAchecker with the following extra VM options:  -Djava.io.tmpdir=/tmp/BenchExec_run_igl1j_h9/tmp
Using the following resource limits: CPU-time limit of 900s (ResourceLimitChecker.fromConfiguration, INFO)

CPAchecker (unknown version) (OpenJDK 64-Bit Server VM 1.8.0_162) started (CPAchecker.run, INFO)

line 8158: Dead code detected: return; (CFACreationUtils.addEdgeToCFA, INFO)

Dead code detected: Label switch_break is not reachable. (CFAFunctionBuilder.leave, INFO)

line 9779: Dead code detected: return (arg0); (CFACreationUtils.addEdgeToCFA, INFO)

line 9961: Dead code detected: return; (CFACreationUtils.addEdgeToCFA, INFO)

line 9986: Dead code detected: return; (CFACreationUtils.addEdgeToCFA, INFO)

line 9999: Dead code detected: return; (CFACreationUtils.addEdgeToCFA, INFO)

line 10074: Dead code detected: return; (CFACreationUtils.addEdgeToCFA, INFO)

line 10105: Dead code detected: return; (CFACreationUtils.addEdgeToCFA, INFO)

line 10193: Dead code detected: return; (CFACreationUtils.addEdgeToCFA, INFO)

line 10308: Dead code detected: return; (CFACreationUtils.addEdgeToCFA, INFO)

line 10339: Dead code detected: return; (CFACreationUtils.addEdgeToCFA, INFO)

line 10434: Dead code detected: return; (CFACreationUtils.addEdgeToCFA, INFO)

line 10474: Dead code detected: return (arg0); (CFACreationUtils.addEdgeToCFA, INFO)

line 10475: Dead code detected: return (arg0); (CFACreationUtils.addEdgeToCFA, INFO)

line 10519: Dead code detected: return (arg0); (CFACreationUtils.addEdgeToCFA, INFO)

line 10534: Dead code detected: return; (CFACreationUtils.addEdgeToCFA, INFO)

line 10583: Dead code detected: return (ldv_func_res); (CFACreationUtils.addEdgeToCFA, INFO)

line 10638: Dead code detected: return (ldv_func_res); (CFACreationUtils.addEdgeToCFA, INFO)

line 10740: Dead code detected: return (ldv_func_res); (CFACreationUtils.addEdgeToCFA, INFO)

Dead code detected: Label switch_break is not reachable. (CFAFunctionBuilder.leave, INFO)

Dead code detected: Label switch_break is not reachable. (CFAFunctionBuilder.leave, INFO)

line 13819: Dead code detected: Goto: case_1 (CFACreationUtils.addEdgeToCFA, INFO)

line 13824: Dead code detected: Goto: case_2 (CFACreationUtils.addEdgeToCFA, INFO)

line 13829: Dead code detected: Goto: case_3 (CFACreationUtils.addEdgeToCFA, INFO)

line 13833: Dead code detected: Goto: switch_default (CFACreationUtils.addEdgeToCFA, INFO)

Dead code detected: Label switch_break is not reachable. (CFAFunctionBuilder.leave, INFO)

Dead code detected: Label case_3 is not reachable. (CFAFunctionBuilder.leave, INFO)

Dead code detected: Label switch_default is not reachable. (CFAFunctionBuilder.leave, INFO)

Dead code detected: Label case_1 is not reachable. (CFAFunctionBuilder.leave, INFO)

Dead code detected: Label case_2 is not reachable. (CFAFunctionBuilder.leave, INFO)

Dead code detected: Label switch_break is not reachable. (CFAFunctionBuilder.leave, INFO)

Dead code detected: Label switch_break is not reachable. (CFAFunctionBuilder.leave, INFO)

Dead code detected: Label switch_break is not reachable. (CFAFunctionBuilder.leave, INFO)

Dead code detected: Label switch_break is not reachable. (CFAFunctionBuilder.leave, INFO)

Dead code detected: Label switch_break is not reachable. (CFAFunctionBuilder.leave, INFO)

Dead code detected: Label switch_break is not reachable. (CFAFunctionBuilder.leave, INFO)

Dead code detected: Label switch_break is not reachable. (CFAFunctionBuilder.leave, INFO)

Dead code detected: Label switch_break is not reachable. (CFAFunctionBuilder.leave, INFO)

Dead code detected: Label switch_break is not reachable. (CFAFunctionBuilder.leave, INFO)

Dead code detected: Label switch_break is not reachable. (CFAFunctionBuilder.leave, INFO)

Dead code detected: Label switch_break is not reachable. (CFAFunctionBuilder.leave, INFO)

Dead code detected: Label switch_break is not reachable. (CFAFunctionBuilder.leave, INFO)

Inline assembler ignored, analysis is probably unsound! (CFABuilder.createCFA, WARNING)

line 6730: Function pointer *(ops->alloc) with type void *(*)(struct device *, size_t , dma_addr_t *, gfp_t , struct dma_attrs *) is called, but no possible target functions were found. (CFunctionPointerResolver.replaceFunctionPointerCall, WARNING)

line 6771: Function pointer *(ops->free) with type void (*)(struct device *, size_t , void *, dma_addr_t , struct dma_attrs *) is called, but no possible target functions were found. (CFunctionPointerResolver.replaceFunctionPointerCall, WARNING)

lines 6605-6606: Function pointer *(ops->map_page) with type dma_addr_t (*)(struct device *, struct page *, unsigned long, size_t , enum dma_data_direction , struct dma_attrs *) is called, but no possible target functions were found. (CFunctionPointerResolver.replaceFunctionPointerCall, WARNING)

line 6644: Function pointer *(ops->unmap_page) with type void (*)(struct device *, dma_addr_t , size_t , enum dma_data_direction , struct dma_attrs *) is called, but no possible target functions were found. (CFunctionPointerResolver.replaceFunctionPointerCall, WARNING)

line 10225: Function pointer *arg0 with type int (*)(struct pci_dev *) is called, but no possible target functions were found. (CFunctionPointerResolver.replaceFunctionPointerCall, WARNING)

line 10236: Function pointer *arg0 with type int (*)(struct pci_dev *) is called, but no possible target functions were found. (CFunctionPointerResolver.replaceFunctionPointerCall, WARNING)

line 10259: Function pointer *arg0 with type int (*)(struct pci_dev *, struct pm_message ) is called, but no possible target functions were found. (CFunctionPointerResolver.replaceFunctionPointerCall, WARNING)

line 10271: Function pointer *arg0 with type int (*)(struct pci_dev *, struct pm_message ) is called, but no possible target functions were found. (CFunctionPointerResolver.replaceFunctionPointerCall, WARNING)

MathSAT5 is available for research and evaluation purposes only. It can not be used in a commercial environment, particularly as part of a commercial product, without written permission. MathSAT5 is provided as is, without any warranty. Please write to mathsat@fbk.eu for additional questions regarding licensing MathSAT5 or obtaining more up-to-date versions. (PredicateCPA:JavaSMT:Mathsat5SolverContext.<init>, WARNING)

Using predicate analysis with MathSAT5 version 5.3.14 (0b98b661254c) (Nov 17 2016 10:59:45, gmp 5.1.3, gcc 4.8.5, 64-bit) and JFactory 1.21. (PredicateCPA:PredicateCPA.<init>, INFO)

Using refinement for predicate analysis with PredicateAbstractionRefinementStrategy strategy. (PredicateCPA:PredicateCPARefiner.<init>, INFO)

Starting analysis ... (CPAchecker.runAlgorithm, INFO)

Assuming external function ldv_initialize to be a constant function. (PredicateCPA:ExpressionToFormulaVisitor.visit, INFO)

Assuming external function __pci_register_driver to be a pure function. (PredicateCPA:ExpressionToFormulaVisitor.visit, INFO)

Assuming external function pci_unregister_driver to be a pure function. (PredicateCPA:ExpressionToFormulaVisitor.visit, INFO)

line 10304: Destroying the void* pointer ldv_xmalloc::tmp produces garbage or the memory pointed by it is unused: tmp___0 = ldv_xmalloc(32UL); (PredicateCPA:DynamicMemoryHandler.handleDeferredAllocationInFunctionExit, WARNING)

Assuming external function ldv_pre_probe to be a constant function. (PredicateCPA:ExpressionToFormulaVisitor.visit, INFO)

Assuming external function __dynamic_pr_debug to be a pure function. (PredicateCPA:ExpressionToFormulaVisitor.visit, INFO)

Assuming external function pci_enable_device to be a pure function. (PredicateCPA:ExpressionToFormulaVisitor.visit, INFO)

Assuming external function pci_request_regions to be a pure function. (PredicateCPA:ExpressionToFormulaVisitor.visit, INFO)

Assuming external function pci_set_master to be a pure function. (PredicateCPA:ExpressionToFormulaVisitor.visit, INFO)

Assuming external function pci_release_regions to be a pure function. (PredicateCPA:ExpressionToFormulaVisitor.visit, INFO)

Assuming external function pci_disable_device to be a pure function. (PredicateCPA:ExpressionToFormulaVisitor.visit, INFO)

Assuming external function ioremap_nocache to be a pure function. (PredicateCPA:ExpressionToFormulaVisitor.visit, INFO)

Assuming external function alloc_fddidev to be a pure function. (PredicateCPA:ExpressionToFormulaVisitor.visit, INFO)

Assuming external function iounmap to be a pure function. (PredicateCPA:ExpressionToFormulaVisitor.visit, INFO)

Assuming external function __raw_spin_lock_init to be a pure function. (PredicateCPA:ExpressionToFormulaVisitor.visit, INFO)

line 10247: Ignoring call via function pointer ldv_pci_instance_shutdown_2_3::arg0 for which no suitable target was found in line: (*arg0)(arg1); (FunctionPointerCPA:FunctionPointerTransferRelation.getAbstractSuccessorsForEdge, WARNING)

line 10247: Ignoring function call through function pointer *arg0: (*arg0)(arg1); (PredicateCPA:ExpressionToFormulaVisitor.visit, WARNING)

line 10259: Ignoring call via function pointer ldv_pci_instance_suspend_2_8::arg0 for which no suitable target was found in line: tmp = (*arg0)(arg1, arg2); (FunctionPointerCPA:FunctionPointerTransferRelation.getAbstractSuccessorsForEdge, WARNING)

line 10259: Ignoring function call through function pointer *arg0: tmp = (*arg0)(arg1, arg2); (PredicateCPA:ExpressionToFormulaVisitor.visit, WARNING)

line 10271: Ignoring call via function pointer ldv_pci_instance_suspend_late_2_7::arg0 for which no suitable target was found in line: tmp = (*arg0)(arg1, arg2); (FunctionPointerCPA:FunctionPointerTransferRelation.getAbstractSuccessorsForEdge, WARNING)

line 10271: Ignoring function call through function pointer *arg0: tmp = (*arg0)(arg1, arg2); (PredicateCPA:ExpressionToFormulaVisitor.visit, WARNING)

Assuming external function unregister_netdev to be a pure function. (PredicateCPA:ExpressionToFormulaVisitor.visit, INFO)

line 10236: Ignoring call via function pointer ldv_pci_instance_resume_early_2_6::arg0 for which no suitable target was found in line: (*arg0)(arg1); (FunctionPointerCPA:FunctionPointerTransferRelation.getAbstractSuccessorsForEdge, WARNING)

line 10236: Ignoring function call through function pointer *arg0: (*arg0)(arg1); (PredicateCPA:ExpressionToFormulaVisitor.visit, WARNING)

line 10225: Ignoring call via function pointer ldv_pci_instance_resume_2_5::arg0 for which no suitable target was found in line: (*arg0)(arg1); (FunctionPointerCPA:FunctionPointerTransferRelation.getAbstractSuccessorsForEdge, WARNING)

line 10225: Ignoring function call through function pointer *arg0: (*arg0)(arg1); (PredicateCPA:ExpressionToFormulaVisitor.visit, WARNING)

line 6730: Ignoring function call through function pointer *(ops->alloc): memory = (*(ops->alloc))(dev, size, dma_handle, tmp___1, attrs); (PredicateCPA:ExpressionToFormulaVisitor.visit, WARNING)

Assuming external function debug_dma_alloc_coherent to be a pure function. (PredicateCPA:ExpressionToFormulaVisitor.visit, INFO)

Assuming external function free_netdev to be a pure function. (PredicateCPA:ExpressionToFormulaVisitor.visit, INFO)

Assuming external function ldv_pre_register_netdev to be a constant function. (PredicateCPA:ExpressionToFormulaVisitor.visit, INFO)

Assuming external function memset to be a pure function. (PredicateCPA:ExpressionToFormulaVisitor.visit, INFO)

Assuming external function iowrite32 to be a pure function. (PredicateCPA:ExpressionToFormulaVisitor.visit, INFO)

Assuming external function iowrite16 to be a pure function. (PredicateCPA:ExpressionToFormulaVisitor.visit, INFO)

Assuming external function memcpy to be a pure function. (PredicateCPA:ExpressionToFormulaVisitor.visit, INFO)

Assuming external function strcpy to be a pure function. (PredicateCPA:ExpressionToFormulaVisitor.visit, INFO)

Assuming external function iowrite8 to be a pure function. (PredicateCPA:ExpressionToFormulaVisitor.visit, INFO)

Assuming external function ioread32 to be a pure function. (PredicateCPA:ExpressionToFormulaVisitor.visit, INFO)

line 6345: Return type of function __builtin_unreachable is void, but result is used as type int: __builtin_unreachable(); (PredicateCPA:CtoFormulaConverter.getReturnType, WARNING)

Assuming external function __builtin_unreachable to be a constant function. (PredicateCPA:ExpressionToFormulaVisitor.visit, INFO)

Assuming external function warn_slowpath_null to be a pure function. (PredicateCPA:ExpressionToFormulaVisitor.visit, INFO)

Assuming external function request_threaded_irq to be a pure function. (PredicateCPA:ExpressionToFormulaVisitor.visit, INFO)

Assuming external function debug_dma_free_coherent to be a pure function. (PredicateCPA:ExpressionToFormulaVisitor.visit, INFO)

line 6771: Ignoring function call through function pointer *(ops->free): (*(ops->free))(dev, size, vaddr, bus, attrs); (PredicateCPA:ExpressionToFormulaVisitor.visit, WARNING)

Assuming external function ioread8 to be a pure function. (PredicateCPA:ExpressionToFormulaVisitor.visit, INFO)

Assuming external function ldv_switch_to_interrupt_context to be a constant function. (PredicateCPA:ExpressionToFormulaVisitor.visit, INFO)

Assuming external function ldv_switch_to_process_context to be a constant function. (PredicateCPA:ExpressionToFormulaVisitor.visit, INFO)

Assuming external function free_irq to be a pure function. (PredicateCPA:ExpressionToFormulaVisitor.visit, INFO)

line 6634: Return type of function __builtin_unreachable is void, but result is used as type int: __builtin_unreachable(); (PredicateCPA:CtoFormulaConverter.getReturnType, WARNING)

line 6644: Ignoring function call through function pointer *(ops->unmap_page): (*(ops->unmap_page))(dev, addr, size, dir, attrs); (PredicateCPA:ExpressionToFormulaVisitor.visit, WARNING)

Assuming external function debug_dma_unmap_page to be a pure function. (PredicateCPA:ExpressionToFormulaVisitor.visit, INFO)

Assuming external function skb_queue_purge to be a pure function. (PredicateCPA:ExpressionToFormulaVisitor.visit, INFO)

Assuming external function consume_skb to be a pure function. (PredicateCPA:ExpressionToFormulaVisitor.visit, INFO)

Assuming external function __dev_kfree_skb_irq to be a pure function. (PredicateCPA:ExpressionToFormulaVisitor.visit, INFO)

Shutdown requested (The CPU-time limit of 900s has elapsed.), waiting for termination. (ForceTerminationOnShutdown$1.shutdownRequested, WARNING)

Warning: Analysis interrupted (The CPU-time limit of 900s has elapsed.) (ShutdownNotifier.shutdownIfNecessary, WARNING)

PredicateCPA statistics
-----------------------
Number of abstractions:            2071052 (20% of all post computations)
  Times abstraction was reused:    0
  Because of function entry/exit:  1767612 (85%)
  Because of loop head:            286499 (14%)
  Because of join nodes:           0 (0%)
  Because of threshold:            0 (0%)
  Because of target state:         16941 (1%)
  Times precision was empty:       324773 (16%)
  Times precision was {false}:     1052 (0%)
  Times result was cached:         1736406 (84%)
  Times cartesian abs was used:    0 (0%)
  Times boolean abs was used:      8821 (0%)
  Times result was 'false':        35975 (2%)
Number of strengthen sat checks:   0
Number of coverage checks:         1831030
  BDD entailment checks:           761878
Number of SMT sat checks:          0
  trivial:                         0
  cached:                          0

Max ABE block size:                       43
Number of predicates discovered:          30
Number of abstraction locations:          257
Max number of predicates per location:    16
Avg number of predicates per location:    11
Total predicates per abstraction:         17997020
Max number of predicates per abstraction: 16
Avg number of predicates per abstraction: 1822.85
Number of irrelevant predicates:          11069512 (62%)
Number of preds handled by boolean abs:   51463 (0%)
  Total number of models for allsat:      9292
  Max number of models for allsat:        8
  Avg number of models for allsat:        1.05

Time for post operator:                 66.752s
  Time for path formula creation:       62.628s
Time for strengthen operator:            7.830s
Time for prec operator:                529.225s
  Time for abstraction:                503.263s (Max:     0.620s, Count: 2071052)
    Boolean abstraction:                10.744s
    Solving time:                        9.586s (Max:     0.206s)
    Model enumeration time:              0.694s
    Time for BDD construction:           0.310s (Max:     0.012s)
Time for merge operator:                 4.637s
Time for coverage check:                 0.895s
  Time for BDD entailment checks:        0.665s
Total time for SMT solver (w/o itp):    10.280s

Number of path formula cache hits:   12772266 (98%)

Inside post operator:                  
  Inside path formula creation:        
    Time for path formula computation:    17.940s

Total number of created targets for pointer analysis: 46012
   Number of created targets for uf: *(Return_type:_[enum_irqreturn],_Parameters:_2,_Parameter_1_type:_[signed_int],_Parameter_2_type:_[(void)*],_VarArgs:_false)* is 9
   Number of created targets for uf: *unsigned_short_int is 902
   Number of created targets for uf: *(void)* is 9
   Number of created targets for uf: *(struct_device_private)* is 19
   Number of created targets for uf: *(struct_net_device)* is 9
   Number of created targets for uf: *unsigned_char is 821
   Number of created targets for uf: *(struct_dma_map_ops)* is 23
   Number of created targets for uf: *unsigned_long_long_int is 5
   Number of created targets for uf: *(unsigned_long_long_int)* is 13
   Number of created targets for uf: *(struct_pci_driver)* is 2
   Number of created targets for uf: *char is 3613
   Number of created targets for uf: *unsigned_int is 50


Number of BDD nodes:                               4761
Size of BDD node table:                            270749
Size of BDD cache:                                 27073
Size of BDD node cleanup queue:                       22952 (count: 1148424, min: 0, max: 463, avg: 0.02)
Time for BDD node cleanup:                             0.182s
Time for BDD garbage collection:                       0.000s (in 0 runs)

PrecisionBootstrap statistics
-----------------------------
Init. function predicates:                         0
Init. global predicates:                           0
Init. location predicates:                         0

Invariant Generation statistics
-------------------------------

AutomatonAnalysis (SVCOMP) statistics
-------------------------------------
Number of states:                                  1
Total time for successor computation:                 13.682s
  Time for transition matches:                         6.410s
  Time for transition assertions:                      0.010s
  Time for transition actions:                         0.025s
Automaton transfers with branching:                0
Automaton transfer successors:                     10444339 (count: 10444339, min: 1, max: 1, avg: 1.00) [1 x 10444339]

CPA algorithm statistics
------------------------
Number of iterations:            6979360
Max size of waitlist:            204
Average size of waitlist:        96
Number of computed successors:   7795927
Max successors for one state:    2
Number of times merged:          534576
Number of times stopped:         763498
Number of times breaked:         674

Total time for CPA algorithm:       814.834s (Max:     4.153s)
  Time for choose from waitlist:      3.439s
  Time for precision adjustment:    579.602s
  Time for transfer relation:       183.794s
  Time for merge operator:           10.942s
  Time for stop operator:             8.663s
  Time for adding to reached set:    10.650s

Predicate-Abstraction Refiner statistics
----------------------------------------
Number of predicate refinements:                   674
Avg. length of target path (in blocks):              100126 (count: 674, min: 26, max: 200, avg: 148.55)
Number of infeasible sliced prefixes:                     0 (count: 0, min: 0, max: 0, avg: 0.00)

Time for refinement:                                  65.517s
  Counterexample analysis:                            51.825s (Max:     0.227s, Calls: 674)
    Refinement sat check:                             29.066s
    Interpolant computation:                           0.000s
  Path-formulas extraction:                            0.057s
  Error path post-processing:                          0.000s
  Predicate creation:                                  0.460s
  Precision update:                                    1.092s
  ARG update:                                         11.593s

Length of refined path (in blocks):                   85083 (count: 674, min: 26, max: 200, avg: 126.24)
Number of affected states:                            60912 (count: 674, min: 1, max: 199, avg: 90.37)
Length (states) of path with itp 'true':              23497 (count: 674, min: 0, max: 109, avg: 34.86)
Length (states) of path with itp non-trivial itp:     60912 (count: 674, min: 1, max: 199, avg: 90.37)
Length (states) of path with itp 'false':               350 (count: 674, min: 0, max: 1, avg: 0.52)
Different non-trivial interpolants along paths:         635 (count: 674, min: 0, max: 3, avg: 0.94)
Equal non-trivial interpolants along paths:           59603 (count: 674, min: 0, max: 197, avg: 88.43)
Number of refs with location-based cutoff:                0

CEGAR algorithm statistics
--------------------------
Number of refinements:                674
Number of successful refinements:     674
Number of failed refinements:         0
Max. size of reached set before ref.: 43209
Max. size of reached set after ref.:  16455
Avg. size of reached set before ref.: 16500.61
Avg. size of reached set after ref.:  6166.95

Total time for CEGAR algorithm:     890.816s
Time for refinements:                73.222s
Average time for refinement:          0.108s
Max time for refinement:              0.349s

Code Coverage
-----------------------------
  Function coverage:      0.183
  Visited lines:          2110
  Total lines:            11191
  Line coverage:          0.189
  Visited conditions:     212
  Total conditions:       3778
  Condition coverage:     0.056

CPAchecker general statistics
-----------------------------
Number of program locations:     15941
Number of CFA edges:             18527
Number of relevant variables:    2143
Number of functions:             513
Number of loops:                 118
Size of reached set:             31569
  Number of reached locations:   933 (6%)
    Avg states per location:     33
    Max states per location:     984 (at node N15314)
  Number of reached functions:   94 (18%)
  Number of partitions:          30650
    Avg size of partitions:      1
    Max size of partitions:      7 (with key [N2630 (before line 10318), Function ldv_pci_pci_instance_2 called from node N2345, stack depth 8 [1103f1d3], stack [main, ldv_entry_EMGentry_10, ldv_EMGentry_init_skfddi_pci_driver_init_10_7, skfddi_pci_driver_init, ldv___pci_register_driver_77, ldv___pci_register_driver, ldv_dispatch_register_9_2, ldv_pci_pci_instance_2]])
  Number of target states:       0
  Size of final wait list        76

Time for analysis setup:          9.472s
  Time for loading CPAs:          1.177s
  Time for loading parser:        0.637s
  Time for CFA construction:      7.534s
    Time for parsing file(s):     1.429s
    Time for AST to CFA:          3.170s
    Time for CFA sanity check:    0.742s
    Time for post-processing:     1.958s
      Time for var class.:        1.120s
Time for Analysis:              890.816s
CPU time for analysis:          890.730s
Total time for CPAchecker:      900.292s
Total CPU time for CPAchecker:  900.180s
Time for statistics:              0.580s

Time for Garbage Collector:      73.167s (in 2676 runs)
Garbage Collector(s) used:    Copy, MarkSweepCompact
Used heap memory:                350MB (   333 MiB) max;    197MB (   188 MiB) avg;    358MB (   342 MiB) peak
Used non-heap memory:             41MB (    39 MiB) max;     41MB (    39 MiB) avg;     42MB (    40 MiB) peak
Allocated heap memory:           358MB (   342 MiB) max;    291MB (   277 MiB) avg
Allocated non-heap memory:        43MB (    41 MiB) max;     43MB (    41 MiB) avg
Total process virtual memory:   8154MB (  7776 MiB) max;   8133MB (  7756 MiB) avg

Verification result: UNKNOWN, incomplete analysis.
More details about the verification run can be found in the directory "./output".
