scripts/cpa.sh -Dy-MySearchStrategy-PredAbs-ABElf -heap 5600000000 -timelimit 900 -preprocess -stats -noout -setprop cpa.predicate.memoryAllocationsAlwaysSucceed=true -spec ../sv-benchmarks/c/ReachSafety.prp ../sv-benchmarks/c/ssh/s3_srvr.blast.13_true-unreach-call.i.cil.c


--------------------------------------------------------------------------------


Running CPAchecker with Java heap of size 5600000000.
Running CPAchecker with default stack size (1024k). Specify a larger value with -stack if needed.
Running CPAchecker with the following extra VM options:  -Djava.io.tmpdir=/tmp/BenchExec_run_xbsby58f/tmp
Using the following resource limits: CPU-time limit of 900s (ResourceLimitChecker.fromConfiguration, INFO)

CPAchecker (unknown version) (OpenJDK 64-Bit Server VM 1.8.0_162) started (CPAchecker.run, INFO)

MathSAT5 is available for research and evaluation purposes only. It can not be used in a commercial environment, particularly as part of a commercial product, without written permission. MathSAT5 is provided as is, without any warranty. Please write to mathsat@fbk.eu for additional questions regarding licensing MathSAT5 or obtaining more up-to-date versions. (PredicateCPA:JavaSMT:Mathsat5SolverContext.<init>, WARNING)

Using predicate analysis with MathSAT5 version 5.3.14 (0b98b661254c) (Nov 17 2016 10:59:45, gmp 5.1.3, gcc 4.8.5, 64-bit) and JFactory 1.21. (PredicateCPA:PredicateCPA.<init>, INFO)

Using refinement for predicate analysis with PredicateAbstractionRefinementStrategy strategy. (PredicateCPA:PredicateCPARefiner.<init>, INFO)

Starting analysis ... (CPAchecker.runAlgorithm, INFO)

Stopping analysis ... (CPAchecker.runAlgorithm, INFO)

PredicateCPA statistics
-----------------------
Number of abstractions:            110 (1% of all post computations)
  Times abstraction was reused:    0
  Because of function entry/exit:  25 (23%)
  Because of loop head:            43 (39%)
  Because of join nodes:           0 (0%)
  Because of threshold:            0 (0%)
  Because of target state:         42 (38%)
  Times precision was empty:       23 (21%)
  Times precision was {false}:     41 (37%)
  Times result was cached:         2 (2%)
  Times cartesian abs was used:    0 (0%)
  Times boolean abs was used:      44 (40%)
  Times result was 'false':        36 (33%)
Number of strengthen sat checks:   0
Number of coverage checks:         7486
  BDD entailment checks:           252
Number of SMT sat checks:          0
  trivial:                         0
  cached:                          0

Max ABE block size:                       53
Number of predicates discovered:          59
Number of abstraction locations:          3
Max number of predicates per location:    58
Avg number of predicates per location:    20
Total predicates per abstraction:         1614
Max number of predicates per abstraction: 58
Avg number of predicates per abstraction: 18.99
Number of irrelevant predicates:          41 (3%)
Number of preds handled by boolean abs:   1571 (97%)
  Total number of models for allsat:      1038
  Max number of models for allsat:        94
  Avg number of models for allsat:        23.59

Time for post operator:                  2.359s
  Time for path formula creation:        2.275s
Time for strengthen operator:            0.100s
Time for prec operator:                  9.277s
  Time for abstraction:                  9.205s (Max:     0.617s, Count: 110)
    Boolean abstraction:                 8.039s
    Solving time:                        2.302s (Max:     0.088s)
    Model enumeration time:              5.456s
    Time for BDD construction:           0.397s (Max:     0.037s)
Time for merge operator:                 0.703s
Time for coverage check:                 0.022s
  Time for BDD entailment checks:        0.018s
Total time for SMT solver (w/o itp):     7.758s

Number of path formula cache hits:   12644 (55%)

Inside post operator:                  
  Inside path formula creation:        
    Time for path formula computation:     2.125s

Total number of created targets for pointer analysis: 4747
   Number of created targets for uf: *signed_int is 148
   Number of created targets for uf: *(struct_buf_mem_st)* is 20
   Number of created targets for uf: *(struct_ssl_session_st)* is 2
   Number of created targets for uf: *(struct_ssl3_state_st)* is 2


Number of BDD nodes:                               121801
Size of BDD node table:                            270749
Size of BDD cache:                                 27073
Size of BDD node cleanup queue:                       15397 (count: 6980, min: 0, max: 3366, avg: 2.21)
Time for BDD node cleanup:                             0.015s
Time for BDD garbage collection:                       0.000s (in 0 runs)

PrecisionBootstrap statistics
-----------------------------
Init. function predicates:                         0
Init. global predicates:                           0
Init. location predicates:                         0

Invariant Generation statistics
-------------------------------

AutomatonAnalysis (SVCOMP) statistics
-------------------------------------
Number of states:                                  1
Total time for successor computation:                  0.197s
Automaton transfers with branching:                0
Automaton transfer successors:                        21249 (count: 21249, min: 1, max: 1, avg: 1.00) [1 x 21249]

CPA algorithm statistics
------------------------
Number of iterations:            14761
Max size of waitlist:            147
Average size of waitlist:        54
Number of computed successors:   18665
Max successors for one state:    2
Number of times merged:          3617
Number of times stopped:         3637
Number of times breaked:         6

Total time for CPA algorithm:        14.702s (Max:     8.730s)
  Time for choose from waitlist:      0.083s
  Time for precision adjustment:      9.710s
  Time for transfer relation:         3.440s
  Time for merge operator:            0.949s
  Time for stop operator:             0.099s
  Time for adding to reached set:     0.125s

Predicate-Abstraction Refiner statistics
----------------------------------------
Number of predicate refinements:                   6
Avg. length of target path (in blocks):                  35 (count: 6, min: 3, max: 9, avg: 5.83)
Number of infeasible sliced prefixes:                     0 (count: 0, min: 0, max: 0, avg: 0.00)

Time for refinement:                                   0.894s
  Counterexample analysis:                             0.757s (Max:     0.296s, Calls: 6)
    Refinement sat check:                              0.570s
    Interpolant computation:                           0.000s
  Path-formulas extraction:                            0.000s
  Error path post-processing:                          0.000s
  Predicate creation:                                  0.035s
  Precision update:                                    0.003s
  ARG update:                                          0.080s

Length of refined path (in blocks):                      35 (count: 6, min: 3, max: 9, avg: 5.83)
Number of affected states:                               27 (count: 6, min: 1, max: 8, avg: 4.50)
Length (states) of path with itp 'true':                  2 (count: 6, min: 0, max: 1, avg: 0.33)
Length (states) of path with itp non-trivial itp:        27 (count: 6, min: 1, max: 8, avg: 4.50)
Length (states) of path with itp 'false':                 0 (count: 6, min: 0, max: 0, avg: 0.00)
Different non-trivial interpolants along paths:          21 (count: 6, min: 0, max: 7, avg: 3.50)
Equal non-trivial interpolants along paths:               0 (count: 6, min: 0, max: 0, avg: 0.00)
Number of refs with location-based cutoff:                0

CEGAR algorithm statistics
--------------------------
Number of refinements:                6
Number of successful refinements:     6
Number of failed refinements:         0
Max. size of reached set before ref.: 2474
Max. size of reached set after ref.:  13
Avg. size of reached set before ref.: 1292.83
Avg. size of reached set after ref.:  6.33

Total time for CEGAR algorithm:      15.662s
Time for refinements:                 0.960s
Average time for refinement:          0.160s
Max time for refinement:              0.345s

Code Coverage
-----------------------------
  Function coverage:      0.400
  Visited lines:          561
  Total lines:            591
  Line coverage:          0.949
  Visited conditions:     200
  Total conditions:       208
  Condition coverage:     0.962

CPAchecker general statistics
-----------------------------
Number of program locations:     735
Number of CFA edges:             836
Number of relevant variables:    33
Number of functions:             5
Number of loops:                 1
Size of reached set:             7274
  Number of reached locations:   397 (54%)
    Avg states per location:     18
    Max states per location:     20 (at node N36)
  Number of reached functions:   2 (40%)
  Number of partitions:          7256
    Avg size of partitions:      1
    Max size of partitions:      19 (with key [N97 (before lines 1141-1721), Function ssl3_accept called from node N33, stack depth 2 [79f1e22e], stack [main, ssl3_accept]])
  Number of target states:       0

Time for analysis setup:          3.948s
  Time for loading CPAs:          0.929s
  Time for loading parser:        0.749s
  Time for CFA construction:      2.067s
    Time for parsing file(s):     0.630s
    Time for AST to CFA:          0.603s
    Time for CFA sanity check:    0.136s
    Time for post-processing:     0.536s
      Time for var class.:        0.269s
Time for Analysis:               15.662s
CPU time for analysis:           15.670s
Time for analyzing result:        0.007s
Total time for CPAchecker:       19.614s
Total CPU time for CPAchecker:   19.620s
Time for statistics:              0.218s

Time for Garbage Collector:       0.251s (in 15 runs)
Garbage Collector(s) used:    Copy, MarkSweepCompact
Used heap memory:                 66MB (    63 MiB) max;     42MB (    40 MiB) avg;     69MB (    65 MiB) peak
Used non-heap memory:             36MB (    34 MiB) max;     32MB (    30 MiB) avg;     37MB (    35 MiB) peak
Allocated heap memory:           127MB (   121 MiB) max;    127MB (   121 MiB) avg
Allocated non-heap memory:        38MB (    36 MiB) max;     34MB (    32 MiB) avg
Total process virtual memory:   8134MB (  7757 MiB) max;   8115MB (  7739 MiB) avg

Verification result: TRUE. No property violation found by chosen configuration.
More details about the verification run can be found in the directory "./output".
