scripts/cpa.sh -Dy-MySearchStrategy-PredAbs-ABElf -heap 5600000000 -timelimit 900 -preprocess -stats -noout -setprop cpa.predicate.memoryAllocationsAlwaysSucceed=true -spec ../sv-benchmarks/c/ReachSafety.prp ../sv-benchmarks/c/ldv-consumption/linux-3.8-rc1-32_7a-drivers--input--misc--uinput.ko-ldv_main0_true-unreach-call.cil.out.c


--------------------------------------------------------------------------------


Running CPAchecker with Java heap of size 5600000000.
Running CPAchecker with default stack size (1024k). Specify a larger value with -stack if needed.
Running CPAchecker with the following extra VM options:  -Djava.io.tmpdir=/tmp/BenchExec_run_i42f_61f/tmp
Using the following resource limits: CPU-time limit of 900s (ResourceLimitChecker.fromConfiguration, INFO)

CPAchecker (unknown version) (OpenJDK 64-Bit Server VM 1.8.0_151) started (CPAchecker.run, INFO)

line 3102: Dead code detected: __asm__ ("movb %%gs:%P1,%0": "=q" (pfo_ret__): "p" (& current_task)); (CFACreationUtils.addEdgeToCFA, INFO)

line 3105: Dead code detected: __asm__ ("movw %%gs:%P1,%0": "=r" (pfo_ret__): "p" (& current_task)); (CFACreationUtils.addEdgeToCFA, INFO)

line 3108: Dead code detected: __asm__ ("movl %%gs:%P1,%0": "=r" (pfo_ret__): "p" (& current_task)); (CFACreationUtils.addEdgeToCFA, INFO)

none: Dead code detected: switch (8UL) {
  case 1UL:
  __asm__ ("movb %%gs:%P1,%0": "=q" (pfo_ret__): "p" (& current_task));
  goto ldv_2869;
  case 2UL:
  __asm__ ("movw %%gs:%P1,%0": "=r" (pfo_ret__): "p" (& current_task));
  goto ldv_2869;
  case 4UL:
  __asm__ ("movl %%gs:%P1,%0": "=r" (pfo_ret__): "p" (& current_task));
  goto ldv_2869;
  case 8UL:
  __asm__ ("movq %%gs:%P1,%0": "=r" (pfo_ret__): "p" (& current_task));
  goto ldv_2869;
  default:
  __bad_percpu_size();
  } (CFACreationUtils.addEdgeToCFA, INFO)

line 3177: Dead code detected: __asm__ ("movb %%gs:%P1,%0": "=q" (pfo_ret__): "p" (& kernel_stack)); (CFACreationUtils.addEdgeToCFA, INFO)

line 3180: Dead code detected: __asm__ ("movw %%gs:%P1,%0": "=r" (pfo_ret__): "p" (& kernel_stack)); (CFACreationUtils.addEdgeToCFA, INFO)

line 3183: Dead code detected: __asm__ ("movl %%gs:%P1,%0": "=r" (pfo_ret__): "p" (& kernel_stack)); (CFACreationUtils.addEdgeToCFA, INFO)

none: Dead code detected: switch (8UL) {
  case 1UL:
  __asm__ ("movb %%gs:%P1,%0": "=q" (pfo_ret__): "p" (& kernel_stack));
  goto ldv_6226;
  case 2UL:
  __asm__ ("movw %%gs:%P1,%0": "=r" (pfo_ret__): "p" (& kernel_stack));
  goto ldv_6226;
  case 4UL:
  __asm__ ("movl %%gs:%P1,%0": "=r" (pfo_ret__): "p" (& kernel_stack));
  goto ldv_6226;
  case 8UL:
  __asm__ ("movq %%gs:%P1,%0": "=r" (pfo_ret__): "p" (& kernel_stack));
  goto ldv_6226;
  default:
  __bad_percpu_size();
  } (CFACreationUtils.addEdgeToCFA, INFO)

line 4975: Dead code detected: return (ldv_func_res); (CFACreationUtils.addEdgeToCFA, INFO)

line 4999: Dead code detected: return (ldv_func_res); (CFACreationUtils.addEdgeToCFA, INFO)

line 5023: Dead code detected: return (ldv_func_res); (CFACreationUtils.addEdgeToCFA, INFO)

line 5047: Dead code detected: return (ldv_func_res); (CFACreationUtils.addEdgeToCFA, INFO)

line 5071: Dead code detected: return (ldv_func_res); (CFACreationUtils.addEdgeToCFA, INFO)

Inline assembler ignored, analysis is probably unsound! (CFABuilder.createCFA, WARNING)

line 3344: Function pointer *(p->_qproc) with type void (*)(struct file *, wait_queue_head_t *, struct poll_table_struct *) is called, but no possible target functions were found. (CFunctionPointerResolver.replaceFunctionPointerCall, WARNING)

MathSAT5 is available for research and evaluation purposes only. It can not be used in a commercial environment, particularly as part of a commercial product, without written permission. MathSAT5 is provided as is, without any warranty. Please write to mathsat@fbk.eu for additional questions regarding licensing MathSAT5 or obtaining more up-to-date versions. (PredicateCPA:JavaSMT:Mathsat5SolverContext.<init>, WARNING)

Using predicate analysis with MathSAT5 version 5.3.14 (0b98b661254c) (Nov 17 2016 10:59:45, gmp 5.1.3, gcc 4.8.5, 64-bit) and JFactory 1.21. (PredicateCPA:PredicateCPA.<init>, INFO)

Using refinement for predicate analysis with PredicateAbstractionRefinementStrategy strategy. (PredicateCPA:PredicateCPARefiner.<init>, INFO)

Starting analysis ... (CPAchecker.runAlgorithm, INFO)

Assuming external function ldv_handler_precall to be a constant function. (PredicateCPA:ExpressionToFormulaVisitor.visit, INFO)

Assuming external function misc_register to be a pure function. (PredicateCPA:ExpressionToFormulaVisitor.visit, INFO)

Assuming external function misc_deregister to be a pure function. (PredicateCPA:ExpressionToFormulaVisitor.visit, INFO)

Assuming external function __mutex_init to be a pure function. (PredicateCPA:ExpressionToFormulaVisitor.visit, INFO)

Assuming external function __raw_spin_lock_init to be a pure function. (PredicateCPA:ExpressionToFormulaVisitor.visit, INFO)

Assuming external function __init_waitqueue_head to be a pure function. (PredicateCPA:ExpressionToFormulaVisitor.visit, INFO)

Assuming external function nonseekable_open to be a pure function. (PredicateCPA:ExpressionToFormulaVisitor.visit, INFO)

Assuming external function input_free_device to be a pure function. (PredicateCPA:ExpressionToFormulaVisitor.visit, INFO)

Assuming external function _raw_spin_lock to be a pure function. (PredicateCPA:ExpressionToFormulaVisitor.visit, INFO)

Assuming external function __wake_up to be a pure function. (PredicateCPA:ExpressionToFormulaVisitor.visit, INFO)

Assuming external function complete to be a pure function. (PredicateCPA:ExpressionToFormulaVisitor.visit, INFO)

Assuming external function _raw_spin_unlock to be a pure function. (PredicateCPA:ExpressionToFormulaVisitor.visit, INFO)

Assuming external function input_unregister_device to be a pure function. (PredicateCPA:ExpressionToFormulaVisitor.visit, INFO)

line 3344: Ignoring function call through function pointer *(p->_qproc): (*(p->_qproc))(filp, wait_address, p); (PredicateCPA:ExpressionToFormulaVisitor.visit, WARNING)

Assuming external function strndup_user to be a pure function. (PredicateCPA:ExpressionToFormulaVisitor.visit, INFO)

Assuming external function mutex_unlock to be a pure function. (PredicateCPA:ExpressionToFormulaVisitor.visit, INFO)

Assuming external function input_ff_create to be a pure function. (PredicateCPA:ExpressionToFormulaVisitor.visit, INFO)

Assuming external function input_register_device to be a pure function. (PredicateCPA:ExpressionToFormulaVisitor.visit, INFO)

Assuming external function input_ff_destroy to be a pure function. (PredicateCPA:ExpressionToFormulaVisitor.visit, INFO)

line 3300: Return type of function __builtin_object_size is void, but result is used as type int: tmp = __builtin_object_size((const void *)to, 0); (PredicateCPA:CtoFormulaConverter.getReturnType, WARNING)

Assuming external function __builtin_object_size to be a pure function. (PredicateCPA:ExpressionToFormulaVisitor.visit, INFO)

Cannot get declaration of function __builtin_object_size, ignoring calls to it. (PredicateCPA:ExpressionToFormulaVisitor.visit, WARNING)

Assuming external function might_fault to be a constant function. (PredicateCPA:ExpressionToFormulaVisitor.visit, INFO)

Assuming external function _copy_from_user to be a pure function. (PredicateCPA:ExpressionToFormulaVisitor.visit, INFO)

Assuming external function warn_slowpath_fmt to be a pure function. (PredicateCPA:ExpressionToFormulaVisitor.visit, INFO)

Assuming external function dev_set_drvdata to be a pure function. (PredicateCPA:ExpressionToFormulaVisitor.visit, INFO)

Assuming external function _copy_to_user to be a pure function. (PredicateCPA:ExpressionToFormulaVisitor.visit, INFO)

Assuming external function memset to be a pure function. (PredicateCPA:ExpressionToFormulaVisitor.visit, INFO)

Assuming external function ldv_check_return_value to be a pure function. (PredicateCPA:ExpressionToFormulaVisitor.visit, INFO)

Assuming external function _raw_spin_lock_irq to be a pure function. (PredicateCPA:ExpressionToFormulaVisitor.visit, INFO)

Assuming external function _raw_spin_unlock_irq to be a pure function. (PredicateCPA:ExpressionToFormulaVisitor.visit, INFO)

Assuming external function input_event_to_user to be a pure function. (PredicateCPA:ExpressionToFormulaVisitor.visit, INFO)

Assuming external function prepare_to_wait to be a pure function. (PredicateCPA:ExpressionToFormulaVisitor.visit, INFO)

Assuming external function finish_wait to be a pure function. (PredicateCPA:ExpressionToFormulaVisitor.visit, INFO)

Assuming external function schedule to be a constant function. (PredicateCPA:ExpressionToFormulaVisitor.visit, INFO)

Assuming external function input_event_from_user to be a pure function. (PredicateCPA:ExpressionToFormulaVisitor.visit, INFO)

Assuming external function input_event to be a pure function. (PredicateCPA:ExpressionToFormulaVisitor.visit, INFO)

Assuming external function memdup_user to be a pure function. (PredicateCPA:ExpressionToFormulaVisitor.visit, INFO)

Assuming external function kstrndup to be a pure function. (PredicateCPA:ExpressionToFormulaVisitor.visit, INFO)

Assuming external function input_alloc_absinfo to be a pure function. (PredicateCPA:ExpressionToFormulaVisitor.visit, INFO)

Assuming external function input_mt_init_slots to be a pure function. (PredicateCPA:ExpressionToFormulaVisitor.visit, INFO)

Shutdown requested (The CPU-time limit of 900s has elapsed.), waiting for termination. (ForceTerminationOnShutdown$1.shutdownRequested, WARNING)

Warning: Analysis interrupted (The CPU-time limit of 900s has elapsed.) (ShutdownNotifier.shutdownIfNecessary, WARNING)

PredicateCPA statistics
-----------------------
Number of abstractions:            1103640 (19% of all post computations)
  Times abstraction was reused:    0
  Because of function entry/exit:  1086316 (98%)
  Because of loop head:            16607 (2%)
  Because of join nodes:           0 (0%)
  Because of threshold:            0 (0%)
  Because of target state:         717 (0%)
  Times precision was empty:       32968 (3%)
  Times precision was {false}:     2449 (0%)
  Times result was cached:         1004451 (91%)
  Times cartesian abs was used:    0 (0%)
  Times boolean abs was used:      63772 (6%)
  Times result was 'false':        104079 (9%)
Number of strengthen sat checks:   0
Number of coverage checks:         887623
  BDD entailment checks:           345461
Number of SMT sat checks:          0
  trivial:                         0
  cached:                          0

Max ABE block size:                       24
Number of predicates discovered:          124
Number of abstraction locations:          189
Max number of predicates per location:    45
Avg number of predicates per location:    9
Total predicates per abstraction:         7436087
Max number of predicates per abstraction: 45
Avg number of predicates per abstraction: 112.29
Number of irrelevant predicates:          2292273 (31%)
Number of preds handled by boolean abs:   694910 (9%)
  Total number of models for allsat:      1999271
  Max number of models for allsat:        6592
  Avg number of models for allsat:        31.35

Time for post operator:                 28.459s
  Time for path formula creation:       26.624s
Time for strengthen operator:            3.524s
Time for prec operator:                755.787s
  Time for abstraction:                747.418s (Max:     1.582s, Count: 1103640)
    Boolean abstraction:               430.540s
    Solving time:                      109.742s (Max:     0.078s)
    Model enumeration time:            224.159s
    Time for BDD construction:          84.438s (Max:     0.526s)
Time for merge operator:                 2.459s
Time for coverage check:                 0.545s
  Time for BDD entailment checks:        0.417s
Total time for SMT solver (w/o itp):   333.901s

Number of path formula cache hits:   5963523 (88%)

Inside post operator:                  
  Inside path formula creation:        
    Time for path formula computation:    19.124s

Total number of created targets for pointer analysis: 25617
   Number of created targets for uf: *(char)* is 5
   Number of created targets for uf: *unsigned_char is 459
   Number of created targets for uf: *(struct_input_dev)* is 274
   Number of created targets for uf: *enum_uinput_state is 884
   Number of created targets for uf: *(struct_uinput_request)* is 14641
   Number of created targets for uf: *unsigned_int is 1136


Number of BDD nodes:                               191689
Size of BDD node table:                            270749
Size of BDD cache:                                 27073
Size of BDD node cleanup queue:                      306441 (count: 860886, min: 0, max: 2257, avg: 0.36)
Time for BDD node cleanup:                             0.183s
Time for BDD garbage collection:                       0.577s (in 165 runs)

PrecisionBootstrap statistics
-----------------------------
Init. function predicates:                         0
Init. global predicates:                           0
Init. location predicates:                         0

Invariant Generation statistics
-------------------------------

AutomatonAnalysis (SVCOMP) statistics
-------------------------------------
Number of states:                                  1
Total time for successor computation:                  6.236s
  Time for transition matches:                         3.795s
  Time for transition assertions:                      0.001s
  Time for transition actions:                         0.005s
Automaton transfers with branching:                0
Automaton transfer successors:                      5695416 (count: 5695416, min: 1, max: 1, avg: 1.00) [1 x 5695416]

CPA algorithm statistics
------------------------
Number of iterations:            4240535
Max size of waitlist:            85
Average size of waitlist:        29
Number of computed successors:   4803646
Max successors for one state:    2
Number of times merged:          271081
Number of times stopped:         452075
Number of times breaked:         717

Total time for CPA algorithm:       864.250s (Max:    25.335s)
  Time for choose from waitlist:      1.309s
  Time for precision adjustment:    775.556s
  Time for transfer relation:        65.584s
  Time for merge operator:            5.148s
  Time for stop operator:             4.269s
  Time for adding to reached set:     4.478s

Predicate-Abstraction Refiner statistics
----------------------------------------
Number of predicate refinements:                   717
Avg. length of target path (in blocks):               55207 (count: 717, min: 7, max: 174, avg: 77.00)
Number of infeasible sliced prefixes:                     0 (count: 0, min: 0, max: 0, avg: 0.00)

Time for refinement:                                  24.325s
  Counterexample analysis:                            17.453s (Max:     0.086s, Calls: 717)
    Refinement sat check:                              7.282s
    Interpolant computation:                           0.000s
  Path-formulas extraction:                            0.032s
  Error path post-processing:                          0.000s
  Predicate creation:                                  0.187s
  Precision update:                                    0.444s
  ARG update:                                          5.833s

Length of refined path (in blocks):                   35842 (count: 717, min: 6, max: 160, avg: 49.99)
Number of affected states:                            20576 (count: 717, min: 1, max: 76, avg: 28.70)
Length (states) of path with itp 'true':              14549 (count: 717, min: 0, max: 109, avg: 20.29)
Length (states) of path with itp non-trivial itp:     20576 (count: 717, min: 1, max: 76, avg: 28.70)
Length (states) of path with itp 'false':               717 (count: 717, min: 1, max: 1, avg: 1.00)
Different non-trivial interpolants along paths:        2147 (count: 717, min: 0, max: 18, avg: 2.99)
Equal non-trivial interpolants along paths:           17712 (count: 717, min: 0, max: 72, avg: 24.70)
Number of refs with location-based cutoff:                0

CEGAR algorithm statistics
--------------------------
Number of refinements:                717
Number of successful refinements:     717
Number of failed refinements:         0
Max. size of reached set before ref.: 39074
Max. size of reached set after ref.:  17303
Avg. size of reached set before ref.: 11675.50
Avg. size of reached set after ref.:  5783.25

Total time for CEGAR algorithm:     896.656s
Time for refinements:                29.865s
Average time for refinement:          0.041s
Max time for refinement:              0.142s

Code Coverage
-----------------------------
  Function coverage:      0.422
  Visited lines:          1180
  Total lines:            1738
  Line coverage:          0.679
  Visited conditions:     250
  Total conditions:       418
  Condition coverage:     0.598

CPAchecker general statistics
-----------------------------
Number of program locations:     2425
Number of CFA edges:             2701
Number of relevant variables:    375
Number of functions:             109
Number of loops:                 9
Size of reached set:             22752
  Number of reached locations:   665 (27%)
    Avg states per location:     34
    Max states per location:     551 (at node N1690)
  Number of reached functions:   46 (42%)
  Number of partitions:          22391
    Avg size of partitions:      1
    Max size of partitions:      36 (with key [N1563 (before line 4913), Function main called from node N1461, stack depth 1 [7bfc3126], stack [main]])
  Number of target states:       0
  Size of final wait list        26

Time for analysis setup:          3.685s
  Time for loading CPAs:          0.608s
  Time for loading parser:        0.557s
  Time for CFA construction:      2.408s
    Time for parsing file(s):     0.721s
    Time for AST to CFA:          0.884s
    Time for CFA sanity check:    0.138s
    Time for post-processing:     0.516s
      Time for var class.:        0.235s
Time for Analysis:              896.656s
CPU time for analysis:          896.460s
Total time for CPAchecker:      900.344s
Total CPU time for CPAchecker:  900.140s
Time for statistics:              0.325s

Time for Garbage Collector:      33.092s (in 1891 runs)
Garbage Collector(s) used:    Copy, MarkSweepCompact
Used heap memory:                548MB (   523 MiB) max;    310MB (   295 MiB) avg;    562MB (   536 MiB) peak
Used non-heap memory:             41MB (    39 MiB) max;     40MB (    38 MiB) avg;     41MB (    39 MiB) peak
Allocated heap memory:           570MB (   543 MiB) max;    449MB (   429 MiB) avg
Allocated non-heap memory:        43MB (    41 MiB) max;     42MB (    40 MiB) avg
Total process virtual memory:  11001MB ( 10491 MiB) max;   9150MB (  8726 MiB) avg

Verification result: UNKNOWN, incomplete analysis.
More details about the verification run can be found in the directory "./output".
