scripts/cpa.sh -Dy-MySearchStrategy-PredAbs-ABElf -heap 5600000000 -timelimit 30 -preprocess -stats -noout -setprop cpa.predicate.memoryAllocationsAlwaysSucceed=true -spec ../sv-benchmarks/c/ReachSafety.prp ../sv-benchmarks/c/ldv-consumption/32_7a_cilled_true-unreach-call_linux-3.8-rc1-32_7a-drivers--net--wireless--rndis_wlan.ko-ldv_main0_sequence_infinite_withcheck_stateful.cil.out.c


--------------------------------------------------------------------------------


Running CPAchecker with Java heap of size 5600000000.
Running CPAchecker with default stack size (1024k). Specify a larger value with -stack if needed.
Running CPAchecker with the following extra VM options:  -Djava.io.tmpdir=/tmp/BenchExec_run_nfleepz0/tmp
Using the following resource limits: CPU-time limit of 30s (ResourceLimitChecker.fromConfiguration, INFO)

CPAchecker (unknown version) (OpenJDK 64-Bit Server VM 1.8.0_162) started (CPAchecker.run, INFO)

line 11472: Dead code detected: return (ldv_func_res); (CFACreationUtils.addEdgeToCFA, INFO)

Inline assembler ignored, analysis is probably unsound! (CFABuilder.createCFA, WARNING)

MathSAT5 is available for research and evaluation purposes only. It can not be used in a commercial environment, particularly as part of a commercial product, without written permission. MathSAT5 is provided as is, without any warranty. Please write to mathsat@fbk.eu for additional questions regarding licensing MathSAT5 or obtaining more up-to-date versions. (PredicateCPA:JavaSMT:Mathsat5SolverContext.<init>, WARNING)

Using predicate analysis with MathSAT5 version 5.3.14 (0b98b661254c) (Nov 17 2016 10:59:45, gmp 5.1.3, gcc 4.8.5, 64-bit) and JFactory 1.21. (PredicateCPA:PredicateCPA.<init>, INFO)

Using refinement for predicate analysis with PredicateAbstractionRefinementStrategy strategy. (PredicateCPA:PredicateCPARefiner.<init>, INFO)

Starting analysis ... (CPAchecker.runAlgorithm, INFO)

Assuming external function ldv_handler_precall to be a constant function. (PredicateCPA:ExpressionToFormulaVisitor.visit, INFO)

Assuming external function strcpy to be a pure function. (PredicateCPA:ExpressionToFormulaVisitor.visit, INFO)

Assuming external function wiphy_new to be a pure function. (PredicateCPA:ExpressionToFormulaVisitor.visit, INFO)

Assuming external function netdev_info to be a pure function. (PredicateCPA:ExpressionToFormulaVisitor.visit, INFO)

Assuming external function usbnet_pause_rx to be a pure function. (PredicateCPA:ExpressionToFormulaVisitor.visit, INFO)

Assuming external function cfg80211_michael_mic_failure to be a pure function. (PredicateCPA:ExpressionToFormulaVisitor.visit, INFO)

Assuming external function __dynamic_netdev_dbg to be a pure function. (PredicateCPA:ExpressionToFormulaVisitor.visit, INFO)

Assuming external function cfg80211_pmksa_candidate_notify to be a pure function. (PredicateCPA:ExpressionToFormulaVisitor.visit, INFO)

Assuming external function mutex_lock to be a pure function. (PredicateCPA:ExpressionToFormulaVisitor.visit, INFO)

Assuming external function memset to be a pure function. (PredicateCPA:ExpressionToFormulaVisitor.visit, INFO)

Assuming external function rndis_command to be a pure function. (PredicateCPA:ExpressionToFormulaVisitor.visit, INFO)

Assuming external function mutex_unlock to be a pure function. (PredicateCPA:ExpressionToFormulaVisitor.visit, INFO)

Assuming external function msleep to be a pure function. (PredicateCPA:ExpressionToFormulaVisitor.visit, INFO)

Assuming external function __mutex_init to be a pure function. (PredicateCPA:ExpressionToFormulaVisitor.visit, INFO)

Assuming external function __init_work to be a pure function. (PredicateCPA:ExpressionToFormulaVisitor.visit, INFO)

Assuming external function lockdep_init_map to be a pure function. (PredicateCPA:ExpressionToFormulaVisitor.visit, INFO)

Assuming external function ieee80211_frequency_to_channel to be a pure function. (PredicateCPA:ExpressionToFormulaVisitor.visit, INFO)

Assuming external function netdev_warn to be a pure function. (PredicateCPA:ExpressionToFormulaVisitor.visit, INFO)

Shutdown requested (The CPU-time limit of 30s has elapsed.), waiting for termination. (ForceTerminationOnShutdown$1.shutdownRequested, WARNING)

Warning: Analysis interrupted (The CPU-time limit of 30s has elapsed.) (ShutdownNotifier.shutdownIfNecessary, WARNING)

PredicateCPA statistics
-----------------------
Number of abstractions:            53333 (17% of all post computations)
  Times abstraction was reused:    0
  Because of function entry/exit:  51472 (97%)
  Because of loop head:            836 (2%)
  Because of join nodes:           0 (0%)
  Because of threshold:            0 (0%)
  Because of target state:         1025 (2%)
  Times precision was empty:       15115 (28%)
  Times precision was {false}:     224 (0%)
  Times result was cached:         37696 (71%)
  Times cartesian abs was used:    0 (0%)
  Times boolean abs was used:      298 (1%)
  Times result was 'false':        4648 (9%)
Number of strengthen sat checks:   0
Number of coverage checks:         43538
  BDD entailment checks:           7914
Number of SMT sat checks:          0
  trivial:                         0
  cached:                          0

Max ABE block size:                       51
Number of predicates discovered:          7
Number of abstraction locations:          68
Max number of predicates per location:    4
Avg number of predicates per location:    1
Total predicates per abstraction:         51339
Max number of predicates per abstraction: 4
Avg number of predicates per abstraction: 98.35
Number of irrelevant predicates:          17674 (34%)
Number of preds handled by boolean abs:   379 (1%)
  Total number of models for allsat:      298
  Max number of models for allsat:        1
  Avg number of models for allsat:        1.00

Time for post operator:                  2.032s
  Time for path formula creation:        1.908s
Time for strengthen operator:            0.247s
Time for prec operator:                  4.310s
  Time for abstraction:                  3.706s (Max:     0.018s, Count: 53333)
    Boolean abstraction:                 0.245s
    Solving time:                        0.260s (Max:     0.015s)
    Model enumeration time:              0.016s
    Time for BDD construction:           0.038s (Max:     0.008s)
Time for merge operator:                 0.136s
Time for coverage check:                 0.062s
  Time for BDD entailment checks:        0.051s
Total time for SMT solver (w/o itp):     0.276s

Number of path formula cache hits:   359957 (97%)

Inside post operator:                  
  Inside path formula creation:        
    Time for path formula computation:     1.388s

Total number of created targets for pointer analysis: 350
   Number of created targets for uf: *signed_int is 13
   Number of created targets for uf: *char is 21
   Number of created targets for uf: *unsigned_int is 5


Number of BDD nodes:                               213
Size of BDD node table:                            270749
Size of BDD cache:                                 27073
Size of BDD node cleanup queue:                         661 (count: 26092, min: 0, max: 76, avg: 0.03)
Time for BDD node cleanup:                             0.015s
Time for BDD garbage collection:                       0.000s (in 0 runs)

PrecisionBootstrap statistics
-----------------------------
Init. function predicates:                         0
Init. global predicates:                           0
Init. location predicates:                         0

Invariant Generation statistics
-------------------------------

AutomatonAnalysis (SVCOMP) statistics
-------------------------------------
Number of states:                                  1
Total time for successor computation:                  0.675s
  Time for transition matches:                         0.269s
  Time for transition assertions:                      0.001s
  Time for transition actions:                         0.004s
Automaton transfers with branching:                0
Automaton transfer successors:                       307147 (count: 307147, min: 1, max: 1, avg: 1.00) [1 x 307147]

CPA algorithm statistics
------------------------
Number of iterations:            213155
Max size of waitlist:            77
Average size of waitlist:        55
Number of computed successors:   245785
Max successors for one state:    2
Number of times merged:          17812
Number of times stopped:         24747
Number of times breaked:         1025

Total time for CPA algorithm:        13.620s (Max:     1.094s)
  Time for choose from waitlist:      0.094s
  Time for precision adjustment:      5.956s
  Time for transfer relation:         5.833s
  Time for merge operator:            0.335s
  Time for stop operator:             0.414s
  Time for adding to reached set:     0.264s

Predicate-Abstraction Refiner statistics
----------------------------------------
Number of predicate refinements:                   1025
Avg. length of target path (in blocks):               28631 (count: 1025, min: 6, max: 64, avg: 27.93)
Number of infeasible sliced prefixes:                     0 (count: 0, min: 0, max: 0, avg: 0.00)

Time for refinement:                                   8.567s
  Counterexample analysis:                             7.421s (Max:     0.026s, Calls: 1025)
    Refinement sat check:                              5.062s
    Interpolant computation:                           0.000s
  Path-formulas extraction:                            0.031s
  Error path post-processing:                          0.000s
  Predicate creation:                                  0.136s
  Precision update:                                    0.265s
  ARG update:                                          0.416s

Length of refined path (in blocks):                   24858 (count: 1025, min: 5, max: 63, avg: 24.25)
Number of affected states:                             9138 (count: 1025, min: 3, max: 47, avg: 8.92)
Length (states) of path with itp 'true':              14695 (count: 1025, min: 1, max: 53, avg: 14.34)
Length (states) of path with itp non-trivial itp:      9138 (count: 1025, min: 3, max: 47, avg: 8.92)
Length (states) of path with itp 'false':              1025 (count: 1025, min: 1, max: 1, avg: 1.00)
Different non-trivial interpolants along paths:           0 (count: 1025, min: 0, max: 0, avg: 0.00)
Equal non-trivial interpolants along paths:            8113 (count: 1025, min: 2, max: 46, avg: 7.92)
Number of refs with location-based cutoff:                0

CEGAR algorithm statistics
--------------------------
Number of refinements:                1025
Number of successful refinements:     1025
Number of failed refinements:         0
Max. size of reached set before ref.: 4719
Max. size of reached set after ref.:  4569
Avg. size of reached set before ref.: 1980.28
Avg. size of reached set after ref.:  1771.03

Total time for CEGAR algorithm:      25.189s
Time for refinements:                10.377s
Average time for refinement:          0.010s
Max time for refinement:              0.066s

Code Coverage
-----------------------------
  Function coverage:      0.321
  Visited lines:          1766
  Total lines:            4539
  Line coverage:          0.389
  Visited conditions:     212
  Total conditions:       1110
  Condition coverage:     0.191

CPAchecker general statistics
-----------------------------
Number of program locations:     6045
Number of CFA edges:             6898
Number of relevant variables:    921
Number of functions:             159
Number of loops:                 17
Size of reached set:             1914
  Number of reached locations:   579 (10%)
    Avg states per location:     3
    Max states per location:     40 (at node N4935)
  Number of reached functions:   51 (32%)
  Number of partitions:          1914
    Avg size of partitions:      1
    Max size of partitions:      1
  Number of target states:       0
  Size of final wait list        62

Time for analysis setup:          5.123s
  Time for loading CPAs:          0.781s
  Time for loading parser:        0.568s
  Time for CFA construction:      3.690s
    Time for parsing file(s):     0.824s
    Time for AST to CFA:          1.334s
    Time for CFA sanity check:    0.353s
    Time for post-processing:     1.019s
      Time for var class.:        0.482s
Time for Analysis:               25.189s
CPU time for analysis:           25.200s
Total time for CPAchecker:       30.316s
Total CPU time for CPAchecker:   30.320s
Time for statistics:              0.105s

Time for Garbage Collector:       0.663s (in 107 runs)
Garbage Collector(s) used:    Copy, MarkSweepCompact
Used heap memory:                 77MB (    73 MiB) max;     52MB (    50 MiB) avg;     80MB (    76 MiB) peak
Used non-heap memory:             40MB (    38 MiB) max;     35MB (    34 MiB) avg;     40MB (    39 MiB) peak
Allocated heap memory:           127MB (   121 MiB) max;    127MB (   121 MiB) avg
Allocated non-heap memory:        43MB (    41 MiB) max;     38MB (    36 MiB) avg
Total process virtual memory:   8086MB (  7712 MiB) max;   8074MB (  7700 MiB) avg

Verification result: UNKNOWN, incomplete analysis.
More details about the verification run can be found in the directory "./output".
