scripts/cpa.sh -Dy-MySearchStrategy-PredAbs-ABElf -heap 5600000000 -timelimit 30 -preprocess -stats -noout -setprop cpa.predicate.memoryAllocationsAlwaysSucceed=true -spec ../sv-benchmarks/c/ReachSafety.prp ../sv-benchmarks/c/ldv-linux-3.4-simple/32_1_cilled_true-unreach-call_ok_nondet_linux-3.4-32_1-drivers--rtc--rtc-pcap.ko-ldv_main0_sequence_infinite_withcheck_stateful.cil.out.c


--------------------------------------------------------------------------------


Running CPAchecker with Java heap of size 5600000000.
Running CPAchecker with default stack size (1024k). Specify a larger value with -stack if needed.
Running CPAchecker with the following extra VM options:  -Djava.io.tmpdir=/tmp/BenchExec_run_dhxm9j78/tmp
Using the following resource limits: CPU-time limit of 30s (ResourceLimitChecker.fromConfiguration, INFO)

CPAchecker (unknown version) (OpenJDK 64-Bit Server VM 1.8.0_151) started (CPAchecker.run, INFO)

MathSAT5 is available for research and evaluation purposes only. It can not be used in a commercial environment, particularly as part of a commercial product, without written permission. MathSAT5 is provided as is, without any warranty. Please write to mathsat@fbk.eu for additional questions regarding licensing MathSAT5 or obtaining more up-to-date versions. (PredicateCPA:JavaSMT:Mathsat5SolverContext.<init>, WARNING)

Using predicate analysis with MathSAT5 version 5.3.14 (0b98b661254c) (Nov 17 2016 10:59:45, gmp 5.1.3, gcc 4.8.5, 64-bit) and JFactory 1.21. (PredicateCPA:PredicateCPA.<init>, INFO)

Using refinement for predicate analysis with PredicateAbstractionRefinementStrategy strategy. (PredicateCPA:PredicateCPARefiner.<init>, INFO)

Starting analysis ... (CPAchecker.runAlgorithm, INFO)

Assuming external function ldv_initialize to be a constant function. (PredicateCPA:ExpressionToFormulaVisitor.visit, INFO)

Assuming external function platform_driver_probe to be a pure function. (PredicateCPA:ExpressionToFormulaVisitor.visit, INFO)

Assuming external function pcap_to_irq to be a pure function. (PredicateCPA:ExpressionToFormulaVisitor.visit, INFO)

Assuming external function rtc_update_irq to be a pure function. (PredicateCPA:ExpressionToFormulaVisitor.visit, INFO)

Assuming external function ezx_pcap_read to be a pure function. (PredicateCPA:ExpressionToFormulaVisitor.visit, INFO)

Assuming external function rtc_time_to_tm to be a pure function. (PredicateCPA:ExpressionToFormulaVisitor.visit, INFO)

Assuming external function rtc_tm_to_time to be a pure function. (PredicateCPA:ExpressionToFormulaVisitor.visit, INFO)

Assuming external function ezx_pcap_write to be a pure function. (PredicateCPA:ExpressionToFormulaVisitor.visit, INFO)

Assuming external function enable_irq to be a pure function. (PredicateCPA:ExpressionToFormulaVisitor.visit, INFO)

Assuming external function disable_irq to be a pure function. (PredicateCPA:ExpressionToFormulaVisitor.visit, INFO)

Assuming external function platform_driver_unregister to be a pure function. (PredicateCPA:ExpressionToFormulaVisitor.visit, INFO)

Stopping analysis ... (CPAchecker.runAlgorithm, INFO)

PredicateCPA statistics
-----------------------
Number of abstractions:            557 (8% of all post computations)
  Times abstraction was reused:    0
  Because of function entry/exit:  463 (83%)
  Because of loop head:            86 (15%)
  Because of join nodes:           0 (0%)
  Because of threshold:            0 (0%)
  Because of target state:         8 (1%)
  Times precision was empty:       255 (46%)
  Times precision was {false}:     23 (4%)
  Times result was cached:         254 (46%)
  Times cartesian abs was used:    0 (0%)
  Times boolean abs was used:      25 (4%)
  Times result was 'false':        15 (3%)
Number of strengthen sat checks:   0
Number of coverage checks:         248
  BDD entailment checks:           158
Number of SMT sat checks:          0
  trivial:                         0
  cached:                          0

Max ABE block size:                       14
Number of predicates discovered:          2
Number of abstraction locations:          27
Max number of predicates per location:    1
Avg number of predicates per location:    1
Total predicates per abstraction:         302
Max number of predicates per abstraction: 1
Avg number of predicates per abstraction: 6.29
Number of irrelevant predicates:          148 (49%)
Number of preds handled by boolean abs:   25 (8%)
  Total number of models for allsat:      25
  Max number of models for allsat:        1
  Avg number of models for allsat:        1.00

Time for post operator:                  0.400s
  Time for path formula creation:        0.391s
Time for strengthen operator:            0.027s
Time for prec operator:                  0.321s
  Time for abstraction:                  0.281s (Max:     0.017s, Count: 557)
    Boolean abstraction:                 0.042s
    Solving time:                        0.034s (Max:     0.009s)
    Model enumeration time:              0.000s
    Time for BDD construction:           0.017s (Max:     0.008s)
Time for merge operator:                 0.014s
Time for coverage check:                 0.013s
  Time for BDD entailment checks:        0.013s
Total time for SMT solver (w/o itp):     0.034s

Number of path formula cache hits:   4099 (54%)

Inside post operator:                  
  Inside path formula creation:        
    Time for path formula computation:     0.356s

Total number of created targets for pointer analysis: 0


Number of BDD nodes:                               202
Size of BDD node table:                            270749
Size of BDD cache:                                 27073
Size of BDD node cleanup queue:                          35 (count: 683, min: 0, max: 35, avg: 0.05)
Time for BDD node cleanup:                             0.001s
Time for BDD garbage collection:                       0.000s (in 0 runs)

PrecisionBootstrap statistics
-----------------------------
Init. function predicates:                         0
Init. global predicates:                           0
Init. location predicates:                         0

Invariant Generation statistics
-------------------------------

AutomatonAnalysis (SVCOMP) statistics
-------------------------------------
Number of states:                                  1
Total time for successor computation:                  0.060s
Automaton transfers with branching:                0
Automaton transfer successors:                         7238 (count: 7238, min: 1, max: 1, avg: 1.00) [1 x 7238]

CPA algorithm statistics
------------------------
Number of iterations:            1978
Max size of waitlist:            16
Average size of waitlist:        7
Number of computed successors:   2158
Max successors for one state:    2
Number of times merged:          45
Number of times stopped:         145
Number of times breaked:         8

Total time for CPA algorithm:         1.334s (Max:     0.319s)
  Time for choose from waitlist:      0.032s
  Time for precision adjustment:      0.418s
  Time for transfer relation:         0.728s
  Time for merge operator:            0.021s
  Time for stop operator:             0.061s
  Time for adding to reached set:     0.035s

Predicate-Abstraction Refiner statistics
----------------------------------------
Number of predicate refinements:                   8
Avg. length of target path (in blocks):                  91 (count: 8, min: 5, max: 15, avg: 11.38)
Number of infeasible sliced prefixes:                     0 (count: 0, min: 0, max: 0, avg: 0.00)

Time for refinement:                                   0.102s
  Counterexample analysis:                             0.043s (Max:     0.018s, Calls: 8)
    Refinement sat check:                              0.018s
    Interpolant computation:                           0.000s
  Path-formulas extraction:                            0.000s
  Error path post-processing:                          0.000s
  Predicate creation:                                  0.016s
  Precision update:                                    0.002s
  ARG update:                                          0.020s

Length of refined path (in blocks):                      83 (count: 8, min: 4, max: 14, avg: 10.38)
Number of affected states:                               75 (count: 8, min: 3, max: 13, avg: 9.38)
Length (states) of path with itp 'true':                  0 (count: 8, min: 0, max: 0, avg: 0.00)
Length (states) of path with itp non-trivial itp:        75 (count: 8, min: 3, max: 13, avg: 9.38)
Length (states) of path with itp 'false':                 8 (count: 8, min: 1, max: 1, avg: 1.00)
Different non-trivial interpolants along paths:           0 (count: 8, min: 0, max: 0, avg: 0.00)
Equal non-trivial interpolants along paths:              67 (count: 8, min: 2, max: 12, avg: 8.38)
Number of refs with location-based cutoff:                0

CEGAR algorithm statistics
--------------------------
Number of refinements:                8
Number of successful refinements:     8
Number of failed refinements:         0
Max. size of reached set before ref.: 277
Max. size of reached set after ref.:  3
Avg. size of reached set before ref.: 234.38
Avg. size of reached set after ref.:  3.00

Total time for CEGAR algorithm:       1.463s
Time for refinements:                 0.125s
Average time for refinement:          0.015s
Max time for refinement:              0.035s

Code Coverage
-----------------------------
  Function coverage:      0.414
  Visited lines:          702
  Total lines:            918
  Line coverage:          0.765
  Visited conditions:     24
  Total conditions:       52
  Condition coverage:     0.462

CPAchecker general statistics
-----------------------------
Number of program locations:     1069
Number of CFA edges:             1099
Number of relevant variables:    96
Number of functions:             29
Number of loops:                 1
Size of reached set:             148
  Number of reached locations:   117 (11%)
    Avg states per location:     1
    Max states per location:     7 (at node N590)
  Number of reached functions:   12 (41%)
  Number of partitions:          148
    Avg size of partitions:      1
    Max size of partitions:      1
  Number of target states:       0

Time for analysis setup:          2.582s
  Time for loading CPAs:          0.507s
  Time for loading parser:        0.474s
  Time for CFA construction:      1.485s
    Time for parsing file(s):     0.528s
    Time for AST to CFA:          0.443s
    Time for CFA sanity check:    0.104s
    Time for post-processing:     0.319s
      Time for var class.:        0.141s
Time for Analysis:                1.465s
CPU time for analysis:            1.470s
Time for analyzing result:        0.000s
Total time for CPAchecker:        4.049s
Total CPU time for CPAchecker:    4.050s
Time for statistics:              0.056s

Time for Garbage Collector:       0.104s (in 6 runs)
Garbage Collector(s) used:    Copy, MarkSweepCompact
Used heap memory:                 59MB (    56 MiB) max;     31MB (    30 MiB) avg;     64MB (    61 MiB) peak
Used non-heap memory:             34MB (    33 MiB) max;     26MB (    24 MiB) avg;     35MB (    34 MiB) peak
Allocated heap memory:           127MB (   121 MiB) max;    127MB (   121 MiB) avg
Allocated non-heap memory:        37MB (    35 MiB) max;     27MB (    26 MiB) avg
Total process virtual memory:   8017MB (  7646 MiB) max;   7972MB (  7603 MiB) avg

Verification result: TRUE. No property violation found by chosen configuration.
More details about the verification run can be found in the directory "./output".
