scripts/cpa.sh -Dy-MySearchStrategy-PredAbs-ABElf -heap 5600000000 -timelimit 30 -preprocess -stats -noout -setprop cpa.predicate.memoryAllocationsAlwaysSucceed=true -spec ../sv-benchmarks/c/ReachSafety.prp ../sv-benchmarks/c/ldv-consumption/32_7a_cilled_true-unreach-call_linux-3.8-rc1-32_7a-drivers--message--fusion--mptsas.ko-ldv_main0_sequence_infinite_withcheck_stateful.cil.out.c


--------------------------------------------------------------------------------


Running CPAchecker with Java heap of size 5600000000.
Running CPAchecker with default stack size (1024k). Specify a larger value with -stack if needed.
Running CPAchecker with the following extra VM options:  -Djava.io.tmpdir=/tmp/BenchExec_run_s6busdyd/tmp
Using the following resource limits: CPU-time limit of 30s (ResourceLimitChecker.fromConfiguration, INFO)

CPAchecker (unknown version) (OpenJDK 64-Bit Server VM 1.8.0_162) started (CPAchecker.run, INFO)

line 5541: Dead code detected: __asm__ ("movb %%gs:%P1,%0": "=q" (pfo_ret__): "p" (& kernel_stack)); (CFACreationUtils.addEdgeToCFA, INFO)

line 5544: Dead code detected: __asm__ ("movw %%gs:%P1,%0": "=r" (pfo_ret__): "p" (& kernel_stack)); (CFACreationUtils.addEdgeToCFA, INFO)

line 5547: Dead code detected: __asm__ ("movl %%gs:%P1,%0": "=r" (pfo_ret__): "p" (& kernel_stack)); (CFACreationUtils.addEdgeToCFA, INFO)

none: Dead code detected: switch (8UL) {
  case 1UL:
  __asm__ ("movb %%gs:%P1,%0": "=q" (pfo_ret__): "p" (& kernel_stack));
  goto ldv_6456;
  case 2UL:
  __asm__ ("movw %%gs:%P1,%0": "=r" (pfo_ret__): "p" (& kernel_stack));
  goto ldv_6456;
  case 4UL:
  __asm__ ("movl %%gs:%P1,%0": "=r" (pfo_ret__): "p" (& kernel_stack));
  goto ldv_6456;
  case 8UL:
  __asm__ ("movq %%gs:%P1,%0": "=r" (pfo_ret__): "p" (& kernel_stack));
  goto ldv_6456;
  default:
  __bad_percpu_size();
  } (CFACreationUtils.addEdgeToCFA, INFO)

lines 6483-6498: Dead code detected: switch (4UL) (CFACreationUtils.addEdgeToCFA, INFO)

line 6485: Dead code detected: __asm__ ("movb %%gs:%P1,%0": "=q" (pfo_ret__): "m" (cpu_number)); (CFACreationUtils.addEdgeToCFA, INFO)

line 6488: Dead code detected: __asm__ ("movw %%gs:%P1,%0": "=r" (pfo_ret__): "m" (cpu_number)); (CFACreationUtils.addEdgeToCFA, INFO)

line 6490: Dead code detected:  (CFACreationUtils.addEdgeToCFA, INFO)

line 6494: Dead code detected: __asm__ ("movq %%gs:%P1,%0": "=r" (pfo_ret__): "m" (cpu_number)); (CFACreationUtils.addEdgeToCFA, INFO)

none: Dead code detected: switch (4UL) {
    case 1UL:
    __asm__ ("movb %%gs:%P1,%0": "=q" (pfo_ret__): "m" (cpu_number));
    goto ldv_37850;
    case 2UL:
    __asm__ ("movw %%gs:%P1,%0": "=r" (pfo_ret__): "m" (cpu_number));
    goto ldv_37850;
    case 4UL:
    __asm__ ("movl %%gs:%P1,%0": "=r" (pfo_ret__): "m" (cpu_number));
    goto ldv_37850;
    case 8UL:
    __asm__ ("movq %%gs:%P1,%0": "=r" (pfo_ret__): "m" (cpu_number));
    goto ldv_37850;
    default:
    __bad_percpu_size();
    } (CFACreationUtils.addEdgeToCFA, INFO)

lines 6503-6518: Dead code detected: switch (4UL) (CFACreationUtils.addEdgeToCFA, INFO)

line 6505: Dead code detected: __asm__ ("movb %%gs:%P1,%0": "=q" (pfo_ret_____0): "m" (cpu_number)); (CFACreationUtils.addEdgeToCFA, INFO)

line 6508: Dead code detected: __asm__ ("movw %%gs:%P1,%0": "=r" (pfo_ret_____0): "m" (cpu_number)); (CFACreationUtils.addEdgeToCFA, INFO)

line 6510: Dead code detected:  (CFACreationUtils.addEdgeToCFA, INFO)

line 6514: Dead code detected: __asm__ ("movq %%gs:%P1,%0": "=r" (pfo_ret_____0): "m" (cpu_number)); (CFACreationUtils.addEdgeToCFA, INFO)

none: Dead code detected: switch (4UL) {
    case 1UL:
    __asm__ ("movb %%gs:%P1,%0": "=q" (pfo_ret_____0): "m" (cpu_number));
    goto ldv_37860;
    case 2UL:
    __asm__ ("movw %%gs:%P1,%0": "=r" (pfo_ret_____0): "m" (cpu_number));
    goto ldv_37860;
    case 4UL:
    __asm__ ("movl %%gs:%P1,%0": "=r" (pfo_ret_____0): "m" (cpu_number));
    goto ldv_37860;
    case 8UL:
    __asm__ ("movq %%gs:%P1,%0": "=r" (pfo_ret_____0): "m" (cpu_number));
    goto ldv_37860;
    default:
    __bad_percpu_size();
    } (CFACreationUtils.addEdgeToCFA, INFO)

line 6525: Dead code detected: __asm__ ("movb %%gs:%P1,%0": "=q" (pfo_ret_____1): "m" (cpu_number)); (CFACreationUtils.addEdgeToCFA, INFO)

line 6528: Dead code detected: __asm__ ("movw %%gs:%P1,%0": "=r" (pfo_ret_____1): "m" (cpu_number)); (CFACreationUtils.addEdgeToCFA, INFO)

line 6534: Dead code detected: __asm__ ("movq %%gs:%P1,%0": "=r" (pfo_ret_____1): "m" (cpu_number)); (CFACreationUtils.addEdgeToCFA, INFO)

none: Dead code detected: switch (4UL) {
    case 1UL:
    __asm__ ("movb %%gs:%P1,%0": "=q" (pfo_ret_____1): "m" (cpu_number));
    goto ldv_37869;
    case 2UL:
    __asm__ ("movw %%gs:%P1,%0": "=r" (pfo_ret_____1): "m" (cpu_number));
    goto ldv_37869;
    case 4UL:
    __asm__ ("movl %%gs:%P1,%0": "=r" (pfo_ret_____1): "m" (cpu_number));
    goto ldv_37869;
    case 8UL:
    __asm__ ("movq %%gs:%P1,%0": "=r" (pfo_ret_____1): "m" (cpu_number));
    goto ldv_37869;
    default:
    __bad_percpu_size();
    } (CFACreationUtils.addEdgeToCFA, INFO)

lines 6543-6558: Dead code detected: switch (4UL) (CFACreationUtils.addEdgeToCFA, INFO)

line 6545: Dead code detected: __asm__ ("movb %%gs:%P1,%0": "=q" (pfo_ret_____2): "m" (cpu_number)); (CFACreationUtils.addEdgeToCFA, INFO)

line 6548: Dead code detected: __asm__ ("movw %%gs:%P1,%0": "=r" (pfo_ret_____2): "m" (cpu_number)); (CFACreationUtils.addEdgeToCFA, INFO)

line 6550: Dead code detected:  (CFACreationUtils.addEdgeToCFA, INFO)

line 6554: Dead code detected: __asm__ ("movq %%gs:%P1,%0": "=r" (pfo_ret_____2): "m" (cpu_number)); (CFACreationUtils.addEdgeToCFA, INFO)

none: Dead code detected: switch (4UL) {
    case 1UL:
    __asm__ ("movb %%gs:%P1,%0": "=q" (pfo_ret_____2): "m" (cpu_number));
    goto ldv_37878;
    case 2UL:
    __asm__ ("movw %%gs:%P1,%0": "=r" (pfo_ret_____2): "m" (cpu_number));
    goto ldv_37878;
    case 4UL:
    __asm__ ("movl %%gs:%P1,%0": "=r" (pfo_ret_____2): "m" (cpu_number));
    goto ldv_37878;
    case 8UL:
    __asm__ ("movq %%gs:%P1,%0": "=r" (pfo_ret_____2): "m" (cpu_number));
    goto ldv_37878;
    default:
    __bad_percpu_size();
    } (CFACreationUtils.addEdgeToCFA, INFO)

none: Dead code detected: switch (4UL) {
    case 1UL: ;
    switch (4UL) {
    case 1UL:
    __asm__ ("movb %%gs:%P1,%0": "=q" (pfo_ret__): "m" (cpu_number));
    goto ldv_37850;
    case 2UL:
    __asm__ ("movw %%gs:%P1,%0": "=r" (pfo_ret__): "m" (cpu_number));
    goto ldv_37850;
    case 4UL:
    __asm__ ("movl %%gs:%P1,%0": "=r" (pfo_ret__): "m" (cpu_number));
    goto ldv_37850;
    case 8UL:
    __asm__ ("movq %%gs:%P1,%0": "=r" (pfo_ret__): "m" (cpu_number));
    goto ldv_37850;
    default:
    __bad_percpu_size();
    }
    ldv_37850:
    pscr_ret__ = pfo_ret__;
    goto ldv_37856;
    case 2UL: ;
    switch (4UL) {
    case 1UL:
    __asm__ ("movb %%gs:%P1,%0": "=q" (pfo_ret_____0): "m" (cpu_number));
    goto ldv_37860;
    case 2UL:
    __asm__ ("movw %%gs:%P1,%0": "=r" (pfo_ret_____0): "m" (cpu_number));
    goto ldv_37860;
    case 4UL:
    __asm__ ("movl %%gs:%P1,%0": "=r" (pfo_ret_____0): "m" (cpu_number));
    goto ldv_37860;
    case 8UL:
    __asm__ ("movq %%gs:%P1,%0": "=r" (pfo_ret_____0): "m" (cpu_number));
    goto ldv_37860;
    default:
    __bad_percpu_size();
    }
    ldv_37860:
    pscr_ret__ = pfo_ret_____0;
    goto ldv_37856;
    case 4UL: ;
    switch (4UL) {
    case 1UL:
    __asm__ ("movb %%gs:%P1,%0": "=q" (pfo_ret_____1): "m" (cpu_number));
    goto ldv_37869;
    case 2UL:
    __asm__ ("movw %%gs:%P1,%0": "=r" (pfo_ret_____1): "m" (cpu_number));
    goto ldv_37869;
    case 4UL:
    __asm__ ("movl %%gs:%P1,%0": "=r" (pfo_ret_____1): "m" (cpu_number));
    goto ldv_37869;
    case 8UL:
    __asm__ ("movq %%gs:%P1,%0": "=r" (pfo_ret_____1): "m" (cpu_number));
    goto ldv_37869;
    default:
    __bad_percpu_size();
    }
    ldv_37869:
    pscr_ret__ = pfo_ret_____1;
    goto ldv_37856;
    case 8UL: ;
    switch (4UL) {
    case 1UL:
    __asm__ ("movb %%gs:%P1,%0": "=q" (pfo_ret_____2): "m" (cpu_number));
    goto ldv_37878;
    case 2UL:
    __asm__ ("movw %%gs:%P1,%0": "=r" (pfo_ret_____2): "m" (cpu_number));
    goto ldv_37878;
    case 4UL:
    __asm__ ("movl %%gs:%P1,%0": "=r" (pfo_ret_____2): "m" (cpu_number));
    goto ldv_37878;
    case 8UL:
    __asm__ ("movq %%gs:%P1,%0": "=r" (pfo_ret_____2): "m" (cpu_number));
    goto ldv_37878;
    default:
    __bad_percpu_size();
    }
    ldv_37878:
    pscr_ret__ = pfo_ret_____2;
    goto ldv_37856;
    default:
    __bad_size_call_parameter();
    goto ldv_37856;
    } (CFACreationUtils.addEdgeToCFA, INFO)

lines 6575-6590: Dead code detected: switch (4UL) (CFACreationUtils.addEdgeToCFA, INFO)

line 6577: Dead code detected: __asm__ ("movb %%gs:%P1,%0": "=q" (pfo_ret_____3): "m" (cpu_number)); (CFACreationUtils.addEdgeToCFA, INFO)

line 6580: Dead code detected: __asm__ ("movw %%gs:%P1,%0": "=r" (pfo_ret_____3): "m" (cpu_number)); (CFACreationUtils.addEdgeToCFA, INFO)

line 6582: Dead code detected:  (CFACreationUtils.addEdgeToCFA, INFO)

line 6586: Dead code detected: __asm__ ("movq %%gs:%P1,%0": "=r" (pfo_ret_____3): "m" (cpu_number)); (CFACreationUtils.addEdgeToCFA, INFO)

none: Dead code detected: switch (4UL) {
  case 1UL:
  __asm__ ("movb %%gs:%P1,%0": "=q" (pfo_ret_____3): "m" (cpu_number));
  goto ldv_37891;
  case 2UL:
  __asm__ ("movw %%gs:%P1,%0": "=r" (pfo_ret_____3): "m" (cpu_number));
  goto ldv_37891;
  case 4UL:
  __asm__ ("movl %%gs:%P1,%0": "=r" (pfo_ret_____3): "m" (cpu_number));
  goto ldv_37891;
  case 8UL:
  __asm__ ("movq %%gs:%P1,%0": "=r" (pfo_ret_____3): "m" (cpu_number));
  goto ldv_37891;
  default:
  __bad_percpu_size();
  } (CFACreationUtils.addEdgeToCFA, INFO)

lines 6595-6610: Dead code detected: switch (4UL) (CFACreationUtils.addEdgeToCFA, INFO)

line 6597: Dead code detected: __asm__ ("movb %%gs:%P1,%0": "=q" (pfo_ret_____4): "m" (cpu_number)); (CFACreationUtils.addEdgeToCFA, INFO)

line 6600: Dead code detected: __asm__ ("movw %%gs:%P1,%0": "=r" (pfo_ret_____4): "m" (cpu_number)); (CFACreationUtils.addEdgeToCFA, INFO)

line 6602: Dead code detected:  (CFACreationUtils.addEdgeToCFA, INFO)

line 6606: Dead code detected: __asm__ ("movq %%gs:%P1,%0": "=r" (pfo_ret_____4): "m" (cpu_number)); (CFACreationUtils.addEdgeToCFA, INFO)

none: Dead code detected: switch (4UL) {
  case 1UL:
  __asm__ ("movb %%gs:%P1,%0": "=q" (pfo_ret_____4): "m" (cpu_number));
  goto ldv_37901;
  case 2UL:
  __asm__ ("movw %%gs:%P1,%0": "=r" (pfo_ret_____4): "m" (cpu_number));
  goto ldv_37901;
  case 4UL:
  __asm__ ("movl %%gs:%P1,%0": "=r" (pfo_ret_____4): "m" (cpu_number));
  goto ldv_37901;
  case 8UL:
  __asm__ ("movq %%gs:%P1,%0": "=r" (pfo_ret_____4): "m" (cpu_number));
  goto ldv_37901;
  default:
  __bad_percpu_size();
  } (CFACreationUtils.addEdgeToCFA, INFO)

line 6617: Dead code detected: __asm__ ("movb %%gs:%P1,%0": "=q" (pfo_ret_____5): "m" (cpu_number)); (CFACreationUtils.addEdgeToCFA, INFO)

line 6620: Dead code detected: __asm__ ("movw %%gs:%P1,%0": "=r" (pfo_ret_____5): "m" (cpu_number)); (CFACreationUtils.addEdgeToCFA, INFO)

line 6626: Dead code detected: __asm__ ("movq %%gs:%P1,%0": "=r" (pfo_ret_____5): "m" (cpu_number)); (CFACreationUtils.addEdgeToCFA, INFO)

none: Dead code detected: switch (4UL) {
  case 1UL:
  __asm__ ("movb %%gs:%P1,%0": "=q" (pfo_ret_____5): "m" (cpu_number));
  goto ldv_37910;
  case 2UL:
  __asm__ ("movw %%gs:%P1,%0": "=r" (pfo_ret_____5): "m" (cpu_number));
  goto ldv_37910;
  case 4UL:
  __asm__ ("movl %%gs:%P1,%0": "=r" (pfo_ret_____5): "m" (cpu_number));
  goto ldv_37910;
  case 8UL:
  __asm__ ("movq %%gs:%P1,%0": "=r" (pfo_ret_____5): "m" (cpu_number));
  goto ldv_37910;
  default:
  __bad_percpu_size();
  } (CFACreationUtils.addEdgeToCFA, INFO)

lines 6635-6650: Dead code detected: switch (4UL) (CFACreationUtils.addEdgeToCFA, INFO)

line 6637: Dead code detected: __asm__ ("movb %%gs:%P1,%0": "=q" (pfo_ret_____6): "m" (cpu_number)); (CFACreationUtils.addEdgeToCFA, INFO)

line 6640: Dead code detected: __asm__ ("movw %%gs:%P1,%0": "=r" (pfo_ret_____6): "m" (cpu_number)); (CFACreationUtils.addEdgeToCFA, INFO)

line 6642: Dead code detected:  (CFACreationUtils.addEdgeToCFA, INFO)

line 6646: Dead code detected: __asm__ ("movq %%gs:%P1,%0": "=r" (pfo_ret_____6): "m" (cpu_number)); (CFACreationUtils.addEdgeToCFA, INFO)

none: Dead code detected: switch (4UL) {
  case 1UL:
  __asm__ ("movb %%gs:%P1,%0": "=q" (pfo_ret_____6): "m" (cpu_number));
  goto ldv_37919;
  case 2UL:
  __asm__ ("movw %%gs:%P1,%0": "=r" (pfo_ret_____6): "m" (cpu_number));
  goto ldv_37919;
  case 4UL:
  __asm__ ("movl %%gs:%P1,%0": "=r" (pfo_ret_____6): "m" (cpu_number));
  goto ldv_37919;
  case 8UL:
  __asm__ ("movq %%gs:%P1,%0": "=r" (pfo_ret_____6): "m" (cpu_number));
  goto ldv_37919;
  default:
  __bad_percpu_size();
  } (CFACreationUtils.addEdgeToCFA, INFO)

none: Dead code detected: switch (4UL) {
  case 1UL: ;
  switch (4UL) {
  case 1UL:
  __asm__ ("movb %%gs:%P1,%0": "=q" (pfo_ret_____3): "m" (cpu_number));
  goto ldv_37891;
  case 2UL:
  __asm__ ("movw %%gs:%P1,%0": "=r" (pfo_ret_____3): "m" (cpu_number));
  goto ldv_37891;
  case 4UL:
  __asm__ ("movl %%gs:%P1,%0": "=r" (pfo_ret_____3): "m" (cpu_number));
  goto ldv_37891;
  case 8UL:
  __asm__ ("movq %%gs:%P1,%0": "=r" (pfo_ret_____3): "m" (cpu_number));
  goto ldv_37891;
  default:
  __bad_percpu_size();
  }
  ldv_37891:
  pscr_ret_____0 = pfo_ret_____3;
  goto ldv_37897;
  case 2UL: ;
  switch (4UL) {
  case 1UL:
  __asm__ ("movb %%gs:%P1,%0": "=q" (pfo_ret_____4): "m" (cpu_number));
  goto ldv_37901;
  case 2UL:
  __asm__ ("movw %%gs:%P1,%0": "=r" (pfo_ret_____4): "m" (cpu_number));
  goto ldv_37901;
  case 4UL:
  __asm__ ("movl %%gs:%P1,%0": "=r" (pfo_ret_____4): "m" (cpu_number));
  goto ldv_37901;
  case 8UL:
  __asm__ ("movq %%gs:%P1,%0": "=r" (pfo_ret_____4): "m" (cpu_number));
  goto ldv_37901;
  default:
  __bad_percpu_size();
  }
  ldv_37901:
  pscr_ret_____0 = pfo_ret_____4;
  goto ldv_37897;
  case 4UL: ;
  switch (4UL) {
  case 1UL:
  __asm__ ("movb %%gs:%P1,%0": "=q" (pfo_ret_____5): "m" (cpu_number));
  goto ldv_37910;
  case 2UL:
  __asm__ ("movw %%gs:%P1,%0": "=r" (pfo_ret_____5): "m" (cpu_number));
  goto ldv_37910;
  case 4UL:
  __asm__ ("movl %%gs:%P1,%0": "=r" (pfo_ret_____5): "m" (cpu_number));
  goto ldv_37910;
  case 8UL:
  __asm__ ("movq %%gs:%P1,%0": "=r" (pfo_ret_____5): "m" (cpu_number));
  goto ldv_37910;
  default:
  __bad_percpu_size();
  }
  ldv_37910:
  pscr_ret_____0 = pfo_ret_____5;
  goto ldv_37897;
  case 8UL: ;
  switch (4UL) {
  case 1UL:
  __asm__ ("movb %%gs:%P1,%0": "=q" (pfo_ret_____6): "m" (cpu_number));
  goto ldv_37919;
  case 2UL:
  __asm__ ("movw %%gs:%P1,%0": "=r" (pfo_ret_____6): "m" (cpu_number));
  goto ldv_37919;
  case 4UL:
  __asm__ ("movl %%gs:%P1,%0": "=r" (pfo_ret_____6): "m" (cpu_number));
  goto ldv_37919;
  case 8UL:
  __asm__ ("movq %%gs:%P1,%0": "=r" (pfo_ret_____6): "m" (cpu_number));
  goto ldv_37919;
  default:
  __bad_percpu_size();
  }
  ldv_37919:
  pscr_ret_____0 = pfo_ret_____6;
  goto ldv_37897;
  default:
  __bad_size_call_parameter();
  goto ldv_37897;
  } (CFACreationUtils.addEdgeToCFA, INFO)

lines 6690-6705: Dead code detected: switch (4UL) (CFACreationUtils.addEdgeToCFA, INFO)

line 6692: Dead code detected: __asm__ ("movb %%gs:%P1,%0": "=q" (pfo_ret__): "m" (cpu_number)); (CFACreationUtils.addEdgeToCFA, INFO)

line 6695: Dead code detected: __asm__ ("movw %%gs:%P1,%0": "=r" (pfo_ret__): "m" (cpu_number)); (CFACreationUtils.addEdgeToCFA, INFO)

line 6697: Dead code detected:  (CFACreationUtils.addEdgeToCFA, INFO)

line 6701: Dead code detected: __asm__ ("movq %%gs:%P1,%0": "=r" (pfo_ret__): "m" (cpu_number)); (CFACreationUtils.addEdgeToCFA, INFO)

none: Dead code detected: switch (4UL) {
    case 1UL:
    __asm__ ("movb %%gs:%P1,%0": "=q" (pfo_ret__): "m" (cpu_number));
    goto ldv_37942;
    case 2UL:
    __asm__ ("movw %%gs:%P1,%0": "=r" (pfo_ret__): "m" (cpu_number));
    goto ldv_37942;
    case 4UL:
    __asm__ ("movl %%gs:%P1,%0": "=r" (pfo_ret__): "m" (cpu_number));
    goto ldv_37942;
    case 8UL:
    __asm__ ("movq %%gs:%P1,%0": "=r" (pfo_ret__): "m" (cpu_number));
    goto ldv_37942;
    default:
    __bad_percpu_size();
    } (CFACreationUtils.addEdgeToCFA, INFO)

lines 6710-6725: Dead code detected: switch (4UL) (CFACreationUtils.addEdgeToCFA, INFO)

line 6712: Dead code detected: __asm__ ("movb %%gs:%P1,%0": "=q" (pfo_ret_____0): "m" (cpu_number)); (CFACreationUtils.addEdgeToCFA, INFO)

line 6715: Dead code detected: __asm__ ("movw %%gs:%P1,%0": "=r" (pfo_ret_____0): "m" (cpu_number)); (CFACreationUtils.addEdgeToCFA, INFO)

line 6717: Dead code detected:  (CFACreationUtils.addEdgeToCFA, INFO)

line 6721: Dead code detected: __asm__ ("movq %%gs:%P1,%0": "=r" (pfo_ret_____0): "m" (cpu_number)); (CFACreationUtils.addEdgeToCFA, INFO)

none: Dead code detected: switch (4UL) {
    case 1UL:
    __asm__ ("movb %%gs:%P1,%0": "=q" (pfo_ret_____0): "m" (cpu_number));
    goto ldv_37952;
    case 2UL:
    __asm__ ("movw %%gs:%P1,%0": "=r" (pfo_ret_____0): "m" (cpu_number));
    goto ldv_37952;
    case 4UL:
    __asm__ ("movl %%gs:%P1,%0": "=r" (pfo_ret_____0): "m" (cpu_number));
    goto ldv_37952;
    case 8UL:
    __asm__ ("movq %%gs:%P1,%0": "=r" (pfo_ret_____0): "m" (cpu_number));
    goto ldv_37952;
    default:
    __bad_percpu_size();
    } (CFACreationUtils.addEdgeToCFA, INFO)

line 6732: Dead code detected: __asm__ ("movb %%gs:%P1,%0": "=q" (pfo_ret_____1): "m" (cpu_number)); (CFACreationUtils.addEdgeToCFA, INFO)

line 6735: Dead code detected: __asm__ ("movw %%gs:%P1,%0": "=r" (pfo_ret_____1): "m" (cpu_number)); (CFACreationUtils.addEdgeToCFA, INFO)

line 6741: Dead code detected: __asm__ ("movq %%gs:%P1,%0": "=r" (pfo_ret_____1): "m" (cpu_number)); (CFACreationUtils.addEdgeToCFA, INFO)

none: Dead code detected: switch (4UL) {
    case 1UL:
    __asm__ ("movb %%gs:%P1,%0": "=q" (pfo_ret_____1): "m" (cpu_number));
    goto ldv_37961;
    case 2UL:
    __asm__ ("movw %%gs:%P1,%0": "=r" (pfo_ret_____1): "m" (cpu_number));
    goto ldv_37961;
    case 4UL:
    __asm__ ("movl %%gs:%P1,%0": "=r" (pfo_ret_____1): "m" (cpu_number));
    goto ldv_37961;
    case 8UL:
    __asm__ ("movq %%gs:%P1,%0": "=r" (pfo_ret_____1): "m" (cpu_number));
    goto ldv_37961;
    default:
    __bad_percpu_size();
    } (CFACreationUtils.addEdgeToCFA, INFO)

lines 6750-6765: Dead code detected: switch (4UL) (CFACreationUtils.addEdgeToCFA, INFO)

line 6752: Dead code detected: __asm__ ("movb %%gs:%P1,%0": "=q" (pfo_ret_____2): "m" (cpu_number)); (CFACreationUtils.addEdgeToCFA, INFO)

line 6755: Dead code detected: __asm__ ("movw %%gs:%P1,%0": "=r" (pfo_ret_____2): "m" (cpu_number)); (CFACreationUtils.addEdgeToCFA, INFO)

line 6757: Dead code detected:  (CFACreationUtils.addEdgeToCFA, INFO)

line 6761: Dead code detected: __asm__ ("movq %%gs:%P1,%0": "=r" (pfo_ret_____2): "m" (cpu_number)); (CFACreationUtils.addEdgeToCFA, INFO)

none: Dead code detected: switch (4UL) {
    case 1UL:
    __asm__ ("movb %%gs:%P1,%0": "=q" (pfo_ret_____2): "m" (cpu_number));
    goto ldv_37970;
    case 2UL:
    __asm__ ("movw %%gs:%P1,%0": "=r" (pfo_ret_____2): "m" (cpu_number));
    goto ldv_37970;
    case 4UL:
    __asm__ ("movl %%gs:%P1,%0": "=r" (pfo_ret_____2): "m" (cpu_number));
    goto ldv_37970;
    case 8UL:
    __asm__ ("movq %%gs:%P1,%0": "=r" (pfo_ret_____2): "m" (cpu_number));
    goto ldv_37970;
    default:
    __bad_percpu_size();
    } (CFACreationUtils.addEdgeToCFA, INFO)

none: Dead code detected: switch (4UL) {
    case 1UL: ;
    switch (4UL) {
    case 1UL:
    __asm__ ("movb %%gs:%P1,%0": "=q" (pfo_ret__): "m" (cpu_number));
    goto ldv_37942;
    case 2UL:
    __asm__ ("movw %%gs:%P1,%0": "=r" (pfo_ret__): "m" (cpu_number));
    goto ldv_37942;
    case 4UL:
    __asm__ ("movl %%gs:%P1,%0": "=r" (pfo_ret__): "m" (cpu_number));
    goto ldv_37942;
    case 8UL:
    __asm__ ("movq %%gs:%P1,%0": "=r" (pfo_ret__): "m" (cpu_number));
    goto ldv_37942;
    default:
    __bad_percpu_size();
    }
    ldv_37942:
    pscr_ret__ = pfo_ret__;
    goto ldv_37948;
    case 2UL: ;
    switch (4UL) {
    case 1UL:
    __asm__ ("movb %%gs:%P1,%0": "=q" (pfo_ret_____0): "m" (cpu_number));
    goto ldv_37952;
    case 2UL:
    __asm__ ("movw %%gs:%P1,%0": "=r" (pfo_ret_____0): "m" (cpu_number));
    goto ldv_37952;
    case 4UL:
    __asm__ ("movl %%gs:%P1,%0": "=r" (pfo_ret_____0): "m" (cpu_number));
    goto ldv_37952;
    case 8UL:
    __asm__ ("movq %%gs:%P1,%0": "=r" (pfo_ret_____0): "m" (cpu_number));
    goto ldv_37952;
    default:
    __bad_percpu_size();
    }
    ldv_37952:
    pscr_ret__ = pfo_ret_____0;
    goto ldv_37948;
    case 4UL: ;
    switch (4UL) {
    case 1UL:
    __asm__ ("movb %%gs:%P1,%0": "=q" (pfo_ret_____1): "m" (cpu_number));
    goto ldv_37961;
    case 2UL:
    __asm__ ("movw %%gs:%P1,%0": "=r" (pfo_ret_____1): "m" (cpu_number));
    goto ldv_37961;
    case 4UL:
    __asm__ ("movl %%gs:%P1,%0": "=r" (pfo_ret_____1): "m" (cpu_number));
    goto ldv_37961;
    case 8UL:
    __asm__ ("movq %%gs:%P1,%0": "=r" (pfo_ret_____1): "m" (cpu_number));
    goto ldv_37961;
    default:
    __bad_percpu_size();
    }
    ldv_37961:
    pscr_ret__ = pfo_ret_____1;
    goto ldv_37948;
    case 8UL: ;
    switch (4UL) {
    case 1UL:
    __asm__ ("movb %%gs:%P1,%0": "=q" (pfo_ret_____2): "m" (cpu_number));
    goto ldv_37970;
    case 2UL:
    __asm__ ("movw %%gs:%P1,%0": "=r" (pfo_ret_____2): "m" (cpu_number));
    goto ldv_37970;
    case 4UL:
    __asm__ ("movl %%gs:%P1,%0": "=r" (pfo_ret_____2): "m" (cpu_number));
    goto ldv_37970;
    case 8UL:
    __asm__ ("movq %%gs:%P1,%0": "=r" (pfo_ret_____2): "m" (cpu_number));
    goto ldv_37970;
    default:
    __bad_percpu_size();
    }
    ldv_37970:
    pscr_ret__ = pfo_ret_____2;
    goto ldv_37948;
    default:
    __bad_size_call_parameter();
    goto ldv_37948;
    } (CFACreationUtils.addEdgeToCFA, INFO)

lines 6784-6799: Dead code detected: switch (4UL) (CFACreationUtils.addEdgeToCFA, INFO)

line 6786: Dead code detected: __asm__ ("movb %%gs:%P1,%0": "=q" (pfo_ret_____3): "m" (cpu_number)); (CFACreationUtils.addEdgeToCFA, INFO)

line 6789: Dead code detected: __asm__ ("movw %%gs:%P1,%0": "=r" (pfo_ret_____3): "m" (cpu_number)); (CFACreationUtils.addEdgeToCFA, INFO)

line 6791: Dead code detected:  (CFACreationUtils.addEdgeToCFA, INFO)

line 6795: Dead code detected: __asm__ ("movq %%gs:%P1,%0": "=r" (pfo_ret_____3): "m" (cpu_number)); (CFACreationUtils.addEdgeToCFA, INFO)

none: Dead code detected: switch (4UL) {
  case 1UL:
  __asm__ ("movb %%gs:%P1,%0": "=q" (pfo_ret_____3): "m" (cpu_number));
  goto ldv_37983;
  case 2UL:
  __asm__ ("movw %%gs:%P1,%0": "=r" (pfo_ret_____3): "m" (cpu_number));
  goto ldv_37983;
  case 4UL:
  __asm__ ("movl %%gs:%P1,%0": "=r" (pfo_ret_____3): "m" (cpu_number));
  goto ldv_37983;
  case 8UL:
  __asm__ ("movq %%gs:%P1,%0": "=r" (pfo_ret_____3): "m" (cpu_number));
  goto ldv_37983;
  default:
  __bad_percpu_size();
  } (CFACreationUtils.addEdgeToCFA, INFO)

lines 6804-6819: Dead code detected: switch (4UL) (CFACreationUtils.addEdgeToCFA, INFO)

line 6806: Dead code detected: __asm__ ("movb %%gs:%P1,%0": "=q" (pfo_ret_____4): "m" (cpu_number)); (CFACreationUtils.addEdgeToCFA, INFO)

line 6809: Dead code detected: __asm__ ("movw %%gs:%P1,%0": "=r" (pfo_ret_____4): "m" (cpu_number)); (CFACreationUtils.addEdgeToCFA, INFO)

line 6811: Dead code detected:  (CFACreationUtils.addEdgeToCFA, INFO)

line 6815: Dead code detected: __asm__ ("movq %%gs:%P1,%0": "=r" (pfo_ret_____4): "m" (cpu_number)); (CFACreationUtils.addEdgeToCFA, INFO)

none: Dead code detected: switch (4UL) {
  case 1UL:
  __asm__ ("movb %%gs:%P1,%0": "=q" (pfo_ret_____4): "m" (cpu_number));
  goto ldv_37993;
  case 2UL:
  __asm__ ("movw %%gs:%P1,%0": "=r" (pfo_ret_____4): "m" (cpu_number));
  goto ldv_37993;
  case 4UL:
  __asm__ ("movl %%gs:%P1,%0": "=r" (pfo_ret_____4): "m" (cpu_number));
  goto ldv_37993;
  case 8UL:
  __asm__ ("movq %%gs:%P1,%0": "=r" (pfo_ret_____4): "m" (cpu_number));
  goto ldv_37993;
  default:
  __bad_percpu_size();
  } (CFACreationUtils.addEdgeToCFA, INFO)

line 6826: Dead code detected: __asm__ ("movb %%gs:%P1,%0": "=q" (pfo_ret_____5): "m" (cpu_number)); (CFACreationUtils.addEdgeToCFA, INFO)

line 6829: Dead code detected: __asm__ ("movw %%gs:%P1,%0": "=r" (pfo_ret_____5): "m" (cpu_number)); (CFACreationUtils.addEdgeToCFA, INFO)

line 6835: Dead code detected: __asm__ ("movq %%gs:%P1,%0": "=r" (pfo_ret_____5): "m" (cpu_number)); (CFACreationUtils.addEdgeToCFA, INFO)

none: Dead code detected: switch (4UL) {
  case 1UL:
  __asm__ ("movb %%gs:%P1,%0": "=q" (pfo_ret_____5): "m" (cpu_number));
  goto ldv_38002;
  case 2UL:
  __asm__ ("movw %%gs:%P1,%0": "=r" (pfo_ret_____5): "m" (cpu_number));
  goto ldv_38002;
  case 4UL:
  __asm__ ("movl %%gs:%P1,%0": "=r" (pfo_ret_____5): "m" (cpu_number));
  goto ldv_38002;
  case 8UL:
  __asm__ ("movq %%gs:%P1,%0": "=r" (pfo_ret_____5): "m" (cpu_number));
  goto ldv_38002;
  default:
  __bad_percpu_size();
  } (CFACreationUtils.addEdgeToCFA, INFO)

lines 6844-6859: Dead code detected: switch (4UL) (CFACreationUtils.addEdgeToCFA, INFO)

line 6846: Dead code detected: __asm__ ("movb %%gs:%P1,%0": "=q" (pfo_ret_____6): "m" (cpu_number)); (CFACreationUtils.addEdgeToCFA, INFO)

line 6849: Dead code detected: __asm__ ("movw %%gs:%P1,%0": "=r" (pfo_ret_____6): "m" (cpu_number)); (CFACreationUtils.addEdgeToCFA, INFO)

line 6851: Dead code detected:  (CFACreationUtils.addEdgeToCFA, INFO)

line 6855: Dead code detected: __asm__ ("movq %%gs:%P1,%0": "=r" (pfo_ret_____6): "m" (cpu_number)); (CFACreationUtils.addEdgeToCFA, INFO)

none: Dead code detected: switch (4UL) {
  case 1UL:
  __asm__ ("movb %%gs:%P1,%0": "=q" (pfo_ret_____6): "m" (cpu_number));
  goto ldv_38011;
  case 2UL:
  __asm__ ("movw %%gs:%P1,%0": "=r" (pfo_ret_____6): "m" (cpu_number));
  goto ldv_38011;
  case 4UL:
  __asm__ ("movl %%gs:%P1,%0": "=r" (pfo_ret_____6): "m" (cpu_number));
  goto ldv_38011;
  case 8UL:
  __asm__ ("movq %%gs:%P1,%0": "=r" (pfo_ret_____6): "m" (cpu_number));
  goto ldv_38011;
  default:
  __bad_percpu_size();
  } (CFACreationUtils.addEdgeToCFA, INFO)

none: Dead code detected: switch (4UL) {
  case 1UL: ;
  switch (4UL) {
  case 1UL:
  __asm__ ("movb %%gs:%P1,%0": "=q" (pfo_ret_____3): "m" (cpu_number));
  goto ldv_37983;
  case 2UL:
  __asm__ ("movw %%gs:%P1,%0": "=r" (pfo_ret_____3): "m" (cpu_number));
  goto ldv_37983;
  case 4UL:
  __asm__ ("movl %%gs:%P1,%0": "=r" (pfo_ret_____3): "m" (cpu_number));
  goto ldv_37983;
  case 8UL:
  __asm__ ("movq %%gs:%P1,%0": "=r" (pfo_ret_____3): "m" (cpu_number));
  goto ldv_37983;
  default:
  __bad_percpu_size();
  }
  ldv_37983:
  pscr_ret_____0 = pfo_ret_____3;
  goto ldv_37989;
  case 2UL: ;
  switch (4UL) {
  case 1UL:
  __asm__ ("movb %%gs:%P1,%0": "=q" (pfo_ret_____4): "m" (cpu_number));
  goto ldv_37993;
  case 2UL:
  __asm__ ("movw %%gs:%P1,%0": "=r" (pfo_ret_____4): "m" (cpu_number));
  goto ldv_37993;
  case 4UL:
  __asm__ ("movl %%gs:%P1,%0": "=r" (pfo_ret_____4): "m" (cpu_number));
  goto ldv_37993;
  case 8UL:
  __asm__ ("movq %%gs:%P1,%0": "=r" (pfo_ret_____4): "m" (cpu_number));
  goto ldv_37993;
  default:
  __bad_percpu_size();
  }
  ldv_37993:
  pscr_ret_____0 = pfo_ret_____4;
  goto ldv_37989;
  case 4UL: ;
  switch (4UL) {
  case 1UL:
  __asm__ ("movb %%gs:%P1,%0": "=q" (pfo_ret_____5): "m" (cpu_number));
  goto ldv_38002;
  case 2UL:
  __asm__ ("movw %%gs:%P1,%0": "=r" (pfo_ret_____5): "m" (cpu_number));
  goto ldv_38002;
  case 4UL:
  __asm__ ("movl %%gs:%P1,%0": "=r" (pfo_ret_____5): "m" (cpu_number));
  goto ldv_38002;
  case 8UL:
  __asm__ ("movq %%gs:%P1,%0": "=r" (pfo_ret_____5): "m" (cpu_number));
  goto ldv_38002;
  default:
  __bad_percpu_size();
  }
  ldv_38002:
  pscr_ret_____0 = pfo_ret_____5;
  goto ldv_37989;
  case 8UL: ;
  switch (4UL) {
  case 1UL:
  __asm__ ("movb %%gs:%P1,%0": "=q" (pfo_ret_____6): "m" (cpu_number));
  goto ldv_38011;
  case 2UL:
  __asm__ ("movw %%gs:%P1,%0": "=r" (pfo_ret_____6): "m" (cpu_number));
  goto ldv_38011;
  case 4UL:
  __asm__ ("movl %%gs:%P1,%0": "=r" (pfo_ret_____6): "m" (cpu_number));
  goto ldv_38011;
  case 8UL:
  __asm__ ("movq %%gs:%P1,%0": "=r" (pfo_ret_____6): "m" (cpu_number));
  goto ldv_38011;
  default:
  __bad_percpu_size();
  }
  ldv_38011:
  pscr_ret_____0 = pfo_ret_____6;
  goto ldv_37989;
  default:
  __bad_size_call_parameter();
  goto ldv_37989;
  } (CFACreationUtils.addEdgeToCFA, INFO)

line 13373: Dead code detected: return (ldv_func_res); (CFACreationUtils.addEdgeToCFA, INFO)

line 13617: Dead code detected: return (ldv_func_res); (CFACreationUtils.addEdgeToCFA, INFO)

line 13691: Dead code detected: return (ldv_func_res); (CFACreationUtils.addEdgeToCFA, INFO)

line 13735: Dead code detected: return (ldv_func_res); (CFACreationUtils.addEdgeToCFA, INFO)

Inline assembler ignored, analysis is probably unsound! (CFABuilder.createCFA, WARNING)

line 5842: Function pointer *(ops->alloc) with type void *(*)(struct device *, size_t , dma_addr_t *, gfp_t , struct dma_attrs *) is called, but no possible target functions were found. (CFunctionPointerResolver.replaceFunctionPointerCall, WARNING)

line 5875: Function pointer *(ops->free) with type void (*)(struct device *, size_t , void *, dma_addr_t , struct dma_attrs *) is called, but no possible target functions were found. (CFunctionPointerResolver.replaceFunctionPointerCall, WARNING)

lines 5732-5733: Function pointer *(ops->map_page) with type dma_addr_t (*)(struct device *, struct page *, unsigned long, size_t , enum dma_data_direction , struct dma_attrs *) is called, but no possible target functions were found. (CFunctionPointerResolver.replaceFunctionPointerCall, WARNING)

line 5766: Function pointer *(ops->unmap_page) with type void (*)(struct device *, dma_addr_t , size_t , enum dma_data_direction , struct dma_attrs *) is called, but no possible target functions were found. (CFunctionPointerResolver.replaceFunctionPointerCall, WARNING)

line 10125: Function pointer *(ioc->add_sge) with type void (*)(void *, u32 , dma_addr_t ) is called, but no possible target functions were found. (CFunctionPointerResolver.replaceFunctionPointerCall, WARNING)

line 10130: Function pointer *(ioc->add_sge) with type void (*)(void *, u32 , dma_addr_t ) is called, but no possible target functions were found. (CFunctionPointerResolver.replaceFunctionPointerCall, WARNING)

line 9486: Function pointer *(ioc->add_sge) with type void (*)(void *, u32 , dma_addr_t ) is called, but no possible target functions were found. (CFunctionPointerResolver.replaceFunctionPointerCall, WARNING)

line 9500: Function pointer *(ioc->add_sge) with type void (*)(void *, u32 , dma_addr_t ) is called, but no possible target functions were found. (CFunctionPointerResolver.replaceFunctionPointerCall, WARNING)

MathSAT5 is available for research and evaluation purposes only. It can not be used in a commercial environment, particularly as part of a commercial product, without written permission. MathSAT5 is provided as is, without any warranty. Please write to mathsat@fbk.eu for additional questions regarding licensing MathSAT5 or obtaining more up-to-date versions. (PredicateCPA:JavaSMT:Mathsat5SolverContext.<init>, WARNING)

Using predicate analysis with MathSAT5 version 5.3.14 (0b98b661254c) (Nov 17 2016 10:59:45, gmp 5.1.3, gcc 4.8.5, 64-bit) and JFactory 1.21. (PredicateCPA:PredicateCPA.<init>, INFO)

Using refinement for predicate analysis with PredicateAbstractionRefinementStrategy strategy. (PredicateCPA:PredicateCPARefiner.<init>, INFO)

Starting analysis ... (CPAchecker.runAlgorithm, INFO)

Assuming external function ldv_handler_precall to be a constant function. (PredicateCPA:ExpressionToFormulaVisitor.visit, INFO)

Assuming external function sas_attach_transport to be a pure function. (PredicateCPA:ExpressionToFormulaVisitor.visit, INFO)

Assuming external function mpt_register to be a pure function. (PredicateCPA:ExpressionToFormulaVisitor.visit, INFO)

Assuming external function mpt_event_register to be a pure function. (PredicateCPA:ExpressionToFormulaVisitor.visit, INFO)

Assuming external function mpt_reset_register to be a pure function. (PredicateCPA:ExpressionToFormulaVisitor.visit, INFO)

Assuming external function __pci_register_driver to be a pure function. (PredicateCPA:ExpressionToFormulaVisitor.visit, INFO)

Assuming external function sas_release_transport to be a pure function. (PredicateCPA:ExpressionToFormulaVisitor.visit, INFO)

Assuming external function mpt_attach to be a pure function. (PredicateCPA:ExpressionToFormulaVisitor.visit, INFO)

Assuming external function ldv_check_return_value to be a pure function. (PredicateCPA:ExpressionToFormulaVisitor.visit, INFO)

Assuming external function ldv_check_return_value_probe to be a pure function. (PredicateCPA:ExpressionToFormulaVisitor.visit, INFO)

Assuming external function pci_unregister_driver to be a pure function. (PredicateCPA:ExpressionToFormulaVisitor.visit, INFO)

Assuming external function mpt_reset_deregister to be a pure function. (PredicateCPA:ExpressionToFormulaVisitor.visit, INFO)

Assuming external function mpt_event_deregister to be a pure function. (PredicateCPA:ExpressionToFormulaVisitor.visit, INFO)

Assuming external function mpt_deregister to be a pure function. (PredicateCPA:ExpressionToFormulaVisitor.visit, INFO)

Assuming external function dev_get_drvdata to be a pure function. (PredicateCPA:ExpressionToFormulaVisitor.visit, INFO)

Assuming external function mpt_detach to be a pure function. (PredicateCPA:ExpressionToFormulaVisitor.visit, INFO)

Assuming external function dev_printk to be a pure function. (PredicateCPA:ExpressionToFormulaVisitor.visit, INFO)

Assuming external function sas_read_port_mode_page to be a pure function. (PredicateCPA:ExpressionToFormulaVisitor.visit, INFO)

Assuming external function scsi_is_host_device to be a pure function. (PredicateCPA:ExpressionToFormulaVisitor.visit, INFO)

Assuming external function mutex_lock to be a pure function. (PredicateCPA:ExpressionToFormulaVisitor.visit, INFO)

Assuming external function mptscsih_is_phys_disk to be a pure function. (PredicateCPA:ExpressionToFormulaVisitor.visit, INFO)

Assuming external function mptscsih_raid_id_to_num to be a pure function. (PredicateCPA:ExpressionToFormulaVisitor.visit, INFO)

Assuming external function mutex_unlock to be a pure function. (PredicateCPA:ExpressionToFormulaVisitor.visit, INFO)

Assuming external function memset to be a pure function. (PredicateCPA:ExpressionToFormulaVisitor.visit, INFO)

Assuming external function mpt_config to be a pure function. (PredicateCPA:ExpressionToFormulaVisitor.visit, INFO)

Assuming external function mpt_get_msg_frame to be a pure function. (PredicateCPA:ExpressionToFormulaVisitor.visit, INFO)

Assuming external function mpt_put_msg_frame to be a pure function. (PredicateCPA:ExpressionToFormulaVisitor.visit, INFO)

Assuming external function wait_for_completion_timeout to be a pure function. (PredicateCPA:ExpressionToFormulaVisitor.visit, INFO)

Assuming external function mpt_free_msg_frame to be a pure function. (PredicateCPA:ExpressionToFormulaVisitor.visit, INFO)

Assuming external function mpt_Soft_Hard_ResetHandler to be a pure function. (PredicateCPA:ExpressionToFormulaVisitor.visit, INFO)

line 5842: Ignoring function call through function pointer *(ops->alloc): memory = (*(ops->alloc))(dev, size, dma_handle, tmp___1, attrs); (PredicateCPA:ExpressionToFormulaVisitor.visit, WARNING)

Assuming external function debug_dma_alloc_coherent to be a pure function. (PredicateCPA:ExpressionToFormulaVisitor.visit, INFO)

Assuming external function warn_slowpath_null to be a pure function. (PredicateCPA:ExpressionToFormulaVisitor.visit, INFO)

Assuming external function debug_dma_free_coherent to be a pure function. (PredicateCPA:ExpressionToFormulaVisitor.visit, INFO)

line 5875: Ignoring function call through function pointer *(ops->free): (*(ops->free))(dev, size, vaddr, bus, attrs); (PredicateCPA:ExpressionToFormulaVisitor.visit, WARNING)

Shutdown requested (The CPU-time limit of 30s has elapsed.), waiting for termination. (ForceTerminationOnShutdown$1.shutdownRequested, WARNING)

Warning: Analysis interrupted (The CPU-time limit of 30s has elapsed.) (ShutdownNotifier.shutdownIfNecessary, WARNING)

PredicateCPA statistics
-----------------------
Number of abstractions:            46370 (16% of all post computations)
  Times abstraction was reused:    0
  Because of function entry/exit:  39851 (86%)
  Because of loop head:            6007 (13%)
  Because of join nodes:           0 (0%)
  Because of threshold:            0 (0%)
  Because of target state:         512 (1%)
  Times precision was empty:       10740 (23%)
  Times precision was {false}:     331 (1%)
  Times result was cached:         33611 (72%)
  Times cartesian abs was used:    0 (0%)
  Times boolean abs was used:      1688 (4%)
  Times result was 'false':        2347 (5%)
Number of strengthen sat checks:   0
Number of coverage checks:         18412
  BDD entailment checks:           8826
Number of SMT sat checks:          0
  trivial:                         0
  cached:                          0

Max ABE block size:                       35
Number of predicates discovered:          12
Number of abstraction locations:          139
Max number of predicates per location:    6
Avg number of predicates per location:    4
Total predicates per abstraction:         160918
Max number of predicates per abstraction: 7
Avg number of predicates per abstraction: 79.70
Number of irrelevant predicates:          43105 (27%)
Number of preds handled by boolean abs:   4723 (3%)
  Total number of models for allsat:      1701
  Max number of models for allsat:        2
  Avg number of models for allsat:        1.01

Time for post operator:                  2.674s
  Time for path formula creation:        2.518s
Time for strengthen operator:            0.251s
Time for prec operator:                 10.258s
  Time for abstraction:                  9.605s (Max:     0.018s, Count: 46370)
    Boolean abstraction:                 1.444s
    Solving time:                        1.278s (Max:     0.014s)
    Model enumeration time:              0.116s
    Time for BDD construction:           0.099s (Max:     0.009s)
Time for merge operator:                 0.083s
Time for coverage check:                 0.048s
  Time for BDD entailment checks:        0.041s
Total time for SMT solver (w/o itp):     1.394s

Number of path formula cache hits:   323523 (96%)

Inside post operator:                  
  Inside path formula creation:        
    Time for path formula computation:     1.767s

Total number of created targets for pointer analysis: 50
   Number of created targets for uf: *(struct__VirtTarget)* is 2
   Number of created targets for uf: *unsigned_char is 8
   Number of created targets for uf: *unsigned_long_long_int is 5
   Number of created targets for uf: *(struct_scsi_target)* is 2


Number of BDD nodes:                               436
Size of BDD node table:                            270749
Size of BDD cache:                                 27073
Size of BDD node cleanup queue:                        3957 (count: 31628, min: 0, max: 217, avg: 0.13)
Time for BDD node cleanup:                             0.032s
Time for BDD garbage collection:                       0.000s (in 0 runs)

PrecisionBootstrap statistics
-----------------------------
Init. function predicates:                         0
Init. global predicates:                           0
Init. location predicates:                         0

Invariant Generation statistics
-------------------------------

AutomatonAnalysis (SVCOMP) statistics
-------------------------------------
Number of states:                                  1
Total time for successor computation:                  0.628s
  Time for transition matches:                         0.331s
  Time for transition assertions:                      0.000s
  Time for transition actions:                         0.016s
Automaton transfers with branching:                0
Automaton transfer successors:                       290862 (count: 290862, min: 1, max: 1, avg: 1.00) [1 x 290862]

CPA algorithm statistics
------------------------
Number of iterations:            146937
Max size of waitlist:            39
Average size of waitlist:        22
Number of computed successors:   167235
Max successors for one state:    2
Number of times merged:          4793
Number of times stopped:         9571
Number of times breaked:         512

Total time for CPA algorithm:        19.006s (Max:     0.710s)
  Time for choose from waitlist:      0.124s
  Time for precision adjustment:     11.425s
  Time for transfer relation:         5.921s
  Time for merge operator:            0.220s
  Time for stop operator:             0.306s
  Time for adding to reached set:     0.290s

Predicate-Abstraction Refiner statistics
----------------------------------------
Number of predicate refinements:                   512
Avg. length of target path (in blocks):               15176 (count: 512, min: 12, max: 60, avg: 29.64)
Number of infeasible sliced prefixes:                     0 (count: 0, min: 0, max: 0, avg: 0.00)

Time for refinement:                                   5.782s
  Counterexample analysis:                             4.665s (Max:     0.028s, Calls: 512)
    Refinement sat check:                              3.122s
    Interpolant computation:                           0.000s
  Path-formulas extraction:                            0.013s
  Error path post-processing:                          0.000s
  Predicate creation:                                  0.126s
  Precision update:                                    0.307s
  ARG update:                                          0.459s

Length of refined path (in blocks):                   14664 (count: 512, min: 11, max: 59, avg: 28.64)
Number of affected states:                             5896 (count: 512, min: 4, max: 57, avg: 11.52)
Length (states) of path with itp 'true':               8256 (count: 512, min: 1, max: 25, avg: 16.13)
Length (states) of path with itp non-trivial itp:      5896 (count: 512, min: 4, max: 57, avg: 11.52)
Length (states) of path with itp 'false':               512 (count: 512, min: 1, max: 1, avg: 1.00)
Different non-trivial interpolants along paths:          46 (count: 512, min: 0, max: 3, avg: 0.09)
Equal non-trivial interpolants along paths:            5338 (count: 512, min: 1, max: 56, avg: 10.43)
Number of refs with location-based cutoff:                0

CEGAR algorithm statistics
--------------------------
Number of refinements:                512
Number of successful refinements:     512
Number of failed refinements:         0
Max. size of reached set before ref.: 1265
Max. size of reached set after ref.:  874
Avg. size of reached set before ref.: 693.97
Avg. size of reached set after ref.:  391.47

Total time for CEGAR algorithm:      25.421s
Time for refinements:                 6.254s
Average time for refinement:          0.012s
Max time for refinement:              0.053s

Code Coverage
-----------------------------
  Function coverage:      0.162
  Visited lines:          1428
  Total lines:            5757
  Line coverage:          0.248
  Visited conditions:     108
  Total conditions:       1768
  Condition coverage:     0.061

CPAchecker general statistics
-----------------------------
Number of program locations:     8106
Number of CFA edges:             9266
Number of relevant variables:    1177
Number of functions:             241
Number of loops:                 72
Size of reached set:             438
  Number of reached locations:   355 (4%)
    Avg states per location:     1
    Max states per location:     6 (at node N334)
  Number of reached functions:   39 (16%)
  Number of partitions:          438
    Avg size of partitions:      1
    Max size of partitions:      1
  Number of target states:       0
  Size of final wait list        15

Time for analysis setup:          4.905s
  Time for loading CPAs:          0.832s
  Time for loading parser:        0.500s
  Time for CFA construction:      3.464s
    Time for parsing file(s):     0.712s
    Time for AST to CFA:          1.220s
    Time for CFA sanity check:    0.405s
    Time for post-processing:     1.002s
      Time for var class.:        0.489s
Time for Analysis:               25.421s
CPU time for analysis:           25.420s
Total time for CPAchecker:       30.328s
Total CPU time for CPAchecker:   30.310s
Time for statistics:              0.103s

Time for Garbage Collector:       0.758s (in 113 runs)
Garbage Collector(s) used:    Copy, MarkSweepCompact
Used heap memory:                 79MB (    75 MiB) max;     55MB (    53 MiB) avg;     82MB (    79 MiB) peak
Used non-heap memory:             40MB (    38 MiB) max;     36MB (    34 MiB) avg;     40MB (    38 MiB) peak
Allocated heap memory:           127MB (   121 MiB) max;    127MB (   121 MiB) avg
Allocated non-heap memory:        41MB (    39 MiB) max;     38MB (    36 MiB) avg
Total process virtual memory:   8085MB (  7711 MiB) max;   8075MB (  7700 MiB) avg

Verification result: UNKNOWN, incomplete analysis.
More details about the verification run can be found in the directory "./output".
