scripts/cpa.sh -Dy-MySearchStrategy-PredAbs-ABEl -heap 5600000000 -timelimit 900 -preprocess -stats -noout -setprop cpa.predicate.memoryAllocationsAlwaysSucceed=true -spec ../sv-benchmarks/c/ReachSafety.prp ../sv-benchmarks/c/forester-heap/dll-queue_true-unreach-call_true-valid-memsafety.i


--------------------------------------------------------------------------------


Running CPAchecker with Java heap of size 5600000000.
Running CPAchecker with default stack size (1024k). Specify a larger value with -stack if needed.
Running CPAchecker with the following extra VM options:  -Djava.io.tmpdir=/tmp/BenchExec_run_juhz1by6/tmp
Using the following resource limits: CPU-time limit of 900s (ResourceLimitChecker.fromConfiguration, INFO)

CPAchecker (unknown version) (OpenJDK 64-Bit Server VM 1.8.0_162) started (CPAchecker.run, INFO)

MathSAT5 is available for research and evaluation purposes only. It can not be used in a commercial environment, particularly as part of a commercial product, without written permission. MathSAT5 is provided as is, without any warranty. Please write to mathsat@fbk.eu for additional questions regarding licensing MathSAT5 or obtaining more up-to-date versions. (PredicateCPA:JavaSMT:Mathsat5SolverContext.<init>, WARNING)

Using predicate analysis with MathSAT5 version 5.3.14 (0b98b661254c) (Nov 17 2016 10:59:45, gmp 5.1.3, gcc 4.8.5, 64-bit) and JFactory 1.21. (PredicateCPA:PredicateCPA.<init>, INFO)

Using refinement for predicate analysis with PredicateAbstractionRefinementStrategy strategy. (PredicateCPA:PredicateCPARefiner.<init>, INFO)

Starting analysis ... (CPAchecker.runAlgorithm, INFO)

Shutdown requested (The CPU-time limit of 900s has elapsed.), waiting for termination. (ForceTerminationOnShutdown$1.shutdownRequested, WARNING)

Warning: Analysis interrupted (The CPU-time limit of 900s has elapsed.) (ShutdownNotifier.shutdownIfNecessary, WARNING)

PredicateCPA statistics
-----------------------
Number of abstractions:            2110 (13% of all post computations)
  Times abstraction was reused:    0
  Because of function entry/exit:  0 (0%)
  Because of loop head:            211 (10%)
  Because of join nodes:           0 (0%)
  Because of threshold:            0 (0%)
  Because of target state:         1899 (90%)
  Times precision was empty:       189 (9%)
  Times precision was {false}:     1204 (57%)
  Times result was cached:         531 (25%)
  Times cartesian abs was used:    0 (0%)
  Times boolean abs was used:      186 (9%)
  Times result was 'false':        1692 (80%)
Number of strengthen sat checks:   0
Number of coverage checks:         2595
  BDD entailment checks:           841
Number of SMT sat checks:          0
  trivial:                         0
  cached:                          0

Max ABE block size:                       15
Number of predicates discovered:          49
Number of abstraction locations:          11
Max number of predicates per location:    48
Avg number of predicates per location:    5
Total predicates per abstraction:         7455
Max number of predicates per abstraction: 48
Avg number of predicates per abstraction: 5.36
Number of irrelevant predicates:          1795 (24%)
Number of preds handled by boolean abs:   5397 (72%)
  Total number of models for allsat:      882888
  Max number of models for allsat:        306250
  Avg number of models for allsat:        4746.71

Time for post operator:                  0.923s
  Time for path formula creation:        0.885s
Time for strengthen operator:            0.051s
Time for prec operator:                890.317s
  Time for abstraction:                890.138s (Max:   481.647s, Count: 2110)
    Boolean abstraction:               885.035s
    Solving time:                        2.598s (Max:     0.022s)
    Model enumeration time:            710.738s
    Time for BDD construction:         172.697s (Max:    39.373s)
Time for merge operator:                 0.085s
Time for coverage check:                 0.020s
  Time for BDD entailment checks:        0.019s
Total time for SMT solver (w/o itp):   713.337s

Number of path formula cache hits:   15831 (91%)

Inside post operator:                  
  Inside path formula creation:        
    Time for path formula computation:     0.760s

Total number of created targets for pointer analysis: 597
   Number of created targets for uf: *signed_int is 120
   Number of created targets for uf: *(struct_TSLL)* is 120


Number of BDD nodes:                               53971
Size of BDD node table:                            270749
Size of BDD cache:                                 27073
Size of BDD node cleanup queue:                       19940 (count: 17307, min: 0, max: 1835, avg: 1.15)
Time for BDD node cleanup:                             0.011s
Time for BDD garbage collection:                       1.728s (in 597 runs)

PrecisionBootstrap statistics
-----------------------------
Init. function predicates:                         0
Init. global predicates:                           0
Init. location predicates:                         0

Invariant Generation statistics
-------------------------------

AutomatonAnalysis (SVCOMP) statistics
-------------------------------------
Number of states:                                  1
Total time for successor computation:                  0.391s
Automaton transfers with branching:                0
Automaton transfer successors:                        16234 (count: 16234, min: 1, max: 1, avg: 1.00) [1 x 16234]

CPA algorithm statistics
------------------------
Number of iterations:            9540
Max size of waitlist:            42
Average size of waitlist:        13
Number of computed successors:   12542
Max successors for one state:    2
Number of times merged:          877
Number of times stopped:         904
Number of times breaked:         207

Total time for CPA algorithm:       893.106s (Max:   505.409s)
  Time for choose from waitlist:      0.032s
  Time for precision adjustment:    890.568s
  Time for transfer relation:         1.984s
  Time for merge operator:            0.177s
  Time for stop operator:             0.084s
  Time for adding to reached set:     0.092s

Predicate-Abstraction Refiner statistics
----------------------------------------
Number of predicate refinements:                   207
Avg. length of target path (in blocks):                1184 (count: 207, min: 2, max: 15, avg: 5.72)
Number of infeasible sliced prefixes:                     0 (count: 0, min: 0, max: 0, avg: 0.00)

Time for refinement:                                   3.346s
  Counterexample analysis:                             2.971s (Max:     0.126s, Calls: 207)
    Refinement sat check:                              2.004s
    Interpolant computation:                           0.000s
  Path-formulas extraction:                            0.007s
  Error path post-processing:                          0.000s
  Predicate creation:                                  0.075s
  Precision update:                                    0.119s
  ARG update:                                          0.100s

Length of refined path (in blocks):                    1184 (count: 207, min: 2, max: 15, avg: 5.72)
Number of affected states:                              139 (count: 207, min: 0, max: 12, avg: 0.67)
Length (states) of path with itp 'true':                838 (count: 207, min: 0, max: 14, avg: 4.05)
Length (states) of path with itp non-trivial itp:       139 (count: 207, min: 0, max: 12, avg: 0.67)
Length (states) of path with itp 'false':                 0 (count: 207, min: 0, max: 0, avg: 0.00)
Different non-trivial interpolants along paths:         110 (count: 207, min: 0, max: 11, avg: 0.53)
Equal non-trivial interpolants along paths:               0 (count: 207, min: 0, max: 0, avg: 0.00)
Number of refs with location-based cutoff:                0

CEGAR algorithm statistics
--------------------------
Number of refinements:                207
Number of successful refinements:     207
Number of failed refinements:         0
Max. size of reached set before ref.: 774
Max. size of reached set after ref.:  437
Avg. size of reached set before ref.: 275.27
Avg. size of reached set after ref.:  227.34

Total time for CEGAR algorithm:     896.727s
Time for refinements:                 3.555s
Average time for refinement:          0.017s
Max time for refinement:              0.138s

Code Coverage
-----------------------------
  Function coverage:      1.000
  Visited lines:          154
  Total lines:            177
  Line coverage:          0.870
  Visited conditions:     12
  Total conditions:       50
  Condition coverage:     0.240

CPAchecker general statistics
-----------------------------
Number of program locations:     390
Number of CFA edges:             414
Number of relevant variables:    7
Number of functions:             1
Number of loops:                 3
Size of reached set:             25
  Number of reached locations:   25 (6%)
    Avg states per location:     1
    Max states per location:     1 (at node N1)
  Number of reached functions:   1 (100%)
  Number of partitions:          25
    Avg size of partitions:      1
    Max size of partitions:      1
  Number of target states:       0
  Size of final wait list        2

Time for analysis setup:          3.574s
  Time for loading CPAs:          0.884s
  Time for loading parser:        0.880s
  Time for CFA construction:      1.584s
    Time for parsing file(s):     0.635s
    Time for AST to CFA:          0.383s
    Time for CFA sanity check:    0.089s
    Time for post-processing:     0.322s
      Time for var class.:        0.117s
Time for Analysis:              896.727s
CPU time for analysis:          896.660s
Total time for CPAchecker:      900.306s
Total CPU time for CPAchecker:  900.230s
Time for statistics:              0.074s

Time for Garbage Collector:       1.843s (in 825 runs)
Garbage Collector(s) used:    Copy, MarkSweepCompact
Used heap memory:                 61MB (    58 MiB) max;     44MB (    42 MiB) avg;     65MB (    62 MiB) peak
Used non-heap memory:             36MB (    35 MiB) max;     34MB (    32 MiB) avg;     37MB (    35 MiB) peak
Allocated heap memory:           127MB (   121 MiB) max;    127MB (   121 MiB) avg
Allocated non-heap memory:        39MB (    37 MiB) max;     39MB (    37 MiB) avg
Total process virtual memory:   8352MB (  7965 MiB) max;   8199MB (  7819 MiB) avg

Verification result: UNKNOWN, incomplete analysis.
More details about the verification run can be found in the directory "./output".
