scripts/cpa.sh -Dy-MySearchStrategy-PredAbs-ABEl -heap 5600000000 -timelimit 900 -preprocess -stats -noout -setprop cpa.predicate.memoryAllocationsAlwaysSucceed=true -spec ../sv-benchmarks/c/ReachSafety.prp ../sv-benchmarks/c/forester-heap/dll-reverse_true-unreach-call_true-valid-memsafety.i


--------------------------------------------------------------------------------


Running CPAchecker with Java heap of size 5600000000.
Running CPAchecker with default stack size (1024k). Specify a larger value with -stack if needed.
Running CPAchecker with the following extra VM options:  -Djava.io.tmpdir=/tmp/BenchExec_run__dgkj5ec/tmp
Using the following resource limits: CPU-time limit of 900s (ResourceLimitChecker.fromConfiguration, INFO)

CPAchecker (unknown version) (OpenJDK 64-Bit Server VM 1.8.0_162) started (CPAchecker.run, INFO)

MathSAT5 is available for research and evaluation purposes only. It can not be used in a commercial environment, particularly as part of a commercial product, without written permission. MathSAT5 is provided as is, without any warranty. Please write to mathsat@fbk.eu for additional questions regarding licensing MathSAT5 or obtaining more up-to-date versions. (PredicateCPA:JavaSMT:Mathsat5SolverContext.<init>, WARNING)

Using predicate analysis with MathSAT5 version 5.3.14 (0b98b661254c) (Nov 17 2016 10:59:45, gmp 5.1.3, gcc 4.8.5, 64-bit) and JFactory 1.21. (PredicateCPA:PredicateCPA.<init>, INFO)

Using refinement for predicate analysis with PredicateAbstractionRefinementStrategy strategy. (PredicateCPA:PredicateCPARefiner.<init>, INFO)

Starting analysis ... (CPAchecker.runAlgorithm, INFO)

Shutdown requested (The CPU-time limit of 900s has elapsed.), waiting for termination. (ForceTerminationOnShutdown$1.shutdownRequested, WARNING)

Warning: Analysis interrupted (The CPU-time limit of 900s has elapsed.) (ShutdownNotifier.shutdownIfNecessary, WARNING)

PredicateCPA statistics
-----------------------
Number of abstractions:            1112 (14% of all post computations)
  Times abstraction was reused:    0
  Because of function entry/exit:  0 (0%)
  Because of loop head:            861 (77%)
  Because of join nodes:           0 (0%)
  Because of threshold:            0 (0%)
  Because of target state:         251 (23%)
  Times precision was empty:       136 (12%)
  Times precision was {false}:     169 (15%)
  Times result was cached:         197 (18%)
  Times cartesian abs was used:    0 (0%)
  Times boolean abs was used:      610 (55%)
  Times result was 'false':        448 (40%)
Number of strengthen sat checks:   0
Number of coverage checks:         2805
  BDD entailment checks:           1925
Number of SMT sat checks:          0
  trivial:                         0
  cached:                          0

Max ABE block size:                       13
Number of predicates discovered:          99
Number of abstraction locations:          7
Max number of predicates per location:    62
Avg number of predicates per location:    25
Total predicates per abstraction:         17314
Max number of predicates per abstraction: 62
Avg number of predicates per abstraction: 22.23
Number of irrelevant predicates:          847 (5%)
Number of preds handled by boolean abs:   14800 (85%)
  Total number of models for allsat:      566012
  Max number of models for allsat:        122604
  Avg number of models for allsat:        927.89

Time for post operator:                  0.693s
  Time for path formula creation:        0.666s
Time for strengthen operator:            0.033s
Time for prec operator:                893.930s
  Time for abstraction:                893.803s (Max:   236.759s, Count: 1112)
    Boolean abstraction:               888.995s
    Solving time:                        4.298s (Max:     0.104s)
    Model enumeration time:            792.292s
    Time for BDD construction:          91.791s (Max:    18.151s)
Time for merge operator:                 0.054s
Time for coverage check:                 0.079s
  Time for BDD entailment checks:        0.078s
Total time for SMT solver (w/o itp):   796.591s

Number of path formula cache hits:   7486 (85%)

Inside post operator:                  
  Inside path formula creation:        
    Time for path formula computation:     0.585s

Total number of created targets for pointer analysis: 259
   Number of created targets for uf: *signed_int is 15
   Number of created targets for uf: *(struct_TDLL)* is 2


Number of BDD nodes:                               166298
Size of BDD node table:                            270749
Size of BDD cache:                                 27073
Size of BDD node cleanup queue:                      372770 (count: 158326, min: 0, max: 25664, avg: 2.35)
Time for BDD node cleanup:                             0.084s
Time for BDD garbage collection:                       2.902s (in 481 runs)

PrecisionBootstrap statistics
-----------------------------
Init. function predicates:                         0
Init. global predicates:                           0
Init. location predicates:                         0

Invariant Generation statistics
-------------------------------

AutomatonAnalysis (SVCOMP) statistics
-------------------------------------
Number of states:                                  1
Total time for successor computation:                  0.211s
Automaton transfers with branching:                0
Automaton transfer successors:                         7946 (count: 7946, min: 1, max: 1, avg: 1.00) [1 x 7946]

CPA algorithm statistics
------------------------
Number of iterations:            4423
Max size of waitlist:            5
Average size of waitlist:        2
Number of computed successors:   5534
Max successors for one state:    2
Number of times merged:          440
Number of times stopped:         591
Number of times breaked:         24

Total time for CPA algorithm:       896.042s (Max:   356.226s)
  Time for choose from waitlist:      0.027s
  Time for precision adjustment:    894.173s
  Time for transfer relation:         1.313s
  Time for merge operator:            0.129s
  Time for stop operator:             0.139s
  Time for adding to reached set:     0.070s

Predicate-Abstraction Refiner statistics
----------------------------------------
Number of predicate refinements:                   24
Avg. length of target path (in blocks):                 227 (count: 24, min: 3, max: 16, avg: 9.46)
Number of infeasible sliced prefixes:                     0 (count: 0, min: 0, max: 0, avg: 0.00)

Time for refinement:                                   1.036s
  Counterexample analysis:                             0.853s (Max:     0.123s, Calls: 24)
    Refinement sat check:                              0.277s
    Interpolant computation:                           0.000s
  Path-formulas extraction:                            0.003s
  Error path post-processing:                          0.000s
  Predicate creation:                                  0.072s
  Precision update:                                    0.044s
  ARG update:                                          0.041s

Length of refined path (in blocks):                     214 (count: 24, min: 3, max: 16, avg: 8.92)
Number of affected states:                              188 (count: 24, min: 2, max: 15, avg: 7.83)
Length (states) of path with itp 'true':                  2 (count: 24, min: 0, max: 2, avg: 0.08)
Length (states) of path with itp non-trivial itp:       188 (count: 24, min: 2, max: 15, avg: 7.83)
Length (states) of path with itp 'false':                 7 (count: 24, min: 0, max: 1, avg: 0.29)
Different non-trivial interpolants along paths:         164 (count: 24, min: 1, max: 14, avg: 6.83)
Equal non-trivial interpolants along paths:               0 (count: 24, min: 0, max: 0, avg: 0.00)
Number of refs with location-based cutoff:                0

CEGAR algorithm statistics
--------------------------
Number of refinements:                24
Number of successful refinements:     24
Number of failed refinements:         0
Max. size of reached set before ref.: 405
Max. size of reached set after ref.:  29
Avg. size of reached set before ref.: 186.83
Avg. size of reached set after ref.:  4.08

Total time for CEGAR algorithm:     897.119s
Time for refinements:                 1.076s
Average time for refinement:          0.044s
Max time for refinement:              0.136s

Code Coverage
-----------------------------
  Function coverage:      1.000
  Visited lines:          172
  Total lines:            172
  Line coverage:          1.000
  Visited conditions:     26
  Total conditions:       26
  Condition coverage:     1.000

CPAchecker general statistics
-----------------------------
Number of program locations:     343
Number of CFA edges:             355
Number of relevant variables:    10
Number of functions:             1
Number of loops:                 5
Size of reached set:             109
  Number of reached locations:   55 (16%)
    Avg states per location:     1
    Max states per location:     3 (at node N9)
  Number of reached functions:   1 (100%)
  Number of partitions:          102
    Avg size of partitions:      1
    Max size of partitions:      3 (with key [N9 (before line 993), Function main called from node N1, stack depth 1 [2d0399f4], stack [main]])
  Number of target states:       0
  Size of final wait list        3

Time for analysis setup:          3.149s
  Time for loading CPAs:          0.897s
  Time for loading parser:        0.827s
  Time for CFA construction:      1.231s
    Time for parsing file(s):     0.502s
    Time for AST to CFA:          0.233s
    Time for CFA sanity check:    0.082s
    Time for post-processing:     0.241s
      Time for var class.:        0.080s
Time for Analysis:              897.119s
CPU time for analysis:          897.080s
Total time for CPAchecker:      900.273s
Total CPU time for CPAchecker:  900.230s
Time for statistics:              0.102s

Time for Garbage Collector:       2.059s (in 433 runs)
Garbage Collector(s) used:    Copy, MarkSweepCompact
Used heap memory:                 82MB (    78 MiB) max;     54MB (    52 MiB) avg;     85MB (    81 MiB) peak
Used non-heap memory:             34MB (    32 MiB) max;     34MB (    32 MiB) avg;     35MB (    33 MiB) peak
Allocated heap memory:           127MB (   121 MiB) max;    127MB (   121 MiB) avg
Allocated non-heap memory:        37MB (    35 MiB) max;     36MB (    35 MiB) avg
Total process virtual memory:   8608MB (  8209 MiB) max;   8233MB (  7852 MiB) avg

Verification result: UNKNOWN, incomplete analysis.
More details about the verification run can be found in the directory "./output".
