scripts/cpa.sh -Dy-MySearchStrategy-PredAbs-ABElf -heap 5600000000 -timelimit 900 -preprocess -stats -noout -setprop cpa.predicate.memoryAllocationsAlwaysSucceed=true -spec ../sv-benchmarks/c/ReachSafety.prp ../sv-benchmarks/c/ldv-linux-3.14/linux-3.14__linux-kernel-locking-mutex__drivers-media-usb-em28xx-em28xx_true-unreach-call.cil.c


--------------------------------------------------------------------------------


Running CPAchecker with Java heap of size 5600000000.
Running CPAchecker with default stack size (1024k). Specify a larger value with -stack if needed.
Running CPAchecker with the following extra VM options:  -Djava.io.tmpdir=/tmp/BenchExec_run_hz2h900o/tmp
Using the following resource limits: CPU-time limit of 900s (ResourceLimitChecker.fromConfiguration, INFO)

CPAchecker (unknown version) (OpenJDK 64-Bit Server VM 1.8.0_162) started (CPAchecker.run, INFO)

line 6191: Dead code detected: Goto: case_1 (CFACreationUtils.addEdgeToCFA, INFO)

line 6196: Dead code detected: Goto: case_2 (CFACreationUtils.addEdgeToCFA, INFO)

line 6206: Dead code detected: Goto: case_8 (CFACreationUtils.addEdgeToCFA, INFO)

line 6210: Dead code detected: Goto: switch_default (CFACreationUtils.addEdgeToCFA, INFO)

Dead code detected: Label case_8 is not reachable. (CFAFunctionBuilder.leave, INFO)

Dead code detected: Label switch_break is not reachable. (CFAFunctionBuilder.leave, INFO)

Dead code detected: Label switch_default is not reachable. (CFAFunctionBuilder.leave, INFO)

Dead code detected: Label case_1 is not reachable. (CFAFunctionBuilder.leave, INFO)

Dead code detected: Label case_2 is not reachable. (CFAFunctionBuilder.leave, INFO)

Dead code detected: Label switch_break is not reachable. (CFAFunctionBuilder.leave, INFO)

Dead code detected: Label switch_break is not reachable. (CFAFunctionBuilder.leave, INFO)

Dead code detected: Label switch_break is not reachable. (CFAFunctionBuilder.leave, INFO)

Dead code detected: Label switch_break is not reachable. (CFAFunctionBuilder.leave, INFO)

line 9922: Dead code detected: return; (CFACreationUtils.addEdgeToCFA, INFO)

line 9956: Dead code detected: goto ldv_call_0; (CFACreationUtils.addEdgeToCFA, INFO)

line 10033: Dead code detected: return (1); (CFACreationUtils.addEdgeToCFA, INFO)

line 13093: Dead code detected: return; (CFACreationUtils.addEdgeToCFA, INFO)

line 13118: Dead code detected: return; (CFACreationUtils.addEdgeToCFA, INFO)

line 13141: Dead code detected: return; (CFACreationUtils.addEdgeToCFA, INFO)

line 13224: Dead code detected: return (arg0); (CFACreationUtils.addEdgeToCFA, INFO)

line 13346: Dead code detected: return; (CFACreationUtils.addEdgeToCFA, INFO)

line 13407: Dead code detected: return (ldv_func_res); (CFACreationUtils.addEdgeToCFA, INFO)

Dead code detected: Label switch_break is not reachable. (CFAFunctionBuilder.leave, INFO)

Dead code detected: Label switch_break is not reachable. (CFAFunctionBuilder.leave, INFO)

Inline assembler ignored, analysis is probably unsound! (CFABuilder.createCFA, WARNING)

line 8799: Function pointer *(dev->em28xx_read_reg_req_len) with type int (*)(struct em28xx *, u8 , u16 , char *, int) is called, but no possible target functions were found. (CFunctionPointerResolver.replaceFunctionPointerCall, WARNING)

line 8811: Function pointer *(dev->em28xx_read_reg_req) with type int (*)(struct em28xx *, u8 , u16 ) is called, but no possible target functions were found. (CFunctionPointerResolver.replaceFunctionPointerCall, WARNING)

line 8747: Function pointer *(dev->em28xx_write_regs_req) with type int (*)(struct em28xx *, u8 , u16 , char *, int) is called, but no possible target functions were found. (CFunctionPointerResolver.replaceFunctionPointerCall, WARNING)

line 8767: Function pointer *(dev->em28xx_read_reg_req) with type int (*)(struct em28xx *, u8 , u16 ) is called, but no possible target functions were found. (CFunctionPointerResolver.replaceFunctionPointerCall, WARNING)

line 8461: Function pointer *(dev->em28xx_write_regs) with type int (*)(struct em28xx *, u16 , char *, int) is called, but no possible target functions were found. (CFunctionPointerResolver.replaceFunctionPointerCall, WARNING)

lines 8526-8527: Function pointer *(dev->em28xx_read_reg_req_len) with type int (*)(struct em28xx *, u8 , u16 , char *, int) is called, but no possible target functions were found. (CFunctionPointerResolver.replaceFunctionPointerCall, WARNING)

line 8475: Function pointer *(dev->em28xx_read_reg) with type int (*)(struct em28xx *, u16 ) is called, but no possible target functions were found. (CFunctionPointerResolver.replaceFunctionPointerCall, WARNING)

lines 8376-8377: Function pointer *(dev->em28xx_write_regs) with type int (*)(struct em28xx *, u16 , char *, int) is called, but no possible target functions were found. (CFunctionPointerResolver.replaceFunctionPointerCall, WARNING)

line 8391: Function pointer *(dev->em28xx_read_reg) with type int (*)(struct em28xx *, u16 ) is called, but no possible target functions were found. (CFunctionPointerResolver.replaceFunctionPointerCall, WARNING)

line 8672: Function pointer *(dev->em28xx_read_reg_req_len) with type int (*)(struct em28xx *, u8 , u16 , char *, int) is called, but no possible target functions were found. (CFunctionPointerResolver.replaceFunctionPointerCall, WARNING)

line 8684: Function pointer *(dev->em28xx_read_reg) with type int (*)(struct em28xx *, u16 ) is called, but no possible target functions were found. (CFunctionPointerResolver.replaceFunctionPointerCall, WARNING)

lines 8588-8589: Function pointer *(dev->em28xx_write_regs_req) with type int (*)(struct em28xx *, u8 , u16 , char *, int) is called, but no possible target functions were found. (CFunctionPointerResolver.replaceFunctionPointerCall, WARNING)

line 8611: Function pointer *(dev->em28xx_read_reg) with type int (*)(struct em28xx *, u16 ) is called, but no possible target functions were found. (CFunctionPointerResolver.replaceFunctionPointerCall, WARNING)

line 14173: Function pointer *(subdev->ops->video->s_mbus_fmt) with type int (*)(struct v4l2_subdev *, struct v4l2_mbus_framefmt *) is called, but no possible target functions were found. (CFunctionPointerResolver.replaceFunctionPointerCall, WARNING)

line 7517: Function pointer *(dev->usb_ctl.urb_data_copy) with type int (*)(struct em28xx *, struct urb *) is called, but no possible target functions were found. (CFunctionPointerResolver.replaceFunctionPointerCall, WARNING)

line 6772: Function pointer *(dev->em28xx_read_reg_req_len) with type int (*)(struct em28xx *, u8 , u16 , char *, int) is called, but no possible target functions were found. (CFunctionPointerResolver.replaceFunctionPointerCall, WARNING)

line 13150: Function pointer *arg0 with type int (*)(struct usb_interface *) is called, but no possible target functions were found. (CFunctionPointerResolver.replaceFunctionPointerCall, WARNING)

line 13161: Function pointer *arg0 with type int (*)(struct usb_interface *) is called, but no possible target functions were found. (CFunctionPointerResolver.replaceFunctionPointerCall, WARNING)

line 13195: Function pointer *arg0 with type int (*)(struct usb_interface *) is called, but no possible target functions were found. (CFunctionPointerResolver.replaceFunctionPointerCall, WARNING)

MathSAT5 is available for research and evaluation purposes only. It can not be used in a commercial environment, particularly as part of a commercial product, without written permission. MathSAT5 is provided as is, without any warranty. Please write to mathsat@fbk.eu for additional questions regarding licensing MathSAT5 or obtaining more up-to-date versions. (PredicateCPA:JavaSMT:Mathsat5SolverContext.<init>, WARNING)

Using predicate analysis with MathSAT5 version 5.3.14 (0b98b661254c) (Nov 17 2016 10:59:45, gmp 5.1.3, gcc 4.8.5, 64-bit) and JFactory 1.21. (PredicateCPA:PredicateCPA.<init>, INFO)

Using refinement for predicate analysis with PredicateAbstractionRefinementStrategy strategy. (PredicateCPA:PredicateCPARefiner.<init>, INFO)

Starting analysis ... (CPAchecker.runAlgorithm, INFO)

Assuming external function usb_register_driver to be a pure function. (PredicateCPA:ExpressionToFormulaVisitor.visit, INFO)

Assuming external function ldv_pre_usb_register_driver to be a constant function. (PredicateCPA:ExpressionToFormulaVisitor.visit, INFO)

Assuming external function ldv_pre_probe to be a constant function. (PredicateCPA:ExpressionToFormulaVisitor.visit, INFO)

Assuming external function usb_get_dev to be a pure function. (PredicateCPA:ExpressionToFormulaVisitor.visit, INFO)

Assuming external function find_first_zero_bit to be a pure function. (PredicateCPA:ExpressionToFormulaVisitor.visit, INFO)

Assuming external function usb_put_dev to be a pure function. (PredicateCPA:ExpressionToFormulaVisitor.visit, INFO)

Assuming external function ldv_check_alloc_flags to be a pure function. (PredicateCPA:ExpressionToFormulaVisitor.visit, INFO)

Assuming external function ldv_after_alloc to be a pure function. (PredicateCPA:ExpressionToFormulaVisitor.visit, INFO)

Assuming external function __mutex_init to be a pure function. (PredicateCPA:ExpressionToFormulaVisitor.visit, INFO)

Assuming external function __raw_spin_lock_init to be a pure function. (PredicateCPA:ExpressionToFormulaVisitor.visit, INFO)

Assuming external function usb_control_msg to be a pure function. (PredicateCPA:ExpressionToFormulaVisitor.visit, INFO)

Assuming external function memcpy to be a pure function. (PredicateCPA:ExpressionToFormulaVisitor.visit, INFO)

Assuming external function snprintf to be a pure function. (PredicateCPA:ExpressionToFormulaVisitor.visit, INFO)

Assuming external function msleep to be a pure function. (PredicateCPA:ExpressionToFormulaVisitor.visit, INFO)

Assuming external function msecs_to_jiffies to be a pure function. (PredicateCPA:ExpressionToFormulaVisitor.visit, INFO)

line 6772: Ignoring function call through function pointer *(dev->em28xx_read_reg_req_len): ret = (*(dev->em28xx_read_reg_req_len))(dev, 0, 64, (char *)(&val), 2); (PredicateCPA:ExpressionToFormulaVisitor.visit, WARNING)

Shutdown requested (The CPU-time limit of 900s has elapsed.), waiting for termination. (ForceTerminationOnShutdown$1.shutdownRequested, WARNING)

Warning: Analysis interrupted (The CPU-time limit of 900s has elapsed.) (ShutdownNotifier.shutdownIfNecessary, WARNING)

PredicateCPA statistics
-----------------------
Number of abstractions:            281789 (20% of all post computations)
  Times abstraction was reused:    0
  Because of function entry/exit:  244194 (87%)
  Because of loop head:            32941 (12%)
  Because of join nodes:           0 (0%)
  Because of threshold:            0 (0%)
  Because of target state:         4654 (2%)
  Times precision was empty:       10328 (4%)
  Times precision was {false}:     549 (0%)
  Times result was cached:         265662 (94%)
  Times cartesian abs was used:    0 (0%)
  Times boolean abs was used:      5250 (2%)
  Times result was 'false':        35648 (13%)
Number of strengthen sat checks:   0
Number of coverage checks:         184451
  BDD entailment checks:           44999
Number of SMT sat checks:          0
  trivial:                         0
  cached:                          0

Max ABE block size:                       103
Number of predicates discovered:          46
Number of abstraction locations:          176
Max number of predicates per location:    19
Avg number of predicates per location:    4
Total predicates per abstraction:         2253689
Max number of predicates per abstraction: 19
Avg number of predicates per abstraction: 388.63
Number of irrelevant predicates:          1243916 (55%)
Number of preds handled by boolean abs:   20930 (1%)
  Total number of models for allsat:      12484
  Max number of models for allsat:        16
  Avg number of models for allsat:        2.38

Time for post operator:                 32.997s
  Time for path formula creation:       32.238s
Time for strengthen operator:            1.277s
Time for prec operator:                163.799s
  Time for abstraction:                156.643s (Max:     3.013s, Count: 281789)
    Boolean abstraction:                30.567s
    Solving time:                       22.314s (Max:     1.206s)
    Model enumeration time:             12.229s
    Time for BDD construction:           0.374s (Max:     0.021s)
Time for merge operator:                 2.878s
Time for coverage check:                 0.124s
  Time for BDD entailment checks:        0.082s
Total time for SMT solver (w/o itp):    34.543s

Number of path formula cache hits:   1643670 (97%)

Inside post operator:                  
  Inside path formula creation:        
    Time for path formula computation:     9.211s

Total number of created targets for pointer analysis: 19752
   Number of created targets for uf: *(struct_device_private)* is 53
   Number of created targets for uf: *(void)* is 27
   Number of created targets for uf: *enum_em28xx_chip_id is 6
   Number of created targets for uf: *(struct_usb_driver)* is 3
   Number of created targets for uf: *(struct_usb_device)* is 5
   Number of created targets for uf: *(unsigned_int)* is 3
   Number of created targets for uf: *(struct_em28xx_led)* is 185
   Number of created targets for uf: *(Return_type:_[signed_int],_Parameters:_4,_Parameter_1_type:_[(struct_em28xx)*],_Parameter_2_type:_[unsigned_short_int],_Parameter_3_type:_[(char)*],_Parameter_4_type:_[signed_int],_VarArgs:_false)* is 5
   Number of created targets for uf: *(Return_type:_[signed_int],_Parameters:_5,_Parameter_1_type:_[(struct_em28xx)*],_Parameter_2_type:_[unsigned_char],_Parameter_3_type:_[unsigned_short_int],_Parameter_4_type:_[(char)*],_Parameter_5_type:_[signed_int],_VarArgs:_false)* is 9
   Number of created targets for uf: *enum_em28xx_ac97_mode is 4
   Number of created targets for uf: *signed_int is 3027
   Number of created targets for uf: *(char)* is 383
   Number of created targets for uf: *unsigned_char is 234
   Number of created targets for uf: *(struct_list_head)* is 3
   Number of created targets for uf: *(Return_type:_[signed_int],_Parameters:_3,_Parameter_1_type:_[(struct_em28xx)*],_Parameter_2_type:_[unsigned_char],_Parameter_3_type:_[unsigned_short_int],_VarArgs:_false)* is 5
   Number of created targets for uf: *(struct_em28xx_reg_seq)* is 1657
   Number of created targets for uf: *(Return_type:_[signed_int],_Parameters:_2,_Parameter_1_type:_[(struct_em28xx)*],_Parameter_2_type:_[unsigned_short_int],_VarArgs:_false)* is 5
   Number of created targets for uf: *unsigned_int is 729
   Number of created targets for uf: *(struct_em28xx_button)* is 185
   Number of created targets for uf: *(struct_device)* is 9


Number of BDD nodes:                               4780
Size of BDD node table:                            270749
Size of BDD cache:                                 27073
Size of BDD node cleanup queue:                       13262 (count: 95660, min: 0, max: 423, avg: 0.14)
Time for BDD node cleanup:                             0.020s
Time for BDD garbage collection:                       0.000s (in 0 runs)

PrecisionBootstrap statistics
-----------------------------
Init. function predicates:                         0
Init. global predicates:                           0
Init. location predicates:                         0

Invariant Generation statistics
-------------------------------

AutomatonAnalysis (SVCOMP) statistics
-------------------------------------
Number of states:                                  1
Total time for successor computation:                  2.144s
  Time for transition matches:                         1.139s
  Time for transition assertions:                      0.004s
  Time for transition actions:                         0.018s
Automaton transfers with branching:                0
Automaton transfer successors:                      1394323 (count: 1394323, min: 1, max: 1, avg: 1.00) [1 x 1394323]

CPA algorithm statistics
------------------------
Number of iterations:            995658
Max size of waitlist:            35
Average size of waitlist:        17
Number of computed successors:   1141900
Max successors for one state:    2
Number of times merged:          69726
Number of times stopped:         107667
Number of times breaked:         752

Total time for CPA algorithm:       228.535s (Max:     5.790s)
  Time for choose from waitlist:      0.503s
  Time for precision adjustment:    171.226s
  Time for transfer relation:        46.897s
  Time for merge operator:            3.978s
  Time for stop operator:             1.352s
  Time for adding to reached set:     1.692s

Predicate-Abstraction Refiner statistics
----------------------------------------
Number of predicate refinements:                   752
Avg. length of target path (in blocks):              128467 (count: 752, min: 104, max: 208, avg: 170.83)
Number of infeasible sliced prefixes:                     0 (count: 0, min: 0, max: 0, avg: 0.00)

Time for refinement:                                 656.329s
  Counterexample analysis:                           653.276s (Max:     1.412s, Calls: 752)
    Refinement sat check:                            566.010s
    Interpolant computation:                           0.000s
  Path-formulas extraction:                            0.056s
  Error path post-processing:                          0.000s
  Predicate creation:                                  0.275s
  Precision update:                                    0.544s
  ARG update:                                          1.523s

Length of refined path (in blocks):                  124402 (count: 751, min: 73, max: 208, avg: 165.65)
Number of affected states:                            28389 (count: 751, min: 1, max: 187, avg: 37.80)
Length (states) of path with itp 'true':              95262 (count: 751, min: 0, max: 185, avg: 126.85)
Length (states) of path with itp non-trivial itp:     28389 (count: 751, min: 1, max: 187, avg: 37.80)
Length (states) of path with itp 'false':               295 (count: 751, min: 0, max: 1, avg: 0.39)
Different non-trivial interpolants along paths:         977 (count: 751, min: 0, max: 10, avg: 1.30)
Equal non-trivial interpolants along paths:           26661 (count: 751, min: 0, max: 186, avg: 35.50)
Number of refs with location-based cutoff:                0

CEGAR algorithm statistics
--------------------------
Number of refinements:                752
Number of successful refinements:     751
Number of failed refinements:         0
Max. size of reached set before ref.: 12909
Max. size of reached set after ref.:  12736
Avg. size of reached set before ref.: 7196.79
Avg. size of reached set after ref.:  5876.70

Total time for CEGAR algorithm:     892.856s
Time for refinements:               661.698s
Average time for refinement:          0.879s
Max time for refinement:              1.420s

Code Coverage
-----------------------------
  Function coverage:      0.273
  Visited lines:          2069
  Total lines:            4544
  Line coverage:          0.455
  Visited conditions:     324
  Total conditions:       1278
  Condition coverage:     0.254

CPAchecker general statistics
-----------------------------
Number of program locations:     6343
Number of CFA edges:             7196
Number of relevant variables:    893
Number of functions:             231
Number of loops:                 53
Size of reached set:             12909
  Number of reached locations:   1005 (16%)
    Avg states per location:     12
    Max states per location:     232 (at node N243)
  Number of reached functions:   63 (27%)
  Number of partitions:          12883
    Avg size of partitions:      1
    Max size of partitions:      3 (with key [N3708 (before line 12692), Function em28xx_usb_probe called from node N4072, stack depth 12 [20254773], stack [main, ldv_entry_EMGentry_5, ldv_EMGentry_init_em28xx_usb_driver_init_5_9, em28xx_usb_driver_init, ldv_usb_register_driver_31, ldv_usb_register_driver, ldv_dispatch_register_4_2, ldv_usb_dummy_factory_2, ldv_dispatch_instance_register_2_3, ldv_usb_usb_instance_1, ldv_usb_instance_probe_1_13, em28xx_usb_probe]])
  Number of target states:       1
  Size of final wait list        17

Time for analysis setup:          7.580s
  Time for loading CPAs:          1.089s
  Time for loading parser:        0.741s
  Time for CFA construction:      5.620s
    Time for parsing file(s):     1.280s
    Time for AST to CFA:          2.298s
    Time for CFA sanity check:    0.429s
    Time for post-processing:     1.363s
      Time for var class.:        0.795s
Time for Analysis:              892.856s
CPU time for analysis:          892.700s
Total time for CPAchecker:      900.440s
Total CPU time for CPAchecker:  900.270s
Time for statistics:              0.347s

Time for Garbage Collector:       9.688s (in 1156 runs)
Garbage Collector(s) used:    Copy, MarkSweepCompact
Used heap memory:                130MB (   124 MiB) max;     82MB (    78 MiB) avg;    134MB (   127 MiB) peak
Used non-heap memory:             41MB (    39 MiB) max;     40MB (    38 MiB) avg;     41MB (    39 MiB) peak
Allocated heap memory:           135MB (   128 MiB) max;    130MB (   124 MiB) avg
Allocated non-heap memory:        43MB (    41 MiB) max;     42MB (    40 MiB) avg
Total process virtual memory:   8422MB (  8032 MiB) max;   8314MB (  7929 MiB) avg

Verification result: UNKNOWN, incomplete analysis.
More details about the verification run can be found in the directory "./output".
