scripts/cpa.sh -Dy-MySearchStrategy-PredAbs-ABElf -heap 5600000000 -timelimit 30 -preprocess -stats -noout -setprop cpa.predicate.memoryAllocationsAlwaysSucceed=true -spec ../sv-benchmarks/c/ReachSafety.prp ../sv-benchmarks/c/ldv-challenges/linux-3.14__complex_emg__linux-alloc-spinlock__drivers-media-usb-gspca-gspca_topro_true-unreach-call.cil.c


--------------------------------------------------------------------------------


Running CPAchecker with Java heap of size 5600000000.
Running CPAchecker with default stack size (1024k). Specify a larger value with -stack if needed.
Running CPAchecker with the following extra VM options:  -Djava.io.tmpdir=/tmp/BenchExec_run_0ysbqvak/tmp
Using the following resource limits: CPU-time limit of 30s (ResourceLimitChecker.fromConfiguration, INFO)

CPAchecker (unknown version) (OpenJDK 64-Bit Server VM 1.8.0_162) started (CPAchecker.run, INFO)

Dead code detected: Label switch_break is not reachable. (CFAFunctionBuilder.leave, INFO)

line 27955: Dead code detected: return; (CFACreationUtils.addEdgeToCFA, INFO)

line 28107: Dead code detected: return (arg0); (CFACreationUtils.addEdgeToCFA, INFO)

line 28305: Dead code detected: return (ldv_func_res); (CFACreationUtils.addEdgeToCFA, INFO)

line 28020: Function pointer *arg0 with type int (*)(struct usb_interface *) is called, but no possible target functions were found. (CFunctionPointerResolver.replaceFunctionPointerCall, WARNING)

line 28031: Function pointer *arg0 with type int (*)(struct usb_interface *) is called, but no possible target functions were found. (CFunctionPointerResolver.replaceFunctionPointerCall, WARNING)

Shutdown requested (The CPU-time limit of 30s has elapsed.), waiting for termination. (ForceTerminationOnShutdown$1.shutdownRequested, WARNING)

Shutdown was requested but CPAchecker is still running after 10s, forcing immediate termination now. (ForceTerminationOnShutdown.run, WARNING)

For your information: CPAchecker is currently hanging at
 org.sosy_lab.cpachecker.util.VariableClassificationBuilder.extractAssumedVariables(VariableClassificationBuilder.java:399)
org.sosy_lab.cpachecker.util.VariableClassificationBuilder.build(VariableClassificationBuilder.java:241)
org.sosy_lab.cpachecker.cfa.CFACreator.createCFA(CFACreator.java:468)
org.sosy_lab.cpachecker.cfa.CFACreator.parseFileAndCreateCFA(CFACreator.java:378)
org.sosy_lab.cpachecker.core.CPAchecker.parse(CPAchecker.java:441)
org.sosy_lab.cpachecker.core.CPAchecker.run(CPAchecker.java:304)
org.sosy_lab.cpachecker.cmdline.CPAMain.main(CPAMain.java:170) 
 (ForceTerminationOnShutdown.run, INFO)

