scripts/cpa.sh -Dy-MySearchStrategy-PredAbs-ABElf -heap 5600000000 -timelimit 900 -preprocess -stats -noout -setprop cpa.predicate.memoryAllocationsAlwaysSucceed=true -spec ../sv-benchmarks/c/ReachSafety.prp ../sv-benchmarks/c/array-tiling/rewnifrev2_true-unreach-call.i


--------------------------------------------------------------------------------


Running CPAchecker with Java heap of size 5600000000.
Running CPAchecker with default stack size (1024k). Specify a larger value with -stack if needed.
Running CPAchecker with the following extra VM options:  -Djava.io.tmpdir=/tmp/BenchExec_run__z6nglav/tmp
Using the following resource limits: CPU-time limit of 900s (ResourceLimitChecker.fromConfiguration, INFO)

CPAchecker (unknown version) (OpenJDK 64-Bit Server VM 1.8.0_151) started (CPAchecker.run, INFO)

MathSAT5 is available for research and evaluation purposes only. It can not be used in a commercial environment, particularly as part of a commercial product, without written permission. MathSAT5 is provided as is, without any warranty. Please write to mathsat@fbk.eu for additional questions regarding licensing MathSAT5 or obtaining more up-to-date versions. (PredicateCPA:JavaSMT:Mathsat5SolverContext.<init>, WARNING)

Using predicate analysis with MathSAT5 version 5.3.14 (0b98b661254c) (Nov 17 2016 10:59:45, gmp 5.1.3, gcc 4.8.5, 64-bit) and JFactory 1.21. (PredicateCPA:PredicateCPA.<init>, INFO)

Using refinement for predicate analysis with PredicateAbstractionRefinementStrategy strategy. (PredicateCPA:PredicateCPARefiner.<init>, INFO)

Starting analysis ... (CPAchecker.runAlgorithm, INFO)

Shutdown requested (The CPU-time limit of 900s has elapsed.), waiting for termination. (ForceTerminationOnShutdown$1.shutdownRequested, WARNING)

Warning: Analysis interrupted (The CPU-time limit of 900s has elapsed.) (ShutdownNotifier.shutdownIfNecessary, WARNING)

PredicateCPA statistics
-----------------------
Number of abstractions:            598 (26% of all post computations)
  Times abstraction was reused:    0
  Because of function entry/exit:  240 (40%)
  Because of loop head:            230 (38%)
  Because of join nodes:           0 (0%)
  Because of threshold:            0 (0%)
  Because of target state:         128 (21%)
  Times precision was empty:       8 (1%)
  Times precision was {false}:     128 (21%)
  Times result was cached:         0 (0%)
  Times cartesian abs was used:    0 (0%)
  Times boolean abs was used:      462 (77%)
  Times result was 'false':        120 (20%)
Number of strengthen sat checks:   0
Number of coverage checks:         1471
  BDD entailment checks:           1471
Number of SMT sat checks:          0
  trivial:                         0
  cached:                          0

Max ABE block size:                       6
Number of predicates discovered:          69
Number of abstraction locations:          5
Max number of predicates per location:    59
Avg number of predicates per location:    37
Total predicates per abstraction:         13082
Max number of predicates per abstraction: 59
Avg number of predicates per abstraction: 22.17
Number of irrelevant predicates:          264 (2%)
Number of preds handled by boolean abs:   12818 (98%)
  Total number of models for allsat:      1746875
  Max number of models for allsat:        126336
  Avg number of models for allsat:        3781.11

Time for post operator:                  0.381s
  Time for path formula creation:        0.351s
Time for strengthen operator:            0.016s
Time for prec operator:                895.464s
  Time for abstraction:                895.359s (Max:   123.324s, Count: 598)
    Boolean abstraction:               892.075s
    Solving time:                        2.570s (Max:     0.027s)
    Model enumeration time:            685.980s
    Time for BDD construction:         202.925s (Max:    16.510s)
Time for merge operator:                 0.000s
Time for coverage check:                 0.080s
  Time for BDD entailment checks:        0.080s
Total time for SMT solver (w/o itp):   688.550s

Number of path formula cache hits:   1926 (74%)

Inside post operator:                  
  Inside path formula creation:        
    Time for path formula computation:     0.330s

Total number of created targets for pointer analysis: 360
   Number of created targets for uf: *signed_int is 181


Number of BDD nodes:                               230464
Size of BDD node table:                            270749
Size of BDD cache:                                 27073
Size of BDD node cleanup queue:                      116159 (count: 51833, min: 0, max: 5677, avg: 2.24)
Time for BDD node cleanup:                             0.040s
Time for BDD garbage collection:                       4.493s (in 1345 runs)

PrecisionBootstrap statistics
-----------------------------
Init. function predicates:                         0
Init. global predicates:                           0
Init. location predicates:                         0

Invariant Generation statistics
-------------------------------

AutomatonAnalysis (SVCOMP) statistics
-------------------------------------
Number of states:                                  1
Total time for successor computation:                  0.109s
Automaton transfers with branching:                0
Automaton transfer successors:                         2266 (count: 2266, min: 1, max: 1, avg: 1.00) [1 x 2266]

CPA algorithm statistics
------------------------
Number of iterations:            1901
Max size of waitlist:            9
Average size of waitlist:        5
Number of computed successors:   2105
Max successors for one state:    2
Number of times merged:          0
Number of times stopped:         17
Number of times breaked:         16

Total time for CPA algorithm:       896.535s (Max:   471.133s)
  Time for choose from waitlist:      0.015s
  Time for precision adjustment:    895.586s
  Time for transfer relation:         0.694s
  Time for merge operator:            0.011s
  Time for stop operator:             0.120s
  Time for adding to reached set:     0.058s

Predicate-Abstraction Refiner statistics
----------------------------------------
Number of predicate refinements:                   16
Avg. length of target path (in blocks):                 296 (count: 16, min: 4, max: 33, avg: 18.50)
Number of infeasible sliced prefixes:                     0 (count: 0, min: 0, max: 0, avg: 0.00)

Time for refinement:                                   1.435s
  Counterexample analysis:                             1.310s (Max:     0.171s, Calls: 16)
    Refinement sat check:                              0.821s
    Interpolant computation:                           0.000s
  Path-formulas extraction:                            0.009s
  Error path post-processing:                          0.000s
  Predicate creation:                                  0.046s
  Precision update:                                    0.008s
  ARG update:                                          0.033s

Length of refined path (in blocks):                     294 (count: 16, min: 2, max: 33, avg: 18.38)
Number of affected states:                              265 (count: 16, min: 1, max: 31, avg: 16.56)
Length (states) of path with itp 'true':                 13 (count: 16, min: 0, max: 2, avg: 0.81)
Length (states) of path with itp non-trivial itp:       265 (count: 16, min: 1, max: 31, avg: 16.56)
Length (states) of path with itp 'false':                 1 (count: 16, min: 0, max: 1, avg: 0.06)
Different non-trivial interpolants along paths:         137 (count: 16, min: 0, max: 16, avg: 8.56)
Equal non-trivial interpolants along paths:             112 (count: 16, min: 0, max: 14, avg: 7.00)
Number of refs with location-based cutoff:                0

CEGAR algorithm statistics
--------------------------
Number of refinements:                16
Number of successful refinements:     16
Number of failed refinements:         0
Max. size of reached set before ref.: 238
Max. size of reached set after ref.:  29
Avg. size of reached set before ref.: 125.25
Avg. size of reached set after ref.:  14.81

Total time for CEGAR algorithm:     897.992s
Time for refinements:                 1.456s
Average time for refinement:          0.091s
Max time for refinement:              0.178s

Code Coverage
-----------------------------
  Function coverage:      1.000
  Visited lines:          12
  Total lines:            12
  Line coverage:          1.000
  Visited conditions:     8
  Total conditions:       8
  Condition coverage:     1.000

CPAchecker general statistics
-----------------------------
Number of program locations:     35
Number of CFA edges:             38
Number of relevant variables:    5
Number of functions:             2
Number of loops:                 2
Size of reached set:             201
  Number of reached locations:   23 (66%)
    Avg states per location:     8
    Max states per location:     13 (at node N7)
  Number of reached functions:   2 (100%)
  Number of partitions:          171
    Avg size of partitions:      1
    Max size of partitions:      12 (with key [N23 (before line 24), Function main called from node N8, stack depth 1 [6bd61f98], stack [main]])
  Number of target states:       0
  Size of final wait list        8

Time for analysis setup:          2.298s
  Time for loading CPAs:          0.697s
  Time for loading parser:        0.642s
  Time for CFA construction:      0.809s
    Time for parsing file(s):     0.308s
    Time for AST to CFA:          0.197s
    Time for CFA sanity check:    0.024s
    Time for post-processing:     0.128s
      Time for var class.:        0.045s
Time for Analysis:              897.992s
CPU time for analysis:          897.910s
Total time for CPAchecker:      900.293s
Total CPU time for CPAchecker:  900.210s
Time for statistics:              0.066s

Time for Garbage Collector:       2.088s (in 1003 runs)
Garbage Collector(s) used:    Copy, MarkSweepCompact
Used heap memory:                 64MB (    61 MiB) max;     45MB (    43 MiB) avg;     69MB (    66 MiB) peak
Used non-heap memory:             33MB (    31 MiB) max;     32MB (    30 MiB) avg;     34MB (    32 MiB) peak
Allocated heap memory:           127MB (   121 MiB) max;    127MB (   121 MiB) avg
Allocated non-heap memory:        35MB (    34 MiB) max;     35MB (    34 MiB) avg
Total process virtual memory:   8161MB (  7783 MiB) max;   8096MB (  7721 MiB) avg

Verification result: UNKNOWN, incomplete analysis.
More details about the verification run can be found in the directory "./output".
