scripts/cpa.sh -Dy-MySearchStrategy-PredAbs-ABElf -heap 5600000000 -timelimit 30 -preprocess -stats -noout -setprop cpa.predicate.memoryAllocationsAlwaysSucceed=true -spec ../sv-benchmarks/c/ReachSafety.prp ../sv-benchmarks/c/loop-invgen/nested6_true-unreach-call_true-termination.i


--------------------------------------------------------------------------------


Running CPAchecker with Java heap of size 5600000000.
Running CPAchecker with default stack size (1024k). Specify a larger value with -stack if needed.
Running CPAchecker with the following extra VM options:  -Djava.io.tmpdir=/tmp/BenchExec_run_lp6j1nni/tmp
Using the following resource limits: CPU-time limit of 30s (ResourceLimitChecker.fromConfiguration, INFO)

CPAchecker (unknown version) (OpenJDK 64-Bit Server VM 1.8.0_151) started (CPAchecker.run, INFO)

MathSAT5 is available for research and evaluation purposes only. It can not be used in a commercial environment, particularly as part of a commercial product, without written permission. MathSAT5 is provided as is, without any warranty. Please write to mathsat@fbk.eu for additional questions regarding licensing MathSAT5 or obtaining more up-to-date versions. (PredicateCPA:JavaSMT:Mathsat5SolverContext.<init>, WARNING)

Using predicate analysis with MathSAT5 version 5.3.14 (0b98b661254c) (Nov 17 2016 10:59:45, gmp 5.1.3, gcc 4.8.5, 64-bit) and JFactory 1.21. (PredicateCPA:PredicateCPA.<init>, INFO)

Using refinement for predicate analysis with PredicateAbstractionRefinementStrategy strategy. (PredicateCPA:PredicateCPARefiner.<init>, INFO)

Starting analysis ... (CPAchecker.runAlgorithm, INFO)

Stopping analysis ... (CPAchecker.runAlgorithm, INFO)

PredicateCPA statistics
-----------------------
Number of abstractions:            410 (31% of all post computations)
  Times abstraction was reused:    0
  Because of function entry/exit:  168 (41%)
  Because of loop head:            150 (37%)
  Because of join nodes:           0 (0%)
  Because of threshold:            0 (0%)
  Because of target state:         92 (22%)
  Times precision was empty:       14 (3%)
  Times precision was {false}:     76 (19%)
  Times result was cached:         50 (12%)
  Times cartesian abs was used:    0 (0%)
  Times boolean abs was used:      270 (66%)
  Times result was 'false':        89 (22%)
Number of strengthen sat checks:   0
Number of coverage checks:         366
  BDD entailment checks:           364
Number of SMT sat checks:          0
  trivial:                         0
  cached:                          0

Max ABE block size:                       9
Number of predicates discovered:          18
Number of abstraction locations:          8
Max number of predicates per location:    14
Avg number of predicates per location:    6
Total predicates per abstraction:         2186
Max number of predicates per abstraction: 14
Avg number of predicates per abstraction: 6.32
Number of irrelevant predicates:          161 (7%)
Number of preds handled by boolean abs:   1848 (85%)
  Total number of models for allsat:      685
  Max number of models for allsat:        12
  Avg number of models for allsat:        2.54

Time for post operator:                  0.284s
  Time for path formula creation:        0.273s
Time for strengthen operator:            0.017s
Time for prec operator:                  2.252s
  Time for abstraction:                  2.200s (Max:     0.024s, Count: 410)
    Boolean abstraction:                 0.887s
    Solving time:                        0.442s (Max:     0.013s)
    Model enumeration time:              0.107s
    Time for BDD construction:           0.104s (Max:     0.011s)
Time for merge operator:                 0.005s
Time for coverage check:                 0.016s
  Time for BDD entailment checks:        0.015s
Total time for SMT solver (w/o itp):     0.549s

Number of path formula cache hits:   1101 (72%)

Inside post operator:                  
  Inside path formula creation:        
    Time for path formula computation:     0.241s

Total number of created targets for pointer analysis: 0


Number of BDD nodes:                               3502
Size of BDD node table:                            270749
Size of BDD cache:                                 27073
Size of BDD node cleanup queue:                        2478 (count: 3825, min: 0, max: 2478, avg: 0.65)
Time for BDD node cleanup:                             0.015s
Time for BDD garbage collection:                       0.000s (in 0 runs)

PrecisionBootstrap statistics
-----------------------------
Init. function predicates:                         0
Init. global predicates:                           0
Init. location predicates:                         0

Invariant Generation statistics
-------------------------------

AutomatonAnalysis (SVCOMP) statistics
-------------------------------------
Number of states:                                  1
Total time for successor computation:                  0.091s
Automaton transfers with branching:                0
Automaton transfer successors:                         1328 (count: 1328, min: 1, max: 1, avg: 1.00) [1 x 1328]

CPA algorithm statistics
------------------------
Number of iterations:            1099
Max size of waitlist:            7
Average size of waitlist:        2
Number of computed successors:   1288
Max successors for one state:    2
Number of times merged:          1
Number of times stopped:         58
Number of times breaked:         16

Total time for CPA algorithm:         3.178s (Max:     0.547s)
  Time for choose from waitlist:      0.031s
  Time for precision adjustment:      2.411s
  Time for transfer relation:         0.583s
  Time for merge operator:            0.016s
  Time for stop operator:             0.036s
  Time for adding to reached set:     0.034s

Predicate-Abstraction Refiner statistics
----------------------------------------
Number of predicate refinements:                   16
Avg. length of target path (in blocks):                 198 (count: 16, min: 4, max: 22, avg: 12.38)
Number of infeasible sliced prefixes:                     0 (count: 0, min: 0, max: 0, avg: 0.00)

Time for refinement:                                   0.360s
  Counterexample analysis:                             0.167s (Max:     0.025s, Calls: 16)
    Refinement sat check:                              0.072s
    Interpolant computation:                           0.000s
  Path-formulas extraction:                            0.013s
  Error path post-processing:                          0.000s
  Predicate creation:                                  0.113s
  Precision update:                                    0.021s
  ARG update:                                          0.030s

Length of refined path (in blocks):                     192 (count: 16, min: 4, max: 22, avg: 12.00)
Number of affected states:                              123 (count: 16, min: 2, max: 19, avg: 7.69)
Length (states) of path with itp 'true':                 53 (count: 16, min: 0, max: 14, avg: 3.31)
Length (states) of path with itp non-trivial itp:       123 (count: 16, min: 2, max: 19, avg: 7.69)
Length (states) of path with itp 'false':                 2 (count: 16, min: 0, max: 1, avg: 0.13)
Different non-trivial interpolants along paths:          40 (count: 16, min: 1, max: 5, avg: 2.50)
Equal non-trivial interpolants along paths:              67 (count: 16, min: 0, max: 14, avg: 4.19)
Number of refs with location-based cutoff:                0

CEGAR algorithm statistics
--------------------------
Number of refinements:                16
Number of successful refinements:     16
Number of failed refinements:         0
Max. size of reached set before ref.: 204
Max. size of reached set after ref.:  88
Avg. size of reached set before ref.: 89.75
Avg. size of reached set after ref.:  30.19

Total time for CEGAR algorithm:       3.574s
Time for refinements:                 0.395s
Average time for refinement:          0.024s
Max time for refinement:              0.136s

Code Coverage
-----------------------------
  Function coverage:      1.000
  Visited lines:          18
  Total lines:            18
  Line coverage:          1.000
  Visited conditions:     14
  Total conditions:       14
  Condition coverage:     1.000

CPAchecker general statistics
-----------------------------
Number of program locations:     51
Number of CFA edges:             59
Number of relevant variables:    7
Number of functions:             2
Number of loops:                 3
Size of reached set:             189
  Number of reached locations:   37 (73%)
    Avg states per location:     5
    Max states per location:     14 (at node N0)
  Number of reached functions:   2 (100%)
  Number of partitions:          172
    Avg size of partitions:      1
    Max size of partitions:      9 (with key [N40 (before line 22), Function main called from node N9, stack depth 1 [506ae4d4], stack [main]])
  Number of target states:       0

Time for analysis setup:          2.497s
  Time for loading CPAs:          0.821s
  Time for loading parser:        0.695s
  Time for CFA construction:      0.864s
    Time for parsing file(s):     0.303s
    Time for AST to CFA:          0.200s
    Time for CFA sanity check:    0.034s
    Time for post-processing:     0.167s
      Time for var class.:        0.042s
Time for Analysis:                3.574s
CPU time for analysis:            3.570s
Time for analyzing result:        0.000s
Total time for CPAchecker:        6.076s
Total CPU time for CPAchecker:    6.060s
Time for statistics:              0.075s

Time for Garbage Collector:       0.107s (in 5 runs)
Garbage Collector(s) used:    Copy, MarkSweepCompact
Used heap memory:                 58MB (    55 MiB) max;     33MB (    31 MiB) avg;     63MB (    60 MiB) peak
Used non-heap memory:             31MB (    30 MiB) max;     25MB (    24 MiB) avg;     33MB (    32 MiB) peak
Allocated heap memory:           127MB (   121 MiB) max;    127MB (   121 MiB) avg
Allocated non-heap memory:        34MB (    33 MiB) max;     27MB (    26 MiB) avg
Total process virtual memory:   8085MB (  7711 MiB) max;   8039MB (  7667 MiB) avg

Verification result: TRUE. No property violation found by chosen configuration.
More details about the verification run can be found in the directory "./output".
