scripts/cpa.sh -Dy-MySearchStrategy-PredAbs-ABElf -heap 5600000000 -timelimit 30 -preprocess -stats -noout -setprop cpa.predicate.memoryAllocationsAlwaysSucceed=true -spec ../sv-benchmarks/c/ReachSafety.prp ../sv-benchmarks/c/seq-mthreaded/rekcba_ctm_true-unreach-call.4_true-termination.c


--------------------------------------------------------------------------------


Running CPAchecker with Java heap of size 5600000000.
Running CPAchecker with default stack size (1024k). Specify a larger value with -stack if needed.
Running CPAchecker with the following extra VM options:  -Djava.io.tmpdir=/tmp/BenchExec_run_zepckzpx/tmp
Using the following resource limits: CPU-time limit of 30s (ResourceLimitChecker.fromConfiguration, INFO)

CPAchecker (unknown version) (OpenJDK 64-Bit Server VM 1.8.0_151) started (CPAchecker.run, INFO)

MathSAT5 is available for research and evaluation purposes only. It can not be used in a commercial environment, particularly as part of a commercial product, without written permission. MathSAT5 is provided as is, without any warranty. Please write to mathsat@fbk.eu for additional questions regarding licensing MathSAT5 or obtaining more up-to-date versions. (PredicateCPA:JavaSMT:Mathsat5SolverContext.<init>, WARNING)

Using predicate analysis with MathSAT5 version 5.3.14 (0b98b661254c) (Nov 17 2016 10:59:45, gmp 5.1.3, gcc 4.8.5, 64-bit) and JFactory 1.21. (PredicateCPA:PredicateCPA.<init>, INFO)

Using refinement for predicate analysis with PredicateAbstractionRefinementStrategy strategy. (PredicateCPA:PredicateCPARefiner.<init>, INFO)

Starting analysis ... (CPAchecker.runAlgorithm, INFO)

Shutdown requested (The CPU-time limit of 30s has elapsed.), waiting for termination. (ForceTerminationOnShutdown$1.shutdownRequested, WARNING)

Warning: Analysis interrupted (The CPU-time limit of 30s has elapsed.) (ShutdownNotifier.shutdownIfNecessary, WARNING)

PredicateCPA statistics
-----------------------
Number of abstractions:            238 (1% of all post computations)
  Times abstraction was reused:    0
  Because of function entry/exit:  238 (100%)
  Because of loop head:            0 (0%)
  Because of join nodes:           0 (0%)
  Because of threshold:            0 (0%)
  Because of target state:         0 (0%)
  Times precision was empty:       238 (100%)
  Times precision was {false}:     0 (0%)
  Times result was cached:         0 (0%)
  Times cartesian abs was used:    0 (0%)
  Times boolean abs was used:      0 (0%)
  Times result was 'false':        0 (0%)
Number of strengthen sat checks:   0
Number of coverage checks:         5986
  BDD entailment checks:           48
Number of SMT sat checks:          0
  trivial:                         0
  cached:                          0

Max ABE block size:                       5876
Number of predicates discovered:          0

Time for post operator:                 18.460s
  Time for path formula creation:       18.348s
Time for strengthen operator:            0.078s
Time for prec operator:                  0.114s
  Time for abstraction:                  0.017s (Max:     0.007s, Count: 238)
    Solving time:                        0.000s (Max:     0.000s)
    Model enumeration time:              0.000s
    Time for BDD construction:           0.000s (Max:     0.000s)
Time for merge operator:                 0.318s
Time for coverage check:                 0.053s
  Time for BDD entailment checks:        0.034s
Total time for SMT solver (w/o itp):     0.000s

Number of path formula cache hits:   1 (0%)

Inside post operator:                  
  Inside path formula creation:        
    Time for path formula computation:    18.087s

Total number of created targets for pointer analysis: 680574
   Number of created targets for uf: *unsigned_short_int is 41
   Number of created targets for uf: *signed_int is 121
   Number of created targets for uf: *unsigned_char is 312
   Number of created targets for uf: *_Bool is 257
   Number of created targets for uf: *char is 320


Number of BDD nodes:                               202
Size of BDD node table:                            270749
Size of BDD cache:                                 27073
Size of BDD node cleanup queue:                           0 (count: 287, min: 0, max: 0, avg: 0.00)
Time for BDD node cleanup:                             0.000s
Time for BDD garbage collection:                       0.000s (in 0 runs)

PrecisionBootstrap statistics
-----------------------------
Init. function predicates:                         0
Init. global predicates:                           0
Init. location predicates:                         0

Invariant Generation statistics
-------------------------------

AutomatonAnalysis (SVCOMP) statistics
-------------------------------------
Number of states:                                  1
Total time for successor computation:                  0.226s
Automaton transfers with branching:                0
Automaton transfer successors:                        23533 (count: 23533, min: 1, max: 1, avg: 1.00) [1 x 23533]

CPA algorithm statistics
------------------------
Number of iterations:            17402
Max size of waitlist:            3462
Average size of waitlist:        1258
Number of computed successors:   20483
Max successors for one state:    2
Number of times merged:          2969
Number of times stopped:         3017
Number of times breaked:         0

Total time for CPA algorithm:        21.789s (Max:    21.789s)
  Time for choose from waitlist:      0.081s
  Time for precision adjustment:      0.624s
  Time for transfer relation:        19.852s
  Time for merge operator:            0.538s
  Time for stop operator:             0.168s
  Time for adding to reached set:     0.157s

Predicate-Abstraction Refiner statistics
----------------------------------------
Number of predicate refinements:                   0

CEGAR algorithm statistics
--------------------------
Number of refinements:                0

Code Coverage
-----------------------------
  Function coverage:      0.369
  Visited lines:          10467
  Total lines:            11719
  Line coverage:          0.893
  Visited conditions:     14408
  Total conditions:       14928
  Condition coverage:     0.965

CPAchecker general statistics
-----------------------------
Number of program locations:     19336
Number of CFA edges:             22370
Number of relevant variables:    273
Number of functions:             84
Number of loops:                 0
Size of reached set:             17465
  Number of reached locations:   14777 (76%)
    Avg states per location:     1
    Max states per location:     16 (at node N577)
  Number of reached functions:   31 (37%)
  Number of partitions:          17465
    Avg size of partitions:      1
    Max size of partitions:      1
  Number of target states:       0
  Size of final wait list        64

Time for analysis setup:          8.473s
  Time for loading CPAs:          1.133s
  Time for loading parser:        0.661s
  Time for CFA construction:      6.527s
    Time for parsing file(s):     1.301s
    Time for AST to CFA:          2.376s
    Time for CFA sanity check:    0.945s
    Time for post-processing:     1.764s
      Time for var class.:        1.085s
Time for Analysis:               21.789s
CPU time for analysis:           21.790s
Total time for CPAchecker:       30.266s
Total CPU time for CPAchecker:   30.240s
Time for statistics:              0.570s

Time for Garbage Collector:       0.840s (in 85 runs)
Garbage Collector(s) used:    Copy, MarkSweepCompact
Used heap memory:                 91MB (    87 MiB) max;     63MB (    60 MiB) avg;     99MB (    94 MiB) peak
Used non-heap memory:             35MB (    34 MiB) max;     31MB (    30 MiB) avg;     36MB (    35 MiB) peak
Allocated heap memory:           127MB (   121 MiB) max;    127MB (   121 MiB) avg
Allocated non-heap memory:        38MB (    36 MiB) max;     34MB (    32 MiB) avg
Total process virtual memory:   8217MB (  7836 MiB) max;   8097MB (  7722 MiB) avg

Verification result: UNKNOWN, incomplete analysis.
More details about the verification run can be found in the directory "./output".
