scripts/cpa.sh -Dy-MySearchStrategy-PredAbs-ABElf -heap 5600000000 -timelimit 900 -preprocess -stats -noout -setprop cpa.predicate.memoryAllocationsAlwaysSucceed=true -spec ../sv-benchmarks/c/ReachSafety.prp ../sv-benchmarks/c/seq-mthreaded/rekcba_ctm_true-unreach-call.4_true-termination.c


--------------------------------------------------------------------------------


Running CPAchecker with Java heap of size 5600000000.
Running CPAchecker with default stack size (1024k). Specify a larger value with -stack if needed.
Running CPAchecker with the following extra VM options:  -Djava.io.tmpdir=/tmp/BenchExec_run_x2tzmpik/tmp
Using the following resource limits: CPU-time limit of 900s (ResourceLimitChecker.fromConfiguration, INFO)

CPAchecker (unknown version) (OpenJDK 64-Bit Server VM 1.8.0_151) started (CPAchecker.run, INFO)

MathSAT5 is available for research and evaluation purposes only. It can not be used in a commercial environment, particularly as part of a commercial product, without written permission. MathSAT5 is provided as is, without any warranty. Please write to mathsat@fbk.eu for additional questions regarding licensing MathSAT5 or obtaining more up-to-date versions. (PredicateCPA:JavaSMT:Mathsat5SolverContext.<init>, WARNING)

Using predicate analysis with MathSAT5 version 5.3.14 (0b98b661254c) (Nov 17 2016 10:59:45, gmp 5.1.3, gcc 4.8.5, 64-bit) and JFactory 1.21. (PredicateCPA:PredicateCPA.<init>, INFO)

Using refinement for predicate analysis with PredicateAbstractionRefinementStrategy strategy. (PredicateCPA:PredicateCPARefiner.<init>, INFO)

Starting analysis ... (CPAchecker.runAlgorithm, INFO)

Shutdown requested (The CPU-time limit of 900s has elapsed.), waiting for termination. (ForceTerminationOnShutdown$1.shutdownRequested, WARNING)

Warning: Analysis interrupted (The CPU-time limit of 900s has elapsed.) (ShutdownNotifier.shutdownIfNecessary, WARNING)

PredicateCPA statistics
-----------------------
Number of abstractions:            2849 (4% of all post computations)
  Times abstraction was reused:    0
  Because of function entry/exit:  2848 (100%)
  Because of loop head:            0 (0%)
  Because of join nodes:           0 (0%)
  Because of threshold:            0 (0%)
  Because of target state:         1 (0%)
  Times precision was empty:       2842 (100%)
  Times precision was {false}:     0 (0%)
  Times result was cached:         1 (0%)
  Times cartesian abs was used:    0 (0%)
  Times boolean abs was used:      6 (0%)
  Times result was 'false':        0 (0%)
Number of strengthen sat checks:   0
Number of coverage checks:         16160
  BDD entailment checks:           224
Number of SMT sat checks:          0
  trivial:                         0
  cached:                          0

Max ABE block size:                       5876
Number of predicates discovered:          3
Number of abstraction locations:          14
Max number of predicates per location:    1
Avg number of predicates per location:    1
Total predicates per abstraction:         7
Max number of predicates per abstraction: 1
Avg number of predicates per abstraction: 1.17
Number of irrelevant predicates:          0 (0%)
Number of preds handled by boolean abs:   6 (86%)
  Total number of models for allsat:      5
  Max number of models for allsat:        1
  Avg number of models for allsat:        0.83

Time for post operator:                 22.585s
  Time for path formula creation:       22.426s
Time for strengthen operator:            0.212s
Time for prec operator:                668.869s
  Time for abstraction:                668.469s (Max:   667.398s, Count: 2849)
    Boolean abstraction:               667.378s
    Solving time:                      667.572s (Max:   666.882s)
    Model enumeration time:              0.100s
    Time for BDD construction:           0.002s (Max:     0.001s)
Time for merge operator:                 0.509s
Time for coverage check:                 0.041s
  Time for BDD entailment checks:        0.023s
Total time for SMT solver (w/o itp):   667.676s

Number of path formula cache hits:   16294 (24%)

Inside post operator:                  
  Inside path formula creation:        
    Time for path formula computation:    21.805s

Total number of created targets for pointer analysis: 695694
   Number of created targets for uf: *unsigned_short_int is 41
   Number of created targets for uf: *signed_int is 121
   Number of created targets for uf: *unsigned_char is 312
   Number of created targets for uf: *_Bool is 257
   Number of created targets for uf: *char is 320


Number of BDD nodes:                               202
Size of BDD node table:                            270749
Size of BDD cache:                                 27073
Size of BDD node cleanup queue:                          13 (count: 3103, min: 0, max: 13, avg: 0.00)
Time for BDD node cleanup:                             0.010s
Time for BDD garbage collection:                       0.000s (in 0 runs)

PrecisionBootstrap statistics
-----------------------------
Init. function predicates:                         0
Init. global predicates:                           0
Init. location predicates:                         0

Invariant Generation statistics
-------------------------------

AutomatonAnalysis (SVCOMP) statistics
-------------------------------------
Number of states:                                  1
Total time for successor computation:                  0.330s
Automaton transfers with branching:                0
Automaton transfer successors:                        66960 (count: 66960, min: 1, max: 1, avg: 1.00) [1 x 66960]

CPA algorithm statistics
------------------------
Number of iterations:            49554
Max size of waitlist:            3462
Average size of waitlist:        1136
Number of computed successors:   59623
Max successors for one state:    2
Number of times merged:          7968
Number of times stopped:         8192
Number of times breaked:         1

Total time for CPA algorithm:       697.670s (Max:   669.589s)
  Time for choose from waitlist:      0.165s
  Time for precision adjustment:    670.079s
  Time for transfer relation:        25.111s
  Time for merge operator:            1.002s
  Time for stop operator:             0.366s
  Time for adding to reached set:     0.235s

Predicate-Abstraction Refiner statistics
----------------------------------------
Number of predicate refinements:                   1
Avg. length of target path (in blocks):                  14 (count: 1, min: 14, max: 14, avg: 14.00)
Number of infeasible sliced prefixes:                     0 (count: 0, min: 0, max: 0, avg: 0.00)

Time for refinement:                                 198.953s
  Counterexample analysis:                           198.518s (Max:   198.518s, Calls: 1)
    Refinement sat check:                            194.320s
    Interpolant computation:                           0.000s
  Path-formulas extraction:                            0.000s
  Error path post-processing:                          0.000s
  Predicate creation:                                  0.010s
  Precision update:                                    0.001s
  ARG update:                                          0.383s

Length of refined path (in blocks):                      14 (count: 1, min: 14, max: 14, avg: 14.00)
Number of affected states:                               13 (count: 1, min: 13, max: 13, avg: 13.00)
Length (states) of path with itp 'true':                  0 (count: 1, min: 0, max: 0, avg: 0.00)
Length (states) of path with itp non-trivial itp:        13 (count: 1, min: 13, max: 13, avg: 13.00)
Length (states) of path with itp 'false':                 0 (count: 1, min: 0, max: 0, avg: 0.00)
Different non-trivial interpolants along paths:           3 (count: 1, min: 3, max: 3, avg: 3.00)
Equal non-trivial interpolants along paths:               9 (count: 1, min: 9, max: 9, avg: 9.00)
Number of refs with location-based cutoff:                0

CEGAR algorithm statistics
--------------------------
Number of refinements:                1
Number of successful refinements:     1
Number of failed refinements:         0
Max. size of reached set before ref.: 39886
Max. size of reached set after ref.:  3
Avg. size of reached set before ref.: 39886.00
Avg. size of reached set after ref.:  3.00

Total time for CEGAR algorithm:     897.640s
Time for refinements:               199.964s
Average time for refinement:        199.964s
Max time for refinement:            199.964s

Code Coverage
-----------------------------
  Function coverage:      0.060
  Visited lines:          6019
  Total lines:            11719
  Line coverage:          0.514
  Visited conditions:     11528
  Total conditions:       14928
  Condition coverage:     0.772

CPAchecker general statistics
-----------------------------
Number of program locations:     19336
Number of CFA edges:             22370
Number of relevant variables:    273
Number of functions:             84
Number of loops:                 0
Size of reached set:             11548
  Number of reached locations:   11548 (60%)
    Avg states per location:     1
    Max states per location:     1 (at node N669)
  Number of reached functions:   5 (6%)
  Number of partitions:          11548
    Avg size of partitions:      1
    Max size of partitions:      1
  Number of target states:       0
  Size of final wait list        1

Time for analysis setup:          8.628s
  Time for loading CPAs:          1.140s
  Time for loading parser:        0.675s
  Time for CFA construction:      6.639s
    Time for parsing file(s):     1.220s
    Time for AST to CFA:          2.387s
    Time for CFA sanity check:    1.070s
    Time for post-processing:     1.919s
      Time for var class.:        1.181s
Time for Analysis:              897.640s
CPU time for analysis:          897.580s
Total time for CPAchecker:      906.273s
Total CPU time for CPAchecker:  906.190s
Time for statistics:              0.576s

Time for Garbage Collector:       2.092s (in 102 runs)
Garbage Collector(s) used:    Copy, MarkSweepCompact
Used heap memory:                234MB (   223 MiB) max;    208MB (   199 MiB) avg;    250MB (   239 MiB) peak
Used non-heap memory:             37MB (    35 MiB) max;     36MB (    34 MiB) avg;     37MB (    36 MiB) peak
Allocated heap memory:           250MB (   239 MiB) max;    245MB (   234 MiB) avg
Allocated non-heap memory:        38MB (    37 MiB) max;     38MB (    36 MiB) avg
Total process virtual memory:  12326MB ( 11755 MiB) max;  11133MB ( 10617 MiB) avg

Verification result: UNKNOWN, incomplete analysis.
More details about the verification run can be found in the directory "./output".
