scripts/cpa.sh -Dy-MySearchStrategy-PredAbs-ABEl -heap 5600000000 -timelimit 30 -preprocess -stats -noout -setprop cpa.predicate.memoryAllocationsAlwaysSucceed=true -spec ../sv-benchmarks/c/ReachSafety.prp ../sv-benchmarks/c/ldv-linux-3.4-simple/32_1_cilled_true-unreach-call_ok_nondet_linux-3.4-32_1-drivers--rtc--rtc-wm831x.ko-ldv_main0_sequence_infinite_withcheck_stateful.cil.out.c


--------------------------------------------------------------------------------


Running CPAchecker with Java heap of size 5600000000.
Running CPAchecker with default stack size (1024k). Specify a larger value with -stack if needed.
Running CPAchecker with the following extra VM options:  -Djava.io.tmpdir=/tmp/BenchExec_run_q_26e71d/tmp
Using the following resource limits: CPU-time limit of 30s (ResourceLimitChecker.fromConfiguration, INFO)

CPAchecker (unknown version) (OpenJDK 64-Bit Server VM 1.8.0_162) started (CPAchecker.run, INFO)

MathSAT5 is available for research and evaluation purposes only. It can not be used in a commercial environment, particularly as part of a commercial product, without written permission. MathSAT5 is provided as is, without any warranty. Please write to mathsat@fbk.eu for additional questions regarding licensing MathSAT5 or obtaining more up-to-date versions. (PredicateCPA:JavaSMT:Mathsat5SolverContext.<init>, WARNING)

Using predicate analysis with MathSAT5 version 5.3.14 (0b98b661254c) (Nov 17 2016 10:59:45, gmp 5.1.3, gcc 4.8.5, 64-bit) and JFactory 1.21. (PredicateCPA:PredicateCPA.<init>, INFO)

Using refinement for predicate analysis with PredicateAbstractionRefinementStrategy strategy. (PredicateCPA:PredicateCPARefiner.<init>, INFO)

Starting analysis ... (CPAchecker.runAlgorithm, INFO)

Assuming external function ldv_initialize to be a constant function. (PredicateCPA:ExpressionToFormulaVisitor.visit, INFO)

Assuming external function rtc_update_irq to be a pure function. (PredicateCPA:ExpressionToFormulaVisitor.visit, INFO)

Assuming external function dev_get_drvdata to be a pure function. (PredicateCPA:ExpressionToFormulaVisitor.visit, INFO)

Assuming external function platform_get_irq_byname to be a pure function. (PredicateCPA:ExpressionToFormulaVisitor.visit, INFO)

Assuming external function devm_kzalloc to be a pure function. (PredicateCPA:ExpressionToFormulaVisitor.visit, INFO)

Assuming external function dev_set_drvdata to be a pure function. (PredicateCPA:ExpressionToFormulaVisitor.visit, INFO)

Assuming external function wm831x_reg_read to be a pure function. (PredicateCPA:ExpressionToFormulaVisitor.visit, INFO)

Assuming external function device_init_wakeup to be a pure function. (PredicateCPA:ExpressionToFormulaVisitor.visit, INFO)

Assuming external function rtc_device_register to be a pure function. (PredicateCPA:ExpressionToFormulaVisitor.visit, INFO)

Assuming external function request_threaded_irq to be a pure function. (PredicateCPA:ExpressionToFormulaVisitor.visit, INFO)

Assuming external function dev_err to be a pure function. (PredicateCPA:ExpressionToFormulaVisitor.visit, INFO)

Assuming external function ldv_check_return_value to be a pure function. (PredicateCPA:ExpressionToFormulaVisitor.visit, INFO)

Assuming external function wm831x_set_bits to be a pure function. (PredicateCPA:ExpressionToFormulaVisitor.visit, INFO)

Assuming external function rtc_tm_to_time to be a pure function. (PredicateCPA:ExpressionToFormulaVisitor.visit, INFO)

Assuming external function wm831x_reg_write to be a pure function. (PredicateCPA:ExpressionToFormulaVisitor.visit, INFO)

Assuming external function wm831x_bulk_read to be a pure function. (PredicateCPA:ExpressionToFormulaVisitor.visit, INFO)

Assuming external function rtc_time_to_tm to be a pure function. (PredicateCPA:ExpressionToFormulaVisitor.visit, INFO)

Assuming external function __dynamic_dev_dbg to be a pure function. (PredicateCPA:ExpressionToFormulaVisitor.visit, INFO)

Assuming external function msleep to be a pure function. (PredicateCPA:ExpressionToFormulaVisitor.visit, INFO)

Assuming external function memcmp to be a pure function. (PredicateCPA:ExpressionToFormulaVisitor.visit, INFO)

Assuming external function rtc_valid_tm to be a pure function. (PredicateCPA:ExpressionToFormulaVisitor.visit, INFO)

Stopping analysis ... (CPAchecker.runAlgorithm, INFO)

PredicateCPA statistics
-----------------------
Number of abstractions:            40 (1% of all post computations)
  Times abstraction was reused:    0
  Because of function entry/exit:  0 (0%)
  Because of loop head:            34 (85%)
  Because of join nodes:           0 (0%)
  Because of threshold:            0 (0%)
  Because of target state:         6 (15%)
  Times precision was empty:       12 (30%)
  Times precision was {false}:     6 (15%)
  Times result was cached:         12 (30%)
  Times cartesian abs was used:    0 (0%)
  Times boolean abs was used:      10 (25%)
  Times result was 'false':        3 (8%)
Number of strengthen sat checks:   0
Number of coverage checks:         408
  BDD entailment checks:           24
Number of SMT sat checks:          0
  trivial:                         0
  cached:                          0

Max ABE block size:                       125
Number of predicates discovered:          2
Number of abstraction locations:          4
Max number of predicates per location:    1
Avg number of predicates per location:    1
Total predicates per abstraction:         28
Max number of predicates per abstraction: 1
Avg number of predicates per abstraction: 1.75
Number of irrelevant predicates:          10 (36%)
Number of preds handled by boolean abs:   10 (36%)
  Total number of models for allsat:      10
  Max number of models for allsat:        1
  Avg number of models for allsat:        1.00

Time for post operator:                  0.486s
  Time for path formula creation:        0.465s
Time for strengthen operator:            0.018s
Time for prec operator:                  0.251s
  Time for abstraction:                  0.232s (Max:     0.060s, Count: 40)
    Boolean abstraction:                 0.084s
    Solving time:                        0.098s (Max:     0.034s)
    Model enumeration time:              0.013s
    Time for BDD construction:           0.005s (Max:     0.005s)
Time for merge operator:                 0.093s
Time for coverage check:                 0.000s
  Time for BDD entailment checks:        0.000s
Total time for SMT solver (w/o itp):     0.111s

Number of path formula cache hits:   2727 (57%)

Inside post operator:                  
  Inside path formula creation:        
    Time for path formula computation:     0.444s

Total number of created targets for pointer analysis: 4
   Number of created targets for uf: *unsigned_short_int is 5


Number of BDD nodes:                               202
Size of BDD node table:                            270749
Size of BDD cache:                                 27073
Size of BDD node cleanup queue:                           7 (count: 131, min: 0, max: 7, avg: 0.05)
Time for BDD node cleanup:                             0.000s
Time for BDD garbage collection:                       0.000s (in 0 runs)

PrecisionBootstrap statistics
-----------------------------
Init. function predicates:                         0
Init. global predicates:                           0
Init. location predicates:                         0

Invariant Generation statistics
-------------------------------

AutomatonAnalysis (SVCOMP) statistics
-------------------------------------
Number of states:                                  1
Total time for successor computation:                  0.095s
Automaton transfers with branching:                0
Automaton transfer successors:                         4658 (count: 4658, min: 1, max: 1, avg: 1.00) [1 x 4658]

CPA algorithm statistics
------------------------
Number of iterations:            1527
Max size of waitlist:            16
Average size of waitlist:        7
Number of computed successors:   1776
Max successors for one state:    2
Number of times merged:          192
Number of times stopped:         211
Number of times breaked:         3

Total time for CPA algorithm:         1.346s (Max:     0.647s)
  Time for choose from waitlist:      0.002s
  Time for precision adjustment:      0.327s
  Time for transfer relation:         0.820s
  Time for merge operator:            0.110s
  Time for stop operator:             0.006s
  Time for adding to reached set:     0.027s

Predicate-Abstraction Refiner statistics
----------------------------------------
Number of predicate refinements:                   3
Avg. length of target path (in blocks):                  10 (count: 3, min: 2, max: 4, avg: 3.33)
Number of infeasible sliced prefixes:                     0 (count: 0, min: 0, max: 0, avg: 0.00)

Time for refinement:                                   0.052s
  Counterexample analysis:                             0.032s (Max:     0.014s, Calls: 3)
    Refinement sat check:                              0.026s
    Interpolant computation:                           0.000s
  Path-formulas extraction:                            0.000s
  Error path post-processing:                          0.000s
  Predicate creation:                                  0.006s
  Precision update:                                    0.000s
  ARG update:                                          0.009s

Length of refined path (in blocks):                      10 (count: 3, min: 2, max: 4, avg: 3.33)
Number of affected states:                                7 (count: 3, min: 1, max: 3, avg: 2.33)
Length (states) of path with itp 'true':                  0 (count: 3, min: 0, max: 0, avg: 0.00)
Length (states) of path with itp non-trivial itp:         7 (count: 3, min: 1, max: 3, avg: 2.33)
Length (states) of path with itp 'false':                 0 (count: 3, min: 0, max: 0, avg: 0.00)
Different non-trivial interpolants along paths:           0 (count: 3, min: 0, max: 0, avg: 0.00)
Equal non-trivial interpolants along paths:               4 (count: 3, min: 0, max: 2, avg: 1.33)
Number of refs with location-based cutoff:                0

CEGAR algorithm statistics
--------------------------
Number of refinements:                3
Number of successful refinements:     3
Number of failed refinements:         0
Max. size of reached set before ref.: 523
Max. size of reached set after ref.:  3
Avg. size of reached set before ref.: 384.67
Avg. size of reached set after ref.:  3.00

Total time for CEGAR algorithm:       1.418s
Time for refinements:                 0.072s
Average time for refinement:          0.024s
Max time for refinement:              0.029s

Code Coverage
-----------------------------
  Function coverage:      0.625
  Visited lines:          1129
  Total lines:            1211
  Line coverage:          0.932
  Visited conditions:     108
  Total conditions:       128
  Condition coverage:     0.844

CPAchecker general statistics
-----------------------------
Number of program locations:     1424
Number of CFA edges:             1489
Number of relevant variables:    265
Number of functions:             32
Number of loops:                 3
Size of reached set:             418
  Number of reached locations:   333 (23%)
    Avg states per location:     1
    Max states per location:     4 (at node N73)
  Number of reached functions:   20 (63%)
  Number of partitions:          418
    Avg size of partitions:      1
    Max size of partitions:      1
  Number of target states:       0

Time for analysis setup:          2.706s
  Time for loading CPAs:          0.613s
  Time for loading parser:        0.504s
  Time for CFA construction:      1.513s
    Time for parsing file(s):     0.517s
    Time for AST to CFA:          0.438s
    Time for CFA sanity check:    0.111s
    Time for post-processing:     0.319s
      Time for var class.:        0.165s
Time for Analysis:                1.418s
CPU time for analysis:            1.430s
Time for analyzing result:        0.000s
Total time for CPAchecker:        4.127s
Total CPU time for CPAchecker:    4.130s
Time for statistics:              0.061s

Time for Garbage Collector:       0.098s (in 7 runs)
Garbage Collector(s) used:    Copy, MarkSweepCompact
Used heap memory:                 58MB (    56 MiB) max;     32MB (    31 MiB) avg;     64MB (    61 MiB) peak
Used non-heap memory:             35MB (    33 MiB) max;     26MB (    25 MiB) avg;     36MB (    34 MiB) peak
Allocated heap memory:           127MB (   121 MiB) max;    127MB (   121 MiB) avg
Allocated non-heap memory:        37MB (    35 MiB) max;     27MB (    26 MiB) avg
Total process virtual memory:   8133MB (  7757 MiB) max;   8077MB (  7703 MiB) avg

Verification result: TRUE. No property violation found by chosen configuration.
More details about the verification run can be found in the directory "./output".
