scripts/cpa.sh -Dy-MySearchStrategy-PredAbs-ABElf -heap 5600000000 -timelimit 900 -preprocess -stats -noout -setprop cpa.predicate.memoryAllocationsAlwaysSucceed=true -spec ../sv-benchmarks/c/ReachSafety.prp ../sv-benchmarks/c/product-lines/elevator_spec3_product30_true-unreach-call_true-termination.cil.c


--------------------------------------------------------------------------------


Running CPAchecker with Java heap of size 5600000000.
Running CPAchecker with default stack size (1024k). Specify a larger value with -stack if needed.
Running CPAchecker with the following extra VM options:  -Djava.io.tmpdir=/tmp/BenchExec_run_6ftbvp4x/tmp
Using the following resource limits: CPU-time limit of 900s (ResourceLimitChecker.fromConfiguration, INFO)

CPAchecker (unknown version) (OpenJDK 64-Bit Server VM 1.8.0_162) started (CPAchecker.run, INFO)

line 78: Dead code detected: return (retValue_acc); (CFACreationUtils.addEdgeToCFA, INFO)

line 117: Dead code detected: return (retValue_acc); (CFACreationUtils.addEdgeToCFA, INFO)

line 156: Dead code detected: return (retValue_acc); (CFACreationUtils.addEdgeToCFA, INFO)

line 515: Dead code detected: return (retValue_acc); (CFACreationUtils.addEdgeToCFA, INFO)

line 905: Dead code detected: return (retValue_acc); (CFACreationUtils.addEdgeToCFA, INFO)

line 1078: Dead code detected: return (retValue_acc); (CFACreationUtils.addEdgeToCFA, INFO)

line 1087: Dead code detected: return (retValue_acc); (CFACreationUtils.addEdgeToCFA, INFO)

line 1121: Dead code detected: return (retValue_acc); (CFACreationUtils.addEdgeToCFA, INFO)

line 1130: Dead code detected: return (retValue_acc); (CFACreationUtils.addEdgeToCFA, INFO)

line 1170: Dead code detected: return (retValue_acc); (CFACreationUtils.addEdgeToCFA, INFO)

line 1250: Dead code detected: return (retValue_acc); (CFACreationUtils.addEdgeToCFA, INFO)

line 1263: Dead code detected: return (retValue_acc); (CFACreationUtils.addEdgeToCFA, INFO)

line 1615: Dead code detected: return (retValue_acc); (CFACreationUtils.addEdgeToCFA, INFO)

line 1654: Dead code detected: return (retValue_acc); (CFACreationUtils.addEdgeToCFA, INFO)

line 1688: Dead code detected: return (retValue_acc); (CFACreationUtils.addEdgeToCFA, INFO)

line 1744: Dead code detected: return (retValue_acc); (CFACreationUtils.addEdgeToCFA, INFO)

line 1772: Dead code detected: return (retValue_acc); (CFACreationUtils.addEdgeToCFA, INFO)

line 1786: Dead code detected: return (retValue_acc); (CFACreationUtils.addEdgeToCFA, INFO)

line 2406: Dead code detected: return (retValue_acc); (CFACreationUtils.addEdgeToCFA, INFO)

line 2726: Dead code detected: return (retValue_acc); (CFACreationUtils.addEdgeToCFA, INFO)

line 2772: Dead code detected: return (retValue_acc); (CFACreationUtils.addEdgeToCFA, INFO)

line 2784: Dead code detected: return (retValue_acc); (CFACreationUtils.addEdgeToCFA, INFO)

line 2807: Dead code detected: return (retValue_acc); (CFACreationUtils.addEdgeToCFA, INFO)

line 2921: Dead code detected: return (retValue_acc); (CFACreationUtils.addEdgeToCFA, INFO)

line 3157: Dead code detected: return (retValue_acc); (CFACreationUtils.addEdgeToCFA, INFO)

line 3468: Dead code detected: return (retValue_acc); (CFACreationUtils.addEdgeToCFA, INFO)

line 2563: Function pointer *__cil_tmp10 with type int (*)(int, int) is called, but no possible target functions were found. (CFunctionPointerResolver.replaceFunctionPointerCall, WARNING)

MathSAT5 is available for research and evaluation purposes only. It can not be used in a commercial environment, particularly as part of a commercial product, without written permission. MathSAT5 is provided as is, without any warranty. Please write to mathsat@fbk.eu for additional questions regarding licensing MathSAT5 or obtaining more up-to-date versions. (PredicateCPA:JavaSMT:Mathsat5SolverContext.<init>, WARNING)

Using predicate analysis with MathSAT5 version 5.3.14 (0b98b661254c) (Nov 17 2016 10:59:45, gmp 5.1.3, gcc 4.8.5, 64-bit) and JFactory 1.21. (PredicateCPA:PredicateCPA.<init>, INFO)

Using refinement for predicate analysis with PredicateAbstractionRefinementStrategy strategy. (PredicateCPA:PredicateCPARefiner.<init>, INFO)

Starting analysis ... (CPAchecker.runAlgorithm, INFO)

Shutdown requested (The CPU-time limit of 900s has elapsed.), waiting for termination. (ForceTerminationOnShutdown$1.shutdownRequested, WARNING)

Warning: Analysis interrupted (The CPU-time limit of 900s has elapsed.) (ShutdownNotifier.shutdownIfNecessary, WARNING)

PredicateCPA statistics
-----------------------
Number of abstractions:            515202 (4% of all post computations)
  Times abstraction was reused:    0
  Because of function entry/exit:  514868 (100%)
  Because of loop head:            0 (0%)
  Because of join nodes:           0 (0%)
  Because of threshold:            0 (0%)
  Because of target state:         334 (0%)
  Times precision was empty:       101685 (20%)
  Times precision was {false}:     869 (0%)
  Times result was cached:         403694 (78%)
  Times cartesian abs was used:    0 (0%)
  Times boolean abs was used:      8954 (2%)
  Times result was 'false':        28455 (6%)
Number of strengthen sat checks:   0
Number of coverage checks:         6366125
  BDD entailment checks:           80959
Number of SMT sat checks:          0
  trivial:                         0
  cached:                          0

Max ABE block size:                       56
Number of predicates discovered:          46
Number of abstraction locations:          130
Max number of predicates per location:    24
Avg number of predicates per location:    10
Total predicates per abstraction:         2479181
Max number of predicates per abstraction: 24
Avg number of predicates per abstraction: 252.39
Number of irrelevant predicates:          1349279 (54%)
Number of preds handled by boolean abs:   97761 (4%)
  Total number of models for allsat:      34794
  Max number of models for allsat:        256
  Avg number of models for allsat:        3.89

Time for post operator:                281.762s
  Time for path formula creation:      274.568s
Time for strengthen operator:           12.693s
Time for prec operator:                170.636s
  Time for abstraction:                147.480s (Max:     3.640s, Count: 515202)
    Boolean abstraction:                17.164s
    Solving time:                       12.204s (Max:     0.097s)
    Model enumeration time:              2.865s
    Time for BDD construction:           1.143s (Max:     0.056s)
Time for merge operator:                69.261s
Time for coverage check:                 0.821s
  Time for BDD entailment checks:        0.147s
Total time for SMT solver (w/o itp):    15.069s

Number of path formula cache hits:   14299295 (83%)

Inside post operator:                  
  Inside path formula creation:        
    Time for path formula computation:   121.713s

Total number of created targets for pointer analysis: 0


Number of BDD nodes:                               80573
Size of BDD node table:                            270749
Size of BDD cache:                                 27073
Size of BDD node cleanup queue:                       41889 (count: 259654, min: 0, max: 2272, avg: 0.16)
Time for BDD node cleanup:                             0.067s
Time for BDD garbage collection:                       0.000s (in 0 runs)

PrecisionBootstrap statistics
-----------------------------
Init. function predicates:                         0
Init. global predicates:                           0
Init. location predicates:                         0

Invariant Generation statistics
-------------------------------

AutomatonAnalysis (SVCOMP) statistics
-------------------------------------
Number of states:                                  1
Total time for successor computation:                 20.840s
  Time for transition matches:                         9.999s
  Time for transition assertions:                      0.002s
  Time for transition actions:                         0.003s
Automaton transfers with branching:                0
Automaton transfer successors:                     14309630 (count: 14309630, min: 1, max: 1, avg: 1.00) [1 x 14309630]

CPA algorithm statistics
------------------------
Number of iterations:            10846569
Max size of waitlist:            38
Average size of waitlist:        19
Number of computed successors:   14071182
Max successors for one state:    2
Number of times merged:          3142583
Number of times stopped:         3194753
Number of times breaked:         334

Total time for CPA algorithm:       855.160s (Max:    15.355s)
  Time for choose from waitlist:      4.287s
  Time for precision adjustment:    265.119s
  Time for transfer relation:       419.084s
  Time for merge operator:          101.893s
  Time for stop operator:            15.472s
  Time for adding to reached set:    19.709s

Predicate-Abstraction Refiner statistics
----------------------------------------
Number of predicate refinements:                   334
Avg. length of target path (in blocks):               23680 (count: 334, min: 37, max: 141, avg: 70.90)
Number of infeasible sliced prefixes:                     0 (count: 0, min: 0, max: 0, avg: 0.00)

Time for refinement:                                  33.854s
  Counterexample analysis:                            10.924s (Max:     0.134s, Calls: 334)
    Refinement sat check:                              6.708s
    Interpolant computation:                           0.000s
  Path-formulas extraction:                            0.019s
  Error path post-processing:                          0.000s
  Predicate creation:                                  0.181s
  Precision update:                                    0.251s
  ARG update:                                         22.162s

Length of refined path (in blocks):                   19469 (count: 334, min: 30, max: 118, avg: 58.29)
Number of affected states:                            11211 (count: 334, min: 1, max: 100, avg: 33.57)
Length (states) of path with itp 'true':               7924 (count: 334, min: 0, max: 71, avg: 23.72)
Length (states) of path with itp non-trivial itp:     11211 (count: 334, min: 1, max: 100, avg: 33.57)
Length (states) of path with itp 'false':               334 (count: 334, min: 1, max: 1, avg: 1.00)
Different non-trivial interpolants along paths:         169 (count: 334, min: 0, max: 4, avg: 0.51)
Equal non-trivial interpolants along paths:           10708 (count: 334, min: 0, max: 96, avg: 32.06)
Number of refs with location-based cutoff:                0

CEGAR algorithm statistics
--------------------------
Number of refinements:                334
Number of successful refinements:     334
Number of failed refinements:         0
Max. size of reached set before ref.: 108340
Max. size of reached set after ref.:  40083
Avg. size of reached set before ref.: 32985.87
Avg. size of reached set after ref.:  569.61

Total time for CEGAR algorithm:     895.875s
Time for refinements:                40.546s
Average time for refinement:          0.121s
Max time for refinement:              0.732s

Code Coverage
-----------------------------
  Function coverage:      0.608
  Visited lines:          1013
  Total lines:            1755
  Line coverage:          0.577
  Visited conditions:     570
  Total conditions:       762
  Condition coverage:     0.748

CPAchecker general statistics
-----------------------------
Number of program locations:     2300
Number of CFA edges:             2809
Number of relevant variables:    317
Number of functions:             74
Number of loops:                 9
Size of reached set:             20943
  Number of reached locations:   1096 (48%)
    Avg states per location:     19
    Max states per location:     62 (at node N928)
  Number of reached functions:   45 (61%)
  Number of partitions:          20894
    Avg size of partitions:      1
    Max size of partitions:      4 (with key [N1558 (before line 2054), Function timeShift called from node N203, stack depth 5 [210fc061], stack [main, runTest, test, threeTS, timeShift]])
  Number of target states:       0
  Size of final wait list        20

Time for analysis setup:          4.377s
  Time for loading CPAs:          0.799s
  Time for loading parser:        0.798s
  Time for CFA construction:      2.558s
    Time for parsing file(s):     0.745s
    Time for AST to CFA:          0.708s
    Time for CFA sanity check:    0.270s
    Time for post-processing:     0.655s
      Time for var class.:        0.368s
Time for Analysis:              895.875s
CPU time for analysis:          895.820s
Total time for CPAchecker:      900.259s
Total CPU time for CPAchecker:  900.200s
Time for statistics:              0.462s

Time for Garbage Collector:      87.012s (in 779 runs)
Garbage Collector(s) used:    Copy, MarkSweepCompact
Used heap memory:               1881MB (  1794 MiB) max;    835MB (   797 MiB) avg;   1996MB (  1903 MiB) peak
Used non-heap memory:             36MB (    35 MiB) max;     36MB (    34 MiB) avg;     37MB (    35 MiB) peak
Allocated heap memory:          2373MB (  2263 MiB) max;   1247MB (  1189 MiB) avg
Allocated non-heap memory:        38MB (    36 MiB) max;     38MB (    36 MiB) avg
Total process virtual memory:   8222MB (  7841 MiB) max;   8134MB (  7757 MiB) avg

Verification result: UNKNOWN, incomplete analysis.
More details about the verification run can be found in the directory "./output".
