scripts/cpa.sh -Dy-MySearchStrategy-PredAbs-ABEl -heap 5600000000 -timelimit 900 -preprocess -stats -noout -setprop cpa.predicate.memoryAllocationsAlwaysSucceed=true -spec ../sv-benchmarks/c/ReachSafety.prp ../sv-benchmarks/c/product-lines/minepump_spec5_product46_true-unreach-call_false-termination.cil.c


--------------------------------------------------------------------------------


Running CPAchecker with Java heap of size 5600000000.
Running CPAchecker with default stack size (1024k). Specify a larger value with -stack if needed.
Running CPAchecker with the following extra VM options:  -Djava.io.tmpdir=/tmp/BenchExec_run_zr5ul57z/tmp
Using the following resource limits: CPU-time limit of 900s (ResourceLimitChecker.fromConfiguration, INFO)

CPAchecker (unknown version) (OpenJDK 64-Bit Server VM 1.8.0_162) started (CPAchecker.run, INFO)

line 193: Dead code detected: return (retValue_acc); (CFACreationUtils.addEdgeToCFA, INFO)

line 513: Dead code detected: return (retValue_acc); (CFACreationUtils.addEdgeToCFA, INFO)

line 559: Dead code detected: return (retValue_acc); (CFACreationUtils.addEdgeToCFA, INFO)

line 611: Dead code detected: return (retValue_acc); (CFACreationUtils.addEdgeToCFA, INFO)

line 643: Dead code detected: return (retValue_acc); (CFACreationUtils.addEdgeToCFA, INFO)

line 657: Dead code detected: return (retValue_acc); (CFACreationUtils.addEdgeToCFA, INFO)

line 669: Dead code detected: return (retValue_acc); (CFACreationUtils.addEdgeToCFA, INFO)

line 692: Dead code detected: return (retValue_acc); (CFACreationUtils.addEdgeToCFA, INFO)

line 838: Dead code detected: return (retValue_acc); (CFACreationUtils.addEdgeToCFA, INFO)

line 847: Dead code detected: return (retValue_acc); (CFACreationUtils.addEdgeToCFA, INFO)

line 902: Dead code detected: return (retValue_acc); (CFACreationUtils.addEdgeToCFA, INFO)

line 350: Function pointer *__cil_tmp10 with type int (*)(int, int) is called, but no possible target functions were found. (CFunctionPointerResolver.replaceFunctionPointerCall, WARNING)

MathSAT5 is available for research and evaluation purposes only. It can not be used in a commercial environment, particularly as part of a commercial product, without written permission. MathSAT5 is provided as is, without any warranty. Please write to mathsat@fbk.eu for additional questions regarding licensing MathSAT5 or obtaining more up-to-date versions. (PredicateCPA:JavaSMT:Mathsat5SolverContext.<init>, WARNING)

Using predicate analysis with MathSAT5 version 5.3.14 (0b98b661254c) (Nov 17 2016 10:59:45, gmp 5.1.3, gcc 4.8.5, 64-bit) and JFactory 1.21. (PredicateCPA:PredicateCPA.<init>, INFO)

Using refinement for predicate analysis with PredicateAbstractionRefinementStrategy strategy. (PredicateCPA:PredicateCPARefiner.<init>, INFO)

Starting analysis ... (CPAchecker.runAlgorithm, INFO)

Stopping analysis ... (CPAchecker.runAlgorithm, INFO)

PredicateCPA statistics
-----------------------
Number of abstractions:            41 (1% of all post computations)
  Times abstraction was reused:    0
  Because of function entry/exit:  0 (0%)
  Because of loop head:            21 (51%)
  Because of join nodes:           0 (0%)
  Because of threshold:            0 (0%)
  Because of target state:         20 (49%)
  Times precision was empty:       8 (20%)
  Times precision was {false}:     22 (54%)
  Times result was cached:         0 (0%)
  Times cartesian abs was used:    0 (0%)
  Times boolean abs was used:      11 (27%)
  Times result was 'false':        19 (46%)
Number of strengthen sat checks:   0
Number of coverage checks:         785
  BDD entailment checks:           13
Number of SMT sat checks:          0
  trivial:                         0
  cached:                          0

Max ABE block size:                       70
Number of predicates discovered:          9
Number of abstraction locations:          3
Max number of predicates per location:    8
Avg number of predicates per location:    3
Total predicates per abstraction:         95
Max number of predicates per abstraction: 8
Avg number of predicates per abstraction: 2.88
Number of irrelevant predicates:          22 (23%)
Number of preds handled by boolean abs:   73 (77%)
  Total number of models for allsat:      36
  Max number of models for allsat:        5
  Avg number of models for allsat:        3.27

Time for post operator:                  0.286s
  Time for path formula creation:        0.281s
Time for strengthen operator:            0.028s
Time for prec operator:                  0.332s
  Time for abstraction:                  0.314s (Max:     0.024s, Count: 41)
    Boolean abstraction:                 0.101s
    Solving time:                        0.103s (Max:     0.015s)
    Model enumeration time:              0.022s
    Time for BDD construction:           0.015s (Max:     0.006s)
Time for merge operator:                 0.032s
Time for coverage check:                 0.004s
  Time for BDD entailment checks:        0.001s
Total time for SMT solver (w/o itp):     0.125s

Number of path formula cache hits:   3624 (66%)

Inside post operator:                  
  Inside path formula creation:        
    Time for path formula computation:     0.260s

Total number of created targets for pointer analysis: 0


Number of BDD nodes:                               405
Size of BDD node table:                            270749
Size of BDD cache:                                 27073
Size of BDD node cleanup queue:                         164 (count: 324, min: 0, max: 164, avg: 0.51)
Time for BDD node cleanup:                             0.001s
Time for BDD garbage collection:                       0.000s (in 0 runs)

PrecisionBootstrap statistics
-----------------------------
Init. function predicates:                         0
Init. global predicates:                           0
Init. location predicates:                         0

Invariant Generation statistics
-------------------------------

AutomatonAnalysis (SVCOMP) statistics
-------------------------------------
Number of states:                                  1
Total time for successor computation:                  0.072s
Automaton transfers with branching:                0
Automaton transfer successors:                         5267 (count: 5267, min: 1, max: 1, avg: 1.00) [1 x 5267]

CPA algorithm statistics
------------------------
Number of iterations:            4076
Max size of waitlist:            10
Average size of waitlist:        5
Number of computed successors:   4501
Max successors for one state:    2
Number of times merged:          386
Number of times stopped:         388
Number of times breaked:         4

Total time for CPA algorithm:         1.358s (Max:     0.379s)
  Time for choose from waitlist:      0.010s
  Time for precision adjustment:      0.501s
  Time for transfer relation:         0.600s
  Time for merge operator:            0.085s
  Time for stop operator:             0.027s
  Time for adding to reached set:     0.023s

Predicate-Abstraction Refiner statistics
----------------------------------------
Number of predicate refinements:                   4
Avg. length of target path (in blocks):                  12 (count: 4, min: 2, max: 5, avg: 3.00)
Number of infeasible sliced prefixes:                     0 (count: 0, min: 0, max: 0, avg: 0.00)

Time for refinement:                                   0.094s
  Counterexample analysis:                             0.063s (Max:     0.024s, Calls: 4)
    Refinement sat check:                              0.042s
    Interpolant computation:                           0.000s
  Path-formulas extraction:                            0.000s
  Error path post-processing:                          0.000s
  Predicate creation:                                  0.009s
  Precision update:                                    0.003s
  ARG update:                                          0.015s

Length of refined path (in blocks):                      11 (count: 4, min: 2, max: 4, avg: 2.75)
Number of affected states:                                7 (count: 4, min: 1, max: 3, avg: 1.75)
Length (states) of path with itp 'true':                  0 (count: 4, min: 0, max: 0, avg: 0.00)
Length (states) of path with itp non-trivial itp:         7 (count: 4, min: 1, max: 3, avg: 1.75)
Length (states) of path with itp 'false':                 1 (count: 4, min: 0, max: 1, avg: 0.25)
Different non-trivial interpolants along paths:           2 (count: 4, min: 0, max: 1, avg: 0.50)
Equal non-trivial interpolants along paths:               1 (count: 4, min: 0, max: 1, avg: 0.25)
Number of refs with location-based cutoff:                0

CEGAR algorithm statistics
--------------------------
Number of refinements:                4
Number of successful refinements:     4
Number of failed refinements:         0
Max. size of reached set before ref.: 1453
Max. size of reached set after ref.:  32
Avg. size of reached set before ref.: 740.25
Avg. size of reached set after ref.:  32.00

Total time for CEGAR algorithm:       1.480s
Time for refinements:                 0.121s
Average time for refinement:          0.030s
Max time for refinement:              0.044s

Code Coverage
-----------------------------
  Function coverage:      0.744
  Visited lines:          144
  Total lines:            442
  Line coverage:          0.326
  Visited conditions:     42
  Total conditions:       74
  Condition coverage:     0.568

CPAchecker general statistics
-----------------------------
Number of program locations:     638
Number of CFA edges:             689
Number of relevant variables:    116
Number of functions:             39
Number of loops:                 5
Size of reached set:             1262
  Number of reached locations:   194 (30%)
    Avg states per location:     6
    Max states per location:     24 (at node N501)
  Number of reached functions:   29 (74%)
  Number of partitions:          1260
    Avg size of partitions:      1
    Max size of partitions:      3 (with key [N617 (before lines 924-971), Function test called from node N75, stack depth 3 [5026735c], stack [main, runTest, test]])
  Number of target states:       0

Time for analysis setup:          2.168s
  Time for loading CPAs:          0.647s
  Time for loading parser:        0.504s
  Time for CFA construction:      0.919s
    Time for parsing file(s):     0.335s
    Time for AST to CFA:          0.206s
    Time for CFA sanity check:    0.049s
    Time for post-processing:     0.205s
      Time for var class.:        0.094s
Time for Analysis:                1.480s
CPU time for analysis:            1.480s
Time for analyzing result:        0.001s
Total time for CPAchecker:        3.682s
Total CPU time for CPAchecker:    3.680s
Time for statistics:              0.079s

Time for Garbage Collector:       0.096s (in 6 runs)
Garbage Collector(s) used:    Copy, MarkSweepCompact
Used heap memory:                 57MB (    54 MiB) max;     32MB (    31 MiB) avg;     62MB (    59 MiB) peak
Used non-heap memory:             32MB (    31 MiB) max;     25MB (    24 MiB) avg;     34MB (    33 MiB) peak
Allocated heap memory:           127MB (   121 MiB) max;    127MB (   121 MiB) avg
Allocated non-heap memory:        35MB (    33 MiB) max;     27MB (    25 MiB) avg
Total process virtual memory:   8134MB (  7758 MiB) max;   8075MB (  7701 MiB) avg

Verification result: TRUE. No property violation found by chosen configuration.
More details about the verification run can be found in the directory "./output".
