scripts/cpa.sh -Dy-MySearchStrategy-PredAbs-ABElf -heap 5600000000 -timelimit 900 -preprocess -stats -noout -setprop cpa.predicate.memoryAllocationsAlwaysSucceed=true -spec ../sv-benchmarks/c/ReachSafety.prp ../sv-benchmarks/c/ldv-linux-3.16-rc1/43_2a_consumption_linux-3.16-rc1.tar.xz-43_2a-drivers--scsi--vmw_pvscsi.ko-entry_point_true-unreach-call.cil.out.c


--------------------------------------------------------------------------------


Running CPAchecker with Java heap of size 5600000000.
Running CPAchecker with default stack size (1024k). Specify a larger value with -stack if needed.
Running CPAchecker with the following extra VM options:  -Djava.io.tmpdir=/tmp/BenchExec_run_cy6sw81f/tmp
Using the following resource limits: CPU-time limit of 900s (ResourceLimitChecker.fromConfiguration, INFO)

CPAchecker (unknown version) (OpenJDK 64-Bit Server VM 1.8.0_162) started (CPAchecker.run, INFO)

lines 6181-6196: Dead code detected: switch (4UL) (CFACreationUtils.addEdgeToCFA, INFO)

line 6183: Dead code detected: __asm__ ("movb %%gs:%P1,%0": "=q" (pfo_ret__): "m" (cpu_number)); (CFACreationUtils.addEdgeToCFA, INFO)

line 6186: Dead code detected: __asm__ ("movw %%gs:%P1,%0": "=r" (pfo_ret__): "m" (cpu_number)); (CFACreationUtils.addEdgeToCFA, INFO)

line 6188: Dead code detected:  (CFACreationUtils.addEdgeToCFA, INFO)

line 6192: Dead code detected: __asm__ ("movq %%gs:%P1,%0": "=r" (pfo_ret__): "m" (cpu_number)); (CFACreationUtils.addEdgeToCFA, INFO)

none: Dead code detected: switch (4UL) {
  case 1UL:
  __asm__ ("movb %%gs:%P1,%0": "=q" (pfo_ret__): "m" (cpu_number));
  goto ldv_36205;
  case 2UL:
  __asm__ ("movw %%gs:%P1,%0": "=r" (pfo_ret__): "m" (cpu_number));
  goto ldv_36205;
  case 4UL:
  __asm__ ("movl %%gs:%P1,%0": "=r" (pfo_ret__): "m" (cpu_number));
  goto ldv_36205;
  case 8UL:
  __asm__ ("movq %%gs:%P1,%0": "=r" (pfo_ret__): "m" (cpu_number));
  goto ldv_36205;
  default:
  __bad_percpu_size();
  } (CFACreationUtils.addEdgeToCFA, INFO)

lines 6201-6216: Dead code detected: switch (4UL) (CFACreationUtils.addEdgeToCFA, INFO)

line 6203: Dead code detected: __asm__ ("movb %%gs:%P1,%0": "=q" (pfo_ret_____0): "m" (cpu_number)); (CFACreationUtils.addEdgeToCFA, INFO)

line 6206: Dead code detected: __asm__ ("movw %%gs:%P1,%0": "=r" (pfo_ret_____0): "m" (cpu_number)); (CFACreationUtils.addEdgeToCFA, INFO)

line 6208: Dead code detected:  (CFACreationUtils.addEdgeToCFA, INFO)

line 6212: Dead code detected: __asm__ ("movq %%gs:%P1,%0": "=r" (pfo_ret_____0): "m" (cpu_number)); (CFACreationUtils.addEdgeToCFA, INFO)

none: Dead code detected: switch (4UL) {
  case 1UL:
  __asm__ ("movb %%gs:%P1,%0": "=q" (pfo_ret_____0): "m" (cpu_number));
  goto ldv_36215;
  case 2UL:
  __asm__ ("movw %%gs:%P1,%0": "=r" (pfo_ret_____0): "m" (cpu_number));
  goto ldv_36215;
  case 4UL:
  __asm__ ("movl %%gs:%P1,%0": "=r" (pfo_ret_____0): "m" (cpu_number));
  goto ldv_36215;
  case 8UL:
  __asm__ ("movq %%gs:%P1,%0": "=r" (pfo_ret_____0): "m" (cpu_number));
  goto ldv_36215;
  default:
  __bad_percpu_size();
  } (CFACreationUtils.addEdgeToCFA, INFO)

line 6223: Dead code detected: __asm__ ("movb %%gs:%P1,%0": "=q" (pfo_ret_____1): "m" (cpu_number)); (CFACreationUtils.addEdgeToCFA, INFO)

line 6226: Dead code detected: __asm__ ("movw %%gs:%P1,%0": "=r" (pfo_ret_____1): "m" (cpu_number)); (CFACreationUtils.addEdgeToCFA, INFO)

line 6232: Dead code detected: __asm__ ("movq %%gs:%P1,%0": "=r" (pfo_ret_____1): "m" (cpu_number)); (CFACreationUtils.addEdgeToCFA, INFO)

none: Dead code detected: switch (4UL) {
  case 1UL:
  __asm__ ("movb %%gs:%P1,%0": "=q" (pfo_ret_____1): "m" (cpu_number));
  goto ldv_36224;
  case 2UL:
  __asm__ ("movw %%gs:%P1,%0": "=r" (pfo_ret_____1): "m" (cpu_number));
  goto ldv_36224;
  case 4UL:
  __asm__ ("movl %%gs:%P1,%0": "=r" (pfo_ret_____1): "m" (cpu_number));
  goto ldv_36224;
  case 8UL:
  __asm__ ("movq %%gs:%P1,%0": "=r" (pfo_ret_____1): "m" (cpu_number));
  goto ldv_36224;
  default:
  __bad_percpu_size();
  } (CFACreationUtils.addEdgeToCFA, INFO)

lines 6241-6256: Dead code detected: switch (4UL) (CFACreationUtils.addEdgeToCFA, INFO)

line 6243: Dead code detected: __asm__ ("movb %%gs:%P1,%0": "=q" (pfo_ret_____2): "m" (cpu_number)); (CFACreationUtils.addEdgeToCFA, INFO)

line 6246: Dead code detected: __asm__ ("movw %%gs:%P1,%0": "=r" (pfo_ret_____2): "m" (cpu_number)); (CFACreationUtils.addEdgeToCFA, INFO)

line 6248: Dead code detected:  (CFACreationUtils.addEdgeToCFA, INFO)

line 6252: Dead code detected: __asm__ ("movq %%gs:%P1,%0": "=r" (pfo_ret_____2): "m" (cpu_number)); (CFACreationUtils.addEdgeToCFA, INFO)

none: Dead code detected: switch (4UL) {
  case 1UL:
  __asm__ ("movb %%gs:%P1,%0": "=q" (pfo_ret_____2): "m" (cpu_number));
  goto ldv_36233;
  case 2UL:
  __asm__ ("movw %%gs:%P1,%0": "=r" (pfo_ret_____2): "m" (cpu_number));
  goto ldv_36233;
  case 4UL:
  __asm__ ("movl %%gs:%P1,%0": "=r" (pfo_ret_____2): "m" (cpu_number));
  goto ldv_36233;
  case 8UL:
  __asm__ ("movq %%gs:%P1,%0": "=r" (pfo_ret_____2): "m" (cpu_number));
  goto ldv_36233;
  default:
  __bad_percpu_size();
  } (CFACreationUtils.addEdgeToCFA, INFO)

none: Dead code detected: switch (4UL) {
  case 1UL: ;
  switch (4UL) {
  case 1UL:
  __asm__ ("movb %%gs:%P1,%0": "=q" (pfo_ret__): "m" (cpu_number));
  goto ldv_36205;
  case 2UL:
  __asm__ ("movw %%gs:%P1,%0": "=r" (pfo_ret__): "m" (cpu_number));
  goto ldv_36205;
  case 4UL:
  __asm__ ("movl %%gs:%P1,%0": "=r" (pfo_ret__): "m" (cpu_number));
  goto ldv_36205;
  case 8UL:
  __asm__ ("movq %%gs:%P1,%0": "=r" (pfo_ret__): "m" (cpu_number));
  goto ldv_36205;
  default:
  __bad_percpu_size();
  }
  ldv_36205:
  pscr_ret__ = pfo_ret__;
  goto ldv_36211;
  case 2UL: ;
  switch (4UL) {
  case 1UL:
  __asm__ ("movb %%gs:%P1,%0": "=q" (pfo_ret_____0): "m" (cpu_number));
  goto ldv_36215;
  case 2UL:
  __asm__ ("movw %%gs:%P1,%0": "=r" (pfo_ret_____0): "m" (cpu_number));
  goto ldv_36215;
  case 4UL:
  __asm__ ("movl %%gs:%P1,%0": "=r" (pfo_ret_____0): "m" (cpu_number));
  goto ldv_36215;
  case 8UL:
  __asm__ ("movq %%gs:%P1,%0": "=r" (pfo_ret_____0): "m" (cpu_number));
  goto ldv_36215;
  default:
  __bad_percpu_size();
  }
  ldv_36215:
  pscr_ret__ = pfo_ret_____0;
  goto ldv_36211;
  case 4UL: ;
  switch (4UL) {
  case 1UL:
  __asm__ ("movb %%gs:%P1,%0": "=q" (pfo_ret_____1): "m" (cpu_number));
  goto ldv_36224;
  case 2UL:
  __asm__ ("movw %%gs:%P1,%0": "=r" (pfo_ret_____1): "m" (cpu_number));
  goto ldv_36224;
  case 4UL:
  __asm__ ("movl %%gs:%P1,%0": "=r" (pfo_ret_____1): "m" (cpu_number));
  goto ldv_36224;
  case 8UL:
  __asm__ ("movq %%gs:%P1,%0": "=r" (pfo_ret_____1): "m" (cpu_number));
  goto ldv_36224;
  default:
  __bad_percpu_size();
  }
  ldv_36224:
  pscr_ret__ = pfo_ret_____1;
  goto ldv_36211;
  case 8UL: ;
  switch (4UL) {
  case 1UL:
  __asm__ ("movb %%gs:%P1,%0": "=q" (pfo_ret_____2): "m" (cpu_number));
  goto ldv_36233;
  case 2UL:
  __asm__ ("movw %%gs:%P1,%0": "=r" (pfo_ret_____2): "m" (cpu_number));
  goto ldv_36233;
  case 4UL:
  __asm__ ("movl %%gs:%P1,%0": "=r" (pfo_ret_____2): "m" (cpu_number));
  goto ldv_36233;
  case 8UL:
  __asm__ ("movq %%gs:%P1,%0": "=r" (pfo_ret_____2): "m" (cpu_number));
  goto ldv_36233;
  default:
  __bad_percpu_size();
  }
  ldv_36233:
  pscr_ret__ = pfo_ret_____2;
  goto ldv_36211;
  default:
  __bad_size_call_parameter();
  goto ldv_36211;
  } (CFACreationUtils.addEdgeToCFA, INFO)

Inline assembler ignored, analysis is probably unsound! (CFABuilder.createCFA, WARNING)

line 5050: Function pointer *(ops->alloc) with type void *(*)(struct device *, size_t , dma_addr_t *, gfp_t , struct dma_attrs *) is called, but no possible target functions were found. (CFunctionPointerResolver.replaceFunctionPointerCall, WARNING)

line 5082: Function pointer *(ops->free) with type void (*)(struct device *, size_t , void *, dma_addr_t , struct dma_attrs *) is called, but no possible target functions were found. (CFunctionPointerResolver.replaceFunctionPointerCall, WARNING)

lines 4938-4939: Function pointer *(ops->map_page) with type dma_addr_t (*)(struct device *, struct page *, unsigned long, size_t , enum dma_data_direction , struct dma_attrs *) is called, but no possible target functions were found. (CFunctionPointerResolver.replaceFunctionPointerCall, WARNING)

line 4972: Function pointer *(ops->unmap_page) with type void (*)(struct device *, dma_addr_t , size_t , enum dma_data_direction , struct dma_attrs *) is called, but no possible target functions were found. (CFunctionPointerResolver.replaceFunctionPointerCall, WARNING)

line 6428: Function pointer *(cmd->scsi_done) with type void (*)(struct scsi_cmnd *) is called, but no possible target functions were found. (CFunctionPointerResolver.replaceFunctionPointerCall, WARNING)

line 6099: Function pointer *(cmd->scsi_done) with type void (*)(struct scsi_cmnd *) is called, but no possible target functions were found. (CFunctionPointerResolver.replaceFunctionPointerCall, WARNING)

line 6457: Function pointer *(cmd->scsi_done) with type void (*)(struct scsi_cmnd *) is called, but no possible target functions were found. (CFunctionPointerResolver.replaceFunctionPointerCall, WARNING)

MathSAT5 is available for research and evaluation purposes only. It can not be used in a commercial environment, particularly as part of a commercial product, without written permission. MathSAT5 is provided as is, without any warranty. Please write to mathsat@fbk.eu for additional questions regarding licensing MathSAT5 or obtaining more up-to-date versions. (PredicateCPA:JavaSMT:Mathsat5SolverContext.<init>, WARNING)

Using predicate analysis with MathSAT5 version 5.3.14 (0b98b661254c) (Nov 17 2016 10:59:45, gmp 5.1.3, gcc 4.8.5, 64-bit) and JFactory 1.21. (PredicateCPA:PredicateCPA.<init>, INFO)

Using refinement for predicate analysis with PredicateAbstractionRefinementStrategy strategy. (PredicateCPA:PredicateCPARefiner.<init>, INFO)

Starting analysis ... (CPAchecker.runAlgorithm, INFO)

line 7546: Destroying the void* pointer ldv_zalloc::tmp produces garbage or the memory pointed by it is unused: tmp___2 = ldv_zalloc(32UL); (PredicateCPA:DynamicMemoryHandler.handleDeferredAllocationInFunctionExit, WARNING)

Assuming external function ldv_initialize to be a constant function. (PredicateCPA:ExpressionToFormulaVisitor.visit, INFO)

Assuming external function pci_enable_device to be a pure function. (PredicateCPA:ExpressionToFormulaVisitor.visit, INFO)

Assuming external function __pci_register_driver to be a pure function. (PredicateCPA:ExpressionToFormulaVisitor.visit, INFO)

Assuming external function ldv_check_final_state to be a constant function. (PredicateCPA:ExpressionToFormulaVisitor.visit, INFO)

Assuming external function pci_unregister_driver to be a pure function. (PredicateCPA:ExpressionToFormulaVisitor.visit, INFO)

Assuming external function dma_set_mask to be a pure function. (PredicateCPA:ExpressionToFormulaVisitor.visit, INFO)

Assuming external function dev_printk to be a pure function. (PredicateCPA:ExpressionToFormulaVisitor.visit, INFO)

Assuming external function scsi_cmd_get_serial to be a pure function. (PredicateCPA:ExpressionToFormulaVisitor.visit, INFO)

Assuming external function scsi_adjust_queue_depth to be a pure function. (PredicateCPA:ExpressionToFormulaVisitor.visit, INFO)

Assuming external function pci_disable_device to be a pure function. (PredicateCPA:ExpressionToFormulaVisitor.visit, INFO)

Assuming external function __init_waitqueue_head to be a pure function. (PredicateCPA:ExpressionToFormulaVisitor.visit, INFO)

Assuming external function scsi_dma_unmap to be a pure function. (PredicateCPA:ExpressionToFormulaVisitor.visit, INFO)

Assuming external function __list_add to be a pure function. (PredicateCPA:ExpressionToFormulaVisitor.visit, INFO)

Assuming external function complete to be a pure function. (PredicateCPA:ExpressionToFormulaVisitor.visit, INFO)

Assuming external function __dynamic_dev_dbg to be a pure function. (PredicateCPA:ExpressionToFormulaVisitor.visit, INFO)

line 6099: Ignoring function call through function pointer *(cmd->scsi_done): (*(cmd->scsi_done))(cmd); (PredicateCPA:ExpressionToFormulaVisitor.visit, WARNING)

line 4972: Ignoring function call through function pointer *(ops->unmap_page): (*(ops->unmap_page))(dev, addr, size, dir, attrs); (PredicateCPA:ExpressionToFormulaVisitor.visit, WARNING)

Assuming external function debug_dma_unmap_page to be a pure function. (PredicateCPA:ExpressionToFormulaVisitor.visit, INFO)

Assuming external function _raw_spin_unlock_irqrestore to be a pure function. (PredicateCPA:ExpressionToFormulaVisitor.visit, INFO)

Assuming external function wait_for_completion_timeout to be a pure function. (PredicateCPA:ExpressionToFormulaVisitor.visit, INFO)

Assuming external function completion_done to be a pure function. (PredicateCPA:ExpressionToFormulaVisitor.visit, INFO)

line 6428: Ignoring function call through function pointer *(cmd->scsi_done): (*(cmd->scsi_done))(cmd); (PredicateCPA:ExpressionToFormulaVisitor.visit, WARNING)

Assuming external function scsi_remove_host to be a pure function. (PredicateCPA:ExpressionToFormulaVisitor.visit, INFO)

Assuming external function dma_supported to be a pure function. (PredicateCPA:ExpressionToFormulaVisitor.visit, INFO)

Assuming external function memset to be a pure function. (PredicateCPA:ExpressionToFormulaVisitor.visit, INFO)

Assuming external function pci_request_regions to be a pure function. (PredicateCPA:ExpressionToFormulaVisitor.visit, INFO)

Assuming external function pci_iomap to be a pure function. (PredicateCPA:ExpressionToFormulaVisitor.visit, INFO)

Assuming external function pci_set_master to be a pure function. (PredicateCPA:ExpressionToFormulaVisitor.visit, INFO)

Assuming external function pci_disable_msi to be a pure function. (PredicateCPA:ExpressionToFormulaVisitor.visit, INFO)

Assuming external function pci_disable_msix to be a pure function. (PredicateCPA:ExpressionToFormulaVisitor.visit, INFO)

Assuming external function destroy_workqueue to be a pure function. (PredicateCPA:ExpressionToFormulaVisitor.visit, INFO)

Assuming external function pci_iounmap to be a pure function. (PredicateCPA:ExpressionToFormulaVisitor.visit, INFO)

Assuming external function pci_release_regions to be a pure function. (PredicateCPA:ExpressionToFormulaVisitor.visit, INFO)

Assuming external function free_pages to be a pure function. (PredicateCPA:ExpressionToFormulaVisitor.visit, INFO)

Assuming external function free_irq to be a pure function. (PredicateCPA:ExpressionToFormulaVisitor.visit, INFO)

Assuming external function dev_warn to be a pure function. (PredicateCPA:ExpressionToFormulaVisitor.visit, INFO)

Assuming external function scsi_host_alloc to be a pure function. (PredicateCPA:ExpressionToFormulaVisitor.visit, INFO)

Assuming external function __raw_spin_lock_init to be a pure function. (PredicateCPA:ExpressionToFormulaVisitor.visit, INFO)

Assuming external function snprintf to be a pure function. (PredicateCPA:ExpressionToFormulaVisitor.visit, INFO)

Assuming external function __alloc_workqueue_key to be a pure function. (PredicateCPA:ExpressionToFormulaVisitor.visit, INFO)

Assuming external function __init_work to be a pure function. (PredicateCPA:ExpressionToFormulaVisitor.visit, INFO)

Assuming external function lockdep_init_map to be a pure function. (PredicateCPA:ExpressionToFormulaVisitor.visit, INFO)

line 5050: Ignoring function call through function pointer *(ops->alloc): memory = (*(ops->alloc))(dev, size, dma_handle, tmp___1, attrs); (PredicateCPA:ExpressionToFormulaVisitor.visit, WARNING)

Assuming external function debug_dma_alloc_coherent to be a pure function. (PredicateCPA:ExpressionToFormulaVisitor.visit, INFO)

Assuming external function scsi_host_put to be a pure function. (PredicateCPA:ExpressionToFormulaVisitor.visit, INFO)

Assuming external function __get_free_pages to be a pure function. (PredicateCPA:ExpressionToFormulaVisitor.visit, INFO)

Assuming external function pci_enable_msix to be a pure function. (PredicateCPA:ExpressionToFormulaVisitor.visit, INFO)

Assuming external function pci_enable_msi_range to be a pure function. (PredicateCPA:ExpressionToFormulaVisitor.visit, INFO)

Assuming external function request_threaded_irq to be a pure function. (PredicateCPA:ExpressionToFormulaVisitor.visit, INFO)

Assuming external function scsi_add_host_with_dma to be a pure function. (PredicateCPA:ExpressionToFormulaVisitor.visit, INFO)

Assuming external function _dev_info to be a pure function. (PredicateCPA:ExpressionToFormulaVisitor.visit, INFO)

Assuming external function scsi_scan_host to be a pure function. (PredicateCPA:ExpressionToFormulaVisitor.visit, INFO)

Assuming external function warn_slowpath_null to be a pure function. (PredicateCPA:ExpressionToFormulaVisitor.visit, INFO)

Assuming external function debug_dma_free_coherent to be a pure function. (PredicateCPA:ExpressionToFormulaVisitor.visit, INFO)

line 5082: Ignoring function call through function pointer *(ops->free): (*(ops->free))(dev, size, vaddr, bus, attrs); (PredicateCPA:ExpressionToFormulaVisitor.visit, WARNING)

Assuming external function flush_workqueue to be a pure function. (PredicateCPA:ExpressionToFormulaVisitor.visit, INFO)

Assuming external function list_del to be a pure function. (PredicateCPA:ExpressionToFormulaVisitor.visit, INFO)

line 6457: Ignoring function call through function pointer *(cmd->scsi_done): (*(cmd->scsi_done))(cmd); (PredicateCPA:ExpressionToFormulaVisitor.visit, WARNING)

Assuming external function scsi_dma_map to be a pure function. (PredicateCPA:ExpressionToFormulaVisitor.visit, INFO)

Assuming external function __phys_addr to be a pure function. (PredicateCPA:ExpressionToFormulaVisitor.visit, INFO)

lines 4938-4939: Ignoring function call through function pointer *(ops->map_page): addr = (*(ops->map_page))(dev, ((struct page *)0L) + (tmp___2 >> 12), ((unsigned long)ptr) & 4095UL, size, dir, attrs); (PredicateCPA:ExpressionToFormulaVisitor.visit, WARNING)

Assuming external function debug_dma_map_page to be a pure function. (PredicateCPA:ExpressionToFormulaVisitor.visit, INFO)

Stopping analysis ... (CPAchecker.runAlgorithm, INFO)

PredicateCPA statistics
-----------------------
Number of abstractions:            1390319 (18% of all post computations)
  Times abstraction was reused:    0
  Because of function entry/exit:  1247411 (90%)
  Because of loop head:            141849 (10%)
  Because of join nodes:           0 (0%)
  Because of threshold:            0 (0%)
  Because of target state:         1059 (0%)
  Times precision was empty:       231396 (17%)
  Times precision was {false}:     3119 (0%)
  Times result was cached:         1153094 (83%)
  Times cartesian abs was used:    0 (0%)
  Times boolean abs was used:      2710 (0%)
  Times result was 'false':        15209 (1%)
Number of strengthen sat checks:   0
Number of coverage checks:         1248512
  BDD entailment checks:           268232
Number of SMT sat checks:          0
  trivial:                         0
  cached:                          0

Max ABE block size:                       51
Number of predicates discovered:          7
Number of abstraction locations:          274
Max number of predicates per location:    6
Avg number of predicates per location:    2
Total predicates per abstraction:         2932572
Max number of predicates per abstraction: 6
Avg number of predicates per abstraction: 503.10
Number of irrelevant predicates:          2512996 (86%)
Number of preds handled by boolean abs:   3588 (0%)
  Total number of models for allsat:      2782
  Max number of models for allsat:        4
  Avg number of models for allsat:        1.03

Time for post operator:                 62.756s
  Time for path formula creation:       58.732s
Time for strengthen operator:            6.401s
Time for prec operator:                130.962s
  Time for abstraction:                113.805s (Max:     1.142s, Count: 1390319)
    Boolean abstraction:                 2.449s
    Solving time:                        4.217s (Max:     0.018s)
    Model enumeration time:              0.223s
    Time for BDD construction:           0.100s (Max:     0.008s)
Time for merge operator:                 4.882s
Time for coverage check:                 0.417s
  Time for BDD entailment checks:        0.267s
Total time for SMT solver (w/o itp):     4.440s

Number of path formula cache hits:   8821340 (94%)

Inside post operator:                  
  Inside path formula creation:        
    Time for path formula computation:    30.845s

Total number of created targets for pointer analysis: 29576
   Number of created targets for uf: *(struct_pvscsi_ctx)* is 17
   Number of created targets for uf: *(void)* is 228
   Number of created targets for uf: *(struct_pci_dev)* is 229
   Number of created targets for uf: *(struct_PVSCSIRingsState)* is 189
   Number of created targets for uf: *(struct_Scsi_Host)* is 286
   Number of created targets for uf: *(struct_PVSCSIRingMsgDesc)* is 16
   Number of created targets for uf: *(struct_PVSCSIRingReqDesc)* is 16
   Number of created targets for uf: *signed_int is 56
   Number of created targets for uf: *(char)* is 221
   Number of created targets for uf: *(struct_PVSCSIRingCmpDesc)* is 16
   Number of created targets for uf: *(struct_list_head)* is 155
   Number of created targets for uf: *_Bool is 5
   Number of created targets for uf: *(struct_workqueue_struct)* is 173
   Number of created targets for uf: *unsigned_long_long_int is 75
   Number of created targets for uf: *char is 41
   Number of created targets for uf: *unsigned_int is 80


Number of BDD nodes:                               272
Size of BDD node table:                            270749
Size of BDD cache:                                 27073
Size of BDD node cleanup queue:                        5407 (count: 534128, min: 0, max: 226, avg: 0.01)
Time for BDD node cleanup:                             0.104s
Time for BDD garbage collection:                       0.000s (in 0 runs)

PrecisionBootstrap statistics
-----------------------------
Init. function predicates:                         0
Init. global predicates:                           0
Init. location predicates:                         0

Invariant Generation statistics
-------------------------------

AutomatonAnalysis (SVCOMP) statistics
-------------------------------------
Number of states:                                  1
Total time for successor computation:                 10.518s
  Time for transition matches:                         6.230s
  Time for transition assertions:                      0.001s
  Time for transition actions:                         0.004s
Automaton transfers with branching:                0
Automaton transfer successors:                      7675573 (count: 7675573, min: 1, max: 1, avg: 1.00) [1 x 7675573]

CPA algorithm statistics
------------------------
Number of iterations:            4986105
Max size of waitlist:            246
Average size of waitlist:        136
Number of computed successors:   5724136
Max successors for one state:    2
Number of times merged:          490140
Number of times stopped:         634486
Number of times breaked:         1059

Total time for CPA algorithm:       345.698s (Max:     4.076s)
  Time for choose from waitlist:      2.198s
  Time for precision adjustment:    168.739s
  Time for transfer relation:       133.809s
  Time for merge operator:           10.666s
  Time for stop operator:             6.634s
  Time for adding to reached set:     8.916s

Predicate-Abstraction Refiner statistics
----------------------------------------
Number of predicate refinements:                   1059
Avg. length of target path (in blocks):              157496 (count: 1059, min: 77, max: 209, avg: 148.72)
Number of infeasible sliced prefixes:                     0 (count: 0, min: 0, max: 0, avg: 0.00)

Time for refinement:                                  86.875s
  Counterexample analysis:                            75.564s (Max:     0.214s, Calls: 1059)
    Refinement sat check:                             44.293s
    Interpolant computation:                           0.000s
  Path-formulas extraction:                            0.112s
  Error path post-processing:                          0.000s
  Predicate creation:                                  0.579s
  Precision update:                                    0.749s
  ARG update:                                          9.046s

Length of refined path (in blocks):                  143186 (count: 1059, min: 6, max: 208, avg: 135.21)
Number of affected states:                            91558 (count: 1059, min: 1, max: 205, avg: 86.46)
Length (states) of path with itp 'true':              50569 (count: 1059, min: 0, max: 95, avg: 47.75)
Length (states) of path with itp non-trivial itp:     91558 (count: 1059, min: 1, max: 205, avg: 86.46)
Length (states) of path with itp 'false':              1059 (count: 1059, min: 1, max: 1, avg: 1.00)
Different non-trivial interpolants along paths:           0 (count: 1059, min: 0, max: 0, avg: 0.00)
Equal non-trivial interpolants along paths:           90499 (count: 1059, min: 0, max: 204, avg: 85.46)
Number of refs with location-based cutoff:                0

CEGAR algorithm statistics
--------------------------
Number of refinements:                1059
Number of successful refinements:     1059
Number of failed refinements:         0
Max. size of reached set before ref.: 53936
Max. size of reached set after ref.:  47522
Avg. size of reached set before ref.: 25075.15
Avg. size of reached set after ref.:  20331.30

Total time for CEGAR algorithm:     471.223s
Time for refinements:               109.593s
Average time for refinement:          0.103s
Max time for refinement:              0.260s

Code Coverage
-----------------------------
  Function coverage:      0.902
  Visited lines:          2430
  Total lines:            2533
  Line coverage:          0.959
  Visited conditions:     529
  Total conditions:       556
  Condition coverage:     0.951

CPAchecker general statistics
-----------------------------
Number of program locations:     3518
Number of CFA edges:             3896
Number of relevant variables:    566
Number of functions:             132
Number of loops:                 26
Size of reached set:             50711
  Number of reached locations:   1617 (46%)
    Avg states per location:     31
    Max states per location:     1874 (at node N153)
  Number of reached functions:   119 (90%)
  Number of partitions:          50670
    Avg size of partitions:      1
    Max size of partitions:      5 (with key [N2586 (before line 7555), Function main called from node N2558, stack depth 1 [2125ad3], stack [main]])
  Number of target states:       0

Time for analysis setup:          5.592s
  Time for loading CPAs:          0.924s
  Time for loading parser:        0.695s
  Time for CFA construction:      3.831s
    Time for parsing file(s):     1.061s
    Time for AST to CFA:          1.329s
    Time for CFA sanity check:    0.273s
    Time for post-processing:     0.942s
      Time for var class.:        0.480s
Time for Analysis:              471.224s
CPU time for analysis:          471.180s
Time for analyzing result:        0.041s
Total time for CPAchecker:      476.820s
Total CPU time for CPAchecker:  476.760s
Time for statistics:              0.780s

Time for Garbage Collector:      26.428s (in 754 runs)
Garbage Collector(s) used:    Copy, MarkSweepCompact
Used heap memory:                607MB (   579 MiB) max;    309MB (   295 MiB) avg;    640MB (   611 MiB) peak
Used non-heap memory:             41MB (    39 MiB) max;     40MB (    38 MiB) avg;     42MB (    40 MiB) peak
Allocated heap memory:           686MB (   654 MiB) max;    456MB (   435 MiB) avg
Allocated non-heap memory:        43MB (    41 MiB) max;     42MB (    40 MiB) avg
Total process virtual memory:   8087MB (  7712 MiB) max;   8084MB (  7709 MiB) avg

Verification result: TRUE. No property violation found by chosen configuration.
More details about the verification run can be found in the directory "./output".
