scripts/cpa.sh -Dy-MySearchStrategy-PredAbs-ABElf -heap 5600000000 -timelimit 30 -preprocess -stats -noout -setprop cpa.predicate.memoryAllocationsAlwaysSucceed=true -spec ../sv-benchmarks/c/ReachSafety.prp ../sv-benchmarks/c/product-lines/minepump_spec4_product32_true-unreach-call_false-termination.cil.c


--------------------------------------------------------------------------------


Running CPAchecker with Java heap of size 5600000000.
Running CPAchecker with default stack size (1024k). Specify a larger value with -stack if needed.
Running CPAchecker with the following extra VM options:  -Djava.io.tmpdir=/tmp/BenchExec_run_ptdfyci0/tmp
Using the following resource limits: CPU-time limit of 30s (ResourceLimitChecker.fromConfiguration, INFO)

CPAchecker (unknown version) (OpenJDK 64-Bit Server VM 1.8.0_151) started (CPAchecker.run, INFO)

line 80: Dead code detected: return (retValue_acc); (CFACreationUtils.addEdgeToCFA, INFO)

line 103: Dead code detected: return (retValue_acc); (CFACreationUtils.addEdgeToCFA, INFO)

line 213: Dead code detected: return (retValue_acc); (CFACreationUtils.addEdgeToCFA, INFO)

line 265: Dead code detected: return (retValue_acc); (CFACreationUtils.addEdgeToCFA, INFO)

line 297: Dead code detected: return (retValue_acc); (CFACreationUtils.addEdgeToCFA, INFO)

line 306: Dead code detected: return (retValue_acc); (CFACreationUtils.addEdgeToCFA, INFO)

line 626: Dead code detected: return (retValue_acc); (CFACreationUtils.addEdgeToCFA, INFO)

line 672: Dead code detected: return (retValue_acc); (CFACreationUtils.addEdgeToCFA, INFO)

line 807: Dead code detected: return (retValue_acc); (CFACreationUtils.addEdgeToCFA, INFO)

line 816: Dead code detected: return (retValue_acc); (CFACreationUtils.addEdgeToCFA, INFO)

line 871: Dead code detected: return (retValue_acc); (CFACreationUtils.addEdgeToCFA, INFO)

line 463: Function pointer *__cil_tmp10 with type int (*)(int, int) is called, but no possible target functions were found. (CFunctionPointerResolver.replaceFunctionPointerCall, WARNING)

MathSAT5 is available for research and evaluation purposes only. It can not be used in a commercial environment, particularly as part of a commercial product, without written permission. MathSAT5 is provided as is, without any warranty. Please write to mathsat@fbk.eu for additional questions regarding licensing MathSAT5 or obtaining more up-to-date versions. (PredicateCPA:JavaSMT:Mathsat5SolverContext.<init>, WARNING)

Using predicate analysis with MathSAT5 version 5.3.14 (0b98b661254c) (Nov 17 2016 10:59:45, gmp 5.1.3, gcc 4.8.5, 64-bit) and JFactory 1.21. (PredicateCPA:PredicateCPA.<init>, INFO)

Using refinement for predicate analysis with PredicateAbstractionRefinementStrategy strategy. (PredicateCPA:PredicateCPARefiner.<init>, INFO)

Starting analysis ... (CPAchecker.runAlgorithm, INFO)

Stopping analysis ... (CPAchecker.runAlgorithm, INFO)

PredicateCPA statistics
-----------------------
Number of abstractions:            6629 (27% of all post computations)
  Times abstraction was reused:    0
  Because of function entry/exit:  6540 (99%)
  Because of loop head:            67 (1%)
  Because of join nodes:           0 (0%)
  Because of threshold:            0 (0%)
  Because of target state:         22 (0%)
  Times precision was empty:       2297 (35%)
  Times precision was {false}:     91 (1%)
  Times result was cached:         4072 (61%)
  Times cartesian abs was used:    0 (0%)
  Times boolean abs was used:      169 (3%)
  Times result was 'false':        501 (8%)
Number of strengthen sat checks:   0
Number of coverage checks:         1827
  BDD entailment checks:           1315
Number of SMT sat checks:          0
  trivial:                         0
  cached:                          0

Max ABE block size:                       9
Number of predicates discovered:          6
Number of abstraction locations:          42
Max number of predicates per location:    3
Avg number of predicates per location:    2
Total predicates per abstraction:         7666
Max number of predicates per abstraction: 3
Avg number of predicates per abstraction: 29.48
Number of irrelevant predicates:          3846 (50%)
Number of preds handled by boolean abs:   223 (3%)
  Total number of models for allsat:      195
  Max number of models for allsat:        2
  Avg number of models for allsat:        1.15

Time for post operator:                  0.657s
  Time for path formula creation:        0.611s
Time for strengthen operator:            0.086s
Time for prec operator:                  1.372s
  Time for abstraction:                  1.200s (Max:     0.016s, Count: 6629)
    Boolean abstraction:                 0.154s
    Solving time:                        0.084s (Max:     0.013s)
    Model enumeration time:              0.016s
    Time for BDD construction:           0.054s (Max:     0.009s)
Time for merge operator:                 0.013s
Time for coverage check:                 0.025s
  Time for BDD entailment checks:        0.024s
Total time for SMT solver (w/o itp):     0.100s

Number of path formula cache hits:   23367 (80%)

Inside post operator:                  
  Inside path formula creation:        
    Time for path formula computation:     0.567s

Total number of created targets for pointer analysis: 0


Number of BDD nodes:                               214
Size of BDD node table:                            270749
Size of BDD cache:                                 27073
Size of BDD node cleanup queue:                         381 (count: 5119, min: 0, max: 149, avg: 0.07)
Time for BDD node cleanup:                             0.003s
Time for BDD garbage collection:                       0.000s (in 0 runs)

PrecisionBootstrap statistics
-----------------------------
Init. function predicates:                         0
Init. global predicates:                           0
Init. location predicates:                         0

Invariant Generation statistics
-------------------------------

AutomatonAnalysis (SVCOMP) statistics
-------------------------------------
Number of states:                                  1
Total time for successor computation:                  0.157s
Automaton transfers with branching:                0
Automaton transfer successors:                        24276 (count: 24276, min: 1, max: 1, avg: 1.00) [1 x 24276]

CPA algorithm statistics
------------------------
Number of iterations:            18598
Max size of waitlist:            73
Average size of waitlist:        28
Number of computed successors:   21110
Max successors for one state:    2
Number of times merged:          256
Number of times stopped:         1153
Number of times breaked:         22

Total time for CPA algorithm:         3.612s (Max:     0.502s)
  Time for choose from waitlist:      0.038s
  Time for precision adjustment:      1.724s
  Time for transfer relation:         1.434s
  Time for merge operator:            0.055s
  Time for stop operator:             0.101s
  Time for adding to reached set:     0.075s

Predicate-Abstraction Refiner statistics
----------------------------------------
Number of predicate refinements:                   22
Avg. length of target path (in blocks):                 545 (count: 22, min: 19, max: 36, avg: 24.77)
Number of infeasible sliced prefixes:                     0 (count: 0, min: 0, max: 0, avg: 0.00)

Time for refinement:                                   0.306s
  Counterexample analysis:                             0.161s (Max:     0.017s, Calls: 22)
    Refinement sat check:                              0.066s
    Interpolant computation:                           0.000s
  Path-formulas extraction:                            0.001s
  Error path post-processing:                          0.000s
  Predicate creation:                                  0.022s
  Precision update:                                    0.008s
  ARG update:                                          0.095s

Length of refined path (in blocks):                     385 (count: 22, min: 13, max: 28, avg: 17.50)
Number of affected states:                              315 (count: 22, min: 2, max: 27, avg: 14.32)
Length (states) of path with itp 'true':                 48 (count: 22, min: 0, max: 12, avg: 2.18)
Length (states) of path with itp non-trivial itp:       315 (count: 22, min: 2, max: 27, avg: 14.32)
Length (states) of path with itp 'false':                22 (count: 22, min: 1, max: 1, avg: 1.00)
Different non-trivial interpolants along paths:           3 (count: 22, min: 0, max: 1, avg: 0.14)
Equal non-trivial interpolants along paths:             290 (count: 22, min: 1, max: 26, avg: 13.18)
Number of refs with location-based cutoff:                0

CEGAR algorithm statistics
--------------------------
Number of refinements:                22
Number of successful refinements:     22
Number of failed refinements:         0
Max. size of reached set before ref.: 1569
Max. size of reached set after ref.:  483
Avg. size of reached set before ref.: 919.86
Avg. size of reached set after ref.:  83.45

Total time for CEGAR algorithm:       3.979s
Time for refinements:                 0.358s
Average time for refinement:          0.016s
Max time for refinement:              0.039s

Code Coverage
-----------------------------
  Function coverage:      0.500
  Visited lines:          107
  Total lines:            436
  Line coverage:          0.245
  Visited conditions:     32
  Total conditions:       72
  Condition coverage:     0.444

CPAchecker general statistics
-----------------------------
Number of program locations:     629
Number of CFA edges:             679
Number of relevant variables:    115
Number of functions:             38
Number of loops:                 5
Size of reached set:             1056
  Number of reached locations:   146 (23%)
    Avg states per location:     7
    Max states per location:     43 (at node N0)
  Number of reached functions:   19 (50%)
  Number of partitions:          1052
    Avg size of partitions:      1
    Max size of partitions:      2 (with key [N606 (before lines 908-957), Function test called from node N91, stack depth 3 [24ea71d], stack [main, runTest, test]])
  Number of target states:       0

Time for analysis setup:          2.049s
  Time for loading CPAs:          0.533s
  Time for loading parser:        0.490s
  Time for CFA construction:      0.935s
    Time for parsing file(s):     0.326s
    Time for AST to CFA:          0.236s
    Time for CFA sanity check:    0.062s
    Time for post-processing:     0.200s
      Time for var class.:        0.081s
Time for Analysis:                3.979s
CPU time for analysis:            3.970s
Time for analyzing result:        0.000s
Total time for CPAchecker:        6.030s
Total CPU time for CPAchecker:    6.020s
Time for statistics:              0.068s

Time for Garbage Collector:       0.107s (in 11 runs)
Garbage Collector(s) used:    Copy, MarkSweepCompact
Used heap memory:                 58MB (    55 MiB) max;     35MB (    34 MiB) avg;     64MB (    61 MiB) peak
Used non-heap memory:             35MB (    33 MiB) max;     28MB (    27 MiB) avg;     36MB (    34 MiB) peak
Allocated heap memory:           127MB (   121 MiB) max;    127MB (   121 MiB) avg
Allocated non-heap memory:        37MB (    35 MiB) max;     31MB (    29 MiB) avg
Total process virtual memory:   8087MB (  7712 MiB) max;   8050MB (  7677 MiB) avg

Verification result: TRUE. No property violation found by chosen configuration.
More details about the verification run can be found in the directory "./output".
