scripts/cpa.sh -Dy-MySearchStrategy-PredAbs-ABElf -heap 5600000000 -timelimit 30 -preprocess -stats -noout -setprop cpa.predicate.memoryAllocationsAlwaysSucceed=true -spec ../sv-benchmarks/c/ReachSafety.prp ../sv-benchmarks/c/product-lines/minepump_spec3_product37_true-unreach-call_false-termination.cil.c


--------------------------------------------------------------------------------


Running CPAchecker with Java heap of size 5600000000.
Running CPAchecker with default stack size (1024k). Specify a larger value with -stack if needed.
Running CPAchecker with the following extra VM options:  -Djava.io.tmpdir=/tmp/BenchExec_run_mb9vvb0c/tmp
Using the following resource limits: CPU-time limit of 30s (ResourceLimitChecker.fromConfiguration, INFO)

CPAchecker (unknown version) (OpenJDK 64-Bit Server VM 1.8.0_151) started (CPAchecker.run, INFO)

line 140: Dead code detected: return (retValue_acc); (CFACreationUtils.addEdgeToCFA, INFO)

line 460: Dead code detected: return (retValue_acc); (CFACreationUtils.addEdgeToCFA, INFO)

line 506: Dead code detected: return (retValue_acc); (CFACreationUtils.addEdgeToCFA, INFO)

line 628: Dead code detected: return (retValue_acc); (CFACreationUtils.addEdgeToCFA, INFO)

line 637: Dead code detected: return (retValue_acc); (CFACreationUtils.addEdgeToCFA, INFO)

line 692: Dead code detected: return (retValue_acc); (CFACreationUtils.addEdgeToCFA, INFO)

line 806: Dead code detected: return (retValue_acc); (CFACreationUtils.addEdgeToCFA, INFO)

line 838: Dead code detected: return (retValue_acc); (CFACreationUtils.addEdgeToCFA, INFO)

line 852: Dead code detected: return (retValue_acc); (CFACreationUtils.addEdgeToCFA, INFO)

line 907: Dead code detected: return (retValue_acc); (CFACreationUtils.addEdgeToCFA, INFO)

line 930: Dead code detected: return (retValue_acc); (CFACreationUtils.addEdgeToCFA, INFO)

line 297: Function pointer *__cil_tmp10 with type int (*)(int, int) is called, but no possible target functions were found. (CFunctionPointerResolver.replaceFunctionPointerCall, WARNING)

MathSAT5 is available for research and evaluation purposes only. It can not be used in a commercial environment, particularly as part of a commercial product, without written permission. MathSAT5 is provided as is, without any warranty. Please write to mathsat@fbk.eu for additional questions regarding licensing MathSAT5 or obtaining more up-to-date versions. (PredicateCPA:JavaSMT:Mathsat5SolverContext.<init>, WARNING)

Using predicate analysis with MathSAT5 version 5.3.14 (0b98b661254c) (Nov 17 2016 10:59:45, gmp 5.1.3, gcc 4.8.5, 64-bit) and JFactory 1.21. (PredicateCPA:PredicateCPA.<init>, INFO)

Using refinement for predicate analysis with PredicateAbstractionRefinementStrategy strategy. (PredicateCPA:PredicateCPARefiner.<init>, INFO)

Starting analysis ... (CPAchecker.runAlgorithm, INFO)

Stopping analysis ... (CPAchecker.runAlgorithm, INFO)

PredicateCPA statistics
-----------------------
Number of abstractions:            15755 (27% of all post computations)
  Times abstraction was reused:    0
  Because of function entry/exit:  15304 (97%)
  Because of loop head:            395 (3%)
  Because of join nodes:           0 (0%)
  Because of threshold:            0 (0%)
  Because of target state:         56 (0%)
  Times precision was empty:       735 (5%)
  Times precision was {false}:     166 (1%)
  Times result was cached:         12801 (81%)
  Times cartesian abs was used:    0 (0%)
  Times boolean abs was used:      2053 (13%)
  Times result was 'false':        2760 (18%)
Number of strengthen sat checks:   0
Number of coverage checks:         7494
  BDD entailment checks:           5178
Number of SMT sat checks:          0
  trivial:                         0
  cached:                          0

Max ABE block size:                       9
Number of predicates discovered:          15
Number of abstraction locations:          51
Max number of predicates per location:    6
Avg number of predicates per location:    4
Total predicates per abstraction:         60708
Max number of predicates per abstraction: 7
Avg number of predicates per abstraction: 27.36
Number of irrelevant predicates:          17852 (29%)
Number of preds handled by boolean abs:   6212 (10%)
  Total number of models for allsat:      2077
  Max number of models for allsat:        3
  Avg number of models for allsat:        1.01

Time for post operator:                  0.905s
  Time for path formula creation:        0.867s
Time for strengthen operator:            0.113s
Time for prec operator:                  5.791s
  Time for abstraction:                  5.551s (Max:     0.020s, Count: 15755)
    Boolean abstraction:                 1.312s
    Solving time:                        0.971s (Max:     0.013s)
    Model enumeration time:              0.103s
    Time for BDD construction:           0.126s (Max:     0.009s)
Time for merge operator:                 0.048s
Time for coverage check:                 0.022s
  Time for BDD entailment checks:        0.020s
Total time for SMT solver (w/o itp):     1.074s

Number of path formula cache hits:   48386 (71%)

Inside post operator:                  
  Inside path formula creation:        
    Time for path formula computation:     0.761s

Total number of created targets for pointer analysis: 0


Number of BDD nodes:                               817
Size of BDD node table:                            270749
Size of BDD cache:                                 27073
Size of BDD node cleanup queue:                        4904 (count: 20188, min: 0, max: 342, avg: 0.24)
Time for BDD node cleanup:                             0.029s
Time for BDD garbage collection:                       0.000s (in 0 runs)

PrecisionBootstrap statistics
-----------------------------
Init. function predicates:                         0
Init. global predicates:                           0
Init. location predicates:                         0

Invariant Generation statistics
-------------------------------

AutomatonAnalysis (SVCOMP) statistics
-------------------------------------
Number of states:                                  1
Total time for successor computation:                  0.217s
Automaton transfers with branching:                0
Automaton transfer successors:                        58809 (count: 58809, min: 1, max: 1, avg: 1.00) [1 x 58809]

CPA algorithm statistics
------------------------
Number of iterations:            45442
Max size of waitlist:            15
Average size of waitlist:        7
Number of computed successors:   50630
Max successors for one state:    2
Number of times merged:          1158
Number of times stopped:         2137
Number of times breaked:         56

Total time for CPA algorithm:         9.316s (Max:     0.917s)
  Time for choose from waitlist:      0.076s
  Time for precision adjustment:      6.264s
  Time for transfer relation:         2.244s
  Time for merge operator:            0.112s
  Time for stop operator:             0.115s
  Time for adding to reached set:     0.109s

Predicate-Abstraction Refiner statistics
----------------------------------------
Number of predicate refinements:                   56
Avg. length of target path (in blocks):                2686 (count: 56, min: 21, max: 93, avg: 47.96)
Number of infeasible sliced prefixes:                     0 (count: 0, min: 0, max: 0, avg: 0.00)

Time for refinement:                                   0.941s
  Counterexample analysis:                             0.653s (Max:     0.023s, Calls: 56)
    Refinement sat check:                              0.309s
    Interpolant computation:                           0.000s
  Path-formulas extraction:                            0.003s
  Error path post-processing:                          0.000s
  Predicate creation:                                  0.058s
  Precision update:                                    0.062s
  ARG update:                                          0.111s

Length of refined path (in blocks):                    2158 (count: 56, min: 13, max: 82, avg: 38.54)
Number of affected states:                             1550 (count: 56, min: 3, max: 81, avg: 27.68)
Length (states) of path with itp 'true':                552 (count: 56, min: 0, max: 51, avg: 9.86)
Length (states) of path with itp non-trivial itp:      1550 (count: 56, min: 3, max: 81, avg: 27.68)
Length (states) of path with itp 'false':                56 (count: 56, min: 1, max: 1, avg: 1.00)
Different non-trivial interpolants along paths:          64 (count: 56, min: 0, max: 4, avg: 1.14)
Equal non-trivial interpolants along paths:            1430 (count: 56, min: 2, max: 78, avg: 25.54)
Number of refs with location-based cutoff:                0

CEGAR algorithm statistics
--------------------------
Number of refinements:                56
Number of successful refinements:     56
Number of failed refinements:         0
Max. size of reached set before ref.: 6314
Max. size of reached set after ref.:  3921
Avg. size of reached set before ref.: 1141.04
Avg. size of reached set after ref.:  458.07

Total time for CEGAR algorithm:      10.428s
Time for refinements:                 1.071s
Average time for refinement:          0.019s
Max time for refinement:              0.039s

Code Coverage
-----------------------------
  Function coverage:      0.686
  Visited lines:          140
  Total lines:            429
  Line coverage:          0.326
  Visited conditions:     42
  Total conditions:       72
  Condition coverage:     0.583

CPAchecker general statistics
-----------------------------
Number of program locations:     610
Number of CFA edges:             659
Number of relevant variables:    115
Number of functions:             35
Number of loops:                 5
Size of reached set:             7488
  Number of reached locations:   187 (31%)
    Avg states per location:     40
    Max states per location:     246 (at node N579)
  Number of reached functions:   24 (69%)
  Number of partitions:          7235
    Avg size of partitions:      1
    Max size of partitions:      12 (with key [N496 (after line 728), Function test called from node N46, stack depth 3 [7da21081], stack [main, runTest, test]])
  Number of target states:       0

Time for analysis setup:          1.885s
  Time for loading CPAs:          0.474s
  Time for loading parser:        0.439s
  Time for CFA construction:      0.887s
    Time for parsing file(s):     0.317s
    Time for AST to CFA:          0.194s
    Time for CFA sanity check:    0.052s
    Time for post-processing:     0.196s
      Time for var class.:        0.092s
Time for Analysis:               10.428s
CPU time for analysis:           10.430s
Time for analyzing result:        0.005s
Total time for CPAchecker:       12.315s
Total CPU time for CPAchecker:   12.300s
Time for statistics:              0.130s

Time for Garbage Collector:       0.234s (in 32 runs)
Garbage Collector(s) used:    Copy, MarkSweepCompact
Used heap memory:                 66MB (    63 MiB) max;     41MB (    39 MiB) avg;     72MB (    69 MiB) peak
Used non-heap memory:             37MB (    35 MiB) max;     33MB (    31 MiB) avg;     38MB (    36 MiB) peak
Allocated heap memory:           127MB (   121 MiB) max;    127MB (   121 MiB) avg
Allocated non-heap memory:        39MB (    37 MiB) max;     35MB (    33 MiB) avg
Total process virtual memory:   8020MB (  7649 MiB) max;   8006MB (  7635 MiB) avg

Verification result: TRUE. No property violation found by chosen configuration.
More details about the verification run can be found in the directory "./output".
