scripts/cpa.sh -Dy-MySearchStrategy-PredAbs-ABElf -heap 9600000000 -timelimit 900 -preprocess -stats -noout -setprop cpa.predicate.memoryAllocationsAlwaysSucceed=true -spec ../sv-benchmarks/c/ReachSafety.prp ../sv-benchmarks/c/seq-mthreaded/rekcba_aso_true-unreach-call.1.M1.c


--------------------------------------------------------------------------------


Running CPAchecker with Java heap of size 9600000000.
Running CPAchecker with default stack size (1024k). Specify a larger value with -stack if needed.
Running CPAchecker with the following extra VM options:  -Djava.io.tmpdir=/tmp/BenchExec_run_853kg6px/tmp
Using the following resource limits: CPU-time limit of 900s (ResourceLimitChecker.fromConfiguration, INFO)

CPAchecker 1.6.1-svn 6608050+ (OpenJDK 64-Bit Server VM 1.8.0_151) started (CPAchecker.run, INFO)

MathSAT5 is available for research and evaluation purposes only. It can not be used in a commercial environment, particularly as part of a commercial product, without written permission. MathSAT5 is provided as is, without any warranty. Please write to mathsat@fbk.eu for additional questions regarding licensing MathSAT5 or obtaining more up-to-date versions. (PredicateCPA:JavaSMT:Mathsat5SolverContext.<init>, WARNING)

Using predicate analysis with MathSAT5 version 5.3.14 (0b98b661254c) (Nov 17 2016 10:59:45, gmp 5.1.3, gcc 4.8.5, 64-bit) and JFactory 1.21. (PredicateCPA:PredicateCPA.<init>, INFO)

Using refinement for predicate analysis with PredicateAbstractionRefinementStrategy strategy. (PredicateCPA:PredicateCPARefiner.<init>, INFO)

Starting analysis ... (CPAchecker.runAlgorithm, INFO)

Assuming external function ecrobot_bt_data_logger to be a pure function. (PredicateCPA:ExpressionToFormulaVisitor.visit, INFO)

Assuming external function nxt_motor_set_speed to be a pure function. (PredicateCPA:ExpressionToFormulaVisitor.visit, INFO)

Assuming external function nxt_motor_set_count to be a pure function. (PredicateCPA:ExpressionToFormulaVisitor.visit, INFO)

Assuming external function ecrobot_sound_tone to be a pure function. (PredicateCPA:ExpressionToFormulaVisitor.visit, INFO)

Shutdown requested (The CPU-time limit of 900s has elapsed.), waiting for termination. (ForceTerminationOnShutdown$1.shutdownRequested, WARNING)

Warning: Analysis interrupted (The CPU-time limit of 900s has elapsed.) (ShutdownNotifier.shutdownIfNecessary, WARNING)

PredicateCPA statistics
-----------------------
Number of abstractions:            1513384 (12% of all post computations)
  Times abstraction was reused:    0
  Because of function entry/exit:  1513107 (100%)
  Because of loop head:            23 (0%)
  Because of join nodes:           0 (0%)
  Because of threshold:            0 (0%)
  Because of target state:         254 (0%)
  Times precision was empty:       1220778 (81%)
  Times precision was {false}:     585 (0%)
  Times result was cached:         291277 (19%)
  Times cartesian abs was used:    0 (0%)
  Times boolean abs was used:      744 (0%)
  Times result was 'false':        375 (0%)
Number of strengthen sat checks:   0
Number of coverage checks:         2727887
  BDD entailment checks:           387707
Number of SMT sat checks:          0
  trivial:                         0
  cached:                          0

Max ABE block size:                       435
Number of predicates discovered:          9
Number of abstraction locations:          28
Max number of predicates per location:    5
Avg number of predicates per location:    2
Total predicates per abstraction:         426091
Max number of predicates per abstraction: 5
Avg number of predicates per abstraction: 320.61
Number of irrelevant predicates:          318354 (75%)
Number of preds handled by boolean abs:   1020 (0%)
  Total number of models for allsat:      1334
  Max number of models for allsat:        4
  Avg number of models for allsat:        1.79

Time for post operator:                 45.224s
  Time for path formula creation:       41.808s
Time for strengthen operator:            7.825s
Time for prec operator:                 46.246s
  Time for abstraction:                 35.076s (Max:     1.794s, Count: 1513384)
    Boolean abstraction:                 9.714s
    Solving time:                        9.685s (Max:     1.633s)
    Model enumeration time:              0.377s
    Time for BDD construction:           0.057s (Max:     0.005s)
Time for merge operator:                 5.984s
Time for coverage check:                 0.314s
  Time for BDD entailment checks:        0.172s
Total time for SMT solver (w/o itp):    10.062s

Number of path formula cache hits:   15231176 (97%)

Inside post operator:                  
  Inside path formula creation:        
    Time for path formula computation:    19.971s

Total number of created targets for pointer analysis: 626360
   Number of created targets for uf: *unsigned_char is 88
   Number of created targets for uf: *_Bool is 63
   Number of created targets for uf: *char is 80
   Number of created targets for uf: *unsigned_int is 4874


Number of BDD nodes:                               237
Size of BDD node table:                            464047
Size of BDD cache:                                 46411
Size of BDD node cleanup queue:                        1382 (count: 1615952, min: 0, max: 58, avg: 0.00)
Time for BDD node cleanup:                             0.129s
Time for BDD garbage collection:                       0.000s (in 0 runs)

PrecisionBootstrap statistics
-----------------------------
Init. function predicates:                         0
Init. global predicates:                           0
Init. location predicates:                         0

Invariant Generation statistics
-------------------------------

AutomatonAnalysis (SVCOMP) statistics
-------------------------------------
Number of states:                                  1
Total time for successor computation:                 10.465s
  Time for transition matches:                         4.617s
  Time for transition assertions:                      0.002s
  Time for transition actions:                         0.002s
Automaton transfers with branching:                0
Automaton transfer successors:                     13126934 (count: 13126934, min: 1, max: 1, avg: 1.00) [1 x 13126934]

CPA algorithm statistics
------------------------
Number of iterations:            9240250
Max size of waitlist:            235
Average size of waitlist:        37
Number of computed successors:   10800509
Max successors for one state:    2
Number of times merged:          1170090
Number of times stopped:         1557738
Number of times breaked:         254

Total time for CPA algorithm:       266.896s (Max:     9.761s)
  Time for choose from waitlist:      2.030s
  Time for precision adjustment:    100.603s
  Time for transfer relation:       118.562s
  Time for merge operator:           13.724s
  Time for stop operator:             6.846s
  Time for adding to reached set:     9.096s

Predicate-Abstraction Refiner statistics
----------------------------------------
Number of predicate refinements:                   254
Avg. length of target path (in blocks):                6713 (count: 254, min: 14, max: 46, avg: 26.43)
Number of infeasible sliced prefixes:                     0 (count: 0, min: 0, max: 0, avg: 0.00)

Time for refinement:                                 680.809s
  Counterexample analysis:                           661.302s (Max:   415.568s, Calls: 254)
    Refinement sat check:                            638.078s
    Interpolant computation:                           0.000s
  Path-formulas extraction:                            0.008s
  Error path post-processing:                          0.000s
  Predicate creation:                                  0.024s
  Precision update:                                    0.053s
  ARG update:                                         19.264s

Length of refined path (in blocks):                    4882 (count: 253, min: 10, max: 33, avg: 19.30)
Number of affected states:                              809 (count: 253, min: 1, max: 24, avg: 3.20)
Length (states) of path with itp 'true':               3820 (count: 253, min: 5, max: 29, avg: 15.10)
Length (states) of path with itp non-trivial itp:       809 (count: 253, min: 1, max: 24, avg: 3.20)
Length (states) of path with itp 'false':               253 (count: 253, min: 1, max: 1, avg: 1.00)
Different non-trivial interpolants along paths:           9 (count: 253, min: 0, max: 2, avg: 0.04)
Equal non-trivial interpolants along paths:             547 (count: 253, min: 0, max: 21, avg: 2.16)
Number of refs with location-based cutoff:                0

CEGAR algorithm statistics
--------------------------
Number of refinements:                254
Number of successful refinements:     253
Number of failed refinements:         0
Max. size of reached set before ref.: 60331
Max. size of reached set after ref.:  54928
Avg. size of reached set before ref.: 58160.32
Avg. size of reached set after ref.:  21858.99

Total time for CEGAR algorithm:     960.167s
Time for refinements:               689.343s
Average time for refinement:          2.713s
Max time for refinement:            415.595s

Code Coverage
-----------------------------
  Function coverage:      0.897
  Visited lines:          1399
  Total lines:            1460
  Line coverage:          0.958
  Visited conditions:     1178
  Total conditions:       1206
  Condition coverage:     0.977

CPAchecker general statistics
-----------------------------
Number of program locations:     2199
Number of CFA edges:             2514
Number of relevant variables:    124
Number of functions:             39
Number of loops:                 1
Size of reached set:             60198
  Number of reached locations:   1523 (69%)
    Avg states per location:     39
    Max states per location:     648 (at node N1116)
  Number of reached functions:   35 (90%)
  Number of partitions:          60192
    Avg size of partitions:      1
    Max size of partitions:      2 (with key [N264 (before line 422), Function __startrek_entry_pt_OSEK_Task_ts3 called from node N1325, stack depth 3 [64140036], stack [main, __main, __startrek_entry_pt_OSEK_Task_ts3]])
  Number of target states:       1
  Size of final wait list        28

Time for analysis setup:          3.016s
  Time for loading CPAs:          0.601s
  Time for loading parser:        0.440s
  Time for CFA construction:      1.781s
    Time for parsing file(s):     0.495s
    Time for AST to CFA:          0.467s
    Time for CFA sanity check:    0.193s
    Time for post-processing:     0.453s
      Time for var class.:        0.272s
Time for Analysis:              960.167s
CPU time for analysis:          905.730s
Total time for CPAchecker:      963.188s
Total CPU time for CPAchecker:  908.580s
Time for statistics:              0.545s

Time for Garbage Collector:      56.308s (in 944 runs)
Garbage Collector(s) used:    Copy, MarkSweepCompact
Used heap memory:                489MB (   466 MiB) max;    319MB (   305 MiB) avg;    518MB (   494 MiB) peak
Used non-heap memory:             38MB (    36 MiB) max;     38MB (    36 MiB) avg;     39MB (    37 MiB) peak
Allocated heap memory:           508MB (   484 MiB) max;    446MB (   426 MiB) avg
Allocated non-heap memory:        40MB (    38 MiB) max;     40MB (    38 MiB) avg
Total process virtual memory:  12145MB ( 11583 MiB) max;  12022MB ( 11465 MiB) avg

Verification result: UNKNOWN, incomplete analysis.
More details about the verification run can be found in the directory "./output".
