scripts/cpa.sh -Dy-MySearchStrategy-PredAbs-ABElf -heap 5600000000 -timelimit 30 -preprocess -stats -noout -setprop cpa.predicate.memoryAllocationsAlwaysSucceed=true -spec ../sv-benchmarks/c/ReachSafety.prp ../sv-benchmarks/c/ldv-challenges/linux-3.14__complex_emg__linux-kernel-locking-mutex__drivers-media-usb-dvb-usb-v2-dvb-usb-mxl111sf_true-unreach-call.cil.c


--------------------------------------------------------------------------------


Running CPAchecker with Java heap of size 5600000000.
Running CPAchecker with default stack size (1024k). Specify a larger value with -stack if needed.
Running CPAchecker with the following extra VM options:  -Djava.io.tmpdir=/tmp/BenchExec_run_uc53p1bw/tmp
Using the following resource limits: CPU-time limit of 30s (ResourceLimitChecker.fromConfiguration, INFO)

CPAchecker (unknown version) (OpenJDK 64-Bit Server VM 1.8.0_162) started (CPAchecker.run, INFO)

Dead code detected: Label switch_break is not reachable. (CFAFunctionBuilder.leave, INFO)

line 13006: Dead code detected: return; (CFACreationUtils.addEdgeToCFA, INFO)

line 13147: Dead code detected: return (arg0); (CFACreationUtils.addEdgeToCFA, INFO)

line 13364: Dead code detected: return (ldv_func_res); (CFACreationUtils.addEdgeToCFA, INFO)

Dead code detected: Label switch_break is not reachable. (CFAFunctionBuilder.leave, INFO)

Dead code detected: Label switch_break is not reachable. (CFAFunctionBuilder.leave, INFO)

Dead code detected: Label switch_break is not reachable. (CFAFunctionBuilder.leave, INFO)

Dead code detected: Label switch_break is not reachable. (CFAFunctionBuilder.leave, INFO)

Dead code detected: Label switch_break is not reachable. (CFAFunctionBuilder.leave, INFO)

Dead code detected: Label switch_break is not reachable. (CFAFunctionBuilder.leave, INFO)

line 17448: Function pointer *function with type void (*)(void *) is called, but no possible target functions were found. (CFunctionPointerResolver.replaceFunctionPointerCall, WARNING)

line 17467: Function pointer *function with type void (*)(void *) is called, but no possible target functions were found. (CFunctionPointerResolver.replaceFunctionPointerCall, WARNING)

line 13060: Function pointer *arg0 with type int (*)(struct usb_interface *) is called, but no possible target functions were found. (CFunctionPointerResolver.replaceFunctionPointerCall, WARNING)

line 13071: Function pointer *arg0 with type int (*)(struct usb_interface *) is called, but no possible target functions were found. (CFunctionPointerResolver.replaceFunctionPointerCall, WARNING)

line 9027: Function pointer *(fe->ops.tuner_ops.get_rf_strength) with type int (*)(struct dvb_frontend *, u16 *) is called, but no possible target functions were found. (CFunctionPointerResolver.replaceFunctionPointerCall, WARNING)

line 9030: Function pointer *(fe->ops.tuner_ops.get_rf_strength) with type int (*)(struct dvb_frontend *, u16 *) is called, but no possible target functions were found. (CFunctionPointerResolver.replaceFunctionPointerCall, WARNING)

line 9033: Function pointer *(fe->ops.tuner_ops.get_rf_strength) with type int (*)(struct dvb_frontend *, u16 *) is called, but no possible target functions were found. (CFunctionPointerResolver.replaceFunctionPointerCall, WARNING)

line 9036: Function pointer *(fe->ops.tuner_ops.get_rf_strength) with type int (*)(struct dvb_frontend *, u16 *) is called, but no possible target functions were found. (CFunctionPointerResolver.replaceFunctionPointerCall, WARNING)

line 8966: Function pointer *__a with type struct dvb_frontend *(*)(struct mxl111sf_state *, struct mxl111sf_demod_config *) is called, but no possible target functions were found. (CFunctionPointerResolver.replaceFunctionPointerCall, WARNING)

line 9118: Function pointer *__a with type struct dvb_frontend *(*)(struct dvb_frontend *, struct mxl111sf_state *, struct mxl111sf_tuner_config *) is called, but no possible target functions were found. (CFunctionPointerResolver.replaceFunctionPointerCall, WARNING)

lines 8171-8172: Function pointer *__a with type struct dvb_frontend *(*)(const struct lg2160_config *, struct i2c_adapter *) is called, but no possible target functions were found. (CFunctionPointerResolver.replaceFunctionPointerCall, WARNING)

lines 8773-8774: Function pointer *__a with type struct dvb_frontend *(*)(const struct lg2160_config *, struct i2c_adapter *) is called, but no possible target functions were found. (CFunctionPointerResolver.replaceFunctionPointerCall, WARNING)

lines 8472-8473: Function pointer *__a with type struct dvb_frontend *(*)(const struct lg2160_config *, struct i2c_adapter *) is called, but no possible target functions were found. (CFunctionPointerResolver.replaceFunctionPointerCall, WARNING)

lines 7871-7872: Function pointer *__a with type struct dvb_frontend *(*)(const struct lgdt3305_config *, struct i2c_adapter *) is called, but no possible target functions were found. (CFunctionPointerResolver.replaceFunctionPointerCall, WARNING)

MathSAT5 is available for research and evaluation purposes only. It can not be used in a commercial environment, particularly as part of a commercial product, without written permission. MathSAT5 is provided as is, without any warranty. Please write to mathsat@fbk.eu for additional questions regarding licensing MathSAT5 or obtaining more up-to-date versions. (PredicateCPA:JavaSMT:Mathsat5SolverContext.<init>, WARNING)

Using predicate analysis with MathSAT5 version 5.3.14 (0b98b661254c) (Nov 17 2016 10:59:45, gmp 5.1.3, gcc 4.8.5, 64-bit) and JFactory 1.21. (PredicateCPA:PredicateCPA.<init>, INFO)

Using refinement for predicate analysis with PredicateAbstractionRefinementStrategy strategy. (PredicateCPA:PredicateCPARefiner.<init>, INFO)

Starting analysis ... (CPAchecker.runAlgorithm, INFO)

Assuming external function external_allocated_data to be a constant function. (PredicateCPA:ExpressionToFormulaVisitor.visit, INFO)

Assuming external function usb_deregister to be a pure function. (PredicateCPA:ExpressionToFormulaVisitor.visit, INFO)

Assuming external function usb_register_driver to be a pure function. (PredicateCPA:ExpressionToFormulaVisitor.visit, INFO)

Assuming external function ldv_pre_usb_register_driver to be a constant function. (PredicateCPA:ExpressionToFormulaVisitor.visit, INFO)

Assuming external function __dynamic_pr_debug to be a pure function. (PredicateCPA:ExpressionToFormulaVisitor.visit, INFO)

Assuming external function usb_set_interface to be a pure function. (PredicateCPA:ExpressionToFormulaVisitor.visit, INFO)

Assuming external function __mutex_init to be a pure function. (PredicateCPA:ExpressionToFormulaVisitor.visit, INFO)

Assuming external function tveeprom_read to be a pure function. (PredicateCPA:ExpressionToFormulaVisitor.visit, INFO)

Assuming external function tveeprom_hauppauge_analog to be a pure function. (PredicateCPA:ExpressionToFormulaVisitor.visit, INFO)

Assuming external function __symbol_get to be a pure function. (PredicateCPA:ExpressionToFormulaVisitor.visit, INFO)

Assuming external function __request_module to be a pure function. (PredicateCPA:ExpressionToFormulaVisitor.visit, INFO)

line 9118: Ignoring call via function pointer mxl111sf_attach_tuner::__a for which no suitable target was found in line: tmp___4 = (*__a)((adap->fe)[i], state, &mxl_tuner_config); (FunctionPointerCPA:FunctionPointerTransferRelation.getAbstractSuccessorsForEdge, WARNING)

line 9118: Ignoring function call through function pointer *__a: tmp___4 = (*__a)((adap->fe)[i], state, &mxl_tuner_config); (PredicateCPA:ExpressionToFormulaVisitor.visit, WARNING)

Assuming external function __symbol_put to be a pure function. (PredicateCPA:ExpressionToFormulaVisitor.visit, INFO)

Shutdown requested (The CPU-time limit of 30s has elapsed.), waiting for termination. (ForceTerminationOnShutdown$1.shutdownRequested, WARNING)

Warning: Analysis interrupted (The CPU-time limit of 30s has elapsed.) (ShutdownNotifier.shutdownIfNecessary, WARNING)

PredicateCPA statistics
-----------------------
Number of abstractions:            15324 (20% of all post computations)
  Times abstraction was reused:    0
  Because of function entry/exit:  13148 (86%)
  Because of loop head:            1553 (10%)
  Because of join nodes:           0 (0%)
  Because of threshold:            0 (0%)
  Because of target state:         623 (4%)
  Times precision was empty:       4134 (27%)
  Times precision was {false}:     448 (3%)
  Times result was cached:         9566 (62%)
  Times cartesian abs was used:    0 (0%)
  Times boolean abs was used:      1176 (8%)
  Times result was 'false':        2410 (16%)
Number of strengthen sat checks:   0
Number of coverage checks:         9099
  BDD entailment checks:           2479
Number of SMT sat checks:          0
  trivial:                         0
  cached:                          0

Max ABE block size:                       133
Number of predicates discovered:          20
Number of abstraction locations:          115
Max number of predicates per location:    18
Avg number of predicates per location:    5
Total predicates per abstraction:         65296
Max number of predicates per abstraction: 18
Avg number of predicates per abstraction: 40.21
Number of irrelevant predicates:          21421 (33%)
Number of preds handled by boolean abs:   6378 (10%)
  Total number of models for allsat:      1272
  Max number of models for allsat:        5
  Avg number of models for allsat:        1.08

Time for post operator:                  3.470s
  Time for path formula creation:        3.313s
Time for strengthen operator:            0.124s
Time for prec operator:                  9.200s
  Time for abstraction:                  8.562s (Max:     0.035s, Count: 15324)
    Boolean abstraction:                 1.441s
    Solving time:                        1.123s (Max:     0.033s)
    Model enumeration time:              0.127s
    Time for BDD construction:           0.146s (Max:     0.012s)
Time for merge operator:                 0.161s
Time for coverage check:                 0.049s
  Time for BDD entailment checks:        0.048s
Total time for SMT solver (w/o itp):     1.250s

Number of path formula cache hits:   70081 (78%)

Inside post operator:                  
  Inside path formula creation:        
    Time for path formula computation:     2.513s

Total number of created targets for pointer analysis: 11
   Number of created targets for uf: *unsigned_char is 11


Number of BDD nodes:                               3141
Size of BDD node table:                            270749
Size of BDD cache:                                 27073
Size of BDD node cleanup queue:                        5728 (count: 17448, min: 0, max: 616, avg: 0.33)
Time for BDD node cleanup:                             0.007s
Time for BDD garbage collection:                       0.000s (in 0 runs)

PrecisionBootstrap statistics
-----------------------------
Init. function predicates:                         0
Init. global predicates:                           0
Init. location predicates:                         0

Invariant Generation statistics
-------------------------------

AutomatonAnalysis (SVCOMP) statistics
-------------------------------------
Number of states:                                  1
Total time for successor computation:                  0.566s
  Time for transition matches:                         0.191s
  Time for transition assertions:                      0.001s
  Time for transition actions:                         0.012s
Automaton transfers with branching:                0
Automaton transfer successors:                        77468 (count: 77468, min: 1, max: 1, avg: 1.00) [1 x 77468]

CPA algorithm statistics
------------------------
Number of iterations:            56542
Max size of waitlist:            118
Average size of waitlist:        45
Number of computed successors:   66644
Max successors for one state:    2
Number of times merged:          3310
Number of times stopped:         4098
Number of times breaked:         70

Total time for CPA algorithm:        18.399s (Max:     1.253s)
  Time for choose from waitlist:      0.122s
  Time for precision adjustment:     10.216s
  Time for transfer relation:         6.122s
  Time for merge operator:            0.392s
  Time for stop operator:             0.373s
  Time for adding to reached set:     0.364s

Predicate-Abstraction Refiner statistics
----------------------------------------
Number of predicate refinements:                   70
Avg. length of target path (in blocks):                6655 (count: 70, min: 29, max: 137, avg: 95.07)
Number of infeasible sliced prefixes:                     0 (count: 0, min: 0, max: 0, avg: 0.00)

Time for refinement:                                   3.718s
  Counterexample analysis:                             2.975s (Max:     0.075s, Calls: 70)
    Refinement sat check:                              1.652s
    Interpolant computation:                           0.000s
  Path-formulas extraction:                            0.005s
  Error path post-processing:                          0.000s
  Predicate creation:                                  0.137s
  Precision update:                                    0.125s
  ARG update:                                          0.318s

Length of refined path (in blocks):                    5150 (count: 70, min: 11, max: 96, avg: 73.57)
Number of affected states:                             3210 (count: 70, min: 4, max: 94, avg: 45.86)
Length (states) of path with itp 'true':               1870 (count: 70, min: 1, max: 59, avg: 26.71)
Length (states) of path with itp non-trivial itp:      3210 (count: 70, min: 4, max: 94, avg: 45.86)
Length (states) of path with itp 'false':                39 (count: 70, min: 0, max: 1, avg: 0.56)
Different non-trivial interpolants along paths:          37 (count: 70, min: 0, max: 1, avg: 0.53)
Equal non-trivial interpolants along paths:            3103 (count: 70, min: 3, max: 92, avg: 44.33)
Number of refs with location-based cutoff:                0

CEGAR algorithm statistics
--------------------------
Number of refinements:                70
Number of successful refinements:     70
Number of failed refinements:         0
Max. size of reached set before ref.: 1690
Max. size of reached set after ref.:  598
Avg. size of reached set before ref.: 1059.74
Avg. size of reached set after ref.:  217.74

Total time for CEGAR algorithm:      22.390s
Time for refinements:                 3.960s
Average time for refinement:          0.056s
Max time for refinement:              0.113s

Code Coverage
-----------------------------
  Function coverage:      0.222
  Visited lines:          1854
  Total lines:            6095
  Line coverage:          0.304
  Visited conditions:     138
  Total conditions:       1902
  Condition coverage:     0.073

CPAchecker general statistics
-----------------------------
Number of program locations:     8392
Number of CFA edges:             9689
Number of relevant variables:    1124
Number of functions:             257
Number of loops:                 28
Size of reached set:             1196
  Number of reached locations:   491 (6%)
    Avg states per location:     2
    Max states per location:     16 (at node N7147)
  Number of reached functions:   57 (22%)
  Number of partitions:          1187
    Avg size of partitions:      1
    Max size of partitions:      4 (with key [N2929 (before line 11620), Function main called from node N2913, stack depth 1 [48e74764], stack [main]])
  Number of target states:       0
  Size of final wait list        59

Time for analysis setup:          7.853s
  Time for loading CPAs:          1.166s
  Time for loading parser:        0.708s
  Time for CFA construction:      5.819s
    Time for parsing file(s):     1.331s
    Time for AST to CFA:          2.190s
    Time for CFA sanity check:    0.583s
    Time for post-processing:     1.514s
      Time for var class.:        0.716s
Time for Analysis:               22.391s
CPU time for analysis:           22.400s
Total time for CPAchecker:       30.261s
Total CPU time for CPAchecker:   30.250s
Time for statistics:              0.125s

Time for Garbage Collector:       0.578s (in 52 runs)
Garbage Collector(s) used:    Copy, MarkSweepCompact
Used heap memory:                 78MB (    74 MiB) max;     53MB (    50 MiB) avg;     84MB (    80 MiB) peak
Used non-heap memory:             42MB (    40 MiB) max;     35MB (    33 MiB) avg;     42MB (    40 MiB) peak
Allocated heap memory:           127MB (   121 MiB) max;    127MB (   121 MiB) avg
Allocated non-heap memory:        43MB (    41 MiB) max;     37MB (    35 MiB) avg
Total process virtual memory:   8086MB (  7711 MiB) max;   8071MB (  7697 MiB) avg

Verification result: UNKNOWN, incomplete analysis.
More details about the verification run can be found in the directory "./output".
