scripts/cpa.sh -Dy-MySearchStrategy-PredAbs-ABElf -heap 5600000000 -timelimit 30 -preprocess -stats -noout -setprop cpa.predicate.memoryAllocationsAlwaysSucceed=true -spec ../sv-benchmarks/c/ReachSafety.prp ../sv-benchmarks/c/ssh/s3_srvr.blast.01_true-unreach-call.i.cil.c


--------------------------------------------------------------------------------


Running CPAchecker with Java heap of size 5600000000.
Running CPAchecker with default stack size (1024k). Specify a larger value with -stack if needed.
Running CPAchecker with the following extra VM options:  -Djava.io.tmpdir=/tmp/BenchExec_run_unj47_lz/tmp
Using the following resource limits: CPU-time limit of 30s (ResourceLimitChecker.fromConfiguration, INFO)

CPAchecker (unknown version) (OpenJDK 64-Bit Server VM 1.8.0_151) started (CPAchecker.run, INFO)

MathSAT5 is available for research and evaluation purposes only. It can not be used in a commercial environment, particularly as part of a commercial product, without written permission. MathSAT5 is provided as is, without any warranty. Please write to mathsat@fbk.eu for additional questions regarding licensing MathSAT5 or obtaining more up-to-date versions. (PredicateCPA:JavaSMT:Mathsat5SolverContext.<init>, WARNING)

Using predicate analysis with MathSAT5 version 5.3.14 (0b98b661254c) (Nov 17 2016 10:59:45, gmp 5.1.3, gcc 4.8.5, 64-bit) and JFactory 1.21. (PredicateCPA:PredicateCPA.<init>, INFO)

Using refinement for predicate analysis with PredicateAbstractionRefinementStrategy strategy. (PredicateCPA:PredicateCPARefiner.<init>, INFO)

Starting analysis ... (CPAchecker.runAlgorithm, INFO)

Shutdown requested (The CPU-time limit of 30s has elapsed.), waiting for termination. (ForceTerminationOnShutdown$1.shutdownRequested, WARNING)

Warning: Analysis interrupted (The CPU-time limit of 30s has elapsed.) (ShutdownNotifier.shutdownIfNecessary, WARNING)

PredicateCPA statistics
-----------------------
Number of abstractions:            204 (1% of all post computations)
  Times abstraction was reused:    0
  Because of function entry/exit:  69 (34%)
  Because of loop head:            68 (33%)
  Because of join nodes:           0 (0%)
  Because of threshold:            0 (0%)
  Because of target state:         67 (33%)
  Times precision was empty:       68 (33%)
  Times precision was {false}:     66 (32%)
  Times result was cached:         1 (0%)
  Times cartesian abs was used:    0 (0%)
  Times boolean abs was used:      69 (34%)
  Times result was 'false':        62 (30%)
Number of strengthen sat checks:   0
Number of coverage checks:         12335
  BDD entailment checks:           1013
Number of SMT sat checks:          0
  trivial:                         0
  cached:                          0

Max ABE block size:                       53
Number of predicates discovered:          103
Number of abstraction locations:          3
Max number of predicates per location:    102
Avg number of predicates per location:    35
Total predicates per abstraction:         4989
Max number of predicates per abstraction: 102
Avg number of predicates per abstraction: 36.96
Number of irrelevant predicates:          66 (1%)
Number of preds handled by boolean abs:   4921 (99%)
  Total number of models for allsat:      1328
  Max number of models for allsat:        94
  Avg number of models for allsat:        19.25

Time for post operator:                  3.865s
  Time for path formula creation:        3.773s
Time for strengthen operator:            0.090s
Time for prec operator:                 15.929s
  Time for abstraction:                 15.809s (Max:     0.626s, Count: 204)
    Boolean abstraction:                13.928s
    Solving time:                        3.912s (Max:     0.119s)
    Model enumeration time:              9.112s
    Time for BDD construction:           0.710s (Max:     0.124s)
Time for merge operator:                 1.155s
Time for coverage check:                 0.045s
  Time for BDD entailment checks:        0.041s
Total time for SMT solver (w/o itp):    13.025s

Number of path formula cache hits:   12927 (37%)

Inside post operator:                  
  Inside path formula creation:        
    Time for path formula computation:     3.550s

Total number of created targets for pointer analysis: 10681
   Number of created targets for uf: *signed_int is 333
   Number of created targets for uf: *(struct_buf_mem_st)* is 43
   Number of created targets for uf: *(struct_ssl_session_st)* is 2
   Number of created targets for uf: *(struct_ssl3_state_st)* is 2


Number of BDD nodes:                               208448
Size of BDD node table:                            270749
Size of BDD cache:                                 27073
Size of BDD node cleanup queue:                       24498 (count: 11830, min: 0, max: 5877, avg: 2.07)
Time for BDD node cleanup:                             0.011s
Time for BDD garbage collection:                       0.035s (in 2 runs)

PrecisionBootstrap statistics
-----------------------------
Init. function predicates:                         0
Init. global predicates:                           0
Init. location predicates:                         0

Invariant Generation statistics
-------------------------------

AutomatonAnalysis (SVCOMP) statistics
-------------------------------------
Number of states:                                  1
Total time for successor computation:                  0.338s
Automaton transfers with branching:                0
Automaton transfer successors:                        32986 (count: 32986, min: 1, max: 1, avg: 1.00) [1 x 32986]

CPA algorithm statistics
------------------------
Number of iterations:            23041
Max size of waitlist:            39
Average size of waitlist:        21
Number of computed successors:   29009
Max successors for one state:    2
Number of times merged:          5661
Number of times stopped:         5722
Number of times breaked:         5

Total time for CPA algorithm:        24.019s (Max:    15.942s)
  Time for choose from waitlist:      0.082s
  Time for precision adjustment:     16.493s
  Time for transfer relation:         5.264s
  Time for merge operator:            1.528s
  Time for stop operator:             0.190s
  Time for adding to reached set:     0.133s

Predicate-Abstraction Refiner statistics
----------------------------------------
Number of predicate refinements:                   5
Avg. length of target path (in blocks):                  35 (count: 5, min: 3, max: 14, avg: 7.00)
Number of infeasible sliced prefixes:                     0 (count: 0, min: 0, max: 0, avg: 0.00)

Time for refinement:                                   2.112s
  Counterexample analysis:                             1.938s (Max:     1.581s, Calls: 5)
    Refinement sat check:                              0.969s
    Interpolant computation:                           0.000s
  Path-formulas extraction:                            0.000s
  Error path post-processing:                          0.000s
  Predicate creation:                                  0.075s
  Precision update:                                    0.016s
  ARG update:                                          0.066s

Length of refined path (in blocks):                      35 (count: 5, min: 3, max: 14, avg: 7.00)
Number of affected states:                               28 (count: 5, min: 1, max: 13, avg: 5.60)
Length (states) of path with itp 'true':                  2 (count: 5, min: 0, max: 1, avg: 0.40)
Length (states) of path with itp non-trivial itp:        28 (count: 5, min: 1, max: 13, avg: 5.60)
Length (states) of path with itp 'false':                 0 (count: 5, min: 0, max: 0, avg: 0.00)
Different non-trivial interpolants along paths:          23 (count: 5, min: 0, max: 12, avg: 4.60)
Equal non-trivial interpolants along paths:               0 (count: 5, min: 0, max: 0, avg: 0.00)
Number of refs with location-based cutoff:                0

CEGAR algorithm statistics
--------------------------
Number of refinements:                5
Number of successful refinements:     5
Number of failed refinements:         0
Max. size of reached set before ref.: 4139
Max. size of reached set after ref.:  15
Avg. size of reached set before ref.: 1577.00
Avg. size of reached set after ref.:  7.80

Total time for CEGAR algorithm:      26.196s
Time for refinements:                 2.175s
Average time for refinement:          0.435s
Max time for refinement:              1.698s

Code Coverage
-----------------------------
  Function coverage:      0.400
  Visited lines:          554
  Total lines:            585
  Line coverage:          0.947
  Visited conditions:     190
  Total conditions:       198
  Condition coverage:     0.960

CPAchecker general statistics
-----------------------------
Number of program locations:     717
Number of CFA edges:             813
Number of relevant variables:    33
Number of functions:             5
Number of loops:                 1
Size of reached set:             15379
  Number of reached locations:   380 (53%)
    Avg states per location:     40
    Max states per location:     42 (at node N37)
  Number of reached functions:   2 (40%)
  Number of partitions:          15338
    Avg size of partitions:      1
    Max size of partitions:      42 (with key [N92 (before lines 1140-1700), Function ssl3_accept called from node N34, stack depth 2 [6ce2e079], stack [main, ssl3_accept]])
  Number of target states:       0
  Size of final wait list        7

Time for analysis setup:          3.581s
  Time for loading CPAs:          0.852s
  Time for loading parser:        0.665s
  Time for CFA construction:      1.896s
    Time for parsing file(s):     0.639s
    Time for AST to CFA:          0.539s
    Time for CFA sanity check:    0.128s
    Time for post-processing:     0.399s
      Time for var class.:        0.187s
Time for Analysis:               26.196s
CPU time for analysis:           26.200s
Total time for CPAchecker:       29.785s
Total CPU time for CPAchecker:   29.780s
Time for statistics:              0.409s

Time for Garbage Collector:       0.397s (in 25 runs)
Garbage Collector(s) used:    Copy, MarkSweepCompact
Used heap memory:                 74MB (    71 MiB) max;     47MB (    45 MiB) avg;     79MB (    75 MiB) peak
Used non-heap memory:             37MB (    35 MiB) max;     33MB (    32 MiB) avg;     37MB (    35 MiB) peak
Allocated heap memory:           127MB (   121 MiB) max;    127MB (   121 MiB) avg
Allocated non-heap memory:        39MB (    37 MiB) max;     36MB (    34 MiB) avg
Total process virtual memory:   8086MB (  7712 MiB) max;   8075MB (  7701 MiB) avg

Verification result: UNKNOWN, incomplete analysis.
More details about the verification run can be found in the directory "./output".
