scripts/cpa.sh -Dy-MySearchStrategy-PredAbs-ABElf -heap 5600000000 -timelimit 30 -preprocess -stats -noout -setprop cpa.predicate.memoryAllocationsAlwaysSucceed=true -spec ../sv-benchmarks/c/ReachSafety.prp ../sv-benchmarks/c/product-lines/elevator_spec1_product09_true-unreach-call_true-termination.cil.c


--------------------------------------------------------------------------------


Running CPAchecker with Java heap of size 5600000000.
Running CPAchecker with default stack size (1024k). Specify a larger value with -stack if needed.
Running CPAchecker with the following extra VM options:  -Djava.io.tmpdir=/tmp/BenchExec_run_5fgu7159/tmp
Using the following resource limits: CPU-time limit of 30s (ResourceLimitChecker.fromConfiguration, INFO)

CPAchecker (unknown version) (OpenJDK 64-Bit Server VM 1.8.0_151) started (CPAchecker.run, INFO)

line 364: Dead code detected: return (retValue_acc); (CFACreationUtils.addEdgeToCFA, INFO)

line 410: Dead code detected: return (retValue_acc); (CFACreationUtils.addEdgeToCFA, INFO)

line 425: Dead code detected: return (retValue_acc); (CFACreationUtils.addEdgeToCFA, INFO)

line 448: Dead code detected: return (retValue_acc); (CFACreationUtils.addEdgeToCFA, INFO)

line 809: Dead code detected: return (retValue_acc); (CFACreationUtils.addEdgeToCFA, INFO)

line 1204: Dead code detected: return (retValue_acc); (CFACreationUtils.addEdgeToCFA, INFO)

line 1444: Dead code detected: return (retValue_acc); (CFACreationUtils.addEdgeToCFA, INFO)

line 1755: Dead code detected: return (retValue_acc); (CFACreationUtils.addEdgeToCFA, INFO)

line 1831: Dead code detected: return (retValue_acc); (CFACreationUtils.addEdgeToCFA, INFO)

line 1980: Dead code detected: return (retValue_acc); (CFACreationUtils.addEdgeToCFA, INFO)

line 1989: Dead code detected: return (retValue_acc); (CFACreationUtils.addEdgeToCFA, INFO)

line 2023: Dead code detected: return (retValue_acc); (CFACreationUtils.addEdgeToCFA, INFO)

line 2032: Dead code detected: return (retValue_acc); (CFACreationUtils.addEdgeToCFA, INFO)

line 2072: Dead code detected: return (retValue_acc); (CFACreationUtils.addEdgeToCFA, INFO)

line 2152: Dead code detected: return (retValue_acc); (CFACreationUtils.addEdgeToCFA, INFO)

line 2165: Dead code detected: return (retValue_acc); (CFACreationUtils.addEdgeToCFA, INFO)

line 2517: Dead code detected: return (retValue_acc); (CFACreationUtils.addEdgeToCFA, INFO)

line 2551: Dead code detected: return (retValue_acc); (CFACreationUtils.addEdgeToCFA, INFO)

line 2607: Dead code detected: return (retValue_acc); (CFACreationUtils.addEdgeToCFA, INFO)

line 2621: Dead code detected: return (retValue_acc); (CFACreationUtils.addEdgeToCFA, INFO)

line 3193: Dead code detected: return (retValue_acc); (CFACreationUtils.addEdgeToCFA, INFO)

line 3247: Dead code detected: return (retValue_acc); (CFACreationUtils.addEdgeToCFA, INFO)

line 3286: Dead code detected: return (retValue_acc); (CFACreationUtils.addEdgeToCFA, INFO)

line 3325: Dead code detected: return (retValue_acc); (CFACreationUtils.addEdgeToCFA, INFO)

line 201: Function pointer *__cil_tmp10 with type int (*)(int, int) is called, but no possible target functions were found. (CFunctionPointerResolver.replaceFunctionPointerCall, WARNING)

MathSAT5 is available for research and evaluation purposes only. It can not be used in a commercial environment, particularly as part of a commercial product, without written permission. MathSAT5 is provided as is, without any warranty. Please write to mathsat@fbk.eu for additional questions regarding licensing MathSAT5 or obtaining more up-to-date versions. (PredicateCPA:JavaSMT:Mathsat5SolverContext.<init>, WARNING)

Using predicate analysis with MathSAT5 version 5.3.14 (0b98b661254c) (Nov 17 2016 10:59:45, gmp 5.1.3, gcc 4.8.5, 64-bit) and JFactory 1.21. (PredicateCPA:PredicateCPA.<init>, INFO)

Using refinement for predicate analysis with PredicateAbstractionRefinementStrategy strategy. (PredicateCPA:PredicateCPARefiner.<init>, INFO)

Starting analysis ... (CPAchecker.runAlgorithm, INFO)

Warning: Analysis interrupted (The CPU-time limit of 30s has elapsed.) (ShutdownNotifier.shutdownIfNecessary, WARNING)

PredicateCPA statistics
-----------------------
Number of abstractions:            5972 (3% of all post computations)
  Times abstraction was reused:    0
  Because of function entry/exit:  5968 (100%)
  Because of loop head:            3 (0%)
  Because of join nodes:           0 (0%)
  Because of threshold:            0 (0%)
  Because of target state:         1 (0%)
  Times precision was empty:       5797 (97%)
  Times precision was {false}:     134 (2%)
  Times result was cached:         16 (0%)
  Times cartesian abs was used:    0 (0%)
  Times boolean abs was used:      25 (0%)
  Times result was 'false':        41 (1%)
Number of strengthen sat checks:   0
Number of coverage checks:         78717
  BDD entailment checks:           919
Number of SMT sat checks:          0
  trivial:                         0
  cached:                          0

Max ABE block size:                       57
Number of predicates discovered:          3
Number of abstraction locations:          33
Max number of predicates per location:    2
Avg number of predicates per location:    1
Total predicates per abstraction:         179
Max number of predicates per abstraction: 2
Avg number of predicates per abstraction: 1.13
Number of irrelevant predicates:          137 (77%)
Number of preds handled by boolean abs:   26 (15%)
  Total number of models for allsat:      27
  Max number of models for allsat:        2
  Avg number of models for allsat:        1.08

Time for post operator:                 10.545s
  Time for path formula creation:       10.242s
Time for strengthen operator:            0.349s
Time for prec operator:                  1.341s
  Time for abstraction:                  0.742s (Max:     0.018s, Count: 5972)
    Boolean abstraction:                 0.045s
    Solving time:                        0.157s (Max:     0.012s)
    Model enumeration time:              0.003s
    Time for BDD construction:           0.000s (Max:     0.000s)
Time for merge operator:                 2.230s
Time for coverage check:                 0.050s
  Time for BDD entailment checks:        0.029s
Total time for SMT solver (w/o itp):     0.160s

Number of path formula cache hits:   12163 (7%)

Inside post operator:                  
  Inside path formula creation:        
    Time for path formula computation:     8.989s

Total number of created targets for pointer analysis: 0


Number of BDD nodes:                               203
Size of BDD node table:                            270749
Size of BDD cache:                                 27073
Size of BDD node cleanup queue:                          61 (count: 7585, min: 0, max: 57, avg: 0.01)
Time for BDD node cleanup:                             0.033s
Time for BDD garbage collection:                       0.000s (in 0 runs)

PrecisionBootstrap statistics
-----------------------------
Init. function predicates:                         0
Init. global predicates:                           0
Init. location predicates:                         0

Invariant Generation statistics
-------------------------------

AutomatonAnalysis (SVCOMP) statistics
-------------------------------------
Number of states:                                  1
Total time for successor computation:                  0.845s
  Time for transition matches:                         0.363s
  Time for transition assertions:                      0.000s
  Time for transition actions:                         0.000s
Automaton transfers with branching:                0
Automaton transfer successors:                       176837 (count: 176837, min: 1, max: 1, avg: 1.00) [1 x 176837]

CPA algorithm statistics
------------------------
Number of iterations:            133685
Max size of waitlist:            27
Average size of waitlist:        14
Number of computed successors:   173565
Max successors for one state:    2
Number of times merged:          38899
Number of times stopped:         39816
Number of times breaked:         1

Total time for CPA algorithm:        25.111s (Max:    16.772s)
  Time for choose from waitlist:      0.280s
  Time for precision adjustment:      3.784s
  Time for transfer relation:        14.856s
  Time for merge operator:            3.464s
  Time for stop operator:             0.664s
  Time for adding to reached set:     0.664s

Predicate-Abstraction Refiner statistics
----------------------------------------
Number of predicate refinements:                   1
Avg. length of target path (in blocks):                  57 (count: 1, min: 57, max: 57, avg: 57.00)
Number of infeasible sliced prefixes:                     0 (count: 0, min: 0, max: 0, avg: 0.00)

Time for refinement:                                   0.635s
  Counterexample analysis:                             0.076s (Max:     0.076s, Calls: 1)
    Refinement sat check:                              0.034s
    Interpolant computation:                           0.000s
  Path-formulas extraction:                            0.000s
  Error path post-processing:                          0.000s
  Predicate creation:                                  0.029s
  Precision update:                                    0.001s
  ARG update:                                          0.523s

Length of refined path (in blocks):                      39 (count: 1, min: 39, max: 39, avg: 39.00)
Number of affected states:                               38 (count: 1, min: 38, max: 38, avg: 38.00)
Length (states) of path with itp 'true':                  0 (count: 1, min: 0, max: 0, avg: 0.00)
Length (states) of path with itp non-trivial itp:        38 (count: 1, min: 38, max: 38, avg: 38.00)
Length (states) of path with itp 'false':                 1 (count: 1, min: 1, max: 1, avg: 1.00)
Different non-trivial interpolants along paths:           1 (count: 1, min: 1, max: 1, avg: 1.00)
Equal non-trivial interpolants along paths:              36 (count: 1, min: 36, max: 36, avg: 36.00)
Number of refs with location-based cutoff:                0

CEGAR algorithm statistics
--------------------------
Number of refinements:                1
Number of successful refinements:     1
Number of failed refinements:         0
Max. size of reached set before ref.: 73312
Max. size of reached set after ref.:  3
Avg. size of reached set before ref.: 73312.00
Avg. size of reached set after ref.:  3.00

Total time for CEGAR algorithm:      25.898s
Time for refinements:                 0.784s
Average time for refinement:          0.784s
Max time for refinement:              0.784s

Code Coverage
-----------------------------
  Function coverage:      0.571
  Visited lines:          978
  Total lines:            1684
  Line coverage:          0.581
  Visited conditions:     584
  Total conditions:       750
  Condition coverage:     0.779

CPAchecker general statistics
-----------------------------
Number of program locations:     2210
Number of CFA edges:             2696
Number of relevant variables:    284
Number of functions:             70
Number of loops:                 9
Size of reached set:             60399
  Number of reached locations:   1109 (50%)
    Avg states per location:     54
    Max states per location:     235 (at node N906)
  Number of reached functions:   40 (57%)
  Number of partitions:          60397
    Avg size of partitions:      1
    Max size of partitions:      2 (with key [N2185 (before line 2740), Function timeShift called from node N433, stack depth 5 [fe2eaf8], stack [main, runTest, test, cleanup, timeShift]])
  Number of target states:       0
  Size of final wait list        19

Time for analysis setup:          3.909s
  Time for loading CPAs:          0.790s
  Time for loading parser:        0.637s
  Time for CFA construction:      2.288s
    Time for parsing file(s):     0.624s
    Time for AST to CFA:          0.682s
    Time for CFA sanity check:    0.248s
    Time for post-processing:     0.585s
      Time for var class.:        0.332s
Time for Analysis:               25.898s
CPU time for analysis:           25.900s
Total time for CPAchecker:       29.811s
Total CPU time for CPAchecker:   29.800s
Time for statistics:              0.993s

Time for Garbage Collector:       2.301s (in 55 runs)
Garbage Collector(s) used:    Copy, MarkSweepCompact
Used heap memory:                195MB (   186 MiB) max;     84MB (    80 MiB) avg;    227MB (   217 MiB) peak
Used non-heap memory:             36MB (    34 MiB) max;     32MB (    31 MiB) avg;     37MB (    35 MiB) peak
Allocated heap memory:           265MB (   253 MiB) max;    154MB (   147 MiB) avg
Allocated non-heap memory:        38MB (    36 MiB) max;     35MB (    33 MiB) avg
Total process virtual memory:   8087MB (  7712 MiB) max;   8074MB (  7700 MiB) avg

Verification result: UNKNOWN, incomplete analysis.
More details about the verification run can be found in the directory "./output".
