scripts/cpa.sh -Dy-MySearchStrategy-PredAbs-ABElf -heap 5600000000 -timelimit 900 -preprocess -stats -noout -setprop cpa.predicate.memoryAllocationsAlwaysSucceed=true -spec ../sv-benchmarks/c/ReachSafety.prp ../sv-benchmarks/c/ldv-linux-3.4-simple/43_1a_cilled_true-unreach-call_ok_nondet_linux-43_1a-drivers--input--touchscreen--ad7879-spi_false-termination.ko-ldv_main0_sequence_infinite_withcheck_stateful.cil.out.c


--------------------------------------------------------------------------------


Running CPAchecker with Java heap of size 5600000000.
Running CPAchecker with default stack size (1024k). Specify a larger value with -stack if needed.
Running CPAchecker with the following extra VM options:  -Djava.io.tmpdir=/tmp/BenchExec_run__kfptvc1/tmp
Using the following resource limits: CPU-time limit of 900s (ResourceLimitChecker.fromConfiguration, INFO)

CPAchecker (unknown version) (OpenJDK 64-Bit Server VM 1.8.0_151) started (CPAchecker.run, INFO)

Dead code detected: Label switch_break is not reachable. (CFAFunctionBuilder.leave, INFO)

MathSAT5 is available for research and evaluation purposes only. It can not be used in a commercial environment, particularly as part of a commercial product, without written permission. MathSAT5 is provided as is, without any warranty. Please write to mathsat@fbk.eu for additional questions regarding licensing MathSAT5 or obtaining more up-to-date versions. (PredicateCPA:JavaSMT:Mathsat5SolverContext.<init>, WARNING)

Using predicate analysis with MathSAT5 version 5.3.14 (0b98b661254c) (Nov 17 2016 10:59:45, gmp 5.1.3, gcc 4.8.5, 64-bit) and JFactory 1.21. (PredicateCPA:PredicateCPA.<init>, INFO)

Using refinement for predicate analysis with PredicateAbstractionRefinementStrategy strategy. (PredicateCPA:PredicateCPARefiner.<init>, INFO)

Starting analysis ... (CPAchecker.runAlgorithm, INFO)

Assuming external function ldv_initialize to be a constant function. (PredicateCPA:ExpressionToFormulaVisitor.visit, INFO)

Assuming external function ldv_check_final_state to be a constant function. (PredicateCPA:ExpressionToFormulaVisitor.visit, INFO)

Assuming external function spi_setup to be a pure function. (PredicateCPA:ExpressionToFormulaVisitor.visit, INFO)

Assuming external function ad7879_probe to be a pure function. (PredicateCPA:ExpressionToFormulaVisitor.visit, INFO)

Assuming external function __dynamic_dev_dbg to be a pure function. (PredicateCPA:ExpressionToFormulaVisitor.visit, INFO)

Assuming external function dev_err to be a pure function. (PredicateCPA:ExpressionToFormulaVisitor.visit, INFO)

Assuming external function ldv_check_return_value to be a pure function. (PredicateCPA:ExpressionToFormulaVisitor.visit, INFO)

Assuming external function dev_set_drvdata to be a pure function. (PredicateCPA:ExpressionToFormulaVisitor.visit, INFO)

Assuming external function memset to be a pure function. (PredicateCPA:ExpressionToFormulaVisitor.visit, INFO)

Assuming external function __list_add to be a pure function. (PredicateCPA:ExpressionToFormulaVisitor.visit, INFO)

Assuming external function spi_sync to be a pure function. (PredicateCPA:ExpressionToFormulaVisitor.visit, INFO)

Stopping analysis ... (CPAchecker.runAlgorithm, INFO)

PredicateCPA statistics
-----------------------
Number of abstractions:            3162 (9% of all post computations)
  Times abstraction was reused:    0
  Because of function entry/exit:  2814 (89%)
  Because of loop head:            335 (11%)
  Because of join nodes:           0 (0%)
  Because of threshold:            0 (0%)
  Because of target state:         13 (0%)
  Times precision was empty:       1686 (53%)
  Times precision was {false}:     168 (5%)
  Times result was cached:         1244 (39%)
  Times cartesian abs was used:    0 (0%)
  Times boolean abs was used:      64 (2%)
  Times result was 'false':        41 (1%)
Number of strengthen sat checks:   0
Number of coverage checks:         2066
  BDD entailment checks:           574
Number of SMT sat checks:          0
  trivial:                         0
  cached:                          0

Max ABE block size:                       59
Number of predicates discovered:          2
Number of abstraction locations:          39
Max number of predicates per location:    1
Avg number of predicates per location:    1
Total predicates per abstraction:         1476
Max number of predicates per abstraction: 1
Avg number of predicates per abstraction: 6.36
Number of irrelevant predicates:          819 (55%)
Number of preds handled by boolean abs:   64 (4%)
  Total number of models for allsat:      67
  Max number of models for allsat:        2
  Avg number of models for allsat:        1.05

Time for post operator:                  1.714s
  Time for path formula creation:        1.682s
Time for strengthen operator:            0.069s
Time for prec operator:                  0.912s
  Time for abstraction:                  0.837s (Max:     0.014s, Count: 3162)
    Boolean abstraction:                 0.110s
    Solving time:                        0.185s (Max:     0.010s)
    Model enumeration time:              0.003s
    Time for BDD construction:           0.014s (Max:     0.007s)
Time for merge operator:                 0.113s
Time for coverage check:                 0.025s
  Time for BDD entailment checks:        0.025s
Total time for SMT solver (w/o itp):     0.188s

Number of path formula cache hits:   23217 (63%)

Inside post operator:                  
  Inside path formula creation:        
    Time for path formula computation:     1.615s

Total number of created targets for pointer analysis: 286
   Number of created targets for uf: *unsigned_short_int is 97


Number of BDD nodes:                               202
Size of BDD node table:                            270749
Size of BDD cache:                                 27073
Size of BDD node cleanup queue:                         121 (count: 3490, min: 0, max: 32, avg: 0.03)
Time for BDD node cleanup:                             0.001s
Time for BDD garbage collection:                       0.000s (in 0 runs)

PrecisionBootstrap statistics
-----------------------------
Init. function predicates:                         0
Init. global predicates:                           0
Init. location predicates:                         0

Invariant Generation statistics
-------------------------------

AutomatonAnalysis (SVCOMP) statistics
-------------------------------------
Number of states:                                  1
Total time for successor computation:                  0.193s
Automaton transfers with branching:                0
Automaton transfer successors:                        34573 (count: 34573, min: 1, max: 1, avg: 1.00) [1 x 34573]

CPA algorithm statistics
------------------------
Number of iterations:            12217
Max size of waitlist:            17
Average size of waitlist:        8
Number of computed successors:   13481
Max successors for one state:    2
Number of times merged:          746
Number of times stopped:         1170
Number of times breaked:         13

Total time for CPA algorithm:         4.324s (Max:     0.879s)
  Time for choose from waitlist:      0.017s
  Time for precision adjustment:      1.162s
  Time for transfer relation:         2.587s
  Time for merge operator:            0.198s
  Time for stop operator:             0.102s
  Time for adding to reached set:     0.058s

Predicate-Abstraction Refiner statistics
----------------------------------------
Number of predicate refinements:                   13
Avg. length of target path (in blocks):                 235 (count: 13, min: 9, max: 34, avg: 18.08)
Number of infeasible sliced prefixes:                     0 (count: 0, min: 0, max: 0, avg: 0.00)

Time for refinement:                                   0.251s
  Counterexample analysis:                             0.114s (Max:     0.018s, Calls: 13)
    Refinement sat check:                              0.079s
    Interpolant computation:                           0.000s
  Path-formulas extraction:                            0.000s
  Error path post-processing:                          0.000s
  Predicate creation:                                  0.023s
  Precision update:                                    0.018s
  ARG update:                                          0.079s

Length of refined path (in blocks):                     222 (count: 13, min: 8, max: 33, avg: 17.08)
Number of affected states:                              209 (count: 13, min: 7, max: 32, avg: 16.08)
Length (states) of path with itp 'true':                  0 (count: 13, min: 0, max: 0, avg: 0.00)
Length (states) of path with itp non-trivial itp:       209 (count: 13, min: 7, max: 32, avg: 16.08)
Length (states) of path with itp 'false':                13 (count: 13, min: 1, max: 1, avg: 1.00)
Different non-trivial interpolants along paths:           0 (count: 13, min: 0, max: 0, avg: 0.00)
Equal non-trivial interpolants along paths:             196 (count: 13, min: 6, max: 31, avg: 15.08)
Number of refs with location-based cutoff:                0

CEGAR algorithm statistics
--------------------------
Number of refinements:                13
Number of successful refinements:     13
Number of failed refinements:         0
Max. size of reached set before ref.: 1122
Max. size of reached set after ref.:  3
Avg. size of reached set before ref.: 912.31
Avg. size of reached set after ref.:  3.00

Total time for CEGAR algorithm:       4.631s
Time for refinements:                 0.305s
Average time for refinement:          0.023s
Max time for refinement:              0.084s

Code Coverage
-----------------------------
  Function coverage:      0.696
  Visited lines:          953
  Total lines:            977
  Line coverage:          0.975
  Visited conditions:     44
  Total conditions:       52
  Condition coverage:     0.846

CPAchecker general statistics
-----------------------------
Number of program locations:     1097
Number of CFA edges:             1125
Number of relevant variables:    186
Number of functions:             23
Number of loops:                 2
Size of reached set:             450
  Number of reached locations:   180 (16%)
    Avg states per location:     2
    Max states per location:     8 (at node N10)
  Number of reached functions:   16 (70%)
  Number of partitions:          450
    Avg size of partitions:      1
    Max size of partitions:      1
  Number of target states:       0

Time for analysis setup:          2.726s
  Time for loading CPAs:          0.623s
  Time for loading parser:        0.444s
  Time for CFA construction:      1.504s
    Time for parsing file(s):     0.493s
    Time for AST to CFA:          0.467s
    Time for CFA sanity check:    0.106s
    Time for post-processing:     0.335s
      Time for var class.:        0.142s
Time for Analysis:                4.631s
CPU time for analysis:            4.630s
Time for analyzing result:        0.000s
Total time for CPAchecker:        7.359s
Total CPU time for CPAchecker:    7.360s
Time for statistics:              0.058s

Time for Garbage Collector:       0.156s (in 11 runs)
Garbage Collector(s) used:    Copy, MarkSweepCompact
Used heap memory:                 64MB (    61 MiB) max;     39MB (    37 MiB) avg;     67MB (    64 MiB) peak
Used non-heap memory:             36MB (    34 MiB) max;     29MB (    28 MiB) avg;     36MB (    34 MiB) peak
Allocated heap memory:           127MB (   121 MiB) max;    127MB (   121 MiB) avg
Allocated non-heap memory:        37MB (    36 MiB) max;     31MB (    30 MiB) avg
Total process virtual memory:   8018MB (  7647 MiB) max;   7994MB (  7623 MiB) avg

Verification result: TRUE. No property violation found by chosen configuration.
More details about the verification run can be found in the directory "./output".
