scripts/cpa.sh -Dy-MySearchStrategy-PredAbs-ABElf -heap 5600000000 -timelimit 30 -preprocess -stats -noout -setprop cpa.predicate.memoryAllocationsAlwaysSucceed=true -spec ../sv-benchmarks/c/ReachSafety.prp ../sv-benchmarks/c/product-lines/elevator_spec3_product17_true-unreach-call_true-termination.cil.c


--------------------------------------------------------------------------------


Running CPAchecker with Java heap of size 5600000000.
Running CPAchecker with default stack size (1024k). Specify a larger value with -stack if needed.
Running CPAchecker with the following extra VM options:  -Djava.io.tmpdir=/tmp/BenchExec_run_sinmmyyz/tmp
Using the following resource limits: CPU-time limit of 30s (ResourceLimitChecker.fromConfiguration, INFO)

CPAchecker (unknown version) (OpenJDK 64-Bit Server VM 1.8.0_151) started (CPAchecker.run, INFO)

line 473: Dead code detected: return (retValue_acc); (CFACreationUtils.addEdgeToCFA, INFO)

line 709: Dead code detected: return (retValue_acc); (CFACreationUtils.addEdgeToCFA, INFO)

line 1020: Dead code detected: return (retValue_acc); (CFACreationUtils.addEdgeToCFA, INFO)

line 1340: Dead code detected: return (retValue_acc); (CFACreationUtils.addEdgeToCFA, INFO)

line 1386: Dead code detected: return (retValue_acc); (CFACreationUtils.addEdgeToCFA, INFO)

line 1464: Dead code detected: return (retValue_acc); (CFACreationUtils.addEdgeToCFA, INFO)

line 1617: Dead code detected: return (retValue_acc); (CFACreationUtils.addEdgeToCFA, INFO)

line 1626: Dead code detected: return (retValue_acc); (CFACreationUtils.addEdgeToCFA, INFO)

line 1660: Dead code detected: return (retValue_acc); (CFACreationUtils.addEdgeToCFA, INFO)

line 1669: Dead code detected: return (retValue_acc); (CFACreationUtils.addEdgeToCFA, INFO)

line 1709: Dead code detected: return (retValue_acc); (CFACreationUtils.addEdgeToCFA, INFO)

line 1789: Dead code detected: return (retValue_acc); (CFACreationUtils.addEdgeToCFA, INFO)

line 1802: Dead code detected: return (retValue_acc); (CFACreationUtils.addEdgeToCFA, INFO)

line 2154: Dead code detected: return (retValue_acc); (CFACreationUtils.addEdgeToCFA, INFO)

line 2188: Dead code detected: return (retValue_acc); (CFACreationUtils.addEdgeToCFA, INFO)

line 2244: Dead code detected: return (retValue_acc); (CFACreationUtils.addEdgeToCFA, INFO)

line 2258: Dead code detected: return (retValue_acc); (CFACreationUtils.addEdgeToCFA, INFO)

line 2831: Dead code detected: return (retValue_acc); (CFACreationUtils.addEdgeToCFA, INFO)

line 3182: Dead code detected: return (retValue_acc); (CFACreationUtils.addEdgeToCFA, INFO)

line 3222: Dead code detected: return (retValue_acc); (CFACreationUtils.addEdgeToCFA, INFO)

line 3261: Dead code detected: return (retValue_acc); (CFACreationUtils.addEdgeToCFA, INFO)

line 3300: Dead code detected: return (retValue_acc); (CFACreationUtils.addEdgeToCFA, INFO)

line 3312: Dead code detected: return (retValue_acc); (CFACreationUtils.addEdgeToCFA, INFO)

line 3335: Dead code detected: return (retValue_acc); (CFACreationUtils.addEdgeToCFA, INFO)

line 1177: Function pointer *__cil_tmp10 with type int (*)(int, int) is called, but no possible target functions were found. (CFunctionPointerResolver.replaceFunctionPointerCall, WARNING)

MathSAT5 is available for research and evaluation purposes only. It can not be used in a commercial environment, particularly as part of a commercial product, without written permission. MathSAT5 is provided as is, without any warranty. Please write to mathsat@fbk.eu for additional questions regarding licensing MathSAT5 or obtaining more up-to-date versions. (PredicateCPA:JavaSMT:Mathsat5SolverContext.<init>, WARNING)

Using predicate analysis with MathSAT5 version 5.3.14 (0b98b661254c) (Nov 17 2016 10:59:45, gmp 5.1.3, gcc 4.8.5, 64-bit) and JFactory 1.21. (PredicateCPA:PredicateCPA.<init>, INFO)

Using refinement for predicate analysis with PredicateAbstractionRefinementStrategy strategy. (PredicateCPA:PredicateCPARefiner.<init>, INFO)

Starting analysis ... (CPAchecker.runAlgorithm, INFO)

Shutdown requested (The CPU-time limit of 30s has elapsed.), waiting for termination. (ForceTerminationOnShutdown$1.shutdownRequested, WARNING)

Warning: Analysis interrupted (The CPU-time limit of 30s has elapsed.) (ShutdownNotifier.shutdownIfNecessary, WARNING)

PredicateCPA statistics
-----------------------
Number of abstractions:            9724 (3% of all post computations)
  Times abstraction was reused:    0
  Because of function entry/exit:  9711 (100%)
  Because of loop head:            0 (0%)
  Because of join nodes:           0 (0%)
  Because of threshold:            0 (0%)
  Because of target state:         13 (0%)
  Times precision was empty:       7282 (75%)
  Times precision was {false}:     125 (1%)
  Times result was cached:         2144 (22%)
  Times cartesian abs was used:    0 (0%)
  Times boolean abs was used:      173 (2%)
  Times result was 'false':        520 (5%)
Number of strengthen sat checks:   0
Number of coverage checks:         147903
  BDD entailment checks:           2267
Number of SMT sat checks:          0
  trivial:                         0
  cached:                          0

Max ABE block size:                       53
Number of predicates discovered:          5
Number of abstraction locations:          46
Max number of predicates per location:    4
Avg number of predicates per location:    1
Total predicates per abstraction:         6148
Max number of predicates per abstraction: 4
Avg number of predicates per abstraction: 20.63
Number of irrelevant predicates:          4051 (66%)
Number of preds handled by boolean abs:   297 (5%)
  Total number of models for allsat:      261
  Max number of models for allsat:        6
  Avg number of models for allsat:        1.51

Time for post operator:                  6.212s
  Time for path formula creation:        5.849s
Time for strengthen operator:            0.536s
Time for prec operator:                  2.771s
  Time for abstraction:                  2.059s (Max:     0.047s, Count: 9724)
    Boolean abstraction:                 0.336s
    Solving time:                        0.318s (Max:     0.013s)
    Model enumeration time:              0.022s
    Time for BDD construction:           0.033s (Max:     0.011s)
Time for merge operator:                 1.338s
Time for coverage check:                 0.106s
  Time for BDD entailment checks:        0.088s
Total time for SMT solver (w/o itp):     0.340s

Number of path formula cache hits:   377679 (93%)

Inside post operator:                  
  Inside path formula creation:        
    Time for path formula computation:     3.323s

Total number of created targets for pointer analysis: 0


Number of BDD nodes:                               241
Size of BDD node table:                            270749
Size of BDD cache:                                 27073
Size of BDD node cleanup queue:                         401 (count: 11442, min: 0, max: 85, avg: 0.04)
Time for BDD node cleanup:                             0.023s
Time for BDD garbage collection:                       0.000s (in 0 runs)

PrecisionBootstrap statistics
-----------------------------
Init. function predicates:                         0
Init. global predicates:                           0
Init. location predicates:                         0

Invariant Generation statistics
-------------------------------

AutomatonAnalysis (SVCOMP) statistics
-------------------------------------
Number of states:                                  1
Total time for successor computation:                  0.804s
  Time for transition matches:                         0.353s
  Time for transition assertions:                      0.000s
  Time for transition actions:                         0.000s
Automaton transfers with branching:                0
Automaton transfer successors:                       330415 (count: 330415, min: 1, max: 1, avg: 1.00) [1 x 330415]

CPA algorithm statistics
------------------------
Number of iterations:            248107
Max size of waitlist:            109
Average size of waitlist:        60
Number of computed successors:   324154
Max successors for one state:    2
Number of times merged:          72818
Number of times stopped:         74469
Number of times breaked:         13

Total time for CPA algorithm:        24.215s (Max:     6.427s)
  Time for choose from waitlist:      0.273s
  Time for precision adjustment:      5.894s
  Time for transfer relation:        11.745s
  Time for merge operator:            3.000s
  Time for stop operator:             0.823s
  Time for adding to reached set:     0.860s

Predicate-Abstraction Refiner statistics
----------------------------------------
Number of predicate refinements:                   13
Avg. length of target path (in blocks):                 643 (count: 13, min: 43, max: 55, avg: 49.46)
Number of infeasible sliced prefixes:                     0 (count: 0, min: 0, max: 0, avg: 0.00)

Time for refinement:                                   1.471s
  Counterexample analysis:                             0.457s (Max:     0.056s, Calls: 13)
    Refinement sat check:                              0.250s
    Interpolant computation:                           0.000s
  Path-formulas extraction:                            0.001s
  Error path post-processing:                          0.000s
  Predicate creation:                                  0.026s
  Precision update:                                    0.005s
  ARG update:                                          0.966s

Length of refined path (in blocks):                     599 (count: 13, min: 35, max: 52, avg: 46.08)
Number of affected states:                              286 (count: 13, min: 16, max: 34, avg: 22.00)
Length (states) of path with itp 'true':                300 (count: 13, min: 0, max: 25, avg: 23.08)
Length (states) of path with itp non-trivial itp:       286 (count: 13, min: 16, max: 34, avg: 22.00)
Length (states) of path with itp 'false':                13 (count: 13, min: 1, max: 1, avg: 1.00)
Different non-trivial interpolants along paths:           1 (count: 13, min: 0, max: 1, avg: 0.08)
Equal non-trivial interpolants along paths:             272 (count: 13, min: 15, max: 32, avg: 20.92)
Number of refs with location-based cutoff:                0

CEGAR algorithm statistics
--------------------------
Number of refinements:                13
Number of successful refinements:     13
Number of failed refinements:         0
Max. size of reached set before ref.: 20000
Max. size of reached set after ref.:  199
Avg. size of reached set before ref.: 19295.69
Avg. size of reached set after ref.:  183.92

Total time for CEGAR algorithm:      26.258s
Time for refinements:                 2.043s
Average time for refinement:          0.157s
Max time for refinement:              0.276s

Code Coverage
-----------------------------
  Function coverage:      0.290
  Visited lines:          340
  Total lines:            1693
  Line coverage:          0.201
  Visited conditions:     142
  Total conditions:       748
  Condition coverage:     0.190

CPAchecker general statistics
-----------------------------
Number of program locations:     2215
Number of CFA edges:             2708
Number of relevant variables:    284
Number of functions:             69
Number of loops:                 9
Size of reached set:             711
  Number of reached locations:   293 (13%)
    Avg states per location:     2
    Max states per location:     19 (at node N1286)
  Number of reached functions:   20 (29%)
  Number of partitions:          710
    Avg size of partitions:      1
    Max size of partitions:      2 (with key [N1931 (before line 2376), Function timeShift called from node N2360, stack depth 5 [786de0a3], stack [main, runTest, test, threeTS, timeShift]])
  Number of target states:       0
  Size of final wait list        5

Time for analysis setup:          4.022s
  Time for loading CPAs:          0.808s
  Time for loading parser:        0.642s
  Time for CFA construction:      2.359s
    Time for parsing file(s):     0.702s
    Time for AST to CFA:          0.664s
    Time for CFA sanity check:    0.247s
    Time for post-processing:     0.564s
      Time for var class.:        0.306s
Time for Analysis:               26.259s
CPU time for analysis:           26.260s
Total time for CPAchecker:       30.284s
Total CPU time for CPAchecker:   30.280s
Time for statistics:              0.134s

Time for Garbage Collector:       2.016s (in 85 runs)
Garbage Collector(s) used:    Copy, MarkSweepCompact
Used heap memory:                125MB (   119 MiB) max;     65MB (    62 MiB) avg;    128MB (   122 MiB) peak
Used non-heap memory:             36MB (    34 MiB) max;     32MB (    31 MiB) avg;     37MB (    35 MiB) peak
Allocated heap memory:           127MB (   121 MiB) max;    127MB (   121 MiB) avg
Allocated non-heap memory:        38MB (    36 MiB) max;     35MB (    33 MiB) avg
Total process virtual memory:   8086MB (  7712 MiB) max;   8075MB (  7701 MiB) avg

Verification result: UNKNOWN, incomplete analysis.
More details about the verification run can be found in the directory "./output".
