scripts/cpa.sh -Dy-MySearchStrategy-PredAbs-ABElf -heap 5600000000 -timelimit 900 -preprocess -stats -noout -setprop cpa.predicate.memoryAllocationsAlwaysSucceed=true -spec ../sv-benchmarks/c/ReachSafety.prp ../sv-benchmarks/c/product-lines/elevator_spec3_product17_true-unreach-call_true-termination.cil.c


--------------------------------------------------------------------------------


Running CPAchecker with Java heap of size 5600000000.
Running CPAchecker with default stack size (1024k). Specify a larger value with -stack if needed.
Running CPAchecker with the following extra VM options:  -Djava.io.tmpdir=/tmp/BenchExec_run_krj61gvk/tmp
Using the following resource limits: CPU-time limit of 900s (ResourceLimitChecker.fromConfiguration, INFO)

CPAchecker (unknown version) (OpenJDK 64-Bit Server VM 1.8.0_151) started (CPAchecker.run, INFO)

line 473: Dead code detected: return (retValue_acc); (CFACreationUtils.addEdgeToCFA, INFO)

line 709: Dead code detected: return (retValue_acc); (CFACreationUtils.addEdgeToCFA, INFO)

line 1020: Dead code detected: return (retValue_acc); (CFACreationUtils.addEdgeToCFA, INFO)

line 1340: Dead code detected: return (retValue_acc); (CFACreationUtils.addEdgeToCFA, INFO)

line 1386: Dead code detected: return (retValue_acc); (CFACreationUtils.addEdgeToCFA, INFO)

line 1464: Dead code detected: return (retValue_acc); (CFACreationUtils.addEdgeToCFA, INFO)

line 1617: Dead code detected: return (retValue_acc); (CFACreationUtils.addEdgeToCFA, INFO)

line 1626: Dead code detected: return (retValue_acc); (CFACreationUtils.addEdgeToCFA, INFO)

line 1660: Dead code detected: return (retValue_acc); (CFACreationUtils.addEdgeToCFA, INFO)

line 1669: Dead code detected: return (retValue_acc); (CFACreationUtils.addEdgeToCFA, INFO)

line 1709: Dead code detected: return (retValue_acc); (CFACreationUtils.addEdgeToCFA, INFO)

line 1789: Dead code detected: return (retValue_acc); (CFACreationUtils.addEdgeToCFA, INFO)

line 1802: Dead code detected: return (retValue_acc); (CFACreationUtils.addEdgeToCFA, INFO)

line 2154: Dead code detected: return (retValue_acc); (CFACreationUtils.addEdgeToCFA, INFO)

line 2188: Dead code detected: return (retValue_acc); (CFACreationUtils.addEdgeToCFA, INFO)

line 2244: Dead code detected: return (retValue_acc); (CFACreationUtils.addEdgeToCFA, INFO)

line 2258: Dead code detected: return (retValue_acc); (CFACreationUtils.addEdgeToCFA, INFO)

line 2831: Dead code detected: return (retValue_acc); (CFACreationUtils.addEdgeToCFA, INFO)

line 3182: Dead code detected: return (retValue_acc); (CFACreationUtils.addEdgeToCFA, INFO)

line 3222: Dead code detected: return (retValue_acc); (CFACreationUtils.addEdgeToCFA, INFO)

line 3261: Dead code detected: return (retValue_acc); (CFACreationUtils.addEdgeToCFA, INFO)

line 3300: Dead code detected: return (retValue_acc); (CFACreationUtils.addEdgeToCFA, INFO)

line 3312: Dead code detected: return (retValue_acc); (CFACreationUtils.addEdgeToCFA, INFO)

line 3335: Dead code detected: return (retValue_acc); (CFACreationUtils.addEdgeToCFA, INFO)

line 1177: Function pointer *__cil_tmp10 with type int (*)(int, int) is called, but no possible target functions were found. (CFunctionPointerResolver.replaceFunctionPointerCall, WARNING)

MathSAT5 is available for research and evaluation purposes only. It can not be used in a commercial environment, particularly as part of a commercial product, without written permission. MathSAT5 is provided as is, without any warranty. Please write to mathsat@fbk.eu for additional questions regarding licensing MathSAT5 or obtaining more up-to-date versions. (PredicateCPA:JavaSMT:Mathsat5SolverContext.<init>, WARNING)

Using predicate analysis with MathSAT5 version 5.3.14 (0b98b661254c) (Nov 17 2016 10:59:45, gmp 5.1.3, gcc 4.8.5, 64-bit) and JFactory 1.21. (PredicateCPA:PredicateCPA.<init>, INFO)

Using refinement for predicate analysis with PredicateAbstractionRefinementStrategy strategy. (PredicateCPA:PredicateCPARefiner.<init>, INFO)

Starting analysis ... (CPAchecker.runAlgorithm, INFO)

Shutdown requested (The CPU-time limit of 900s has elapsed.), waiting for termination. (ForceTerminationOnShutdown$1.shutdownRequested, WARNING)

Warning: Analysis interrupted (The CPU-time limit of 900s has elapsed.) (ShutdownNotifier.shutdownIfNecessary, WARNING)

PredicateCPA statistics
-----------------------
Number of abstractions:            609365 (4% of all post computations)
  Times abstraction was reused:    0
  Because of function entry/exit:  608818 (100%)
  Because of loop head:            0 (0%)
  Because of join nodes:           0 (0%)
  Because of threshold:            0 (0%)
  Because of target state:         547 (0%)
  Times precision was empty:       106280 (17%)
  Times precision was {false}:     892 (0%)
  Times result was cached:         480183 (79%)
  Times cartesian abs was used:    0 (0%)
  Times boolean abs was used:      22010 (4%)
  Times result was 'false':        68653 (11%)
Number of strengthen sat checks:   0
Number of coverage checks:         7031135
  BDD entailment checks:           207551
Number of SMT sat checks:          0
  trivial:                         0
  cached:                          0

Max ABE block size:                       53
Number of predicates discovered:          64
Number of abstraction locations:          125
Max number of predicates per location:    31
Avg number of predicates per location:    9
Total predicates per abstraction:         4970235
Max number of predicates per abstraction: 32
Avg number of predicates per abstraction: 217.02
Number of irrelevant predicates:          1888183 (38%)
Number of preds handled by boolean abs:   194550 (4%)
  Total number of models for allsat:      171223
  Max number of models for allsat:        1344
  Avg number of models for allsat:        7.78

Time for post operator:                148.104s
  Time for path formula creation:      140.054s
Time for strengthen operator:           11.809s
Time for prec operator:                304.969s
  Time for abstraction:                282.134s (Max:     1.380s, Count: 609365)
    Boolean abstraction:                52.858s
    Solving time:                       31.232s (Max:     0.093s)
    Model enumeration time:             13.330s
    Time for BDD construction:           5.464s (Max:     0.090s)
Time for merge operator:                34.544s
Time for coverage check:                 0.949s
  Time for BDD entailment checks:        0.329s
Total time for SMT solver (w/o itp):    44.562s

Number of path formula cache hits:   17867773 (92%)

Inside post operator:                  
  Inside path formula creation:        
    Time for path formula computation:    49.752s

Total number of created targets for pointer analysis: 0


Number of BDD nodes:                               201770
Size of BDD node table:                            270749
Size of BDD cache:                                 27073
Size of BDD node cleanup queue:                      106563 (count: 494422, min: 0, max: 4812, avg: 0.22)
Time for BDD node cleanup:                             0.114s
Time for BDD garbage collection:                       0.038s (in 1 runs)

PrecisionBootstrap statistics
-----------------------------
Init. function predicates:                         0
Init. global predicates:                           0
Init. location predicates:                         0

Invariant Generation statistics
-------------------------------

AutomatonAnalysis (SVCOMP) statistics
-------------------------------------
Number of states:                                  1
Total time for successor computation:                 22.832s
  Time for transition matches:                        12.145s
  Time for transition assertions:                      0.002s
  Time for transition actions:                         0.003s
Automaton transfers with branching:                0
Automaton transfer successors:                     15828323 (count: 15828323, min: 1, max: 1, avg: 1.00) [1 x 15828323]

CPA algorithm statistics
------------------------
Number of iterations:            11902221
Max size of waitlist:            1055
Average size of waitlist:        231
Number of computed successors:   15484276
Max successors for one state:    2
Number of times merged:          3411792
Number of times stopped:         3468782
Number of times breaked:         547

Total time for CPA algorithm:       824.426s (Max:    17.915s)
  Time for choose from waitlist:      4.993s
  Time for precision adjustment:    397.396s
  Time for transfer relation:       283.062s
  Time for merge operator:           71.328s
  Time for stop operator:            14.410s
  Time for adding to reached set:    21.989s

Predicate-Abstraction Refiner statistics
----------------------------------------
Number of predicate refinements:                   547
Avg. length of target path (in blocks):               36473 (count: 547, min: 43, max: 115, avg: 66.68)
Number of infeasible sliced prefixes:                     0 (count: 0, min: 0, max: 0, avg: 0.00)

Time for refinement:                                  45.824s
  Counterexample analysis:                            18.737s (Max:     0.088s, Calls: 547)
    Refinement sat check:                             11.242s
    Interpolant computation:                           0.000s
  Path-formulas extraction:                            0.034s
  Error path post-processing:                          0.000s
  Predicate creation:                                  0.153s
  Precision update:                                    0.400s
  ARG update:                                         26.084s

Length of refined path (in blocks):                   34080 (count: 547, min: 30, max: 114, avg: 62.30)
Number of affected states:                            10348 (count: 547, min: 2, max: 102, avg: 18.92)
Length (states) of path with itp 'true':              23185 (count: 547, min: 0, max: 79, avg: 42.39)
Length (states) of path with itp non-trivial itp:     10348 (count: 547, min: 2, max: 102, avg: 18.92)
Length (states) of path with itp 'false':               547 (count: 547, min: 1, max: 1, avg: 1.00)
Different non-trivial interpolants along paths:         695 (count: 547, min: 0, max: 10, avg: 1.27)
Equal non-trivial interpolants along paths:            9106 (count: 547, min: 1, max: 100, avg: 16.65)
Number of refs with location-based cutoff:                0

CEGAR algorithm statistics
--------------------------
Number of refinements:                547
Number of successful refinements:     547
Number of failed refinements:         0
Max. size of reached set before ref.: 214478
Max. size of reached set after ref.:  180412
Avg. size of reached set before ref.: 41530.90
Avg. size of reached set after ref.:  19836.40

Total time for CEGAR algorithm:     895.929s
Time for refinements:                62.366s
Average time for refinement:          0.114s
Max time for refinement:              0.700s

Code Coverage
-----------------------------
  Function coverage:      0.551
  Visited lines:          937
  Total lines:            1693
  Line coverage:          0.553
  Visited conditions:     546
  Total conditions:       748
  Condition coverage:     0.730

CPAchecker general statistics
-----------------------------
Number of program locations:     2215
Number of CFA edges:             2708
Number of relevant variables:    284
Number of functions:             69
Number of loops:                 9
Size of reached set:             79948
  Number of reached locations:   1029 (46%)
    Avg states per location:     77
    Max states per location:     397 (at node N2585)
  Number of reached functions:   38 (55%)
  Number of partitions:          79807
    Avg size of partitions:      1
    Max size of partitions:      10 (with key [N1932 (before line 2378), Function timeShift called from node N2361, stack depth 5 [766e87ba], stack [main, runTest, test, threeTS, timeShift]])
  Number of target states:       0
  Size of final wait list        340

Time for analysis setup:          4.292s
  Time for loading CPAs:          0.864s
  Time for loading parser:        0.763s
  Time for CFA construction:      2.441s
    Time for parsing file(s):     0.745s
    Time for AST to CFA:          0.686s
    Time for CFA sanity check:    0.253s
    Time for post-processing:     0.547s
      Time for var class.:        0.297s
Time for Analysis:              895.929s
CPU time for analysis:          895.850s
Total time for CPAchecker:      900.226s
Total CPU time for CPAchecker:  900.140s
Time for statistics:              1.145s

Time for Garbage Collector:     113.305s (in 1437 runs)
Garbage Collector(s) used:    Copy, MarkSweepCompact
Used heap memory:               1473MB (  1405 MiB) max;    576MB (   549 MiB) avg;   1506MB (  1436 MiB) peak
Used non-heap memory:             37MB (    35 MiB) max;     36MB (    34 MiB) avg;     38MB (    36 MiB) peak
Allocated heap memory:          1497MB (  1427 MiB) max;    833MB (   794 MiB) avg
Allocated non-heap memory:        38MB (    37 MiB) max;     38MB (    36 MiB) avg
Total process virtual memory:   8561MB (  8165 MiB) max;   8336MB (  7950 MiB) avg

Verification result: UNKNOWN, incomplete analysis.
More details about the verification run can be found in the directory "./output".
