scripts/cpa.sh -Dy-MySearchStrategy-PredAbs-ABEl -heap 5600000000 -timelimit 900 -preprocess -stats -noout -setprop cpa.predicate.memoryAllocationsAlwaysSucceed=true -spec ../sv-benchmarks/c/ReachSafety.prp ../sv-benchmarks/c/ldv-consumption/32_7a_cilled_true-unreach-call_linux-3.8-rc1-drivers--hwmon--w83781d.ko-main.cil.out.c


--------------------------------------------------------------------------------


Running CPAchecker with Java heap of size 5600000000.
Running CPAchecker with default stack size (1024k). Specify a larger value with -stack if needed.
Running CPAchecker with the following extra VM options:  -Djava.io.tmpdir=/tmp/BenchExec_run_mjozrh0a/tmp
Using the following resource limits: CPU-time limit of 900s (ResourceLimitChecker.fromConfiguration, INFO)

CPAchecker (unknown version) (OpenJDK 64-Bit Server VM 1.8.0_162) started (CPAchecker.run, INFO)

line 7822: Dead code detected: return (ldv_func_res); (CFACreationUtils.addEdgeToCFA, INFO)

line 2360: Function pointer *(adap->algo->functionality) with type u32 (*)(struct i2c_adapter *) is called, but no possible target functions were found. (CFunctionPointerResolver.replaceFunctionPointerCall, WARNING)

MathSAT5 is available for research and evaluation purposes only. It can not be used in a commercial environment, particularly as part of a commercial product, without written permission. MathSAT5 is provided as is, without any warranty. Please write to mathsat@fbk.eu for additional questions regarding licensing MathSAT5 or obtaining more up-to-date versions. (PredicateCPA:JavaSMT:Mathsat5SolverContext.<init>, WARNING)

Using predicate analysis with MathSAT5 version 5.3.14 (0b98b661254c) (Nov 17 2016 10:59:45, gmp 5.1.3, gcc 4.8.5, 64-bit) and JFactory 1.21. (PredicateCPA:PredicateCPA.<init>, INFO)

Using refinement for predicate analysis with PredicateAbstractionRefinementStrategy strategy. (PredicateCPA:PredicateCPARefiner.<init>, INFO)

Starting analysis ... (CPAchecker.runAlgorithm, INFO)

Assuming external function dev_get_drvdata to be a pure function. (PredicateCPA:ExpressionToFormulaVisitor.visit, INFO)

Assuming external function mutex_lock to be a pure function. (PredicateCPA:ExpressionToFormulaVisitor.visit, INFO)

Assuming external function __dynamic_dev_dbg to be a pure function. (PredicateCPA:ExpressionToFormulaVisitor.visit, INFO)

Assuming external function mutex_unlock to be a pure function. (PredicateCPA:ExpressionToFormulaVisitor.visit, INFO)

Assuming external function kstrtoull to be a pure function. (PredicateCPA:ExpressionToFormulaVisitor.visit, INFO)

Assuming external function i2c_smbus_write_byte_data to be a pure function. (PredicateCPA:ExpressionToFormulaVisitor.visit, INFO)

Assuming external function i2c_smbus_read_word_data to be a pure function. (PredicateCPA:ExpressionToFormulaVisitor.visit, INFO)

Assuming external function i2c_smbus_read_byte_data to be a pure function. (PredicateCPA:ExpressionToFormulaVisitor.visit, INFO)

Assuming external function dev_err to be a pure function. (PredicateCPA:ExpressionToFormulaVisitor.visit, INFO)

Assuming external function dev_warn to be a pure function. (PredicateCPA:ExpressionToFormulaVisitor.visit, INFO)

Assuming external function kstrtoll to be a pure function. (PredicateCPA:ExpressionToFormulaVisitor.visit, INFO)

Assuming external function i2c_register_driver to be a pure function. (PredicateCPA:ExpressionToFormulaVisitor.visit, INFO)

Assuming external function i2c_del_driver to be a pure function. (PredicateCPA:ExpressionToFormulaVisitor.visit, INFO)

Assuming external function hwmon_device_unregister to be a pure function. (PredicateCPA:ExpressionToFormulaVisitor.visit, INFO)

Assuming external function sysfs_remove_group to be a pure function. (PredicateCPA:ExpressionToFormulaVisitor.visit, INFO)

Assuming external function i2c_unregister_device to be a pure function. (PredicateCPA:ExpressionToFormulaVisitor.visit, INFO)

Assuming external function devm_kzalloc to be a pure function. (PredicateCPA:ExpressionToFormulaVisitor.visit, INFO)

Assuming external function dev_set_drvdata to be a pure function. (PredicateCPA:ExpressionToFormulaVisitor.visit, INFO)

Assuming external function __mutex_init to be a pure function. (PredicateCPA:ExpressionToFormulaVisitor.visit, INFO)

Assuming external function _dev_info to be a pure function. (PredicateCPA:ExpressionToFormulaVisitor.visit, INFO)

line 2360: Ignoring function call through function pointer *(adap->algo->functionality): tmp = (*(adap->algo->functionality))(adap); (PredicateCPA:ExpressionToFormulaVisitor.visit, WARNING)

Assuming external function strlcpy to be a pure function. (PredicateCPA:ExpressionToFormulaVisitor.visit, INFO)

Assuming external function i2c_new_dummy to be a pure function. (PredicateCPA:ExpressionToFormulaVisitor.visit, INFO)

Assuming external function sysfs_create_group to be a pure function. (PredicateCPA:ExpressionToFormulaVisitor.visit, INFO)

Assuming external function sysfs_chmod_file to be a pure function. (PredicateCPA:ExpressionToFormulaVisitor.visit, INFO)

Assuming external function device_create_file to be a pure function. (PredicateCPA:ExpressionToFormulaVisitor.visit, INFO)

Assuming external function hwmon_device_register to be a pure function. (PredicateCPA:ExpressionToFormulaVisitor.visit, INFO)

Shutdown requested (The CPU-time limit of 900s has elapsed.), waiting for termination. (ForceTerminationOnShutdown$1.shutdownRequested, WARNING)

Warning: Analysis interrupted (The CPU-time limit of 900s has elapsed.) (ShutdownNotifier.shutdownIfNecessary, WARNING)

PredicateCPA statistics
-----------------------
Number of abstractions:            82629 (2% of all post computations)
  Times abstraction was reused:    0
  Because of function entry/exit:  0 (0%)
  Because of loop head:            10608 (13%)
  Because of join nodes:           0 (0%)
  Because of threshold:            0 (0%)
  Because of target state:         72021 (87%)
  Times precision was empty:       974 (1%)
  Times precision was {false}:     71722 (87%)
  Times result was cached:         9473 (11%)
  Times cartesian abs was used:    0 (0%)
  Times boolean abs was used:      460 (1%)
  Times result was 'false':        76747 (93%)
Number of strengthen sat checks:   0
Number of coverage checks:         577276
  BDD entailment checks:           526
Number of SMT sat checks:          0
  trivial:                         0
  cached:                          0

Max ABE block size:                       768
Number of predicates discovered:          101
Number of abstraction locations:          9
Max number of predicates per location:    96
Avg number of predicates per location:    13
Total predicates per abstraction:         95985
Max number of predicates per abstraction: 96
Avg number of predicates per abstraction: 1.33
Number of irrelevant predicates:          84521 (88%)
Number of preds handled by boolean abs:   10035 (10%)
  Total number of models for allsat:      573
  Max number of models for allsat:        4
  Avg number of models for allsat:        1.25

Time for post operator:                 61.876s
  Time for path formula creation:       59.147s
Time for strengthen operator:            4.658s
Time for prec operator:                614.422s
  Time for abstraction:                610.539s (Max:     6.001s, Count: 82629)
    Boolean abstraction:               276.167s
    Solving time:                      306.672s (Max:     2.786s)
    Model enumeration time:            124.119s
    Time for BDD construction:           0.111s (Max:     0.006s)
Time for merge operator:                11.893s
Time for coverage check:                 0.058s
  Time for BDD entailment checks:        0.007s
Total time for SMT solver (w/o itp):   430.791s

Number of path formula cache hits:   4398052 (95%)

Inside post operator:                  
  Inside path formula creation:        
    Time for path formula computation:    23.512s

Total number of created targets for pointer analysis: 69152
   Number of created targets for uf: *unsigned_short_int is 226
   Number of created targets for uf: *unsigned_char is 181
   Number of created targets for uf: *signed_long_int is 253
   Number of created targets for uf: *unsigned_long_int is 17251


Number of BDD nodes:                               14978
Size of BDD node table:                            270749
Size of BDD cache:                                 27073
Size of BDD node cleanup queue:                       47049 (count: 449410, min: 0, max: 935, avg: 0.10)
Time for BDD node cleanup:                             0.070s
Time for BDD garbage collection:                       0.000s (in 0 runs)

PrecisionBootstrap statistics
-----------------------------
Init. function predicates:                         0
Init. global predicates:                           0
Init. location predicates:                         0

Invariant Generation statistics
-------------------------------

AutomatonAnalysis (SVCOMP) statistics
-------------------------------------
Number of states:                                  1
Total time for successor computation:                  9.256s
  Time for transition matches:                         4.277s
  Time for transition assertions:                      0.012s
  Time for transition actions:                         0.087s
Automaton transfers with branching:                0
Automaton transfer successors:                      4360718 (count: 4360718, min: 1, max: 1, avg: 1.00) [1 x 4360718]

CPA algorithm statistics
------------------------
Number of iterations:            3027674
Max size of waitlist:            108
Average size of waitlist:        72
Number of computed successors:   3398877
Max successors for one state:    2
Number of times merged:          288375
Number of times stopped:         288565
Number of times breaked:         245

Total time for CPA algorithm:       791.333s (Max:    27.108s)
  Time for choose from waitlist:      1.450s
  Time for precision adjustment:    637.432s
  Time for transfer relation:       116.275s
  Time for merge operator:           16.626s
  Time for stop operator:             3.853s
  Time for adding to reached set:     6.845s

Predicate-Abstraction Refiner statistics
----------------------------------------
Number of predicate refinements:                   245
Avg. length of target path (in blocks):                1057 (count: 245, min: 2, max: 9, avg: 4.31)
Number of infeasible sliced prefixes:                     0 (count: 0, min: 0, max: 0, avg: 0.00)

Time for refinement:                                  82.922s
  Counterexample analysis:                            74.655s (Max:     0.778s, Calls: 245)
    Refinement sat check:                             61.522s
    Interpolant computation:                           0.000s
  Path-formulas extraction:                            0.007s
  Error path post-processing:                          0.000s
  Predicate creation:                                  0.067s
  Precision update:                                    0.081s
  ARG update:                                          6.243s

Length of refined path (in blocks):                     966 (count: 245, min: 2, max: 9, avg: 3.94)
Number of affected states:                              395 (count: 245, min: 1, max: 5, avg: 1.61)
Length (states) of path with itp 'true':                326 (count: 245, min: 0, max: 7, avg: 1.33)
Length (states) of path with itp non-trivial itp:       395 (count: 245, min: 1, max: 5, avg: 1.61)
Length (states) of path with itp 'false':                91 (count: 245, min: 0, max: 1, avg: 0.37)
Different non-trivial interpolants along paths:          94 (count: 245, min: 0, max: 2, avg: 0.38)
Equal non-trivial interpolants along paths:              56 (count: 245, min: 0, max: 2, avg: 0.23)
Number of refs with location-based cutoff:                0

CEGAR algorithm statistics
--------------------------
Number of refinements:                245
Number of successful refinements:     245
Number of failed refinements:         0
Max. size of reached set before ref.: 69560
Max. size of reached set after ref.:  66442
Avg. size of reached set before ref.: 50139.56
Avg. size of reached set after ref.:  38038.65

Total time for CEGAR algorithm:     892.920s
Time for refinements:                93.431s
Average time for refinement:          0.381s
Max time for refinement:              1.419s

Code Coverage
-----------------------------
  Function coverage:      0.736
  Visited lines:          4093
  Total lines:            4373
  Line coverage:          0.936
  Visited conditions:     1374
  Total conditions:       1498
  Condition coverage:     0.917

CPAchecker general statistics
-----------------------------
Number of program locations:     5805
Number of CFA edges:             6836
Number of relevant variables:    928
Number of functions:             148
Number of loops:                 9
Size of reached set:             68842
  Number of reached locations:   3262 (56%)
    Avg states per location:     21
    Max states per location:     1596 (at node N4961)
  Number of reached functions:   109 (74%)
  Number of partitions:          68832
    Avg size of partitions:      1
    Max size of partitions:      7 (with key [N2146 (before line 5284), Function main called from node N1961, stack depth 1 [22ad1bae], stack [main]])
  Number of target states:       0
  Size of final wait list        96

Time for analysis setup:          7.334s
  Time for loading CPAs:          0.936s
  Time for loading parser:        0.717s
  Time for CFA construction:      5.551s
    Time for parsing file(s):     1.226s
    Time for AST to CFA:          1.600s
    Time for CFA sanity check:    0.530s
    Time for post-processing:     2.055s
      Time for var class.:        0.676s
Time for Analysis:              892.920s
CPU time for analysis:          892.880s
Total time for CPAchecker:      900.259s
Total CPU time for CPAchecker:  900.200s
Time for statistics:              0.994s

Time for Garbage Collector:      30.330s (in 1323 runs)
Garbage Collector(s) used:    Copy, MarkSweepCompact
Used heap memory:                270MB (   258 MiB) max;    135MB (   128 MiB) avg;    286MB (   272 MiB) peak
Used non-heap memory:             41MB (    39 MiB) max;     39MB (    37 MiB) avg;     42MB (    40 MiB) peak
Allocated heap memory:           351MB (   335 MiB) max;    197MB (   188 MiB) avg
Allocated non-heap memory:        44MB (    41 MiB) max;     43MB (    41 MiB) avg
Total process virtual memory:   9170MB (  8745 MiB) max;   8596MB (  8198 MiB) avg

Verification result: UNKNOWN, incomplete analysis.
More details about the verification run can be found in the directory "./output".
