scripts/cpa.sh -Dy-MySearchStrategy-PredAbs-ABElf -heap 5600000000 -timelimit 30 -preprocess -stats -noout -setprop cpa.predicate.memoryAllocationsAlwaysSucceed=true -spec ../sv-benchmarks/c/ReachSafety.prp ../sv-benchmarks/c/product-lines/minepump_spec2_product24_true-unreach-call_false-termination.cil.c


--------------------------------------------------------------------------------


Running CPAchecker with Java heap of size 5600000000.
Running CPAchecker with default stack size (1024k). Specify a larger value with -stack if needed.
Running CPAchecker with the following extra VM options:  -Djava.io.tmpdir=/tmp/BenchExec_run_2hcntfi7/tmp
Using the following resource limits: CPU-time limit of 30s (ResourceLimitChecker.fromConfiguration, INFO)

CPAchecker (unknown version) (OpenJDK 64-Bit Server VM 1.8.0_151) started (CPAchecker.run, INFO)

line 162: Dead code detected: return (retValue_acc); (CFACreationUtils.addEdgeToCFA, INFO)

line 171: Dead code detected: return (retValue_acc); (CFACreationUtils.addEdgeToCFA, INFO)

line 226: Dead code detected: return (retValue_acc); (CFACreationUtils.addEdgeToCFA, INFO)

line 641: Dead code detected: return (retValue_acc); (CFACreationUtils.addEdgeToCFA, INFO)

line 687: Dead code detected: return (retValue_acc); (CFACreationUtils.addEdgeToCFA, INFO)

line 702: Dead code detected: return (retValue_acc); (CFACreationUtils.addEdgeToCFA, INFO)

line 725: Dead code detected: return (retValue_acc); (CFACreationUtils.addEdgeToCFA, INFO)

line 823: Dead code detected: return (retValue_acc); (CFACreationUtils.addEdgeToCFA, INFO)

line 921: Dead code detected: return (retValue_acc); (CFACreationUtils.addEdgeToCFA, INFO)

line 953: Dead code detected: return (retValue_acc); (CFACreationUtils.addEdgeToCFA, INFO)

line 962: Dead code detected: return (retValue_acc); (CFACreationUtils.addEdgeToCFA, INFO)

line 478: Function pointer *__cil_tmp10 with type int (*)(int, int) is called, but no possible target functions were found. (CFunctionPointerResolver.replaceFunctionPointerCall, WARNING)

MathSAT5 is available for research and evaluation purposes only. It can not be used in a commercial environment, particularly as part of a commercial product, without written permission. MathSAT5 is provided as is, without any warranty. Please write to mathsat@fbk.eu for additional questions regarding licensing MathSAT5 or obtaining more up-to-date versions. (PredicateCPA:JavaSMT:Mathsat5SolverContext.<init>, WARNING)

Using predicate analysis with MathSAT5 version 5.3.14 (0b98b661254c) (Nov 17 2016 10:59:45, gmp 5.1.3, gcc 4.8.5, 64-bit) and JFactory 1.21. (PredicateCPA:PredicateCPA.<init>, INFO)

Using refinement for predicate analysis with PredicateAbstractionRefinementStrategy strategy. (PredicateCPA:PredicateCPARefiner.<init>, INFO)

Starting analysis ... (CPAchecker.runAlgorithm, INFO)

Stopping analysis ... (CPAchecker.runAlgorithm, INFO)

PredicateCPA statistics
-----------------------
Number of abstractions:            4157 (27% of all post computations)
  Times abstraction was reused:    0
  Because of function entry/exit:  4032 (97%)
  Because of loop head:            93 (2%)
  Because of join nodes:           0 (0%)
  Because of threshold:            0 (0%)
  Because of target state:         32 (1%)
  Times precision was empty:       689 (17%)
  Times precision was {false}:     112 (3%)
  Times result was cached:         2930 (70%)
  Times cartesian abs was used:    0 (0%)
  Times boolean abs was used:      426 (10%)
  Times result was 'false':        601 (14%)
Number of strengthen sat checks:   0
Number of coverage checks:         1296
  BDD entailment checks:           802
Number of SMT sat checks:          0
  trivial:                         0
  cached:                          0

Max ABE block size:                       9
Number of predicates discovered:          7
Number of abstraction locations:          44
Max number of predicates per location:    5
Avg number of predicates per location:    3
Total predicates per abstraction:         10365
Max number of predicates per abstraction: 5
Avg number of predicates per abstraction: 19.27
Number of irrelevant predicates:          2664 (26%)
Number of preds handled by boolean abs:   1049 (10%)
  Total number of models for allsat:      458
  Max number of models for allsat:        2
  Avg number of models for allsat:        1.08

Time for post operator:                  0.482s
  Time for path formula creation:        0.448s
Time for strengthen operator:            0.052s
Time for prec operator:                  2.135s
  Time for abstraction:                  2.035s (Max:     0.022s, Count: 4157)
    Boolean abstraction:                 0.421s
    Solving time:                        0.303s (Max:     0.013s)
    Model enumeration time:              0.047s
    Time for BDD construction:           0.057s (Max:     0.009s)
Time for merge operator:                 0.024s
Time for coverage check:                 0.019s
  Time for BDD entailment checks:        0.019s
Total time for SMT solver (w/o itp):     0.350s

Number of path formula cache hits:   14062 (77%)

Inside post operator:                  
  Inside path formula creation:        
    Time for path formula computation:     0.385s

Total number of created targets for pointer analysis: 0


Number of BDD nodes:                               302
Size of BDD node table:                            270749
Size of BDD cache:                                 27073
Size of BDD node cleanup queue:                         877 (count: 4759, min: 0, max: 339, avg: 0.18)
Time for BDD node cleanup:                             0.003s
Time for BDD garbage collection:                       0.000s (in 0 runs)

PrecisionBootstrap statistics
-----------------------------
Init. function predicates:                         0
Init. global predicates:                           0
Init. location predicates:                         0

Invariant Generation statistics
-------------------------------

AutomatonAnalysis (SVCOMP) statistics
-------------------------------------
Number of states:                                  1
Total time for successor computation:                  0.141s
Automaton transfers with branching:                0
Automaton transfer successors:                        15505 (count: 15505, min: 1, max: 1, avg: 1.00) [1 x 15505]

CPA algorithm statistics
------------------------
Number of iterations:            12263
Max size of waitlist:            18
Average size of waitlist:        6
Number of computed successors:   13679
Max successors for one state:    2
Number of times merged:          247
Number of times stopped:         587
Number of times breaked:         32

Total time for CPA algorithm:         3.989s (Max:     0.365s)
  Time for choose from waitlist:      0.061s
  Time for precision adjustment:      2.404s
  Time for transfer relation:         1.099s
  Time for merge operator:            0.046s
  Time for stop operator:             0.087s
  Time for adding to reached set:     0.110s

Predicate-Abstraction Refiner statistics
----------------------------------------
Number of predicate refinements:                   32
Avg. length of target path (in blocks):                1046 (count: 32, min: 21, max: 69, avg: 32.69)
Number of infeasible sliced prefixes:                     0 (count: 0, min: 0, max: 0, avg: 0.00)

Time for refinement:                                   0.358s
  Counterexample analysis:                             0.210s (Max:     0.017s, Calls: 32)
    Refinement sat check:                              0.099s
    Interpolant computation:                           0.000s
  Path-formulas extraction:                            0.000s
  Error path post-processing:                          0.000s
  Predicate creation:                                  0.041s
  Precision update:                                    0.023s
  ARG update:                                          0.058s

Length of refined path (in blocks):                     803 (count: 32, min: 15, max: 53, avg: 25.09)
Number of affected states:                              569 (count: 32, min: 2, max: 50, avg: 17.78)
Length (states) of path with itp 'true':                202 (count: 32, min: 0, max: 37, avg: 6.31)
Length (states) of path with itp non-trivial itp:       569 (count: 32, min: 2, max: 50, avg: 17.78)
Length (states) of path with itp 'false':                32 (count: 32, min: 1, max: 1, avg: 1.00)
Different non-trivial interpolants along paths:           5 (count: 32, min: 0, max: 1, avg: 0.16)
Equal non-trivial interpolants along paths:             532 (count: 32, min: 1, max: 48, avg: 16.63)
Number of refs with location-based cutoff:                0

CEGAR algorithm statistics
--------------------------
Number of refinements:                32
Number of successful refinements:     32
Number of failed refinements:         0
Max. size of reached set before ref.: 827
Max. size of reached set after ref.:  667
Avg. size of reached set before ref.: 444.50
Avg. size of reached set after ref.:  89.28

Total time for CEGAR algorithm:       4.453s
Time for refinements:                 0.446s
Average time for refinement:          0.013s
Max time for refinement:              0.047s

Code Coverage
-----------------------------
  Function coverage:      0.526
  Visited lines:          115
  Total lines:            439
  Line coverage:          0.262
  Visited conditions:     34
  Total conditions:       72
  Condition coverage:     0.472

CPAchecker general statistics
-----------------------------
Number of program locations:     632
Number of CFA edges:             681
Number of relevant variables:    113
Number of functions:             38
Number of loops:                 5
Size of reached set:             1125
  Number of reached locations:   156 (25%)
    Avg states per location:     7
    Max states per location:     33 (at node N0)
  Number of reached functions:   20 (53%)
  Number of partitions:          1102
    Avg size of partitions:      1
    Max size of partitions:      4 (with key [N11 (before line 76), Function timeShift called from node N147, stack depth 4 [69d58731], stack [main, runTest, test, timeShift]])
  Number of target states:       0

Time for analysis setup:          2.056s
  Time for loading CPAs:          0.521s
  Time for loading parser:        0.438s
  Time for CFA construction:      0.929s
    Time for parsing file(s):     0.336s
    Time for AST to CFA:          0.207s
    Time for CFA sanity check:    0.060s
    Time for post-processing:     0.208s
      Time for var class.:        0.082s
Time for Analysis:                4.453s
CPU time for analysis:            4.450s
Time for analyzing result:        0.001s
Total time for CPAchecker:        6.513s
Total CPU time for CPAchecker:    6.500s
Time for statistics:              0.087s

Time for Garbage Collector:       0.125s (in 11 runs)
Garbage Collector(s) used:    Copy, MarkSweepCompact
Used heap memory:                 59MB (    56 MiB) max;     36MB (    34 MiB) avg;     63MB (    60 MiB) peak
Used non-heap memory:             35MB (    34 MiB) max;     29MB (    28 MiB) avg;     36MB (    35 MiB) peak
Allocated heap memory:           127MB (   121 MiB) max;    127MB (   121 MiB) avg
Allocated non-heap memory:        37MB (    36 MiB) max;     31MB (    30 MiB) avg
Total process virtual memory:   8018MB (  7647 MiB) max;   7994MB (  7624 MiB) avg

Verification result: TRUE. No property violation found by chosen configuration.
More details about the verification run can be found in the directory "./output".
