scripts/cpa.sh -Dy-MySearchStrategy-PredAbs-ABElf -heap 5600000000 -timelimit 900 -preprocess -stats -noout -setprop cpa.predicate.memoryAllocationsAlwaysSucceed=true -spec ../sv-benchmarks/c/ReachSafety.prp ../sv-benchmarks/c/product-lines/minepump_spec4_product16_true-unreach-call_false-termination.cil.c


--------------------------------------------------------------------------------


Running CPAchecker with Java heap of size 5600000000.
Running CPAchecker with default stack size (1024k). Specify a larger value with -stack if needed.
Running CPAchecker with the following extra VM options:  -Djava.io.tmpdir=/tmp/BenchExec_run_d93yu2so/tmp
Using the following resource limits: CPU-time limit of 900s (ResourceLimitChecker.fromConfiguration, INFO)

CPAchecker (unknown version) (OpenJDK 64-Bit Server VM 1.8.0_151) started (CPAchecker.run, INFO)

line 51: Dead code detected: return (retValue_acc); (CFACreationUtils.addEdgeToCFA, INFO)

line 74: Dead code detected: return (retValue_acc); (CFACreationUtils.addEdgeToCFA, INFO)

line 394: Dead code detected: return (retValue_acc); (CFACreationUtils.addEdgeToCFA, INFO)

line 440: Dead code detected: return (retValue_acc); (CFACreationUtils.addEdgeToCFA, INFO)

line 494: Dead code detected: return (retValue_acc); (CFACreationUtils.addEdgeToCFA, INFO)

line 526: Dead code detected: return (retValue_acc); (CFACreationUtils.addEdgeToCFA, INFO)

line 625: Dead code detected: return (retValue_acc); (CFACreationUtils.addEdgeToCFA, INFO)

line 745: Dead code detected: return (retValue_acc); (CFACreationUtils.addEdgeToCFA, INFO)

line 754: Dead code detected: return (retValue_acc); (CFACreationUtils.addEdgeToCFA, INFO)

line 231: Function pointer *__cil_tmp10 with type int (*)(int, int) is called, but no possible target functions were found. (CFunctionPointerResolver.replaceFunctionPointerCall, WARNING)

MathSAT5 is available for research and evaluation purposes only. It can not be used in a commercial environment, particularly as part of a commercial product, without written permission. MathSAT5 is provided as is, without any warranty. Please write to mathsat@fbk.eu for additional questions regarding licensing MathSAT5 or obtaining more up-to-date versions. (PredicateCPA:JavaSMT:Mathsat5SolverContext.<init>, WARNING)

Using predicate analysis with MathSAT5 version 5.3.14 (0b98b661254c) (Nov 17 2016 10:59:45, gmp 5.1.3, gcc 4.8.5, 64-bit) and JFactory 1.21. (PredicateCPA:PredicateCPA.<init>, INFO)

Using refinement for predicate analysis with PredicateAbstractionRefinementStrategy strategy. (PredicateCPA:PredicateCPARefiner.<init>, INFO)

Starting analysis ... (CPAchecker.runAlgorithm, INFO)

Stopping analysis ... (CPAchecker.runAlgorithm, INFO)

PredicateCPA statistics
-----------------------
Number of abstractions:            2210 (28% of all post computations)
  Times abstraction was reused:    0
  Because of function entry/exit:  2133 (97%)
  Because of loop head:            55 (2%)
  Because of join nodes:           0 (0%)
  Because of threshold:            0 (0%)
  Because of target state:         22 (1%)
  Times precision was empty:       419 (19%)
  Times precision was {false}:     55 (2%)
  Times result was cached:         1558 (70%)
  Times cartesian abs was used:    0 (0%)
  Times boolean abs was used:      178 (8%)
  Times result was 'false':        316 (14%)
Number of strengthen sat checks:   0
Number of coverage checks:         366
  BDD entailment checks:           256
Number of SMT sat checks:          0
  trivial:                         0
  cached:                          0

Max ABE block size:                       9
Number of predicates discovered:          6
Number of abstraction locations:          39
Max number of predicates per location:    4
Avg number of predicates per location:    2
Total predicates per abstraction:         4486
Max number of predicates per abstraction: 4
Avg number of predicates per abstraction: 19.25
Number of irrelevant predicates:          1128 (25%)
Number of preds handled by boolean abs:   337 (8%)
  Total number of models for allsat:      205
  Max number of models for allsat:        2
  Avg number of models for allsat:        1.15

Time for post operator:                  0.334s
  Time for path formula creation:        0.318s
Time for strengthen operator:            0.017s
Time for prec operator:                  1.117s
  Time for abstraction:                  1.027s (Max:     0.019s, Count: 2210)
    Boolean abstraction:                 0.194s
    Solving time:                        0.141s (Max:     0.012s)
    Model enumeration time:              0.015s
    Time for BDD construction:           0.018s (Max:     0.006s)
Time for merge operator:                 0.009s
Time for coverage check:                 0.015s
  Time for BDD entailment checks:        0.014s
Total time for SMT solver (w/o itp):     0.156s

Number of path formula cache hits:   7425 (79%)

Inside post operator:                  
  Inside path formula creation:        
    Time for path formula computation:     0.294s

Total number of created targets for pointer analysis: 0


Number of BDD nodes:                               245
Size of BDD node table:                            270749
Size of BDD cache:                                 27073
Size of BDD node cleanup queue:                         407 (count: 2148, min: 0, max: 216, avg: 0.19)
Time for BDD node cleanup:                             0.012s
Time for BDD garbage collection:                       0.000s (in 0 runs)

PrecisionBootstrap statistics
-----------------------------
Init. function predicates:                         0
Init. global predicates:                           0
Init. location predicates:                         0

Invariant Generation statistics
-------------------------------

AutomatonAnalysis (SVCOMP) statistics
-------------------------------------
Number of states:                                  1
Total time for successor computation:                  0.130s
Automaton transfers with branching:                0
Automaton transfer successors:                         7955 (count: 7955, min: 1, max: 1, avg: 1.00) [1 x 7955]

CPA algorithm statistics
------------------------
Number of iterations:            6234
Max size of waitlist:            16
Average size of waitlist:        6
Number of computed successors:   6954
Max successors for one state:    2
Number of times merged:          55
Number of times stopped:         222
Number of times breaked:         22

Total time for CPA algorithm:         2.465s (Max:     0.255s)
  Time for choose from waitlist:      0.039s
  Time for precision adjustment:      1.364s
  Time for transfer relation:         0.803s
  Time for merge operator:            0.052s
  Time for stop operator:             0.053s
  Time for adding to reached set:     0.067s

Predicate-Abstraction Refiner statistics
----------------------------------------
Number of predicate refinements:                   22
Avg. length of target path (in blocks):                 618 (count: 22, min: 19, max: 46, avg: 28.09)
Number of infeasible sliced prefixes:                     0 (count: 0, min: 0, max: 0, avg: 0.00)

Time for refinement:                                   0.250s
  Counterexample analysis:                             0.136s (Max:     0.017s, Calls: 22)
    Refinement sat check:                              0.062s
    Interpolant computation:                           0.000s
  Path-formulas extraction:                            0.003s
  Error path post-processing:                          0.000s
  Predicate creation:                                  0.029s
  Precision update:                                    0.020s
  ARG update:                                          0.051s

Length of refined path (in blocks):                     470 (count: 22, min: 13, max: 43, avg: 21.36)
Number of affected states:                              422 (count: 22, min: 11, max: 42, avg: 19.18)
Length (states) of path with itp 'true':                 26 (count: 22, min: 0, max: 13, avg: 1.18)
Length (states) of path with itp non-trivial itp:       422 (count: 22, min: 11, max: 42, avg: 19.18)
Length (states) of path with itp 'false':                22 (count: 22, min: 1, max: 1, avg: 1.00)
Different non-trivial interpolants along paths:           5 (count: 22, min: 0, max: 1, avg: 0.23)
Equal non-trivial interpolants along paths:             395 (count: 22, min: 10, max: 40, avg: 17.95)
Number of refs with location-based cutoff:                0

CEGAR algorithm statistics
--------------------------
Number of refinements:                22
Number of successful refinements:     22
Number of failed refinements:         0
Max. size of reached set before ref.: 577
Max. size of reached set after ref.:  129
Avg. size of reached set before ref.: 268.82
Avg. size of reached set after ref.:  14.45

Total time for CEGAR algorithm:       2.766s
Time for refinements:                 0.297s
Average time for refinement:          0.013s
Max time for refinement:              0.041s

Code Coverage
-----------------------------
  Function coverage:      0.514
  Visited lines:          103
  Total lines:            416
  Line coverage:          0.248
  Visited conditions:     30
  Total conditions:       66
  Condition coverage:     0.455

CPAchecker general statistics
-----------------------------
Number of program locations:     594
Number of CFA edges:             639
Number of relevant variables:    108
Number of functions:             35
Number of loops:                 5
Size of reached set:             821
  Number of reached locations:   139 (23%)
    Avg states per location:     5
    Max states per location:     33 (at node N545)
  Number of reached functions:   18 (51%)
  Number of partitions:          811
    Avg size of partitions:      1
    Max size of partitions:      2 (with key [N569 (before lines 853-902), Function test called from node N421, stack depth 3 [772caabe], stack [main, runTest, test]])
  Number of target states:       0

Time for analysis setup:          2.350s
  Time for loading CPAs:          0.620s
  Time for loading parser:        0.530s
  Time for CFA construction:      1.094s
    Time for parsing file(s):     0.371s
    Time for AST to CFA:          0.308s
    Time for CFA sanity check:    0.073s
    Time for post-processing:     0.223s
      Time for var class.:        0.088s
Time for Analysis:                2.766s
CPU time for analysis:            2.760s
Time for analyzing result:        0.001s
Total time for CPAchecker:        5.120s
Total CPU time for CPAchecker:    5.110s
Time for statistics:              0.088s

Time for Garbage Collector:       0.096s (in 7 runs)
Garbage Collector(s) used:    Copy, MarkSweepCompact
Used heap memory:                 59MB (    56 MiB) max;     35MB (    34 MiB) avg;     62MB (    60 MiB) peak
Used non-heap memory:             34MB (    32 MiB) max;     26MB (    25 MiB) avg;     35MB (    33 MiB) peak
Allocated heap memory:           127MB (   121 MiB) max;    127MB (   121 MiB) avg
Allocated non-heap memory:        36MB (    34 MiB) max;     28MB (    27 MiB) avg
Total process virtual memory:   8084MB (  7710 MiB) max;   8041MB (  7668 MiB) avg

Verification result: TRUE. No property violation found by chosen configuration.
More details about the verification run can be found in the directory "./output".
